Optimization loop begin
Iteration 00
	total loss= 0.062266
Current scene parameters:
 	{'emitter-envmap.scale': [3.0], 'bsdf-diffuse.reflectance.value': [[0.18000000715255737, 0.18000000715255737, 0.18000000715255737]], 'object_bsdf.eta': [1.5499999523162842], 'object_bsdf.alpha.value': [0.4700008034706116], 'medium1.albedo.value.value': [[0.03999641537666321, 0.039997972548007965, 0.03999853879213333]], 'medium1.sigma_t.value.value': [0.9500026106834412], 'shape-plane.vertex_positions': [-5.791989326477051, 1.6361994743347168, 4.137889385223389, -6.134178638458252, 1.4884796142578125, .. 857 skipped .., 1.0732252597808838, -0.012071399949491024, 5.1473188400268555, 1.5426044464111328, -0.012071399949491024], 'PLYMesh.vertex_positions': [-0.10654518008232117, -0.28711727261543274, 1.1624749898910522, -0.18826353549957275, -0.33880600333213806, .. 107831 skipped .., -0.12597307562828064, 1.4806333780288696, -0.2866170406341553, -0.18464526534080505, 1.4728926420211792]}
Iteration 01
	total loss= 0.061214
Current scene parameters:
 	{'emitter-envmap.scale': [3.0], 'bsdf-diffuse.reflectance.value': [[0.18000000715255737, 0.18000000715255737, 0.18000000715255737]], 'object_bsdf.eta': [1.5499999523162842], 'object_bsdf.alpha.value': [0.4399680495262146], 'medium1.albedo.value.value': [[0.07001697272062302, 0.07003270834684372, 0.07003612816333771]], 'medium1.sigma_t.value.value': [0.919966459274292], 'shape-plane.vertex_positions': [-5.791989326477051, 1.6361994743347168, 4.137889385223389, -6.134178638458252, 1.4884796142578125, .. 857 skipped .., 1.0732252597808838, -0.012071399949491024, 5.1473188400268555, 1.5426044464111328, -0.012071399949491024], 'PLYMesh.vertex_positions': [-0.10654518008232117, -0.28711727261543274, 1.1624749898910522, -0.18826353549957275, -0.33880600333213806, .. 107831 skipped .., -0.12597307562828064, 1.4806333780288696, -0.2866170406341553, -0.18464526534080505, 1.4728926420211792]}
Iteration 02
	total loss= 0.060281
Current scene parameters:
 	{'emitter-envmap.scale': [3.0], 'bsdf-diffuse.reflectance.value': [[0.18000000715255737, 0.18000000715255737, 0.18000000715255737]], 'object_bsdf.eta': [1.5499999523162842], 'object_bsdf.alpha.value': [0.4098803997039795], 'medium1.albedo.value.value': [[0.10008572041988373, 0.10013151168823242, 0.1001414954662323]], 'medium1.sigma_t.value.value': [0.889878511428833], 'shape-plane.vertex_positions': [-5.791989326477051, 1.6361994743347168, 4.137889385223389, -6.134178638458252, 1.4884796142578125, .. 857 skipped .., 1.0732252597808838, -0.012071399949491024, 5.1473188400268555, 1.5426044464111328, -0.012071399949491024], 'PLYMesh.vertex_positions': [-0.10654518008232117, -0.28711727261543274, 1.1624749898910522, -0.18826353549957275, -0.33880600333213806, .. 107831 skipped .., -0.12597307562828064, 1.4806333780288696, -0.2866170406341553, -0.18464526534080505, 1.4728926420211792]}
Iteration 03
	total loss= 0.059269
Current scene parameters:
 	{'emitter-envmap.scale': [3.0], 'bsdf-diffuse.reflectance.value': [[0.18000000715255737, 0.18000000715255737, 0.18000000715255737]], 'object_bsdf.eta': [1.5499999523162842], 'object_bsdf.alpha.value': [0.37971532344818115], 'medium1.albedo.value.value': [[0.13023829460144043, 0.13032275438308716, 0.13033944368362427]], 'medium1.sigma_t.value.value': [0.8597039580345154], 'shape-plane.vertex_positions': [-5.791989326477051, 1.6361994743347168, 4.137889385223389, -6.134178638458252, 1.4884796142578125, .. 857 skipped .., 1.0732252597808838, -0.012071399949491024, 5.1473188400268555, 1.5426044464111328, -0.012071399949491024], 'PLYMesh.vertex_positions': [-0.10654518008232117, -0.28711727261543274, 1.1624749898910522, -0.18826353549957275, -0.33880600333213806, .. 107831 skipped .., -0.12597307562828064, 1.4806333780288696, -0.2866170406341553, -0.18464526534080505, 1.4728926420211792]}
Iteration 04
	total loss= 0.058083
Current scene parameters:
 	{'emitter-envmap.scale': [3.0], 'bsdf-diffuse.reflectance.value': [[0.18000000715255737, 0.18000000715255737, 0.18000000715255737]], 'object_bsdf.eta': [1.5499999523162842], 'object_bsdf.alpha.value': [0.3494473695755005], 'medium1.albedo.value.value': [[0.16049355268478394, 0.16063275933265686, 0.16065698862075806]], 'medium1.sigma_t.value.value': [0.8294238448143005], 'shape-plane.vertex_positions': [-5.791989326477051, 1.6361994743347168, 4.137889385223389, -6.134178638458252, 1.4884796142578125, .. 857 skipped .., 1.0732252597808838, -0.012071399949491024, 5.1473188400268555, 1.5426044464111328, -0.012071399949491024], 'PLYMesh.vertex_positions': [-0.10654518008232117, -0.28711727261543274, 1.1624749898910522, -0.18826353549957275, -0.33880600333213806, .. 107831 skipped .., -0.12597307562828064, 1.4806333780288696, -0.2866170406341553, -0.18464526534080505, 1.4728926420211792]}
Iteration 05
	total loss= 0.056823
Current scene parameters:
 	{'emitter-envmap.scale': [3.0], 'bsdf-diffuse.reflectance.value': [[0.18000000715255737, 0.18000000715255737, 0.18000000715255737]], 'object_bsdf.eta': [1.5499999523162842], 'object_bsdf.alpha.value': [0.31905674934387207], 'medium1.albedo.value.value': [[0.1908530741930008, 0.19108383357524872, 0.1911199986934662]], 'medium1.sigma_t.value.value': [0.7990251779556274], 'shape-plane.vertex_positions': [-5.791989326477051, 1.6361994743347168, 4.137889385223389, -6.134178638458252, 1.4884796142578125, .. 857 skipped .., 1.0732252597808838, -0.012071399949491024, 5.1473188400268555, 1.5426044464111328, -0.012071399949491024], 'PLYMesh.vertex_positions': [-0.10654518008232117, -0.28711727261543274, 1.1624749898910522, -0.18826353549957275, -0.33880600333213806, .. 107831 skipped .., -0.12597307562828064, 1.4806333780288696, -0.2866170406341553, -0.18464526534080505, 1.4728926420211792]}
Iteration 06
	total loss= 0.055319
Current scene parameters:
 	{'emitter-envmap.scale': [3.0], 'bsdf-diffuse.reflectance.value': [[0.18000000715255737, 0.18000000715255737, 0.18000000715255737]], 'object_bsdf.eta': [1.5499999523162842], 'object_bsdf.alpha.value': [0.2885279059410095], 'medium1.albedo.value.value': [[0.22133126854896545, 0.22169993817806244, 0.22175340354442596]], 'medium1.sigma_t.value.value': [0.7684768438339233], 'shape-plane.vertex_positions': [-5.791989326477051, 1.6361994743347168, 4.137889385223389, -6.134178638458252, 1.4884796142578125, .. 857 skipped .., 1.0732252597808838, -0.012071399949491024, 5.1473188400268555, 1.5426044464111328, -0.012071399949491024], 'PLYMesh.vertex_positions': [-0.10654518008232117, -0.28711727261543274, 1.1624749898910522, -0.18826353549957275, -0.33880600333213806, .. 107831 skipped .., -0.12597307562828064, 1.4806333780288696, -0.2866170406341553, -0.18464526534080505, 1.4728926420211792]}
Iteration 07
	total loss= 0.053787
Current scene parameters:
 	{'emitter-envmap.scale': [3.0], 'bsdf-diffuse.reflectance.value': [[0.18000000715255737, 0.18000000715255737, 0.18000000715255737]], 'object_bsdf.eta': [1.5499999523162842], 'object_bsdf.alpha.value': [0.2578134834766388], 'medium1.albedo.value.value': [[0.2519643008708954, 0.2525138556957245, 0.2525826394557953]], 'medium1.sigma_t.value.value': [0.7377553582191467], 'shape-plane.vertex_positions': [-5.791989326477051, 1.6361994743347168, 4.137889385223389, -6.134178638458252, 1.4884796142578125, .. 857 skipped .., 1.0732252597808838, -0.012071399949491024, 5.1473188400268555, 1.5426044464111328, -0.012071399949491024], 'PLYMesh.vertex_positions': [-0.10654518008232117, -0.28711727261543274, 1.1624749898910522, -0.18826353549957275, -0.33880600333213806, .. 107831 skipped .., -0.12597307562828064, 1.4806333780288696, -0.2866170406341553, -0.18464526534080505, 1.4728926420211792]}
Iteration 08
	total loss= 0.052224
Current scene parameters:
 	{'emitter-envmap.scale': [3.0], 'bsdf-diffuse.reflectance.value': [[0.18000000715255737, 0.18000000715255737, 0.18000000715255737]], 'object_bsdf.eta': [1.5499999523162842], 'object_bsdf.alpha.value': [0.226875901222229], 'medium1.albedo.value.value': [[0.28275275230407715, 0.28354495763778687, 0.2836311161518097]], 'medium1.sigma_t.value.value': [0.7068331241607666], 'shape-plane.vertex_positions': [-5.791989326477051, 1.6361994743347168, 4.137889385223389, -6.134178638458252, 1.4884796142578125, .. 857 skipped .., 1.0732252597808838, -0.012071399949491024, 5.1473188400268555, 1.5426044464111328, -0.012071399949491024], 'PLYMesh.vertex_positions': [-0.10654518008232117, -0.28711727261543274, 1.1624749898910522, -0.18826353549957275, -0.33880600333213806, .. 107831 skipped .., -0.12597307562828064, 1.4806333780288696, -0.2866170406341553, -0.18464526534080505, 1.4728926420211792]}
Iteration 09
	total loss= 0.050468
Current scene parameters:
 	{'emitter-envmap.scale': [3.0], 'bsdf-diffuse.reflectance.value': [[0.18000000715255737, 0.18000000715255737, 0.18000000715255737]], 'object_bsdf.eta': [1.5499999523162842], 'object_bsdf.alpha.value': [0.19569894671440125], 'medium1.albedo.value.value': [[0.31367653608322144, 0.31481367349624634, 0.3149207830429077]], 'medium1.sigma_t.value.value': [0.6757019758224487], 'shape-plane.vertex_positions': [-5.791989326477051, 1.6361994743347168, 4.137889385223389, -6.134178638458252, 1.4884796142578125, .. 857 skipped .., 1.0732252597808838, -0.012071399949491024, 5.1473188400268555, 1.5426044464111328, -0.012071399949491024], 'PLYMesh.vertex_positions': [-0.10654518008232117, -0.28711727261543274, 1.1624749898910522, -0.18826353549957275, -0.33880600333213806, .. 107831 skipped .., -0.12597307562828064, 1.4806333780288696, -0.2866170406341553, -0.18464526534080505, 1.4728926420211792]}
Iteration 10
	total loss= 0.048332
Current scene parameters:
 	{'emitter-envmap.scale': [3.0], 'bsdf-diffuse.reflectance.value': [[0.18000000715255737, 0.18000000715255737, 0.18000000715255737]], 'object_bsdf.eta': [1.5499999523162842], 'object_bsdf.alpha.value': [0.1642567217350006], 'medium1.albedo.value.value': [[0.3447093963623047, 0.34634238481521606, 0.3464721739292145]], 'medium1.sigma_t.value.value': [0.6443570852279663], 'shape-plane.vertex_positions': [-5.791989326477051, 1.6361994743347168, 4.137889385223389, -6.134178638458252, 1.4884796142578125, .. 857 skipped .., 1.0732252597808838, -0.012071399949491024, 5.1473188400268555, 1.5426044464111328, -0.012071399949491024], 'PLYMesh.vertex_positions': [-0.10654518008232117, -0.28711727261543274, 1.1624749898910522, -0.18826353549957275, -0.33880600333213806, .. 107831 skipped .., -0.12597307562828064, 1.4806333780288696, -0.2866170406341553, -0.18464526534080505, 1.4728926420211792]}
Iteration 11
	total loss= 0.045802
Current scene parameters:
 	{'emitter-envmap.scale': [3.0], 'bsdf-diffuse.reflectance.value': [[0.18000000715255737, 0.18000000715255737, 0.18000000715255737]], 'object_bsdf.eta': [1.5499999523162842], 'object_bsdf.alpha.value': [0.13251391053199768], 'medium1.albedo.value.value': [[0.3757690191268921, 0.37814852595329285, 0.37830573320388794]], 'medium1.sigma_t.value.value': [0.6127438545227051], 'shape-plane.vertex_positions': [-5.791989326477051, 1.6361994743347168, 4.137889385223389, -6.134178638458252, 1.4884796142578125, .. 857 skipped .., 1.0732252597808838, -0.012071399949491024, 5.1473188400268555, 1.5426044464111328, -0.012071399949491024], 'PLYMesh.vertex_positions': [-0.10654518008232117, -0.28711727261543274, 1.1624749898910522, -0.18826353549957275, -0.33880600333213806, .. 107831 skipped .., -0.12597307562828064, 1.4806333780288696, -0.2866170406341553, -0.18464526534080505, 1.4728926420211792]}
Iteration 12
	total loss= 0.043285
Current scene parameters:
 	{'emitter-envmap.scale': [3.0], 'bsdf-diffuse.reflectance.value': [[0.18000000715255737, 0.18000000715255737, 0.18000000715255737]], 'object_bsdf.eta': [1.5499999523162842], 'object_bsdf.alpha.value': [0.10045246034860611], 'medium1.albedo.value.value': [[0.40674862265586853, 0.41025516390800476, 0.4104379713535309]], 'medium1.sigma_t.value.value': [0.5808243751525879], 'shape-plane.vertex_positions': [-5.791989326477051, 1.6361994743347168, 4.137889385223389, -6.134178638458252, 1.4884796142578125, .. 857 skipped .., 1.0732252597808838, -0.012071399949491024, 5.1473188400268555, 1.5426044464111328, -0.012071399949491024], 'PLYMesh.vertex_positions': [-0.10654518008232117, -0.28711727261543274, 1.1624749898910522, -0.18826353549957275, -0.33880600333213806, .. 107831 skipped .., -0.12597307562828064, 1.4806333780288696, -0.2866170406341553, -0.18464526534080505, 1.4728926420211792]}
Iteration 13
	total loss= 0.040460
Current scene parameters:
 	{'emitter-envmap.scale': [3.0], 'bsdf-diffuse.reflectance.value': [[0.18000000715255737, 0.18000000715255737, 0.18000000715255737]], 'object_bsdf.eta': [1.5499999523162842], 'object_bsdf.alpha.value': [0.06805919855833054], 'medium1.albedo.value.value': [[0.43741583824157715, 0.4426829516887665, 0.4428786635398865]], 'medium1.sigma_t.value.value': [0.5485810041427612], 'shape-plane.vertex_positions': [-5.791989326477051, 1.6361994743347168, 4.137889385223389, -6.134178638458252, 1.4884796142578125, .. 857 skipped .., 1.0732252597808838, -0.012071399949491024, 5.1473188400268555, 1.5426044464111328, -0.012071399949491024], 'PLYMesh.vertex_positions': [-0.10654518008232117, -0.28711727261543274, 1.1624749898910522, -0.18826353549957275, -0.33880600333213806, .. 107831 skipped .., -0.12597307562828064, 1.4806333780288696, -0.2866170406341553, -0.18464526534080505, 1.4728926420211792]}
Iteration 14
	total loss= 0.037290
Current scene parameters:
 	{'emitter-envmap.scale': [3.0], 'bsdf-diffuse.reflectance.value': [[0.18000000715255737, 0.18000000715255737, 0.18000000715255737]], 'object_bsdf.eta': [1.5499999523162842], 'object_bsdf.alpha.value': [0.03534241020679474], 'medium1.albedo.value.value': [[0.46716830134391785, 0.47543880343437195, 0.47565174102783203]], 'medium1.sigma_t.value.value': [0.5159698724746704], 'shape-plane.vertex_positions': [-5.791989326477051, 1.6361994743347168, 4.137889385223389, -6.134178638458252, 1.4884796142578125, .. 857 skipped .., 1.0732252597808838, -0.012071399949491024, 5.1473188400268555, 1.5426044464111328, -0.012071399949491024], 'PLYMesh.vertex_positions': [-0.10654518008232117, -0.28711727261543274, 1.1624749898910522, -0.18826353549957275, -0.33880600333213806, .. 107831 skipped .., -0.12597307562828064, 1.4806333780288696, -0.2866170406341553, -0.18464526534080505, 1.4728926420211792]}
Iteration 15
	total loss= 0.034034
Current scene parameters:
 	{'emitter-envmap.scale': [3.0], 'bsdf-diffuse.reflectance.value': [[0.18000000715255737, 0.18000000715255737, 0.18000000715255737]], 'object_bsdf.eta': [1.5499999523162842], 'object_bsdf.alpha.value': [0.002418607473373413], 'medium1.albedo.value.value': [[0.49509745836257935, 0.5085285902023315, 0.5087753534317017]], 'medium1.sigma_t.value.value': [0.48299169540405273], 'shape-plane.vertex_positions': [-5.791989326477051, 1.6361994743347168, 4.137889385223389, -6.134178638458252, 1.4884796142578125, .. 857 skipped .., 1.0732252597808838, -0.012071399949491024, 5.1473188400268555, 1.5426044464111328, -0.012071399949491024], 'PLYMesh.vertex_positions': [-0.10654518008232117, -0.28711727261543274, 1.1624749898910522, -0.18826353549957275, -0.33880600333213806, .. 107831 skipped .., -0.12597307562828064, 1.4806333780288696, -0.2866170406341553, -0.18464526534080505, 1.4728926420211792]}
Iteration 16
	total loss= 0.030583
Current scene parameters:
 	{'emitter-envmap.scale': [3.0], 'bsdf-diffuse.reflectance.value': [[0.18000000715255737, 0.18000000715255737, 0.18000000715255737]], 'object_bsdf.eta': [1.5499999523162842], 'object_bsdf.alpha.value': [0.0010000000474974513], 'medium1.albedo.value.value': [[0.5193518400192261, 0.5419393181800842, 0.5422677397727966]], 'medium1.sigma_t.value.value': [0.4496188163757324], 'shape-plane.vertex_positions': [-5.791989326477051, 1.6361994743347168, 4.137889385223389, -6.134178638458252, 1.4884796142578125, .. 857 skipped .., 1.0732252597808838, -0.012071399949491024, 5.1473188400268555, 1.5426044464111328, -0.012071399949491024], 'PLYMesh.vertex_positions': [-0.10654518008232117, -0.28711727261543274, 1.1624749898910522, -0.18826353549957275, -0.33880600333213806, .. 107831 skipped .., -0.12597307562828064, 1.4806333780288696, -0.2866170406341553, -0.18464526534080505, 1.4728926420211792]}
Iteration 17
	total loss= 0.027916
Current scene parameters:
 	{'emitter-envmap.scale': [3.0], 'bsdf-diffuse.reflectance.value': [[0.18000000715255737, 0.18000000715255737, 0.18000000715255737]], 'object_bsdf.eta': [1.5386518239974976], 'object_bsdf.alpha.value': [0.0010000000474974513], 'medium1.albedo.value.value': [[0.537790060043335, 0.5756571888923645, 0.5761426091194153]], 'medium1.sigma_t.value.value': [0.4158529043197632], 'shape-plane.vertex_positions': [-5.791989326477051, 1.6361994743347168, 4.137889385223389, -6.134178638458252, 1.4884796142578125, .. 857 skipped .., 1.0732252597808838, -0.012071399949491024, 5.1473188400268555, 1.5426044464111328, -0.012071399949491024], 'PLYMesh.vertex_positions': [-0.10654518008232117, -0.28711727261543274, 1.1624749898910522, -0.18826353549957275, -0.33880600333213806, .. 107831 skipped .., -0.12597307562828064, 1.4806333780288696, -0.2866170406341553, -0.18464526534080505, 1.4728926420211792]}
Iteration 18
	total loss= 0.024916
Current scene parameters:
 	{'emitter-envmap.scale': [3.0], 'bsdf-diffuse.reflectance.value': [[0.18000000715255737, 0.18000000715255737, 0.18000000715255737]], 'object_bsdf.eta': [1.523729920387268], 'object_bsdf.alpha.value': [0.0029277605935931206], 'medium1.albedo.value.value': [[0.5486722588539124, 0.6096294522285461, 0.6104094386100769]], 'medium1.sigma_t.value.value': [0.38174888491630554], 'shape-plane.vertex_positions': [-5.791989326477051, 1.6361994743347168, 4.137889385223389, -6.134178638458252, 1.4884796142578125, .. 857 skipped .., 1.0732252597808838, -0.012071399949491024, 5.1473188400268555, 1.5426044464111328, -0.012071399949491024], 'PLYMesh.vertex_positions': [-0.10654518008232117, -0.28711727261543274, 1.1624749898910522, -0.18826353549957275, -0.33880600333213806, .. 107831 skipped .., -0.12597307562828064, 1.4806333780288696, -0.2866170406341553, -0.18464526534080505, 1.4728926420211792]}
Iteration 19
	total loss= 0.021772
Current scene parameters:
 	{'emitter-envmap.scale': [3.0], 'bsdf-diffuse.reflectance.value': [[0.18000000715255737, 0.18000000715255737, 0.18000000715255737]], 'object_bsdf.eta': [1.5033682584762573], 'object_bsdf.alpha.value': [0.0010000000474974513], 'medium1.albedo.value.value': [[0.5513870716094971, 0.6437351107597351, 0.6450575590133667]], 'medium1.sigma_t.value.value': [0.34739428758621216], 'shape-plane.vertex_positions': [-5.791989326477051, 1.6361994743347168, 4.137889385223389, -6.134178638458252, 1.4884796142578125, .. 857 skipped .., 1.0732252597808838, -0.012071399949491024, 5.1473188400268555, 1.5426044464111328, -0.012071399949491024], 'PLYMesh.vertex_positions': [-0.10654518008232117, -0.28711727261543274, 1.1624749898910522, -0.18826353549957275, -0.33880600333213806, .. 107831 skipped .., -0.12597307562828064, 1.4806333780288696, -0.2866170406341553, -0.18464526534080505, 1.4728926420211792]}
Iteration 20
	total loss= 0.018571
Current scene parameters:
 	{'emitter-envmap.scale': [3.0], 'bsdf-diffuse.reflectance.value': [[0.18000000715255737, 0.18000000715255737, 0.18000000715255737]], 'object_bsdf.eta': [1.487033724784851], 'object_bsdf.alpha.value': [0.0010000000474974513], 'medium1.albedo.value.value': [[0.5466676354408264, 0.6777867674827576, 0.6800699234008789]], 'medium1.sigma_t.value.value': [0.31298208236694336], 'shape-plane.vertex_positions': [-5.791989326477051, 1.6361994743347168, 4.137889385223389, -6.134178638458252, 1.4884796142578125, .. 857 skipped .., 1.0732252597808838, -0.012071399949491024, 5.1473188400268555, 1.5426044464111328, -0.012071399949491024], 'PLYMesh.vertex_positions': [-0.10654518008232117, -0.28711727261543274, 1.1624749898910522, -0.18826353549957275, -0.33880600333213806, .. 107831 skipped .., -0.12597307562828064, 1.4806333780288696, -0.2866170406341553, -0.18464526534080505, 1.4728926420211792]}
Iteration 21
	total loss= 0.015345
Current scene parameters:
 	{'emitter-envmap.scale': [3.0], 'bsdf-diffuse.reflectance.value': [[0.18000000715255737, 0.18000000715255737, 0.18000000715255737]], 'object_bsdf.eta': [1.4660007953643799], 'object_bsdf.alpha.value': [0.0010000000474974513], 'medium1.albedo.value.value': [[0.5356535911560059, 0.7113458514213562, 0.7153744697570801]], 'medium1.sigma_t.value.value': [0.27910634875297546], 'shape-plane.vertex_positions': [-5.791989326477051, 1.6361994743347168, 4.137889385223389, -6.134178638458252, 1.4884796142578125, .. 857 skipped .., 1.0732252597808838, -0.012071399949491024, 5.1473188400268555, 1.5426044464111328, -0.012071399949491024], 'PLYMesh.vertex_positions': [-0.10654518008232117, -0.28711727261543274, 1.1624749898910522, -0.18826353549957275, -0.33880600333213806, .. 107831 skipped .., -0.12597307562828064, 1.4806333780288696, -0.2866170406341553, -0.18464526534080505, 1.4728926420211792]}
Iteration 22
	total loss= 0.012571
Current scene parameters:
 	{'emitter-envmap.scale': [3.0], 'bsdf-diffuse.reflectance.value': [[0.18000000715255737, 0.18000000715255737, 0.18000000715255737]], 'object_bsdf.eta': [1.4714539051055908], 'object_bsdf.alpha.value': [0.0010000000474974513], 'medium1.albedo.value.value': [[0.5194814801216125, 0.7437576651573181, 0.7508853077888489]], 'medium1.sigma_t.value.value': [0.24667485058307648], 'shape-plane.vertex_positions': [-5.791989326477051, 1.6361994743347168, 4.137889385223389, -6.134178638458252, 1.4884796142578125, .. 857 skipped .., 1.0732252597808838, -0.012071399949491024, 5.1473188400268555, 1.5426044464111328, -0.012071399949491024], 'PLYMesh.vertex_positions': [-0.10654518008232117, -0.28711727261543274, 1.1624749898910522, -0.18826353549957275, -0.33880600333213806, .. 107831 skipped .., -0.12597307562828064, 1.4806333780288696, -0.2866170406341553, -0.18464526534080505, 1.4728926420211792]}
Iteration 23
	total loss= 0.010842
Current scene parameters:
 	{'emitter-envmap.scale': [3.0], 'bsdf-diffuse.reflectance.value': [[0.18000000715255737, 0.18000000715255737, 0.18000000715255737]], 'object_bsdf.eta': [1.4778865575790405], 'object_bsdf.alpha.value': [0.0010000000474974513], 'medium1.albedo.value.value': [[0.4993966519832611, 0.7743344902992249, 0.7864930629730225]], 'medium1.sigma_t.value.value': [0.2168404757976532], 'shape-plane.vertex_positions': [-5.791989326477051, 1.6361994743347168, 4.137889385223389, -6.134178638458252, 1.4884796142578125, .. 857 skipped .., 1.0732252597808838, -0.012071399949491024, 5.1473188400268555, 1.5426044464111328, -0.012071399949491024], 'PLYMesh.vertex_positions': [-0.10654518008232117, -0.28711727261543274, 1.1624749898910522, -0.18826353549957275, -0.33880600333213806, .. 107831 skipped .., -0.12597307562828064, 1.4806333780288696, -0.2866170406341553, -0.18464526534080505, 1.4728926420211792]}
Iteration 24
	total loss= 0.009201
Current scene parameters:
 	{'emitter-envmap.scale': [3.0], 'bsdf-diffuse.reflectance.value': [[0.18000000715255737, 0.18000000715255737, 0.18000000715255737]], 'object_bsdf.eta': [1.4830894470214844], 'object_bsdf.alpha.value': [0.0010000000474974513], 'medium1.albedo.value.value': [[0.4763663411140442, 0.8022398352622986, 0.8219574689865112]], 'medium1.sigma_t.value.value': [0.19171224534511566], 'shape-plane.vertex_positions': [-5.791989326477051, 1.6361994743347168, 4.137889385223389, -6.134178638458252, 1.4884796142578125, .. 857 skipped .., 1.0732252597808838, -0.012071399949491024, 5.1473188400268555, 1.5426044464111328, -0.012071399949491024], 'PLYMesh.vertex_positions': [-0.10654518008232117, -0.28711727261543274, 1.1624749898910522, -0.18826353549957275, -0.33880600333213806, .. 107831 skipped .., -0.12597307562828064, 1.4806333780288696, -0.2866170406341553, -0.18464526534080505, 1.4728926420211792]}
Iteration 25
	total loss= 0.008288
Current scene parameters:
 	{'emitter-envmap.scale': [3.0], 'bsdf-diffuse.reflectance.value': [[0.18000000715255737, 0.18000000715255737, 0.18000000715255737]], 'object_bsdf.eta': [1.4961235523223877], 'object_bsdf.alpha.value': [0.0010000000474974513], 'medium1.albedo.value.value': [[0.4510926604270935, 0.8266977071762085, 0.8570945262908936]], 'medium1.sigma_t.value.value': [0.17332403361797333], 'shape-plane.vertex_positions': [-5.791989326477051, 1.6361994743347168, 4.137889385223389, -6.134178638458252, 1.4884796142578125, .. 857 skipped .., 1.0732252597808838, -0.012071399949491024, 5.1473188400268555, 1.5426044464111328, -0.012071399949491024], 'PLYMesh.vertex_positions': [-0.10654518008232117, -0.28711727261543274, 1.1624749898910522, -0.18826353549957275, -0.33880600333213806, .. 107831 skipped .., -0.12597307562828064, 1.4806333780288696, -0.2866170406341553, -0.18464526534080505, 1.4728926420211792]}
Iteration 26
	total loss= 0.007766
Current scene parameters:
 	{'emitter-envmap.scale': [3.0], 'bsdf-diffuse.reflectance.value': [[0.18000000715255737, 0.18000000715255737, 0.18000000715255737]], 'object_bsdf.eta': [1.5092719793319702], 'object_bsdf.alpha.value': [0.0010000000474974513], 'medium1.albedo.value.value': [[0.42415711283683777, 0.8472669124603271, 0.8916770815849304]], 'medium1.sigma_t.value.value': [0.1628495752811432], 'shape-plane.vertex_positions': [-5.791989326477051, 1.6361994743347168, 4.137889385223389, -6.134178638458252, 1.4884796142578125, .. 857 skipped .., 1.0732252597808838, -0.012071399949491024, 5.1473188400268555, 1.5426044464111328, -0.012071399949491024], 'PLYMesh.vertex_positions': [-0.10654518008232117, -0.28711727261543274, 1.1624749898910522, -0.18826353549957275, -0.33880600333213806, .. 107831 skipped .., -0.12597307562828064, 1.4806333780288696, -0.2866170406341553, -0.18464526534080505, 1.4728926420211792]}
Iteration 27
	total loss= 0.007317
Current scene parameters:
 	{'emitter-envmap.scale': [3.0], 'bsdf-diffuse.reflectance.value': [[0.18000000715255737, 0.18000000715255737, 0.18000000715255737]], 'object_bsdf.eta': [1.5271663665771484], 'object_bsdf.alpha.value': [0.0017691878601908684], 'medium1.albedo.value.value': [[0.3960847556591034, 0.8637974858283997, 0.9256223440170288]], 'medium1.sigma_t.value.value': [0.15984897315502167], 'shape-plane.vertex_positions': [-5.791989326477051, 1.6361994743347168, 4.137889385223389, -6.134178638458252, 1.4884796142578125, .. 857 skipped .., 1.0732252597808838, -0.012071399949491024, 5.1473188400268555, 1.5426044464111328, -0.012071399949491024], 'PLYMesh.vertex_positions': [-0.10654518008232117, -0.28711727261543274, 1.1624749898910522, -0.18826353549957275, -0.33880600333213806, .. 107831 skipped .., -0.12597307562828064, 1.4806333780288696, -0.2866170406341553, -0.18464526534080505, 1.4728926420211792]}
Iteration 28
	total loss= 0.006433
Current scene parameters:
 	{'emitter-envmap.scale': [3.0], 'bsdf-diffuse.reflectance.value': [[0.18000000715255737, 0.18000000715255737, 0.18000000715255737]], 'object_bsdf.eta': [1.544593334197998], 'object_bsdf.alpha.value': [0.0010000000474974513], 'medium1.albedo.value.value': [[0.3674008548259735, 0.8761758208274841, 0.9589211940765381]], 'medium1.sigma_t.value.value': [0.16337503492832184], 'shape-plane.vertex_positions': [-5.791989326477051, 1.6361994743347168, 4.137889385223389, -6.134178638458252, 1.4884796142578125, .. 857 skipped .., 1.0732252597808838, -0.012071399949491024, 5.1473188400268555, 1.5426044464111328, -0.012071399949491024], 'PLYMesh.vertex_positions': [-0.10654518008232117, -0.28711727261543274, 1.1624749898910522, -0.18826353549957275, -0.33880600333213806, .. 107831 skipped .., -0.12597307562828064, 1.4806333780288696, -0.2866170406341553, -0.18464526534080505, 1.4728926420211792]}
Iteration 29
	total loss= 0.005482
Current scene parameters:
 	{'emitter-envmap.scale': [3.0], 'bsdf-diffuse.reflectance.value': [[0.18000000715255737, 0.18000000715255737, 0.18000000715255737]], 'object_bsdf.eta': [1.5499999523162842], 'object_bsdf.alpha.value': [0.008193009532988071], 'medium1.albedo.value.value': [[0.33862990140914917, 0.8842114806175232, 0.9914649128913879]], 'medium1.sigma_t.value.value': [0.17213459312915802], 'shape-plane.vertex_positions': [-5.791989326477051, 1.6361994743347168, 4.137889385223389, -6.134178638458252, 1.4884796142578125, .. 857 skipped .., 1.0732252597808838, -0.012071399949491024, 5.1473188400268555, 1.5426044464111328, -0.012071399949491024], 'PLYMesh.vertex_positions': [-0.10654518008232117, -0.28711727261543274, 1.1624749898910522, -0.18826353549957275, -0.33880600333213806, .. 107831 skipped .., -0.12597307562828064, 1.4806333780288696, -0.2866170406341553, -0.18464526534080505, 1.4728926420211792]}
Iteration 30
	total loss= 0.004439
Current scene parameters:
 	{'emitter-envmap.scale': [3.0], 'bsdf-diffuse.reflectance.value': [[0.18000000715255737, 0.18000000715255737, 0.18000000715255737]], 'object_bsdf.eta': [1.5499999523162842], 'object_bsdf.alpha.value': [0.014833221212029457], 'medium1.albedo.value.value': [[0.31039685010910034, 0.8881498575210571, 0.9990000128746033]], 'medium1.sigma_t.value.value': [0.18475966155529022], 'shape-plane.vertex_positions': [-5.791989326477051, 1.6361994743347168, 4.137889385223389, -6.134178638458252, 1.4884796142578125, .. 857 skipped .., 1.0732252597808838, -0.012071399949491024, 5.1473188400268555, 1.5426044464111328, -0.012071399949491024], 'PLYMesh.vertex_positions': [-0.10654518008232117, -0.28711727261543274, 1.1624749898910522, -0.18826353549957275, -0.33880600333213806, .. 107831 skipped .., -0.12597307562828064, 1.4806333780288696, -0.2866170406341553, -0.18464526534080505, 1.4728926420211792]}
Iteration 31
	total loss= 0.003757
Current scene parameters:
 	{'emitter-envmap.scale': [3.0], 'bsdf-diffuse.reflectance.value': [[0.18000000715255737, 0.18000000715255737, 0.18000000715255737]], 'object_bsdf.eta': [1.5499999523162842], 'object_bsdf.alpha.value': [0.020763587206602097], 'medium1.albedo.value.value': [[0.2832227349281311, 0.8882508873939514, 0.9990000128746033]], 'medium1.sigma_t.value.value': [0.20004422962665558], 'shape-plane.vertex_positions': [-5.791989326477051, 1.6361994743347168, 4.137889385223389, -6.134178638458252, 1.4884796142578125, .. 857 skipped .., 1.0732252597808838, -0.012071399949491024, 5.1473188400268555, 1.5426044464111328, -0.012071399949491024], 'PLYMesh.vertex_positions': [-0.10654518008232117, -0.28711727261543274, 1.1624749898910522, -0.18826353549957275, -0.33880600333213806, .. 107831 skipped .., -0.12597307562828064, 1.4806333780288696, -0.2866170406341553, -0.18464526534080505, 1.4728926420211792]}
Iteration 32
	total loss= 0.003409
Current scene parameters:
 	{'emitter-envmap.scale': [3.0], 'bsdf-diffuse.reflectance.value': [[0.18000000715255737, 0.18000000715255737, 0.18000000715255737]], 'object_bsdf.eta': [1.5499999523162842], 'object_bsdf.alpha.value': [0.02553461119532585], 'medium1.albedo.value.value': [[0.25762131810188293, 0.8850220441818237, 0.9990000128746033]], 'medium1.sigma_t.value.value': [0.21721476316452026], 'shape-plane.vertex_positions': [-5.791989326477051, 1.6361994743347168, 4.137889385223389, -6.134178638458252, 1.4884796142578125, .. 857 skipped .., 1.0732252597808838, -0.012071399949491024, 5.1473188400268555, 1.5426044464111328, -0.012071399949491024], 'PLYMesh.vertex_positions': [-0.10654518008232117, -0.28711727261543274, 1.1624749898910522, -0.18826353549957275, -0.33880600333213806, .. 107831 skipped .., -0.12597307562828064, 1.4806333780288696, -0.2866170406341553, -0.18464526534080505, 1.4728926420211792]}
Iteration 33
	total loss= 0.003044
Current scene parameters:
 	{'emitter-envmap.scale': [3.0], 'bsdf-diffuse.reflectance.value': [[0.18000000715255737, 0.18000000715255737, 0.18000000715255737]], 'object_bsdf.eta': [1.5499999523162842], 'object_bsdf.alpha.value': [0.029491784051060677], 'medium1.albedo.value.value': [[0.23401930928230286, 0.8788555264472961, 0.9990000128746033]], 'medium1.sigma_t.value.value': [0.23561732470989227], 'shape-plane.vertex_positions': [-5.791989326477051, 1.6361994743347168, 4.137889385223389, -6.134178638458252, 1.4884796142578125, .. 857 skipped .., 1.0732252597808838, -0.012071399949491024, 5.1473188400268555, 1.5426044464111328, -0.012071399949491024], 'PLYMesh.vertex_positions': [-0.10654518008232117, -0.28711727261543274, 1.1624749898910522, -0.18826353549957275, -0.33880600333213806, .. 107831 skipped .., -0.12597307562828064, 1.4806333780288696, -0.2866170406341553, -0.18464526534080505, 1.4728926420211792]}
Iteration 34
	total loss= 0.002558
Current scene parameters:
 	{'emitter-envmap.scale': [3.0], 'bsdf-diffuse.reflectance.value': [[0.18000000715255737, 0.18000000715255737, 0.18000000715255737]], 'object_bsdf.eta': [1.5499999523162842], 'object_bsdf.alpha.value': [0.032716430723667145], 'medium1.albedo.value.value': [[0.21276269853115082, 0.8704473376274109, 0.9990000128746033]], 'medium1.sigma_t.value.value': [0.25443556904792786], 'shape-plane.vertex_positions': [-5.791989326477051, 1.6361994743347168, 4.137889385223389, -6.134178638458252, 1.4884796142578125, .. 857 skipped .., 1.0732252597808838, -0.012071399949491024, 5.1473188400268555, 1.5426044464111328, -0.012071399949491024], 'PLYMesh.vertex_positions': [-0.10654518008232117, -0.28711727261543274, 1.1624749898910522, -0.18826353549957275, -0.33880600333213806, .. 107831 skipped .., -0.12597307562828064, 1.4806333780288696, -0.2866170406341553, -0.18464526534080505, 1.4728926420211792]}
Iteration 35
	total loss= 0.002363
Current scene parameters:
 	{'emitter-envmap.scale': [3.0], 'bsdf-diffuse.reflectance.value': [[0.18000000715255737, 0.18000000715255737, 0.18000000715255737]], 'object_bsdf.eta': [1.5499999523162842], 'object_bsdf.alpha.value': [0.035357654094696045], 'medium1.albedo.value.value': [[0.1941288560628891, 0.8603613376617432, 0.9990000128746033]], 'medium1.sigma_t.value.value': [0.2732539176940918], 'shape-plane.vertex_positions': [-5.791989326477051, 1.6361994743347168, 4.137889385223389, -6.134178638458252, 1.4884796142578125, .. 857 skipped .., 1.0732252597808838, -0.012071399949491024, 5.1473188400268555, 1.5426044464111328, -0.012071399949491024], 'PLYMesh.vertex_positions': [-0.10654518008232117, -0.28711727261543274, 1.1624749898910522, -0.18826353549957275, -0.33880600333213806, .. 107831 skipped .., -0.12597307562828064, 1.4806333780288696, -0.2866170406341553, -0.18464526534080505, 1.4728926420211792]}
Iteration 36
	total loss= 0.002187
Current scene parameters:
 	{'emitter-envmap.scale': [3.0], 'bsdf-diffuse.reflectance.value': [[0.18000000715255737, 0.18000000715255737, 0.18000000715255737]], 'object_bsdf.eta': [1.5499999523162842], 'object_bsdf.alpha.value': [0.03746936842799187], 'medium1.albedo.value.value': [[0.17824050784111023, 0.849456787109375, 0.9990000128746033]], 'medium1.sigma_t.value.value': [0.2917463779449463], 'shape-plane.vertex_positions': [-5.791989326477051, 1.6361994743347168, 4.137889385223389, -6.134178638458252, 1.4884796142578125, .. 857 skipped .., 1.0732252597808838, -0.012071399949491024, 5.1473188400268555, 1.5426044464111328, -0.012071399949491024], 'PLYMesh.vertex_positions': [-0.10654518008232117, -0.28711727261543274, 1.1624749898910522, -0.18826353549957275, -0.33880600333213806, .. 107831 skipped .., -0.12597307562828064, 1.4806333780288696, -0.2866170406341553, -0.18464526534080505, 1.4728926420211792]}
Iteration 37
	total loss= 0.001975
Current scene parameters:
 	{'emitter-envmap.scale': [3.0], 'bsdf-diffuse.reflectance.value': [[0.18000000715255737, 0.18000000715255737, 0.18000000715255737]], 'object_bsdf.eta': [1.5499999523162842], 'object_bsdf.alpha.value': [0.03876176103949547], 'medium1.albedo.value.value': [[0.16519151628017426, 0.8385071158409119, 0.9990000128746033]], 'medium1.sigma_t.value.value': [0.30946359038352966], 'shape-plane.vertex_positions': [-5.791989326477051, 1.6361994743347168, 4.137889385223389, -6.134178638458252, 1.4884796142578125, .. 857 skipped .., 1.0732252597808838, -0.012071399949491024, 5.1473188400268555, 1.5426044464111328, -0.012071399949491024], 'PLYMesh.vertex_positions': [-0.10654518008232117, -0.28711727261543274, 1.1624749898910522, -0.18826353549957275, -0.33880600333213806, .. 107831 skipped .., -0.12597307562828064, 1.4806333780288696, -0.2866170406341553, -0.18464526534080505, 1.4728926420211792]}
Iteration 38
	total loss= 0.002061
Current scene parameters:
 	{'emitter-envmap.scale': [3.0], 'bsdf-diffuse.reflectance.value': [[0.18000000715255737, 0.18000000715255737, 0.18000000715255737]], 'object_bsdf.eta': [1.5499999523162842], 'object_bsdf.alpha.value': [0.03924085944890976], 'medium1.albedo.value.value': [[0.15493592619895935, 0.8282323479652405, 0.9990000128746033]], 'medium1.sigma_t.value.value': [0.3265072703361511], 'shape-plane.vertex_positions': [-5.791989326477051, 1.6361994743347168, 4.137889385223389, -6.134178638458252, 1.4884796142578125, .. 857 skipped .., 1.0732252597808838, -0.012071399949491024, 5.1473188400268555, 1.5426044464111328, -0.012071399949491024], 'PLYMesh.vertex_positions': [-0.10654518008232117, -0.28711727261543274, 1.1624749898910522, -0.18826353549957275, -0.33880600333213806, .. 107831 skipped .., -0.12597307562828064, 1.4806333780288696, -0.2866170406341553, -0.18464526534080505, 1.4728926420211792]}
Iteration 39
	total loss= 0.001808
Current scene parameters:
 	{'emitter-envmap.scale': [3.0], 'bsdf-diffuse.reflectance.value': [[0.18000000715255737, 0.18000000715255737, 0.18000000715255737]], 'object_bsdf.eta': [1.5499999523162842], 'object_bsdf.alpha.value': [0.038868557661771774], 'medium1.albedo.value.value': [[0.14737741649150848, 0.8193656206130981, 0.9990000128746033]], 'medium1.sigma_t.value.value': [0.3424643278121948], 'shape-plane.vertex_positions': [-5.791989326477051, 1.6361994743347168, 4.137889385223389, -6.134178638458252, 1.4884796142578125, .. 857 skipped .., 1.0732252597808838, -0.012071399949491024, 5.1473188400268555, 1.5426044464111328, -0.012071399949491024], 'PLYMesh.vertex_positions': [-0.10654518008232117, -0.28711727261543274, 1.1624749898910522, -0.18826353549957275, -0.33880600333213806, .. 107831 skipped .., -0.12597307562828064, 1.4806333780288696, -0.2866170406341553, -0.18464526534080505, 1.4728926420211792]}
Iteration 40
	total loss= 0.001727
Current scene parameters:
 	{'emitter-envmap.scale': [3.0], 'bsdf-diffuse.reflectance.value': [[0.18000000715255737, 0.18000000715255737, 0.18000000715255737]], 'object_bsdf.eta': [1.5499999523162842], 'object_bsdf.alpha.value': [0.037929534912109375], 'medium1.albedo.value.value': [[0.14239145815372467, 0.8123420476913452, 0.9990000128746033]], 'medium1.sigma_t.value.value': [0.3571777641773224], 'shape-plane.vertex_positions': [-5.791989326477051, 1.6361994743347168, 4.137889385223389, -6.134178638458252, 1.4884796142578125, .. 857 skipped .., 1.0732252597808838, -0.012071399949491024, 5.1473188400268555, 1.5426044464111328, -0.012071399949491024], 'PLYMesh.vertex_positions': [-0.10654518008232117, -0.28711727261543274, 1.1624749898910522, -0.18826353549957275, -0.33880600333213806, .. 107831 skipped .., -0.12597307562828064, 1.4806333780288696, -0.2866170406341553, -0.18464526534080505, 1.4728926420211792]}
Iteration 41
	total loss= 0.001893
Current scene parameters:
 	{'emitter-envmap.scale': [3.0], 'bsdf-diffuse.reflectance.value': [[0.18000000715255737, 0.18000000715255737, 0.18000000715255737]], 'object_bsdf.eta': [1.5499999523162842], 'object_bsdf.alpha.value': [0.03623521700501442], 'medium1.albedo.value.value': [[0.13987058401107788, 0.8075869083404541, 0.9990000128746033]], 'medium1.sigma_t.value.value': [0.37044453620910645], 'shape-plane.vertex_positions': [-5.791989326477051, 1.6361994743347168, 4.137889385223389, -6.134178638458252, 1.4884796142578125, .. 857 skipped .., 1.0732252597808838, -0.012071399949491024, 5.1473188400268555, 1.5426044464111328, -0.012071399949491024], 'PLYMesh.vertex_positions': [-0.10654518008232117, -0.28711727261543274, 1.1624749898910522, -0.18826353549957275, -0.33880600333213806, .. 107831 skipped .., -0.12597307562828064, 1.4806333780288696, -0.2866170406341553, -0.18464526534080505, 1.4728926420211792]}
Iteration 42
	total loss= 0.001937
Current scene parameters:
 	{'emitter-envmap.scale': [3.0], 'bsdf-diffuse.reflectance.value': [[0.18000000715255737, 0.18000000715255737, 0.18000000715255737]], 'object_bsdf.eta': [1.5499999523162842], 'object_bsdf.alpha.value': [0.03359618037939072], 'medium1.albedo.value.value': [[0.1396326720714569, 0.805158257484436, 0.9990000128746033]], 'medium1.sigma_t.value.value': [0.38236871361732483], 'shape-plane.vertex_positions': [-5.791989326477051, 1.6361994743347168, 4.137889385223389, -6.134178638458252, 1.4884796142578125, .. 857 skipped .., 1.0732252597808838, -0.012071399949491024, 5.1473188400268555, 1.5426044464111328, -0.012071399949491024], 'PLYMesh.vertex_positions': [-0.10654518008232117, -0.28711727261543274, 1.1624749898910522, -0.18826353549957275, -0.33880600333213806, .. 107831 skipped .., -0.12597307562828064, 1.4806333780288696, -0.2866170406341553, -0.18464526534080505, 1.4728926420211792]}
Iteration 43
	total loss= 0.002043
Current scene parameters:
 	{'emitter-envmap.scale': [3.0], 'bsdf-diffuse.reflectance.value': [[0.18000000715255737, 0.18000000715255737, 0.18000000715255737]], 'object_bsdf.eta': [1.5499999523162842], 'object_bsdf.alpha.value': [0.030446277931332588], 'medium1.albedo.value.value': [[0.14151683449745178, 0.8051658868789673, 0.9990000128746033]], 'medium1.sigma_t.value.value': [0.3931114375591278], 'shape-plane.vertex_positions': [-5.791989326477051, 1.6361994743347168, 4.137889385223389, -6.134178638458252, 1.4884796142578125, .. 857 skipped .., 1.0732252597808838, -0.012071399949491024, 5.1473188400268555, 1.5426044464111328, -0.012071399949491024], 'PLYMesh.vertex_positions': [-0.10654518008232117, -0.28711727261543274, 1.1624749898910522, -0.18826353549957275, -0.33880600333213806, .. 107831 skipped .., -0.12597307562828064, 1.4806333780288696, -0.2866170406341553, -0.18464526534080505, 1.4728926420211792]}
Iteration 44
	total loss= 0.001801
Current scene parameters:
 	{'emitter-envmap.scale': [3.0], 'bsdf-diffuse.reflectance.value': [[0.18000000715255737, 0.18000000715255737, 0.18000000715255737]], 'object_bsdf.eta': [1.5499999523162842], 'object_bsdf.alpha.value': [0.02686094120144844], 'medium1.albedo.value.value': [[0.1453728824853897, 0.8074231147766113, 0.9990000128746033]], 'medium1.sigma_t.value.value': [0.4025573134422302], 'shape-plane.vertex_positions': [-5.791989326477051, 1.6361994743347168, 4.137889385223389, -6.134178638458252, 1.4884796142578125, .. 857 skipped .., 1.0732252597808838, -0.012071399949491024, 5.1473188400268555, 1.5426044464111328, -0.012071399949491024], 'PLYMesh.vertex_positions': [-0.10654518008232117, -0.28711727261543274, 1.1624749898910522, -0.18826353549957275, -0.33880600333213806, .. 107831 skipped .., -0.12597307562828064, 1.4806333780288696, -0.2866170406341553, -0.18464526534080505, 1.4728926420211792]}
Iteration 45
	total loss= 0.001763
Current scene parameters:
 	{'emitter-envmap.scale': [3.0], 'bsdf-diffuse.reflectance.value': [[0.18000000715255737, 0.18000000715255737, 0.18000000715255737]], 'object_bsdf.eta': [1.5499999523162842], 'object_bsdf.alpha.value': [0.02279386669397354], 'medium1.albedo.value.value': [[0.15107932686805725, 0.8117387890815735, 0.9990000128746033]], 'medium1.sigma_t.value.value': [0.4108373820781708], 'shape-plane.vertex_positions': [-5.791989326477051, 1.6361994743347168, 4.137889385223389, -6.134178638458252, 1.4884796142578125, .. 857 skipped .., 1.0732252597808838, -0.012071399949491024, 5.1473188400268555, 1.5426044464111328, -0.012071399949491024], 'PLYMesh.vertex_positions': [-0.10654518008232117, -0.28711727261543274, 1.1624749898910522, -0.18826353549957275, -0.33880600333213806, .. 107831 skipped .., -0.12597307562828064, 1.4806333780288696, -0.2866170406341553, -0.18464526534080505, 1.4728926420211792]}
Iteration 46
	total loss= 0.001726
Current scene parameters:
 	{'emitter-envmap.scale': [3.0], 'bsdf-diffuse.reflectance.value': [[0.18000000715255737, 0.18000000715255737, 0.18000000715255737]], 'object_bsdf.eta': [1.5499999523162842], 'object_bsdf.alpha.value': [0.01873178966343403], 'medium1.albedo.value.value': [[0.15849469602108002, 0.8177319169044495, 0.9990000128746033]], 'medium1.sigma_t.value.value': [0.41807398200035095], 'shape-plane.vertex_positions': [-5.791989326477051, 1.6361994743347168, 4.137889385223389, -6.134178638458252, 1.4884796142578125, .. 857 skipped .., 1.0732252597808838, -0.012071399949491024, 5.1473188400268555, 1.5426044464111328, -0.012071399949491024], 'PLYMesh.vertex_positions': [-0.10654518008232117, -0.28711727261543274, 1.1624749898910522, -0.18826353549957275, -0.33880600333213806, .. 107831 skipped .., -0.12597307562828064, 1.4806333780288696, -0.2866170406341553, -0.18464526534080505, 1.4728926420211792]}
Iteration 47
	total loss= 0.001551
Current scene parameters:
 	{'emitter-envmap.scale': [3.0], 'bsdf-diffuse.reflectance.value': [[0.18000000715255737, 0.18000000715255737, 0.18000000715255737]], 'object_bsdf.eta': [1.5499999523162842], 'object_bsdf.alpha.value': [0.01474357396364212], 'medium1.albedo.value.value': [[0.16745030879974365, 0.825096070766449, 0.9990000128746033]], 'medium1.sigma_t.value.value': [0.42448973655700684], 'shape-plane.vertex_positions': [-5.791989326477051, 1.6361994743347168, 4.137889385223389, -6.134178638458252, 1.4884796142578125, .. 857 skipped .., 1.0732252597808838, -0.012071399949491024, 5.1473188400268555, 1.5426044464111328, -0.012071399949491024], 'PLYMesh.vertex_positions': [-0.10654518008232117, -0.28711727261543274, 1.1624749898910522, -0.18826353549957275, -0.33880600333213806, .. 107831 skipped .., -0.12597307562828064, 1.4806333780288696, -0.2866170406341553, -0.18464526534080505, 1.4728926420211792]}
Iteration 48
	total loss= 0.001430
Current scene parameters:
 	{'emitter-envmap.scale': [3.0], 'bsdf-diffuse.reflectance.value': [[0.18000000715255737, 0.18000000715255737, 0.18000000715255737]], 'object_bsdf.eta': [1.5499999523162842], 'object_bsdf.alpha.value': [0.010371152311563492], 'medium1.albedo.value.value': [[0.17780473828315735, 0.8333086371421814, 0.9990000128746033]], 'medium1.sigma_t.value.value': [0.43016043305397034], 'shape-plane.vertex_positions': [-5.791989326477051, 1.6361994743347168, 4.137889385223389, -6.134178638458252, 1.4884796142578125, .. 857 skipped .., 1.0732252597808838, -0.012071399949491024, 5.1473188400268555, 1.5426044464111328, -0.012071399949491024], 'PLYMesh.vertex_positions': [-0.10654518008232117, -0.28711727261543274, 1.1624749898910522, -0.18826353549957275, -0.33880600333213806, .. 107831 skipped .., -0.12597307562828064, 1.4806333780288696, -0.2866170406341553, -0.18464526534080505, 1.4728926420211792]}
Iteration 49
	total loss= 0.001437
Current scene parameters:
 	{'emitter-envmap.scale': [3.0], 'bsdf-diffuse.reflectance.value': [[0.18000000715255737, 0.18000000715255737, 0.18000000715255737]], 'object_bsdf.eta': [1.5499999523162842], 'object_bsdf.alpha.value': [0.00599680794402957], 'medium1.albedo.value.value': [[0.18948215246200562, 0.8419162631034851, 0.9990000128746033]], 'medium1.sigma_t.value.value': [0.4350263476371765], 'shape-plane.vertex_positions': [-5.791989326477051, 1.6361994743347168, 4.137889385223389, -6.134178638458252, 1.4884796142578125, .. 857 skipped .., 1.0732252597808838, -0.012071399949491024, 5.1473188400268555, 1.5426044464111328, -0.012071399949491024], 'PLYMesh.vertex_positions': [-0.10654518008232117, -0.28711727261543274, 1.1624749898910522, -0.18826353549957275, -0.33880600333213806, .. 107831 skipped .., -0.12597307562828064, 1.4806333780288696, -0.2866170406341553, -0.18464526534080505, 1.4728926420211792]}
Iteration 50
	total loss= 0.001338
Current scene parameters:
 	{'emitter-envmap.scale': [3.0], 'bsdf-diffuse.reflectance.value': [[0.18000000715255737, 0.18000000715255737, 0.18000000715255737]], 'object_bsdf.eta': [1.5499999523162842], 'object_bsdf.alpha.value': [0.002819485729560256], 'medium1.albedo.value.value': [[0.2023450881242752, 0.8501378297805786, 0.9990000128746033]], 'medium1.sigma_t.value.value': [0.43926969170570374], 'shape-plane.vertex_positions': [-5.791989326477051, 1.6361994743347168, 4.137889385223389, -6.134178638458252, 1.4884796142578125, .. 857 skipped .., 1.0732252597808838, -0.012071399949491024, 5.1473188400268555, 1.5426044464111328, -0.012071399949491024], 'PLYMesh.vertex_positions': [-0.10654518008232117, -0.28711727261543274, 1.1624749898910522, -0.18826353549957275, -0.33880600333213806, .. 107831 skipped .., -0.12597307562828064, 1.4806333780288696, -0.2866170406341553, -0.18464526534080505, 1.4728926420211792]}
Iteration 51
	total loss= 0.001271
Current scene parameters:
 	{'emitter-envmap.scale': [3.0], 'bsdf-diffuse.reflectance.value': [[0.18000000715255737, 0.18000000715255737, 0.18000000715255737]], 'object_bsdf.eta': [1.5499999523162842], 'object_bsdf.alpha.value': [0.001660018227994442], 'medium1.albedo.value.value': [[0.21625836193561554, 0.8571380376815796, 0.9990000128746033]], 'medium1.sigma_t.value.value': [0.44300195574760437], 'shape-plane.vertex_positions': [-5.791989326477051, 1.6361994743347168, 4.137889385223389, -6.134178638458252, 1.4884796142578125, .. 857 skipped .., 1.0732252597808838, -0.012071399949491024, 5.1473188400268555, 1.5426044464111328, -0.012071399949491024], 'PLYMesh.vertex_positions': [-0.10654518008232117, -0.28711727261543274, 1.1624749898910522, -0.18826353549957275, -0.33880600333213806, .. 107831 skipped .., -0.12597307562828064, 1.4806333780288696, -0.2866170406341553, -0.18464526534080505, 1.4728926420211792]}
Iteration 52
	total loss= 0.001232
Current scene parameters:
 	{'emitter-envmap.scale': [3.0], 'bsdf-diffuse.reflectance.value': [[0.18000000715255737, 0.18000000715255737, 0.18000000715255737]], 'object_bsdf.eta': [1.5499215126037598], 'object_bsdf.alpha.value': [0.0015751190949231386], 'medium1.albedo.value.value': [[0.2311241775751114, 0.8625504970550537, 0.9990000128746033]], 'medium1.sigma_t.value.value': [0.44630762934684753], 'shape-plane.vertex_positions': [-5.791989326477051, 1.6361994743347168, 4.137889385223389, -6.134178638458252, 1.4884796142578125, .. 857 skipped .., 1.0732252597808838, -0.012071399949491024, 5.1473188400268555, 1.5426044464111328, -0.012071399949491024], 'PLYMesh.vertex_positions': [-0.10654518008232117, -0.28711727261543274, 1.1624749898910522, -0.18826353549957275, -0.33880600333213806, .. 107831 skipped .., -0.12597307562828064, 1.4806333780288696, -0.2866170406341553, -0.18464526534080505, 1.4728926420211792]}
Iteration 53
	total loss= 0.001168
Current scene parameters:
 	{'emitter-envmap.scale': [3.0], 'bsdf-diffuse.reflectance.value': [[0.18000000715255737, 0.18000000715255737, 0.18000000715255737]], 'object_bsdf.eta': [1.549254059791565], 'object_bsdf.alpha.value': [0.0010000000474974513], 'medium1.albedo.value.value': [[0.24676775932312012, 0.8660642504692078, 0.9990000128746033]], 'medium1.sigma_t.value.value': [0.44928762316703796], 'shape-plane.vertex_positions': [-5.791989326477051, 1.6361994743347168, 4.137889385223389, -6.134178638458252, 1.4884796142578125, .. 857 skipped .., 1.0732252597808838, -0.012071399949491024, 5.1473188400268555, 1.5426044464111328, -0.012071399949491024], 'PLYMesh.vertex_positions': [-0.10654518008232117, -0.28711727261543274, 1.1624749898910522, -0.18826353549957275, -0.33880600333213806, .. 107831 skipped .., -0.12597307562828064, 1.4806333780288696, -0.2866170406341553, -0.18464526534080505, 1.4728926420211792]}
Iteration 54
	total loss= 0.001253
Current scene parameters:
 	{'emitter-envmap.scale': [3.0], 'bsdf-diffuse.reflectance.value': [[0.18000000715255737, 0.18000000715255737, 0.18000000715255737]], 'object_bsdf.eta': [1.5499999523162842], 'object_bsdf.alpha.value': [0.009502243250608444], 'medium1.albedo.value.value': [[0.2630622386932373, 0.8675623536109924, 0.9990000128746033]], 'medium1.sigma_t.value.value': [0.4519161880016327], 'shape-plane.vertex_positions': [-5.791989326477051, 1.6361994743347168, 4.137889385223389, -6.134178638458252, 1.4884796142578125, .. 857 skipped .., 1.0732252597808838, -0.012071399949491024, 5.1473188400268555, 1.5426044464111328, -0.012071399949491024], 'PLYMesh.vertex_positions': [-0.10654518008232117, -0.28711727261543274, 1.1624749898910522, -0.18826353549957275, -0.33880600333213806, .. 107831 skipped .., -0.12597307562828064, 1.4806333780288696, -0.2866170406341553, -0.18464526534080505, 1.4728926420211792]}
Iteration 55
	total loss= 0.001378
Current scene parameters:
 	{'emitter-envmap.scale': [3.0], 'bsdf-diffuse.reflectance.value': [[0.18000000715255737, 0.18000000715255737, 0.18000000715255737]], 'object_bsdf.eta': [1.5499999523162842], 'object_bsdf.alpha.value': [0.016472844406962395], 'medium1.albedo.value.value': [[0.27991050481796265, 0.8672575950622559, 0.9990000128746033]], 'medium1.sigma_t.value.value': [0.4540919363498688], 'shape-plane.vertex_positions': [-5.791989326477051, 1.6361994743347168, 4.137889385223389, -6.134178638458252, 1.4884796142578125, .. 857 skipped .., 1.0732252597808838, -0.012071399949491024, 5.1473188400268555, 1.5426044464111328, -0.012071399949491024], 'PLYMesh.vertex_positions': [-0.10654518008232117, -0.28711727261543274, 1.1624749898910522, -0.18826353549957275, -0.33880600333213806, .. 107831 skipped .., -0.12597307562828064, 1.4806333780288696, -0.2866170406341553, -0.18464526534080505, 1.4728926420211792]}
Iteration 56
	total loss= 0.001043
Current scene parameters:
 	{'emitter-envmap.scale': [3.0], 'bsdf-diffuse.reflectance.value': [[0.18000000715255737, 0.18000000715255737, 0.18000000715255737]], 'object_bsdf.eta': [1.5499999523162842], 'object_bsdf.alpha.value': [0.02243177592754364], 'medium1.albedo.value.value': [[0.2971258759498596, 0.8654883503913879, 0.9990000128746033]], 'medium1.sigma_t.value.value': [0.45597073435783386], 'shape-plane.vertex_positions': [-5.791989326477051, 1.6361994743347168, 4.137889385223389, -6.134178638458252, 1.4884796142578125, .. 857 skipped .., 1.0732252597808838, -0.012071399949491024, 5.1473188400268555, 1.5426044464111328, -0.012071399949491024], 'PLYMesh.vertex_positions': [-0.10654518008232117, -0.28711727261543274, 1.1624749898910522, -0.18826353549957275, -0.33880600333213806, .. 107831 skipped .., -0.12597307562828064, 1.4806333780288696, -0.2866170406341553, -0.18464526534080505, 1.4728926420211792]}
Iteration 57
	total loss= 0.001104
Current scene parameters:
 	{'emitter-envmap.scale': [3.0], 'bsdf-diffuse.reflectance.value': [[0.18000000715255737, 0.18000000715255737, 0.18000000715255737]], 'object_bsdf.eta': [1.5499999523162842], 'object_bsdf.alpha.value': [0.027330851182341576], 'medium1.albedo.value.value': [[0.3146403133869171, 0.8630408644676208, 0.9990000128746033]], 'medium1.sigma_t.value.value': [0.45760786533355713], 'shape-plane.vertex_positions': [-5.791989326477051, 1.6361994743347168, 4.137889385223389, -6.134178638458252, 1.4884796142578125, .. 857 skipped .., 1.0732252597808838, -0.012071399949491024, 5.1473188400268555, 1.5426044464111328, -0.012071399949491024], 'PLYMesh.vertex_positions': [-0.10654518008232117, -0.28711727261543274, 1.1624749898910522, -0.18826353549957275, -0.33880600333213806, .. 107831 skipped .., -0.12597307562828064, 1.4806333780288696, -0.2866170406341553, -0.18464526534080505, 1.4728926420211792]}
Iteration 58
	total loss= 0.001171
Current scene parameters:
 	{'emitter-envmap.scale': [3.0], 'bsdf-diffuse.reflectance.value': [[0.18000000715255737, 0.18000000715255737, 0.18000000715255737]], 'object_bsdf.eta': [1.5499999523162842], 'object_bsdf.alpha.value': [0.03140779584646225], 'medium1.albedo.value.value': [[0.33231252431869507, 0.8602064251899719, 0.9990000128746033]], 'medium1.sigma_t.value.value': [0.459115207195282], 'shape-plane.vertex_positions': [-5.791989326477051, 1.6361994743347168, 4.137889385223389, -6.134178638458252, 1.4884796142578125, .. 857 skipped .., 1.0732252597808838, -0.012071399949491024, 5.1473188400268555, 1.5426044464111328, -0.012071399949491024], 'PLYMesh.vertex_positions': [-0.10654518008232117, -0.28711727261543274, 1.1624749898910522, -0.18826353549957275, -0.33880600333213806, .. 107831 skipped .., -0.12597307562828064, 1.4806333780288696, -0.2866170406341553, -0.18464526534080505, 1.4728926420211792]}
Iteration 59
	total loss= 0.001117
Current scene parameters:
 	{'emitter-envmap.scale': [3.0], 'bsdf-diffuse.reflectance.value': [[0.18000000715255737, 0.18000000715255737, 0.18000000715255737]], 'object_bsdf.eta': [1.549787163734436], 'object_bsdf.alpha.value': [0.03440794348716736], 'medium1.albedo.value.value': [[0.34999099373817444, 0.8574814200401306, 0.9990000128746033]], 'medium1.sigma_t.value.value': [0.46037209033966064], 'shape-plane.vertex_positions': [-5.791989326477051, 1.6361994743347168, 4.137889385223389, -6.134178638458252, 1.4884796142578125, .. 857 skipped .., 1.0732252597808838, -0.012071399949491024, 5.1473188400268555, 1.5426044464111328, -0.012071399949491024], 'PLYMesh.vertex_positions': [-0.10654518008232117, -0.28711727261543274, 1.1624749898910522, -0.18826353549957275, -0.33880600333213806, .. 107831 skipped .., -0.12597307562828064, 1.4806333780288696, -0.2866170406341553, -0.18464526534080505, 1.4728926420211792]}
Iteration 60
	total loss= 0.001214
Current scene parameters:
 	{'emitter-envmap.scale': [3.0], 'bsdf-diffuse.reflectance.value': [[0.18000000715255737, 0.18000000715255737, 0.18000000715255737]], 'object_bsdf.eta': [1.5493206977844238], 'object_bsdf.alpha.value': [0.036311082541942596], 'medium1.albedo.value.value': [[0.3675450384616852, 0.8551534414291382, 0.9990000128746033]], 'medium1.sigma_t.value.value': [0.46155214309692383], 'shape-plane.vertex_positions': [-5.791989326477051, 1.6361994743347168, 4.137889385223389, -6.134178638458252, 1.4884796142578125, .. 857 skipped .., 1.0732252597808838, -0.012071399949491024, 5.1473188400268555, 1.5426044464111328, -0.012071399949491024], 'PLYMesh.vertex_positions': [-0.10654518008232117, -0.28711727261543274, 1.1624749898910522, -0.18826353549957275, -0.33880600333213806, .. 107831 skipped .., -0.12597307562828064, 1.4806333780288696, -0.2866170406341553, -0.18464526534080505, 1.4728926420211792]}
Iteration 61
	total loss= 0.001097
Current scene parameters:
 	{'emitter-envmap.scale': [3.0], 'bsdf-diffuse.reflectance.value': [[0.18000000715255737, 0.18000000715255737, 0.18000000715255737]], 'object_bsdf.eta': [1.5487432479858398], 'object_bsdf.alpha.value': [0.037340618669986725], 'medium1.albedo.value.value': [[0.38485443592071533, 0.8535792827606201, 0.9990000128746033]], 'medium1.sigma_t.value.value': [0.46236538887023926], 'shape-plane.vertex_positions': [-5.791989326477051, 1.6361994743347168, 4.137889385223389, -6.134178638458252, 1.4884796142578125, .. 857 skipped .., 1.0732252597808838, -0.012071399949491024, 5.1473188400268555, 1.5426044464111328, -0.012071399949491024], 'PLYMesh.vertex_positions': [-0.10654518008232117, -0.28711727261543274, 1.1624749898910522, -0.18826353549957275, -0.33880600333213806, .. 107831 skipped .., -0.12597307562828064, 1.4806333780288696, -0.2866170406341553, -0.18464526534080505, 1.4728926420211792]}
Iteration 62
	total loss= 0.001218
Current scene parameters:
 	{'emitter-envmap.scale': [3.0], 'bsdf-diffuse.reflectance.value': [[0.18000000715255737, 0.18000000715255737, 0.18000000715255737]], 'object_bsdf.eta': [1.5480785369873047], 'object_bsdf.alpha.value': [0.03784489631652832], 'medium1.albedo.value.value': [[0.40182822942733765, 0.8530281782150269, 0.9990000128746033]], 'medium1.sigma_t.value.value': [0.4630686342716217], 'shape-plane.vertex_positions': [-5.791989326477051, 1.6361994743347168, 4.137889385223389, -6.134178638458252, 1.4884796142578125, .. 857 skipped .., 1.0732252597808838, -0.012071399949491024, 5.1473188400268555, 1.5426044464111328, -0.012071399949491024], 'PLYMesh.vertex_positions': [-0.10654518008232117, -0.28711727261543274, 1.1624749898910522, -0.18826353549957275, -0.33880600333213806, .. 107831 skipped .., -0.12597307562828064, 1.4806333780288696, -0.2866170406341553, -0.18464526534080505, 1.4728926420211792]}
Iteration 63
	total loss= 0.001205
Current scene parameters:
 	{'emitter-envmap.scale': [3.0], 'bsdf-diffuse.reflectance.value': [[0.18000000715255737, 0.18000000715255737, 0.18000000715255737]], 'object_bsdf.eta': [1.5474776029586792], 'object_bsdf.alpha.value': [0.037455275654792786], 'medium1.albedo.value.value': [[0.4183313846588135, 0.8534359335899353, 0.9990000128746033]], 'medium1.sigma_t.value.value': [0.4635511636734009], 'shape-plane.vertex_positions': [-5.791989326477051, 1.6361994743347168, 4.137889385223389, -6.134178638458252, 1.4884796142578125, .. 857 skipped .., 1.0732252597808838, -0.012071399949491024, 5.1473188400268555, 1.5426044464111328, -0.012071399949491024], 'PLYMesh.vertex_positions': [-0.10654518008232117, -0.28711727261543274, 1.1624749898910522, -0.18826353549957275, -0.33880600333213806, .. 107831 skipped .., -0.12597307562828064, 1.4806333780288696, -0.2866170406341553, -0.18464526534080505, 1.4728926420211792]}
Iteration 64
	total loss= 0.001219
Current scene parameters:
 	{'emitter-envmap.scale': [3.0], 'bsdf-diffuse.reflectance.value': [[0.18000000715255737, 0.18000000715255737, 0.18000000715255737]], 'object_bsdf.eta': [1.5470731258392334], 'object_bsdf.alpha.value': [0.03629273548722267], 'medium1.albedo.value.value': [[0.434174120426178, 0.8546803593635559, 0.9990000128746033]], 'medium1.sigma_t.value.value': [0.4640781283378601], 'shape-plane.vertex_positions': [-5.791989326477051, 1.6361994743347168, 4.137889385223389, -6.134178638458252, 1.4884796142578125, .. 857 skipped .., 1.0732252597808838, -0.012071399949491024, 5.1473188400268555, 1.5426044464111328, -0.012071399949491024], 'PLYMesh.vertex_positions': [-0.10654518008232117, -0.28711727261543274, 1.1624749898910522, -0.18826353549957275, -0.33880600333213806, .. 107831 skipped .., -0.12597307562828064, 1.4806333780288696, -0.2866170406341553, -0.18464526534080505, 1.4728926420211792]}
Iteration 65
	total loss= 0.000980
Current scene parameters:
 	{'emitter-envmap.scale': [3.0], 'bsdf-diffuse.reflectance.value': [[0.18000000715255737, 0.18000000715255737, 0.18000000715255737]], 'object_bsdf.eta': [1.5466550588607788], 'object_bsdf.alpha.value': [0.03447297587990761], 'medium1.albedo.value.value': [[0.4491381347179413, 0.8564531803131104, 0.9990000128746033]], 'medium1.sigma_t.value.value': [0.4644842743873596], 'shape-plane.vertex_positions': [-5.791989326477051, 1.6361994743347168, 4.137889385223389, -6.134178638458252, 1.4884796142578125, .. 857 skipped .., 1.0732252597808838, -0.012071399949491024, 5.1473188400268555, 1.5426044464111328, -0.012071399949491024], 'PLYMesh.vertex_positions': [-0.10654518008232117, -0.28711727261543274, 1.1624749898910522, -0.18826353549957275, -0.33880600333213806, .. 107831 skipped .., -0.12597307562828064, 1.4806333780288696, -0.2866170406341553, -0.18464526534080505, 1.4728926420211792]}
Iteration 66
	total loss= 0.000930
Current scene parameters:
 	{'emitter-envmap.scale': [3.0], 'bsdf-diffuse.reflectance.value': [[0.18000000715255737, 0.18000000715255737, 0.18000000715255737]], 'object_bsdf.eta': [1.546190619468689], 'object_bsdf.alpha.value': [0.03251337632536888], 'medium1.albedo.value.value': [[0.4630559980869293, 0.8583856821060181, 0.9990000128746033]], 'medium1.sigma_t.value.value': [0.4649408161640167], 'shape-plane.vertex_positions': [-5.791989326477051, 1.6361994743347168, 4.137889385223389, -6.134178638458252, 1.4884796142578125, .. 857 skipped .., 1.0732252597808838, -0.012071399949491024, 5.1473188400268555, 1.5426044464111328, -0.012071399949491024], 'PLYMesh.vertex_positions': [-0.10654518008232117, -0.28711727261543274, 1.1624749898910522, -0.18826353549957275, -0.33880600333213806, .. 107831 skipped .., -0.12597307562828064, 1.4806333780288696, -0.2866170406341553, -0.18464526534080505, 1.4728926420211792]}
Iteration 67
	total loss= 0.001099
Current scene parameters:
 	{'emitter-envmap.scale': [3.0], 'bsdf-diffuse.reflectance.value': [[0.18000000715255737, 0.18000000715255737, 0.18000000715255737]], 'object_bsdf.eta': [1.5455951690673828], 'object_bsdf.alpha.value': [0.030200710520148277], 'medium1.albedo.value.value': [[0.4757707118988037, 0.8604320883750916, 0.9990000128746033]], 'medium1.sigma_t.value.value': [0.4655548930168152], 'shape-plane.vertex_positions': [-5.791989326477051, 1.6361994743347168, 4.137889385223389, -6.134178638458252, 1.4884796142578125, .. 857 skipped .., 1.0732252597808838, -0.012071399949491024, 5.1473188400268555, 1.5426044464111328, -0.012071399949491024], 'PLYMesh.vertex_positions': [-0.10654518008232117, -0.28711727261543274, 1.1624749898910522, -0.18826353549957275, -0.33880600333213806, .. 107831 skipped .., -0.12597307562828064, 1.4806333780288696, -0.2866170406341553, -0.18464526534080505, 1.4728926420211792]}
Iteration 68
	total loss= 0.000851
Current scene parameters:
 	{'emitter-envmap.scale': [3.0], 'bsdf-diffuse.reflectance.value': [[0.18000000715255737, 0.18000000715255737, 0.18000000715255737]], 'object_bsdf.eta': [1.5450763702392578], 'object_bsdf.alpha.value': [0.027687862515449524], 'medium1.albedo.value.value': [[0.48708781599998474, 0.8622549772262573, 0.9990000128746033]], 'medium1.sigma_t.value.value': [0.46632108092308044], 'shape-plane.vertex_positions': [-5.791989326477051, 1.6361994743347168, 4.137889385223389, -6.134178638458252, 1.4884796142578125, .. 857 skipped .., 1.0732252597808838, -0.012071399949491024, 5.1473188400268555, 1.5426044464111328, -0.012071399949491024], 'PLYMesh.vertex_positions': [-0.10654518008232117, -0.28711727261543274, 1.1624749898910522, -0.18826353549957275, -0.33880600333213806, .. 107831 skipped .., -0.12597307562828064, 1.4806333780288696, -0.2866170406341553, -0.18464526534080505, 1.4728926420211792]}
Iteration 69
	total loss= 0.000873
Current scene parameters:
 	{'emitter-envmap.scale': [3.0], 'bsdf-diffuse.reflectance.value': [[0.18000000715255737, 0.18000000715255737, 0.18000000715255737]], 'object_bsdf.eta': [1.5443828105926514], 'object_bsdf.alpha.value': [0.025088995695114136], 'medium1.albedo.value.value': [[0.4967047870159149, 0.8634219169616699, 0.9990000128746033]], 'medium1.sigma_t.value.value': [0.4673026204109192], 'shape-plane.vertex_positions': [-5.791989326477051, 1.6361994743347168, 4.137889385223389, -6.134178638458252, 1.4884796142578125, .. 857 skipped .., 1.0732252597808838, -0.012071399949491024, 5.1473188400268555, 1.5426044464111328, -0.012071399949491024], 'PLYMesh.vertex_positions': [-0.10654518008232117, -0.28711727261543274, 1.1624749898910522, -0.18826353549957275, -0.33880600333213806, .. 107831 skipped .., -0.12597307562828064, 1.4806333780288696, -0.2866170406341553, -0.18464526534080505, 1.4728926420211792]}
Iteration 70
	total loss= 0.000786
Current scene parameters:
 	{'emitter-envmap.scale': [3.0], 'bsdf-diffuse.reflectance.value': [[0.18000000715255737, 0.18000000715255737, 0.18000000715255737]], 'object_bsdf.eta': [1.5437052249908447], 'object_bsdf.alpha.value': [0.02205941081047058], 'medium1.albedo.value.value': [[0.5046141743659973, 0.8639569282531738, 0.9990000128746033]], 'medium1.sigma_t.value.value': [0.46866708993911743], 'shape-plane.vertex_positions': [-5.791989326477051, 1.6361994743347168, 4.137889385223389, -6.134178638458252, 1.4884796142578125, .. 857 skipped .., 1.0732252597808838, -0.012071399949491024, 5.1473188400268555, 1.5426044464111328, -0.012071399949491024], 'PLYMesh.vertex_positions': [-0.10654518008232117, -0.28711727261543274, 1.1624749898910522, -0.18826353549957275, -0.33880600333213806, .. 107831 skipped .., -0.12597307562828064, 1.4806333780288696, -0.2866170406341553, -0.18464526534080505, 1.4728926420211792]}
Iteration 71
	total loss= 0.000822
Current scene parameters:
 	{'emitter-envmap.scale': [3.0], 'bsdf-diffuse.reflectance.value': [[0.18000000715255737, 0.18000000715255737, 0.18000000715255737]], 'object_bsdf.eta': [1.5429078340530396], 'object_bsdf.alpha.value': [0.019130894914269447], 'medium1.albedo.value.value': [[0.5108001828193665, 0.8637825846672058, 0.9990000128746033]], 'medium1.sigma_t.value.value': [0.47009918093681335], 'shape-plane.vertex_positions': [-5.791989326477051, 1.6361994743347168, 4.137889385223389, -6.134178638458252, 1.4884796142578125, .. 857 skipped .., 1.0732252597808838, -0.012071399949491024, 5.1473188400268555, 1.5426044464111328, -0.012071399949491024], 'PLYMesh.vertex_positions': [-0.10654518008232117, -0.28711727261543274, 1.1624749898910522, -0.18826353549957275, -0.33880600333213806, .. 107831 skipped .., -0.12597307562828064, 1.4806333780288696, -0.2866170406341553, -0.18464526534080505, 1.4728926420211792]}
Iteration 72
	total loss= 0.000772
Current scene parameters:
 	{'emitter-envmap.scale': [3.0], 'bsdf-diffuse.reflectance.value': [[0.18000000715255737, 0.18000000715255737, 0.18000000715255737]], 'object_bsdf.eta': [1.5422847270965576], 'object_bsdf.alpha.value': [0.01632581278681755], 'medium1.albedo.value.value': [[0.5152157545089722, 0.8627670407295227, 0.9990000128746033]], 'medium1.sigma_t.value.value': [0.4718626141548157], 'shape-plane.vertex_positions': [-5.791989326477051, 1.6361994743347168, 4.137889385223389, -6.134178638458252, 1.4884796142578125, .. 857 skipped .., 1.0732252597808838, -0.012071399949491024, 5.1473188400268555, 1.5426044464111328, -0.012071399949491024], 'PLYMesh.vertex_positions': [-0.10654518008232117, -0.28711727261543274, 1.1624749898910522, -0.18826353549957275, -0.33880600333213806, .. 107831 skipped .., -0.12597307562828064, 1.4806333780288696, -0.2866170406341553, -0.18464526534080505, 1.4728926420211792]}
Iteration 73
	total loss= 0.000736
Current scene parameters:
 	{'emitter-envmap.scale': [3.0], 'bsdf-diffuse.reflectance.value': [[0.18000000715255737, 0.18000000715255737, 0.18000000715255737]], 'object_bsdf.eta': [1.541982889175415], 'object_bsdf.alpha.value': [0.014022057875990868], 'medium1.albedo.value.value': [[0.5179089307785034, 0.8609985709190369, 0.9990000128746033]], 'medium1.sigma_t.value.value': [0.4737858772277832], 'shape-plane.vertex_positions': [-5.791989326477051, 1.6361994743347168, 4.137889385223389, -6.134178638458252, 1.4884796142578125, .. 857 skipped .., 1.0732252597808838, -0.012071399949491024, 5.1473188400268555, 1.5426044464111328, -0.012071399949491024], 'PLYMesh.vertex_positions': [-0.10654518008232117, -0.28711727261543274, 1.1624749898910522, -0.18826353549957275, -0.33880600333213806, .. 107831 skipped .., -0.12597307562828064, 1.4806333780288696, -0.2866170406341553, -0.18464526534080505, 1.4728926420211792]}
Iteration 74
	total loss= 0.000722
Current scene parameters:
 	{'emitter-envmap.scale': [3.0], 'bsdf-diffuse.reflectance.value': [[0.18000000715255737, 0.18000000715255737, 0.18000000715255737]], 'object_bsdf.eta': [1.541846752166748], 'object_bsdf.alpha.value': [0.012106579728424549], 'medium1.albedo.value.value': [[0.5189654231071472, 0.8587186336517334, 0.9990000128746033]], 'medium1.sigma_t.value.value': [0.47613221406936646], 'shape-plane.vertex_positions': [-5.791989326477051, 1.6361994743347168, 4.137889385223389, -6.134178638458252, 1.4884796142578125, .. 857 skipped .., 1.0732252597808838, -0.012071399949491024, 5.1473188400268555, 1.5426044464111328, -0.012071399949491024], 'PLYMesh.vertex_positions': [-0.10654518008232117, -0.28711727261543274, 1.1624749898910522, -0.18826353549957275, -0.33880600333213806, .. 107831 skipped .., -0.12597307562828064, 1.4806333780288696, -0.2866170406341553, -0.18464526534080505, 1.4728926420211792]}
Iteration 75
	total loss= 0.000850
Current scene parameters:
 	{'emitter-envmap.scale': [3.0], 'bsdf-diffuse.reflectance.value': [[0.18000000715255737, 0.18000000715255737, 0.18000000715255737]], 'object_bsdf.eta': [1.5427882671356201], 'object_bsdf.alpha.value': [0.009893464855849743], 'medium1.albedo.value.value': [[0.5184532999992371, 0.8561787605285645, 0.9990000128746033]], 'medium1.sigma_t.value.value': [0.4786442518234253], 'shape-plane.vertex_positions': [-5.791989326477051, 1.6361994743347168, 4.137889385223389, -6.134178638458252, 1.4884796142578125, .. 857 skipped .., 1.0732252597808838, -0.012071399949491024, 5.1473188400268555, 1.5426044464111328, -0.012071399949491024], 'PLYMesh.vertex_positions': [-0.10654518008232117, -0.28711727261543274, 1.1624749898910522, -0.18826353549957275, -0.33880600333213806, .. 107831 skipped .., -0.12597307562828064, 1.4806333780288696, -0.2866170406341553, -0.18464526534080505, 1.4728926420211792]}
Iteration 76
	total loss= 0.000818
Current scene parameters:
 	{'emitter-envmap.scale': [3.0], 'bsdf-diffuse.reflectance.value': [[0.18000000715255737, 0.18000000715255737, 0.18000000715255737]], 'object_bsdf.eta': [1.5432578325271606], 'object_bsdf.alpha.value': [0.007168494164943695], 'medium1.albedo.value.value': [[0.5166189670562744, 0.8538104295730591, 0.9990000128746033]], 'medium1.sigma_t.value.value': [0.4810764789581299], 'shape-plane.vertex_positions': [-5.791989326477051, 1.6361994743347168, 4.137889385223389, -6.134178638458252, 1.4884796142578125, .. 857 skipped .., 1.0732252597808838, -0.012071399949491024, 5.1473188400268555, 1.5426044464111328, -0.012071399949491024], 'PLYMesh.vertex_positions': [-0.10654518008232117, -0.28711727261543274, 1.1624749898910522, -0.18826353549957275, -0.33880600333213806, .. 107831 skipped .., -0.12597307562828064, 1.4806333780288696, -0.2866170406341553, -0.18464526534080505, 1.4728926420211792]}
Iteration 77
	total loss= 0.000778
Current scene parameters:
 	{'emitter-envmap.scale': [3.0], 'bsdf-diffuse.reflectance.value': [[0.18000000715255737, 0.18000000715255737, 0.18000000715255737]], 'object_bsdf.eta': [1.5433355569839478], 'object_bsdf.alpha.value': [0.004279106855392456], 'medium1.albedo.value.value': [[0.513603925704956, 0.8515989184379578, 0.9990000128746033]], 'medium1.sigma_t.value.value': [0.4834722578525543], 'shape-plane.vertex_positions': [-5.791989326477051, 1.6361994743347168, 4.137889385223389, -6.134178638458252, 1.4884796142578125, .. 857 skipped .., 1.0732252597808838, -0.012071399949491024, 5.1473188400268555, 1.5426044464111328, -0.012071399949491024], 'PLYMesh.vertex_positions': [-0.10654518008232117, -0.28711727261543274, 1.1624749898910522, -0.18826353549957275, -0.33880600333213806, .. 107831 skipped .., -0.12597307562828064, 1.4806333780288696, -0.2866170406341553, -0.18464526534080505, 1.4728926420211792]}
Iteration 78
	total loss= 0.000792
Current scene parameters:
 	{'emitter-envmap.scale': [3.0], 'bsdf-diffuse.reflectance.value': [[0.18000000715255737, 0.18000000715255737, 0.18000000715255737]], 'object_bsdf.eta': [1.5432794094085693], 'object_bsdf.alpha.value': [0.0010000000474974513], 'medium1.albedo.value.value': [[0.5095804929733276, 0.8496506214141846, 0.9990000128746033]], 'medium1.sigma_t.value.value': [0.48586058616638184], 'shape-plane.vertex_positions': [-5.791989326477051, 1.6361994743347168, 4.137889385223389, -6.134178638458252, 1.4884796142578125, .. 857 skipped .., 1.0732252597808838, -0.012071399949491024, 5.1473188400268555, 1.5426044464111328, -0.012071399949491024], 'PLYMesh.vertex_positions': [-0.10654518008232117, -0.28711727261543274, 1.1624749898910522, -0.18826353549957275, -0.33880600333213806, .. 107831 skipped .., -0.12597307562828064, 1.4806333780288696, -0.2866170406341553, -0.18464526534080505, 1.4728926420211792]}
Iteration 79
	total loss= 0.000756
Current scene parameters:
 	{'emitter-envmap.scale': [3.0], 'bsdf-diffuse.reflectance.value': [[0.18000000715255737, 0.18000000715255737, 0.18000000715255737]], 'object_bsdf.eta': [1.5442153215408325], 'object_bsdf.alpha.value': [0.0019308720948174596], 'medium1.albedo.value.value': [[0.5047828555107117, 0.8481450080871582, 0.9990000128746033]], 'medium1.sigma_t.value.value': [0.4883243441581726], 'shape-plane.vertex_positions': [-5.791989326477051, 1.6361994743347168, 4.137889385223389, -6.134178638458252, 1.4884796142578125, .. 857 skipped .., 1.0732252597808838, -0.012071399949491024, 5.1473188400268555, 1.5426044464111328, -0.012071399949491024], 'PLYMesh.vertex_positions': [-0.10654518008232117, -0.28711727261543274, 1.1624749898910522, -0.18826353549957275, -0.33880600333213806, .. 107831 skipped .., -0.12597307562828064, 1.4806333780288696, -0.2866170406341553, -0.18464526534080505, 1.4728926420211792]}
Iteration 80
	total loss= 0.000589
Current scene parameters:
 	{'emitter-envmap.scale': [3.0], 'bsdf-diffuse.reflectance.value': [[0.18000000715255737, 0.18000000715255737, 0.18000000715255737]], 'object_bsdf.eta': [1.5448598861694336], 'object_bsdf.alpha.value': [0.007741251960396767], 'medium1.albedo.value.value': [[0.49952390789985657, 0.847248911857605, 0.9990000128746033]], 'medium1.sigma_t.value.value': [0.4906422197818756], 'shape-plane.vertex_positions': [-5.791989326477051, 1.6361994743347168, 4.137889385223389, -6.134178638458252, 1.4884796142578125, .. 857 skipped .., 1.0732252597808838, -0.012071399949491024, 5.1473188400268555, 1.5426044464111328, -0.012071399949491024], 'PLYMesh.vertex_positions': [-0.10654518008232117, -0.28711727261543274, 1.1624749898910522, -0.18826353549957275, -0.33880600333213806, .. 107831 skipped .., -0.12597307562828064, 1.4806333780288696, -0.2866170406341553, -0.18464526534080505, 1.4728926420211792]}
Iteration 81
	total loss= 0.000741
Current scene parameters:
 	{'emitter-envmap.scale': [3.0], 'bsdf-diffuse.reflectance.value': [[0.18000000715255737, 0.18000000715255737, 0.18000000715255737]], 'object_bsdf.eta': [1.544474720954895], 'object_bsdf.alpha.value': [0.01328957173973322], 'medium1.albedo.value.value': [[0.4941272735595703, 0.8472341299057007, 0.9990000128746033]], 'medium1.sigma_t.value.value': [0.49275529384613037], 'shape-plane.vertex_positions': [-5.791989326477051, 1.6361994743347168, 4.137889385223389, -6.134178638458252, 1.4884796142578125, .. 857 skipped .., 1.0732252597808838, -0.012071399949491024, 5.1473188400268555, 1.5426044464111328, -0.012071399949491024], 'PLYMesh.vertex_positions': [-0.10654518008232117, -0.28711727261543274, 1.1624749898910522, -0.18826353549957275, -0.33880600333213806, .. 107831 skipped .., -0.12597307562828064, 1.4806333780288696, -0.2866170406341553, -0.18464526534080505, 1.4728926420211792]}
Iteration 82
	total loss= 0.000814
Current scene parameters:
 	{'emitter-envmap.scale': [3.0], 'bsdf-diffuse.reflectance.value': [[0.18000000715255737, 0.18000000715255737, 0.18000000715255737]], 'object_bsdf.eta': [1.543395757675171], 'object_bsdf.alpha.value': [0.018244555220007896], 'medium1.albedo.value.value': [[0.48866188526153564, 0.8481325507164001, 0.9990000128746033]], 'medium1.sigma_t.value.value': [0.49472150206565857], 'shape-plane.vertex_positions': [-5.791989326477051, 1.6361994743347168, 4.137889385223389, -6.134178638458252, 1.4884796142578125, .. 857 skipped .., 1.0732252597808838, -0.012071399949491024, 5.1473188400268555, 1.5426044464111328, -0.012071399949491024], 'PLYMesh.vertex_positions': [-0.10654518008232117, -0.28711727261543274, 1.1624749898910522, -0.18826353549957275, -0.33880600333213806, .. 107831 skipped .., -0.12597307562828064, 1.4806333780288696, -0.2866170406341553, -0.18464526534080505, 1.4728926420211792]}
Iteration 83
	total loss= 0.000742
Current scene parameters:
 	{'emitter-envmap.scale': [3.0], 'bsdf-diffuse.reflectance.value': [[0.18000000715255737, 0.18000000715255737, 0.18000000715255737]], 'object_bsdf.eta': [1.5422790050506592], 'object_bsdf.alpha.value': [0.02222871407866478], 'medium1.albedo.value.value': [[0.48329561948776245, 0.8499939441680908, 0.9990000128746033]], 'medium1.sigma_t.value.value': [0.4964500069618225], 'shape-plane.vertex_positions': [-5.791989326477051, 1.6361994743347168, 4.137889385223389, -6.134178638458252, 1.4884796142578125, .. 857 skipped .., 1.0732252597808838, -0.012071399949491024, 5.1473188400268555, 1.5426044464111328, -0.012071399949491024], 'PLYMesh.vertex_positions': [-0.10654518008232117, -0.28711727261543274, 1.1624749898910522, -0.18826353549957275, -0.33880600333213806, .. 107831 skipped .., -0.12597307562828064, 1.4806333780288696, -0.2866170406341553, -0.18464526534080505, 1.4728926420211792]}
Iteration 84
	total loss= 0.000698
Current scene parameters:
 	{'emitter-envmap.scale': [3.0], 'bsdf-diffuse.reflectance.value': [[0.18000000715255737, 0.18000000715255737, 0.18000000715255737]], 'object_bsdf.eta': [1.5416113138198853], 'object_bsdf.alpha.value': [0.025597453117370605], 'medium1.albedo.value.value': [[0.47829657793045044, 0.8527736067771912, 0.9990000128746033]], 'medium1.sigma_t.value.value': [0.49811360239982605], 'shape-plane.vertex_positions': [-5.791989326477051, 1.6361994743347168, 4.137889385223389, -6.134178638458252, 1.4884796142578125, .. 857 skipped .., 1.0732252597808838, -0.012071399949491024, 5.1473188400268555, 1.5426044464111328, -0.012071399949491024], 'PLYMesh.vertex_positions': [-0.10654518008232117, -0.28711727261543274, 1.1624749898910522, -0.18826353549957275, -0.33880600333213806, .. 107831 skipped .., -0.12597307562828064, 1.4806333780288696, -0.2866170406341553, -0.18464526534080505, 1.4728926420211792]}
Iteration 85
	total loss= 0.000893
Current scene parameters:
 	{'emitter-envmap.scale': [3.0], 'bsdf-diffuse.reflectance.value': [[0.18000000715255737, 0.18000000715255737, 0.18000000715255737]], 'object_bsdf.eta': [1.5405389070510864], 'object_bsdf.alpha.value': [0.027934355661273003], 'medium1.albedo.value.value': [[0.4737949073314667, 0.8560831546783447, 0.9990000128746033]], 'medium1.sigma_t.value.value': [0.4996703267097473], 'shape-plane.vertex_positions': [-5.791989326477051, 1.6361994743347168, 4.137889385223389, -6.134178638458252, 1.4884796142578125, .. 857 skipped .., 1.0732252597808838, -0.012071399949491024, 5.1473188400268555, 1.5426044464111328, -0.012071399949491024], 'PLYMesh.vertex_positions': [-0.10654518008232117, -0.28711727261543274, 1.1624749898910522, -0.18826353549957275, -0.33880600333213806, .. 107831 skipped .., -0.12597307562828064, 1.4806333780288696, -0.2866170406341553, -0.18464526534080505, 1.4728926420211792]}
Iteration 86
	total loss= 0.000712
Current scene parameters:
 	{'emitter-envmap.scale': [3.0], 'bsdf-diffuse.reflectance.value': [[0.18000000715255737, 0.18000000715255737, 0.18000000715255737]], 'object_bsdf.eta': [1.5392781496047974], 'object_bsdf.alpha.value': [0.029558148235082626], 'medium1.albedo.value.value': [[0.4699344336986542, 0.8598161339759827, 0.9990000128746033]], 'medium1.sigma_t.value.value': [0.5010091662406921], 'shape-plane.vertex_positions': [-5.791989326477051, 1.6361994743347168, 4.137889385223389, -6.134178638458252, 1.4884796142578125, .. 857 skipped .., 1.0732252597808838, -0.012071399949491024, 5.1473188400268555, 1.5426044464111328, -0.012071399949491024], 'PLYMesh.vertex_positions': [-0.10654518008232117, -0.28711727261543274, 1.1624749898910522, -0.18826353549957275, -0.33880600333213806, .. 107831 skipped .., -0.12597307562828064, 1.4806333780288696, -0.2866170406341553, -0.18464526534080505, 1.4728926420211792]}
Iteration 87
	total loss= 0.001009
Current scene parameters:
 	{'emitter-envmap.scale': [3.0], 'bsdf-diffuse.reflectance.value': [[0.18000000715255737, 0.18000000715255737, 0.18000000715255737]], 'object_bsdf.eta': [1.5382707118988037], 'object_bsdf.alpha.value': [0.030293680727481842], 'medium1.albedo.value.value': [[0.46680447459220886, 0.8638952970504761, 0.9990000128746033]], 'medium1.sigma_t.value.value': [0.5020361542701721], 'shape-plane.vertex_positions': [-5.791989326477051, 1.6361994743347168, 4.137889385223389, -6.134178638458252, 1.4884796142578125, .. 857 skipped .., 1.0732252597808838, -0.012071399949491024, 5.1473188400268555, 1.5426044464111328, -0.012071399949491024], 'PLYMesh.vertex_positions': [-0.10654518008232117, -0.28711727261543274, 1.1624749898910522, -0.18826353549957275, -0.33880600333213806, .. 107831 skipped .., -0.12597307562828064, 1.4806333780288696, -0.2866170406341553, -0.18464526534080505, 1.4728926420211792]}
Iteration 88
	total loss= 0.001026
Current scene parameters:
 	{'emitter-envmap.scale': [3.0], 'bsdf-diffuse.reflectance.value': [[0.18000000715255737, 0.18000000715255737, 0.18000000715255737]], 'object_bsdf.eta': [1.5374027490615845], 'object_bsdf.alpha.value': [0.030453676357865334], 'medium1.albedo.value.value': [[0.4644037187099457, 0.8676730990409851, 0.9990000128746033]], 'medium1.sigma_t.value.value': [0.5028429627418518], 'shape-plane.vertex_positions': [-5.791989326477051, 1.6361994743347168, 4.137889385223389, -6.134178638458252, 1.4884796142578125, .. 857 skipped .., 1.0732252597808838, -0.012071399949491024, 5.1473188400268555, 1.5426044464111328, -0.012071399949491024], 'PLYMesh.vertex_positions': [-0.10654518008232117, -0.28711727261543274, 1.1624749898910522, -0.18826353549957275, -0.33880600333213806, .. 107831 skipped .., -0.12597307562828064, 1.4806333780288696, -0.2866170406341553, -0.18464526534080505, 1.4728926420211792]}
Iteration 89
	total loss= 0.000876
Current scene parameters:
 	{'emitter-envmap.scale': [3.0], 'bsdf-diffuse.reflectance.value': [[0.18000000715255737, 0.18000000715255737, 0.18000000715255737]], 'object_bsdf.eta': [1.5363258123397827], 'object_bsdf.alpha.value': [0.03011339157819748], 'medium1.albedo.value.value': [[0.46268147230148315, 0.8706490993499756, 0.9990000128746033]], 'medium1.sigma_t.value.value': [0.5035479664802551], 'shape-plane.vertex_positions': [-5.791989326477051, 1.6361994743347168, 4.137889385223389, -6.134178638458252, 1.4884796142578125, .. 857 skipped .., 1.0732252597808838, -0.012071399949491024, 5.1473188400268555, 1.5426044464111328, -0.012071399949491024], 'PLYMesh.vertex_positions': [-0.10654518008232117, -0.28711727261543274, 1.1624749898910522, -0.18826353549957275, -0.33880600333213806, .. 107831 skipped .., -0.12597307562828064, 1.4806333780288696, -0.2866170406341553, -0.18464526534080505, 1.4728926420211792]}
Iteration 90
	total loss= 0.000982
Current scene parameters:
 	{'emitter-envmap.scale': [3.0], 'bsdf-diffuse.reflectance.value': [[0.18000000715255737, 0.18000000715255737, 0.18000000715255737]], 'object_bsdf.eta': [1.534880518913269], 'object_bsdf.alpha.value': [0.02938777022063732], 'medium1.albedo.value.value': [[0.4616212844848633, 0.8722949028015137, 0.9990000128746033]], 'medium1.sigma_t.value.value': [0.5043544769287109], 'shape-plane.vertex_positions': [-5.791989326477051, 1.6361994743347168, 4.137889385223389, -6.134178638458252, 1.4884796142578125, .. 857 skipped .., 1.0732252597808838, -0.012071399949491024, 5.1473188400268555, 1.5426044464111328, -0.012071399949491024], 'PLYMesh.vertex_positions': [-0.10654518008232117, -0.28711727261543274, 1.1624749898910522, -0.18826353549957275, -0.33880600333213806, .. 107831 skipped .., -0.12597307562828064, 1.4806333780288696, -0.2866170406341553, -0.18464526534080505, 1.4728926420211792]}
Iteration 91
	total loss= 0.001069
Current scene parameters:
 	{'emitter-envmap.scale': [3.0], 'bsdf-diffuse.reflectance.value': [[0.18000000715255737, 0.18000000715255737, 0.18000000715255737]], 'object_bsdf.eta': [1.5334389209747314], 'object_bsdf.alpha.value': [0.027990229427814484], 'medium1.albedo.value.value': [[0.46130356192588806, 0.872518002986908, 0.9990000128746033]], 'medium1.sigma_t.value.value': [0.5051888227462769], 'shape-plane.vertex_positions': [-5.791989326477051, 1.6361994743347168, 4.137889385223389, -6.134178638458252, 1.4884796142578125, .. 857 skipped .., 1.0732252597808838, -0.012071399949491024, 5.1473188400268555, 1.5426044464111328, -0.012071399949491024], 'PLYMesh.vertex_positions': [-0.10654518008232117, -0.28711727261543274, 1.1624749898910522, -0.18826353549957275, -0.33880600333213806, .. 107831 skipped .., -0.12597307562828064, 1.4806333780288696, -0.2866170406341553, -0.18464526534080505, 1.4728926420211792]}
Iteration 92
	total loss= 0.001054
Current scene parameters:
 	{'emitter-envmap.scale': [3.0], 'bsdf-diffuse.reflectance.value': [[0.18000000715255737, 0.18000000715255737, 0.18000000715255737]], 'object_bsdf.eta': [1.5315035581588745], 'object_bsdf.alpha.value': [0.02635396085679531], 'medium1.albedo.value.value': [[0.4616735875606537, 0.871595025062561, 0.9990000128746033]], 'medium1.sigma_t.value.value': [0.505846381187439], 'shape-plane.vertex_positions': [-5.791989326477051, 1.6361994743347168, 4.137889385223389, -6.134178638458252, 1.4884796142578125, .. 857 skipped .., 1.0732252597808838, -0.012071399949491024, 5.1473188400268555, 1.5426044464111328, -0.012071399949491024], 'PLYMesh.vertex_positions': [-0.10654518008232117, -0.28711727261543274, 1.1624749898910522, -0.18826353549957275, -0.33880600333213806, .. 107831 skipped .., -0.12597307562828064, 1.4806333780288696, -0.2866170406341553, -0.18464526534080505, 1.4728926420211792]}
Iteration 93
	total loss= 0.000900
Current scene parameters:
 	{'emitter-envmap.scale': [3.0], 'bsdf-diffuse.reflectance.value': [[0.18000000715255737, 0.18000000715255737, 0.18000000715255737]], 'object_bsdf.eta': [1.529599905014038], 'object_bsdf.alpha.value': [0.024338962510228157], 'medium1.albedo.value.value': [[0.46253758668899536, 0.8694765567779541, 0.9990000128746033]], 'medium1.sigma_t.value.value': [0.5067163109779358], 'shape-plane.vertex_positions': [-5.791989326477051, 1.6361994743347168, 4.137889385223389, -6.134178638458252, 1.4884796142578125, .. 857 skipped .., 1.0732252597808838, -0.012071399949491024, 5.1473188400268555, 1.5426044464111328, -0.012071399949491024], 'PLYMesh.vertex_positions': [-0.10654518008232117, -0.28711727261543274, 1.1624749898910522, -0.18826353549957275, -0.33880600333213806, .. 107831 skipped .., -0.12597307562828064, 1.4806333780288696, -0.2866170406341553, -0.18464526534080505, 1.4728926420211792]}
Iteration 94
	total loss= 0.000970
Current scene parameters:
 	{'emitter-envmap.scale': [3.0], 'bsdf-diffuse.reflectance.value': [[0.18000000715255737, 0.18000000715255737, 0.18000000715255737]], 'object_bsdf.eta': [1.5277035236358643], 'object_bsdf.alpha.value': [0.021719614043831825], 'medium1.albedo.value.value': [[0.46386075019836426, 0.8664213418960571, 0.9990000128746033]], 'medium1.sigma_t.value.value': [0.5075259208679199], 'shape-plane.vertex_positions': [-5.791989326477051, 1.6361994743347168, 4.137889385223389, -6.134178638458252, 1.4884796142578125, .. 857 skipped .., 1.0732252597808838, -0.012071399949491024, 5.1473188400268555, 1.5426044464111328, -0.012071399949491024], 'PLYMesh.vertex_positions': [-0.10654518008232117, -0.28711727261543274, 1.1624749898910522, -0.18826353549957275, -0.33880600333213806, .. 107831 skipped .., -0.12597307562828064, 1.4806333780288696, -0.2866170406341553, -0.18464526534080505, 1.4728926420211792]}
Iteration 95
	total loss= 0.000799
Current scene parameters:
 	{'emitter-envmap.scale': [3.0], 'bsdf-diffuse.reflectance.value': [[0.18000000715255737, 0.18000000715255737, 0.18000000715255737]], 'object_bsdf.eta': [1.5256673097610474], 'object_bsdf.alpha.value': [0.018672101199626923], 'medium1.albedo.value.value': [[0.4655338525772095, 0.862622857093811, 0.9990000128746033]], 'medium1.sigma_t.value.value': [0.5084466338157654], 'shape-plane.vertex_positions': [-5.791989326477051, 1.6361994743347168, 4.137889385223389, -6.134178638458252, 1.4884796142578125, .. 857 skipped .., 1.0732252597808838, -0.012071399949491024, 5.1473188400268555, 1.5426044464111328, -0.012071399949491024], 'PLYMesh.vertex_positions': [-0.10654518008232117, -0.28711727261543274, 1.1624749898910522, -0.18826353549957275, -0.33880600333213806, .. 107831 skipped .., -0.12597307562828064, 1.4806333780288696, -0.2866170406341553, -0.18464526534080505, 1.4728926420211792]}
Iteration 96
	total loss= 0.000870
Current scene parameters:
 	{'emitter-envmap.scale': [3.0], 'bsdf-diffuse.reflectance.value': [[0.18000000715255737, 0.18000000715255737, 0.18000000715255737]], 'object_bsdf.eta': [1.524239420890808], 'object_bsdf.alpha.value': [0.01536794938147068], 'medium1.albedo.value.value': [[0.46747058629989624, 0.8586004972457886, 0.9990000128746033]], 'medium1.sigma_t.value.value': [0.5092390775680542], 'shape-plane.vertex_positions': [-5.791989326477051, 1.6361994743347168, 4.137889385223389, -6.134178638458252, 1.4884796142578125, .. 857 skipped .., 1.0732252597808838, -0.012071399949491024, 5.1473188400268555, 1.5426044464111328, -0.012071399949491024], 'PLYMesh.vertex_positions': [-0.10654518008232117, -0.28711727261543274, 1.1624749898910522, -0.18826353549957275, -0.33880600333213806, .. 107831 skipped .., -0.12597307562828064, 1.4806333780288696, -0.2866170406341553, -0.18464526534080505, 1.4728926420211792]}
Iteration 97
	total loss= 0.000763
Current scene parameters:
 	{'emitter-envmap.scale': [3.0], 'bsdf-diffuse.reflectance.value': [[0.18000000715255737, 0.18000000715255737, 0.18000000715255737]], 'object_bsdf.eta': [1.52291738986969], 'object_bsdf.alpha.value': [0.012720933184027672], 'medium1.albedo.value.value': [[0.46956849098205566, 0.8547141551971436, 0.9990000128746033]], 'medium1.sigma_t.value.value': [0.5099635124206543], 'shape-plane.vertex_positions': [-5.791989326477051, 1.6361994743347168, 4.137889385223389, -6.134178638458252, 1.4884796142578125, .. 857 skipped .., 1.0732252597808838, -0.012071399949491024, 5.1473188400268555, 1.5426044464111328, -0.012071399949491024], 'PLYMesh.vertex_positions': [-0.10654518008232117, -0.28711727261543274, 1.1624749898910522, -0.18826353549957275, -0.33880600333213806, .. 107831 skipped .., -0.12597307562828064, 1.4806333780288696, -0.2866170406341553, -0.18464526534080505, 1.4728926420211792]}
Iteration 98
	total loss= 0.000557
Current scene parameters:
 	{'emitter-envmap.scale': [3.0], 'bsdf-diffuse.reflectance.value': [[0.18000000715255737, 0.18000000715255737, 0.18000000715255737]], 'object_bsdf.eta': [1.5221930742263794], 'object_bsdf.alpha.value': [0.010356261394917965], 'medium1.albedo.value.value': [[0.4717158079147339, 0.851301372051239, 0.9990000128746033]], 'medium1.sigma_t.value.value': [0.5108996033668518], 'shape-plane.vertex_positions': [-5.791989326477051, 1.6361994743347168, 4.137889385223389, -6.134178638458252, 1.4884796142578125, .. 857 skipped .., 1.0732252597808838, -0.012071399949491024, 5.1473188400268555, 1.5426044464111328, -0.012071399949491024], 'PLYMesh.vertex_positions': [-0.10654518008232117, -0.28711727261543274, 1.1624749898910522, -0.18826353549957275, -0.33880600333213806, .. 107831 skipped .., -0.12597307562828064, 1.4806333780288696, -0.2866170406341553, -0.18464526534080505, 1.4728926420211792]}
Iteration 99
	total loss= 0.000816
Current scene parameters:
 	{'emitter-envmap.scale': [3.0], 'bsdf-diffuse.reflectance.value': [[0.18000000715255737, 0.18000000715255737, 0.18000000715255737]], 'object_bsdf.eta': [1.5203015804290771], 'object_bsdf.alpha.value': [0.009253861382603645], 'medium1.albedo.value.value': [[0.47389137744903564, 0.8484749794006348, 0.9990000128746033]], 'medium1.sigma_t.value.value': [0.5115333795547485], 'shape-plane.vertex_positions': [-5.791989326477051, 1.6361994743347168, 4.137889385223389, -6.134178638458252, 1.4884796142578125, .. 857 skipped .., 1.0732252597808838, -0.012071399949491024, 5.1473188400268555, 1.5426044464111328, -0.012071399949491024], 'PLYMesh.vertex_positions': [-0.10654518008232117, -0.28711727261543274, 1.1624749898910522, -0.18826353549957275, -0.33880600333213806, .. 107831 skipped .., -0.12597307562828064, 1.4806333780288696, -0.2866170406341553, -0.18464526534080505, 1.4728926420211792]}
Optimization loop end. Elapsed time: 241.406s
Initial scene parameters:
 {'emitter-envmap.scale': [3.0], 'bsdf-diffuse.reflectance.value': [[0.18000000715255737, 0.18000000715255737, 0.18000000715255737]], 'object_bsdf.eta': [1.5499999523162842], 'object_bsdf.alpha.value': [0.4700008034706116], 'medium1.albedo.value.value': [[0.03999641537666321, 0.039997972548007965, 0.03999853879213333]], 'medium1.sigma_t.value.value': [0.9500026106834412], 'shape-plane.vertex_positions': [-5.791989326477051, 1.6361994743347168, 4.137889385223389, -6.134178638458252, 1.4884796142578125, .. 857 skipped .., 1.0732252597808838, -0.012071399949491024, 5.1473188400268555, 1.5426044464111328, -0.012071399949491024], 'PLYMesh.vertex_positions': [-0.10654518008232117, -0.28711727261543274, 1.1624749898910522, -0.18826353549957275, -0.33880600333213806, .. 107831 skipped .., -0.12597307562828064, 1.4806333780288696, -0.2866170406341553, -0.18464526534080505, 1.4728926420211792]}
End scene parameters:
 {'emitter-envmap.scale': [3.0], 'bsdf-diffuse.reflectance.value': [[0.18000000715255737, 0.18000000715255737, 0.18000000715255737]], 'object_bsdf.eta': [1.5203015804290771], 'object_bsdf.alpha.value': [0.009253861382603645], 'medium1.albedo.value.value': [[0.47389137744903564, 0.8484749794006348, 0.9990000128746033]], 'medium1.sigma_t.value.value': [0.5115333795547485], 'shape-plane.vertex_positions': [-5.791989326477051, 1.6361994743347168, 4.137889385223389, -6.134178638458252, 1.4884796142578125, .. 857 skipped .., 1.0732252597808838, -0.012071399949491024, 5.1473188400268555, 1.5426044464111328, -0.012071399949491024], 'PLYMesh.vertex_positions': [-0.10654518008232117, -0.28711727261543274, 1.1624749898910522, -0.18826353549957275, -0.33880600333213806, .. 107831 skipped .., -0.12597307562828064, 1.4806333780288696, -0.2866170406341553, -0.18464526534080505, 1.4728926420211792]}
Mitsuba version:
 3.2.1
Hyperparameters:
	minimum error:0.0001,
	spp:16,
	optimization func.:Deng et al. Dual Buffer Method,
	iteraration count:100
Optimization parameters:
 	{'emitter-envmap.scale': {'Learning Rate': 0.03, 'Min. Clamp Value': 0.001, 'Max. Clamp Value': 100, 'Optimize': False}, 'bsdf-diffuse.reflectance.value': {'Learning Rate': 0.03, 'Min. Clamp Value': 0.001, 'Max. Clamp Value': 0.999, 'Optimize': False}, 'object_bsdf.eta': {'Learning Rate': 0.03, 'Min. Clamp Value': 0.001, 'Max. Clamp Value': 1.55, 'Optimize': True}, 'object_bsdf.alpha.value': {'Learning Rate': 0.03, 'Min. Clamp Value': 0.001, 'Max. Clamp Value': 0.7, 'Optimize': True}, 'medium1.albedo.value.value': {'Learning Rate': 0.03, 'Min. Clamp Value': 0.001, 'Max. Clamp Value': 0.999, 'Optimize': True}, 'medium1.sigma_t.value.value': {'Learning Rate': 0.03, 'Min. Clamp Value': 0.001, 'Max. Clamp Value': 0.999, 'Optimize': True}, 'shape-plane.vertex_positions': {'Learning Rate': 0.03, 'Min. Clamp Value': [[-100.0, -100.0, -100.0]], 'Max. Clamp Value': [[100.0, 100.0, 100.0]], 'Optimize': False}, 'PLYMesh.vertex_positions': {'Learning Rate': 0.03, 'Min. Clamp Value': [[-100.0, -100.0, -100.0]], 'Max. Clamp Value': [[100.0, 100.0, 100.0]], 'Optimize': False}}