Optimization loop begin
Iteration 00
	total loss= 0.062283
Current scene parameters:
 	{'emitter-envmap.scale': [3.0], 'bsdf-diffuse.reflectance.value': [[0.18000000715255737, 0.18000000715255737, 0.18000000715255737]], 'object_bsdf.eta': [1.573571801185608], 'object_bsdf.alpha.value': [0.4700008034706116], 'medium1.albedo.value.value': [[0.0399964302778244, 0.03999798744916916, 0.039998553693294525]], 'medium1.sigma_t.value.value': [0.9500026702880859], 'shape-plane.vertex_positions': [-5.791989326477051, 1.6361994743347168, 4.137889385223389, -6.134178638458252, 1.4884796142578125, .. 857 skipped .., 1.0732252597808838, -0.012071399949491024, 5.1473188400268555, 1.5426044464111328, -0.012071399949491024], 'PLYMesh.vertex_positions': [-0.10654518008232117, -0.28711727261543274, 1.1624749898910522, -0.18826353549957275, -0.33880600333213806, .. 107831 skipped .., -0.12597307562828064, 1.4806333780288696, -0.2866170406341553, -0.18464526534080505, 1.4728926420211792]}
Iteration 01
	total loss= 0.060798
Current scene parameters:
 	{'emitter-envmap.scale': [3.0], 'bsdf-diffuse.reflectance.value': [[0.18000000715255737, 0.18000000715255737, 0.18000000715255737]], 'object_bsdf.eta': [1.603567123413086], 'object_bsdf.alpha.value': [0.439966082572937], 'medium1.albedo.value.value': [[0.06995674967765808, 0.06998056918382645, 0.069987952709198]], 'medium1.sigma_t.value.value': [0.9199638962745667], 'shape-plane.vertex_positions': [-5.791989326477051, 1.6361994743347168, 4.137889385223389, -6.134178638458252, 1.4884796142578125, .. 857 skipped .., 1.0732252597808838, -0.012071399949491024, 5.1473188400268555, 1.5426044464111328, -0.012071399949491024], 'PLYMesh.vertex_positions': [-0.10654518008232117, -0.28711727261543274, 1.1624749898910522, -0.18826353549957275, -0.33880600333213806, .. 107831 skipped .., -0.12597307562828064, 1.4806333780288696, -0.2866170406341553, -0.18464526534080505, 1.4728926420211792]}
Iteration 02
	total loss= 0.059392
Current scene parameters:
 	{'emitter-envmap.scale': [3.0], 'bsdf-diffuse.reflectance.value': [[0.18000000715255737, 0.18000000715255737, 0.18000000715255737]], 'object_bsdf.eta': [1.6335399150848389], 'object_bsdf.alpha.value': [0.40986284613609314], 'medium1.albedo.value.value': [[0.0998944565653801, 0.09997659921646118, 0.09999842196702957]], 'medium1.sigma_t.value.value': [0.8898591995239258], 'shape-plane.vertex_positions': [-5.791989326477051, 1.6361994743347168, 4.137889385223389, -6.134178638458252, 1.4884796142578125, .. 857 skipped .., 1.0732252597808838, -0.012071399949491024, 5.1473188400268555, 1.5426044464111328, -0.012071399949491024], 'PLYMesh.vertex_positions': [-0.10654518008232117, -0.28711727261543274, 1.1624749898910522, -0.18826353549957275, -0.33880600333213806, .. 107831 skipped .., -0.12597307562828064, 1.4806333780288696, -0.2866170406341553, -0.18464526534080505, 1.4728926420211792]}
Iteration 03
	total loss= 0.058050
Current scene parameters:
 	{'emitter-envmap.scale': [3.0], 'bsdf-diffuse.reflectance.value': [[0.18000000715255737, 0.18000000715255737, 0.18000000715255737]], 'object_bsdf.eta': [1.6634458303451538], 'object_bsdf.alpha.value': [0.379669725894928], 'medium1.albedo.value.value': [[0.12986382842063904, 0.1300438940525055, 0.13008370995521545]], 'medium1.sigma_t.value.value': [0.859665036201477], 'shape-plane.vertex_positions': [-5.791989326477051, 1.6361994743347168, 4.137889385223389, -6.134178638458252, 1.4884796142578125, .. 857 skipped .., 1.0732252597808838, -0.012071399949491024, 5.1473188400268555, 1.5426044464111328, -0.012071399949491024], 'PLYMesh.vertex_positions': [-0.10654518008232117, -0.28711727261543274, 1.1624749898910522, -0.18826353549957275, -0.33880600333213806, .. 107831 skipped .., -0.12597307562828064, 1.4806333780288696, -0.2866170406341553, -0.18464526534080505, 1.4728926420211792]}
Iteration 04
	total loss= 0.056670
Current scene parameters:
 	{'emitter-envmap.scale': [3.0], 'bsdf-diffuse.reflectance.value': [[0.18000000715255737, 0.18000000715255737, 0.18000000715255737]], 'object_bsdf.eta': [1.6932955980300903], 'object_bsdf.alpha.value': [0.34936460852622986], 'medium1.albedo.value.value': [[0.15978139638900757, 0.16016413271427155, 0.16025079786777496]], 'medium1.sigma_t.value.value': [0.8293489813804626], 'shape-plane.vertex_positions': [-5.791989326477051, 1.6361994743347168, 4.137889385223389, -6.134178638458252, 1.4884796142578125, .. 857 skipped .., 1.0732252597808838, -0.012071399949491024, 5.1473188400268555, 1.5426044464111328, -0.012071399949491024], 'PLYMesh.vertex_positions': [-0.10654518008232117, -0.28711727261543274, 1.1624749898910522, -0.18826353549957275, -0.33880600333213806, .. 107831 skipped .., -0.12597307562828064, 1.4806333780288696, -0.2866170406341553, -0.18464526534080505, 1.4728926420211792]}
Iteration 05
	total loss= 0.055102
Current scene parameters:
 	{'emitter-envmap.scale': [3.0], 'bsdf-diffuse.reflectance.value': [[0.18000000715255737, 0.18000000715255737, 0.18000000715255737]], 'object_bsdf.eta': [1.7230921983718872], 'object_bsdf.alpha.value': [0.3189406096935272], 'medium1.albedo.value.value': [[0.18965797126293182, 0.1903427392244339, 0.19048887491226196]], 'medium1.sigma_t.value.value': [0.7988911867141724], 'shape-plane.vertex_positions': [-5.791989326477051, 1.6361994743347168, 4.137889385223389, -6.134178638458252, 1.4884796142578125, .. 857 skipped .., 1.0732252597808838, -0.012071399949491024, 5.1473188400268555, 1.5426044464111328, -0.012071399949491024], 'PLYMesh.vertex_positions': [-0.10654518008232117, -0.28711727261543274, 1.1624749898910522, -0.18826353549957275, -0.33880600333213806, .. 107831 skipped .., -0.12597307562828064, 1.4806333780288696, -0.2866170406341553, -0.18464526534080505, 1.4728926420211792]}
Iteration 06
	total loss= 0.053375
Current scene parameters:
 	{'emitter-envmap.scale': [3.0], 'bsdf-diffuse.reflectance.value': [[0.18000000715255737, 0.18000000715255737, 0.18000000715255737]], 'object_bsdf.eta': [1.7527529001235962], 'object_bsdf.alpha.value': [0.2883804440498352], 'medium1.albedo.value.value': [[0.21949101984500885, 0.22060273587703705, 0.2208225280046463]], 'medium1.sigma_t.value.value': [0.76826012134552], 'shape-plane.vertex_positions': [-5.791989326477051, 1.6361994743347168, 4.137889385223389, -6.134178638458252, 1.4884796142578125, .. 857 skipped .., 1.0732252597808838, -0.012071399949491024, 5.1473188400268555, 1.5426044464111328, -0.012071399949491024], 'PLYMesh.vertex_positions': [-0.10654518008232117, -0.28711727261543274, 1.1624749898910522, -0.18826353549957275, -0.33880600333213806, .. 107831 skipped .., -0.12597307562828064, 1.4806333780288696, -0.2866170406341553, -0.18464526534080505, 1.4728926420211792]}
Iteration 07
	total loss= 0.051876
Current scene parameters:
 	{'emitter-envmap.scale': [3.0], 'bsdf-diffuse.reflectance.value': [[0.18000000715255737, 0.18000000715255737, 0.18000000715255737]], 'object_bsdf.eta': [1.7822120189666748], 'object_bsdf.alpha.value': [0.25763648748397827], 'medium1.albedo.value.value': [[0.24931703507900238, 0.2510235905647278, 0.2513478398323059]], 'medium1.sigma_t.value.value': [0.7374328970909119], 'shape-plane.vertex_positions': [-5.791989326477051, 1.6361994743347168, 4.137889385223389, -6.134178638458252, 1.4884796142578125, .. 857 skipped .., 1.0732252597808838, -0.012071399949491024, 5.1473188400268555, 1.5426044464111328, -0.012071399949491024], 'PLYMesh.vertex_positions': [-0.10654518008232117, -0.28711727261543274, 1.1624749898910522, -0.18826353549957275, -0.33880600333213806, .. 107831 skipped .., -0.12597307562828064, 1.4806333780288696, -0.2866170406341553, -0.18464526534080505, 1.4728926420211792]}
Iteration 08
	total loss= 0.050237
Current scene parameters:
 	{'emitter-envmap.scale': [3.0], 'bsdf-diffuse.reflectance.value': [[0.18000000715255737, 0.18000000715255737, 0.18000000715255737]], 'object_bsdf.eta': [1.8112919330596924], 'object_bsdf.alpha.value': [0.22682444751262665], 'medium1.albedo.value.value': [[0.2790567874908447, 0.28157949447631836, 0.28204646706581116]], 'medium1.sigma_t.value.value': [0.7063860297203064], 'shape-plane.vertex_positions': [-5.791989326477051, 1.6361994743347168, 4.137889385223389, -6.134178638458252, 1.4884796142578125, .. 857 skipped .., 1.0732252597808838, -0.012071399949491024, 5.1473188400268555, 1.5426044464111328, -0.012071399949491024], 'PLYMesh.vertex_positions': [-0.10654518008232117, -0.28711727261543274, 1.1624749898910522, -0.18826353549957275, -0.33880600333213806, .. 107831 skipped .., -0.12597307562828064, 1.4806333780288696, -0.2866170406341553, -0.18464526534080505, 1.4728926420211792]}
Iteration 09
	total loss= 0.048644
Current scene parameters:
 	{'emitter-envmap.scale': [3.0], 'bsdf-diffuse.reflectance.value': [[0.18000000715255737, 0.18000000715255737, 0.18000000715255737]], 'object_bsdf.eta': [1.8398457765579224], 'object_bsdf.alpha.value': [0.19589997828006744], 'medium1.albedo.value.value': [[0.3086850345134735, 0.3123188018798828, 0.3129641115665436]], 'medium1.sigma_t.value.value': [0.6751008629798889], 'shape-plane.vertex_positions': [-5.791989326477051, 1.6361994743347168, 4.137889385223389, -6.134178638458252, 1.4884796142578125, .. 857 skipped .., 1.0732252597808838, -0.012071399949491024, 5.1473188400268555, 1.5426044464111328, -0.012071399949491024], 'PLYMesh.vertex_positions': [-0.10654518008232117, -0.28711727261543274, 1.1624749898910522, -0.18826353549957275, -0.33880600333213806, .. 107831 skipped .., -0.12597307562828064, 1.4806333780288696, -0.2866170406341553, -0.18464526534080505, 1.4728926420211792]}
Iteration 10
	total loss= 0.046945
Current scene parameters:
 	{'emitter-envmap.scale': [3.0], 'bsdf-diffuse.reflectance.value': [[0.18000000715255737, 0.18000000715255737, 0.18000000715255737]], 'object_bsdf.eta': [1.8674079179763794], 'object_bsdf.alpha.value': [0.16484864056110382], 'medium1.albedo.value.value': [[0.33817577362060547, 0.34327417612075806, 0.34413599967956543]], 'medium1.sigma_t.value.value': [0.6435627341270447], 'shape-plane.vertex_positions': [-5.791989326477051, 1.6361994743347168, 4.137889385223389, -6.134178638458252, 1.4884796142578125, .. 857 skipped .., 1.0732252597808838, -0.012071399949491024, 5.1473188400268555, 1.5426044464111328, -0.012071399949491024], 'PLYMesh.vertex_positions': [-0.10654518008232117, -0.28711727261543274, 1.1624749898910522, -0.18826353549957275, -0.33880600333213806, .. 107831 skipped .., -0.12597307562828064, 1.4806333780288696, -0.2866170406341553, -0.18464526534080505, 1.4728926420211792]}
Iteration 11
	total loss= 0.045213
Current scene parameters:
 	{'emitter-envmap.scale': [3.0], 'bsdf-diffuse.reflectance.value': [[0.18000000715255737, 0.18000000715255737, 0.18000000715255737]], 'object_bsdf.eta': [1.8935978412628174], 'object_bsdf.alpha.value': [0.13364706933498383], 'medium1.albedo.value.value': [[0.36763623356819153, 0.37454038858413696, 0.3756348788738251]], 'medium1.sigma_t.value.value': [0.6117616295814514], 'shape-plane.vertex_positions': [-5.791989326477051, 1.6361994743347168, 4.137889385223389, -6.134178638458252, 1.4884796142578125, .. 857 skipped .., 1.0732252597808838, -0.012071399949491024, 5.1473188400268555, 1.5426044464111328, -0.012071399949491024], 'PLYMesh.vertex_positions': [-0.10654518008232117, -0.28711727261543274, 1.1624749898910522, -0.18826353549957275, -0.33880600333213806, .. 107831 skipped .., -0.12597307562828064, 1.4806333780288696, -0.2866170406341553, -0.18464526534080505, 1.4728926420211792]}
Iteration 12
	total loss= 0.043163
Current scene parameters:
 	{'emitter-envmap.scale': [3.0], 'bsdf-diffuse.reflectance.value': [[0.18000000715255737, 0.18000000715255737, 0.18000000715255737]], 'object_bsdf.eta': [1.9184024333953857], 'object_bsdf.alpha.value': [0.10231748968362808], 'medium1.albedo.value.value': [[0.3968573808670044, 0.4061403274536133, 0.4074903726577759]], 'medium1.sigma_t.value.value': [0.5796898007392883], 'shape-plane.vertex_positions': [-5.791989326477051, 1.6361994743347168, 4.137889385223389, -6.134178638458252, 1.4884796142578125, .. 857 skipped .., 1.0732252597808838, -0.012071399949491024, 5.1473188400268555, 1.5426044464111328, -0.012071399949491024], 'PLYMesh.vertex_positions': [-0.10654518008232117, -0.28711727261543274, 1.1624749898910522, -0.18826353549957275, -0.33880600333213806, .. 107831 skipped .., -0.12597307562828064, 1.4806333780288696, -0.2866170406341553, -0.18464526534080505, 1.4728926420211792]}
Iteration 13
	total loss= 0.041572
Current scene parameters:
 	{'emitter-envmap.scale': [3.0], 'bsdf-diffuse.reflectance.value': [[0.18000000715255737, 0.18000000715255737, 0.18000000715255737]], 'object_bsdf.eta': [1.941124677658081], 'object_bsdf.alpha.value': [0.07076983898878098], 'medium1.albedo.value.value': [[0.4257603883743286, 0.438090980052948, 0.43971049785614014]], 'medium1.sigma_t.value.value': [0.5472987294197083], 'shape-plane.vertex_positions': [-5.791989326477051, 1.6361994743347168, 4.137889385223389, -6.134178638458252, 1.4884796142578125, .. 857 skipped .., 1.0732252597808838, -0.012071399949491024, 5.1473188400268555, 1.5426044464111328, -0.012071399949491024], 'PLYMesh.vertex_positions': [-0.10654518008232117, -0.28711727261543274, 1.1624749898910522, -0.18826353549957275, -0.33880600333213806, .. 107831 skipped .., -0.12597307562828064, 1.4806333780288696, -0.2866170406341553, -0.18464526534080505, 1.4728926420211792]}
Iteration 14
	total loss= 0.039625
Current scene parameters:
 	{'emitter-envmap.scale': [3.0], 'bsdf-diffuse.reflectance.value': [[0.18000000715255737, 0.18000000715255737, 0.18000000715255737]], 'object_bsdf.eta': [1.961323618888855], 'object_bsdf.alpha.value': [0.03872471675276756], 'medium1.albedo.value.value': [[0.4540923535823822, 0.4704418182373047, 0.47231045365333557]], 'medium1.sigma_t.value.value': [0.5145918726921082], 'shape-plane.vertex_positions': [-5.791989326477051, 1.6361994743347168, 4.137889385223389, -6.134178638458252, 1.4884796142578125, .. 857 skipped .., 1.0732252597808838, -0.012071399949491024, 5.1473188400268555, 1.5426044464111328, -0.012071399949491024], 'PLYMesh.vertex_positions': [-0.10654518008232117, -0.28711727261543274, 1.1624749898910522, -0.18826353549957275, -0.33880600333213806, .. 107831 skipped .., -0.12597307562828064, 1.4806333780288696, -0.2866170406341553, -0.18464526534080505, 1.4728926420211792]}
Iteration 15
	total loss= 0.037781
Current scene parameters:
 	{'emitter-envmap.scale': [3.0], 'bsdf-diffuse.reflectance.value': [[0.18000000715255737, 0.18000000715255737, 0.18000000715255737]], 'object_bsdf.eta': [1.9782683849334717], 'object_bsdf.alpha.value': [0.006283976137638092], 'medium1.albedo.value.value': [[0.4816528856754303, 0.5031996369361877, 0.5052972435951233]], 'medium1.sigma_t.value.value': [0.4815322160720825], 'shape-plane.vertex_positions': [-5.791989326477051, 1.6361994743347168, 4.137889385223389, -6.134178638458252, 1.4884796142578125, .. 857 skipped .., 1.0732252597808838, -0.012071399949491024, 5.1473188400268555, 1.5426044464111328, -0.012071399949491024], 'PLYMesh.vertex_positions': [-0.10654518008232117, -0.28711727261543274, 1.1624749898910522, -0.18826353549957275, -0.33880600333213806, .. 107831 skipped .., -0.12597307562828064, 1.4806333780288696, -0.2866170406341553, -0.18464526534080505, 1.4728926420211792]}
Iteration 16
	total loss= 0.035992
Current scene parameters:
 	{'emitter-envmap.scale': [3.0], 'bsdf-diffuse.reflectance.value': [[0.18000000715255737, 0.18000000715255737, 0.18000000715255737]], 'object_bsdf.eta': [1.9960274696350098], 'object_bsdf.alpha.value': [0.0010000000474974513], 'medium1.albedo.value.value': [[0.5078911185264587, 0.5363913774490356, 0.5386430621147156]], 'medium1.sigma_t.value.value': [0.44813036918640137], 'shape-plane.vertex_positions': [-5.791989326477051, 1.6361994743347168, 4.137889385223389, -6.134178638458252, 1.4884796142578125, .. 857 skipped .., 1.0732252597808838, -0.012071399949491024, 5.1473188400268555, 1.5426044464111328, -0.012071399949491024], 'PLYMesh.vertex_positions': [-0.10654518008232117, -0.28711727261543274, 1.1624749898910522, -0.18826353549957275, -0.33880600333213806, .. 107831 skipped .., -0.12597307562828064, 1.4806333780288696, -0.2866170406341553, -0.18464526534080505, 1.4728926420211792]}
Iteration 17
	total loss= 0.033728
Current scene parameters:
 	{'emitter-envmap.scale': [3.0], 'bsdf-diffuse.reflectance.value': [[0.18000000715255737, 0.18000000715255737, 0.18000000715255737]], 'object_bsdf.eta': [2.0173826217651367], 'object_bsdf.alpha.value': [0.00986514799296856], 'medium1.albedo.value.value': [[0.531690239906311, 0.5699965953826904, 0.5723913311958313]], 'medium1.sigma_t.value.value': [0.4143308997154236], 'shape-plane.vertex_positions': [-5.791989326477051, 1.6361994743347168, 4.137889385223389, -6.134178638458252, 1.4884796142578125, .. 857 skipped .., 1.0732252597808838, -0.012071399949491024, 5.1473188400268555, 1.5426044464111328, -0.012071399949491024], 'PLYMesh.vertex_positions': [-0.10654518008232117, -0.28711727261543274, 1.1624749898910522, -0.18826353549957275, -0.33880600333213806, .. 107831 skipped .., -0.12597307562828064, 1.4806333780288696, -0.2866170406341553, -0.18464526534080505, 1.4728926420211792]}
Iteration 18
	total loss= 0.031863
Current scene parameters:
 	{'emitter-envmap.scale': [3.0], 'bsdf-diffuse.reflectance.value': [[0.18000000715255737, 0.18000000715255737, 0.18000000715255737]], 'object_bsdf.eta': [2.0307345390319824], 'object_bsdf.alpha.value': [0.018094658851623535], 'medium1.albedo.value.value': [[0.5518069267272949, 0.6039739847183228, 0.6065566539764404]], 'medium1.sigma_t.value.value': [0.3801232576370239], 'shape-plane.vertex_positions': [-5.791989326477051, 1.6361994743347168, 4.137889385223389, -6.134178638458252, 1.4884796142578125, .. 857 skipped .., 1.0732252597808838, -0.012071399949491024, 5.1473188400268555, 1.5426044464111328, -0.012071399949491024], 'PLYMesh.vertex_positions': [-0.10654518008232117, -0.28711727261543274, 1.1624749898910522, -0.18826353549957275, -0.33880600333213806, .. 107831 skipped .., -0.12597307562828064, 1.4806333780288696, -0.2866170406341553, -0.18464526534080505, 1.4728926420211792]}
Iteration 19
	total loss= 0.029479
Current scene parameters:
 	{'emitter-envmap.scale': [3.0], 'bsdf-diffuse.reflectance.value': [[0.18000000715255737, 0.18000000715255737, 0.18000000715255737]], 'object_bsdf.eta': [2.0423357486724854], 'object_bsdf.alpha.value': [0.023953747004270554], 'medium1.albedo.value.value': [[0.5670785307884216, 0.6383313536643982, 0.6411460638046265]], 'medium1.sigma_t.value.value': [0.3455130457878113], 'shape-plane.vertex_positions': [-5.791989326477051, 1.6361994743347168, 4.137889385223389, -6.134178638458252, 1.4884796142578125, .. 857 skipped .., 1.0732252597808838, -0.012071399949491024, 5.1473188400268555, 1.5426044464111328, -0.012071399949491024], 'PLYMesh.vertex_positions': [-0.10654518008232117, -0.28711727261543274, 1.1624749898910522, -0.18826353549957275, -0.33880600333213806, .. 107831 skipped .., -0.12597307562828064, 1.4806333780288696, -0.2866170406341553, -0.18464526534080505, 1.4728926420211792]}
Iteration 20
	total loss= 0.026982
Current scene parameters:
 	{'emitter-envmap.scale': [3.0], 'bsdf-diffuse.reflectance.value': [[0.18000000715255737, 0.18000000715255737, 0.18000000715255737]], 'object_bsdf.eta': [2.0512266159057617], 'object_bsdf.alpha.value': [0.02826380543410778], 'medium1.albedo.value.value': [[0.575693666934967, 0.6729968190193176, 0.6761621832847595]], 'medium1.sigma_t.value.value': [0.3104982376098633], 'shape-plane.vertex_positions': [-5.791989326477051, 1.6361994743347168, 4.137889385223389, -6.134178638458252, 1.4884796142578125, .. 857 skipped .., 1.0732252597808838, -0.012071399949491024, 5.1473188400268555, 1.5426044464111328, -0.012071399949491024], 'PLYMesh.vertex_positions': [-0.10654518008232117, -0.28711727261543274, 1.1624749898910522, -0.18826353549957275, -0.33880600333213806, .. 107831 skipped .., -0.12597307562828064, 1.4806333780288696, -0.2866170406341553, -0.18464526534080505, 1.4728926420211792]}
Iteration 21
	total loss= 0.024337
Current scene parameters:
 	{'emitter-envmap.scale': [3.0], 'bsdf-diffuse.reflectance.value': [[0.18000000715255737, 0.18000000715255737, 0.18000000715255737]], 'object_bsdf.eta': [2.057596206665039], 'object_bsdf.alpha.value': [0.030626501888036728], 'medium1.albedo.value.value': [[0.5771974325180054, 0.7079101800918579, 0.7115954160690308]], 'medium1.sigma_t.value.value': [0.27511143684387207], 'shape-plane.vertex_positions': [-5.791989326477051, 1.6361994743347168, 4.137889385223389, -6.134178638458252, 1.4884796142578125, .. 857 skipped .., 1.0732252597808838, -0.012071399949491024, 5.1473188400268555, 1.5426044464111328, -0.012071399949491024], 'PLYMesh.vertex_positions': [-0.10654518008232117, -0.28711727261543274, 1.1624749898910522, -0.18826353549957275, -0.33880600333213806, .. 107831 skipped .., -0.12597307562828064, 1.4806333780288696, -0.2866170406341553, -0.18464526534080505, 1.4728926420211792]}
Iteration 22
	total loss= 0.021631
Current scene parameters:
 	{'emitter-envmap.scale': [3.0], 'bsdf-diffuse.reflectance.value': [[0.18000000715255737, 0.18000000715255737, 0.18000000715255737]], 'object_bsdf.eta': [2.0617268085479736], 'object_bsdf.alpha.value': [0.031058218330144882], 'medium1.albedo.value.value': [[0.5720120668411255, 0.7429407835006714, 0.7474373579025269]], 'medium1.sigma_t.value.value': [0.23940137028694153], 'shape-plane.vertex_positions': [-5.791989326477051, 1.6361994743347168, 4.137889385223389, -6.134178638458252, 1.4884796142578125, .. 857 skipped .., 1.0732252597808838, -0.012071399949491024, 5.1473188400268555, 1.5426044464111328, -0.012071399949491024], 'PLYMesh.vertex_positions': [-0.10654518008232117, -0.28711727261543274, 1.1624749898910522, -0.18826353549957275, -0.33880600333213806, .. 107831 skipped .., -0.12597307562828064, 1.4806333780288696, -0.2866170406341553, -0.18464526534080505, 1.4728926420211792]}
Iteration 23
	total loss= 0.018980
Current scene parameters:
 	{'emitter-envmap.scale': [3.0], 'bsdf-diffuse.reflectance.value': [[0.18000000715255737, 0.18000000715255737, 0.18000000715255737]], 'object_bsdf.eta': [2.0626087188720703], 'object_bsdf.alpha.value': [0.029561847448349], 'medium1.albedo.value.value': [[0.5606955289840698, 0.7778749465942383, 0.7836756110191345]], 'medium1.sigma_t.value.value': [0.20369853079319], 'shape-plane.vertex_positions': [-5.791989326477051, 1.6361994743347168, 4.137889385223389, -6.134178638458252, 1.4884796142578125, .. 857 skipped .., 1.0732252597808838, -0.012071399949491024, 5.1473188400268555, 1.5426044464111328, -0.012071399949491024], 'PLYMesh.vertex_positions': [-0.10654518008232117, -0.28711727261543274, 1.1624749898910522, -0.18826353549957275, -0.33880600333213806, .. 107831 skipped .., -0.12597307562828064, 1.4806333780288696, -0.2866170406341553, -0.18464526534080505, 1.4728926420211792]}
Iteration 24
	total loss= 0.016377
Current scene parameters:
 	{'emitter-envmap.scale': [3.0], 'bsdf-diffuse.reflectance.value': [[0.18000000715255737, 0.18000000715255737, 0.18000000715255737]], 'object_bsdf.eta': [2.061394214630127], 'object_bsdf.alpha.value': [0.026933033019304276], 'medium1.albedo.value.value': [[0.5441787242889404, 0.8124114871025085, 0.8203029632568359]], 'medium1.sigma_t.value.value': [0.16831278800964355], 'shape-plane.vertex_positions': [-5.791989326477051, 1.6361994743347168, 4.137889385223389, -6.134178638458252, 1.4884796142578125, .. 857 skipped .., 1.0732252597808838, -0.012071399949491024, 5.1473188400268555, 1.5426044464111328, -0.012071399949491024], 'PLYMesh.vertex_positions': [-0.10654518008232117, -0.28711727261543274, 1.1624749898910522, -0.18826353549957275, -0.33880600333213806, .. 107831 skipped .., -0.12597307562828064, 1.4806333780288696, -0.2866170406341553, -0.18464526534080505, 1.4728926420211792]}
Iteration 25
	total loss= 0.014159
Current scene parameters:
 	{'emitter-envmap.scale': [3.0], 'bsdf-diffuse.reflectance.value': [[0.18000000715255737, 0.18000000715255737, 0.18000000715255737]], 'object_bsdf.eta': [2.057844400405884], 'object_bsdf.alpha.value': [0.02319810912013054], 'medium1.albedo.value.value': [[0.5234550833702087, 0.8457857370376587, 0.8572301268577576]], 'medium1.sigma_t.value.value': [0.13556745648384094], 'shape-plane.vertex_positions': [-5.791989326477051, 1.6361994743347168, 4.137889385223389, -6.134178638458252, 1.4884796142578125, .. 857 skipped .., 1.0732252597808838, -0.012071399949491024, 5.1473188400268555, 1.5426044464111328, -0.012071399949491024], 'PLYMesh.vertex_positions': [-0.10654518008232117, -0.28711727261543274, 1.1624749898910522, -0.18826353549957275, -0.33880600333213806, .. 107831 skipped .., -0.12597307562828064, 1.4806333780288696, -0.2866170406341553, -0.18464526534080505, 1.4728926420211792]}
Iteration 26
	total loss= 0.012657
Current scene parameters:
 	{'emitter-envmap.scale': [3.0], 'bsdf-diffuse.reflectance.value': [[0.18000000715255737, 0.18000000715255737, 0.18000000715255737]], 'object_bsdf.eta': [2.0528016090393066], 'object_bsdf.alpha.value': [0.019787773489952087], 'medium1.albedo.value.value': [[0.49913421273231506, 0.8767831325531006, 0.8941708207130432]], 'medium1.sigma_t.value.value': [0.10742298513650894], 'shape-plane.vertex_positions': [-5.791989326477051, 1.6361994743347168, 4.137889385223389, -6.134178638458252, 1.4884796142578125, .. 857 skipped .., 1.0732252597808838, -0.012071399949491024, 5.1473188400268555, 1.5426044464111328, -0.012071399949491024], 'PLYMesh.vertex_positions': [-0.10654518008232117, -0.28711727261543274, 1.1624749898910522, -0.18826353549957275, -0.33880600333213806, .. 107831 skipped .., -0.12597307562828064, 1.4806333780288696, -0.2866170406341553, -0.18464526534080505, 1.4728926420211792]}
Iteration 27
	total loss= 0.012035
Current scene parameters:
 	{'emitter-envmap.scale': [3.0], 'bsdf-diffuse.reflectance.value': [[0.18000000715255737, 0.18000000715255737, 0.18000000715255737]], 'object_bsdf.eta': [2.046515941619873], 'object_bsdf.alpha.value': [0.0166607853025198], 'medium1.albedo.value.value': [[0.47189152240753174, 0.9043197631835938, 0.9308028221130371]], 'medium1.sigma_t.value.value': [0.09036532044410706], 'shape-plane.vertex_positions': [-5.791989326477051, 1.6361994743347168, 4.137889385223389, -6.134178638458252, 1.4884796142578125, .. 857 skipped .., 1.0732252597808838, -0.012071399949491024, 5.1473188400268555, 1.5426044464111328, -0.012071399949491024], 'PLYMesh.vertex_positions': [-0.10654518008232117, -0.28711727261543274, 1.1624749898910522, -0.18826353549957275, -0.33880600333213806, .. 107831 skipped .., -0.12597307562828064, 1.4806333780288696, -0.2866170406341553, -0.18464526534080505, 1.4728926420211792]}
Iteration 28
	total loss= 0.011928
Current scene parameters:
 	{'emitter-envmap.scale': [3.0], 'bsdf-diffuse.reflectance.value': [[0.18000000715255737, 0.18000000715255737, 0.18000000715255737]], 'object_bsdf.eta': [2.040750503540039], 'object_bsdf.alpha.value': [0.013279189355671406], 'medium1.albedo.value.value': [[0.442303329706192, 0.9280079007148743, 0.9669080972671509]], 'medium1.sigma_t.value.value': [0.08626045286655426], 'shape-plane.vertex_positions': [-5.791989326477051, 1.6361994743347168, 4.137889385223389, -6.134178638458252, 1.4884796142578125, .. 857 skipped .., 1.0732252597808838, -0.012071399949491024, 5.1473188400268555, 1.5426044464111328, -0.012071399949491024], 'PLYMesh.vertex_positions': [-0.10654518008232117, -0.28711727261543274, 1.1624749898910522, -0.18826353549957275, -0.33880600333213806, .. 107831 skipped .., -0.12597307562828064, 1.4806333780288696, -0.2866170406341553, -0.18464526534080505, 1.4728926420211792]}
Iteration 29
	total loss= 0.011256
Current scene parameters:
 	{'emitter-envmap.scale': [3.0], 'bsdf-diffuse.reflectance.value': [[0.18000000715255737, 0.18000000715255737, 0.18000000715255737]], 'object_bsdf.eta': [2.0343849658966064], 'object_bsdf.alpha.value': [0.009818539023399353], 'medium1.albedo.value.value': [[0.4110996723175049, 0.9476842284202576, 0.9990000128746033]], 'medium1.sigma_t.value.value': [0.09188663959503174], 'shape-plane.vertex_positions': [-5.791989326477051, 1.6361994743347168, 4.137889385223389, -6.134178638458252, 1.4884796142578125, .. 857 skipped .., 1.0732252597808838, -0.012071399949491024, 5.1473188400268555, 1.5426044464111328, -0.012071399949491024], 'PLYMesh.vertex_positions': [-0.10654518008232117, -0.28711727261543274, 1.1624749898910522, -0.18826353549957275, -0.33880600333213806, .. 107831 skipped .., -0.12597307562828064, 1.4806333780288696, -0.2866170406341553, -0.18464526534080505, 1.4728926420211792]}
Iteration 30
	total loss= 0.010154
Current scene parameters:
 	{'emitter-envmap.scale': [3.0], 'bsdf-diffuse.reflectance.value': [[0.18000000715255737, 0.18000000715255737, 0.18000000715255737]], 'object_bsdf.eta': [2.022127151489258], 'object_bsdf.alpha.value': [0.009891616180539131], 'medium1.albedo.value.value': [[0.3787834346294403, 0.9629533290863037, 0.9990000128746033]], 'medium1.sigma_t.value.value': [0.10482630133628845], 'shape-plane.vertex_positions': [-5.791989326477051, 1.6361994743347168, 4.137889385223389, -6.134178638458252, 1.4884796142578125, .. 857 skipped .., 1.0732252597808838, -0.012071399949491024, 5.1473188400268555, 1.5426044464111328, -0.012071399949491024], 'PLYMesh.vertex_positions': [-0.10654518008232117, -0.28711727261543274, 1.1624749898910522, -0.18826353549957275, -0.33880600333213806, .. 107831 skipped .., -0.12597307562828064, 1.4806333780288696, -0.2866170406341553, -0.18464526534080505, 1.4728926420211792]}
Iteration 31
	total loss= 0.009020
Current scene parameters:
 	{'emitter-envmap.scale': [3.0], 'bsdf-diffuse.reflectance.value': [[0.18000000715255737, 0.18000000715255737, 0.18000000715255737]], 'object_bsdf.eta': [2.010641574859619], 'object_bsdf.alpha.value': [0.011561986990272999], 'medium1.albedo.value.value': [[0.3460829257965088, 0.9731178283691406, 0.9990000128746033]], 'medium1.sigma_t.value.value': [0.12179789692163467], 'shape-plane.vertex_positions': [-5.791989326477051, 1.6361994743347168, 4.137889385223389, -6.134178638458252, 1.4884796142578125, .. 857 skipped .., 1.0732252597808838, -0.012071399949491024, 5.1473188400268555, 1.5426044464111328, -0.012071399949491024], 'PLYMesh.vertex_positions': [-0.10654518008232117, -0.28711727261543274, 1.1624749898910522, -0.18826353549957275, -0.33880600333213806, .. 107831 skipped .., -0.12597307562828064, 1.4806333780288696, -0.2866170406341553, -0.18464526534080505, 1.4728926420211792]}
Iteration 32
	total loss= 0.008165
Current scene parameters:
 	{'emitter-envmap.scale': [3.0], 'bsdf-diffuse.reflectance.value': [[0.18000000715255737, 0.18000000715255737, 0.18000000715255737]], 'object_bsdf.eta': [1.9991430044174194], 'object_bsdf.alpha.value': [0.015237265266478062], 'medium1.albedo.value.value': [[0.313690721988678, 0.9777972102165222, 0.9990000128746033]], 'medium1.sigma_t.value.value': [0.1416648030281067], 'shape-plane.vertex_positions': [-5.791989326477051, 1.6361994743347168, 4.137889385223389, -6.134178638458252, 1.4884796142578125, .. 857 skipped .., 1.0732252597808838, -0.012071399949491024, 5.1473188400268555, 1.5426044464111328, -0.012071399949491024], 'PLYMesh.vertex_positions': [-0.10654518008232117, -0.28711727261543274, 1.1624749898910522, -0.18826353549957275, -0.33880600333213806, .. 107831 skipped .., -0.12597307562828064, 1.4806333780288696, -0.2866170406341553, -0.18464526534080505, 1.4728926420211792]}
Iteration 33
	total loss= 0.007454
Current scene parameters:
 	{'emitter-envmap.scale': [3.0], 'bsdf-diffuse.reflectance.value': [[0.18000000715255737, 0.18000000715255737, 0.18000000715255737]], 'object_bsdf.eta': [1.9860963821411133], 'object_bsdf.alpha.value': [0.019387096166610718], 'medium1.albedo.value.value': [[0.28229841589927673, 0.9765488505363464, 0.9990000128746033]], 'medium1.sigma_t.value.value': [0.16283944249153137], 'shape-plane.vertex_positions': [-5.791989326477051, 1.6361994743347168, 4.137889385223389, -6.134178638458252, 1.4884796142578125, .. 857 skipped .., 1.0732252597808838, -0.012071399949491024, 5.1473188400268555, 1.5426044464111328, -0.012071399949491024], 'PLYMesh.vertex_positions': [-0.10654518008232117, -0.28711727261543274, 1.1624749898910522, -0.18826353549957275, -0.33880600333213806, .. 107831 skipped .., -0.12597307562828064, 1.4806333780288696, -0.2866170406341553, -0.18464526534080505, 1.4728926420211792]}
Iteration 34
	total loss= 0.006751
Current scene parameters:
 	{'emitter-envmap.scale': [3.0], 'bsdf-diffuse.reflectance.value': [[0.18000000715255737, 0.18000000715255737, 0.18000000715255737]], 'object_bsdf.eta': [1.973747730255127], 'object_bsdf.alpha.value': [0.024012506008148193], 'medium1.albedo.value.value': [[0.252623051404953, 0.9700412750244141, 0.9990000128746033]], 'medium1.sigma_t.value.value': [0.1846061497926712], 'shape-plane.vertex_positions': [-5.791989326477051, 1.6361994743347168, 4.137889385223389, -6.134178638458252, 1.4884796142578125, .. 857 skipped .., 1.0732252597808838, -0.012071399949491024, 5.1473188400268555, 1.5426044464111328, -0.012071399949491024], 'PLYMesh.vertex_positions': [-0.10654518008232117, -0.28711727261543274, 1.1624749898910522, -0.18826353549957275, -0.33880600333213806, .. 107831 skipped .., -0.12597307562828064, 1.4806333780288696, -0.2866170406341553, -0.18464526534080505, 1.4728926420211792]}
Iteration 35
	total loss= 0.006218
Current scene parameters:
 	{'emitter-envmap.scale': [3.0], 'bsdf-diffuse.reflectance.value': [[0.18000000715255737, 0.18000000715255737, 0.18000000715255737]], 'object_bsdf.eta': [1.9601941108703613], 'object_bsdf.alpha.value': [0.027830710634589195], 'medium1.albedo.value.value': [[0.22505399584770203, 0.9590884447097778, 0.9990000128746033]], 'medium1.sigma_t.value.value': [0.2064708173274994], 'shape-plane.vertex_positions': [-5.791989326477051, 1.6361994743347168, 4.137889385223389, -6.134178638458252, 1.4884796142578125, .. 857 skipped .., 1.0732252597808838, -0.012071399949491024, 5.1473188400268555, 1.5426044464111328, -0.012071399949491024], 'PLYMesh.vertex_positions': [-0.10654518008232117, -0.28711727261543274, 1.1624749898910522, -0.18826353549957275, -0.33880600333213806, .. 107831 skipped .., -0.12597307562828064, 1.4806333780288696, -0.2866170406341553, -0.18464526534080505, 1.4728926420211792]}
Iteration 36
	total loss= 0.005773
Current scene parameters:
 	{'emitter-envmap.scale': [3.0], 'bsdf-diffuse.reflectance.value': [[0.18000000715255737, 0.18000000715255737, 0.18000000715255737]], 'object_bsdf.eta': [1.9468951225280762], 'object_bsdf.alpha.value': [0.02920108288526535], 'medium1.albedo.value.value': [[0.19992145895957947, 0.9446282982826233, 0.9990000128746033]], 'medium1.sigma_t.value.value': [0.22796881198883057], 'shape-plane.vertex_positions': [-5.791989326477051, 1.6361994743347168, 4.137889385223389, -6.134178638458252, 1.4884796142578125, .. 857 skipped .., 1.0732252597808838, -0.012071399949491024, 5.1473188400268555, 1.5426044464111328, -0.012071399949491024], 'PLYMesh.vertex_positions': [-0.10654518008232117, -0.28711727261543274, 1.1624749898910522, -0.18826353549957275, -0.33880600333213806, .. 107831 skipped .., -0.12597307562828064, 1.4806333780288696, -0.2866170406341553, -0.18464526534080505, 1.4728926420211792]}
Iteration 37
	total loss= 0.005600
Current scene parameters:
 	{'emitter-envmap.scale': [3.0], 'bsdf-diffuse.reflectance.value': [[0.18000000715255737, 0.18000000715255737, 0.18000000715255737]], 'object_bsdf.eta': [1.933611512184143], 'object_bsdf.alpha.value': [0.028544241562485695], 'medium1.albedo.value.value': [[0.17743897438049316, 0.9280499219894409, 0.9990000128746033]], 'medium1.sigma_t.value.value': [0.24867822229862213], 'shape-plane.vertex_positions': [-5.791989326477051, 1.6361994743347168, 4.137889385223389, -6.134178638458252, 1.4884796142578125, .. 857 skipped .., 1.0732252597808838, -0.012071399949491024, 5.1473188400268555, 1.5426044464111328, -0.012071399949491024], 'PLYMesh.vertex_positions': [-0.10654518008232117, -0.28711727261543274, 1.1624749898910522, -0.18826353549957275, -0.33880600333213806, .. 107831 skipped .., -0.12597307562828064, 1.4806333780288696, -0.2866170406341553, -0.18464526534080505, 1.4728926420211792]}
Iteration 38
	total loss= 0.004897
Current scene parameters:
 	{'emitter-envmap.scale': [3.0], 'bsdf-diffuse.reflectance.value': [[0.18000000715255737, 0.18000000715255737, 0.18000000715255737]], 'object_bsdf.eta': [1.9207450151443481], 'object_bsdf.alpha.value': [0.0262325219810009], 'medium1.albedo.value.value': [[0.1576921045780182, 0.910681426525116, 0.9990000128746033]], 'medium1.sigma_t.value.value': [0.26881706714630127], 'shape-plane.vertex_positions': [-5.791989326477051, 1.6361994743347168, 4.137889385223389, -6.134178638458252, 1.4884796142578125, .. 857 skipped .., 1.0732252597808838, -0.012071399949491024, 5.1473188400268555, 1.5426044464111328, -0.012071399949491024], 'PLYMesh.vertex_positions': [-0.10654518008232117, -0.28711727261543274, 1.1624749898910522, -0.18826353549957275, -0.33880600333213806, .. 107831 skipped .., -0.12597307562828064, 1.4806333780288696, -0.2866170406341553, -0.18464526534080505, 1.4728926420211792]}
Iteration 39
	total loss= 0.004635
Current scene parameters:
 	{'emitter-envmap.scale': [3.0], 'bsdf-diffuse.reflectance.value': [[0.18000000715255737, 0.18000000715255737, 0.18000000715255737]], 'object_bsdf.eta': [1.9076602458953857], 'object_bsdf.alpha.value': [0.02319604717195034], 'medium1.albedo.value.value': [[0.14072492718696594, 0.893898606300354, 0.9990000128746033]], 'medium1.sigma_t.value.value': [0.2880583107471466], 'shape-plane.vertex_positions': [-5.791989326477051, 1.6361994743347168, 4.137889385223389, -6.134178638458252, 1.4884796142578125, .. 857 skipped .., 1.0732252597808838, -0.012071399949491024, 5.1473188400268555, 1.5426044464111328, -0.012071399949491024], 'PLYMesh.vertex_positions': [-0.10654518008232117, -0.28711727261543274, 1.1624749898910522, -0.18826353549957275, -0.33880600333213806, .. 107831 skipped .., -0.12597307562828064, 1.4806333780288696, -0.2866170406341553, -0.18464526534080505, 1.4728926420211792]}
Iteration 40
	total loss= 0.004319
Current scene parameters:
 	{'emitter-envmap.scale': [3.0], 'bsdf-diffuse.reflectance.value': [[0.18000000715255737, 0.18000000715255737, 0.18000000715255737]], 'object_bsdf.eta': [1.894279956817627], 'object_bsdf.alpha.value': [0.019340787082910538], 'medium1.albedo.value.value': [[0.12649118900299072, 0.8787963390350342, 0.9990000128746033]], 'medium1.sigma_t.value.value': [0.3063020408153534], 'shape-plane.vertex_positions': [-5.791989326477051, 1.6361994743347168, 4.137889385223389, -6.134178638458252, 1.4884796142578125, .. 857 skipped .., 1.0732252597808838, -0.012071399949491024, 5.1473188400268555, 1.5426044464111328, -0.012071399949491024], 'PLYMesh.vertex_positions': [-0.10654518008232117, -0.28711727261543274, 1.1624749898910522, -0.18826353549957275, -0.33880600333213806, .. 107831 skipped .., -0.12597307562828064, 1.4806333780288696, -0.2866170406341553, -0.18464526534080505, 1.4728926420211792]}
Iteration 41
	total loss= 0.003979
Current scene parameters:
 	{'emitter-envmap.scale': [3.0], 'bsdf-diffuse.reflectance.value': [[0.18000000715255737, 0.18000000715255737, 0.18000000715255737]], 'object_bsdf.eta': [1.8798799514770508], 'object_bsdf.alpha.value': [0.013567264191806316], 'medium1.albedo.value.value': [[0.11497238278388977, 0.8660993576049805, 0.9990000128746033]], 'medium1.sigma_t.value.value': [0.32368242740631104], 'shape-plane.vertex_positions': [-5.791989326477051, 1.6361994743347168, 4.137889385223389, -6.134178638458252, 1.4884796142578125, .. 857 skipped .., 1.0732252597808838, -0.012071399949491024, 5.1473188400268555, 1.5426044464111328, -0.012071399949491024], 'PLYMesh.vertex_positions': [-0.10654518008232117, -0.28711727261543274, 1.1624749898910522, -0.18826353549957275, -0.33880600333213806, .. 107831 skipped .., -0.12597307562828064, 1.4806333780288696, -0.2866170406341553, -0.18464526534080505, 1.4728926420211792]}
Iteration 42
	total loss= 0.003934
Current scene parameters:
 	{'emitter-envmap.scale': [3.0], 'bsdf-diffuse.reflectance.value': [[0.18000000715255737, 0.18000000715255737, 0.18000000715255737]], 'object_bsdf.eta': [1.8663564920425415], 'object_bsdf.alpha.value': [0.007971690967679024], 'medium1.albedo.value.value': [[0.10612553358078003, 0.8564526438713074, 0.9990000128746033]], 'medium1.sigma_t.value.value': [0.3400615453720093], 'shape-plane.vertex_positions': [-5.791989326477051, 1.6361994743347168, 4.137889385223389, -6.134178638458252, 1.4884796142578125, .. 857 skipped .., 1.0732252597808838, -0.012071399949491024, 5.1473188400268555, 1.5426044464111328, -0.012071399949491024], 'PLYMesh.vertex_positions': [-0.10654518008232117, -0.28711727261543274, 1.1624749898910522, -0.18826353549957275, -0.33880600333213806, .. 107831 skipped .., -0.12597307562828064, 1.4806333780288696, -0.2866170406341553, -0.18464526534080505, 1.4728926420211792]}
Iteration 43
	total loss= 0.003870
Current scene parameters:
 	{'emitter-envmap.scale': [3.0], 'bsdf-diffuse.reflectance.value': [[0.18000000715255737, 0.18000000715255737, 0.18000000715255737]], 'object_bsdf.eta': [1.85111403465271], 'object_bsdf.alpha.value': [0.0019835722632706165], 'medium1.albedo.value.value': [[0.09974925220012665, 0.8500999212265015, 0.9990000128746033]], 'medium1.sigma_t.value.value': [0.35527265071868896], 'shape-plane.vertex_positions': [-5.791989326477051, 1.6361994743347168, 4.137889385223389, -6.134178638458252, 1.4884796142578125, .. 857 skipped .., 1.0732252597808838, -0.012071399949491024, 5.1473188400268555, 1.5426044464111328, -0.012071399949491024], 'PLYMesh.vertex_positions': [-0.10654518008232117, -0.28711727261543274, 1.1624749898910522, -0.18826353549957275, -0.33880600333213806, .. 107831 skipped .., -0.12597307562828064, 1.4806333780288696, -0.2866170406341553, -0.18464526534080505, 1.4728926420211792]}
Iteration 44
	total loss= 0.003926
Current scene parameters:
 	{'emitter-envmap.scale': [3.0], 'bsdf-diffuse.reflectance.value': [[0.18000000715255737, 0.18000000715255737, 0.18000000715255737]], 'object_bsdf.eta': [1.8599239587783813], 'object_bsdf.alpha.value': [0.0010000000474974513], 'medium1.albedo.value.value': [[0.0957813411951065, 0.8469625115394592, 0.9990000128746033]], 'medium1.sigma_t.value.value': [0.3692721426486969], 'shape-plane.vertex_positions': [-5.791989326477051, 1.6361994743347168, 4.137889385223389, -6.134178638458252, 1.4884796142578125, .. 857 skipped .., 1.0732252597808838, -0.012071399949491024, 5.1473188400268555, 1.5426044464111328, -0.012071399949491024], 'PLYMesh.vertex_positions': [-0.10654518008232117, -0.28711727261543274, 1.1624749898910522, -0.18826353549957275, -0.33880600333213806, .. 107831 skipped .., -0.12597307562828064, 1.4806333780288696, -0.2866170406341553, -0.18464526534080505, 1.4728926420211792]}
Iteration 45
	total loss= 0.003806
Current scene parameters:
 	{'emitter-envmap.scale': [3.0], 'bsdf-diffuse.reflectance.value': [[0.18000000715255737, 0.18000000715255737, 0.18000000715255737]], 'object_bsdf.eta': [1.8668243885040283], 'object_bsdf.alpha.value': [0.0010000000474974513], 'medium1.albedo.value.value': [[0.09400466829538345, 0.8471350073814392, 0.9990000128746033]], 'medium1.sigma_t.value.value': [0.38207539916038513], 'shape-plane.vertex_positions': [-5.791989326477051, 1.6361994743347168, 4.137889385223389, -6.134178638458252, 1.4884796142578125, .. 857 skipped .., 1.0732252597808838, -0.012071399949491024, 5.1473188400268555, 1.5426044464111328, -0.012071399949491024], 'PLYMesh.vertex_positions': [-0.10654518008232117, -0.28711727261543274, 1.1624749898910522, -0.18826353549957275, -0.33880600333213806, .. 107831 skipped .., -0.12597307562828064, 1.4806333780288696, -0.2866170406341553, -0.18464526534080505, 1.4728926420211792]}
Iteration 46
	total loss= 0.004087
Current scene parameters:
 	{'emitter-envmap.scale': [3.0], 'bsdf-diffuse.reflectance.value': [[0.18000000715255737, 0.18000000715255737, 0.18000000715255737]], 'object_bsdf.eta': [1.8544034957885742], 'object_bsdf.alpha.value': [0.0010000000474974513], 'medium1.albedo.value.value': [[0.0942799374461174, 0.8507994413375854, 0.9990000128746033]], 'medium1.sigma_t.value.value': [0.39371782541275024], 'shape-plane.vertex_positions': [-5.791989326477051, 1.6361994743347168, 4.137889385223389, -6.134178638458252, 1.4884796142578125, .. 857 skipped .., 1.0732252597808838, -0.012071399949491024, 5.1473188400268555, 1.5426044464111328, -0.012071399949491024], 'PLYMesh.vertex_positions': [-0.10654518008232117, -0.28711727261543274, 1.1624749898910522, -0.18826353549957275, -0.33880600333213806, .. 107831 skipped .., -0.12597307562828064, 1.4806333780288696, -0.2866170406341553, -0.18464526534080505, 1.4728926420211792]}
Iteration 47
	total loss= 0.003833
Current scene parameters:
 	{'emitter-envmap.scale': [3.0], 'bsdf-diffuse.reflectance.value': [[0.18000000715255737, 0.18000000715255737, 0.18000000715255737]], 'object_bsdf.eta': [1.8353626728057861], 'object_bsdf.alpha.value': [0.004699154756963253], 'medium1.albedo.value.value': [[0.09642421454191208, 0.8575804829597473, 0.9990000128746033]], 'medium1.sigma_t.value.value': [0.4043408930301666], 'shape-plane.vertex_positions': [-5.791989326477051, 1.6361994743347168, 4.137889385223389, -6.134178638458252, 1.4884796142578125, .. 857 skipped .., 1.0732252597808838, -0.012071399949491024, 5.1473188400268555, 1.5426044464111328, -0.012071399949491024], 'PLYMesh.vertex_positions': [-0.10654518008232117, -0.28711727261543274, 1.1624749898910522, -0.18826353549957275, -0.33880600333213806, .. 107831 skipped .., -0.12597307562828064, 1.4806333780288696, -0.2866170406341553, -0.18464526534080505, 1.4728926420211792]}
Iteration 48
	total loss= 0.003660
Current scene parameters:
 	{'emitter-envmap.scale': [3.0], 'bsdf-diffuse.reflectance.value': [[0.18000000715255737, 0.18000000715255737, 0.18000000715255737]], 'object_bsdf.eta': [1.819291114807129], 'object_bsdf.alpha.value': [0.008270865306258202], 'medium1.albedo.value.value': [[0.10036300122737885, 0.8665886521339417, 0.9990000128746033]], 'medium1.sigma_t.value.value': [0.4138500988483429], 'shape-plane.vertex_positions': [-5.791989326477051, 1.6361994743347168, 4.137889385223389, -6.134178638458252, 1.4884796142578125, .. 857 skipped .., 1.0732252597808838, -0.012071399949491024, 5.1473188400268555, 1.5426044464111328, -0.012071399949491024], 'PLYMesh.vertex_positions': [-0.10654518008232117, -0.28711727261543274, 1.1624749898910522, -0.18826353549957275, -0.33880600333213806, .. 107831 skipped .., -0.12597307562828064, 1.4806333780288696, -0.2866170406341553, -0.18464526534080505, 1.4728926420211792]}
Iteration 49
	total loss= 0.003510
Current scene parameters:
 	{'emitter-envmap.scale': [3.0], 'bsdf-diffuse.reflectance.value': [[0.18000000715255737, 0.18000000715255737, 0.18000000715255737]], 'object_bsdf.eta': [1.8074122667312622], 'object_bsdf.alpha.value': [0.011065574362874031], 'medium1.albedo.value.value': [[0.10598334670066833, 0.8774109482765198, 0.9990000128746033]], 'medium1.sigma_t.value.value': [0.4226187467575073], 'shape-plane.vertex_positions': [-5.791989326477051, 1.6361994743347168, 4.137889385223389, -6.134178638458252, 1.4884796142578125, .. 857 skipped .., 1.0732252597808838, -0.012071399949491024, 5.1473188400268555, 1.5426044464111328, -0.012071399949491024], 'PLYMesh.vertex_positions': [-0.10654518008232117, -0.28711727261543274, 1.1624749898910522, -0.18826353549957275, -0.33880600333213806, .. 107831 skipped .., -0.12597307562828064, 1.4806333780288696, -0.2866170406341553, -0.18464526534080505, 1.4728926420211792]}
Iteration 50
	total loss= 0.003184
Current scene parameters:
 	{'emitter-envmap.scale': [3.0], 'bsdf-diffuse.reflectance.value': [[0.18000000715255737, 0.18000000715255737, 0.18000000715255737]], 'object_bsdf.eta': [1.7963110208511353], 'object_bsdf.alpha.value': [0.011691616848111153], 'medium1.albedo.value.value': [[0.11318110674619675, 0.8892772793769836, 0.9990000128746033]], 'medium1.sigma_t.value.value': [0.4309806227684021], 'shape-plane.vertex_positions': [-5.791989326477051, 1.6361994743347168, 4.137889385223389, -6.134178638458252, 1.4884796142578125, .. 857 skipped .., 1.0732252597808838, -0.012071399949491024, 5.1473188400268555, 1.5426044464111328, -0.012071399949491024], 'PLYMesh.vertex_positions': [-0.10654518008232117, -0.28711727261543274, 1.1624749898910522, -0.18826353549957275, -0.33880600333213806, .. 107831 skipped .., -0.12597307562828064, 1.4806333780288696, -0.2866170406341553, -0.18464526534080505, 1.4728926420211792]}
Iteration 51
	total loss= 0.003460
Current scene parameters:
 	{'emitter-envmap.scale': [3.0], 'bsdf-diffuse.reflectance.value': [[0.18000000715255737, 0.18000000715255737, 0.18000000715255737]], 'object_bsdf.eta': [1.786191701889038], 'object_bsdf.alpha.value': [0.012678214348852634], 'medium1.albedo.value.value': [[0.12181274592876434, 0.9010682106018066, 0.9990000128746033]], 'medium1.sigma_t.value.value': [0.4389536380767822], 'shape-plane.vertex_positions': [-5.791989326477051, 1.6361994743347168, 4.137889385223389, -6.134178638458252, 1.4884796142578125, .. 857 skipped .., 1.0732252597808838, -0.012071399949491024, 5.1473188400268555, 1.5426044464111328, -0.012071399949491024], 'PLYMesh.vertex_positions': [-0.10654518008232117, -0.28711727261543274, 1.1624749898910522, -0.18826353549957275, -0.33880600333213806, .. 107831 skipped .., -0.12597307562828064, 1.4806333780288696, -0.2866170406341553, -0.18464526534080505, 1.4728926420211792]}
Iteration 52
	total loss= 0.003147
Current scene parameters:
 	{'emitter-envmap.scale': [3.0], 'bsdf-diffuse.reflectance.value': [[0.18000000715255737, 0.18000000715255737, 0.18000000715255737]], 'object_bsdf.eta': [1.7752587795257568], 'object_bsdf.alpha.value': [0.011744529008865356], 'medium1.albedo.value.value': [[0.13182078301906586, 0.9113947153091431, 0.9990000128746033]], 'medium1.sigma_t.value.value': [0.44638627767562866], 'shape-plane.vertex_positions': [-5.791989326477051, 1.6361994743347168, 4.137889385223389, -6.134178638458252, 1.4884796142578125, .. 857 skipped .., 1.0732252597808838, -0.012071399949491024, 5.1473188400268555, 1.5426044464111328, -0.012071399949491024], 'PLYMesh.vertex_positions': [-0.10654518008232117, -0.28711727261543274, 1.1624749898910522, -0.18826353549957275, -0.33880600333213806, .. 107831 skipped .., -0.12597307562828064, 1.4806333780288696, -0.2866170406341553, -0.18464526534080505, 1.4728926420211792]}
Iteration 53
	total loss= 0.003329
Current scene parameters:
 	{'emitter-envmap.scale': [3.0], 'bsdf-diffuse.reflectance.value': [[0.18000000715255737, 0.18000000715255737, 0.18000000715255737]], 'object_bsdf.eta': [1.7654969692230225], 'object_bsdf.alpha.value': [0.010682769119739532], 'medium1.albedo.value.value': [[0.1431044638156891, 0.9192179441452026, 0.9990000128746033]], 'medium1.sigma_t.value.value': [0.45339077711105347], 'shape-plane.vertex_positions': [-5.791989326477051, 1.6361994743347168, 4.137889385223389, -6.134178638458252, 1.4884796142578125, .. 857 skipped .., 1.0732252597808838, -0.012071399949491024, 5.1473188400268555, 1.5426044464111328, -0.012071399949491024], 'PLYMesh.vertex_positions': [-0.10654518008232117, -0.28711727261543274, 1.1624749898910522, -0.18826353549957275, -0.33880600333213806, .. 107831 skipped .., -0.12597307562828064, 1.4806333780288696, -0.2866170406341553, -0.18464526534080505, 1.4728926420211792]}
Iteration 54
	total loss= 0.003171
Current scene parameters:
 	{'emitter-envmap.scale': [3.0], 'bsdf-diffuse.reflectance.value': [[0.18000000715255737, 0.18000000715255737, 0.18000000715255737]], 'object_bsdf.eta': [1.7559841871261597], 'object_bsdf.alpha.value': [0.009603484533727169], 'medium1.albedo.value.value': [[0.15554334223270416, 0.9232953786849976, 0.9990000128746033]], 'medium1.sigma_t.value.value': [0.46003320813179016], 'shape-plane.vertex_positions': [-5.791989326477051, 1.6361994743347168, 4.137889385223389, -6.134178638458252, 1.4884796142578125, .. 857 skipped .., 1.0732252597808838, -0.012071399949491024, 5.1473188400268555, 1.5426044464111328, -0.012071399949491024], 'PLYMesh.vertex_positions': [-0.10654518008232117, -0.28711727261543274, 1.1624749898910522, -0.18826353549957275, -0.33880600333213806, .. 107831 skipped .., -0.12597307562828064, 1.4806333780288696, -0.2866170406341553, -0.18464526534080505, 1.4728926420211792]}
Iteration 55
	total loss= 0.003163
Current scene parameters:
 	{'emitter-envmap.scale': [3.0], 'bsdf-diffuse.reflectance.value': [[0.18000000715255737, 0.18000000715255737, 0.18000000715255737]], 'object_bsdf.eta': [1.7466551065444946], 'object_bsdf.alpha.value': [0.011108472011983395], 'medium1.albedo.value.value': [[0.16910004615783691, 0.9230828881263733, 0.9990000128746033]], 'medium1.sigma_t.value.value': [0.4662189185619354], 'shape-plane.vertex_positions': [-5.791989326477051, 1.6361994743347168, 4.137889385223389, -6.134178638458252, 1.4884796142578125, .. 857 skipped .., 1.0732252597808838, -0.012071399949491024, 5.1473188400268555, 1.5426044464111328, -0.012071399949491024], 'PLYMesh.vertex_positions': [-0.10654518008232117, -0.28711727261543274, 1.1624749898910522, -0.18826353549957275, -0.33880600333213806, .. 107831 skipped .., -0.12597307562828064, 1.4806333780288696, -0.2866170406341553, -0.18464526534080505, 1.4728926420211792]}
Iteration 56
	total loss= 0.003135
Current scene parameters:
 	{'emitter-envmap.scale': [3.0], 'bsdf-diffuse.reflectance.value': [[0.18000000715255737, 0.18000000715255737, 0.18000000715255737]], 'object_bsdf.eta': [1.7378027439117432], 'object_bsdf.alpha.value': [0.009477024897933006], 'medium1.albedo.value.value': [[0.18366076052188873, 0.9187394976615906, 0.9990000128746033]], 'medium1.sigma_t.value.value': [0.47221148014068604], 'shape-plane.vertex_positions': [-5.791989326477051, 1.6361994743347168, 4.137889385223389, -6.134178638458252, 1.4884796142578125, .. 857 skipped .., 1.0732252597808838, -0.012071399949491024, 5.1473188400268555, 1.5426044464111328, -0.012071399949491024], 'PLYMesh.vertex_positions': [-0.10654518008232117, -0.28711727261543274, 1.1624749898910522, -0.18826353549957275, -0.33880600333213806, .. 107831 skipped .., -0.12597307562828064, 1.4806333780288696, -0.2866170406341553, -0.18464526534080505, 1.4728926420211792]}
Iteration 57
	total loss= 0.003143
Current scene parameters:
 	{'emitter-envmap.scale': [3.0], 'bsdf-diffuse.reflectance.value': [[0.18000000715255737, 0.18000000715255737, 0.18000000715255737]], 'object_bsdf.eta': [1.73099946975708], 'object_bsdf.alpha.value': [0.007471385877579451], 'medium1.albedo.value.value': [[0.19916829466819763, 0.9116249680519104, 0.9990000128746033]], 'medium1.sigma_t.value.value': [0.4779583215713501], 'shape-plane.vertex_positions': [-5.791989326477051, 1.6361994743347168, 4.137889385223389, -6.134178638458252, 1.4884796142578125, .. 857 skipped .., 1.0732252597808838, -0.012071399949491024, 5.1473188400268555, 1.5426044464111328, -0.012071399949491024], 'PLYMesh.vertex_positions': [-0.10654518008232117, -0.28711727261543274, 1.1624749898910522, -0.18826353549957275, -0.33880600333213806, .. 107831 skipped .., -0.12597307562828064, 1.4806333780288696, -0.2866170406341553, -0.18464526534080505, 1.4728926420211792]}
Iteration 58
	total loss= 0.003098
Current scene parameters:
 	{'emitter-envmap.scale': [3.0], 'bsdf-diffuse.reflectance.value': [[0.18000000715255737, 0.18000000715255737, 0.18000000715255737]], 'object_bsdf.eta': [1.7257015705108643], 'object_bsdf.alpha.value': [0.0067414105869829655], 'medium1.albedo.value.value': [[0.2156374454498291, 0.9030828475952148, 0.9990000128746033]], 'medium1.sigma_t.value.value': [0.4832753539085388], 'shape-plane.vertex_positions': [-5.791989326477051, 1.6361994743347168, 4.137889385223389, -6.134178638458252, 1.4884796142578125, .. 857 skipped .., 1.0732252597808838, -0.012071399949491024, 5.1473188400268555, 1.5426044464111328, -0.012071399949491024], 'PLYMesh.vertex_positions': [-0.10654518008232117, -0.28711727261543274, 1.1624749898910522, -0.18826353549957275, -0.33880600333213806, .. 107831 skipped .., -0.12597307562828064, 1.4806333780288696, -0.2866170406341553, -0.18464526534080505, 1.4728926420211792]}
Iteration 59
	total loss= 0.002895
Current scene parameters:
 	{'emitter-envmap.scale': [3.0], 'bsdf-diffuse.reflectance.value': [[0.18000000715255737, 0.18000000715255737, 0.18000000715255737]], 'object_bsdf.eta': [1.7200698852539062], 'object_bsdf.alpha.value': [0.005241587292402983], 'medium1.albedo.value.value': [[0.23301857709884644, 0.894564688205719, 0.9990000128746033]], 'medium1.sigma_t.value.value': [0.4882596731185913], 'shape-plane.vertex_positions': [-5.791989326477051, 1.6361994743347168, 4.137889385223389, -6.134178638458252, 1.4884796142578125, .. 857 skipped .., 1.0732252597808838, -0.012071399949491024, 5.1473188400268555, 1.5426044464111328, -0.012071399949491024], 'PLYMesh.vertex_positions': [-0.10654518008232117, -0.28711727261543274, 1.1624749898910522, -0.18826353549957275, -0.33880600333213806, .. 107831 skipped .., -0.12597307562828064, 1.4806333780288696, -0.2866170406341553, -0.18464526534080505, 1.4728926420211792]}
Iteration 60
	total loss= 0.002714
Current scene parameters:
 	{'emitter-envmap.scale': [3.0], 'bsdf-diffuse.reflectance.value': [[0.18000000715255737, 0.18000000715255737, 0.18000000715255737]], 'object_bsdf.eta': [1.7152636051177979], 'object_bsdf.alpha.value': [0.003452814184129238], 'medium1.albedo.value.value': [[0.25114285945892334, 0.8867889046669006, 0.9990000128746033]], 'medium1.sigma_t.value.value': [0.4926298260688782], 'shape-plane.vertex_positions': [-5.791989326477051, 1.6361994743347168, 4.137889385223389, -6.134178638458252, 1.4884796142578125, .. 857 skipped .., 1.0732252597808838, -0.012071399949491024, 5.1473188400268555, 1.5426044464111328, -0.012071399949491024], 'PLYMesh.vertex_positions': [-0.10654518008232117, -0.28711727261543274, 1.1624749898910522, -0.18826353549957275, -0.33880600333213806, .. 107831 skipped .., -0.12597307562828064, 1.4806333780288696, -0.2866170406341553, -0.18464526534080505, 1.4728926420211792]}
Iteration 61
	total loss= 0.002769
Current scene parameters:
 	{'emitter-envmap.scale': [3.0], 'bsdf-diffuse.reflectance.value': [[0.18000000715255737, 0.18000000715255737, 0.18000000715255737]], 'object_bsdf.eta': [1.7089606523513794], 'object_bsdf.alpha.value': [0.007885251194238663], 'medium1.albedo.value.value': [[0.2698975205421448, 0.8804592490196228, 0.9990000128746033]], 'medium1.sigma_t.value.value': [0.4968533515930176], 'shape-plane.vertex_positions': [-5.791989326477051, 1.6361994743347168, 4.137889385223389, -6.134178638458252, 1.4884796142578125, .. 857 skipped .., 1.0732252597808838, -0.012071399949491024, 5.1473188400268555, 1.5426044464111328, -0.012071399949491024], 'PLYMesh.vertex_positions': [-0.10654518008232117, -0.28711727261543274, 1.1624749898910522, -0.18826353549957275, -0.33880600333213806, .. 107831 skipped .., -0.12597307562828064, 1.4806333780288696, -0.2866170406341553, -0.18464526534080505, 1.4728926420211792]}
Iteration 62
	total loss= 0.002792
Current scene parameters:
 	{'emitter-envmap.scale': [3.0], 'bsdf-diffuse.reflectance.value': [[0.18000000715255737, 0.18000000715255737, 0.18000000715255737]], 'object_bsdf.eta': [1.7037969827651978], 'object_bsdf.alpha.value': [0.012798931449651718], 'medium1.albedo.value.value': [[0.2892022728919983, 0.8765480518341064, 0.9990000128746033]], 'medium1.sigma_t.value.value': [0.5007526278495789], 'shape-plane.vertex_positions': [-5.791989326477051, 1.6361994743347168, 4.137889385223389, -6.134178638458252, 1.4884796142578125, .. 857 skipped .., 1.0732252597808838, -0.012071399949491024, 5.1473188400268555, 1.5426044464111328, -0.012071399949491024], 'PLYMesh.vertex_positions': [-0.10654518008232117, -0.28711727261543274, 1.1624749898910522, -0.18826353549957275, -0.33880600333213806, .. 107831 skipped .., -0.12597307562828064, 1.4806333780288696, -0.2866170406341553, -0.18464526534080505, 1.4728926420211792]}
Iteration 63
	total loss= 0.002455
Current scene parameters:
 	{'emitter-envmap.scale': [3.0], 'bsdf-diffuse.reflectance.value': [[0.18000000715255737, 0.18000000715255737, 0.18000000715255737]], 'object_bsdf.eta': [1.700097680091858], 'object_bsdf.alpha.value': [0.016831262037158012], 'medium1.albedo.value.value': [[0.309024840593338, 0.8751036524772644, 0.9990000128746033]], 'medium1.sigma_t.value.value': [0.504129946231842], 'shape-plane.vertex_positions': [-5.791989326477051, 1.6361994743347168, 4.137889385223389, -6.134178638458252, 1.4884796142578125, .. 857 skipped .., 1.0732252597808838, -0.012071399949491024, 5.1473188400268555, 1.5426044464111328, -0.012071399949491024], 'PLYMesh.vertex_positions': [-0.10654518008232117, -0.28711727261543274, 1.1624749898910522, -0.18826353549957275, -0.33880600333213806, .. 107831 skipped .., -0.12597307562828064, 1.4806333780288696, -0.2866170406341553, -0.18464526534080505, 1.4728926420211792]}
Iteration 64
	total loss= 0.002671
Current scene parameters:
 	{'emitter-envmap.scale': [3.0], 'bsdf-diffuse.reflectance.value': [[0.18000000715255737, 0.18000000715255737, 0.18000000715255737]], 'object_bsdf.eta': [1.6966067552566528], 'object_bsdf.alpha.value': [0.019048087298870087], 'medium1.albedo.value.value': [[0.3291659951210022, 0.8762065172195435, 0.9990000128746033]], 'medium1.sigma_t.value.value': [0.5071919560432434], 'shape-plane.vertex_positions': [-5.791989326477051, 1.6361994743347168, 4.137889385223389, -6.134178638458252, 1.4884796142578125, .. 857 skipped .., 1.0732252597808838, -0.012071399949491024, 5.1473188400268555, 1.5426044464111328, -0.012071399949491024], 'PLYMesh.vertex_positions': [-0.10654518008232117, -0.28711727261543274, 1.1624749898910522, -0.18826353549957275, -0.33880600333213806, .. 107831 skipped .., -0.12597307562828064, 1.4806333780288696, -0.2866170406341553, -0.18464526534080505, 1.4728926420211792]}
Iteration 65
	total loss= 0.002697
Current scene parameters:
 	{'emitter-envmap.scale': [3.0], 'bsdf-diffuse.reflectance.value': [[0.18000000715255737, 0.18000000715255737, 0.18000000715255737]], 'object_bsdf.eta': [1.6934762001037598], 'object_bsdf.alpha.value': [0.02010870911180973], 'medium1.albedo.value.value': [[0.3495761454105377, 0.8797656297683716, 0.9990000128746033]], 'medium1.sigma_t.value.value': [0.5097710490226746], 'shape-plane.vertex_positions': [-5.791989326477051, 1.6361994743347168, 4.137889385223389, -6.134178638458252, 1.4884796142578125, .. 857 skipped .., 1.0732252597808838, -0.012071399949491024, 5.1473188400268555, 1.5426044464111328, -0.012071399949491024], 'PLYMesh.vertex_positions': [-0.10654518008232117, -0.28711727261543274, 1.1624749898910522, -0.18826353549957275, -0.33880600333213806, .. 107831 skipped .., -0.12597307562828064, 1.4806333780288696, -0.2866170406341553, -0.18464526534080505, 1.4728926420211792]}
Iteration 66
	total loss= 0.002354
Current scene parameters:
 	{'emitter-envmap.scale': [3.0], 'bsdf-diffuse.reflectance.value': [[0.18000000715255737, 0.18000000715255737, 0.18000000715255737]], 'object_bsdf.eta': [1.68843412399292], 'object_bsdf.alpha.value': [0.020034462213516235], 'medium1.albedo.value.value': [[0.37015053629875183, 0.8851636052131653, 0.9990000128746033]], 'medium1.sigma_t.value.value': [0.5121190547943115], 'shape-plane.vertex_positions': [-5.791989326477051, 1.6361994743347168, 4.137889385223389, -6.134178638458252, 1.4884796142578125, .. 857 skipped .., 1.0732252597808838, -0.012071399949491024, 5.1473188400268555, 1.5426044464111328, -0.012071399949491024], 'PLYMesh.vertex_positions': [-0.10654518008232117, -0.28711727261543274, 1.1624749898910522, -0.18826353549957275, -0.33880600333213806, .. 107831 skipped .., -0.12597307562828064, 1.4806333780288696, -0.2866170406341553, -0.18464526534080505, 1.4728926420211792]}
Iteration 67
	total loss= 0.002545
Current scene parameters:
 	{'emitter-envmap.scale': [3.0], 'bsdf-diffuse.reflectance.value': [[0.18000000715255737, 0.18000000715255737, 0.18000000715255737]], 'object_bsdf.eta': [1.6842820644378662], 'object_bsdf.alpha.value': [0.019310804083943367], 'medium1.albedo.value.value': [[0.3907668888568878, 0.8915557265281677, 0.9990000128746033]], 'medium1.sigma_t.value.value': [0.5143880844116211], 'shape-plane.vertex_positions': [-5.791989326477051, 1.6361994743347168, 4.137889385223389, -6.134178638458252, 1.4884796142578125, .. 857 skipped .., 1.0732252597808838, -0.012071399949491024, 5.1473188400268555, 1.5426044464111328, -0.012071399949491024], 'PLYMesh.vertex_positions': [-0.10654518008232117, -0.28711727261543274, 1.1624749898910522, -0.18826353549957275, -0.33880600333213806, .. 107831 skipped .., -0.12597307562828064, 1.4806333780288696, -0.2866170406341553, -0.18464526534080505, 1.4728926420211792]}
Iteration 68
	total loss= 0.002464
Current scene parameters:
 	{'emitter-envmap.scale': [3.0], 'bsdf-diffuse.reflectance.value': [[0.18000000715255737, 0.18000000715255737, 0.18000000715255737]], 'object_bsdf.eta': [1.68057119846344], 'object_bsdf.alpha.value': [0.01863018609583378], 'medium1.albedo.value.value': [[0.4113507866859436, 0.8977372050285339, 0.9990000128746033]], 'medium1.sigma_t.value.value': [0.5166952013969421], 'shape-plane.vertex_positions': [-5.791989326477051, 1.6361994743347168, 4.137889385223389, -6.134178638458252, 1.4884796142578125, .. 857 skipped .., 1.0732252597808838, -0.012071399949491024, 5.1473188400268555, 1.5426044464111328, -0.012071399949491024], 'PLYMesh.vertex_positions': [-0.10654518008232117, -0.28711727261543274, 1.1624749898910522, -0.18826353549957275, -0.33880600333213806, .. 107831 skipped .., -0.12597307562828064, 1.4806333780288696, -0.2866170406341553, -0.18464526534080505, 1.4728926420211792]}
Iteration 69
	total loss= 0.002298
Current scene parameters:
 	{'emitter-envmap.scale': [3.0], 'bsdf-diffuse.reflectance.value': [[0.18000000715255737, 0.18000000715255737, 0.18000000715255737]], 'object_bsdf.eta': [1.6780537366867065], 'object_bsdf.alpha.value': [0.0166922714561224], 'medium1.albedo.value.value': [[0.4316768944263458, 0.9028074741363525, 0.9990000128746033]], 'medium1.sigma_t.value.value': [0.5191147327423096], 'shape-plane.vertex_positions': [-5.791989326477051, 1.6361994743347168, 4.137889385223389, -6.134178638458252, 1.4884796142578125, .. 857 skipped .., 1.0732252597808838, -0.012071399949491024, 5.1473188400268555, 1.5426044464111328, -0.012071399949491024], 'PLYMesh.vertex_positions': [-0.10654518008232117, -0.28711727261543274, 1.1624749898910522, -0.18826353549957275, -0.33880600333213806, .. 107831 skipped .., -0.12597307562828064, 1.4806333780288696, -0.2866170406341553, -0.18464526534080505, 1.4728926420211792]}
Iteration 70
	total loss= 0.002019
Current scene parameters:
 	{'emitter-envmap.scale': [3.0], 'bsdf-diffuse.reflectance.value': [[0.18000000715255737, 0.18000000715255737, 0.18000000715255737]], 'object_bsdf.eta': [1.6753240823745728], 'object_bsdf.alpha.value': [0.013987044803798199], 'medium1.albedo.value.value': [[0.45151227712631226, 0.9062613248825073, 0.9990000128746033]], 'medium1.sigma_t.value.value': [0.521451473236084], 'shape-plane.vertex_positions': [-5.791989326477051, 1.6361994743347168, 4.137889385223389, -6.134178638458252, 1.4884796142578125, .. 857 skipped .., 1.0732252597808838, -0.012071399949491024, 5.1473188400268555, 1.5426044464111328, -0.012071399949491024], 'PLYMesh.vertex_positions': [-0.10654518008232117, -0.28711727261543274, 1.1624749898910522, -0.18826353549957275, -0.33880600333213806, .. 107831 skipped .., -0.12597307562828064, 1.4806333780288696, -0.2866170406341553, -0.18464526534080505, 1.4728926420211792]}
Iteration 71
	total loss= 0.002280
Current scene parameters:
 	{'emitter-envmap.scale': [3.0], 'bsdf-diffuse.reflectance.value': [[0.18000000715255737, 0.18000000715255737, 0.18000000715255737]], 'object_bsdf.eta': [1.671945571899414], 'object_bsdf.alpha.value': [0.011294404976069927], 'medium1.albedo.value.value': [[0.47074538469314575, 0.9078737497329712, 0.9990000128746033]], 'medium1.sigma_t.value.value': [0.5238906145095825], 'shape-plane.vertex_positions': [-5.791989326477051, 1.6361994743347168, 4.137889385223389, -6.134178638458252, 1.4884796142578125, .. 857 skipped .., 1.0732252597808838, -0.012071399949491024, 5.1473188400268555, 1.5426044464111328, -0.012071399949491024], 'PLYMesh.vertex_positions': [-0.10654518008232117, -0.28711727261543274, 1.1624749898910522, -0.18826353549957275, -0.33880600333213806, .. 107831 skipped .., -0.12597307562828064, 1.4806333780288696, -0.2866170406341553, -0.18464526534080505, 1.4728926420211792]}
Iteration 72
	total loss= 0.001751
Current scene parameters:
 	{'emitter-envmap.scale': [3.0], 'bsdf-diffuse.reflectance.value': [[0.18000000715255737, 0.18000000715255737, 0.18000000715255737]], 'object_bsdf.eta': [1.6677491664886475], 'object_bsdf.alpha.value': [0.006535680498927832], 'medium1.albedo.value.value': [[0.48916852474212646, 0.9073947668075562, 0.9990000128746033]], 'medium1.sigma_t.value.value': [0.5264715552330017], 'shape-plane.vertex_positions': [-5.791989326477051, 1.6361994743347168, 4.137889385223389, -6.134178638458252, 1.4884796142578125, .. 857 skipped .., 1.0732252597808838, -0.012071399949491024, 5.1473188400268555, 1.5426044464111328, -0.012071399949491024], 'PLYMesh.vertex_positions': [-0.10654518008232117, -0.28711727261543274, 1.1624749898910522, -0.18826353549957275, -0.33880600333213806, .. 107831 skipped .., -0.12597307562828064, 1.4806333780288696, -0.2866170406341553, -0.18464526534080505, 1.4728926420211792]}
Iteration 73
	total loss= 0.001893
Current scene parameters:
 	{'emitter-envmap.scale': [3.0], 'bsdf-diffuse.reflectance.value': [[0.18000000715255737, 0.18000000715255737, 0.18000000715255737]], 'object_bsdf.eta': [1.6620736122131348], 'object_bsdf.alpha.value': [0.0010000000474974513], 'medium1.albedo.value.value': [[0.5066042542457581, 0.9048001766204834, 0.9990000128746033]], 'medium1.sigma_t.value.value': [0.529104471206665], 'shape-plane.vertex_positions': [-5.791989326477051, 1.6361994743347168, 4.137889385223389, -6.134178638458252, 1.4884796142578125, .. 857 skipped .., 1.0732252597808838, -0.012071399949491024, 5.1473188400268555, 1.5426044464111328, -0.012071399949491024], 'PLYMesh.vertex_positions': [-0.10654518008232117, -0.28711727261543274, 1.1624749898910522, -0.18826353549957275, -0.33880600333213806, .. 107831 skipped .., -0.12597307562828064, 1.4806333780288696, -0.2866170406341553, -0.18464526534080505, 1.4728926420211792]}
Iteration 74
	total loss= 0.001993
Current scene parameters:
 	{'emitter-envmap.scale': [3.0], 'bsdf-diffuse.reflectance.value': [[0.18000000715255737, 0.18000000715255737, 0.18000000715255737]], 'object_bsdf.eta': [1.6650147438049316], 'object_bsdf.alpha.value': [0.006933861877769232], 'medium1.albedo.value.value': [[0.5226753950119019, 0.900307834148407, 0.9990000128746033]], 'medium1.sigma_t.value.value': [0.5317574143409729], 'shape-plane.vertex_positions': [-5.791989326477051, 1.6361994743347168, 4.137889385223389, -6.134178638458252, 1.4884796142578125, .. 857 skipped .., 1.0732252597808838, -0.012071399949491024, 5.1473188400268555, 1.5426044464111328, -0.012071399949491024], 'PLYMesh.vertex_positions': [-0.10654518008232117, -0.28711727261543274, 1.1624749898910522, -0.18826353549957275, -0.33880600333213806, .. 107831 skipped .., -0.12597307562828064, 1.4806333780288696, -0.2866170406341553, -0.18464526534080505, 1.4728926420211792]}
Iteration 75
	total loss= 0.001785
Current scene parameters:
 	{'emitter-envmap.scale': [3.0], 'bsdf-diffuse.reflectance.value': [[0.18000000715255737, 0.18000000715255737, 0.18000000715255737]], 'object_bsdf.eta': [1.6647839546203613], 'object_bsdf.alpha.value': [0.01036615576595068], 'medium1.albedo.value.value': [[0.537022054195404, 0.894931435585022, 0.9990000128746033]], 'medium1.sigma_t.value.value': [0.5343130826950073], 'shape-plane.vertex_positions': [-5.791989326477051, 1.6361994743347168, 4.137889385223389, -6.134178638458252, 1.4884796142578125, .. 857 skipped .., 1.0732252597808838, -0.012071399949491024, 5.1473188400268555, 1.5426044464111328, -0.012071399949491024], 'PLYMesh.vertex_positions': [-0.10654518008232117, -0.28711727261543274, 1.1624749898910522, -0.18826353549957275, -0.33880600333213806, .. 107831 skipped .., -0.12597307562828064, 1.4806333780288696, -0.2866170406341553, -0.18464526534080505, 1.4728926420211792]}
Iteration 76
	total loss= 0.002161
Current scene parameters:
 	{'emitter-envmap.scale': [3.0], 'bsdf-diffuse.reflectance.value': [[0.18000000715255737, 0.18000000715255737, 0.18000000715255737]], 'object_bsdf.eta': [1.6637654304504395], 'object_bsdf.alpha.value': [0.012941536493599415], 'medium1.albedo.value.value': [[0.5495955348014832, 0.8899721503257751, 0.9990000128746033]], 'medium1.sigma_t.value.value': [0.5365927219390869], 'shape-plane.vertex_positions': [-5.791989326477051, 1.6361994743347168, 4.137889385223389, -6.134178638458252, 1.4884796142578125, .. 857 skipped .., 1.0732252597808838, -0.012071399949491024, 5.1473188400268555, 1.5426044464111328, -0.012071399949491024], 'PLYMesh.vertex_positions': [-0.10654518008232117, -0.28711727261543274, 1.1624749898910522, -0.18826353549957275, -0.33880600333213806, .. 107831 skipped .., -0.12597307562828064, 1.4806333780288696, -0.2866170406341553, -0.18464526534080505, 1.4728926420211792]}
Iteration 77
	total loss= 0.002062
Current scene parameters:
 	{'emitter-envmap.scale': [3.0], 'bsdf-diffuse.reflectance.value': [[0.18000000715255737, 0.18000000715255737, 0.18000000715255737]], 'object_bsdf.eta': [1.6642990112304688], 'object_bsdf.alpha.value': [0.012613079510629177], 'medium1.albedo.value.value': [[0.5601409673690796, 0.8860518932342529, 0.9990000128746033]], 'medium1.sigma_t.value.value': [0.5389502048492432], 'shape-plane.vertex_positions': [-5.791989326477051, 1.6361994743347168, 4.137889385223389, -6.134178638458252, 1.4884796142578125, .. 857 skipped .., 1.0732252597808838, -0.012071399949491024, 5.1473188400268555, 1.5426044464111328, -0.012071399949491024], 'PLYMesh.vertex_positions': [-0.10654518008232117, -0.28711727261543274, 1.1624749898910522, -0.18826353549957275, -0.33880600333213806, .. 107831 skipped .., -0.12597307562828064, 1.4806333780288696, -0.2866170406341553, -0.18464526534080505, 1.4728926420211792]}
Iteration 78
	total loss= 0.001991
Current scene parameters:
 	{'emitter-envmap.scale': [3.0], 'bsdf-diffuse.reflectance.value': [[0.18000000715255737, 0.18000000715255737, 0.18000000715255737]], 'object_bsdf.eta': [1.66401207447052], 'object_bsdf.alpha.value': [0.011339819990098476], 'medium1.albedo.value.value': [[0.5683730840682983, 0.883517861366272, 0.9990000128746033]], 'medium1.sigma_t.value.value': [0.541231632232666], 'shape-plane.vertex_positions': [-5.791989326477051, 1.6361994743347168, 4.137889385223389, -6.134178638458252, 1.4884796142578125, .. 857 skipped .., 1.0732252597808838, -0.012071399949491024, 5.1473188400268555, 1.5426044464111328, -0.012071399949491024], 'PLYMesh.vertex_positions': [-0.10654518008232117, -0.28711727261543274, 1.1624749898910522, -0.18826353549957275, -0.33880600333213806, .. 107831 skipped .., -0.12597307562828064, 1.4806333780288696, -0.2866170406341553, -0.18464526534080505, 1.4728926420211792]}
Iteration 79
	total loss= 0.001873
Current scene parameters:
 	{'emitter-envmap.scale': [3.0], 'bsdf-diffuse.reflectance.value': [[0.18000000715255737, 0.18000000715255737, 0.18000000715255737]], 'object_bsdf.eta': [1.6648472547531128], 'object_bsdf.alpha.value': [0.008154716342687607], 'medium1.albedo.value.value': [[0.5741930603981018, 0.8825205564498901, 0.9990000128746033]], 'medium1.sigma_t.value.value': [0.5435652732849121], 'shape-plane.vertex_positions': [-5.791989326477051, 1.6361994743347168, 4.137889385223389, -6.134178638458252, 1.4884796142578125, .. 857 skipped .., 1.0732252597808838, -0.012071399949491024, 5.1473188400268555, 1.5426044464111328, -0.012071399949491024], 'PLYMesh.vertex_positions': [-0.10654518008232117, -0.28711727261543274, 1.1624749898910522, -0.18826353549957275, -0.33880600333213806, .. 107831 skipped .., -0.12597307562828064, 1.4806333780288696, -0.2866170406341553, -0.18464526534080505, 1.4728926420211792]}
Iteration 80
	total loss= 0.001975
Current scene parameters:
 	{'emitter-envmap.scale': [3.0], 'bsdf-diffuse.reflectance.value': [[0.18000000715255737, 0.18000000715255737, 0.18000000715255737]], 'object_bsdf.eta': [1.6674408912658691], 'object_bsdf.alpha.value': [0.0020120772533118725], 'medium1.albedo.value.value': [[0.5778566598892212, 0.8831083178520203, 0.9990000128746033]], 'medium1.sigma_t.value.value': [0.5457803606987], 'shape-plane.vertex_positions': [-5.791989326477051, 1.6361994743347168, 4.137889385223389, -6.134178638458252, 1.4884796142578125, .. 857 skipped .., 1.0732252597808838, -0.012071399949491024, 5.1473188400268555, 1.5426044464111328, -0.012071399949491024], 'PLYMesh.vertex_positions': [-0.10654518008232117, -0.28711727261543274, 1.1624749898910522, -0.18826353549957275, -0.33880600333213806, .. 107831 skipped .., -0.12597307562828064, 1.4806333780288696, -0.2866170406341553, -0.18464526534080505, 1.4728926420211792]}
Iteration 81
	total loss= 0.001839
Current scene parameters:
 	{'emitter-envmap.scale': [3.0], 'bsdf-diffuse.reflectance.value': [[0.18000000715255737, 0.18000000715255737, 0.18000000715255737]], 'object_bsdf.eta': [1.6618493795394897], 'object_bsdf.alpha.value': [0.0010000000474974513], 'medium1.albedo.value.value': [[0.5792919993400574, 0.8850222229957581, 0.9990000128746033]], 'medium1.sigma_t.value.value': [0.5479723215103149], 'shape-plane.vertex_positions': [-5.791989326477051, 1.6361994743347168, 4.137889385223389, -6.134178638458252, 1.4884796142578125, .. 857 skipped .., 1.0732252597808838, -0.012071399949491024, 5.1473188400268555, 1.5426044464111328, -0.012071399949491024], 'PLYMesh.vertex_positions': [-0.10654518008232117, -0.28711727261543274, 1.1624749898910522, -0.18826353549957275, -0.33880600333213806, .. 107831 skipped .., -0.12597307562828064, 1.4806333780288696, -0.2866170406341553, -0.18464526534080505, 1.4728926420211792]}
Iteration 82
	total loss= 0.001644
Current scene parameters:
 	{'emitter-envmap.scale': [3.0], 'bsdf-diffuse.reflectance.value': [[0.18000000715255737, 0.18000000715255737, 0.18000000715255737]], 'object_bsdf.eta': [1.6682511568069458], 'object_bsdf.alpha.value': [0.0010000000474974513], 'medium1.albedo.value.value': [[0.5783708095550537, 0.8873052597045898, 0.9990000128746033]], 'medium1.sigma_t.value.value': [0.5500302910804749], 'shape-plane.vertex_positions': [-5.791989326477051, 1.6361994743347168, 4.137889385223389, -6.134178638458252, 1.4884796142578125, .. 857 skipped .., 1.0732252597808838, -0.012071399949491024, 5.1473188400268555, 1.5426044464111328, -0.012071399949491024], 'PLYMesh.vertex_positions': [-0.10654518008232117, -0.28711727261543274, 1.1624749898910522, -0.18826353549957275, -0.33880600333213806, .. 107831 skipped .., -0.12597307562828064, 1.4806333780288696, -0.2866170406341553, -0.18464526534080505, 1.4728926420211792]}
Iteration 83
	total loss= 0.001706
Current scene parameters:
 	{'emitter-envmap.scale': [3.0], 'bsdf-diffuse.reflectance.value': [[0.18000000715255737, 0.18000000715255737, 0.18000000715255737]], 'object_bsdf.eta': [1.665663719177246], 'object_bsdf.alpha.value': [0.0010000000474974513], 'medium1.albedo.value.value': [[0.5755742788314819, 0.8899955153465271, 0.9990000128746033]], 'medium1.sigma_t.value.value': [0.5523372292518616], 'shape-plane.vertex_positions': [-5.791989326477051, 1.6361994743347168, 4.137889385223389, -6.134178638458252, 1.4884796142578125, .. 857 skipped .., 1.0732252597808838, -0.012071399949491024, 5.1473188400268555, 1.5426044464111328, -0.012071399949491024], 'PLYMesh.vertex_positions': [-0.10654518008232117, -0.28711727261543274, 1.1624749898910522, -0.18826353549957275, -0.33880600333213806, .. 107831 skipped .., -0.12597307562828064, 1.4806333780288696, -0.2866170406341553, -0.18464526534080505, 1.4728926420211792]}
Iteration 84
	total loss= 0.001908
Current scene parameters:
 	{'emitter-envmap.scale': [3.0], 'bsdf-diffuse.reflectance.value': [[0.18000000715255737, 0.18000000715255737, 0.18000000715255737]], 'object_bsdf.eta': [1.6512277126312256], 'object_bsdf.alpha.value': [0.0010000000474974513], 'medium1.albedo.value.value': [[0.5714025497436523, 0.8930178284645081, 0.9990000128746033]], 'medium1.sigma_t.value.value': [0.5549036860466003], 'shape-plane.vertex_positions': [-5.791989326477051, 1.6361994743347168, 4.137889385223389, -6.134178638458252, 1.4884796142578125, .. 857 skipped .., 1.0732252597808838, -0.012071399949491024, 5.1473188400268555, 1.5426044464111328, -0.012071399949491024], 'PLYMesh.vertex_positions': [-0.10654518008232117, -0.28711727261543274, 1.1624749898910522, -0.18826353549957275, -0.33880600333213806, .. 107831 skipped .., -0.12597307562828064, 1.4806333780288696, -0.2866170406341553, -0.18464526534080505, 1.4728926420211792]}
Iteration 85
	total loss= 0.001943
Current scene parameters:
 	{'emitter-envmap.scale': [3.0], 'bsdf-diffuse.reflectance.value': [[0.18000000715255737, 0.18000000715255737, 0.18000000715255737]], 'object_bsdf.eta': [1.6311314105987549], 'object_bsdf.alpha.value': [0.0010000000474974513], 'medium1.albedo.value.value': [[0.5659187436103821, 0.8953730463981628, 0.9990000128746033]], 'medium1.sigma_t.value.value': [0.5576879978179932], 'shape-plane.vertex_positions': [-5.791989326477051, 1.6361994743347168, 4.137889385223389, -6.134178638458252, 1.4884796142578125, .. 857 skipped .., 1.0732252597808838, -0.012071399949491024, 5.1473188400268555, 1.5426044464111328, -0.012071399949491024], 'PLYMesh.vertex_positions': [-0.10654518008232117, -0.28711727261543274, 1.1624749898910522, -0.18826353549957275, -0.33880600333213806, .. 107831 skipped .., -0.12597307562828064, 1.4806333780288696, -0.2866170406341553, -0.18464526534080505, 1.4728926420211792]}
Iteration 86
	total loss= 0.001819
Current scene parameters:
 	{'emitter-envmap.scale': [3.0], 'bsdf-diffuse.reflectance.value': [[0.18000000715255737, 0.18000000715255737, 0.18000000715255737]], 'object_bsdf.eta': [1.6178598403930664], 'object_bsdf.alpha.value': [0.0010000000474974513], 'medium1.albedo.value.value': [[0.5594769716262817, 0.8964788913726807, 0.9990000128746033]], 'medium1.sigma_t.value.value': [0.5603358745574951], 'shape-plane.vertex_positions': [-5.791989326477051, 1.6361994743347168, 4.137889385223389, -6.134178638458252, 1.4884796142578125, .. 857 skipped .., 1.0732252597808838, -0.012071399949491024, 5.1473188400268555, 1.5426044464111328, -0.012071399949491024], 'PLYMesh.vertex_positions': [-0.10654518008232117, -0.28711727261543274, 1.1624749898910522, -0.18826353549957275, -0.33880600333213806, .. 107831 skipped .., -0.12597307562828064, 1.4806333780288696, -0.2866170406341553, -0.18464526534080505, 1.4728926420211792]}
Iteration 87
	total loss= 0.001731
Current scene parameters:
 	{'emitter-envmap.scale': [3.0], 'bsdf-diffuse.reflectance.value': [[0.18000000715255737, 0.18000000715255737, 0.18000000715255737]], 'object_bsdf.eta': [1.5951297283172607], 'object_bsdf.alpha.value': [0.0010000000474974513], 'medium1.albedo.value.value': [[0.5524774193763733, 0.8962363004684448, 0.9990000128746033]], 'medium1.sigma_t.value.value': [0.5630684494972229], 'shape-plane.vertex_positions': [-5.791989326477051, 1.6361994743347168, 4.137889385223389, -6.134178638458252, 1.4884796142578125, .. 857 skipped .., 1.0732252597808838, -0.012071399949491024, 5.1473188400268555, 1.5426044464111328, -0.012071399949491024], 'PLYMesh.vertex_positions': [-0.10654518008232117, -0.28711727261543274, 1.1624749898910522, -0.18826353549957275, -0.33880600333213806, .. 107831 skipped .., -0.12597307562828064, 1.4806333780288696, -0.2866170406341553, -0.18464526534080505, 1.4728926420211792]}
Iteration 88
	total loss= 0.001558
Current scene parameters:
 	{'emitter-envmap.scale': [3.0], 'bsdf-diffuse.reflectance.value': [[0.18000000715255737, 0.18000000715255737, 0.18000000715255737]], 'object_bsdf.eta': [1.5817649364471436], 'object_bsdf.alpha.value': [0.0010000000474974513], 'medium1.albedo.value.value': [[0.5453112721443176, 0.8948277235031128, 0.9990000128746033]], 'medium1.sigma_t.value.value': [0.5656815767288208], 'shape-plane.vertex_positions': [-5.791989326477051, 1.6361994743347168, 4.137889385223389, -6.134178638458252, 1.4884796142578125, .. 857 skipped .., 1.0732252597808838, -0.012071399949491024, 5.1473188400268555, 1.5426044464111328, -0.012071399949491024], 'PLYMesh.vertex_positions': [-0.10654518008232117, -0.28711727261543274, 1.1624749898910522, -0.18826353549957275, -0.33880600333213806, .. 107831 skipped .., -0.12597307562828064, 1.4806333780288696, -0.2866170406341553, -0.18464526534080505, 1.4728926420211792]}
Iteration 89
	total loss= 0.001482
Current scene parameters:
 	{'emitter-envmap.scale': [3.0], 'bsdf-diffuse.reflectance.value': [[0.18000000715255737, 0.18000000715255737, 0.18000000715255737]], 'object_bsdf.eta': [1.561643362045288], 'object_bsdf.alpha.value': [0.0010000000474974513], 'medium1.albedo.value.value': [[0.5380083918571472, 0.891770601272583, 0.9990000128746033]], 'medium1.sigma_t.value.value': [0.5683769583702087], 'shape-plane.vertex_positions': [-5.791989326477051, 1.6361994743347168, 4.137889385223389, -6.134178638458252, 1.4884796142578125, .. 857 skipped .., 1.0732252597808838, -0.012071399949491024, 5.1473188400268555, 1.5426044464111328, -0.012071399949491024], 'PLYMesh.vertex_positions': [-0.10654518008232117, -0.28711727261543274, 1.1624749898910522, -0.18826353549957275, -0.33880600333213806, .. 107831 skipped .., -0.12597307562828064, 1.4806333780288696, -0.2866170406341553, -0.18464526534080505, 1.4728926420211792]}
Iteration 90
	total loss= 0.001331
Current scene parameters:
 	{'emitter-envmap.scale': [3.0], 'bsdf-diffuse.reflectance.value': [[0.18000000715255737, 0.18000000715255737, 0.18000000715255737]], 'object_bsdf.eta': [1.5340213775634766], 'object_bsdf.alpha.value': [0.0010000000474974513], 'medium1.albedo.value.value': [[0.5305935740470886, 0.8869972229003906, 0.9990000128746033]], 'medium1.sigma_t.value.value': [0.5712862610816956], 'shape-plane.vertex_positions': [-5.791989326477051, 1.6361994743347168, 4.137889385223389, -6.134178638458252, 1.4884796142578125, .. 857 skipped .., 1.0732252597808838, -0.012071399949491024, 5.1473188400268555, 1.5426044464111328, -0.012071399949491024], 'PLYMesh.vertex_positions': [-0.10654518008232117, -0.28711727261543274, 1.1624749898910522, -0.18826353549957275, -0.33880600333213806, .. 107831 skipped .., -0.12597307562828064, 1.4806333780288696, -0.2866170406341553, -0.18464526534080505, 1.4728926420211792]}
Iteration 91
	total loss= 0.001590
Current scene parameters:
 	{'emitter-envmap.scale': [3.0], 'bsdf-diffuse.reflectance.value': [[0.18000000715255737, 0.18000000715255737, 0.18000000715255737]], 'object_bsdf.eta': [1.5213903188705444], 'object_bsdf.alpha.value': [0.0010000000474974513], 'medium1.albedo.value.value': [[0.5232184529304504, 0.8810827732086182, 0.9990000128746033]], 'medium1.sigma_t.value.value': [0.5741742849349976], 'shape-plane.vertex_positions': [-5.791989326477051, 1.6361994743347168, 4.137889385223389, -6.134178638458252, 1.4884796142578125, .. 857 skipped .., 1.0732252597808838, -0.012071399949491024, 5.1473188400268555, 1.5426044464111328, -0.012071399949491024], 'PLYMesh.vertex_positions': [-0.10654518008232117, -0.28711727261543274, 1.1624749898910522, -0.18826353549957275, -0.33880600333213806, .. 107831 skipped .., -0.12597307562828064, 1.4806333780288696, -0.2866170406341553, -0.18464526534080505, 1.4728926420211792]}
Iteration 92
	total loss= 0.001551
Current scene parameters:
 	{'emitter-envmap.scale': [3.0], 'bsdf-diffuse.reflectance.value': [[0.18000000715255737, 0.18000000715255737, 0.18000000715255737]], 'object_bsdf.eta': [1.501236915588379], 'object_bsdf.alpha.value': [0.0010000000474974513], 'medium1.albedo.value.value': [[0.516080379486084, 0.8749439716339111, 0.9990000128746033]], 'medium1.sigma_t.value.value': [0.576959490776062], 'shape-plane.vertex_positions': [-5.791989326477051, 1.6361994743347168, 4.137889385223389, -6.134178638458252, 1.4884796142578125, .. 857 skipped .., 1.0732252597808838, -0.012071399949491024, 5.1473188400268555, 1.5426044464111328, -0.012071399949491024], 'PLYMesh.vertex_positions': [-0.10654518008232117, -0.28711727261543274, 1.1624749898910522, -0.18826353549957275, -0.33880600333213806, .. 107831 skipped .., -0.12597307562828064, 1.4806333780288696, -0.2866170406341553, -0.18464526534080505, 1.4728926420211792]}
Iteration 93
	total loss= 0.001453
Current scene parameters:
 	{'emitter-envmap.scale': [3.0], 'bsdf-diffuse.reflectance.value': [[0.18000000715255737, 0.18000000715255737, 0.18000000715255737]], 'object_bsdf.eta': [1.4971305131912231], 'object_bsdf.alpha.value': [0.0010000000474974513], 'medium1.albedo.value.value': [[0.5095354318618774, 0.8689963221549988, 0.9990000128746033]], 'medium1.sigma_t.value.value': [0.5795565247535706], 'shape-plane.vertex_positions': [-5.791989326477051, 1.6361994743347168, 4.137889385223389, -6.134178638458252, 1.4884796142578125, .. 857 skipped .., 1.0732252597808838, -0.012071399949491024, 5.1473188400268555, 1.5426044464111328, -0.012071399949491024], 'PLYMesh.vertex_positions': [-0.10654518008232117, -0.28711727261543274, 1.1624749898910522, -0.18826353549957275, -0.33880600333213806, .. 107831 skipped .., -0.12597307562828064, 1.4806333780288696, -0.2866170406341553, -0.18464526534080505, 1.4728926420211792]}
Iteration 94
	total loss= 0.001379
Current scene parameters:
 	{'emitter-envmap.scale': [3.0], 'bsdf-diffuse.reflectance.value': [[0.18000000715255737, 0.18000000715255737, 0.18000000715255737]], 'object_bsdf.eta': [1.5011531114578247], 'object_bsdf.alpha.value': [0.0010000000474974513], 'medium1.albedo.value.value': [[0.5034595727920532, 0.86391681432724, 0.9990000128746033]], 'medium1.sigma_t.value.value': [0.5818181037902832], 'shape-plane.vertex_positions': [-5.791989326477051, 1.6361994743347168, 4.137889385223389, -6.134178638458252, 1.4884796142578125, .. 857 skipped .., 1.0732252597808838, -0.012071399949491024, 5.1473188400268555, 1.5426044464111328, -0.012071399949491024], 'PLYMesh.vertex_positions': [-0.10654518008232117, -0.28711727261543274, 1.1624749898910522, -0.18826353549957275, -0.33880600333213806, .. 107831 skipped .., -0.12597307562828064, 1.4806333780288696, -0.2866170406341553, -0.18464526534080505, 1.4728926420211792]}
Iteration 95
	total loss= 0.001613
Current scene parameters:
 	{'emitter-envmap.scale': [3.0], 'bsdf-diffuse.reflectance.value': [[0.18000000715255737, 0.18000000715255737, 0.18000000715255737]], 'object_bsdf.eta': [1.5207213163375854], 'object_bsdf.alpha.value': [0.0010000000474974513], 'medium1.albedo.value.value': [[0.49818676710128784, 0.8602278828620911, 0.9990000128746033]], 'medium1.sigma_t.value.value': [0.5840709805488586], 'shape-plane.vertex_positions': [-5.791989326477051, 1.6361994743347168, 4.137889385223389, -6.134178638458252, 1.4884796142578125, .. 857 skipped .., 1.0732252597808838, -0.012071399949491024, 5.1473188400268555, 1.5426044464111328, -0.012071399949491024], 'PLYMesh.vertex_positions': [-0.10654518008232117, -0.28711727261543274, 1.1624749898910522, -0.18826353549957275, -0.33880600333213806, .. 107831 skipped .., -0.12597307562828064, 1.4806333780288696, -0.2866170406341553, -0.18464526534080505, 1.4728926420211792]}
Iteration 96
	total loss= 0.001560
Current scene parameters:
 	{'emitter-envmap.scale': [3.0], 'bsdf-diffuse.reflectance.value': [[0.18000000715255737, 0.18000000715255737, 0.18000000715255737]], 'object_bsdf.eta': [1.5364303588867188], 'object_bsdf.alpha.value': [0.0010000000474974513], 'medium1.albedo.value.value': [[0.49401798844337463, 0.8584988713264465, 0.9990000128746033]], 'medium1.sigma_t.value.value': [0.5862442851066589], 'shape-plane.vertex_positions': [-5.791989326477051, 1.6361994743347168, 4.137889385223389, -6.134178638458252, 1.4884796142578125, .. 857 skipped .., 1.0732252597808838, -0.012071399949491024, 5.1473188400268555, 1.5426044464111328, -0.012071399949491024], 'PLYMesh.vertex_positions': [-0.10654518008232117, -0.28711727261543274, 1.1624749898910522, -0.18826353549957275, -0.33880600333213806, .. 107831 skipped .., -0.12597307562828064, 1.4806333780288696, -0.2866170406341553, -0.18464526534080505, 1.4728926420211792]}
Iteration 97
	total loss= 0.001566
Current scene parameters:
 	{'emitter-envmap.scale': [3.0], 'bsdf-diffuse.reflectance.value': [[0.18000000715255737, 0.18000000715255737, 0.18000000715255737]], 'object_bsdf.eta': [1.5529098510742188], 'object_bsdf.alpha.value': [0.0010000000474974513], 'medium1.albedo.value.value': [[0.4910886287689209, 0.8592037558555603, 0.9990000128746033]], 'medium1.sigma_t.value.value': [0.5880550146102905], 'shape-plane.vertex_positions': [-5.791989326477051, 1.6361994743347168, 4.137889385223389, -6.134178638458252, 1.4884796142578125, .. 857 skipped .., 1.0732252597808838, -0.012071399949491024, 5.1473188400268555, 1.5426044464111328, -0.012071399949491024], 'PLYMesh.vertex_positions': [-0.10654518008232117, -0.28711727261543274, 1.1624749898910522, -0.18826353549957275, -0.33880600333213806, .. 107831 skipped .., -0.12597307562828064, 1.4806333780288696, -0.2866170406341553, -0.18464526534080505, 1.4728926420211792]}
Iteration 98
	total loss= 0.001734
Current scene parameters:
 	{'emitter-envmap.scale': [3.0], 'bsdf-diffuse.reflectance.value': [[0.18000000715255737, 0.18000000715255737, 0.18000000715255737]], 'object_bsdf.eta': [1.5717270374298096], 'object_bsdf.alpha.value': [0.0010000000474974513], 'medium1.albedo.value.value': [[0.48949411511421204, 0.8623931407928467, 0.9990000128746033]], 'medium1.sigma_t.value.value': [0.5894593000411987], 'shape-plane.vertex_positions': [-5.791989326477051, 1.6361994743347168, 4.137889385223389, -6.134178638458252, 1.4884796142578125, .. 857 skipped .., 1.0732252597808838, -0.012071399949491024, 5.1473188400268555, 1.5426044464111328, -0.012071399949491024], 'PLYMesh.vertex_positions': [-0.10654518008232117, -0.28711727261543274, 1.1624749898910522, -0.18826353549957275, -0.33880600333213806, .. 107831 skipped .., -0.12597307562828064, 1.4806333780288696, -0.2866170406341553, -0.18464526534080505, 1.4728926420211792]}
Iteration 99
	total loss= 0.001631
Current scene parameters:
 	{'emitter-envmap.scale': [3.0], 'bsdf-diffuse.reflectance.value': [[0.18000000715255737, 0.18000000715255737, 0.18000000715255737]], 'object_bsdf.eta': [1.5841467380523682], 'object_bsdf.alpha.value': [0.0010000000474974513], 'medium1.albedo.value.value': [[0.4892050325870514, 0.8681364059448242, 0.9990000128746033]], 'medium1.sigma_t.value.value': [0.5907778143882751], 'shape-plane.vertex_positions': [-5.791989326477051, 1.6361994743347168, 4.137889385223389, -6.134178638458252, 1.4884796142578125, .. 857 skipped .., 1.0732252597808838, -0.012071399949491024, 5.1473188400268555, 1.5426044464111328, -0.012071399949491024], 'PLYMesh.vertex_positions': [-0.10654518008232117, -0.28711727261543274, 1.1624749898910522, -0.18826353549957275, -0.33880600333213806, .. 107831 skipped .., -0.12597307562828064, 1.4806333780288696, -0.2866170406341553, -0.18464526534080505, 1.4728926420211792]}
Optimization loop end. Elapsed time: 137.783s
Initial scene parameters:
 {'emitter-envmap.scale': [3.0], 'bsdf-diffuse.reflectance.value': [[0.18000000715255737, 0.18000000715255737, 0.18000000715255737]], 'object_bsdf.eta': [1.573571801185608], 'object_bsdf.alpha.value': [0.4700008034706116], 'medium1.albedo.value.value': [[0.0399964302778244, 0.03999798744916916, 0.039998553693294525]], 'medium1.sigma_t.value.value': [0.9500026702880859], 'shape-plane.vertex_positions': [-5.791989326477051, 1.6361994743347168, 4.137889385223389, -6.134178638458252, 1.4884796142578125, .. 857 skipped .., 1.0732252597808838, -0.012071399949491024, 5.1473188400268555, 1.5426044464111328, -0.012071399949491024], 'PLYMesh.vertex_positions': [-0.10654518008232117, -0.28711727261543274, 1.1624749898910522, -0.18826353549957275, -0.33880600333213806, .. 107831 skipped .., -0.12597307562828064, 1.4806333780288696, -0.2866170406341553, -0.18464526534080505, 1.4728926420211792]}
End scene parameters:
 {'emitter-envmap.scale': [3.0], 'bsdf-diffuse.reflectance.value': [[0.18000000715255737, 0.18000000715255737, 0.18000000715255737]], 'object_bsdf.eta': [1.5841467380523682], 'object_bsdf.alpha.value': [0.0010000000474974513], 'medium1.albedo.value.value': [[0.4892050325870514, 0.8681364059448242, 0.9990000128746033]], 'medium1.sigma_t.value.value': [0.5907778143882751], 'shape-plane.vertex_positions': [-5.791989326477051, 1.6361994743347168, 4.137889385223389, -6.134178638458252, 1.4884796142578125, .. 857 skipped .., 1.0732252597808838, -0.012071399949491024, 5.1473188400268555, 1.5426044464111328, -0.012071399949491024], 'PLYMesh.vertex_positions': [-0.10654518008232117, -0.28711727261543274, 1.1624749898910522, -0.18826353549957275, -0.33880600333213806, .. 107831 skipped .., -0.12597307562828064, 1.4806333780288696, -0.2866170406341553, -0.18464526534080505, 1.4728926420211792]}
Mitsuba version:
 3.2.1
Hyperparameters:
	minimum error:0.0001,
	spp:8,
	optimization func.:Deng et al. Dual Buffer Method,
	iteraration count:100
Optimization parameters:
 	{'emitter-envmap.scale': {'Learning Rate': 0.03, 'Min. Clamp Value': 0.001, 'Max. Clamp Value': 100, 'Optimize': False}, 'bsdf-diffuse.reflectance.value': {'Learning Rate': 0.03, 'Min. Clamp Value': 0.001, 'Max. Clamp Value': 0.999, 'Optimize': False}, 'object_bsdf.eta': {'Learning Rate': 0.03, 'Min. Clamp Value': 0.001, 'Max. Clamp Value': 4.1, 'Optimize': True}, 'object_bsdf.alpha.value': {'Learning Rate': 0.03, 'Min. Clamp Value': 0.001, 'Max. Clamp Value': 0.7, 'Optimize': True}, 'medium1.albedo.value.value': {'Learning Rate': 0.03, 'Min. Clamp Value': 0.001, 'Max. Clamp Value': 0.999, 'Optimize': True}, 'medium1.sigma_t.value.value': {'Learning Rate': 0.03, 'Min. Clamp Value': 0.001, 'Max. Clamp Value': 0.999, 'Optimize': True}, 'shape-plane.vertex_positions': {'Learning Rate': 0.03, 'Min. Clamp Value': [[-100.0, -100.0, -100.0]], 'Max. Clamp Value': [[100.0, 100.0, 100.0]], 'Optimize': False}, 'PLYMesh.vertex_positions': {'Learning Rate': 0.03, 'Min. Clamp Value': [[-100.0, -100.0, -100.0]], 'Max. Clamp Value': [[100.0, 100.0, 100.0]], 'Optimize': False}}