Optimization loop begin
Sensor 00
	current loss= 0.027600
Sensor 01
	current loss= 0.001976
Sensor 02
	current loss= 0.056183
Sensor 03
	current loss= 0.009458
Iteration 00
	total loss= 0.095217
Current scene parameters:
 	{'mat-PlaneBsdf.brdf_0.reflectance.color0.value': [[0.4000000059604645, 0.4000000059604645, 0.4000000059604645]], 'mat-PlaneBsdf.brdf_0.reflectance.color1.value': [[0.20000000298023224, 0.20000000298023224, 0.20000000298023224]], 'mat-ObjectBsdf.eta': [1.5435724258422852], 'mat-ObjectBsdf.alpha.value': [0.6060307025909424], 'medium1.albedo.data': TensorXf(shape=(16, 16, 16, 3)), 'medium1.sigma_t.value.value': [0.8833168148994446], 'emitter-envmap.scale': [1.0], 'PLYMesh.vertex_positions': [-23.38309669494629, 0.0, 23.38309669494629, 23.38309669494629, 0.0, 23.38309669494629, 23.38309669494629, 0.0, -23.38309669494629, -23.38309669494629, 0.0, -23.38309669494629], 'PLYMesh_1.vertex_positions': [0.06771976500749588, 2.719545364379883, 2.2474188804626465, 0.07067764550447464, 2.7316184043884277, .. 486902 skipped .., 1.834144949913025, 1.140721082687378, 1.3816357851028442, 1.8345913887023926, 1.1410837173461914]}
Sensor 00
	current loss= 0.026321
Sensor 01
	current loss= 0.001837
Sensor 02
	current loss= 0.048894
Sensor 03
	current loss= 0.008435
Iteration 01
	total loss= 0.085487
Current scene parameters:
 	{'mat-PlaneBsdf.brdf_0.reflectance.color0.value': [[0.4000000059604645, 0.4000000059604645, 0.4000000059604645]], 'mat-PlaneBsdf.brdf_0.reflectance.color1.value': [[0.20000000298023224, 0.20000000298023224, 0.20000000298023224]], 'mat-ObjectBsdf.eta': [1.5435724258422852], 'mat-ObjectBsdf.alpha.value': [0.5260146856307983], 'medium1.albedo.data': TensorXf(shape=(16, 16, 16, 3)), 'medium1.sigma_t.value.value': [0.7969687581062317], 'emitter-envmap.scale': [1.0], 'PLYMesh.vertex_positions': [-23.38309669494629, 0.0, 23.38309669494629, 23.38309669494629, 0.0, 23.38309669494629, 23.38309669494629, 0.0, -23.38309669494629, -23.38309669494629, 0.0, -23.38309669494629], 'PLYMesh_1.vertex_positions': [0.06771976500749588, 2.719545364379883, 2.2474188804626465, 0.07067764550447464, 2.7316184043884277, .. 486902 skipped .., 1.834144949913025, 1.140721082687378, 1.3816357851028442, 1.8345913887023926, 1.1410837173461914]}
Sensor 00
	current loss= 0.024632
Sensor 01
	current loss= 0.001654
Sensor 02
	current loss= 0.040888
Sensor 03
	current loss= 0.007231
Iteration 02
	total loss= 0.074405
Current scene parameters:
 	{'mat-PlaneBsdf.brdf_0.reflectance.color0.value': [[0.4000000059604645, 0.4000000059604645, 0.4000000059604645]], 'mat-PlaneBsdf.brdf_0.reflectance.color1.value': [[0.20000000298023224, 0.20000000298023224, 0.20000000298023224]], 'mat-ObjectBsdf.eta': [1.5435724258422852], 'mat-ObjectBsdf.alpha.value': [0.44367730617523193], 'medium1.albedo.data': TensorXf(shape=(16, 16, 16, 3)), 'medium1.sigma_t.value.value': [0.709388256072998], 'emitter-envmap.scale': [1.0], 'PLYMesh.vertex_positions': [-23.38309669494629, 0.0, 23.38309669494629, 23.38309669494629, 0.0, 23.38309669494629, 23.38309669494629, 0.0, -23.38309669494629, -23.38309669494629, 0.0, -23.38309669494629], 'PLYMesh_1.vertex_positions': [0.06771976500749588, 2.719545364379883, 2.2474188804626465, 0.07067764550447464, 2.7316184043884277, .. 486902 skipped .., 1.834144949913025, 1.140721082687378, 1.3816357851028442, 1.8345913887023926, 1.1410837173461914]}
Sensor 00
	current loss= 0.022522
Sensor 01
	current loss= 0.001450
Sensor 02
	current loss= 0.034110
Sensor 03
	current loss= 0.005884
Iteration 03
	total loss= 0.063966
Current scene parameters:
 	{'mat-PlaneBsdf.brdf_0.reflectance.color0.value': [[0.4000000059604645, 0.4000000059604645, 0.4000000059604645]], 'mat-PlaneBsdf.brdf_0.reflectance.color1.value': [[0.20000000298023224, 0.20000000298023224, 0.20000000298023224]], 'mat-ObjectBsdf.eta': [1.5435724258422852], 'mat-ObjectBsdf.alpha.value': [0.3589017689228058], 'medium1.albedo.data': TensorXf(shape=(16, 16, 16, 3)), 'medium1.sigma_t.value.value': [0.619739830493927], 'emitter-envmap.scale': [1.0], 'PLYMesh.vertex_positions': [-23.38309669494629, 0.0, 23.38309669494629, 23.38309669494629, 0.0, 23.38309669494629, 23.38309669494629, 0.0, -23.38309669494629, -23.38309669494629, 0.0, -23.38309669494629], 'PLYMesh_1.vertex_positions': [0.06771976500749588, 2.719545364379883, 2.2474188804626465, 0.07067764550447464, 2.7316184043884277, .. 486902 skipped .., 1.834144949913025, 1.140721082687378, 1.3816357851028442, 1.8345913887023926, 1.1410837173461914]}
Sensor 00
	current loss= 0.019508
Sensor 01
	current loss= 0.001186
Sensor 02
	current loss= 0.029502
Sensor 03
	current loss= 0.004432
Iteration 04
	total loss= 0.054627
Current scene parameters:
 	{'mat-PlaneBsdf.brdf_0.reflectance.color0.value': [[0.4000000059604645, 0.4000000059604645, 0.4000000059604645]], 'mat-PlaneBsdf.brdf_0.reflectance.color1.value': [[0.20000000298023224, 0.20000000298023224, 0.20000000298023224]], 'mat-ObjectBsdf.eta': [1.5435724258422852], 'mat-ObjectBsdf.alpha.value': [0.2761938273906708], 'medium1.albedo.data': TensorXf(shape=(16, 16, 16, 3)), 'medium1.sigma_t.value.value': [0.5273218750953674], 'emitter-envmap.scale': [1.0], 'PLYMesh.vertex_positions': [-23.38309669494629, 0.0, 23.38309669494629, 23.38309669494629, 0.0, 23.38309669494629, 23.38309669494629, 0.0, -23.38309669494629, -23.38309669494629, 0.0, -23.38309669494629], 'PLYMesh_1.vertex_positions': [0.06771976500749588, 2.719545364379883, 2.2474188804626465, 0.07067764550447464, 2.7316184043884277, .. 486902 skipped .., 1.834144949913025, 1.140721082687378, 1.3816357851028442, 1.8345913887023926, 1.1410837173461914]}
Sensor 00
	current loss= 0.015172
Sensor 01
	current loss= 0.000935
Sensor 02
	current loss= 0.030157
Sensor 03
	current loss= 0.003053
Iteration 05
	total loss= 0.049317
Current scene parameters:
 	{'mat-PlaneBsdf.brdf_0.reflectance.color0.value': [[0.4000000059604645, 0.4000000059604645, 0.4000000059604645]], 'mat-PlaneBsdf.brdf_0.reflectance.color1.value': [[0.20000000298023224, 0.20000000298023224, 0.20000000298023224]], 'mat-ObjectBsdf.eta': [1.5435724258422852], 'mat-ObjectBsdf.alpha.value': [0.21211013197898865], 'medium1.albedo.data': TensorXf(shape=(16, 16, 16, 3)), 'medium1.sigma_t.value.value': [0.4359719455242157], 'emitter-envmap.scale': [1.0], 'PLYMesh.vertex_positions': [-23.38309669494629, 0.0, 23.38309669494629, 23.38309669494629, 0.0, 23.38309669494629, 23.38309669494629, 0.0, -23.38309669494629, -23.38309669494629, 0.0, -23.38309669494629], 'PLYMesh_1.vertex_positions': [0.06771976500749588, 2.719545364379883, 2.2474188804626465, 0.07067764550447464, 2.7316184043884277, .. 486902 skipped .., 1.834144949913025, 1.140721082687378, 1.3816357851028442, 1.8345913887023926, 1.1410837173461914]}
Sensor 00
	current loss= 0.011275
Sensor 01
	current loss= 0.000693
Sensor 02
	current loss= 0.031917
Sensor 03
	current loss= 0.002312
Iteration 06
	total loss= 0.046198
Current scene parameters:
 	{'mat-PlaneBsdf.brdf_0.reflectance.color0.value': [[0.4000000059604645, 0.4000000059604645, 0.4000000059604645]], 'mat-PlaneBsdf.brdf_0.reflectance.color1.value': [[0.20000000298023224, 0.20000000298023224, 0.20000000298023224]], 'mat-ObjectBsdf.eta': [1.5435724258422852], 'mat-ObjectBsdf.alpha.value': [0.17248442769050598], 'medium1.albedo.data': TensorXf(shape=(16, 16, 16, 3)), 'medium1.sigma_t.value.value': [0.3551182746887207], 'emitter-envmap.scale': [1.0], 'PLYMesh.vertex_positions': [-23.38309669494629, 0.0, 23.38309669494629, 23.38309669494629, 0.0, 23.38309669494629, 23.38309669494629, 0.0, -23.38309669494629, -23.38309669494629, 0.0, -23.38309669494629], 'PLYMesh_1.vertex_positions': [0.06771976500749588, 2.719545364379883, 2.2474188804626465, 0.07067764550447464, 2.7316184043884277, .. 486902 skipped .., 1.834144949913025, 1.140721082687378, 1.3816357851028442, 1.8345913887023926, 1.1410837173461914]}
Sensor 00
	current loss= 0.008183
Sensor 01
	current loss= 0.000571
Sensor 02
	current loss= 0.032825
Sensor 03
	current loss= 0.001899
Iteration 07
	total loss= 0.043477
Current scene parameters:
 	{'mat-PlaneBsdf.brdf_0.reflectance.color0.value': [[0.4000000059604645, 0.4000000059604645, 0.4000000059604645]], 'mat-PlaneBsdf.brdf_0.reflectance.color1.value': [[0.20000000298023224, 0.20000000298023224, 0.20000000298023224]], 'mat-ObjectBsdf.eta': [1.5435724258422852], 'mat-ObjectBsdf.alpha.value': [0.14730611443519592], 'medium1.albedo.data': TensorXf(shape=(16, 16, 16, 3)), 'medium1.sigma_t.value.value': [0.3010123670101166], 'emitter-envmap.scale': [1.0], 'PLYMesh.vertex_positions': [-23.38309669494629, 0.0, 23.38309669494629, 23.38309669494629, 0.0, 23.38309669494629, 23.38309669494629, 0.0, -23.38309669494629, -23.38309669494629, 0.0, -23.38309669494629], 'PLYMesh_1.vertex_positions': [0.06771976500749588, 2.719545364379883, 2.2474188804626465, 0.07067764550447464, 2.7316184043884277, .. 486902 skipped .., 1.834144949913025, 1.140721082687378, 1.3816357851028442, 1.8345913887023926, 1.1410837173461914]}
Sensor 00
	current loss= 0.006392
Sensor 01
	current loss= 0.000487
Sensor 02
	current loss= 0.032728
Sensor 03
	current loss= 0.001528
Iteration 08
	total loss= 0.041135
Current scene parameters:
 	{'mat-PlaneBsdf.brdf_0.reflectance.color0.value': [[0.4000000059604645, 0.4000000059604645, 0.4000000059604645]], 'mat-PlaneBsdf.brdf_0.reflectance.color1.value': [[0.20000000298023224, 0.20000000298023224, 0.20000000298023224]], 'mat-ObjectBsdf.eta': [1.5435724258422852], 'mat-ObjectBsdf.alpha.value': [0.1241568997502327], 'medium1.albedo.data': TensorXf(shape=(16, 16, 16, 3)), 'medium1.sigma_t.value.value': [0.2888193726539612], 'emitter-envmap.scale': [1.0], 'PLYMesh.vertex_positions': [-23.38309669494629, 0.0, 23.38309669494629, 23.38309669494629, 0.0, 23.38309669494629, 23.38309669494629, 0.0, -23.38309669494629, -23.38309669494629, 0.0, -23.38309669494629], 'PLYMesh_1.vertex_positions': [0.06771976500749588, 2.719545364379883, 2.2474188804626465, 0.07067764550447464, 2.7316184043884277, .. 486902 skipped .., 1.834144949913025, 1.140721082687378, 1.3816357851028442, 1.8345913887023926, 1.1410837173461914]}
Sensor 00
	current loss= 0.004796
Sensor 01
	current loss= 0.000427
Sensor 02
	current loss= 0.029699
Sensor 03
	current loss= 0.001054
Iteration 09
	total loss= 0.035976
Current scene parameters:
 	{'mat-PlaneBsdf.brdf_0.reflectance.color0.value': [[0.4000000059604645, 0.4000000059604645, 0.4000000059604645]], 'mat-PlaneBsdf.brdf_0.reflectance.color1.value': [[0.20000000298023224, 0.20000000298023224, 0.20000000298023224]], 'mat-ObjectBsdf.eta': [1.5435724258422852], 'mat-ObjectBsdf.alpha.value': [0.08766927570104599], 'medium1.albedo.data': TensorXf(shape=(16, 16, 16, 3)), 'medium1.sigma_t.value.value': [0.31231415271759033], 'emitter-envmap.scale': [1.0], 'PLYMesh.vertex_positions': [-23.38309669494629, 0.0, 23.38309669494629, 23.38309669494629, 0.0, 23.38309669494629, 23.38309669494629, 0.0, -23.38309669494629, -23.38309669494629, 0.0, -23.38309669494629], 'PLYMesh_1.vertex_positions': [0.06771976500749588, 2.719545364379883, 2.2474188804626465, 0.07067764550447464, 2.7316184043884277, .. 486902 skipped .., 1.834144949913025, 1.140721082687378, 1.3816357851028442, 1.8345913887023926, 1.1410837173461914]}
Sensor 00
	current loss= 0.003245
Sensor 01
	current loss= 0.000347
Sensor 02
	current loss= 0.019481
Sensor 03
	current loss= 0.000561
Iteration 10
	total loss= 0.023633
Current scene parameters:
 	{'mat-PlaneBsdf.brdf_0.reflectance.color0.value': [[0.4000000059604645, 0.4000000059604645, 0.4000000059604645]], 'mat-PlaneBsdf.brdf_0.reflectance.color1.value': [[0.20000000298023224, 0.20000000298023224, 0.20000000298023224]], 'mat-ObjectBsdf.eta': [1.5435724258422852], 'mat-ObjectBsdf.alpha.value': [0.02204527147114277], 'medium1.albedo.data': TensorXf(shape=(16, 16, 16, 3)), 'medium1.sigma_t.value.value': [0.35720518231391907], 'emitter-envmap.scale': [1.0], 'PLYMesh.vertex_positions': [-23.38309669494629, 0.0, 23.38309669494629, 23.38309669494629, 0.0, 23.38309669494629, 23.38309669494629, 0.0, -23.38309669494629, -23.38309669494629, 0.0, -23.38309669494629], 'PLYMesh_1.vertex_positions': [0.06771976500749588, 2.719545364379883, 2.2474188804626465, 0.07067764550447464, 2.7316184043884277, .. 486902 skipped .., 1.834144949913025, 1.140721082687378, 1.3816357851028442, 1.8345913887023926, 1.1410837173461914]}
Sensor 00
	current loss= 0.001183
Sensor 01
	current loss= 0.000187
Sensor 02
	current loss= 0.003653
Sensor 03
	current loss= 0.000300
Iteration 11
	total loss= 0.005323
Current scene parameters:
 	{'mat-PlaneBsdf.brdf_0.reflectance.color0.value': [[0.4000000059604645, 0.4000000059604645, 0.4000000059604645]], 'mat-PlaneBsdf.brdf_0.reflectance.color1.value': [[0.20000000298023224, 0.20000000298023224, 0.20000000298023224]], 'mat-ObjectBsdf.eta': [1.5435724258422852], 'mat-ObjectBsdf.alpha.value': [0.028172889724373817], 'medium1.albedo.data': TensorXf(shape=(16, 16, 16, 3)), 'medium1.sigma_t.value.value': [0.40020132064819336], 'emitter-envmap.scale': [1.0], 'PLYMesh.vertex_positions': [-23.38309669494629, 0.0, 23.38309669494629, 23.38309669494629, 0.0, 23.38309669494629, 23.38309669494629, 0.0, -23.38309669494629, -23.38309669494629, 0.0, -23.38309669494629], 'PLYMesh_1.vertex_positions': [0.06771976500749588, 2.719545364379883, 2.2474188804626465, 0.07067764550447464, 2.7316184043884277, .. 486902 skipped .., 1.834144949913025, 1.140721082687378, 1.3816357851028442, 1.8345913887023926, 1.1410837173461914]}
Sensor 00
	current loss= 0.000913
Sensor 01
	current loss= 0.000114
Sensor 02
	current loss= 0.014194
Sensor 03
	current loss= 0.000549
Iteration 12
	total loss= 0.015770
Current scene parameters:
 	{'mat-PlaneBsdf.brdf_0.reflectance.color0.value': [[0.4000000059604645, 0.4000000059604645, 0.4000000059604645]], 'mat-PlaneBsdf.brdf_0.reflectance.color1.value': [[0.20000000298023224, 0.20000000298023224, 0.20000000298023224]], 'mat-ObjectBsdf.eta': [1.5435724258422852], 'mat-ObjectBsdf.alpha.value': [0.05355212837457657], 'medium1.albedo.data': TensorXf(shape=(16, 16, 16, 3)), 'medium1.sigma_t.value.value': [0.43177467584609985], 'emitter-envmap.scale': [1.0], 'PLYMesh.vertex_positions': [-23.38309669494629, 0.0, 23.38309669494629, 23.38309669494629, 0.0, 23.38309669494629, 23.38309669494629, 0.0, -23.38309669494629, -23.38309669494629, 0.0, -23.38309669494629], 'PLYMesh_1.vertex_positions': [0.06771976500749588, 2.719545364379883, 2.2474188804626465, 0.07067764550447464, 2.7316184043884277, .. 486902 skipped .., 1.834144949913025, 1.140721082687378, 1.3816357851028442, 1.8345913887023926, 1.1410837173461914]}
Sensor 00
	current loss= 0.002021
Sensor 01
	current loss= 0.000216
Sensor 02
	current loss= 0.015951
Sensor 03
	current loss= 0.000508
Iteration 13
	total loss= 0.018697
Current scene parameters:
 	{'mat-PlaneBsdf.brdf_0.reflectance.color0.value': [[0.4000000059604645, 0.4000000059604645, 0.4000000059604645]], 'mat-PlaneBsdf.brdf_0.reflectance.color1.value': [[0.20000000298023224, 0.20000000298023224, 0.20000000298023224]], 'mat-ObjectBsdf.eta': [1.5435724258422852], 'mat-ObjectBsdf.alpha.value': [0.04380464181303978], 'medium1.albedo.data': TensorXf(shape=(16, 16, 16, 3)), 'medium1.sigma_t.value.value': [0.4506220817565918], 'emitter-envmap.scale': [1.0], 'PLYMesh.vertex_positions': [-23.38309669494629, 0.0, 23.38309669494629, 23.38309669494629, 0.0, 23.38309669494629, 23.38309669494629, 0.0, -23.38309669494629, -23.38309669494629, 0.0, -23.38309669494629], 'PLYMesh_1.vertex_positions': [0.06771976500749588, 2.719545364379883, 2.2474188804626465, 0.07067764550447464, 2.7316184043884277, .. 486902 skipped .., 1.834144949913025, 1.140721082687378, 1.3816357851028442, 1.8345913887023926, 1.1410837173461914]}
Sensor 00
	current loss= 0.001656
Sensor 01
	current loss= 0.000127
Sensor 02
	current loss= 0.007056
Sensor 03
	current loss= 0.000277
Iteration 14
	total loss= 0.009116
Current scene parameters:
 	{'mat-PlaneBsdf.brdf_0.reflectance.color0.value': [[0.4000000059604645, 0.4000000059604645, 0.4000000059604645]], 'mat-PlaneBsdf.brdf_0.reflectance.color1.value': [[0.20000000298023224, 0.20000000298023224, 0.20000000298023224]], 'mat-ObjectBsdf.eta': [1.5435724258422852], 'mat-ObjectBsdf.alpha.value': [0.011350019834935665], 'medium1.albedo.data': TensorXf(shape=(16, 16, 16, 3)), 'medium1.sigma_t.value.value': [0.456449419260025], 'emitter-envmap.scale': [1.0], 'PLYMesh.vertex_positions': [-23.38309669494629, 0.0, 23.38309669494629, 23.38309669494629, 0.0, 23.38309669494629, 23.38309669494629, 0.0, -23.38309669494629, -23.38309669494629, 0.0, -23.38309669494629], 'PLYMesh_1.vertex_positions': [0.06771976500749588, 2.719545364379883, 2.2474188804626465, 0.07067764550447464, 2.7316184043884277, .. 486902 skipped .., 1.834144949913025, 1.140721082687378, 1.3816357851028442, 1.8345913887023926, 1.1410837173461914]}
Sensor 00
	current loss= 0.000740
Sensor 01
	current loss= 0.000062
Sensor 02
	current loss= 0.003571
Sensor 03
	current loss= 0.000077
Iteration 15
	total loss= 0.004450
Current scene parameters:
 	{'mat-PlaneBsdf.brdf_0.reflectance.color0.value': [[0.4000000059604645, 0.4000000059604645, 0.4000000059604645]], 'mat-PlaneBsdf.brdf_0.reflectance.color1.value': [[0.20000000298023224, 0.20000000298023224, 0.20000000298023224]], 'mat-ObjectBsdf.eta': [1.5435724258422852], 'mat-ObjectBsdf.alpha.value': [0.014888068661093712], 'medium1.albedo.data': TensorXf(shape=(16, 16, 16, 3)), 'medium1.sigma_t.value.value': [0.4473665952682495], 'emitter-envmap.scale': [1.0], 'PLYMesh.vertex_positions': [-23.38309669494629, 0.0, 23.38309669494629, 23.38309669494629, 0.0, 23.38309669494629, 23.38309669494629, 0.0, -23.38309669494629, -23.38309669494629, 0.0, -23.38309669494629], 'PLYMesh_1.vertex_positions': [0.06771976500749588, 2.719545364379883, 2.2474188804626465, 0.07067764550447464, 2.7316184043884277, .. 486902 skipped .., 1.834144949913025, 1.140721082687378, 1.3816357851028442, 1.8345913887023926, 1.1410837173461914]}
Sensor 00
	current loss= 0.000838
Sensor 01
	current loss= 0.000064
Sensor 02
	current loss= 0.004341
Sensor 03
	current loss= 0.000198
Iteration 16
	total loss= 0.005441
Current scene parameters:
 	{'mat-PlaneBsdf.brdf_0.reflectance.color0.value': [[0.4000000059604645, 0.4000000059604645, 0.4000000059604645]], 'mat-PlaneBsdf.brdf_0.reflectance.color1.value': [[0.20000000298023224, 0.20000000298023224, 0.20000000298023224]], 'mat-ObjectBsdf.eta': [1.5435724258422852], 'mat-ObjectBsdf.alpha.value': [0.024867992848157883], 'medium1.albedo.data': TensorXf(shape=(16, 16, 16, 3)), 'medium1.sigma_t.value.value': [0.4256179928779602], 'emitter-envmap.scale': [1.0], 'PLYMesh.vertex_positions': [-23.38309669494629, 0.0, 23.38309669494629, 23.38309669494629, 0.0, 23.38309669494629, 23.38309669494629, 0.0, -23.38309669494629, -23.38309669494629, 0.0, -23.38309669494629], 'PLYMesh_1.vertex_positions': [0.06771976500749588, 2.719545364379883, 2.2474188804626465, 0.07067764550447464, 2.7316184043884277, .. 486902 skipped .., 1.834144949913025, 1.140721082687378, 1.3816357851028442, 1.8345913887023926, 1.1410837173461914]}
Sensor 00
	current loss= 0.000909
Sensor 01
	current loss= 0.000150
Sensor 02
	current loss= 0.004050
Sensor 03
	current loss= 0.000102
Iteration 17
	total loss= 0.005211
Current scene parameters:
 	{'mat-PlaneBsdf.brdf_0.reflectance.color0.value': [[0.4000000059604645, 0.4000000059604645, 0.4000000059604645]], 'mat-PlaneBsdf.brdf_0.reflectance.color1.value': [[0.20000000298023224, 0.20000000298023224, 0.20000000298023224]], 'mat-ObjectBsdf.eta': [1.5435724258422852], 'mat-ObjectBsdf.alpha.value': [0.01201056968420744], 'medium1.albedo.data': TensorXf(shape=(16, 16, 16, 3)), 'medium1.sigma_t.value.value': [0.3975415527820587], 'emitter-envmap.scale': [1.0], 'PLYMesh.vertex_positions': [-23.38309669494629, 0.0, 23.38309669494629, 23.38309669494629, 0.0, 23.38309669494629, 23.38309669494629, 0.0, -23.38309669494629, -23.38309669494629, 0.0, -23.38309669494629], 'PLYMesh_1.vertex_positions': [0.06771976500749588, 2.719545364379883, 2.2474188804626465, 0.07067764550447464, 2.7316184043884277, .. 486902 skipped .., 1.834144949913025, 1.140721082687378, 1.3816357851028442, 1.8345913887023926, 1.1410837173461914]}
Sensor 00
	current loss= 0.000787
Sensor 01
	current loss= -0.000008
Sensor 02
	current loss= 0.002802
Sensor 03
	current loss= 0.000079
Iteration 18
	total loss= 0.003661
Current scene parameters:
 	{'mat-PlaneBsdf.brdf_0.reflectance.color0.value': [[0.4000000059604645, 0.4000000059604645, 0.4000000059604645]], 'mat-PlaneBsdf.brdf_0.reflectance.color1.value': [[0.20000000298023224, 0.20000000298023224, 0.20000000298023224]], 'mat-ObjectBsdf.eta': [1.5435724258422852], 'mat-ObjectBsdf.alpha.value': [0.004292285535484552], 'medium1.albedo.data': TensorXf(shape=(16, 16, 16, 3)), 'medium1.sigma_t.value.value': [0.3707387447357178], 'emitter-envmap.scale': [1.0], 'PLYMesh.vertex_positions': [-23.38309669494629, 0.0, 23.38309669494629, 23.38309669494629, 0.0, 23.38309669494629, 23.38309669494629, 0.0, -23.38309669494629, -23.38309669494629, 0.0, -23.38309669494629], 'PLYMesh_1.vertex_positions': [0.06771976500749588, 2.719545364379883, 2.2474188804626465, 0.07067764550447464, 2.7316184043884277, .. 486902 skipped .., 1.834144949913025, 1.140721082687378, 1.3816357851028442, 1.8345913887023926, 1.1410837173461914]}
Sensor 00
	current loss= 0.000816
Sensor 01
	current loss= -0.000044
Sensor 02
	current loss= 0.001989
Sensor 03
	current loss= 0.000163
Iteration 19
	total loss= 0.002924
Current scene parameters:
 	{'mat-PlaneBsdf.brdf_0.reflectance.color0.value': [[0.4000000059604645, 0.4000000059604645, 0.4000000059604645]], 'mat-PlaneBsdf.brdf_0.reflectance.color1.value': [[0.20000000298023224, 0.20000000298023224, 0.20000000298023224]], 'mat-ObjectBsdf.eta': [1.5435724258422852], 'mat-ObjectBsdf.alpha.value': [0.01004177238792181], 'medium1.albedo.data': TensorXf(shape=(16, 16, 16, 3)), 'medium1.sigma_t.value.value': [0.3474610149860382], 'emitter-envmap.scale': [1.0], 'PLYMesh.vertex_positions': [-23.38309669494629, 0.0, 23.38309669494629, 23.38309669494629, 0.0, 23.38309669494629, 23.38309669494629, 0.0, -23.38309669494629, -23.38309669494629, 0.0, -23.38309669494629], 'PLYMesh_1.vertex_positions': [0.06771976500749588, 2.719545364379883, 2.2474188804626465, 0.07067764550447464, 2.7316184043884277, .. 486902 skipped .., 1.834144949913025, 1.140721082687378, 1.3816357851028442, 1.8345913887023926, 1.1410837173461914]}
Sensor 00
	current loss= 0.000803
Sensor 01
	current loss= 0.000119
Sensor 02
	current loss= 0.002030
Sensor 03
	current loss= 0.000127
Iteration 20
	total loss= 0.003080
Current scene parameters:
 	{'mat-PlaneBsdf.brdf_0.reflectance.color0.value': [[0.4000000059604645, 0.4000000059604645, 0.4000000059604645]], 'mat-PlaneBsdf.brdf_0.reflectance.color1.value': [[0.20000000298023224, 0.20000000298023224, 0.20000000298023224]], 'mat-ObjectBsdf.eta': [1.5435724258422852], 'mat-ObjectBsdf.alpha.value': [0.014103210531175137], 'medium1.albedo.data': TensorXf(shape=(16, 16, 16, 3)), 'medium1.sigma_t.value.value': [0.33591312170028687], 'emitter-envmap.scale': [1.0], 'PLYMesh.vertex_positions': [-23.38309669494629, 0.0, 23.38309669494629, 23.38309669494629, 0.0, 23.38309669494629, 23.38309669494629, 0.0, -23.38309669494629, -23.38309669494629, 0.0, -23.38309669494629], 'PLYMesh_1.vertex_positions': [0.06771976500749588, 2.719545364379883, 2.2474188804626465, 0.07067764550447464, 2.7316184043884277, .. 486902 skipped .., 1.834144949913025, 1.140721082687378, 1.3816357851028442, 1.8345913887023926, 1.1410837173461914]}
Sensor 00
	current loss= 0.000690
Sensor 01
	current loss= 0.000045
Sensor 02
	current loss= 0.002142
Sensor 03
	current loss= 0.000172
Iteration 21
	total loss= 0.003049
Current scene parameters:
 	{'mat-PlaneBsdf.brdf_0.reflectance.color0.value': [[0.4000000059604645, 0.4000000059604645, 0.4000000059604645]], 'mat-PlaneBsdf.brdf_0.reflectance.color1.value': [[0.20000000298023224, 0.20000000298023224, 0.20000000298023224]], 'mat-ObjectBsdf.eta': [1.5435724258422852], 'mat-ObjectBsdf.alpha.value': [0.010039669461548328], 'medium1.albedo.data': TensorXf(shape=(16, 16, 16, 3)), 'medium1.sigma_t.value.value': [0.33831894397735596], 'emitter-envmap.scale': [1.0], 'PLYMesh.vertex_positions': [-23.38309669494629, 0.0, 23.38309669494629, 23.38309669494629, 0.0, 23.38309669494629, 23.38309669494629, 0.0, -23.38309669494629, -23.38309669494629, 0.0, -23.38309669494629], 'PLYMesh_1.vertex_positions': [0.06771976500749588, 2.719545364379883, 2.2474188804626465, 0.07067764550447464, 2.7316184043884277, .. 486902 skipped .., 1.834144949913025, 1.140721082687378, 1.3816357851028442, 1.8345913887023926, 1.1410837173461914]}
Sensor 00
	current loss= 0.000760
Sensor 01
	current loss= 0.000048
Sensor 02
	current loss= 0.002065
Sensor 03
	current loss= 0.000015
Iteration 22
	total loss= 0.002887
Current scene parameters:
 	{'mat-PlaneBsdf.brdf_0.reflectance.color0.value': [[0.4000000059604645, 0.4000000059604645, 0.4000000059604645]], 'mat-PlaneBsdf.brdf_0.reflectance.color1.value': [[0.20000000298023224, 0.20000000298023224, 0.20000000298023224]], 'mat-ObjectBsdf.eta': [1.5435724258422852], 'mat-ObjectBsdf.alpha.value': [0.007760765962302685], 'medium1.albedo.data': TensorXf(shape=(16, 16, 16, 3)), 'medium1.sigma_t.value.value': [0.346994012594223], 'emitter-envmap.scale': [1.0], 'PLYMesh.vertex_positions': [-23.38309669494629, 0.0, 23.38309669494629, 23.38309669494629, 0.0, 23.38309669494629, 23.38309669494629, 0.0, -23.38309669494629, -23.38309669494629, 0.0, -23.38309669494629], 'PLYMesh_1.vertex_positions': [0.06771976500749588, 2.719545364379883, 2.2474188804626465, 0.07067764550447464, 2.7316184043884277, .. 486902 skipped .., 1.834144949913025, 1.140721082687378, 1.3816357851028442, 1.8345913887023926, 1.1410837173461914]}
Sensor 00
	current loss= 0.000911
Sensor 01
	current loss= 0.000052
Sensor 02
	current loss= 0.001791
Sensor 03
	current loss= 0.000123
Iteration 23
	total loss= 0.002877
Current scene parameters:
 	{'mat-PlaneBsdf.brdf_0.reflectance.color0.value': [[0.4000000059604645, 0.4000000059604645, 0.4000000059604645]], 'mat-PlaneBsdf.brdf_0.reflectance.color1.value': [[0.20000000298023224, 0.20000000298023224, 0.20000000298023224]], 'mat-ObjectBsdf.eta': [1.5435724258422852], 'mat-ObjectBsdf.alpha.value': [0.011406514793634415], 'medium1.albedo.data': TensorXf(shape=(16, 16, 16, 3)), 'medium1.sigma_t.value.value': [0.35549047589302063], 'emitter-envmap.scale': [1.0], 'PLYMesh.vertex_positions': [-23.38309669494629, 0.0, 23.38309669494629, 23.38309669494629, 0.0, 23.38309669494629, 23.38309669494629, 0.0, -23.38309669494629, -23.38309669494629, 0.0, -23.38309669494629], 'PLYMesh_1.vertex_positions': [0.06771976500749588, 2.719545364379883, 2.2474188804626465, 0.07067764550447464, 2.7316184043884277, .. 486902 skipped .., 1.834144949913025, 1.140721082687378, 1.3816357851028442, 1.8345913887023926, 1.1410837173461914]}
Sensor 00
	current loss= 0.001200
Sensor 01
	current loss= 0.000040
Sensor 02
	current loss= 0.001640
Sensor 03
	current loss= 0.000129
Iteration 24
	total loss= 0.003010
Current scene parameters:
 	{'mat-PlaneBsdf.brdf_0.reflectance.color0.value': [[0.4000000059604645, 0.4000000059604645, 0.4000000059604645]], 'mat-PlaneBsdf.brdf_0.reflectance.color1.value': [[0.20000000298023224, 0.20000000298023224, 0.20000000298023224]], 'mat-ObjectBsdf.eta': [1.5435724258422852], 'mat-ObjectBsdf.alpha.value': [0.005674466956406832], 'medium1.albedo.data': TensorXf(shape=(16, 16, 16, 3)), 'medium1.sigma_t.value.value': [0.3622213900089264], 'emitter-envmap.scale': [1.0], 'PLYMesh.vertex_positions': [-23.38309669494629, 0.0, 23.38309669494629, 23.38309669494629, 0.0, 23.38309669494629, 23.38309669494629, 0.0, -23.38309669494629, -23.38309669494629, 0.0, -23.38309669494629], 'PLYMesh_1.vertex_positions': [0.06771976500749588, 2.719545364379883, 2.2474188804626465, 0.07067764550447464, 2.7316184043884277, .. 486902 skipped .., 1.834144949913025, 1.140721082687378, 1.3816357851028442, 1.8345913887023926, 1.1410837173461914]}
Sensor 00
	current loss= 0.000844
Sensor 01
	current loss= 0.000016
Sensor 02
	current loss= 0.003585
Sensor 03
	current loss= 0.000153
Iteration 25
	total loss= 0.004598
Current scene parameters:
 	{'mat-PlaneBsdf.brdf_0.reflectance.color0.value': [[0.4000000059604645, 0.4000000059604645, 0.4000000059604645]], 'mat-PlaneBsdf.brdf_0.reflectance.color1.value': [[0.20000000298023224, 0.20000000298023224, 0.20000000298023224]], 'mat-ObjectBsdf.eta': [1.5435724258422852], 'mat-ObjectBsdf.alpha.value': [0.030334150418639183], 'medium1.albedo.data': TensorXf(shape=(16, 16, 16, 3)), 'medium1.sigma_t.value.value': [0.36186808347702026], 'emitter-envmap.scale': [1.0], 'PLYMesh.vertex_positions': [-23.38309669494629, 0.0, 23.38309669494629, 23.38309669494629, 0.0, 23.38309669494629, 23.38309669494629, 0.0, -23.38309669494629, -23.38309669494629, 0.0, -23.38309669494629], 'PLYMesh_1.vertex_positions': [0.06771976500749588, 2.719545364379883, 2.2474188804626465, 0.07067764550447464, 2.7316184043884277, .. 486902 skipped .., 1.834144949913025, 1.140721082687378, 1.3816357851028442, 1.8345913887023926, 1.1410837173461914]}
Sensor 00
	current loss= 0.000972
Sensor 01
	current loss= 0.000123
Sensor 02
	current loss= 0.015046
Sensor 03
	current loss= 0.000560
Iteration 26
	total loss= 0.016700
Current scene parameters:
 	{'mat-PlaneBsdf.brdf_0.reflectance.color0.value': [[0.4000000059604645, 0.4000000059604645, 0.4000000059604645]], 'mat-PlaneBsdf.brdf_0.reflectance.color1.value': [[0.20000000298023224, 0.20000000298023224, 0.20000000298023224]], 'mat-ObjectBsdf.eta': [1.5435724258422852], 'mat-ObjectBsdf.alpha.value': [0.058896735310554504], 'medium1.albedo.data': TensorXf(shape=(16, 16, 16, 3)), 'medium1.sigma_t.value.value': [0.36146441102027893], 'emitter-envmap.scale': [1.0], 'PLYMesh.vertex_positions': [-23.38309669494629, 0.0, 23.38309669494629, 23.38309669494629, 0.0, 23.38309669494629, 23.38309669494629, 0.0, -23.38309669494629, -23.38309669494629, 0.0, -23.38309669494629], 'PLYMesh_1.vertex_positions': [0.06771976500749588, 2.719545364379883, 2.2474188804626465, 0.07067764550447464, 2.7316184043884277, .. 486902 skipped .., 1.834144949913025, 1.140721082687378, 1.3816357851028442, 1.8345913887023926, 1.1410837173461914]}
Sensor 00
	current loss= 0.002049
Sensor 01
	current loss= 0.000217
Sensor 02
	current loss= 0.018969
Sensor 03
	current loss= 0.000532
Iteration 27
	total loss= 0.021767
Current scene parameters:
 	{'mat-PlaneBsdf.brdf_0.reflectance.color0.value': [[0.4000000059604645, 0.4000000059604645, 0.4000000059604645]], 'mat-PlaneBsdf.brdf_0.reflectance.color1.value': [[0.20000000298023224, 0.20000000298023224, 0.20000000298023224]], 'mat-ObjectBsdf.eta': [1.5435724258422852], 'mat-ObjectBsdf.alpha.value': [0.05365267023444176], 'medium1.albedo.data': TensorXf(shape=(16, 16, 16, 3)), 'medium1.sigma_t.value.value': [0.37358883023262024], 'emitter-envmap.scale': [1.0], 'PLYMesh.vertex_positions': [-23.38309669494629, 0.0, 23.38309669494629, 23.38309669494629, 0.0, 23.38309669494629, 23.38309669494629, 0.0, -23.38309669494629, -23.38309669494629, 0.0, -23.38309669494629], 'PLYMesh_1.vertex_positions': [0.06771976500749588, 2.719545364379883, 2.2474188804626465, 0.07067764550447464, 2.7316184043884277, .. 486902 skipped .., 1.834144949913025, 1.140721082687378, 1.3816357851028442, 1.8345913887023926, 1.1410837173461914]}
Sensor 00
	current loss= 0.001853
Sensor 01
	current loss= 0.000169
Sensor 02
	current loss= 0.011578
Sensor 03
	current loss= 0.000161
Iteration 28
	total loss= 0.013761
Current scene parameters:
 	{'mat-PlaneBsdf.brdf_0.reflectance.color0.value': [[0.4000000059604645, 0.4000000059604645, 0.4000000059604645]], 'mat-PlaneBsdf.brdf_0.reflectance.color1.value': [[0.20000000298023224, 0.20000000298023224, 0.20000000298023224]], 'mat-ObjectBsdf.eta': [1.5435724258422852], 'mat-ObjectBsdf.alpha.value': [0.02606632187962532], 'medium1.albedo.data': TensorXf(shape=(16, 16, 16, 3)), 'medium1.sigma_t.value.value': [0.38895857334136963], 'emitter-envmap.scale': [1.0], 'PLYMesh.vertex_positions': [-23.38309669494629, 0.0, 23.38309669494629, 23.38309669494629, 0.0, 23.38309669494629, 23.38309669494629, 0.0, -23.38309669494629, -23.38309669494629, 0.0, -23.38309669494629], 'PLYMesh_1.vertex_positions': [0.06771976500749588, 2.719545364379883, 2.2474188804626465, 0.07067764550447464, 2.7316184043884277, .. 486902 skipped .., 1.834144949913025, 1.140721082687378, 1.3816357851028442, 1.8345913887023926, 1.1410837173461914]}
Sensor 00
	current loss= 0.001377
Sensor 01
	current loss= 0.000063
Sensor 02
	current loss= 0.001636
Sensor 03
	current loss= 0.000095
Iteration 29
	total loss= 0.003171
Current scene parameters:
 	{'mat-PlaneBsdf.brdf_0.reflectance.color0.value': [[0.4000000059604645, 0.4000000059604645, 0.4000000059604645]], 'mat-PlaneBsdf.brdf_0.reflectance.color1.value': [[0.20000000298023224, 0.20000000298023224, 0.20000000298023224]], 'mat-ObjectBsdf.eta': [1.5435724258422852], 'mat-ObjectBsdf.alpha.value': [0.0010000000474974513], 'medium1.albedo.data': TensorXf(shape=(16, 16, 16, 3)), 'medium1.sigma_t.value.value': [0.3878670930862427], 'emitter-envmap.scale': [1.0], 'PLYMesh.vertex_positions': [-23.38309669494629, 0.0, 23.38309669494629, 23.38309669494629, 0.0, 23.38309669494629, 23.38309669494629, 0.0, -23.38309669494629, -23.38309669494629, 0.0, -23.38309669494629], 'PLYMesh_1.vertex_positions': [0.06771976500749588, 2.719545364379883, 2.2474188804626465, 0.07067764550447464, 2.7316184043884277, .. 486902 skipped .., 1.834144949913025, 1.140721082687378, 1.3816357851028442, 1.8345913887023926, 1.1410837173461914]}
Sensor 00
	current loss= 0.001208
Sensor 01
	current loss= 0.000080
Sensor 02
	current loss= 0.003592
Sensor 03
	current loss= 0.000188
Iteration 30
	total loss= 0.005068
Current scene parameters:
 	{'mat-PlaneBsdf.brdf_0.reflectance.color0.value': [[0.4000000059604645, 0.4000000059604645, 0.4000000059604645]], 'mat-PlaneBsdf.brdf_0.reflectance.color1.value': [[0.20000000298023224, 0.20000000298023224, 0.20000000298023224]], 'mat-ObjectBsdf.eta': [1.5435724258422852], 'mat-ObjectBsdf.alpha.value': [0.0010000000474974513], 'medium1.albedo.data': TensorXf(shape=(16, 16, 16, 3)), 'medium1.sigma_t.value.value': [0.37712982296943665], 'emitter-envmap.scale': [1.0], 'PLYMesh.vertex_positions': [-23.38309669494629, 0.0, 23.38309669494629, 23.38309669494629, 0.0, 23.38309669494629, 23.38309669494629, 0.0, -23.38309669494629, -23.38309669494629, 0.0, -23.38309669494629], 'PLYMesh_1.vertex_positions': [0.06771976500749588, 2.719545364379883, 2.2474188804626465, 0.07067764550447464, 2.7316184043884277, .. 486902 skipped .., 1.834144949913025, 1.140721082687378, 1.3816357851028442, 1.8345913887023926, 1.1410837173461914]}
Sensor 00
	current loss= 0.001024
Sensor 01
	current loss= 0.000112
Sensor 02
	current loss= 0.003771
Sensor 03
	current loss= 0.000174
Iteration 31
	total loss= 0.005081
Current scene parameters:
 	{'mat-PlaneBsdf.brdf_0.reflectance.color0.value': [[0.4000000059604645, 0.4000000059604645, 0.4000000059604645]], 'mat-PlaneBsdf.brdf_0.reflectance.color1.value': [[0.20000000298023224, 0.20000000298023224, 0.20000000298023224]], 'mat-ObjectBsdf.eta': [1.5435724258422852], 'mat-ObjectBsdf.alpha.value': [0.0010000000474974513], 'medium1.albedo.data': TensorXf(shape=(16, 16, 16, 3)), 'medium1.sigma_t.value.value': [0.35921937227249146], 'emitter-envmap.scale': [1.0], 'PLYMesh.vertex_positions': [-23.38309669494629, 0.0, 23.38309669494629, 23.38309669494629, 0.0, 23.38309669494629, 23.38309669494629, 0.0, -23.38309669494629, -23.38309669494629, 0.0, -23.38309669494629], 'PLYMesh_1.vertex_positions': [0.06771976500749588, 2.719545364379883, 2.2474188804626465, 0.07067764550447464, 2.7316184043884277, .. 486902 skipped .., 1.834144949913025, 1.140721082687378, 1.3816357851028442, 1.8345913887023926, 1.1410837173461914]}
Sensor 00
	current loss= 0.001071
Sensor 01
	current loss= 0.000057
Sensor 02
	current loss= 0.003381
Sensor 03
	current loss= 0.000134
Iteration 32
	total loss= 0.004643
Current scene parameters:
 	{'mat-PlaneBsdf.brdf_0.reflectance.color0.value': [[0.4000000059604645, 0.4000000059604645, 0.4000000059604645]], 'mat-PlaneBsdf.brdf_0.reflectance.color1.value': [[0.20000000298023224, 0.20000000298023224, 0.20000000298023224]], 'mat-ObjectBsdf.eta': [1.5435724258422852], 'mat-ObjectBsdf.alpha.value': [0.0100311990827322], 'medium1.albedo.data': TensorXf(shape=(16, 16, 16, 3)), 'medium1.sigma_t.value.value': [0.35085010528564453], 'emitter-envmap.scale': [1.0], 'PLYMesh.vertex_positions': [-23.38309669494629, 0.0, 23.38309669494629, 23.38309669494629, 0.0, 23.38309669494629, 23.38309669494629, 0.0, -23.38309669494629, -23.38309669494629, 0.0, -23.38309669494629], 'PLYMesh_1.vertex_positions': [0.06771976500749588, 2.719545364379883, 2.2474188804626465, 0.07067764550447464, 2.7316184043884277, .. 486902 skipped .., 1.834144949913025, 1.140721082687378, 1.3816357851028442, 1.8345913887023926, 1.1410837173461914]}
Sensor 00
	current loss= 0.000741
Sensor 01
	current loss= 0.000041
Sensor 02
	current loss= 0.002400
Sensor 03
	current loss= 0.000150
Iteration 33
	total loss= 0.003333
Current scene parameters:
 	{'mat-PlaneBsdf.brdf_0.reflectance.color0.value': [[0.4000000059604645, 0.4000000059604645, 0.4000000059604645]], 'mat-PlaneBsdf.brdf_0.reflectance.color1.value': [[0.20000000298023224, 0.20000000298023224, 0.20000000298023224]], 'mat-ObjectBsdf.eta': [1.5435724258422852], 'mat-ObjectBsdf.alpha.value': [0.019797861576080322], 'medium1.albedo.data': TensorXf(shape=(16, 16, 16, 3)), 'medium1.sigma_t.value.value': [0.34779417514801025], 'emitter-envmap.scale': [1.0], 'PLYMesh.vertex_positions': [-23.38309669494629, 0.0, 23.38309669494629, 23.38309669494629, 0.0, 23.38309669494629, 23.38309669494629, 0.0, -23.38309669494629, -23.38309669494629, 0.0, -23.38309669494629], 'PLYMesh_1.vertex_positions': [0.06771976500749588, 2.719545364379883, 2.2474188804626465, 0.07067764550447464, 2.7316184043884277, .. 486902 skipped .., 1.834144949913025, 1.140721082687378, 1.3816357851028442, 1.8345913887023926, 1.1410837173461914]}
Sensor 00
	current loss= 0.001050
Sensor 01
	current loss= -0.000002
Sensor 02
	current loss= 0.003295
Sensor 03
	current loss= 0.000180
Iteration 34
	total loss= 0.004523
Current scene parameters:
 	{'mat-PlaneBsdf.brdf_0.reflectance.color0.value': [[0.4000000059604645, 0.4000000059604645, 0.4000000059604645]], 'mat-PlaneBsdf.brdf_0.reflectance.color1.value': [[0.20000000298023224, 0.20000000298023224, 0.20000000298023224]], 'mat-ObjectBsdf.eta': [1.5435724258422852], 'mat-ObjectBsdf.alpha.value': [0.01646542362868786], 'medium1.albedo.data': TensorXf(shape=(16, 16, 16, 3)), 'medium1.sigma_t.value.value': [0.35063448548316956], 'emitter-envmap.scale': [1.0], 'PLYMesh.vertex_positions': [-23.38309669494629, 0.0, 23.38309669494629, 23.38309669494629, 0.0, 23.38309669494629, 23.38309669494629, 0.0, -23.38309669494629, -23.38309669494629, 0.0, -23.38309669494629], 'PLYMesh_1.vertex_positions': [0.06771976500749588, 2.719545364379883, 2.2474188804626465, 0.07067764550447464, 2.7316184043884277, .. 486902 skipped .., 1.834144949913025, 1.140721082687378, 1.3816357851028442, 1.8345913887023926, 1.1410837173461914]}
Sensor 00
	current loss= 0.000783
Sensor 01
	current loss= 0.000087
Sensor 02
	current loss= 0.001727
Sensor 03
	current loss= 0.000178
Iteration 35
	total loss= 0.002775
Current scene parameters:
 	{'mat-PlaneBsdf.brdf_0.reflectance.color0.value': [[0.4000000059604645, 0.4000000059604645, 0.4000000059604645]], 'mat-PlaneBsdf.brdf_0.reflectance.color1.value': [[0.20000000298023224, 0.20000000298023224, 0.20000000298023224]], 'mat-ObjectBsdf.eta': [1.5435724258422852], 'mat-ObjectBsdf.alpha.value': [0.003908686805516481], 'medium1.albedo.data': TensorXf(shape=(16, 16, 16, 3)), 'medium1.sigma_t.value.value': [0.3585319519042969], 'emitter-envmap.scale': [1.0], 'PLYMesh.vertex_positions': [-23.38309669494629, 0.0, 23.38309669494629, 23.38309669494629, 0.0, 23.38309669494629, 23.38309669494629, 0.0, -23.38309669494629, -23.38309669494629, 0.0, -23.38309669494629], 'PLYMesh_1.vertex_positions': [0.06771976500749588, 2.719545364379883, 2.2474188804626465, 0.07067764550447464, 2.7316184043884277, .. 486902 skipped .., 1.834144949913025, 1.140721082687378, 1.3816357851028442, 1.8345913887023926, 1.1410837173461914]}
Sensor 00
	current loss= 0.000934
Sensor 01
	current loss= 0.000059
Sensor 02
	current loss= 0.002479
Sensor 03
	current loss= 0.000115
Iteration 36
	total loss= 0.003588
Current scene parameters:
 	{'mat-PlaneBsdf.brdf_0.reflectance.color0.value': [[0.4000000059604645, 0.4000000059604645, 0.4000000059604645]], 'mat-PlaneBsdf.brdf_0.reflectance.color1.value': [[0.20000000298023224, 0.20000000298023224, 0.20000000298023224]], 'mat-ObjectBsdf.eta': [1.5435724258422852], 'mat-ObjectBsdf.alpha.value': [0.009217758662998676], 'medium1.albedo.data': TensorXf(shape=(16, 16, 16, 3)), 'medium1.sigma_t.value.value': [0.3604744076728821], 'emitter-envmap.scale': [1.0], 'PLYMesh.vertex_positions': [-23.38309669494629, 0.0, 23.38309669494629, 23.38309669494629, 0.0, 23.38309669494629, 23.38309669494629, 0.0, -23.38309669494629, -23.38309669494629, 0.0, -23.38309669494629], 'PLYMesh_1.vertex_positions': [0.06771976500749588, 2.719545364379883, 2.2474188804626465, 0.07067764550447464, 2.7316184043884277, .. 486902 skipped .., 1.834144949913025, 1.140721082687378, 1.3816357851028442, 1.8345913887023926, 1.1410837173461914]}
Sensor 00
	current loss= 0.000860
Sensor 01
	current loss= 0.000049
Sensor 02
	current loss= 0.002052
Sensor 03
	current loss= 0.000067
Iteration 37
	total loss= 0.003027
Current scene parameters:
 	{'mat-PlaneBsdf.brdf_0.reflectance.color0.value': [[0.4000000059604645, 0.4000000059604645, 0.4000000059604645]], 'mat-PlaneBsdf.brdf_0.reflectance.color1.value': [[0.20000000298023224, 0.20000000298023224, 0.20000000298023224]], 'mat-ObjectBsdf.eta': [1.5435724258422852], 'mat-ObjectBsdf.alpha.value': [0.014063973911106586], 'medium1.albedo.data': TensorXf(shape=(16, 16, 16, 3)), 'medium1.sigma_t.value.value': [0.3604383170604706], 'emitter-envmap.scale': [1.0], 'PLYMesh.vertex_positions': [-23.38309669494629, 0.0, 23.38309669494629, 23.38309669494629, 0.0, 23.38309669494629, 23.38309669494629, 0.0, -23.38309669494629, -23.38309669494629, 0.0, -23.38309669494629], 'PLYMesh_1.vertex_positions': [0.06771976500749588, 2.719545364379883, 2.2474188804626465, 0.07067764550447464, 2.7316184043884277, .. 486902 skipped .., 1.834144949913025, 1.140721082687378, 1.3816357851028442, 1.8345913887023926, 1.1410837173461914]}
Sensor 00
	current loss= 0.000969
Sensor 01
	current loss= 0.000054
Sensor 02
	current loss= 0.001942
Sensor 03
	current loss= 0.000121
Iteration 38
	total loss= 0.003085
Current scene parameters:
 	{'mat-PlaneBsdf.brdf_0.reflectance.color0.value': [[0.4000000059604645, 0.4000000059604645, 0.4000000059604645]], 'mat-PlaneBsdf.brdf_0.reflectance.color1.value': [[0.20000000298023224, 0.20000000298023224, 0.20000000298023224]], 'mat-ObjectBsdf.eta': [1.5435724258422852], 'mat-ObjectBsdf.alpha.value': [0.012375486083328724], 'medium1.albedo.data': TensorXf(shape=(16, 16, 16, 3)), 'medium1.sigma_t.value.value': [0.3567773401737213], 'emitter-envmap.scale': [1.0], 'PLYMesh.vertex_positions': [-23.38309669494629, 0.0, 23.38309669494629, 23.38309669494629, 0.0, 23.38309669494629, 23.38309669494629, 0.0, -23.38309669494629, -23.38309669494629, 0.0, -23.38309669494629], 'PLYMesh_1.vertex_positions': [0.06771976500749588, 2.719545364379883, 2.2474188804626465, 0.07067764550447464, 2.7316184043884277, .. 486902 skipped .., 1.834144949913025, 1.140721082687378, 1.3816357851028442, 1.8345913887023926, 1.1410837173461914]}
Sensor 00
	current loss= 0.000959
Sensor 01
	current loss= 0.000039
Sensor 02
	current loss= 0.001774
Sensor 03
	current loss= 0.000160
Iteration 39
	total loss= 0.002932
Current scene parameters:
 	{'mat-PlaneBsdf.brdf_0.reflectance.color0.value': [[0.4000000059604645, 0.4000000059604645, 0.4000000059604645]], 'mat-PlaneBsdf.brdf_0.reflectance.color1.value': [[0.20000000298023224, 0.20000000298023224, 0.20000000298023224]], 'mat-ObjectBsdf.eta': [1.5435724258422852], 'mat-ObjectBsdf.alpha.value': [0.009074152447283268], 'medium1.albedo.data': TensorXf(shape=(16, 16, 16, 3)), 'medium1.sigma_t.value.value': [0.35118669271469116], 'emitter-envmap.scale': [1.0], 'PLYMesh.vertex_positions': [-23.38309669494629, 0.0, 23.38309669494629, 23.38309669494629, 0.0, 23.38309669494629, 23.38309669494629, 0.0, -23.38309669494629, -23.38309669494629, 0.0, -23.38309669494629], 'PLYMesh_1.vertex_positions': [0.06771976500749588, 2.719545364379883, 2.2474188804626465, 0.07067764550447464, 2.7316184043884277, .. 486902 skipped .., 1.834144949913025, 1.140721082687378, 1.3816357851028442, 1.8345913887023926, 1.1410837173461914]}
Sensor 00
	current loss= 0.001014
Sensor 01
	current loss= 0.000043
Sensor 02
	current loss= 0.001731
Sensor 03
	current loss= 0.000086
Iteration 40
	total loss= 0.002873
Current scene parameters:
 	{'mat-PlaneBsdf.brdf_0.reflectance.color0.value': [[0.4000000059604645, 0.4000000059604645, 0.4000000059604645]], 'mat-PlaneBsdf.brdf_0.reflectance.color1.value': [[0.20000000298023224, 0.20000000298023224, 0.20000000298023224]], 'mat-ObjectBsdf.eta': [1.5435724258422852], 'mat-ObjectBsdf.alpha.value': [0.004056079313158989], 'medium1.albedo.data': TensorXf(shape=(16, 16, 16, 3)), 'medium1.sigma_t.value.value': [0.3477975130081177], 'emitter-envmap.scale': [1.0], 'PLYMesh.vertex_positions': [-23.38309669494629, 0.0, 23.38309669494629, 23.38309669494629, 0.0, 23.38309669494629, 23.38309669494629, 0.0, -23.38309669494629, -23.38309669494629, 0.0, -23.38309669494629], 'PLYMesh_1.vertex_positions': [0.06771976500749588, 2.719545364379883, 2.2474188804626465, 0.07067764550447464, 2.7316184043884277, .. 486902 skipped .., 1.834144949913025, 1.140721082687378, 1.3816357851028442, 1.8345913887023926, 1.1410837173461914]}
Sensor 00
	current loss= 0.000780
Sensor 01
	current loss= 0.000018
Sensor 02
	current loss= 0.001854
Sensor 03
	current loss= 0.000071
Iteration 41
	total loss= 0.002724
Current scene parameters:
 	{'mat-PlaneBsdf.brdf_0.reflectance.color0.value': [[0.4000000059604645, 0.4000000059604645, 0.4000000059604645]], 'mat-PlaneBsdf.brdf_0.reflectance.color1.value': [[0.20000000298023224, 0.20000000298023224, 0.20000000298023224]], 'mat-ObjectBsdf.eta': [1.5435724258422852], 'mat-ObjectBsdf.alpha.value': [0.011851065792143345], 'medium1.albedo.data': TensorXf(shape=(16, 16, 16, 3)), 'medium1.sigma_t.value.value': [0.34527787566185], 'emitter-envmap.scale': [1.0], 'PLYMesh.vertex_positions': [-23.38309669494629, 0.0, 23.38309669494629, 23.38309669494629, 0.0, 23.38309669494629, 23.38309669494629, 0.0, -23.38309669494629, -23.38309669494629, 0.0, -23.38309669494629], 'PLYMesh_1.vertex_positions': [0.06771976500749588, 2.719545364379883, 2.2474188804626465, 0.07067764550447464, 2.7316184043884277, .. 486902 skipped .., 1.834144949913025, 1.140721082687378, 1.3816357851028442, 1.8345913887023926, 1.1410837173461914]}
Sensor 00
	current loss= 0.000682
Sensor 01
	current loss= 0.000066
Sensor 02
	current loss= 0.002376
Sensor 03
	current loss= 0.000169
Iteration 42
	total loss= 0.003293
Current scene parameters:
 	{'mat-PlaneBsdf.brdf_0.reflectance.color0.value': [[0.4000000059604645, 0.4000000059604645, 0.4000000059604645]], 'mat-PlaneBsdf.brdf_0.reflectance.color1.value': [[0.20000000298023224, 0.20000000298023224, 0.20000000298023224]], 'mat-ObjectBsdf.eta': [1.5435724258422852], 'mat-ObjectBsdf.alpha.value': [0.015824507921934128], 'medium1.albedo.data': TensorXf(shape=(16, 16, 16, 3)), 'medium1.sigma_t.value.value': [0.34476974606513977], 'emitter-envmap.scale': [1.0], 'PLYMesh.vertex_positions': [-23.38309669494629, 0.0, 23.38309669494629, 23.38309669494629, 0.0, 23.38309669494629, 23.38309669494629, 0.0, -23.38309669494629, -23.38309669494629, 0.0, -23.38309669494629], 'PLYMesh_1.vertex_positions': [0.06771976500749588, 2.719545364379883, 2.2474188804626465, 0.07067764550447464, 2.7316184043884277, .. 486902 skipped .., 1.834144949913025, 1.140721082687378, 1.3816357851028442, 1.8345913887023926, 1.1410837173461914]}
Sensor 00
	current loss= 0.000713
Sensor 01
	current loss= 0.000037
Sensor 02
	current loss= 0.002268
Sensor 03
	current loss= 0.000135
Iteration 43
	total loss= 0.003152
Current scene parameters:
 	{'mat-PlaneBsdf.brdf_0.reflectance.color0.value': [[0.4000000059604645, 0.4000000059604645, 0.4000000059604645]], 'mat-PlaneBsdf.brdf_0.reflectance.color1.value': [[0.20000000298023224, 0.20000000298023224, 0.20000000298023224]], 'mat-ObjectBsdf.eta': [1.5435724258422852], 'mat-ObjectBsdf.alpha.value': [0.011360006406903267], 'medium1.albedo.data': TensorXf(shape=(16, 16, 16, 3)), 'medium1.sigma_t.value.value': [0.34769123792648315], 'emitter-envmap.scale': [1.0], 'PLYMesh.vertex_positions': [-23.38309669494629, 0.0, 23.38309669494629, 23.38309669494629, 0.0, 23.38309669494629, 23.38309669494629, 0.0, -23.38309669494629, -23.38309669494629, 0.0, -23.38309669494629], 'PLYMesh_1.vertex_positions': [0.06771976500749588, 2.719545364379883, 2.2474188804626465, 0.07067764550447464, 2.7316184043884277, .. 486902 skipped .., 1.834144949913025, 1.140721082687378, 1.3816357851028442, 1.8345913887023926, 1.1410837173461914]}
Sensor 00
	current loss= 0.000990
Sensor 01
	current loss= 0.000029
Sensor 02
	current loss= 0.001506
Sensor 03
	current loss= 0.000081
Iteration 44
	total loss= 0.002606
Current scene parameters:
 	{'mat-PlaneBsdf.brdf_0.reflectance.color0.value': [[0.4000000059604645, 0.4000000059604645, 0.4000000059604645]], 'mat-PlaneBsdf.brdf_0.reflectance.color1.value': [[0.20000000298023224, 0.20000000298023224, 0.20000000298023224]], 'mat-ObjectBsdf.eta': [1.5435724258422852], 'mat-ObjectBsdf.alpha.value': [0.0072486368007957935], 'medium1.albedo.data': TensorXf(shape=(16, 16, 16, 3)), 'medium1.sigma_t.value.value': [0.35389167070388794], 'emitter-envmap.scale': [1.0], 'PLYMesh.vertex_positions': [-23.38309669494629, 0.0, 23.38309669494629, 23.38309669494629, 0.0, 23.38309669494629, 23.38309669494629, 0.0, -23.38309669494629, -23.38309669494629, 0.0, -23.38309669494629], 'PLYMesh_1.vertex_positions': [0.06771976500749588, 2.719545364379883, 2.2474188804626465, 0.07067764550447464, 2.7316184043884277, .. 486902 skipped .., 1.834144949913025, 1.140721082687378, 1.3816357851028442, 1.8345913887023926, 1.1410837173461914]}
Sensor 00
	current loss= 0.000759
Sensor 01
	current loss= 0.000042
Sensor 02
	current loss= 0.003251
Sensor 03
	current loss= 0.000211
Iteration 45
	total loss= 0.004263
Current scene parameters:
 	{'mat-PlaneBsdf.brdf_0.reflectance.color0.value': [[0.4000000059604645, 0.4000000059604645, 0.4000000059604645]], 'mat-PlaneBsdf.brdf_0.reflectance.color1.value': [[0.20000000298023224, 0.20000000298023224, 0.20000000298023224]], 'mat-ObjectBsdf.eta': [1.5435724258422852], 'mat-ObjectBsdf.alpha.value': [0.019303906708955765], 'medium1.albedo.data': TensorXf(shape=(16, 16, 16, 3)), 'medium1.sigma_t.value.value': [0.35391417145729065], 'emitter-envmap.scale': [1.0], 'PLYMesh.vertex_positions': [-23.38309669494629, 0.0, 23.38309669494629, 23.38309669494629, 0.0, 23.38309669494629, 23.38309669494629, 0.0, -23.38309669494629, -23.38309669494629, 0.0, -23.38309669494629], 'PLYMesh_1.vertex_positions': [0.06771976500749588, 2.719545364379883, 2.2474188804626465, 0.07067764550447464, 2.7316184043884277, .. 486902 skipped .., 1.834144949913025, 1.140721082687378, 1.3816357851028442, 1.8345913887023926, 1.1410837173461914]}
Sensor 00
	current loss= 0.000770
Sensor 01
	current loss= 0.000097
Sensor 02
	current loss= 0.007328
Sensor 03
	current loss= 0.000189
Iteration 46
	total loss= 0.008384
Current scene parameters:
 	{'mat-PlaneBsdf.brdf_0.reflectance.color0.value': [[0.4000000059604645, 0.4000000059604645, 0.4000000059604645]], 'mat-PlaneBsdf.brdf_0.reflectance.color1.value': [[0.20000000298023224, 0.20000000298023224, 0.20000000298023224]], 'mat-ObjectBsdf.eta': [1.5435724258422852], 'mat-ObjectBsdf.alpha.value': [0.037576887756586075], 'medium1.albedo.data': TensorXf(shape=(16, 16, 16, 3)), 'medium1.sigma_t.value.value': [0.35919952392578125], 'emitter-envmap.scale': [1.0], 'PLYMesh.vertex_positions': [-23.38309669494629, 0.0, 23.38309669494629, 23.38309669494629, 0.0, 23.38309669494629, 23.38309669494629, 0.0, -23.38309669494629, -23.38309669494629, 0.0, -23.38309669494629], 'PLYMesh_1.vertex_positions': [0.06771976500749588, 2.719545364379883, 2.2474188804626465, 0.07067764550447464, 2.7316184043884277, .. 486902 skipped .., 1.834144949913025, 1.140721082687378, 1.3816357851028442, 1.8345913887023926, 1.1410837173461914]}
Sensor 00
	current loss= 0.001212
Sensor 01
	current loss= 0.000146
Sensor 02
	current loss= 0.009408
Sensor 03
	current loss= 0.000268
Iteration 47
	total loss= 0.011034
Current scene parameters:
 	{'mat-PlaneBsdf.brdf_0.reflectance.color0.value': [[0.4000000059604645, 0.4000000059604645, 0.4000000059604645]], 'mat-PlaneBsdf.brdf_0.reflectance.color1.value': [[0.20000000298023224, 0.20000000298023224, 0.20000000298023224]], 'mat-ObjectBsdf.eta': [1.5435724258422852], 'mat-ObjectBsdf.alpha.value': [0.029413361102342606], 'medium1.albedo.data': TensorXf(shape=(16, 16, 16, 3)), 'medium1.sigma_t.value.value': [0.3673393726348877], 'emitter-envmap.scale': [1.0], 'PLYMesh.vertex_positions': [-23.38309669494629, 0.0, 23.38309669494629, 23.38309669494629, 0.0, 23.38309669494629, 23.38309669494629, 0.0, -23.38309669494629, -23.38309669494629, 0.0, -23.38309669494629], 'PLYMesh_1.vertex_positions': [0.06771976500749588, 2.719545364379883, 2.2474188804626465, 0.07067764550447464, 2.7316184043884277, .. 486902 skipped .., 1.834144949913025, 1.140721082687378, 1.3816357851028442, 1.8345913887023926, 1.1410837173461914]}
Sensor 00
	current loss= 0.001009
Sensor 01
	current loss= 0.000106
Sensor 02
	current loss= 0.003997
Sensor 03
	current loss= 0.000116
Iteration 48
	total loss= 0.005228
Current scene parameters:
 	{'mat-PlaneBsdf.brdf_0.reflectance.color0.value': [[0.4000000059604645, 0.4000000059604645, 0.4000000059604645]], 'mat-PlaneBsdf.brdf_0.reflectance.color1.value': [[0.20000000298023224, 0.20000000298023224, 0.20000000298023224]], 'mat-ObjectBsdf.eta': [1.5435724258422852], 'mat-ObjectBsdf.alpha.value': [0.010422306135296822], 'medium1.albedo.data': TensorXf(shape=(16, 16, 16, 3)), 'medium1.sigma_t.value.value': [0.3692513704299927], 'emitter-envmap.scale': [1.0], 'PLYMesh.vertex_positions': [-23.38309669494629, 0.0, 23.38309669494629, 23.38309669494629, 0.0, 23.38309669494629, 23.38309669494629, 0.0, -23.38309669494629, -23.38309669494629, 0.0, -23.38309669494629], 'PLYMesh_1.vertex_positions': [0.06771976500749588, 2.719545364379883, 2.2474188804626465, 0.07067764550447464, 2.7316184043884277, .. 486902 skipped .., 1.834144949913025, 1.140721082687378, 1.3816357851028442, 1.8345913887023926, 1.1410837173461914]}
Sensor 00
	current loss= 0.000750
Sensor 01
	current loss= -0.000005
Sensor 02
	current loss= 0.003348
Sensor 03
	current loss= 0.000118
Iteration 49
	total loss= 0.004212
Current scene parameters:
 	{'mat-PlaneBsdf.brdf_0.reflectance.color0.value': [[0.4000000059604645, 0.4000000059604645, 0.4000000059604645]], 'mat-PlaneBsdf.brdf_0.reflectance.color1.value': [[0.20000000298023224, 0.20000000298023224, 0.20000000298023224]], 'mat-ObjectBsdf.eta': [1.5435724258422852], 'mat-ObjectBsdf.alpha.value': [0.0049611544236540794], 'medium1.albedo.data': TensorXf(shape=(16, 16, 16, 3)), 'medium1.sigma_t.value.value': [0.3632262349128723], 'emitter-envmap.scale': [1.0], 'PLYMesh.vertex_positions': [-23.38309669494629, 0.0, 23.38309669494629, 23.38309669494629, 0.0, 23.38309669494629, 23.38309669494629, 0.0, -23.38309669494629, -23.38309669494629, 0.0, -23.38309669494629], 'PLYMesh_1.vertex_positions': [0.06771976500749588, 2.719545364379883, 2.2474188804626465, 0.07067764550447464, 2.7316184043884277, .. 486902 skipped .., 1.834144949913025, 1.140721082687378, 1.3816357851028442, 1.8345913887023926, 1.1410837173461914]}
Optimization loop end. Elapsed time: 132.970s
Initial scene parameters:
 {'mat-PlaneBsdf.brdf_0.reflectance.color0.value': [[0.4000000059604645, 0.4000000059604645, 0.4000000059604645]], 'mat-PlaneBsdf.brdf_0.reflectance.color1.value': [[0.20000000298023224, 0.20000000298023224, 0.20000000298023224]], 'mat-ObjectBsdf.eta': [1.5435724258422852], 'mat-ObjectBsdf.alpha.value': [0.6060307025909424], 'medium1.albedo.data': TensorXf(shape=(16, 16, 16, 3)), 'medium1.sigma_t.value.value': [0.8833168148994446], 'emitter-envmap.scale': [1.0], 'PLYMesh.vertex_positions': [-23.38309669494629, 0.0, 23.38309669494629, 23.38309669494629, 0.0, 23.38309669494629, 23.38309669494629, 0.0, -23.38309669494629, -23.38309669494629, 0.0, -23.38309669494629], 'PLYMesh_1.vertex_positions': [0.06771976500749588, 2.719545364379883, 2.2474188804626465, 0.07067764550447464, 2.7316184043884277, .. 486902 skipped .., 1.834144949913025, 1.140721082687378, 1.3816357851028442, 1.8345913887023926, 1.1410837173461914]}
End scene parameters:
 {'mat-PlaneBsdf.brdf_0.reflectance.color0.value': [[0.4000000059604645, 0.4000000059604645, 0.4000000059604645]], 'mat-PlaneBsdf.brdf_0.reflectance.color1.value': [[0.20000000298023224, 0.20000000298023224, 0.20000000298023224]], 'mat-ObjectBsdf.eta': [1.5435724258422852], 'mat-ObjectBsdf.alpha.value': [0.0049611544236540794], 'medium1.albedo.data': TensorXf(shape=(16, 16, 16, 3)), 'medium1.sigma_t.value.value': [0.3632262349128723], 'emitter-envmap.scale': [1.0], 'PLYMesh.vertex_positions': [-23.38309669494629, 0.0, 23.38309669494629, 23.38309669494629, 0.0, 23.38309669494629, 23.38309669494629, 0.0, -23.38309669494629, -23.38309669494629, 0.0, -23.38309669494629], 'PLYMesh_1.vertex_positions': [0.06771976500749588, 2.719545364379883, 2.2474188804626465, 0.07067764550447464, 2.7316184043884277, .. 486902 skipped .., 1.834144949913025, 1.140721082687378, 1.3816357851028442, 1.8345913887023926, 1.1410837173461914]}
Hyperparameters:
	minimum error:0.001,
	spp:4,
	optimization func.:Deng et al. Dual Buffer Method,
	iteraration count:50
Optimization parameters:
 	{'mat-PlaneBsdf.brdf_0.reflectance.color0.value': {'Learning Rate': 0.03, 'Min. Clamp Value': 0.001, 'Max. Clamp Value': 0.999, 'Optimize': False}, 'mat-PlaneBsdf.brdf_0.reflectance.color1.value': {'Learning Rate': 0.03, 'Min. Clamp Value': 0.001, 'Max. Clamp Value': 0.999, 'Optimize': False}, 'mat-ObjectBsdf.eta': {'Learning Rate': 0.03, 'Min. Clamp Value': 0.001, 'Max. Clamp Value': 4.1, 'Optimize': False}, 'mat-ObjectBsdf.alpha.value': {'Learning Rate': 0.03, 'Min. Clamp Value': 0.001, 'Max. Clamp Value': 0.7, 'Optimize': False}, 'medium1.albedo.data': {'Learning Rate': 0.03, 'Min. Clamp Value': 0.001, 'Max. Clamp Value': 0.999, 'Optimize': False}, 'medium1.sigma_t.value.value': {'Learning Rate': 0.03, 'Min. Clamp Value': 0.001, 'Max. Clamp Value': 0.999, 'Optimize': False}, 'emitter-envmap.scale': {'Learning Rate': 0.03, 'Min. Clamp Value': 0.001, 'Max. Clamp Value': 100, 'Optimize': False}, 'PLYMesh.vertex_positions': {'Learning Rate': 0.03, 'Min. Clamp Value': -10.0, 'Max. Clamp Value': 10.0, 'Optimize': False}, 'PLYMesh_1.vertex_positions': {'Learning Rate': 0.03, 'Min. Clamp Value': -10.0, 'Max. Clamp Value': 10.0, 'Optimize': False}}