Optimization loop begin
Sensor 00
	current loss= 0.000710
Sensor 01
	current loss= 0.000085
Sensor 02
	current loss= 0.003346
Sensor 03
	current loss= 0.000236
Iteration 00
	total loss= 0.004378
Current scene parameters:
 	{'mat-PlaneBsdf.brdf_0.reflectance.color0.value': [[0.4000000059604645, 0.4000000059604645, 0.4000000059604645]], 'mat-PlaneBsdf.brdf_0.reflectance.color1.value': [[0.20000000298023224, 0.20000000298023224, 0.20000000298023224]], 'mat-ObjectBsdf.eta': [1.610267996788025], 'mat-ObjectBsdf.alpha.value': [0.007150613237172365], 'medium1.albedo.data': TensorXf(shape=(16, 16, 16, 3)), 'medium1.sigma_t.value.value': [0.34232667088508606], 'emitter-envmap.scale': [1.0], 'PLYMesh.vertex_positions': [-23.38309669494629, 0.0, 23.38309669494629, 23.38309669494629, 0.0, 23.38309669494629, 23.38309669494629, 0.0, -23.38309669494629, -23.38309669494629, 0.0, -23.38309669494629], 'PLYMesh_1.vertex_positions': [0.06771976500749588, 2.719545364379883, 2.2474188804626465, 0.07067764550447464, 2.7316184043884277, .. 486902 skipped .., 1.834144949913025, 1.140721082687378, 1.3816357851028442, 1.8345913887023926, 1.1410837173461914]}
Sensor 00
	current loss= 0.001156
Sensor 01
	current loss= 0.000098
Sensor 02
	current loss= 0.005478
Sensor 03
	current loss= 0.000248
Iteration 01
	total loss= 0.006980
Current scene parameters:
 	{'mat-PlaneBsdf.brdf_0.reflectance.color0.value': [[0.4000000059604645, 0.4000000059604645, 0.4000000059604645]], 'mat-PlaneBsdf.brdf_0.reflectance.color1.value': [[0.20000000298023224, 0.20000000298023224, 0.20000000298023224]], 'mat-ObjectBsdf.eta': [1.6894257068634033], 'mat-ObjectBsdf.alpha.value': [0.025428449735045433], 'medium1.albedo.data': TensorXf(shape=(16, 16, 16, 3)), 'medium1.sigma_t.value.value': [0.3491135239601135], 'emitter-envmap.scale': [1.0], 'PLYMesh.vertex_positions': [-23.38309669494629, 0.0, 23.38309669494629, 23.38309669494629, 0.0, 23.38309669494629, 23.38309669494629, 0.0, -23.38309669494629, -23.38309669494629, 0.0, -23.38309669494629], 'PLYMesh_1.vertex_positions': [0.06771976500749588, 2.719545364379883, 2.2474188804626465, 0.07067764550447464, 2.7316184043884277, .. 486902 skipped .., 1.834144949913025, 1.140721082687378, 1.3816357851028442, 1.8345913887023926, 1.1410837173461914]}
Sensor 00
	current loss= 0.002020
Sensor 01
	current loss= 0.000129
Sensor 02
	current loss= 0.016832
Sensor 03
	current loss= 0.000529
Iteration 02
	total loss= 0.019510
Current scene parameters:
 	{'mat-PlaneBsdf.brdf_0.reflectance.color0.value': [[0.4000000059604645, 0.4000000059604645, 0.4000000059604645]], 'mat-PlaneBsdf.brdf_0.reflectance.color1.value': [[0.20000000298023224, 0.20000000298023224, 0.20000000298023224]], 'mat-ObjectBsdf.eta': [1.7262732982635498], 'mat-ObjectBsdf.alpha.value': [0.04712880030274391], 'medium1.albedo.data': TensorXf(shape=(16, 16, 16, 3)), 'medium1.sigma_t.value.value': [0.3546234667301178], 'emitter-envmap.scale': [1.0], 'PLYMesh.vertex_positions': [-23.38309669494629, 0.0, 23.38309669494629, 23.38309669494629, 0.0, 23.38309669494629, 23.38309669494629, 0.0, -23.38309669494629, -23.38309669494629, 0.0, -23.38309669494629], 'PLYMesh_1.vertex_positions': [0.06771976500749588, 2.719545364379883, 2.2474188804626465, 0.07067764550447464, 2.7316184043884277, .. 486902 skipped .., 1.834144949913025, 1.140721082687378, 1.3816357851028442, 1.8345913887023926, 1.1410837173461914]}
Sensor 00
	current loss= 0.002751
Sensor 01
	current loss= 0.000264
Sensor 02
	current loss= 0.019577
Sensor 03
	current loss= 0.000652
Iteration 03
	total loss= 0.023244
Current scene parameters:
 	{'mat-PlaneBsdf.brdf_0.reflectance.color0.value': [[0.4000000059604645, 0.4000000059604645, 0.4000000059604645]], 'mat-PlaneBsdf.brdf_0.reflectance.color1.value': [[0.20000000298023224, 0.20000000298023224, 0.20000000298023224]], 'mat-ObjectBsdf.eta': [1.7320432662963867], 'mat-ObjectBsdf.alpha.value': [0.04096757620573044], 'medium1.albedo.data': TensorXf(shape=(16, 16, 16, 3)), 'medium1.sigma_t.value.value': [0.36430010199546814], 'emitter-envmap.scale': [1.0], 'PLYMesh.vertex_positions': [-23.38309669494629, 0.0, 23.38309669494629, 23.38309669494629, 0.0, 23.38309669494629, 23.38309669494629, 0.0, -23.38309669494629, -23.38309669494629, 0.0, -23.38309669494629], 'PLYMesh_1.vertex_positions': [0.06771976500749588, 2.719545364379883, 2.2474188804626465, 0.07067764550447464, 2.7316184043884277, .. 486902 skipped .., 1.834144949913025, 1.140721082687378, 1.3816357851028442, 1.8345913887023926, 1.1410837173461914]}
Sensor 00
	current loss= 0.002402
Sensor 01
	current loss= 0.000168
Sensor 02
	current loss= 0.012805
Sensor 03
	current loss= 0.000574
Iteration 04
	total loss= 0.015949
Current scene parameters:
 	{'mat-PlaneBsdf.brdf_0.reflectance.color0.value': [[0.4000000059604645, 0.4000000059604645, 0.4000000059604645]], 'mat-PlaneBsdf.brdf_0.reflectance.color1.value': [[0.20000000298023224, 0.20000000298023224, 0.20000000298023224]], 'mat-ObjectBsdf.eta': [1.7064869403839111], 'mat-ObjectBsdf.alpha.value': [0.018372396007180214], 'medium1.albedo.data': TensorXf(shape=(16, 16, 16, 3)), 'medium1.sigma_t.value.value': [0.350159227848053], 'emitter-envmap.scale': [1.0], 'PLYMesh.vertex_positions': [-23.38309669494629, 0.0, 23.38309669494629, 23.38309669494629, 0.0, 23.38309669494629, 23.38309669494629, 0.0, -23.38309669494629, -23.38309669494629, 0.0, -23.38309669494629], 'PLYMesh_1.vertex_positions': [0.06771976500749588, 2.719545364379883, 2.2474188804626465, 0.07067764550447464, 2.7316184043884277, .. 486902 skipped .., 1.834144949913025, 1.140721082687378, 1.3816357851028442, 1.8345913887023926, 1.1410837173461914]}
Sensor 00
	current loss= 0.002012
Sensor 01
	current loss= 0.000114
Sensor 02
	current loss= 0.004580
Sensor 03
	current loss= 0.000432
Iteration 05
	total loss= 0.007138
Current scene parameters:
 	{'mat-PlaneBsdf.brdf_0.reflectance.color0.value': [[0.4000000059604645, 0.4000000059604645, 0.4000000059604645]], 'mat-PlaneBsdf.brdf_0.reflectance.color1.value': [[0.20000000298023224, 0.20000000298023224, 0.20000000298023224]], 'mat-ObjectBsdf.eta': [1.6666353940963745], 'mat-ObjectBsdf.alpha.value': [0.009209046140313148], 'medium1.albedo.data': TensorXf(shape=(16, 16, 16, 3)), 'medium1.sigma_t.value.value': [0.3278023600578308], 'emitter-envmap.scale': [1.0], 'PLYMesh.vertex_positions': [-23.38309669494629, 0.0, 23.38309669494629, 23.38309669494629, 0.0, 23.38309669494629, 23.38309669494629, 0.0, -23.38309669494629, -23.38309669494629, 0.0, -23.38309669494629], 'PLYMesh_1.vertex_positions': [0.06771976500749588, 2.719545364379883, 2.2474188804626465, 0.07067764550447464, 2.7316184043884277, .. 486902 skipped .., 1.834144949913025, 1.140721082687378, 1.3816357851028442, 1.8345913887023926, 1.1410837173461914]}
Sensor 00
	current loss= 0.001852
Sensor 01
	current loss= 0.000059
Sensor 02
	current loss= 0.003461
Sensor 03
	current loss= 0.000417
Iteration 06
	total loss= 0.005790
Current scene parameters:
 	{'mat-PlaneBsdf.brdf_0.reflectance.color0.value': [[0.4000000059604645, 0.4000000059604645, 0.4000000059604645]], 'mat-PlaneBsdf.brdf_0.reflectance.color1.value': [[0.20000000298023224, 0.20000000298023224, 0.20000000298023224]], 'mat-ObjectBsdf.eta': [1.6333208084106445], 'mat-ObjectBsdf.alpha.value': [0.010382667183876038], 'medium1.albedo.data': TensorXf(shape=(16, 16, 16, 3)), 'medium1.sigma_t.value.value': [0.3261834383010864], 'emitter-envmap.scale': [1.0], 'PLYMesh.vertex_positions': [-23.38309669494629, 0.0, 23.38309669494629, 23.38309669494629, 0.0, 23.38309669494629, 23.38309669494629, 0.0, -23.38309669494629, -23.38309669494629, 0.0, -23.38309669494629], 'PLYMesh_1.vertex_positions': [0.06771976500749588, 2.719545364379883, 2.2474188804626465, 0.07067764550447464, 2.7316184043884277, .. 486902 skipped .., 1.834144949913025, 1.140721082687378, 1.3816357851028442, 1.8345913887023926, 1.1410837173461914]}
Sensor 00
	current loss= 0.001519
Sensor 01
	current loss= 0.000064
Sensor 02
	current loss= 0.002742
Sensor 03
	current loss= 0.000138
Iteration 07
	total loss= 0.004463
Current scene parameters:
 	{'mat-PlaneBsdf.brdf_0.reflectance.color0.value': [[0.4000000059604645, 0.4000000059604645, 0.4000000059604645]], 'mat-PlaneBsdf.brdf_0.reflectance.color1.value': [[0.20000000298023224, 0.20000000298023224, 0.20000000298023224]], 'mat-ObjectBsdf.eta': [1.5882922410964966], 'mat-ObjectBsdf.alpha.value': [0.009647813625633717], 'medium1.albedo.data': TensorXf(shape=(16, 16, 16, 3)), 'medium1.sigma_t.value.value': [0.34846243262290955], 'emitter-envmap.scale': [1.0], 'PLYMesh.vertex_positions': [-23.38309669494629, 0.0, 23.38309669494629, 23.38309669494629, 0.0, 23.38309669494629, 23.38309669494629, 0.0, -23.38309669494629, -23.38309669494629, 0.0, -23.38309669494629], 'PLYMesh_1.vertex_positions': [0.06771976500749588, 2.719545364379883, 2.2474188804626465, 0.07067764550447464, 2.7316184043884277, .. 486902 skipped .., 1.834144949913025, 1.140721082687378, 1.3816357851028442, 1.8345913887023926, 1.1410837173461914]}
Sensor 00
	current loss= 0.001077
Sensor 01
	current loss= 0.000012
Sensor 02
	current loss= 0.002344
Sensor 03
	current loss= 0.000078
Iteration 08
	total loss= 0.003511
Current scene parameters:
 	{'mat-PlaneBsdf.brdf_0.reflectance.color0.value': [[0.4000000059604645, 0.4000000059604645, 0.4000000059604645]], 'mat-PlaneBsdf.brdf_0.reflectance.color1.value': [[0.20000000298023224, 0.20000000298023224, 0.20000000298023224]], 'mat-ObjectBsdf.eta': [1.5477042198181152], 'mat-ObjectBsdf.alpha.value': [0.009317024610936642], 'medium1.albedo.data': TensorXf(shape=(16, 16, 16, 3)), 'medium1.sigma_t.value.value': [0.37246108055114746], 'emitter-envmap.scale': [1.0], 'PLYMesh.vertex_positions': [-23.38309669494629, 0.0, 23.38309669494629, 23.38309669494629, 0.0, 23.38309669494629, 23.38309669494629, 0.0, -23.38309669494629, -23.38309669494629, 0.0, -23.38309669494629], 'PLYMesh_1.vertex_positions': [0.06771976500749588, 2.719545364379883, 2.2474188804626465, 0.07067764550447464, 2.7316184043884277, .. 486902 skipped .., 1.834144949913025, 1.140721082687378, 1.3816357851028442, 1.8345913887023926, 1.1410837173461914]}
Sensor 00
	current loss= 0.000823
Sensor 01
	current loss= 0.000056
Sensor 02
	current loss= 0.001726
Sensor 03
	current loss= 0.000067
Iteration 09
	total loss= 0.002672
Current scene parameters:
 	{'mat-PlaneBsdf.brdf_0.reflectance.color0.value': [[0.4000000059604645, 0.4000000059604645, 0.4000000059604645]], 'mat-PlaneBsdf.brdf_0.reflectance.color1.value': [[0.20000000298023224, 0.20000000298023224, 0.20000000298023224]], 'mat-ObjectBsdf.eta': [1.50703763961792], 'mat-ObjectBsdf.alpha.value': [0.008991258218884468], 'medium1.albedo.data': TensorXf(shape=(16, 16, 16, 3)), 'medium1.sigma_t.value.value': [0.3653642237186432], 'emitter-envmap.scale': [1.0], 'PLYMesh.vertex_positions': [-23.38309669494629, 0.0, 23.38309669494629, 23.38309669494629, 0.0, 23.38309669494629, 23.38309669494629, 0.0, -23.38309669494629, -23.38309669494629, 0.0, -23.38309669494629], 'PLYMesh_1.vertex_positions': [0.06771976500749588, 2.719545364379883, 2.2474188804626465, 0.07067764550447464, 2.7316184043884277, .. 486902 skipped .., 1.834144949913025, 1.140721082687378, 1.3816357851028442, 1.8345913887023926, 1.1410837173461914]}
Sensor 00
	current loss= 0.000370
Sensor 01
	current loss= 0.000018
Sensor 02
	current loss= 0.001466
Sensor 03
	current loss= 0.000099
Iteration 10
	total loss= 0.001954
Current scene parameters:
 	{'mat-PlaneBsdf.brdf_0.reflectance.color0.value': [[0.4000000059604645, 0.4000000059604645, 0.4000000059604645]], 'mat-PlaneBsdf.brdf_0.reflectance.color1.value': [[0.20000000298023224, 0.20000000298023224, 0.20000000298023224]], 'mat-ObjectBsdf.eta': [1.524992823600769], 'mat-ObjectBsdf.alpha.value': [0.01385935302823782], 'medium1.albedo.data': TensorXf(shape=(16, 16, 16, 3)), 'medium1.sigma_t.value.value': [0.35653942823410034], 'emitter-envmap.scale': [1.0], 'PLYMesh.vertex_positions': [-23.38309669494629, 0.0, 23.38309669494629, 23.38309669494629, 0.0, 23.38309669494629, 23.38309669494629, 0.0, -23.38309669494629, -23.38309669494629, 0.0, -23.38309669494629], 'PLYMesh_1.vertex_positions': [0.06771976500749588, 2.719545364379883, 2.2474188804626465, 0.07067764550447464, 2.7316184043884277, .. 486902 skipped .., 1.834144949913025, 1.140721082687378, 1.3816357851028442, 1.8345913887023926, 1.1410837173461914]}
Sensor 00
	current loss= 0.000708
Sensor 01
	current loss= 0.000119
Sensor 02
	current loss= 0.002002
Sensor 03
	current loss= 0.000126
Iteration 11
	total loss= 0.002955
Current scene parameters:
 	{'mat-PlaneBsdf.brdf_0.reflectance.color0.value': [[0.4000000059604645, 0.4000000059604645, 0.4000000059604645]], 'mat-PlaneBsdf.brdf_0.reflectance.color1.value': [[0.20000000298023224, 0.20000000298023224, 0.20000000298023224]], 'mat-ObjectBsdf.eta': [1.5539300441741943], 'mat-ObjectBsdf.alpha.value': [0.012924163602292538], 'medium1.albedo.data': TensorXf(shape=(16, 16, 16, 3)), 'medium1.sigma_t.value.value': [0.362760454416275], 'emitter-envmap.scale': [1.0], 'PLYMesh.vertex_positions': [-23.38309669494629, 0.0, 23.38309669494629, 23.38309669494629, 0.0, 23.38309669494629, 23.38309669494629, 0.0, -23.38309669494629, -23.38309669494629, 0.0, -23.38309669494629], 'PLYMesh_1.vertex_positions': [0.06771976500749588, 2.719545364379883, 2.2474188804626465, 0.07067764550447464, 2.7316184043884277, .. 486902 skipped .., 1.834144949913025, 1.140721082687378, 1.3816357851028442, 1.8345913887023926, 1.1410837173461914]}
Sensor 00
	current loss= 0.000755
Sensor 01
	current loss= 0.000017
Sensor 02
	current loss= 0.001864
Sensor 03
	current loss= 0.000147
Iteration 12
	total loss= 0.002784
Current scene parameters:
 	{'mat-PlaneBsdf.brdf_0.reflectance.color0.value': [[0.4000000059604645, 0.4000000059604645, 0.4000000059604645]], 'mat-PlaneBsdf.brdf_0.reflectance.color1.value': [[0.20000000298023224, 0.20000000298023224, 0.20000000298023224]], 'mat-ObjectBsdf.eta': [1.5582138299942017], 'mat-ObjectBsdf.alpha.value': [0.007319475524127483], 'medium1.albedo.data': TensorXf(shape=(16, 16, 16, 3)), 'medium1.sigma_t.value.value': [0.3709729313850403], 'emitter-envmap.scale': [1.0], 'PLYMesh.vertex_positions': [-23.38309669494629, 0.0, 23.38309669494629, 23.38309669494629, 0.0, 23.38309669494629, 23.38309669494629, 0.0, -23.38309669494629, -23.38309669494629, 0.0, -23.38309669494629], 'PLYMesh_1.vertex_positions': [0.06771976500749588, 2.719545364379883, 2.2474188804626465, 0.07067764550447464, 2.7316184043884277, .. 486902 skipped .., 1.834144949913025, 1.140721082687378, 1.3816357851028442, 1.8345913887023926, 1.1410837173461914]}
Sensor 00
	current loss= 0.000888
Sensor 01
	current loss= 0.000047
Sensor 02
	current loss= 0.003336
Sensor 03
	current loss= 0.000205
Iteration 13
	total loss= 0.004477
Current scene parameters:
 	{'mat-PlaneBsdf.brdf_0.reflectance.color0.value': [[0.4000000059604645, 0.4000000059604645, 0.4000000059604645]], 'mat-PlaneBsdf.brdf_0.reflectance.color1.value': [[0.20000000298023224, 0.20000000298023224, 0.20000000298023224]], 'mat-ObjectBsdf.eta': [1.5687737464904785], 'mat-ObjectBsdf.alpha.value': [0.010704920627176762], 'medium1.albedo.data': TensorXf(shape=(16, 16, 16, 3)), 'medium1.sigma_t.value.value': [0.35699307918548584], 'emitter-envmap.scale': [1.0], 'PLYMesh.vertex_positions': [-23.38309669494629, 0.0, 23.38309669494629, 23.38309669494629, 0.0, 23.38309669494629, 23.38309669494629, 0.0, -23.38309669494629, -23.38309669494629, 0.0, -23.38309669494629], 'PLYMesh_1.vertex_positions': [0.06771976500749588, 2.719545364379883, 2.2474188804626465, 0.07067764550447464, 2.7316184043884277, .. 486902 skipped .., 1.834144949913025, 1.140721082687378, 1.3816357851028442, 1.8345913887023926, 1.1410837173461914]}
Sensor 00
	current loss= 0.000902
Sensor 01
	current loss= 0.000102
Sensor 02
	current loss= 0.002438
Sensor 03
	current loss= 0.000232
Iteration 14
	total loss= 0.003675
Current scene parameters:
 	{'mat-PlaneBsdf.brdf_0.reflectance.color0.value': [[0.4000000059604645, 0.4000000059604645, 0.4000000059604645]], 'mat-PlaneBsdf.brdf_0.reflectance.color1.value': [[0.20000000298023224, 0.20000000298023224, 0.20000000298023224]], 'mat-ObjectBsdf.eta': [1.5567936897277832], 'mat-ObjectBsdf.alpha.value': [0.01107163354754448], 'medium1.albedo.data': TensorXf(shape=(16, 16, 16, 3)), 'medium1.sigma_t.value.value': [0.3413972556591034], 'emitter-envmap.scale': [1.0], 'PLYMesh.vertex_positions': [-23.38309669494629, 0.0, 23.38309669494629, 23.38309669494629, 0.0, 23.38309669494629, 23.38309669494629, 0.0, -23.38309669494629, -23.38309669494629, 0.0, -23.38309669494629], 'PLYMesh_1.vertex_positions': [0.06771976500749588, 2.719545364379883, 2.2474188804626465, 0.07067764550447464, 2.7316184043884277, .. 486902 skipped .., 1.834144949913025, 1.140721082687378, 1.3816357851028442, 1.8345913887023926, 1.1410837173461914]}
Sensor 00
	current loss= 0.000768
Sensor 01
	current loss= 0.000028
Sensor 02
	current loss= 0.001754
Sensor 03
	current loss= 0.000150
Iteration 15
	total loss= 0.002700
Current scene parameters:
 	{'mat-PlaneBsdf.brdf_0.reflectance.color0.value': [[0.4000000059604645, 0.4000000059604645, 0.4000000059604645]], 'mat-PlaneBsdf.brdf_0.reflectance.color1.value': [[0.20000000298023224, 0.20000000298023224, 0.20000000298023224]], 'mat-ObjectBsdf.eta': [1.5543739795684814], 'mat-ObjectBsdf.alpha.value': [0.010062706656754017], 'medium1.albedo.data': TensorXf(shape=(16, 16, 16, 3)), 'medium1.sigma_t.value.value': [0.35240206122398376], 'emitter-envmap.scale': [1.0], 'PLYMesh.vertex_positions': [-23.38309669494629, 0.0, 23.38309669494629, 23.38309669494629, 0.0, 23.38309669494629, 23.38309669494629, 0.0, -23.38309669494629, -23.38309669494629, 0.0, -23.38309669494629], 'PLYMesh_1.vertex_positions': [0.06771976500749588, 2.719545364379883, 2.2474188804626465, 0.07067764550447464, 2.7316184043884277, .. 486902 skipped .., 1.834144949913025, 1.140721082687378, 1.3816357851028442, 1.8345913887023926, 1.1410837173461914]}
Sensor 00
	current loss= 0.000869
Sensor 01
	current loss= 0.000042
Sensor 02
	current loss= 0.001963
Sensor 03
	current loss= 0.000115
Iteration 16
	total loss= 0.002989
Current scene parameters:
 	{'mat-PlaneBsdf.brdf_0.reflectance.color0.value': [[0.4000000059604645, 0.4000000059604645, 0.4000000059604645]], 'mat-PlaneBsdf.brdf_0.reflectance.color1.value': [[0.20000000298023224, 0.20000000298023224, 0.20000000298023224]], 'mat-ObjectBsdf.eta': [1.529664158821106], 'mat-ObjectBsdf.alpha.value': [0.011728057637810707], 'medium1.albedo.data': TensorXf(shape=(16, 16, 16, 3)), 'medium1.sigma_t.value.value': [0.35398682951927185], 'emitter-envmap.scale': [1.0], 'PLYMesh.vertex_positions': [-23.38309669494629, 0.0, 23.38309669494629, 23.38309669494629, 0.0, 23.38309669494629, 23.38309669494629, 0.0, -23.38309669494629, -23.38309669494629, 0.0, -23.38309669494629], 'PLYMesh_1.vertex_positions': [0.06771976500749588, 2.719545364379883, 2.2474188804626465, 0.07067764550447464, 2.7316184043884277, .. 486902 skipped .., 1.834144949913025, 1.140721082687378, 1.3816357851028442, 1.8345913887023926, 1.1410837173461914]}
Sensor 00
	current loss= 0.000570
Sensor 01
	current loss= 0.000021
Sensor 02
	current loss= 0.001345
Sensor 03
	current loss= 0.000159
Iteration 17
	total loss= 0.002096
Current scene parameters:
 	{'mat-PlaneBsdf.brdf_0.reflectance.color0.value': [[0.4000000059604645, 0.4000000059604645, 0.4000000059604645]], 'mat-PlaneBsdf.brdf_0.reflectance.color1.value': [[0.20000000298023224, 0.20000000298023224, 0.20000000298023224]], 'mat-ObjectBsdf.eta': [1.475764274597168], 'mat-ObjectBsdf.alpha.value': [0.008042738772928715], 'medium1.albedo.data': TensorXf(shape=(16, 16, 16, 3)), 'medium1.sigma_t.value.value': [0.3429262340068817], 'emitter-envmap.scale': [1.0], 'PLYMesh.vertex_positions': [-23.38309669494629, 0.0, 23.38309669494629, 23.38309669494629, 0.0, 23.38309669494629, 23.38309669494629, 0.0, -23.38309669494629, -23.38309669494629, 0.0, -23.38309669494629], 'PLYMesh_1.vertex_positions': [0.06771976500749588, 2.719545364379883, 2.2474188804626465, 0.07067764550447464, 2.7316184043884277, .. 486902 skipped .., 1.834144949913025, 1.140721082687378, 1.3816357851028442, 1.8345913887023926, 1.1410837173461914]}
Sensor 00
	current loss= 0.000365
Sensor 01
	current loss= 0.000039
Sensor 02
	current loss= 0.002912
Sensor 03
	current loss= 0.000140
Iteration 18
	total loss= 0.003456
Current scene parameters:
 	{'mat-PlaneBsdf.brdf_0.reflectance.color0.value': [[0.4000000059604645, 0.4000000059604645, 0.4000000059604645]], 'mat-PlaneBsdf.brdf_0.reflectance.color1.value': [[0.20000000298023224, 0.20000000298023224, 0.20000000298023224]], 'mat-ObjectBsdf.eta': [1.4209239482879639], 'mat-ObjectBsdf.alpha.value': [0.0038699146825820208], 'medium1.albedo.data': TensorXf(shape=(16, 16, 16, 3)), 'medium1.sigma_t.value.value': [0.36250174045562744], 'emitter-envmap.scale': [1.0], 'PLYMesh.vertex_positions': [-23.38309669494629, 0.0, 23.38309669494629, 23.38309669494629, 0.0, 23.38309669494629, 23.38309669494629, 0.0, -23.38309669494629, -23.38309669494629, 0.0, -23.38309669494629], 'PLYMesh_1.vertex_positions': [0.06771976500749588, 2.719545364379883, 2.2474188804626465, 0.07067764550447464, 2.7316184043884277, .. 486902 skipped .., 1.834144949913025, 1.140721082687378, 1.3816357851028442, 1.8345913887023926, 1.1410837173461914]}
Sensor 00
	current loss= 0.001045
Sensor 01
	current loss= 0.000033
Sensor 02
	current loss= 0.004127
Sensor 03
	current loss= 0.000113
Iteration 19
	total loss= 0.005319
Current scene parameters:
 	{'mat-PlaneBsdf.brdf_0.reflectance.color0.value': [[0.4000000059604645, 0.4000000059604645, 0.4000000059604645]], 'mat-PlaneBsdf.brdf_0.reflectance.color1.value': [[0.20000000298023224, 0.20000000298023224, 0.20000000298023224]], 'mat-ObjectBsdf.eta': [1.4693987369537354], 'mat-ObjectBsdf.alpha.value': [0.0031935740262269974], 'medium1.albedo.data': TensorXf(shape=(16, 16, 16, 3)), 'medium1.sigma_t.value.value': [0.40087151527404785], 'emitter-envmap.scale': [1.0], 'PLYMesh.vertex_positions': [-23.38309669494629, 0.0, 23.38309669494629, 23.38309669494629, 0.0, 23.38309669494629, 23.38309669494629, 0.0, -23.38309669494629, -23.38309669494629, 0.0, -23.38309669494629], 'PLYMesh_1.vertex_positions': [0.06771976500749588, 2.719545364379883, 2.2474188804626465, 0.07067764550447464, 2.7316184043884277, .. 486902 skipped .., 1.834144949913025, 1.140721082687378, 1.3816357851028442, 1.8345913887023926, 1.1410837173461914]}
Sensor 00
	current loss= 0.000650
Sensor 01
	current loss= 0.000096
Sensor 02
	current loss= 0.001983
Sensor 03
	current loss= 0.000113
Iteration 20
	total loss= 0.002842
Current scene parameters:
 	{'mat-PlaneBsdf.brdf_0.reflectance.color0.value': [[0.4000000059604645, 0.4000000059604645, 0.4000000059604645]], 'mat-PlaneBsdf.brdf_0.reflectance.color1.value': [[0.20000000298023224, 0.20000000298023224, 0.20000000298023224]], 'mat-ObjectBsdf.eta': [1.5823785066604614], 'mat-ObjectBsdf.alpha.value': [0.020987072959542274], 'medium1.albedo.data': TensorXf(shape=(16, 16, 16, 3)), 'medium1.sigma_t.value.value': [0.40580713748931885], 'emitter-envmap.scale': [1.0], 'PLYMesh.vertex_positions': [-23.38309669494629, 0.0, 23.38309669494629, 23.38309669494629, 0.0, 23.38309669494629, 23.38309669494629, 0.0, -23.38309669494629, -23.38309669494629, 0.0, -23.38309669494629], 'PLYMesh_1.vertex_positions': [0.06771976500749588, 2.719545364379883, 2.2474188804626465, 0.07067764550447464, 2.7316184043884277, .. 486902 skipped .., 1.834144949913025, 1.140721082687378, 1.3816357851028442, 1.8345913887023926, 1.1410837173461914]}
Sensor 00
	current loss= 0.001202
Sensor 01
	current loss= 0.000128
Sensor 02
	current loss= 0.008497
Sensor 03
	current loss= 0.000393
Iteration 21
	total loss= 0.010220
Current scene parameters:
 	{'mat-PlaneBsdf.brdf_0.reflectance.color0.value': [[0.4000000059604645, 0.4000000059604645, 0.4000000059604645]], 'mat-PlaneBsdf.brdf_0.reflectance.color1.value': [[0.20000000298023224, 0.20000000298023224, 0.20000000298023224]], 'mat-ObjectBsdf.eta': [1.6497634649276733], 'mat-ObjectBsdf.alpha.value': [0.025501202791929245], 'medium1.albedo.data': TensorXf(shape=(16, 16, 16, 3)), 'medium1.sigma_t.value.value': [0.37502434849739075], 'emitter-envmap.scale': [1.0], 'PLYMesh.vertex_positions': [-23.38309669494629, 0.0, 23.38309669494629, 23.38309669494629, 0.0, 23.38309669494629, 23.38309669494629, 0.0, -23.38309669494629, -23.38309669494629, 0.0, -23.38309669494629], 'PLYMesh_1.vertex_positions': [0.06771976500749588, 2.719545364379883, 2.2474188804626465, 0.07067764550447464, 2.7316184043884277, .. 486902 skipped .., 1.834144949913025, 1.140721082687378, 1.3816357851028442, 1.8345913887023926, 1.1410837173461914]}
Sensor 00
	current loss= 0.001856
Sensor 01
	current loss= 0.000077
Sensor 02
	current loss= 0.006348
Sensor 03
	current loss= 0.000320
Iteration 22
	total loss= 0.008601
Current scene parameters:
 	{'mat-PlaneBsdf.brdf_0.reflectance.color0.value': [[0.4000000059604645, 0.4000000059604645, 0.4000000059604645]], 'mat-PlaneBsdf.brdf_0.reflectance.color1.value': [[0.20000000298023224, 0.20000000298023224, 0.20000000298023224]], 'mat-ObjectBsdf.eta': [1.6841487884521484], 'mat-ObjectBsdf.alpha.value': [0.007238413672894239], 'medium1.albedo.data': TensorXf(shape=(16, 16, 16, 3)), 'medium1.sigma_t.value.value': [0.34008100628852844], 'emitter-envmap.scale': [1.0], 'PLYMesh.vertex_positions': [-23.38309669494629, 0.0, 23.38309669494629, 23.38309669494629, 0.0, 23.38309669494629, 23.38309669494629, 0.0, -23.38309669494629, -23.38309669494629, 0.0, -23.38309669494629], 'PLYMesh_1.vertex_positions': [0.06771976500749588, 2.719545364379883, 2.2474188804626465, 0.07067764550447464, 2.7316184043884277, .. 486902 skipped .., 1.834144949913025, 1.140721082687378, 1.3816357851028442, 1.8345913887023926, 1.1410837173461914]}
Sensor 00
	current loss= 0.001835
Sensor 01
	current loss= 0.000103
Sensor 02
	current loss= 0.006883
Sensor 03
	current loss= 0.000550
Iteration 23
	total loss= 0.009371
Current scene parameters:
 	{'mat-PlaneBsdf.brdf_0.reflectance.color0.value': [[0.4000000059604645, 0.4000000059604645, 0.4000000059604645]], 'mat-PlaneBsdf.brdf_0.reflectance.color1.value': [[0.20000000298023224, 0.20000000298023224, 0.20000000298023224]], 'mat-ObjectBsdf.eta': [1.6832430362701416], 'mat-ObjectBsdf.alpha.value': [0.0010000000474974513], 'medium1.albedo.data': TensorXf(shape=(16, 16, 16, 3)), 'medium1.sigma_t.value.value': [0.3253178596496582], 'emitter-envmap.scale': [1.0], 'PLYMesh.vertex_positions': [-23.38309669494629, 0.0, 23.38309669494629, 23.38309669494629, 0.0, 23.38309669494629, 23.38309669494629, 0.0, -23.38309669494629, -23.38309669494629, 0.0, -23.38309669494629], 'PLYMesh_1.vertex_positions': [0.06771976500749588, 2.719545364379883, 2.2474188804626465, 0.07067764550447464, 2.7316184043884277, .. 486902 skipped .., 1.834144949913025, 1.140721082687378, 1.3816357851028442, 1.8345913887023926, 1.1410837173461914]}
Sensor 00
	current loss= 0.002333
Sensor 01
	current loss= 0.000007
Sensor 02
	current loss= 0.004108
Sensor 03
	current loss= 0.000286
Iteration 24
	total loss= 0.006733
Current scene parameters:
 	{'mat-PlaneBsdf.brdf_0.reflectance.color0.value': [[0.4000000059604645, 0.4000000059604645, 0.4000000059604645]], 'mat-PlaneBsdf.brdf_0.reflectance.color1.value': [[0.20000000298023224, 0.20000000298023224, 0.20000000298023224]], 'mat-ObjectBsdf.eta': [1.6642578840255737], 'mat-ObjectBsdf.alpha.value': [0.021332452073693275], 'medium1.albedo.data': TensorXf(shape=(16, 16, 16, 3)), 'medium1.sigma_t.value.value': [0.32692620158195496], 'emitter-envmap.scale': [1.0], 'PLYMesh.vertex_positions': [-23.38309669494629, 0.0, 23.38309669494629, 23.38309669494629, 0.0, 23.38309669494629, 23.38309669494629, 0.0, -23.38309669494629, -23.38309669494629, 0.0, -23.38309669494629], 'PLYMesh_1.vertex_positions': [0.06771976500749588, 2.719545364379883, 2.2474188804626465, 0.07067764550447464, 2.7316184043884277, .. 486902 skipped .., 1.834144949913025, 1.140721082687378, 1.3816357851028442, 1.8345913887023926, 1.1410837173461914]}
Sensor 00
	current loss= 0.001764
Sensor 01
	current loss= 0.000143
Sensor 02
	current loss= 0.010042
Sensor 03
	current loss= 0.000378
Iteration 25
	total loss= 0.012327
Current scene parameters:
 	{'mat-PlaneBsdf.brdf_0.reflectance.color0.value': [[0.4000000059604645, 0.4000000059604645, 0.4000000059604645]], 'mat-PlaneBsdf.brdf_0.reflectance.color1.value': [[0.20000000298023224, 0.20000000298023224, 0.20000000298023224]], 'mat-ObjectBsdf.eta': [1.6390482187271118], 'mat-ObjectBsdf.alpha.value': [0.025692032650113106], 'medium1.albedo.data': TensorXf(shape=(16, 16, 16, 3)), 'medium1.sigma_t.value.value': [0.3517497479915619], 'emitter-envmap.scale': [1.0], 'PLYMesh.vertex_positions': [-23.38309669494629, 0.0, 23.38309669494629, 23.38309669494629, 0.0, 23.38309669494629, 23.38309669494629, 0.0, -23.38309669494629, -23.38309669494629, 0.0, -23.38309669494629], 'PLYMesh_1.vertex_positions': [0.06771976500749588, 2.719545364379883, 2.2474188804626465, 0.07067764550447464, 2.7316184043884277, .. 486902 skipped .., 1.834144949913025, 1.140721082687378, 1.3816357851028442, 1.8345913887023926, 1.1410837173461914]}
Sensor 00
	current loss= 0.001831
Sensor 01
	current loss= 0.000142
Sensor 02
	current loss= 0.004966
Sensor 03
	current loss= 0.000197
Iteration 26
	total loss= 0.007136
Current scene parameters:
 	{'mat-PlaneBsdf.brdf_0.reflectance.color0.value': [[0.4000000059604645, 0.4000000059604645, 0.4000000059604645]], 'mat-PlaneBsdf.brdf_0.reflectance.color1.value': [[0.20000000298023224, 0.20000000298023224, 0.20000000298023224]], 'mat-ObjectBsdf.eta': [1.6118444204330444], 'mat-ObjectBsdf.alpha.value': [0.005020235665142536], 'medium1.albedo.data': TensorXf(shape=(16, 16, 16, 3)), 'medium1.sigma_t.value.value': [0.377402126789093], 'emitter-envmap.scale': [1.0], 'PLYMesh.vertex_positions': [-23.38309669494629, 0.0, 23.38309669494629, 23.38309669494629, 0.0, 23.38309669494629, 23.38309669494629, 0.0, -23.38309669494629, -23.38309669494629, 0.0, -23.38309669494629], 'PLYMesh_1.vertex_positions': [0.06771976500749588, 2.719545364379883, 2.2474188804626465, 0.07067764550447464, 2.7316184043884277, .. 486902 skipped .., 1.834144949913025, 1.140721082687378, 1.3816357851028442, 1.8345913887023926, 1.1410837173461914]}
Sensor 00
	current loss= 0.001226
Sensor 01
	current loss= 0.000116
Sensor 02
	current loss= 0.004353
Sensor 03
	current loss= 0.000150
Iteration 27
	total loss= 0.005845
Current scene parameters:
 	{'mat-PlaneBsdf.brdf_0.reflectance.color0.value': [[0.4000000059604645, 0.4000000059604645, 0.4000000059604645]], 'mat-PlaneBsdf.brdf_0.reflectance.color1.value': [[0.20000000298023224, 0.20000000298023224, 0.20000000298023224]], 'mat-ObjectBsdf.eta': [1.5872737169265747], 'mat-ObjectBsdf.alpha.value': [0.02009432576596737], 'medium1.albedo.data': TensorXf(shape=(16, 16, 16, 3)), 'medium1.sigma_t.value.value': [0.3783462643623352], 'emitter-envmap.scale': [1.0], 'PLYMesh.vertex_positions': [-23.38309669494629, 0.0, 23.38309669494629, 23.38309669494629, 0.0, 23.38309669494629, 23.38309669494629, 0.0, -23.38309669494629, -23.38309669494629, 0.0, -23.38309669494629], 'PLYMesh_1.vertex_positions': [0.06771976500749588, 2.719545364379883, 2.2474188804626465, 0.07067764550447464, 2.7316184043884277, .. 486902 skipped .., 1.834144949913025, 1.140721082687378, 1.3816357851028442, 1.8345913887023926, 1.1410837173461914]}
Sensor 00
	current loss= 0.001123
Sensor 01
	current loss= 0.000087
Sensor 02
	current loss= 0.008913
Sensor 03
	current loss= 0.000165
Iteration 28
	total loss= 0.010288
Current scene parameters:
 	{'mat-PlaneBsdf.brdf_0.reflectance.color0.value': [[0.4000000059604645, 0.4000000059604645, 0.4000000059604645]], 'mat-PlaneBsdf.brdf_0.reflectance.color1.value': [[0.20000000298023224, 0.20000000298023224, 0.20000000298023224]], 'mat-ObjectBsdf.eta': [1.5747531652450562], 'mat-ObjectBsdf.alpha.value': [0.035040680319070816], 'medium1.albedo.data': TensorXf(shape=(16, 16, 16, 3)), 'medium1.sigma_t.value.value': [0.36927178502082825], 'emitter-envmap.scale': [1.0], 'PLYMesh.vertex_positions': [-23.38309669494629, 0.0, 23.38309669494629, 23.38309669494629, 0.0, 23.38309669494629, 23.38309669494629, 0.0, -23.38309669494629, -23.38309669494629, 0.0, -23.38309669494629], 'PLYMesh_1.vertex_positions': [0.06771976500749588, 2.719545364379883, 2.2474188804626465, 0.07067764550447464, 2.7316184043884277, .. 486902 skipped .., 1.834144949913025, 1.140721082687378, 1.3816357851028442, 1.8345913887023926, 1.1410837173461914]}
Sensor 00
	current loss= 0.001562
Sensor 01
	current loss= 0.000117
Sensor 02
	current loss= 0.007851
Sensor 03
	current loss= 0.000279
Iteration 29
	total loss= 0.009809
Current scene parameters:
 	{'mat-PlaneBsdf.brdf_0.reflectance.color0.value': [[0.4000000059604645, 0.4000000059604645, 0.4000000059604645]], 'mat-PlaneBsdf.brdf_0.reflectance.color1.value': [[0.20000000298023224, 0.20000000298023224, 0.20000000298023224]], 'mat-ObjectBsdf.eta': [1.5613021850585938], 'mat-ObjectBsdf.alpha.value': [0.020639527589082718], 'medium1.albedo.data': TensorXf(shape=(16, 16, 16, 3)), 'medium1.sigma_t.value.value': [0.3622014820575714], 'emitter-envmap.scale': [1.0], 'PLYMesh.vertex_positions': [-23.38309669494629, 0.0, 23.38309669494629, 23.38309669494629, 0.0, 23.38309669494629, 23.38309669494629, 0.0, -23.38309669494629, -23.38309669494629, 0.0, -23.38309669494629], 'PLYMesh_1.vertex_positions': [0.06771976500749588, 2.719545364379883, 2.2474188804626465, 0.07067764550447464, 2.7316184043884277, .. 486902 skipped .., 1.834144949913025, 1.140721082687378, 1.3816357851028442, 1.8345913887023926, 1.1410837173461914]}
Sensor 00
	current loss= 0.001160
Sensor 01
	current loss= 0.000113
Sensor 02
	current loss= 0.001799
Sensor 03
	current loss= 0.000260
Iteration 30
	total loss= 0.003333
Current scene parameters:
 	{'mat-PlaneBsdf.brdf_0.reflectance.color0.value': [[0.4000000059604645, 0.4000000059604645, 0.4000000059604645]], 'mat-PlaneBsdf.brdf_0.reflectance.color1.value': [[0.20000000298023224, 0.20000000298023224, 0.20000000298023224]], 'mat-ObjectBsdf.eta': [1.5494157075881958], 'mat-ObjectBsdf.alpha.value': [0.0010000000474974513], 'medium1.albedo.data': TensorXf(shape=(16, 16, 16, 3)), 'medium1.sigma_t.value.value': [0.3528252840042114], 'emitter-envmap.scale': [1.0], 'PLYMesh.vertex_positions': [-23.38309669494629, 0.0, 23.38309669494629, 23.38309669494629, 0.0, 23.38309669494629, 23.38309669494629, 0.0, -23.38309669494629, -23.38309669494629, 0.0, -23.38309669494629], 'PLYMesh_1.vertex_positions': [0.06771976500749588, 2.719545364379883, 2.2474188804626465, 0.07067764550447464, 2.7316184043884277, .. 486902 skipped .., 1.834144949913025, 1.140721082687378, 1.3816357851028442, 1.8345913887023926, 1.1410837173461914]}
Sensor 00
	current loss= 0.001122
Sensor 01
	current loss= 0.000084
Sensor 02
	current loss= 0.003475
Sensor 03
	current loss= 0.000212
Iteration 31
	total loss= 0.004893
Current scene parameters:
 	{'mat-PlaneBsdf.brdf_0.reflectance.color0.value': [[0.4000000059604645, 0.4000000059604645, 0.4000000059604645]], 'mat-PlaneBsdf.brdf_0.reflectance.color1.value': [[0.20000000298023224, 0.20000000298023224, 0.20000000298023224]], 'mat-ObjectBsdf.eta': [1.5030198097229004], 'mat-ObjectBsdf.alpha.value': [0.0023000582586973906], 'medium1.albedo.data': TensorXf(shape=(16, 16, 16, 3)), 'medium1.sigma_t.value.value': [0.356417715549469], 'emitter-envmap.scale': [1.0], 'PLYMesh.vertex_positions': [-23.38309669494629, 0.0, 23.38309669494629, 23.38309669494629, 0.0, 23.38309669494629, 23.38309669494629, 0.0, -23.38309669494629, -23.38309669494629, 0.0, -23.38309669494629], 'PLYMesh_1.vertex_positions': [0.06771976500749588, 2.719545364379883, 2.2474188804626465, 0.07067764550447464, 2.7316184043884277, .. 486902 skipped .., 1.834144949913025, 1.140721082687378, 1.3816357851028442, 1.8345913887023926, 1.1410837173461914]}
Sensor 00
	current loss= 0.000623
Sensor 01
	current loss= 0.000077
Sensor 02
	current loss= 0.003080
Sensor 03
	current loss= 0.000031
Iteration 32
	total loss= 0.003811
Current scene parameters:
 	{'mat-PlaneBsdf.brdf_0.reflectance.color0.value': [[0.4000000059604645, 0.4000000059604645, 0.4000000059604645]], 'mat-PlaneBsdf.brdf_0.reflectance.color1.value': [[0.20000000298023224, 0.20000000298023224, 0.20000000298023224]], 'mat-ObjectBsdf.eta': [1.5239866971969604], 'mat-ObjectBsdf.alpha.value': [0.01306536141782999], 'medium1.albedo.data': TensorXf(shape=(16, 16, 16, 3)), 'medium1.sigma_t.value.value': [0.36962029337882996], 'emitter-envmap.scale': [1.0], 'PLYMesh.vertex_positions': [-23.38309669494629, 0.0, 23.38309669494629, 23.38309669494629, 0.0, 23.38309669494629, 23.38309669494629, 0.0, -23.38309669494629, -23.38309669494629, 0.0, -23.38309669494629], 'PLYMesh_1.vertex_positions': [0.06771976500749588, 2.719545364379883, 2.2474188804626465, 0.07067764550447464, 2.7316184043884277, .. 486902 skipped .., 1.834144949913025, 1.140721082687378, 1.3816357851028442, 1.8345913887023926, 1.1410837173461914]}
Sensor 00
	current loss= 0.000670
Sensor 01
	current loss= 0.000095
Sensor 02
	current loss= 0.003673
Sensor 03
	current loss= 0.000098
Iteration 33
	total loss= 0.004537
Current scene parameters:
 	{'mat-PlaneBsdf.brdf_0.reflectance.color0.value': [[0.4000000059604645, 0.4000000059604645, 0.4000000059604645]], 'mat-PlaneBsdf.brdf_0.reflectance.color1.value': [[0.20000000298023224, 0.20000000298023224, 0.20000000298023224]], 'mat-ObjectBsdf.eta': [1.5556098222732544], 'mat-ObjectBsdf.alpha.value': [0.024964554235339165], 'medium1.albedo.data': TensorXf(shape=(16, 16, 16, 3)), 'medium1.sigma_t.value.value': [0.38652658462524414], 'emitter-envmap.scale': [1.0], 'PLYMesh.vertex_positions': [-23.38309669494629, 0.0, 23.38309669494629, 23.38309669494629, 0.0, 23.38309669494629, 23.38309669494629, 0.0, -23.38309669494629, -23.38309669494629, 0.0, -23.38309669494629], 'PLYMesh_1.vertex_positions': [0.06771976500749588, 2.719545364379883, 2.2474188804626465, 0.07067764550447464, 2.7316184043884277, .. 486902 skipped .., 1.834144949913025, 1.140721082687378, 1.3816357851028442, 1.8345913887023926, 1.1410837173461914]}
Sensor 00
	current loss= 0.001177
Sensor 01
	current loss= 0.000065
Sensor 02
	current loss= 0.004946
Sensor 03
	current loss= 0.000205
Iteration 34
	total loss= 0.006392
Current scene parameters:
 	{'mat-PlaneBsdf.brdf_0.reflectance.color0.value': [[0.4000000059604645, 0.4000000059604645, 0.4000000059604645]], 'mat-PlaneBsdf.brdf_0.reflectance.color1.value': [[0.20000000298023224, 0.20000000298023224, 0.20000000298023224]], 'mat-ObjectBsdf.eta': [1.574263095855713], 'mat-ObjectBsdf.alpha.value': [0.01582341268658638], 'medium1.albedo.data': TensorXf(shape=(16, 16, 16, 3)), 'medium1.sigma_t.value.value': [0.3826344609260559], 'emitter-envmap.scale': [1.0], 'PLYMesh.vertex_positions': [-23.38309669494629, 0.0, 23.38309669494629, 23.38309669494629, 0.0, 23.38309669494629, 23.38309669494629, 0.0, -23.38309669494629, -23.38309669494629, 0.0, -23.38309669494629], 'PLYMesh_1.vertex_positions': [0.06771976500749588, 2.719545364379883, 2.2474188804626465, 0.07067764550447464, 2.7316184043884277, .. 486902 skipped .., 1.834144949913025, 1.140721082687378, 1.3816357851028442, 1.8345913887023926, 1.1410837173461914]}
Sensor 00
	current loss= 0.001146
Sensor 01
	current loss= 0.000080
Sensor 02
	current loss= 0.002309
Sensor 03
	current loss= 0.000214
Iteration 35
	total loss= 0.003748
Current scene parameters:
 	{'mat-PlaneBsdf.brdf_0.reflectance.color0.value': [[0.4000000059604645, 0.4000000059604645, 0.4000000059604645]], 'mat-PlaneBsdf.brdf_0.reflectance.color1.value': [[0.20000000298023224, 0.20000000298023224, 0.20000000298023224]], 'mat-ObjectBsdf.eta': [1.5828347206115723], 'mat-ObjectBsdf.alpha.value': [0.0039800601080060005], 'medium1.albedo.data': TensorXf(shape=(16, 16, 16, 3)), 'medium1.sigma_t.value.value': [0.35720494389533997], 'emitter-envmap.scale': [1.0], 'PLYMesh.vertex_positions': [-23.38309669494629, 0.0, 23.38309669494629, 23.38309669494629, 0.0, 23.38309669494629, 23.38309669494629, 0.0, -23.38309669494629, -23.38309669494629, 0.0, -23.38309669494629], 'PLYMesh_1.vertex_positions': [0.06771976500749588, 2.719545364379883, 2.2474188804626465, 0.07067764550447464, 2.7316184043884277, .. 486902 skipped .., 1.834144949913025, 1.140721082687378, 1.3816357851028442, 1.8345913887023926, 1.1410837173461914]}
Sensor 00
	current loss= 0.001309
Sensor 01
	current loss= 0.000031
Sensor 02
	current loss= 0.004058
Sensor 03
	current loss= 0.000237
Iteration 36
	total loss= 0.005634
Current scene parameters:
 	{'mat-PlaneBsdf.brdf_0.reflectance.color0.value': [[0.4000000059604645, 0.4000000059604645, 0.4000000059604645]], 'mat-PlaneBsdf.brdf_0.reflectance.color1.value': [[0.20000000298023224, 0.20000000298023224, 0.20000000298023224]], 'mat-ObjectBsdf.eta': [1.5824933052062988], 'mat-ObjectBsdf.alpha.value': [0.015081650577485561], 'medium1.albedo.data': TensorXf(shape=(16, 16, 16, 3)), 'medium1.sigma_t.value.value': [0.3269674479961395], 'emitter-envmap.scale': [1.0], 'PLYMesh.vertex_positions': [-23.38309669494629, 0.0, 23.38309669494629, 23.38309669494629, 0.0, 23.38309669494629, 23.38309669494629, 0.0, -23.38309669494629, -23.38309669494629, 0.0, -23.38309669494629], 'PLYMesh_1.vertex_positions': [0.06771976500749588, 2.719545364379883, 2.2474188804626465, 0.07067764550447464, 2.7316184043884277, .. 486902 skipped .., 1.834144949913025, 1.140721082687378, 1.3816357851028442, 1.8345913887023926, 1.1410837173461914]}
Sensor 00
	current loss= 0.000956
Sensor 01
	current loss= 0.000086
Sensor 02
	current loss= 0.006318
Sensor 03
	current loss= 0.000203
Iteration 37
	total loss= 0.007563
Current scene parameters:
 	{'mat-PlaneBsdf.brdf_0.reflectance.color0.value': [[0.4000000059604645, 0.4000000059604645, 0.4000000059604645]], 'mat-PlaneBsdf.brdf_0.reflectance.color1.value': [[0.20000000298023224, 0.20000000298023224, 0.20000000298023224]], 'mat-ObjectBsdf.eta': [1.596911907196045], 'mat-ObjectBsdf.alpha.value': [0.024833781644701958], 'medium1.albedo.data': TensorXf(shape=(16, 16, 16, 3)), 'medium1.sigma_t.value.value': [0.3356337249279022], 'emitter-envmap.scale': [1.0], 'PLYMesh.vertex_positions': [-23.38309669494629, 0.0, 23.38309669494629, 23.38309669494629, 0.0, 23.38309669494629, 23.38309669494629, 0.0, -23.38309669494629, -23.38309669494629, 0.0, -23.38309669494629], 'PLYMesh_1.vertex_positions': [0.06771976500749588, 2.719545364379883, 2.2474188804626465, 0.07067764550447464, 2.7316184043884277, .. 486902 skipped .., 1.834144949913025, 1.140721082687378, 1.3816357851028442, 1.8345913887023926, 1.1410837173461914]}
Sensor 00
	current loss= 0.001419
Sensor 01
	current loss= 0.000129
Sensor 02
	current loss= 0.005638
Sensor 03
	current loss= 0.000225
Iteration 38
	total loss= 0.007410
Current scene parameters:
 	{'mat-PlaneBsdf.brdf_0.reflectance.color0.value': [[0.4000000059604645, 0.4000000059604645, 0.4000000059604645]], 'mat-PlaneBsdf.brdf_0.reflectance.color1.value': [[0.20000000298023224, 0.20000000298023224, 0.20000000298023224]], 'mat-ObjectBsdf.eta': [1.6019740104675293], 'mat-ObjectBsdf.alpha.value': [0.015118110924959183], 'medium1.albedo.data': TensorXf(shape=(16, 16, 16, 3)), 'medium1.sigma_t.value.value': [0.3590434491634369], 'emitter-envmap.scale': [1.0], 'PLYMesh.vertex_positions': [-23.38309669494629, 0.0, 23.38309669494629, 23.38309669494629, 0.0, 23.38309669494629, 23.38309669494629, 0.0, -23.38309669494629, -23.38309669494629, 0.0, -23.38309669494629], 'PLYMesh_1.vertex_positions': [0.06771976500749588, 2.719545364379883, 2.2474188804626465, 0.07067764550447464, 2.7316184043884277, .. 486902 skipped .., 1.834144949913025, 1.140721082687378, 1.3816357851028442, 1.8345913887023926, 1.1410837173461914]}
Sensor 00
	current loss= 0.001413
Sensor 01
	current loss= 0.000018
Sensor 02
	current loss= 0.002821
Sensor 03
	current loss= 0.000246
Iteration 39
	total loss= 0.004497
Current scene parameters:
 	{'mat-PlaneBsdf.brdf_0.reflectance.color0.value': [[0.4000000059604645, 0.4000000059604645, 0.4000000059604645]], 'mat-PlaneBsdf.brdf_0.reflectance.color1.value': [[0.20000000298023224, 0.20000000298023224, 0.20000000298023224]], 'mat-ObjectBsdf.eta': [1.6025028228759766], 'mat-ObjectBsdf.alpha.value': [0.008024733513593674], 'medium1.albedo.data': TensorXf(shape=(16, 16, 16, 3)), 'medium1.sigma_t.value.value': [0.35156556963920593], 'emitter-envmap.scale': [1.0], 'PLYMesh.vertex_positions': [-23.38309669494629, 0.0, 23.38309669494629, 23.38309669494629, 0.0, 23.38309669494629, 23.38309669494629, 0.0, -23.38309669494629, -23.38309669494629, 0.0, -23.38309669494629], 'PLYMesh_1.vertex_positions': [0.06771976500749588, 2.719545364379883, 2.2474188804626465, 0.07067764550447464, 2.7316184043884277, .. 486902 skipped .., 1.834144949913025, 1.140721082687378, 1.3816357851028442, 1.8345913887023926, 1.1410837173461914]}
Sensor 00
	current loss= 0.001281
Sensor 01
	current loss= 0.000032
Sensor 02
	current loss= 0.002436
Sensor 03
	current loss= 0.000179
Iteration 40
	total loss= 0.003929
Current scene parameters:
 	{'mat-PlaneBsdf.brdf_0.reflectance.color0.value': [[0.4000000059604645, 0.4000000059604645, 0.4000000059604645]], 'mat-PlaneBsdf.brdf_0.reflectance.color1.value': [[0.20000000298023224, 0.20000000298023224, 0.20000000298023224]], 'mat-ObjectBsdf.eta': [1.5941137075424194], 'mat-ObjectBsdf.alpha.value': [0.007945684716105461], 'medium1.albedo.data': TensorXf(shape=(16, 16, 16, 3)), 'medium1.sigma_t.value.value': [0.32806384563446045], 'emitter-envmap.scale': [1.0], 'PLYMesh.vertex_positions': [-23.38309669494629, 0.0, 23.38309669494629, 23.38309669494629, 0.0, 23.38309669494629, 23.38309669494629, 0.0, -23.38309669494629, -23.38309669494629, 0.0, -23.38309669494629], 'PLYMesh_1.vertex_positions': [0.06771976500749588, 2.719545364379883, 2.2474188804626465, 0.07067764550447464, 2.7316184043884277, .. 486902 skipped .., 1.834144949913025, 1.140721082687378, 1.3816357851028442, 1.8345913887023926, 1.1410837173461914]}
Sensor 00
	current loss= 0.001116
Sensor 01
	current loss= 0.000022
Sensor 02
	current loss= 0.002450
Sensor 03
	current loss= 0.000238
Iteration 41
	total loss= 0.003826
Current scene parameters:
 	{'mat-PlaneBsdf.brdf_0.reflectance.color0.value': [[0.4000000059604645, 0.4000000059604645, 0.4000000059604645]], 'mat-PlaneBsdf.brdf_0.reflectance.color1.value': [[0.20000000298023224, 0.20000000298023224, 0.20000000298023224]], 'mat-ObjectBsdf.eta': [1.5828206539154053], 'mat-ObjectBsdf.alpha.value': [0.006940149236470461], 'medium1.albedo.data': TensorXf(shape=(16, 16, 16, 3)), 'medium1.sigma_t.value.value': [0.3160245716571808], 'emitter-envmap.scale': [1.0], 'PLYMesh.vertex_positions': [-23.38309669494629, 0.0, 23.38309669494629, 23.38309669494629, 0.0, 23.38309669494629, 23.38309669494629, 0.0, -23.38309669494629, -23.38309669494629, 0.0, -23.38309669494629], 'PLYMesh_1.vertex_positions': [0.06771976500749588, 2.719545364379883, 2.2474188804626465, 0.07067764550447464, 2.7316184043884277, .. 486902 skipped .., 1.834144949913025, 1.140721082687378, 1.3816357851028442, 1.8345913887023926, 1.1410837173461914]}
Sensor 00
	current loss= 0.001111
Sensor 01
	current loss= 0.000029
Sensor 02
	current loss= 0.002621
Sensor 03
	current loss= 0.000095
Iteration 42
	total loss= 0.003856
Current scene parameters:
 	{'mat-PlaneBsdf.brdf_0.reflectance.color0.value': [[0.4000000059604645, 0.4000000059604645, 0.4000000059604645]], 'mat-PlaneBsdf.brdf_0.reflectance.color1.value': [[0.20000000298023224, 0.20000000298023224, 0.20000000298023224]], 'mat-ObjectBsdf.eta': [1.5656541585922241], 'mat-ObjectBsdf.alpha.value': [0.004620695952326059], 'medium1.albedo.data': TensorXf(shape=(16, 16, 16, 3)), 'medium1.sigma_t.value.value': [0.33815139532089233], 'emitter-envmap.scale': [1.0], 'PLYMesh.vertex_positions': [-23.38309669494629, 0.0, 23.38309669494629, 23.38309669494629, 0.0, 23.38309669494629, 23.38309669494629, 0.0, -23.38309669494629, -23.38309669494629, 0.0, -23.38309669494629], 'PLYMesh_1.vertex_positions': [0.06771976500749588, 2.719545364379883, 2.2474188804626465, 0.07067764550447464, 2.7316184043884277, .. 486902 skipped .., 1.834144949913025, 1.140721082687378, 1.3816357851028442, 1.8345913887023926, 1.1410837173461914]}
Sensor 00
	current loss= 0.000961
Sensor 01
	current loss= -0.000002
Sensor 02
	current loss= 0.002072
Sensor 03
	current loss= 0.000082
Iteration 43
	total loss= 0.003114
Current scene parameters:
 	{'mat-PlaneBsdf.brdf_0.reflectance.color0.value': [[0.4000000059604645, 0.4000000059604645, 0.4000000059604645]], 'mat-PlaneBsdf.brdf_0.reflectance.color1.value': [[0.20000000298023224, 0.20000000298023224, 0.20000000298023224]], 'mat-ObjectBsdf.eta': [1.5527461767196655], 'mat-ObjectBsdf.alpha.value': [0.014837649650871754], 'medium1.albedo.data': TensorXf(shape=(16, 16, 16, 3)), 'medium1.sigma_t.value.value': [0.36222389340400696], 'emitter-envmap.scale': [1.0], 'PLYMesh.vertex_positions': [-23.38309669494629, 0.0, 23.38309669494629, 23.38309669494629, 0.0, 23.38309669494629, 23.38309669494629, 0.0, -23.38309669494629, -23.38309669494629, 0.0, -23.38309669494629], 'PLYMesh_1.vertex_positions': [0.06771976500749588, 2.719545364379883, 2.2474188804626465, 0.07067764550447464, 2.7316184043884277, .. 486902 skipped .., 1.834144949913025, 1.140721082687378, 1.3816357851028442, 1.8345913887023926, 1.1410837173461914]}
Sensor 00
	current loss= 0.000926
Sensor 01
	current loss= 0.000009
Sensor 02
	current loss= 0.002845
Sensor 03
	current loss= 0.000103
Iteration 44
	total loss= 0.003883
Current scene parameters:
 	{'mat-PlaneBsdf.brdf_0.reflectance.color0.value': [[0.4000000059604645, 0.4000000059604645, 0.4000000059604645]], 'mat-PlaneBsdf.brdf_0.reflectance.color1.value': [[0.20000000298023224, 0.20000000298023224, 0.20000000298023224]], 'mat-ObjectBsdf.eta': [1.5416423082351685], 'mat-ObjectBsdf.alpha.value': [0.015053203329443932], 'medium1.albedo.data': TensorXf(shape=(16, 16, 16, 3)), 'medium1.sigma_t.value.value': [0.3729976415634155], 'emitter-envmap.scale': [1.0], 'PLYMesh.vertex_positions': [-23.38309669494629, 0.0, 23.38309669494629, 23.38309669494629, 0.0, 23.38309669494629, 23.38309669494629, 0.0, -23.38309669494629, -23.38309669494629, 0.0, -23.38309669494629], 'PLYMesh_1.vertex_positions': [0.06771976500749588, 2.719545364379883, 2.2474188804626465, 0.07067764550447464, 2.7316184043884277, .. 486902 skipped .., 1.834144949913025, 1.140721082687378, 1.3816357851028442, 1.8345913887023926, 1.1410837173461914]}
Sensor 00
	current loss= 0.000751
Sensor 01
	current loss= 0.000077
Sensor 02
	current loss= 0.001724
Sensor 03
	current loss= 0.000175
Iteration 45
	total loss= 0.002728
Current scene parameters:
 	{'mat-PlaneBsdf.brdf_0.reflectance.color0.value': [[0.4000000059604645, 0.4000000059604645, 0.4000000059604645]], 'mat-PlaneBsdf.brdf_0.reflectance.color1.value': [[0.20000000298023224, 0.20000000298023224, 0.20000000298023224]], 'mat-ObjectBsdf.eta': [1.528699517250061], 'mat-ObjectBsdf.alpha.value': [0.010064547881484032], 'medium1.albedo.data': TensorXf(shape=(16, 16, 16, 3)), 'medium1.sigma_t.value.value': [0.37211865186691284], 'emitter-envmap.scale': [1.0], 'PLYMesh.vertex_positions': [-23.38309669494629, 0.0, 23.38309669494629, 23.38309669494629, 0.0, 23.38309669494629, 23.38309669494629, 0.0, -23.38309669494629, -23.38309669494629, 0.0, -23.38309669494629], 'PLYMesh_1.vertex_positions': [0.06771976500749588, 2.719545364379883, 2.2474188804626465, 0.07067764550447464, 2.7316184043884277, .. 486902 skipped .., 1.834144949913025, 1.140721082687378, 1.3816357851028442, 1.8345913887023926, 1.1410837173461914]}
Sensor 00
	current loss= 0.000831
Sensor 01
	current loss= -0.000023
Sensor 02
	current loss= 0.001378
Sensor 03
	current loss= 0.000066
Iteration 46
	total loss= 0.002252
Current scene parameters:
 	{'mat-PlaneBsdf.brdf_0.reflectance.color0.value': [[0.4000000059604645, 0.4000000059604645, 0.4000000059604645]], 'mat-PlaneBsdf.brdf_0.reflectance.color1.value': [[0.20000000298023224, 0.20000000298023224, 0.20000000298023224]], 'mat-ObjectBsdf.eta': [1.5099732875823975], 'mat-ObjectBsdf.alpha.value': [0.011397709138691425], 'medium1.albedo.data': TensorXf(shape=(16, 16, 16, 3)), 'medium1.sigma_t.value.value': [0.3677385151386261], 'emitter-envmap.scale': [1.0], 'PLYMesh.vertex_positions': [-23.38309669494629, 0.0, 23.38309669494629, 23.38309669494629, 0.0, 23.38309669494629, 23.38309669494629, 0.0, -23.38309669494629, -23.38309669494629, 0.0, -23.38309669494629], 'PLYMesh_1.vertex_positions': [0.06771976500749588, 2.719545364379883, 2.2474188804626465, 0.07067764550447464, 2.7316184043884277, .. 486902 skipped .., 1.834144949913025, 1.140721082687378, 1.3816357851028442, 1.8345913887023926, 1.1410837173461914]}
Sensor 00
	current loss= 0.000478
Sensor 01
	current loss= 0.000086
Sensor 02
	current loss= 0.001611
Sensor 03
	current loss= 0.000099
Iteration 47
	total loss= 0.002274
Current scene parameters:
 	{'mat-PlaneBsdf.brdf_0.reflectance.color0.value': [[0.4000000059604645, 0.4000000059604645, 0.4000000059604645]], 'mat-PlaneBsdf.brdf_0.reflectance.color1.value': [[0.20000000298023224, 0.20000000298023224, 0.20000000298023224]], 'mat-ObjectBsdf.eta': [1.4953700304031372], 'mat-ObjectBsdf.alpha.value': [0.012289845384657383], 'medium1.albedo.data': TensorXf(shape=(16, 16, 16, 3)), 'medium1.sigma_t.value.value': [0.3558739125728607], 'emitter-envmap.scale': [1.0], 'PLYMesh.vertex_positions': [-23.38309669494629, 0.0, 23.38309669494629, 23.38309669494629, 0.0, 23.38309669494629, 23.38309669494629, 0.0, -23.38309669494629, -23.38309669494629, 0.0, -23.38309669494629], 'PLYMesh_1.vertex_positions': [0.06771976500749588, 2.719545364379883, 2.2474188804626465, 0.07067764550447464, 2.7316184043884277, .. 486902 skipped .., 1.834144949913025, 1.140721082687378, 1.3816357851028442, 1.8345913887023926, 1.1410837173461914]}
Sensor 00
	current loss= 0.000386
Sensor 01
	current loss= 0.000008
Sensor 02
	current loss= 0.001258
Sensor 03
	current loss= 0.000174
Iteration 48
	total loss= 0.001826
Current scene parameters:
 	{'mat-PlaneBsdf.brdf_0.reflectance.color0.value': [[0.4000000059604645, 0.4000000059604645, 0.4000000059604645]], 'mat-PlaneBsdf.brdf_0.reflectance.color1.value': [[0.20000000298023224, 0.20000000298023224, 0.20000000298023224]], 'mat-ObjectBsdf.eta': [1.486915946006775], 'mat-ObjectBsdf.alpha.value': [0.009846755303442478], 'medium1.albedo.data': TensorXf(shape=(16, 16, 16, 3)), 'medium1.sigma_t.value.value': [0.34905317425727844], 'emitter-envmap.scale': [1.0], 'PLYMesh.vertex_positions': [-23.38309669494629, 0.0, 23.38309669494629, 23.38309669494629, 0.0, 23.38309669494629, 23.38309669494629, 0.0, -23.38309669494629, -23.38309669494629, 0.0, -23.38309669494629], 'PLYMesh_1.vertex_positions': [0.06771976500749588, 2.719545364379883, 2.2474188804626465, 0.07067764550447464, 2.7316184043884277, .. 486902 skipped .., 1.834144949913025, 1.140721082687378, 1.3816357851028442, 1.8345913887023926, 1.1410837173461914]}
Sensor 00
	current loss= 0.000512
Sensor 01
	current loss= -0.000009
Sensor 02
	current loss= 0.001801
Sensor 03
	current loss= 0.000158
Iteration 49
	total loss= 0.002463
Current scene parameters:
 	{'mat-PlaneBsdf.brdf_0.reflectance.color0.value': [[0.4000000059604645, 0.4000000059604645, 0.4000000059604645]], 'mat-PlaneBsdf.brdf_0.reflectance.color1.value': [[0.20000000298023224, 0.20000000298023224, 0.20000000298023224]], 'mat-ObjectBsdf.eta': [1.4642540216445923], 'mat-ObjectBsdf.alpha.value': [0.015546542592346668], 'medium1.albedo.data': TensorXf(shape=(16, 16, 16, 3)), 'medium1.sigma_t.value.value': [0.3457096517086029], 'emitter-envmap.scale': [1.0], 'PLYMesh.vertex_positions': [-23.38309669494629, 0.0, 23.38309669494629, 23.38309669494629, 0.0, 23.38309669494629, 23.38309669494629, 0.0, -23.38309669494629, -23.38309669494629, 0.0, -23.38309669494629], 'PLYMesh_1.vertex_positions': [0.06771976500749588, 2.719545364379883, 2.2474188804626465, 0.07067764550447464, 2.7316184043884277, .. 486902 skipped .., 1.834144949913025, 1.140721082687378, 1.3816357851028442, 1.8345913887023926, 1.1410837173461914]}
Optimization loop end. Elapsed time: 146.326s
Initial scene parameters:
 {'mat-PlaneBsdf.brdf_0.reflectance.color0.value': [[0.4000000059604645, 0.4000000059604645, 0.4000000059604645]], 'mat-PlaneBsdf.brdf_0.reflectance.color1.value': [[0.20000000298023224, 0.20000000298023224, 0.20000000298023224]], 'mat-ObjectBsdf.eta': [1.610267996788025], 'mat-ObjectBsdf.alpha.value': [0.007150613237172365], 'medium1.albedo.data': TensorXf(shape=(16, 16, 16, 3)), 'medium1.sigma_t.value.value': [0.34232667088508606], 'emitter-envmap.scale': [1.0], 'PLYMesh.vertex_positions': [-23.38309669494629, 0.0, 23.38309669494629, 23.38309669494629, 0.0, 23.38309669494629, 23.38309669494629, 0.0, -23.38309669494629, -23.38309669494629, 0.0, -23.38309669494629], 'PLYMesh_1.vertex_positions': [0.06771976500749588, 2.719545364379883, 2.2474188804626465, 0.07067764550447464, 2.7316184043884277, .. 486902 skipped .., 1.834144949913025, 1.140721082687378, 1.3816357851028442, 1.8345913887023926, 1.1410837173461914]}
End scene parameters:
 {'mat-PlaneBsdf.brdf_0.reflectance.color0.value': [[0.4000000059604645, 0.4000000059604645, 0.4000000059604645]], 'mat-PlaneBsdf.brdf_0.reflectance.color1.value': [[0.20000000298023224, 0.20000000298023224, 0.20000000298023224]], 'mat-ObjectBsdf.eta': [1.4642540216445923], 'mat-ObjectBsdf.alpha.value': [0.015546542592346668], 'medium1.albedo.data': TensorXf(shape=(16, 16, 16, 3)), 'medium1.sigma_t.value.value': [0.3457096517086029], 'emitter-envmap.scale': [1.0], 'PLYMesh.vertex_positions': [-23.38309669494629, 0.0, 23.38309669494629, 23.38309669494629, 0.0, 23.38309669494629, 23.38309669494629, 0.0, -23.38309669494629, -23.38309669494629, 0.0, -23.38309669494629], 'PLYMesh_1.vertex_positions': [0.06771976500749588, 2.719545364379883, 2.2474188804626465, 0.07067764550447464, 2.7316184043884277, .. 486902 skipped .., 1.834144949913025, 1.140721082687378, 1.3816357851028442, 1.8345913887023926, 1.1410837173461914]}
Hyperparameters:
	minimum error:0.001,
	spp:4,
	optimization func.:Deng et al. Dual Buffer Method,
	iteraration count:50
Optimization parameters:
 	{'mat-PlaneBsdf.brdf_0.reflectance.color0.value': {'Learning Rate': 0.03, 'Min. Clamp Value': 0.001, 'Max. Clamp Value': 0.999, 'Optimize': False}, 'mat-PlaneBsdf.brdf_0.reflectance.color1.value': {'Learning Rate': 0.03, 'Min. Clamp Value': 0.001, 'Max. Clamp Value': 0.999, 'Optimize': False}, 'mat-ObjectBsdf.eta': {'Learning Rate': 0.03, 'Min. Clamp Value': 0.001, 'Max. Clamp Value': 4.1, 'Optimize': False}, 'mat-ObjectBsdf.alpha.value': {'Learning Rate': 0.03, 'Min. Clamp Value': 0.001, 'Max. Clamp Value': 0.7, 'Optimize': False}, 'medium1.albedo.data': {'Learning Rate': 0.03, 'Min. Clamp Value': 0.001, 'Max. Clamp Value': 0.999, 'Optimize': False}, 'medium1.sigma_t.value.value': {'Learning Rate': 0.03, 'Min. Clamp Value': 0.001, 'Max. Clamp Value': 0.999, 'Optimize': False}, 'emitter-envmap.scale': {'Learning Rate': 0.03, 'Min. Clamp Value': 0.001, 'Max. Clamp Value': 100, 'Optimize': False}, 'PLYMesh.vertex_positions': {'Learning Rate': 0.03, 'Min. Clamp Value': -10.0, 'Max. Clamp Value': 10.0, 'Optimize': False}, 'PLYMesh_1.vertex_positions': {'Learning Rate': 0.03, 'Min. Clamp Value': -10.0, 'Max. Clamp Value': 10.0, 'Optimize': False}}