Optimization loop begin
Iteration 00
	total loss= 0.496225
Current scene parameters:
 	{'mat-Shape.brdf_0.clearcoat.value': [0.0], 'mat-Shape.brdf_0.clearcoat_gloss.value': [0.17320500314235687], 'mat-Shape.brdf_0.metallic.value': [0.0], 'mat-Shape.brdf_0.specular': [0.5299997925758362], 'mat-Shape.brdf_0.roughness.value': [0.47000011801719666], 'mat-Shape.brdf_0.base_color.data': TensorXf(shape=(512, 512, 3)), 'mat-Shape.brdf_0.anisotropic.value': [0.0], 'mat-Shape.brdf_0.spec_tint.value': [0.0], 'mat-Shape.brdf_0.sheen.value': [0.0], 'mat-Shape.brdf_0.sheen_tint.value': [0.5], 'mat-Shape.brdf_0.spec_trans.value': [0.0], 'mat-Shape.brdf_0.flatness.value': [0.0], 'ConstantBackgroundEmitter.radiance.value': [1.0], 'PLYMesh.vertex_positions': [-0.2045213282108307, -0.8862714767456055, 9.5161714553833, -0.19295063614845276, -0.8851433992385864, .. 243074 skipped .., 0.6301068067550659, 9.9350004196167, 0.16527190804481506, 0.6277757883071899, 9.950825691223145]}
Iteration 01
	total loss= 0.469388
Current scene parameters:
 	{'mat-Shape.brdf_0.clearcoat.value': [0.0], 'mat-Shape.brdf_0.clearcoat_gloss.value': [0.17320500314235687], 'mat-Shape.brdf_0.metallic.value': [0.0], 'mat-Shape.brdf_0.specular': [0.5598580837249756], 'mat-Shape.brdf_0.roughness.value': [0.4402019679546356], 'mat-Shape.brdf_0.base_color.data': TensorXf(shape=(512, 512, 3)), 'mat-Shape.brdf_0.anisotropic.value': [0.0], 'mat-Shape.brdf_0.spec_tint.value': [0.0], 'mat-Shape.brdf_0.sheen.value': [0.0], 'mat-Shape.brdf_0.sheen_tint.value': [0.5], 'mat-Shape.brdf_0.spec_trans.value': [0.0], 'mat-Shape.brdf_0.flatness.value': [0.0], 'ConstantBackgroundEmitter.radiance.value': [1.0], 'PLYMesh.vertex_positions': [-0.20372912287712097, -0.8854812979698181, 9.516861915588379, -0.19228169322013855, -0.8845494389533997, .. 243074 skipped .., 0.6293064951896667, 9.934284210205078, 0.16507606208324432, 0.6275745630264282, 9.950605392456055]}
Iteration 02
	total loss= 0.444121
Current scene parameters:
 	{'mat-Shape.brdf_0.clearcoat.value': [0.0], 'mat-Shape.brdf_0.clearcoat_gloss.value': [0.17320500314235687], 'mat-Shape.brdf_0.metallic.value': [0.0], 'mat-Shape.brdf_0.specular': [0.5895436406135559], 'mat-Shape.brdf_0.roughness.value': [0.41037943959236145], 'mat-Shape.brdf_0.base_color.data': TensorXf(shape=(512, 512, 3)), 'mat-Shape.brdf_0.anisotropic.value': [0.0], 'mat-Shape.brdf_0.spec_tint.value': [0.0], 'mat-Shape.brdf_0.sheen.value': [0.0], 'mat-Shape.brdf_0.sheen_tint.value': [0.5], 'mat-Shape.brdf_0.spec_trans.value': [0.0], 'mat-Shape.brdf_0.flatness.value': [0.0], 'ConstantBackgroundEmitter.radiance.value': [1.0], 'PLYMesh.vertex_positions': [-0.20293192565441132, -0.8846870064735413, 9.517345428466797, -0.19159971177577972, -0.8838697671890259, .. 243074 skipped .., 0.628504753112793, 9.933541297912598, 0.16497425734996796, 0.6272076368331909, 9.950315475463867]}
Iteration 03
	total loss= 0.423122
Current scene parameters:
 	{'mat-Shape.brdf_0.clearcoat.value': [0.0], 'mat-Shape.brdf_0.clearcoat_gloss.value': [0.17320500314235687], 'mat-Shape.brdf_0.metallic.value': [0.0], 'mat-Shape.brdf_0.specular': [0.618996798992157], 'mat-Shape.brdf_0.roughness.value': [0.38072121143341064], 'mat-Shape.brdf_0.base_color.data': TensorXf(shape=(512, 512, 3)), 'mat-Shape.brdf_0.anisotropic.value': [0.0], 'mat-Shape.brdf_0.spec_tint.value': [0.0], 'mat-Shape.brdf_0.sheen.value': [0.0], 'mat-Shape.brdf_0.sheen_tint.value': [0.5], 'mat-Shape.brdf_0.spec_trans.value': [0.0], 'mat-Shape.brdf_0.flatness.value': [0.0], 'ConstantBackgroundEmitter.radiance.value': [1.0], 'PLYMesh.vertex_positions': [-0.20277954638004303, -0.8843538165092468, 9.517216682434082, -0.19092288613319397, -0.8832919597625732, .. 243074 skipped .., 0.6285467743873596, 9.933837890625, 0.16534754633903503, 0.6266578435897827, 9.949800491333008]}
Iteration 04
	total loss= 0.402002
Current scene parameters:
 	{'mat-Shape.brdf_0.clearcoat.value': [0.0], 'mat-Shape.brdf_0.clearcoat_gloss.value': [0.17320500314235687], 'mat-Shape.brdf_0.metallic.value': [0.0], 'mat-Shape.brdf_0.specular': [0.6481358408927917], 'mat-Shape.brdf_0.roughness.value': [0.35124436020851135], 'mat-Shape.brdf_0.base_color.data': TensorXf(shape=(512, 512, 3)), 'mat-Shape.brdf_0.anisotropic.value': [0.0], 'mat-Shape.brdf_0.spec_tint.value': [0.0], 'mat-Shape.brdf_0.sheen.value': [0.0], 'mat-Shape.brdf_0.sheen_tint.value': [0.5], 'mat-Shape.brdf_0.spec_trans.value': [0.0], 'mat-Shape.brdf_0.flatness.value': [0.0], 'ConstantBackgroundEmitter.radiance.value': [1.0], 'PLYMesh.vertex_positions': [-0.20265866816043854, -0.8841102123260498, 9.516818046569824, -0.19021622836589813, -0.882657527923584, .. 243074 skipped .., 0.6284661889076233, 9.934220314025879, 0.16565260291099548, 0.6261665225028992, 9.949197769165039]}
Iteration 05
	total loss= 0.383528
Current scene parameters:
 	{'mat-Shape.brdf_0.clearcoat.value': [0.0], 'mat-Shape.brdf_0.clearcoat_gloss.value': [0.17320500314235687], 'mat-Shape.brdf_0.metallic.value': [0.0], 'mat-Shape.brdf_0.specular': [0.6769160628318787], 'mat-Shape.brdf_0.roughness.value': [0.3222314417362213], 'mat-Shape.brdf_0.base_color.data': TensorXf(shape=(512, 512, 3)), 'mat-Shape.brdf_0.anisotropic.value': [0.0], 'mat-Shape.brdf_0.spec_tint.value': [0.0], 'mat-Shape.brdf_0.sheen.value': [0.0], 'mat-Shape.brdf_0.sheen_tint.value': [0.5], 'mat-Shape.brdf_0.spec_trans.value': [0.0], 'mat-Shape.brdf_0.flatness.value': [0.0], 'ConstantBackgroundEmitter.radiance.value': [1.0], 'PLYMesh.vertex_positions': [-0.20277906954288483, -0.884023129940033, 9.516321182250977, -0.189509317278862, -0.8820238709449768, .. 243074 skipped .., 0.6284163594245911, 9.934698104858398, 0.16588883101940155, 0.6258048415184021, 9.948923110961914]}
Iteration 06
	total loss= 0.370249
Current scene parameters:
 	{'mat-Shape.brdf_0.clearcoat.value': [0.0], 'mat-Shape.brdf_0.clearcoat_gloss.value': [0.17320500314235687], 'mat-Shape.brdf_0.metallic.value': [0.0], 'mat-Shape.brdf_0.specular': [0.7053313851356506], 'mat-Shape.brdf_0.roughness.value': [0.29334214329719543], 'mat-Shape.brdf_0.base_color.data': TensorXf(shape=(512, 512, 3)), 'mat-Shape.brdf_0.anisotropic.value': [0.0], 'mat-Shape.brdf_0.spec_tint.value': [0.0], 'mat-Shape.brdf_0.sheen.value': [0.0], 'mat-Shape.brdf_0.sheen_tint.value': [0.5], 'mat-Shape.brdf_0.spec_trans.value': [0.0], 'mat-Shape.brdf_0.flatness.value': [0.0], 'ConstantBackgroundEmitter.radiance.value': [1.0], 'PLYMesh.vertex_positions': [-0.20293840765953064, -0.883975625038147, 9.515868186950684, -0.18892230093479156, -0.8814049363136292, .. 243074 skipped .., 0.6281728148460388, 9.934927940368652, 0.16633903980255127, 0.6253044009208679, 9.948545455932617]}
Iteration 07
	total loss= 0.356553
Current scene parameters:
 	{'mat-Shape.brdf_0.clearcoat.value': [0.0], 'mat-Shape.brdf_0.clearcoat_gloss.value': [0.17320500314235687], 'mat-Shape.brdf_0.metallic.value': [0.0], 'mat-Shape.brdf_0.specular': [0.7333570122718811], 'mat-Shape.brdf_0.roughness.value': [0.2647777795791626], 'mat-Shape.brdf_0.base_color.data': TensorXf(shape=(512, 512, 3)), 'mat-Shape.brdf_0.anisotropic.value': [0.0], 'mat-Shape.brdf_0.spec_tint.value': [0.0], 'mat-Shape.brdf_0.sheen.value': [0.0], 'mat-Shape.brdf_0.sheen_tint.value': [0.5], 'mat-Shape.brdf_0.spec_trans.value': [0.0], 'mat-Shape.brdf_0.flatness.value': [0.0], 'ConstantBackgroundEmitter.radiance.value': [1.0], 'PLYMesh.vertex_positions': [-0.20315344631671906, -0.8839092254638672, 9.515357971191406, -0.18866021931171417, -0.8811884522438049, .. 243074 skipped .., 0.6281059980392456, 9.935107231140137, 0.1664152890443802, 0.6249512434005737, 9.948744773864746]}
Iteration 08
	total loss= 0.342907
Current scene parameters:
 	{'mat-Shape.brdf_0.clearcoat.value': [0.0], 'mat-Shape.brdf_0.clearcoat_gloss.value': [0.17320500314235687], 'mat-Shape.brdf_0.metallic.value': [0.0], 'mat-Shape.brdf_0.specular': [0.7609359622001648], 'mat-Shape.brdf_0.roughness.value': [0.23686960339546204], 'mat-Shape.brdf_0.base_color.data': TensorXf(shape=(512, 512, 3)), 'mat-Shape.brdf_0.anisotropic.value': [0.0], 'mat-Shape.brdf_0.spec_tint.value': [0.0], 'mat-Shape.brdf_0.sheen.value': [0.0], 'mat-Shape.brdf_0.sheen_tint.value': [0.5], 'mat-Shape.brdf_0.spec_trans.value': [0.0], 'mat-Shape.brdf_0.flatness.value': [0.0], 'ConstantBackgroundEmitter.radiance.value': [1.0], 'PLYMesh.vertex_positions': [-0.20290066301822662, -0.8835331201553345, 9.515385627746582, -0.18856677412986755, -0.88117915391922, .. 243074 skipped .., 0.627817690372467, 9.935070991516113, 0.16641846299171448, 0.6247143745422363, 9.948899269104004]}
Iteration 09
	total loss= 0.330004
Current scene parameters:
 	{'mat-Shape.brdf_0.clearcoat.value': [0.0], 'mat-Shape.brdf_0.clearcoat_gloss.value': [0.17320500314235687], 'mat-Shape.brdf_0.metallic.value': [0.0], 'mat-Shape.brdf_0.specular': [0.7879915833473206], 'mat-Shape.brdf_0.roughness.value': [0.21004942059516907], 'mat-Shape.brdf_0.base_color.data': TensorXf(shape=(512, 512, 3)), 'mat-Shape.brdf_0.anisotropic.value': [0.0], 'mat-Shape.brdf_0.spec_tint.value': [0.0], 'mat-Shape.brdf_0.sheen.value': [0.0], 'mat-Shape.brdf_0.sheen_tint.value': [0.5], 'mat-Shape.brdf_0.spec_trans.value': [0.0], 'mat-Shape.brdf_0.flatness.value': [0.0], 'ConstantBackgroundEmitter.radiance.value': [1.0], 'PLYMesh.vertex_positions': [-0.2028738558292389, -0.8833829164505005, 9.515337944030762, -0.18836548924446106, -0.8809722661972046, .. 243074 skipped .., 0.6280097365379333, 9.935367584228516, 0.16616371273994446, 0.6248441934585571, 9.949260711669922]}
Iteration 10
	total loss= 0.325647
Current scene parameters:
 	{'mat-Shape.brdf_0.clearcoat.value': [0.0], 'mat-Shape.brdf_0.clearcoat_gloss.value': [0.17320500314235687], 'mat-Shape.brdf_0.metallic.value': [0.0], 'mat-Shape.brdf_0.specular': [0.8145787715911865], 'mat-Shape.brdf_0.roughness.value': [0.1851041465997696], 'mat-Shape.brdf_0.base_color.data': TensorXf(shape=(512, 512, 3)), 'mat-Shape.brdf_0.anisotropic.value': [0.0], 'mat-Shape.brdf_0.spec_tint.value': [0.0], 'mat-Shape.brdf_0.sheen.value': [0.0], 'mat-Shape.brdf_0.sheen_tint.value': [0.5], 'mat-Shape.brdf_0.spec_trans.value': [0.0], 'mat-Shape.brdf_0.flatness.value': [0.0], 'ConstantBackgroundEmitter.radiance.value': [1.0], 'PLYMesh.vertex_positions': [-0.20279234647750854, -0.883150577545166, 9.5156888961792, -0.18809983134269714, -0.8806772232055664, .. 243074 skipped .., 0.6280044913291931, 9.935397148132324, 0.16587461531162262, 0.6251499652862549, 9.949732780456543]}
Iteration 11
	total loss= 0.317913
Current scene parameters:
 	{'mat-Shape.brdf_0.clearcoat.value': [0.0], 'mat-Shape.brdf_0.clearcoat_gloss.value': [0.17320500314235687], 'mat-Shape.brdf_0.metallic.value': [0.0], 'mat-Shape.brdf_0.specular': [0.8406621217727661], 'mat-Shape.brdf_0.roughness.value': [0.16086159646511078], 'mat-Shape.brdf_0.base_color.data': TensorXf(shape=(512, 512, 3)), 'mat-Shape.brdf_0.anisotropic.value': [0.0], 'mat-Shape.brdf_0.spec_tint.value': [0.0], 'mat-Shape.brdf_0.sheen.value': [0.0], 'mat-Shape.brdf_0.sheen_tint.value': [0.5], 'mat-Shape.brdf_0.spec_trans.value': [0.0], 'mat-Shape.brdf_0.flatness.value': [0.0], 'ConstantBackgroundEmitter.radiance.value': [1.0], 'PLYMesh.vertex_positions': [-0.20309239625930786, -0.8831183314323425, 9.51576042175293, -0.1877976804971695, -0.8802102208137512, .. 243074 skipped .., 0.6282276511192322, 9.935320854187012, 0.1661418229341507, 0.6252238154411316, 9.949384689331055]}
Iteration 12
	total loss= 0.308625
Current scene parameters:
 	{'mat-Shape.brdf_0.clearcoat.value': [0.0], 'mat-Shape.brdf_0.clearcoat_gloss.value': [0.17320500314235687], 'mat-Shape.brdf_0.metallic.value': [0.0], 'mat-Shape.brdf_0.specular': [0.866187572479248], 'mat-Shape.brdf_0.roughness.value': [0.13765765726566315], 'mat-Shape.brdf_0.base_color.data': TensorXf(shape=(512, 512, 3)), 'mat-Shape.brdf_0.anisotropic.value': [0.0], 'mat-Shape.brdf_0.spec_tint.value': [0.0], 'mat-Shape.brdf_0.sheen.value': [0.0], 'mat-Shape.brdf_0.sheen_tint.value': [0.5], 'mat-Shape.brdf_0.spec_trans.value': [0.0], 'mat-Shape.brdf_0.flatness.value': [0.0], 'ConstantBackgroundEmitter.radiance.value': [1.0], 'PLYMesh.vertex_positions': [-0.2034633904695511, -0.883202075958252, 9.515568733215332, -0.18732737004756927, -0.8796395063400269, .. 243074 skipped .., 0.6279826164245605, 9.935693740844727, 0.16649776697158813, 0.6249017715454102, 9.948943138122559]}
Iteration 13
	total loss= 0.305161
Current scene parameters:
 	{'mat-Shape.brdf_0.clearcoat.value': [0.0], 'mat-Shape.brdf_0.clearcoat_gloss.value': [0.17320500314235687], 'mat-Shape.brdf_0.metallic.value': [0.0], 'mat-Shape.brdf_0.specular': [0.8911038041114807], 'mat-Shape.brdf_0.roughness.value': [0.11672080308198929], 'mat-Shape.brdf_0.base_color.data': TensorXf(shape=(512, 512, 3)), 'mat-Shape.brdf_0.anisotropic.value': [0.0], 'mat-Shape.brdf_0.spec_tint.value': [0.0], 'mat-Shape.brdf_0.sheen.value': [0.0], 'mat-Shape.brdf_0.sheen_tint.value': [0.5], 'mat-Shape.brdf_0.spec_trans.value': [0.0], 'mat-Shape.brdf_0.flatness.value': [0.0], 'ConstantBackgroundEmitter.radiance.value': [1.0], 'PLYMesh.vertex_positions': [-0.20378877222537994, -0.8830950856208801, 9.515287399291992, -0.18684397637844086, -0.8796902298927307, .. 243074 skipped .., 0.6277677416801453, 9.936039924621582, 0.16687989234924316, 0.6245140433311462, 9.948563575744629]}
Iteration 14
	total loss= 0.296931
Current scene parameters:
 	{'mat-Shape.brdf_0.clearcoat.value': [0.0], 'mat-Shape.brdf_0.clearcoat_gloss.value': [0.17320500314235687], 'mat-Shape.brdf_0.metallic.value': [0.0], 'mat-Shape.brdf_0.specular': [0.9153464436531067], 'mat-Shape.brdf_0.roughness.value': [0.09789758175611496], 'mat-Shape.brdf_0.base_color.data': TensorXf(shape=(512, 512, 3)), 'mat-Shape.brdf_0.anisotropic.value': [0.0], 'mat-Shape.brdf_0.spec_tint.value': [0.0], 'mat-Shape.brdf_0.sheen.value': [0.0], 'mat-Shape.brdf_0.sheen_tint.value': [0.5], 'mat-Shape.brdf_0.spec_trans.value': [0.0], 'mat-Shape.brdf_0.flatness.value': [0.0], 'ConstantBackgroundEmitter.radiance.value': [1.0], 'PLYMesh.vertex_positions': [-0.20426473021507263, -0.8826993107795715, 9.51498794555664, -0.18630895018577576, -0.8798161745071411, .. 243074 skipped .., 0.6280131936073303, 9.936537742614746, 0.16739463806152344, 0.6240015625953674, 9.948074340820312]}
Iteration 15
	total loss= 0.293759
Current scene parameters:
 	{'mat-Shape.brdf_0.clearcoat.value': [0.0], 'mat-Shape.brdf_0.clearcoat_gloss.value': [0.17320500314235687], 'mat-Shape.brdf_0.metallic.value': [0.0], 'mat-Shape.brdf_0.specular': [0.9388768076896667], 'mat-Shape.brdf_0.roughness.value': [0.08210247755050659], 'mat-Shape.brdf_0.base_color.data': TensorXf(shape=(512, 512, 3)), 'mat-Shape.brdf_0.anisotropic.value': [0.0], 'mat-Shape.brdf_0.spec_tint.value': [0.0], 'mat-Shape.brdf_0.sheen.value': [0.0], 'mat-Shape.brdf_0.sheen_tint.value': [0.5], 'mat-Shape.brdf_0.spec_trans.value': [0.0], 'mat-Shape.brdf_0.flatness.value': [0.0], 'ConstantBackgroundEmitter.radiance.value': [1.0], 'PLYMesh.vertex_positions': [-0.20431600511074066, -0.8821739554405212, 9.515170097351074, -0.1862943470478058, -0.8799158930778503, .. 243074 skipped .., 0.6280822157859802, 9.937114715576172, 0.16797113418579102, 0.6234437823295593, 9.947936058044434]}
Iteration 16
	total loss= 0.287726
Current scene parameters:
 	{'mat-Shape.brdf_0.clearcoat.value': [0.0], 'mat-Shape.brdf_0.clearcoat_gloss.value': [0.17320500314235687], 'mat-Shape.brdf_0.metallic.value': [0.0], 'mat-Shape.brdf_0.specular': [0.9616119861602783], 'mat-Shape.brdf_0.roughness.value': [0.06741154193878174], 'mat-Shape.brdf_0.base_color.data': TensorXf(shape=(512, 512, 3)), 'mat-Shape.brdf_0.anisotropic.value': [0.0], 'mat-Shape.brdf_0.spec_tint.value': [0.0], 'mat-Shape.brdf_0.sheen.value': [0.0], 'mat-Shape.brdf_0.sheen_tint.value': [0.5], 'mat-Shape.brdf_0.spec_trans.value': [0.0], 'mat-Shape.brdf_0.flatness.value': [0.0], 'ConstantBackgroundEmitter.radiance.value': [1.0], 'PLYMesh.vertex_positions': [-0.20449946820735931, -0.8818913698196411, 9.514975547790527, -0.18633954226970673, -0.880142092704773, .. 243074 skipped .., 0.6282359957695007, 9.937610626220703, 0.16858911514282227, 0.6228358745574951, 9.94786548614502]}
Iteration 17
	total loss= 0.287695
Current scene parameters:
 	{'mat-Shape.brdf_0.clearcoat.value': [0.0], 'mat-Shape.brdf_0.clearcoat_gloss.value': [0.17320500314235687], 'mat-Shape.brdf_0.metallic.value': [0.0], 'mat-Shape.brdf_0.specular': [0.9835568070411682], 'mat-Shape.brdf_0.roughness.value': [0.053852107375860214], 'mat-Shape.brdf_0.base_color.data': TensorXf(shape=(512, 512, 3)), 'mat-Shape.brdf_0.anisotropic.value': [0.0], 'mat-Shape.brdf_0.spec_tint.value': [0.0], 'mat-Shape.brdf_0.sheen.value': [0.0], 'mat-Shape.brdf_0.sheen_tint.value': [0.5], 'mat-Shape.brdf_0.spec_trans.value': [0.0], 'mat-Shape.brdf_0.flatness.value': [0.0], 'ConstantBackgroundEmitter.radiance.value': [1.0], 'PLYMesh.vertex_positions': [-0.20473727583885193, -0.8817923665046692, 9.514544486999512, -0.18669943511486053, -0.8803969621658325, .. 243074 skipped .., 0.6280757784843445, 9.937874794006348, 0.16926388442516327, 0.6222242712974548, 9.94782543182373]}
Iteration 18
	total loss= 0.290724
Current scene parameters:
 	{'mat-Shape.brdf_0.clearcoat.value': [0.0], 'mat-Shape.brdf_0.clearcoat_gloss.value': [0.17320500314235687], 'mat-Shape.brdf_0.metallic.value': [0.0], 'mat-Shape.brdf_0.specular': [0.9990000128746033], 'mat-Shape.brdf_0.roughness.value': [0.04352371767163277], 'mat-Shape.brdf_0.base_color.data': TensorXf(shape=(512, 512, 3)), 'mat-Shape.brdf_0.anisotropic.value': [0.0], 'mat-Shape.brdf_0.spec_tint.value': [0.0], 'mat-Shape.brdf_0.sheen.value': [0.0], 'mat-Shape.brdf_0.sheen_tint.value': [0.5], 'mat-Shape.brdf_0.spec_trans.value': [0.0], 'mat-Shape.brdf_0.flatness.value': [0.0], 'ConstantBackgroundEmitter.radiance.value': [1.0], 'PLYMesh.vertex_positions': [-0.20476385951042175, -0.8817616701126099, 9.514254570007324, -0.18720030784606934, -0.8808481097221375, .. 243074 skipped .., 0.6276488304138184, 9.937638282775879, 0.1699327677488327, 0.6220393776893616, 9.948111534118652]}
Iteration 19
	total loss= 0.286585
Current scene parameters:
 	{'mat-Shape.brdf_0.clearcoat.value': [0.0], 'mat-Shape.brdf_0.clearcoat_gloss.value': [0.17320500314235687], 'mat-Shape.brdf_0.metallic.value': [0.0], 'mat-Shape.brdf_0.specular': [0.9990000128746033], 'mat-Shape.brdf_0.roughness.value': [0.03606698289513588], 'mat-Shape.brdf_0.base_color.data': TensorXf(shape=(512, 512, 3)), 'mat-Shape.brdf_0.anisotropic.value': [0.0], 'mat-Shape.brdf_0.spec_tint.value': [0.0], 'mat-Shape.brdf_0.sheen.value': [0.0], 'mat-Shape.brdf_0.sheen_tint.value': [0.5], 'mat-Shape.brdf_0.spec_trans.value': [0.0], 'mat-Shape.brdf_0.flatness.value': [0.0], 'ConstantBackgroundEmitter.radiance.value': [1.0], 'PLYMesh.vertex_positions': [-0.20447896420955658, -0.8814353346824646, 9.51406192779541, -0.1872210055589676, -0.8811584711074829, .. 243074 skipped .., 0.6272927522659302, 9.93743896484375, 0.17051485180854797, 0.6218680739402771, 9.948362350463867]}
Iteration 20
	total loss= 0.283834
Current scene parameters:
 	{'mat-Shape.brdf_0.clearcoat.value': [0.0], 'mat-Shape.brdf_0.clearcoat_gloss.value': [0.17320500314235687], 'mat-Shape.brdf_0.metallic.value': [0.0], 'mat-Shape.brdf_0.specular': [0.9990000128746033], 'mat-Shape.brdf_0.roughness.value': [0.03500707447528839], 'mat-Shape.brdf_0.base_color.data': TensorXf(shape=(512, 512, 3)), 'mat-Shape.brdf_0.anisotropic.value': [0.0], 'mat-Shape.brdf_0.spec_tint.value': [0.0], 'mat-Shape.brdf_0.sheen.value': [0.0], 'mat-Shape.brdf_0.sheen_tint.value': [0.5], 'mat-Shape.brdf_0.spec_trans.value': [0.0], 'mat-Shape.brdf_0.flatness.value': [0.0], 'ConstantBackgroundEmitter.radiance.value': [1.0], 'PLYMesh.vertex_positions': [-0.20478303730487823, -0.8816738128662109, 9.513636589050293, -0.18756701052188873, -0.8812780380249023, .. 243074 skipped .., 0.6272686123847961, 9.937461853027344, 0.1709282547235489, 0.621671199798584, 9.948166847229004]}
Iteration 21
	total loss= 0.286797
Current scene parameters:
 	{'mat-Shape.brdf_0.clearcoat.value': [0.0], 'mat-Shape.brdf_0.clearcoat_gloss.value': [0.17320500314235687], 'mat-Shape.brdf_0.metallic.value': [0.0], 'mat-Shape.brdf_0.specular': [0.9990000128746033], 'mat-Shape.brdf_0.roughness.value': [0.040089186280965805], 'mat-Shape.brdf_0.base_color.data': TensorXf(shape=(512, 512, 3)), 'mat-Shape.brdf_0.anisotropic.value': [0.0], 'mat-Shape.brdf_0.spec_tint.value': [0.0], 'mat-Shape.brdf_0.sheen.value': [0.0], 'mat-Shape.brdf_0.sheen_tint.value': [0.5], 'mat-Shape.brdf_0.spec_trans.value': [0.0], 'mat-Shape.brdf_0.flatness.value': [0.0], 'ConstantBackgroundEmitter.radiance.value': [1.0], 'PLYMesh.vertex_positions': [-0.20490901172161102, -0.8816069960594177, 9.513538360595703, -0.1874874234199524, -0.8809806108474731, .. 243074 skipped .., 0.627413272857666, 9.93714714050293, 0.17147420346736908, 0.6213953495025635, 9.94802188873291]}
Iteration 22
	total loss= 0.282696
Current scene parameters:
 	{'mat-Shape.brdf_0.clearcoat.value': [0.0], 'mat-Shape.brdf_0.clearcoat_gloss.value': [0.17320500314235687], 'mat-Shape.brdf_0.metallic.value': [0.0], 'mat-Shape.brdf_0.specular': [0.9990000128746033], 'mat-Shape.brdf_0.roughness.value': [0.04065753519535065], 'mat-Shape.brdf_0.base_color.data': TensorXf(shape=(512, 512, 3)), 'mat-Shape.brdf_0.anisotropic.value': [0.0], 'mat-Shape.brdf_0.spec_tint.value': [0.0], 'mat-Shape.brdf_0.sheen.value': [0.0], 'mat-Shape.brdf_0.sheen_tint.value': [0.5], 'mat-Shape.brdf_0.spec_trans.value': [0.0], 'mat-Shape.brdf_0.flatness.value': [0.0], 'ConstantBackgroundEmitter.radiance.value': [1.0], 'PLYMesh.vertex_positions': [-0.20498760044574738, -0.8815219402313232, 9.513555526733398, -0.1873088926076889, -0.8805397152900696, .. 243074 skipped .., 0.6273606419563293, 9.936851501464844, 0.17198124527931213, 0.6211468577384949, 9.947888374328613]}
Iteration 23
	total loss= 0.281330
Current scene parameters:
 	{'mat-Shape.brdf_0.clearcoat.value': [0.0], 'mat-Shape.brdf_0.clearcoat_gloss.value': [0.17320500314235687], 'mat-Shape.brdf_0.metallic.value': [0.0], 'mat-Shape.brdf_0.specular': [0.9990000128746033], 'mat-Shape.brdf_0.roughness.value': [0.039479851722717285], 'mat-Shape.brdf_0.base_color.data': TensorXf(shape=(512, 512, 3)), 'mat-Shape.brdf_0.anisotropic.value': [0.0], 'mat-Shape.brdf_0.spec_tint.value': [0.0], 'mat-Shape.brdf_0.sheen.value': [0.0], 'mat-Shape.brdf_0.sheen_tint.value': [0.5], 'mat-Shape.brdf_0.spec_trans.value': [0.0], 'mat-Shape.brdf_0.flatness.value': [0.0], 'ConstantBackgroundEmitter.radiance.value': [1.0], 'PLYMesh.vertex_positions': [-0.205410435795784, -0.8812726140022278, 9.513216972351074, -0.18686926364898682, -0.8800617456436157, .. 243074 skipped .., 0.6271826028823853, 9.93665885925293, 0.17250385880470276, 0.6207682490348816, 9.947816848754883]}
Iteration 24
	total loss= 0.277421
Current scene parameters:
 	{'mat-Shape.brdf_0.clearcoat.value': [0.0], 'mat-Shape.brdf_0.clearcoat_gloss.value': [0.17320500314235687], 'mat-Shape.brdf_0.metallic.value': [0.0], 'mat-Shape.brdf_0.specular': [0.9990000128746033], 'mat-Shape.brdf_0.roughness.value': [0.040873002260923386], 'mat-Shape.brdf_0.base_color.data': TensorXf(shape=(512, 512, 3)), 'mat-Shape.brdf_0.anisotropic.value': [0.0], 'mat-Shape.brdf_0.spec_tint.value': [0.0], 'mat-Shape.brdf_0.sheen.value': [0.0], 'mat-Shape.brdf_0.sheen_tint.value': [0.5], 'mat-Shape.brdf_0.spec_trans.value': [0.0], 'mat-Shape.brdf_0.flatness.value': [0.0], 'ConstantBackgroundEmitter.radiance.value': [1.0], 'PLYMesh.vertex_positions': [-0.20583069324493408, -0.8812192678451538, 9.512893676757812, -0.18665452301502228, -0.8798437714576721, .. 243074 skipped .., 0.6270917654037476, 9.936575889587402, 0.1730978935956955, 0.6202872395515442, 9.947989463806152]}
Iteration 25
	total loss= 0.274806
Current scene parameters:
 	{'mat-Shape.brdf_0.clearcoat.value': [0.0], 'mat-Shape.brdf_0.clearcoat_gloss.value': [0.17320500314235687], 'mat-Shape.brdf_0.metallic.value': [0.0], 'mat-Shape.brdf_0.specular': [0.9990000128746033], 'mat-Shape.brdf_0.roughness.value': [0.04343251511454582], 'mat-Shape.brdf_0.base_color.data': TensorXf(shape=(512, 512, 3)), 'mat-Shape.brdf_0.anisotropic.value': [0.0], 'mat-Shape.brdf_0.spec_tint.value': [0.0], 'mat-Shape.brdf_0.sheen.value': [0.0], 'mat-Shape.brdf_0.sheen_tint.value': [0.5], 'mat-Shape.brdf_0.spec_trans.value': [0.0], 'mat-Shape.brdf_0.flatness.value': [0.0], 'ConstantBackgroundEmitter.radiance.value': [1.0], 'PLYMesh.vertex_positions': [-0.20615261793136597, -0.8810403943061829, 9.512609481811523, -0.18644417822360992, -0.8796285390853882, .. 243074 skipped .., 0.6271251440048218, 9.936678886413574, 0.17379094660282135, 0.6197070479393005, 9.948201179504395]}
Iteration 26
	total loss= 0.270851
Current scene parameters:
 	{'mat-Shape.brdf_0.clearcoat.value': [0.0], 'mat-Shape.brdf_0.clearcoat_gloss.value': [0.17320500314235687], 'mat-Shape.brdf_0.metallic.value': [0.0], 'mat-Shape.brdf_0.specular': [0.9990000128746033], 'mat-Shape.brdf_0.roughness.value': [0.047508616000413895], 'mat-Shape.brdf_0.base_color.data': TensorXf(shape=(512, 512, 3)), 'mat-Shape.brdf_0.anisotropic.value': [0.0], 'mat-Shape.brdf_0.spec_tint.value': [0.0], 'mat-Shape.brdf_0.sheen.value': [0.0], 'mat-Shape.brdf_0.sheen_tint.value': [0.5], 'mat-Shape.brdf_0.spec_trans.value': [0.0], 'mat-Shape.brdf_0.flatness.value': [0.0], 'ConstantBackgroundEmitter.radiance.value': [1.0], 'PLYMesh.vertex_positions': [-0.20643721520900726, -0.880803108215332, 9.512350082397461, -0.1863650679588318, -0.8796785473823547, .. 243074 skipped .., 0.627140998840332, 9.936688423156738, 0.17437045276165009, 0.6191853880882263, 9.948399543762207]}
Iteration 27
	total loss= 0.269724
Current scene parameters:
 	{'mat-Shape.brdf_0.clearcoat.value': [0.0], 'mat-Shape.brdf_0.clearcoat_gloss.value': [0.17320500314235687], 'mat-Shape.brdf_0.metallic.value': [0.0], 'mat-Shape.brdf_0.specular': [0.9990000128746033], 'mat-Shape.brdf_0.roughness.value': [0.0520799346268177], 'mat-Shape.brdf_0.base_color.data': TensorXf(shape=(512, 512, 3)), 'mat-Shape.brdf_0.anisotropic.value': [0.0], 'mat-Shape.brdf_0.spec_tint.value': [0.0], 'mat-Shape.brdf_0.sheen.value': [0.0], 'mat-Shape.brdf_0.sheen_tint.value': [0.5], 'mat-Shape.brdf_0.spec_trans.value': [0.0], 'mat-Shape.brdf_0.flatness.value': [0.0], 'ConstantBackgroundEmitter.radiance.value': [1.0], 'PLYMesh.vertex_positions': [-0.20669227838516235, -0.8806267380714417, 9.512042999267578, -0.18624813854694366, -0.8795910477638245, .. 243074 skipped .., 0.6271585822105408, 9.936677932739258, 0.17470797896385193, 0.6187407374382019, 9.948487281799316]}
Iteration 28
	total loss= 0.270696
Current scene parameters:
 	{'mat-Shape.brdf_0.clearcoat.value': [0.0], 'mat-Shape.brdf_0.clearcoat_gloss.value': [0.17320500314235687], 'mat-Shape.brdf_0.metallic.value': [0.0], 'mat-Shape.brdf_0.specular': [0.9990000128746033], 'mat-Shape.brdf_0.roughness.value': [0.05875580012798309], 'mat-Shape.brdf_0.base_color.data': TensorXf(shape=(512, 512, 3)), 'mat-Shape.brdf_0.anisotropic.value': [0.0], 'mat-Shape.brdf_0.spec_tint.value': [0.0], 'mat-Shape.brdf_0.sheen.value': [0.0], 'mat-Shape.brdf_0.sheen_tint.value': [0.5], 'mat-Shape.brdf_0.spec_trans.value': [0.0], 'mat-Shape.brdf_0.flatness.value': [0.0], 'ConstantBackgroundEmitter.radiance.value': [1.0], 'PLYMesh.vertex_positions': [-0.2069144994020462, -0.8804210424423218, 9.511775016784668, -0.18606415390968323, -0.8794517517089844, .. 243074 skipped .., 0.6272340416908264, 9.936702728271484, 0.1750887930393219, 0.6183075904846191, 9.94852352142334]}
Iteration 29
	total loss= 0.269514
Current scene parameters:
 	{'mat-Shape.brdf_0.clearcoat.value': [0.0], 'mat-Shape.brdf_0.clearcoat_gloss.value': [0.17320500314235687], 'mat-Shape.brdf_0.metallic.value': [0.0], 'mat-Shape.brdf_0.specular': [0.9990000128746033], 'mat-Shape.brdf_0.roughness.value': [0.06726968288421631], 'mat-Shape.brdf_0.base_color.data': TensorXf(shape=(512, 512, 3)), 'mat-Shape.brdf_0.anisotropic.value': [0.0], 'mat-Shape.brdf_0.spec_tint.value': [0.0], 'mat-Shape.brdf_0.sheen.value': [0.0], 'mat-Shape.brdf_0.sheen_tint.value': [0.5], 'mat-Shape.brdf_0.spec_trans.value': [0.0], 'mat-Shape.brdf_0.flatness.value': [0.0], 'ConstantBackgroundEmitter.radiance.value': [1.0], 'PLYMesh.vertex_positions': [-0.20723173022270203, -0.880228579044342, 9.511539459228516, -0.18591317534446716, -0.8793356418609619, .. 243074 skipped .., 0.6272502541542053, 9.936676025390625, 0.17537111043930054, 0.6179513931274414, 9.948519706726074]}
Iteration 30
	total loss= 0.267398
Current scene parameters:
 	{'mat-Shape.brdf_0.clearcoat.value': [0.0], 'mat-Shape.brdf_0.clearcoat_gloss.value': [0.17320500314235687], 'mat-Shape.brdf_0.metallic.value': [0.0], 'mat-Shape.brdf_0.specular': [0.9990000128746033], 'mat-Shape.brdf_0.roughness.value': [0.07685926556587219], 'mat-Shape.brdf_0.base_color.data': TensorXf(shape=(512, 512, 3)), 'mat-Shape.brdf_0.anisotropic.value': [0.0], 'mat-Shape.brdf_0.spec_tint.value': [0.0], 'mat-Shape.brdf_0.sheen.value': [0.0], 'mat-Shape.brdf_0.sheen_tint.value': [0.5], 'mat-Shape.brdf_0.spec_trans.value': [0.0], 'mat-Shape.brdf_0.flatness.value': [0.0], 'ConstantBackgroundEmitter.radiance.value': [1.0], 'PLYMesh.vertex_positions': [-0.20757165551185608, -0.8802177309989929, 9.511292457580566, -0.18573084473609924, -0.8791704177856445, .. 243074 skipped .., 0.6272696256637573, 9.936634063720703, 0.17565615475177765, 0.6176162362098694, 9.948573112487793]}
Iteration 31
	total loss= 0.266690
Current scene parameters:
 	{'mat-Shape.brdf_0.clearcoat.value': [0.0], 'mat-Shape.brdf_0.clearcoat_gloss.value': [0.17320500314235687], 'mat-Shape.brdf_0.metallic.value': [0.0], 'mat-Shape.brdf_0.specular': [0.9990000128746033], 'mat-Shape.brdf_0.roughness.value': [0.08782903105020523], 'mat-Shape.brdf_0.base_color.data': TensorXf(shape=(512, 512, 3)), 'mat-Shape.brdf_0.anisotropic.value': [0.0], 'mat-Shape.brdf_0.spec_tint.value': [0.0], 'mat-Shape.brdf_0.sheen.value': [0.0], 'mat-Shape.brdf_0.sheen_tint.value': [0.5], 'mat-Shape.brdf_0.spec_trans.value': [0.0], 'mat-Shape.brdf_0.flatness.value': [0.0], 'ConstantBackgroundEmitter.radiance.value': [1.0], 'PLYMesh.vertex_positions': [-0.20781931281089783, -0.8802382946014404, 9.510988235473633, -0.185566708445549, -0.8791079521179199, .. 243074 skipped .., 0.6272751092910767, 9.93658447265625, 0.17588087916374207, 0.6173360347747803, 9.948599815368652]}
Iteration 32
	total loss= 0.268203
Current scene parameters:
 	{'mat-Shape.brdf_0.clearcoat.value': [0.0], 'mat-Shape.brdf_0.clearcoat_gloss.value': [0.17320500314235687], 'mat-Shape.brdf_0.metallic.value': [0.0], 'mat-Shape.brdf_0.specular': [0.9990000128746033], 'mat-Shape.brdf_0.roughness.value': [0.0976371094584465], 'mat-Shape.brdf_0.base_color.data': TensorXf(shape=(512, 512, 3)), 'mat-Shape.brdf_0.anisotropic.value': [0.0], 'mat-Shape.brdf_0.spec_tint.value': [0.0], 'mat-Shape.brdf_0.sheen.value': [0.0], 'mat-Shape.brdf_0.sheen_tint.value': [0.5], 'mat-Shape.brdf_0.spec_trans.value': [0.0], 'mat-Shape.brdf_0.flatness.value': [0.0], 'ConstantBackgroundEmitter.radiance.value': [1.0], 'PLYMesh.vertex_positions': [-0.20805586874485016, -0.88033527135849, 9.510636329650879, -0.18542639911174774, -0.8790507912635803, .. 243074 skipped .., 0.627214789390564, 9.936487197875977, 0.1760656088590622, 0.6170747876167297, 9.948625564575195]}
Iteration 33
	total loss= 0.268855
Current scene parameters:
 	{'mat-Shape.brdf_0.clearcoat.value': [0.0], 'mat-Shape.brdf_0.clearcoat_gloss.value': [0.17320500314235687], 'mat-Shape.brdf_0.metallic.value': [0.0], 'mat-Shape.brdf_0.specular': [0.9990000128746033], 'mat-Shape.brdf_0.roughness.value': [0.1076958179473877], 'mat-Shape.brdf_0.base_color.data': TensorXf(shape=(512, 512, 3)), 'mat-Shape.brdf_0.anisotropic.value': [0.0], 'mat-Shape.brdf_0.spec_tint.value': [0.0], 'mat-Shape.brdf_0.sheen.value': [0.0], 'mat-Shape.brdf_0.sheen_tint.value': [0.5], 'mat-Shape.brdf_0.spec_trans.value': [0.0], 'mat-Shape.brdf_0.flatness.value': [0.0], 'ConstantBackgroundEmitter.radiance.value': [1.0], 'PLYMesh.vertex_positions': [-0.20826999843120575, -0.8804144859313965, 9.51034164428711, -0.18528367578983307, -0.8789718151092529, .. 243074 skipped .., 0.6271865963935852, 9.93643569946289, 0.17621473968029022, 0.6168386340141296, 9.948630332946777]}
Iteration 34
	total loss= 0.264869
Current scene parameters:
 	{'mat-Shape.brdf_0.clearcoat.value': [0.0], 'mat-Shape.brdf_0.clearcoat_gloss.value': [0.17320500314235687], 'mat-Shape.brdf_0.metallic.value': [0.0], 'mat-Shape.brdf_0.specular': [0.9990000128746033], 'mat-Shape.brdf_0.roughness.value': [0.11937902867794037], 'mat-Shape.brdf_0.base_color.data': TensorXf(shape=(512, 512, 3)), 'mat-Shape.brdf_0.anisotropic.value': [0.0], 'mat-Shape.brdf_0.spec_tint.value': [0.0], 'mat-Shape.brdf_0.sheen.value': [0.0], 'mat-Shape.brdf_0.sheen_tint.value': [0.5], 'mat-Shape.brdf_0.spec_trans.value': [0.0], 'mat-Shape.brdf_0.flatness.value': [0.0], 'ConstantBackgroundEmitter.radiance.value': [1.0], 'PLYMesh.vertex_positions': [-0.2084936946630478, -0.8805049657821655, 9.510099411010742, -0.18514519929885864, -0.8789177536964417, .. 243074 skipped .., 0.6271843910217285, 9.93639850616455, 0.17633776366710663, 0.6166319251060486, 9.948617935180664]}
Iteration 35
	total loss= 0.271095
Current scene parameters:
 	{'mat-Shape.brdf_0.clearcoat.value': [0.0], 'mat-Shape.brdf_0.clearcoat_gloss.value': [0.17320500314235687], 'mat-Shape.brdf_0.metallic.value': [0.0], 'mat-Shape.brdf_0.specular': [0.9990000128746033], 'mat-Shape.brdf_0.roughness.value': [0.13017618656158447], 'mat-Shape.brdf_0.base_color.data': TensorXf(shape=(512, 512, 3)), 'mat-Shape.brdf_0.anisotropic.value': [0.0], 'mat-Shape.brdf_0.spec_tint.value': [0.0], 'mat-Shape.brdf_0.sheen.value': [0.0], 'mat-Shape.brdf_0.sheen_tint.value': [0.5], 'mat-Shape.brdf_0.spec_trans.value': [0.0], 'mat-Shape.brdf_0.flatness.value': [0.0], 'ConstantBackgroundEmitter.radiance.value': [1.0], 'PLYMesh.vertex_positions': [-0.20868925750255585, -0.8806166052818298, 9.50988483428955, -0.1850074976682663, -0.8788760900497437, .. 243074 skipped .., 0.6271803379058838, 9.936360359191895, 0.17646574974060059, 0.6164222359657288, 9.94860553741455]}
Iteration 36
	total loss= 0.274421
Current scene parameters:
 	{'mat-Shape.brdf_0.clearcoat.value': [0.0], 'mat-Shape.brdf_0.clearcoat_gloss.value': [0.17320500314235687], 'mat-Shape.brdf_0.metallic.value': [0.0], 'mat-Shape.brdf_0.specular': [0.9990000128746033], 'mat-Shape.brdf_0.roughness.value': [0.13898123800754547], 'mat-Shape.brdf_0.base_color.data': TensorXf(shape=(512, 512, 3)), 'mat-Shape.brdf_0.anisotropic.value': [0.0], 'mat-Shape.brdf_0.spec_tint.value': [0.0], 'mat-Shape.brdf_0.sheen.value': [0.0], 'mat-Shape.brdf_0.sheen_tint.value': [0.5], 'mat-Shape.brdf_0.spec_trans.value': [0.0], 'mat-Shape.brdf_0.flatness.value': [0.0], 'ConstantBackgroundEmitter.radiance.value': [1.0], 'PLYMesh.vertex_positions': [-0.2088770866394043, -0.8807281255722046, 9.50971794128418, -0.18487803637981415, -0.878822922706604, .. 243074 skipped .., 0.6271571516990662, 9.936294555664062, 0.1765839010477066, 0.6162291765213013, 9.9486083984375]}
Iteration 37
	total loss= 0.279257
Current scene parameters:
 	{'mat-Shape.brdf_0.clearcoat.value': [0.0], 'mat-Shape.brdf_0.clearcoat_gloss.value': [0.17320500314235687], 'mat-Shape.brdf_0.metallic.value': [0.0], 'mat-Shape.brdf_0.specular': [0.9990000128746033], 'mat-Shape.brdf_0.roughness.value': [0.14759047329425812], 'mat-Shape.brdf_0.base_color.data': TensorXf(shape=(512, 512, 3)), 'mat-Shape.brdf_0.anisotropic.value': [0.0], 'mat-Shape.brdf_0.spec_tint.value': [0.0], 'mat-Shape.brdf_0.sheen.value': [0.0], 'mat-Shape.brdf_0.sheen_tint.value': [0.5], 'mat-Shape.brdf_0.spec_trans.value': [0.0], 'mat-Shape.brdf_0.flatness.value': [0.0], 'ConstantBackgroundEmitter.radiance.value': [1.0], 'PLYMesh.vertex_positions': [-0.20904883742332458, -0.8808205127716064, 9.509568214416504, -0.18477901816368103, -0.8787908554077148, .. 243074 skipped .., 0.6271555423736572, 9.936256408691406, 0.17668725550174713, 0.616041362285614, 9.948594093322754]}
Iteration 38
	total loss= 0.275704
Current scene parameters:
 	{'mat-Shape.brdf_0.clearcoat.value': [0.0], 'mat-Shape.brdf_0.clearcoat_gloss.value': [0.17320500314235687], 'mat-Shape.brdf_0.metallic.value': [0.0], 'mat-Shape.brdf_0.specular': [0.9990000128746033], 'mat-Shape.brdf_0.roughness.value': [0.15255337953567505], 'mat-Shape.brdf_0.base_color.data': TensorXf(shape=(512, 512, 3)), 'mat-Shape.brdf_0.anisotropic.value': [0.0], 'mat-Shape.brdf_0.spec_tint.value': [0.0], 'mat-Shape.brdf_0.sheen.value': [0.0], 'mat-Shape.brdf_0.sheen_tint.value': [0.5], 'mat-Shape.brdf_0.spec_trans.value': [0.0], 'mat-Shape.brdf_0.flatness.value': [0.0], 'ConstantBackgroundEmitter.radiance.value': [1.0], 'PLYMesh.vertex_positions': [-0.20921026170253754, -0.8808967471122742, 9.509435653686523, -0.1846773773431778, -0.8787549734115601, .. 243074 skipped .., 0.6271494626998901, 9.9362154006958, 0.17678476870059967, 0.6158671975135803, 9.948582649230957]}
Iteration 39
	total loss= 0.283811
Current scene parameters:
 	{'mat-Shape.brdf_0.clearcoat.value': [0.0], 'mat-Shape.brdf_0.clearcoat_gloss.value': [0.17320500314235687], 'mat-Shape.brdf_0.metallic.value': [0.0], 'mat-Shape.brdf_0.specular': [0.9990000128746033], 'mat-Shape.brdf_0.roughness.value': [0.15813522040843964], 'mat-Shape.brdf_0.base_color.data': TensorXf(shape=(512, 512, 3)), 'mat-Shape.brdf_0.anisotropic.value': [0.0], 'mat-Shape.brdf_0.spec_tint.value': [0.0], 'mat-Shape.brdf_0.sheen.value': [0.0], 'mat-Shape.brdf_0.sheen_tint.value': [0.5], 'mat-Shape.brdf_0.spec_trans.value': [0.0], 'mat-Shape.brdf_0.flatness.value': [0.0], 'ConstantBackgroundEmitter.radiance.value': [1.0], 'PLYMesh.vertex_positions': [-0.2093573957681656, -0.8809601664543152, 9.509317398071289, -0.18459458649158478, -0.8787292242050171, .. 243074 skipped .., 0.6271449327468872, 9.936180114746094, 0.17686593532562256, 0.6157113313674927, 9.948562622070312]}
Iteration 40
	total loss= 0.280372
Current scene parameters:
 	{'mat-Shape.brdf_0.clearcoat.value': [0.0], 'mat-Shape.brdf_0.clearcoat_gloss.value': [0.17320500314235687], 'mat-Shape.brdf_0.metallic.value': [0.0], 'mat-Shape.brdf_0.specular': [0.9990000128746033], 'mat-Shape.brdf_0.roughness.value': [0.16355746984481812], 'mat-Shape.brdf_0.base_color.data': TensorXf(shape=(512, 512, 3)), 'mat-Shape.brdf_0.anisotropic.value': [0.0], 'mat-Shape.brdf_0.spec_tint.value': [0.0], 'mat-Shape.brdf_0.sheen.value': [0.0], 'mat-Shape.brdf_0.sheen_tint.value': [0.5], 'mat-Shape.brdf_0.spec_trans.value': [0.0], 'mat-Shape.brdf_0.flatness.value': [0.0], 'ConstantBackgroundEmitter.radiance.value': [1.0], 'PLYMesh.vertex_positions': [-0.209496408700943, -0.8810489177703857, 9.509212493896484, -0.18453650176525116, -0.878714919090271, .. 243074 skipped .., 0.627140462398529, 9.93614673614502, 0.17695161700248718, 0.6155637502670288, 9.948540687561035]}
Iteration 41
	total loss= 0.286806
Current scene parameters:
 	{'mat-Shape.brdf_0.clearcoat.value': [0.0], 'mat-Shape.brdf_0.clearcoat_gloss.value': [0.17320500314235687], 'mat-Shape.brdf_0.metallic.value': [0.0], 'mat-Shape.brdf_0.specular': [0.9990000128746033], 'mat-Shape.brdf_0.roughness.value': [0.1674196869134903], 'mat-Shape.brdf_0.base_color.data': TensorXf(shape=(512, 512, 3)), 'mat-Shape.brdf_0.anisotropic.value': [0.0], 'mat-Shape.brdf_0.spec_tint.value': [0.0], 'mat-Shape.brdf_0.sheen.value': [0.0], 'mat-Shape.brdf_0.sheen_tint.value': [0.5], 'mat-Shape.brdf_0.spec_trans.value': [0.0], 'mat-Shape.brdf_0.flatness.value': [0.0], 'ConstantBackgroundEmitter.radiance.value': [1.0], 'PLYMesh.vertex_positions': [-0.20961983501911163, -0.8811163306236267, 9.50912094116211, -0.18449242413043976, -0.8787254691123962, .. 243074 skipped .., 0.6271228194236755, 9.936163902282715, 0.17703036963939667, 0.6154280304908752, 9.948519706726074]}
Iteration 42
	total loss= 0.287185
Current scene parameters:
 	{'mat-Shape.brdf_0.clearcoat.value': [0.0], 'mat-Shape.brdf_0.clearcoat_gloss.value': [0.17320500314235687], 'mat-Shape.brdf_0.metallic.value': [0.0], 'mat-Shape.brdf_0.specular': [0.9990000128746033], 'mat-Shape.brdf_0.roughness.value': [0.17168979346752167], 'mat-Shape.brdf_0.base_color.data': TensorXf(shape=(512, 512, 3)), 'mat-Shape.brdf_0.anisotropic.value': [0.0], 'mat-Shape.brdf_0.spec_tint.value': [0.0], 'mat-Shape.brdf_0.sheen.value': [0.0], 'mat-Shape.brdf_0.sheen_tint.value': [0.5], 'mat-Shape.brdf_0.spec_trans.value': [0.0], 'mat-Shape.brdf_0.flatness.value': [0.0], 'ConstantBackgroundEmitter.radiance.value': [1.0], 'PLYMesh.vertex_positions': [-0.20972877740859985, -0.8811802864074707, 9.509027481079102, -0.18445031344890594, -0.8787268996238708, .. 243074 skipped .., 0.6271096467971802, 9.936184883117676, 0.17710773646831512, 0.6152922511100769, 9.948494911193848]}
Iteration 43
	total loss= 0.285754
Current scene parameters:
 	{'mat-Shape.brdf_0.clearcoat.value': [0.0], 'mat-Shape.brdf_0.clearcoat_gloss.value': [0.17320500314235687], 'mat-Shape.brdf_0.metallic.value': [0.0], 'mat-Shape.brdf_0.specular': [0.9990000128746033], 'mat-Shape.brdf_0.roughness.value': [0.17664466798305511], 'mat-Shape.brdf_0.base_color.data': TensorXf(shape=(512, 512, 3)), 'mat-Shape.brdf_0.anisotropic.value': [0.0], 'mat-Shape.brdf_0.spec_tint.value': [0.0], 'mat-Shape.brdf_0.sheen.value': [0.0], 'mat-Shape.brdf_0.sheen_tint.value': [0.5], 'mat-Shape.brdf_0.spec_trans.value': [0.0], 'mat-Shape.brdf_0.flatness.value': [0.0], 'ConstantBackgroundEmitter.radiance.value': [1.0], 'PLYMesh.vertex_positions': [-0.20983131229877472, -0.8812279105186462, 9.508951187133789, -0.18441089987754822, -0.8787331581115723, .. 243074 skipped .., 0.627103865146637, 9.936209678649902, 0.1771882027387619, 0.6151646971702576, 9.948482513427734]}
Iteration 44
	total loss= 0.281770
Current scene parameters:
 	{'mat-Shape.brdf_0.clearcoat.value': [0.0], 'mat-Shape.brdf_0.clearcoat_gloss.value': [0.17320500314235687], 'mat-Shape.brdf_0.metallic.value': [0.0], 'mat-Shape.brdf_0.specular': [0.9990000128746033], 'mat-Shape.brdf_0.roughness.value': [0.18157699704170227], 'mat-Shape.brdf_0.base_color.data': TensorXf(shape=(512, 512, 3)), 'mat-Shape.brdf_0.anisotropic.value': [0.0], 'mat-Shape.brdf_0.spec_tint.value': [0.0], 'mat-Shape.brdf_0.sheen.value': [0.0], 'mat-Shape.brdf_0.sheen_tint.value': [0.5], 'mat-Shape.brdf_0.spec_trans.value': [0.0], 'mat-Shape.brdf_0.flatness.value': [0.0], 'ConstantBackgroundEmitter.radiance.value': [1.0], 'PLYMesh.vertex_positions': [-0.20991814136505127, -0.8812617063522339, 9.50888442993164, -0.18439698219299316, -0.8787479400634766, .. 243074 skipped .., 0.627094566822052, 9.936226844787598, 0.17726512253284454, 0.6150467395782471, 9.948472023010254]}
Iteration 45
	total loss= 0.279992
Current scene parameters:
 	{'mat-Shape.brdf_0.clearcoat.value': [0.0], 'mat-Shape.brdf_0.clearcoat_gloss.value': [0.17320500314235687], 'mat-Shape.brdf_0.metallic.value': [0.0], 'mat-Shape.brdf_0.specular': [0.9990000128746033], 'mat-Shape.brdf_0.roughness.value': [0.18744777143001556], 'mat-Shape.brdf_0.base_color.data': TensorXf(shape=(512, 512, 3)), 'mat-Shape.brdf_0.anisotropic.value': [0.0], 'mat-Shape.brdf_0.spec_tint.value': [0.0], 'mat-Shape.brdf_0.sheen.value': [0.0], 'mat-Shape.brdf_0.sheen_tint.value': [0.5], 'mat-Shape.brdf_0.spec_trans.value': [0.0], 'mat-Shape.brdf_0.flatness.value': [0.0], 'ConstantBackgroundEmitter.radiance.value': [1.0], 'PLYMesh.vertex_positions': [-0.21000050008296967, -0.8813250660896301, 9.508819580078125, -0.18438099324703217, -0.8787558674812317, .. 243074 skipped .., 0.6270889639854431, 9.936246871948242, 0.17733770608901978, 0.6149396300315857, 9.948464393615723]}
Iteration 46
	total loss= 0.278043
Current scene parameters:
 	{'mat-Shape.brdf_0.clearcoat.value': [0.0], 'mat-Shape.brdf_0.clearcoat_gloss.value': [0.17320500314235687], 'mat-Shape.brdf_0.metallic.value': [0.0], 'mat-Shape.brdf_0.specular': [0.9990000128746033], 'mat-Shape.brdf_0.roughness.value': [0.19296549260616302], 'mat-Shape.brdf_0.base_color.data': TensorXf(shape=(512, 512, 3)), 'mat-Shape.brdf_0.anisotropic.value': [0.0], 'mat-Shape.brdf_0.spec_tint.value': [0.0], 'mat-Shape.brdf_0.sheen.value': [0.0], 'mat-Shape.brdf_0.sheen_tint.value': [0.5], 'mat-Shape.brdf_0.spec_trans.value': [0.0], 'mat-Shape.brdf_0.flatness.value': [0.0], 'ConstantBackgroundEmitter.radiance.value': [1.0], 'PLYMesh.vertex_positions': [-0.21007788181304932, -0.881392776966095, 9.50875473022461, -0.18436069786548615, -0.878759503364563, .. 243074 skipped .., 0.6270734071731567, 9.93625545501709, 0.17739461362361908, 0.6148400902748108, 9.948452949523926]}
Iteration 47
	total loss= 0.277731
Current scene parameters:
 	{'mat-Shape.brdf_0.clearcoat.value': [0.0], 'mat-Shape.brdf_0.clearcoat_gloss.value': [0.17320500314235687], 'mat-Shape.brdf_0.metallic.value': [0.0], 'mat-Shape.brdf_0.specular': [0.9990000128746033], 'mat-Shape.brdf_0.roughness.value': [0.19751229882240295], 'mat-Shape.brdf_0.base_color.data': TensorXf(shape=(512, 512, 3)), 'mat-Shape.brdf_0.anisotropic.value': [0.0], 'mat-Shape.brdf_0.spec_tint.value': [0.0], 'mat-Shape.brdf_0.sheen.value': [0.0], 'mat-Shape.brdf_0.sheen_tint.value': [0.5], 'mat-Shape.brdf_0.spec_trans.value': [0.0], 'mat-Shape.brdf_0.flatness.value': [0.0], 'ConstantBackgroundEmitter.radiance.value': [1.0], 'PLYMesh.vertex_positions': [-0.21014903485774994, -0.881460428237915, 9.508694648742676, -0.1843409240245819, -0.8787628412246704, .. 243074 skipped .., 0.6270650625228882, 9.936264991760254, 0.17745384573936462, 0.6147485375404358, 9.94845199584961]}
Iteration 48
	total loss= 0.276501
Current scene parameters:
 	{'mat-Shape.brdf_0.clearcoat.value': [0.0], 'mat-Shape.brdf_0.clearcoat_gloss.value': [0.17320500314235687], 'mat-Shape.brdf_0.metallic.value': [0.0], 'mat-Shape.brdf_0.specular': [0.9990000128746033], 'mat-Shape.brdf_0.roughness.value': [0.2024606466293335], 'mat-Shape.brdf_0.base_color.data': TensorXf(shape=(512, 512, 3)), 'mat-Shape.brdf_0.anisotropic.value': [0.0], 'mat-Shape.brdf_0.spec_tint.value': [0.0], 'mat-Shape.brdf_0.sheen.value': [0.0], 'mat-Shape.brdf_0.sheen_tint.value': [0.5], 'mat-Shape.brdf_0.spec_trans.value': [0.0], 'mat-Shape.brdf_0.flatness.value': [0.0], 'ConstantBackgroundEmitter.radiance.value': [1.0], 'PLYMesh.vertex_positions': [-0.21021421253681183, -0.8815279603004456, 9.508630752563477, -0.1843116283416748, -0.8787669539451599, .. 243074 skipped .., 0.627051591873169, 9.936274528503418, 0.17749938368797302, 0.6146731376647949, 9.948444366455078]}
Iteration 49
	total loss= 0.279735
Current scene parameters:
 	{'mat-Shape.brdf_0.clearcoat.value': [0.0], 'mat-Shape.brdf_0.clearcoat_gloss.value': [0.17320500314235687], 'mat-Shape.brdf_0.metallic.value': [0.0], 'mat-Shape.brdf_0.specular': [0.9990000128746033], 'mat-Shape.brdf_0.roughness.value': [0.20628096163272858], 'mat-Shape.brdf_0.base_color.data': TensorXf(shape=(512, 512, 3)), 'mat-Shape.brdf_0.anisotropic.value': [0.0], 'mat-Shape.brdf_0.spec_tint.value': [0.0], 'mat-Shape.brdf_0.sheen.value': [0.0], 'mat-Shape.brdf_0.sheen_tint.value': [0.5], 'mat-Shape.brdf_0.spec_trans.value': [0.0], 'mat-Shape.brdf_0.flatness.value': [0.0], 'ConstantBackgroundEmitter.radiance.value': [1.0], 'PLYMesh.vertex_positions': [-0.2102690190076828, -0.8815785646438599, 9.508580207824707, -0.1842779666185379, -0.878775954246521, .. 243074 skipped .., 0.6270322799682617, 9.93630599975586, 0.17754516005516052, 0.6146044135093689, 9.94843864440918]}
Iteration 50
	total loss= 0.284013
Current scene parameters:
 	{'mat-Shape.brdf_0.clearcoat.value': [0.0], 'mat-Shape.brdf_0.clearcoat_gloss.value': [0.17320500314235687], 'mat-Shape.brdf_0.metallic.value': [0.0], 'mat-Shape.brdf_0.specular': [0.9990000128746033], 'mat-Shape.brdf_0.roughness.value': [0.21017718315124512], 'mat-Shape.brdf_0.base_color.data': TensorXf(shape=(512, 512, 3)), 'mat-Shape.brdf_0.anisotropic.value': [0.0], 'mat-Shape.brdf_0.spec_tint.value': [0.0], 'mat-Shape.brdf_0.sheen.value': [0.0], 'mat-Shape.brdf_0.sheen_tint.value': [0.5], 'mat-Shape.brdf_0.spec_trans.value': [0.0], 'mat-Shape.brdf_0.flatness.value': [0.0], 'ConstantBackgroundEmitter.radiance.value': [1.0], 'PLYMesh.vertex_positions': [-0.2103283405303955, -0.8816398978233337, 9.508532524108887, -0.18425248563289642, -0.8787825107574463, .. 243074 skipped .., 0.6270149946212769, 9.93634033203125, 0.17758795619010925, 0.6145468950271606, 9.948431968688965]}
Iteration 51
	total loss= 0.294082
Current scene parameters:
 	{'mat-Shape.brdf_0.clearcoat.value': [0.0], 'mat-Shape.brdf_0.clearcoat_gloss.value': [0.17320500314235687], 'mat-Shape.brdf_0.metallic.value': [0.0], 'mat-Shape.brdf_0.specular': [0.9990000128746033], 'mat-Shape.brdf_0.roughness.value': [0.21326498687267303], 'mat-Shape.brdf_0.base_color.data': TensorXf(shape=(512, 512, 3)), 'mat-Shape.brdf_0.anisotropic.value': [0.0], 'mat-Shape.brdf_0.spec_tint.value': [0.0], 'mat-Shape.brdf_0.sheen.value': [0.0], 'mat-Shape.brdf_0.sheen_tint.value': [0.5], 'mat-Shape.brdf_0.spec_trans.value': [0.0], 'mat-Shape.brdf_0.flatness.value': [0.0], 'ConstantBackgroundEmitter.radiance.value': [1.0], 'PLYMesh.vertex_positions': [-0.21038857102394104, -0.8817020058631897, 9.508492469787598, -0.1842327117919922, -0.878791868686676, .. 243074 skipped .., 0.6270028352737427, 9.93637466430664, 0.177625834941864, 0.614496648311615, 9.948424339294434]}
Iteration 52
	total loss= 0.313996
Current scene parameters:
 	{'mat-Shape.brdf_0.clearcoat.value': [0.0], 'mat-Shape.brdf_0.clearcoat_gloss.value': [0.17320500314235687], 'mat-Shape.brdf_0.metallic.value': [0.0], 'mat-Shape.brdf_0.specular': [0.9990000128746033], 'mat-Shape.brdf_0.roughness.value': [0.21624991297721863], 'mat-Shape.brdf_0.base_color.data': TensorXf(shape=(512, 512, 3)), 'mat-Shape.brdf_0.anisotropic.value': [0.0], 'mat-Shape.brdf_0.spec_tint.value': [0.0], 'mat-Shape.brdf_0.sheen.value': [0.0], 'mat-Shape.brdf_0.sheen_tint.value': [0.5], 'mat-Shape.brdf_0.spec_trans.value': [0.0], 'mat-Shape.brdf_0.flatness.value': [0.0], 'ConstantBackgroundEmitter.radiance.value': [1.0], 'PLYMesh.vertex_positions': [-0.21044127643108368, -0.8817540407180786, 9.508453369140625, -0.18421442806720734, -0.8788054585456848, .. 243074 skipped .., 0.6269948482513428, 9.936396598815918, 0.17766313254833221, 0.6144535541534424, 9.948417663574219]}
Iteration 53
	total loss= 0.311261
Current scene parameters:
 	{'mat-Shape.brdf_0.clearcoat.value': [0.0], 'mat-Shape.brdf_0.clearcoat_gloss.value': [0.17320500314235687], 'mat-Shape.brdf_0.metallic.value': [0.0], 'mat-Shape.brdf_0.specular': [0.9990000128746033], 'mat-Shape.brdf_0.roughness.value': [0.21761247515678406], 'mat-Shape.brdf_0.base_color.data': TensorXf(shape=(512, 512, 3)), 'mat-Shape.brdf_0.anisotropic.value': [0.0], 'mat-Shape.brdf_0.spec_tint.value': [0.0], 'mat-Shape.brdf_0.sheen.value': [0.0], 'mat-Shape.brdf_0.sheen_tint.value': [0.5], 'mat-Shape.brdf_0.spec_trans.value': [0.0], 'mat-Shape.brdf_0.flatness.value': [0.0], 'ConstantBackgroundEmitter.radiance.value': [1.0], 'PLYMesh.vertex_positions': [-0.2104988545179367, -0.8818198442459106, 9.508423805236816, -0.18418806791305542, -0.8788222670555115, .. 243074 skipped .., 0.6269879341125488, 9.936396598815918, 0.1776905059814453, 0.6144134402275085, 9.948415756225586]}
Iteration 54
	total loss= 0.311795
Current scene parameters:
 	{'mat-Shape.brdf_0.clearcoat.value': [0.0], 'mat-Shape.brdf_0.clearcoat_gloss.value': [0.17320500314235687], 'mat-Shape.brdf_0.metallic.value': [0.0], 'mat-Shape.brdf_0.specular': [0.9990000128746033], 'mat-Shape.brdf_0.roughness.value': [0.21992439031600952], 'mat-Shape.brdf_0.base_color.data': TensorXf(shape=(512, 512, 3)), 'mat-Shape.brdf_0.anisotropic.value': [0.0], 'mat-Shape.brdf_0.spec_tint.value': [0.0], 'mat-Shape.brdf_0.sheen.value': [0.0], 'mat-Shape.brdf_0.sheen_tint.value': [0.5], 'mat-Shape.brdf_0.spec_trans.value': [0.0], 'mat-Shape.brdf_0.flatness.value': [0.0], 'ConstantBackgroundEmitter.radiance.value': [1.0], 'PLYMesh.vertex_positions': [-0.21054765582084656, -0.8818759322166443, 9.508394241333008, -0.1841631978750229, -0.8788461089134216, .. 243074 skipped .., 0.6269881725311279, 9.936408042907715, 0.1777147352695465, 0.6143797039985657, 9.948405265808105]}
Iteration 55
	total loss= 0.306906
Current scene parameters:
 	{'mat-Shape.brdf_0.clearcoat.value': [0.0], 'mat-Shape.brdf_0.clearcoat_gloss.value': [0.17320500314235687], 'mat-Shape.brdf_0.metallic.value': [0.0], 'mat-Shape.brdf_0.specular': [0.9990000128746033], 'mat-Shape.brdf_0.roughness.value': [0.22155854105949402], 'mat-Shape.brdf_0.base_color.data': TensorXf(shape=(512, 512, 3)), 'mat-Shape.brdf_0.anisotropic.value': [0.0], 'mat-Shape.brdf_0.spec_tint.value': [0.0], 'mat-Shape.brdf_0.sheen.value': [0.0], 'mat-Shape.brdf_0.sheen_tint.value': [0.5], 'mat-Shape.brdf_0.spec_trans.value': [0.0], 'mat-Shape.brdf_0.flatness.value': [0.0], 'ConstantBackgroundEmitter.radiance.value': [1.0], 'PLYMesh.vertex_positions': [-0.21058852970600128, -0.8819392323493958, 9.508378028869629, -0.1841450333595276, -0.8788588643074036, .. 243074 skipped .., 0.6269981265068054, 9.936421394348145, 0.17773278057575226, 0.6143410801887512, 9.948399543762207]}
Iteration 56
	total loss= 0.305050
Current scene parameters:
 	{'mat-Shape.brdf_0.clearcoat.value': [0.0], 'mat-Shape.brdf_0.clearcoat_gloss.value': [0.17320500314235687], 'mat-Shape.brdf_0.metallic.value': [0.0], 'mat-Shape.brdf_0.specular': [0.9990000128746033], 'mat-Shape.brdf_0.roughness.value': [0.22143468260765076], 'mat-Shape.brdf_0.base_color.data': TensorXf(shape=(512, 512, 3)), 'mat-Shape.brdf_0.anisotropic.value': [0.0], 'mat-Shape.brdf_0.spec_tint.value': [0.0], 'mat-Shape.brdf_0.sheen.value': [0.0], 'mat-Shape.brdf_0.sheen_tint.value': [0.5], 'mat-Shape.brdf_0.spec_trans.value': [0.0], 'mat-Shape.brdf_0.flatness.value': [0.0], 'ConstantBackgroundEmitter.radiance.value': [1.0], 'PLYMesh.vertex_positions': [-0.21062147617340088, -0.8819929361343384, 9.508360862731934, -0.18412184715270996, -0.8788647651672363, .. 243074 skipped .., 0.6270087957382202, 9.936421394348145, 0.17774692177772522, 0.6143128275871277, 9.948407173156738]}
Iteration 57
	total loss= 0.301857
Current scene parameters:
 	{'mat-Shape.brdf_0.clearcoat.value': [0.0], 'mat-Shape.brdf_0.clearcoat_gloss.value': [0.17320500314235687], 'mat-Shape.brdf_0.metallic.value': [0.0], 'mat-Shape.brdf_0.specular': [0.9990000128746033], 'mat-Shape.brdf_0.roughness.value': [0.22035649418830872], 'mat-Shape.brdf_0.base_color.data': TensorXf(shape=(512, 512, 3)), 'mat-Shape.brdf_0.anisotropic.value': [0.0], 'mat-Shape.brdf_0.spec_tint.value': [0.0], 'mat-Shape.brdf_0.sheen.value': [0.0], 'mat-Shape.brdf_0.sheen_tint.value': [0.5], 'mat-Shape.brdf_0.spec_trans.value': [0.0], 'mat-Shape.brdf_0.flatness.value': [0.0], 'ConstantBackgroundEmitter.radiance.value': [1.0], 'PLYMesh.vertex_positions': [-0.2106570154428482, -0.882024884223938, 9.50835132598877, -0.18411239981651306, -0.8788817524909973, .. 243074 skipped .., 0.6270180940628052, 9.936426162719727, 0.17776954174041748, 0.6142838597297668, 9.948421478271484]}
Iteration 58
	total loss= 0.298274
Current scene parameters:
 	{'mat-Shape.brdf_0.clearcoat.value': [0.0], 'mat-Shape.brdf_0.clearcoat_gloss.value': [0.17320500314235687], 'mat-Shape.brdf_0.metallic.value': [0.0], 'mat-Shape.brdf_0.specular': [0.9990000128746033], 'mat-Shape.brdf_0.roughness.value': [0.21718570590019226], 'mat-Shape.brdf_0.base_color.data': TensorXf(shape=(512, 512, 3)), 'mat-Shape.brdf_0.anisotropic.value': [0.0], 'mat-Shape.brdf_0.spec_tint.value': [0.0], 'mat-Shape.brdf_0.sheen.value': [0.0], 'mat-Shape.brdf_0.sheen_tint.value': [0.5], 'mat-Shape.brdf_0.spec_trans.value': [0.0], 'mat-Shape.brdf_0.flatness.value': [0.0], 'ConstantBackgroundEmitter.radiance.value': [1.0], 'PLYMesh.vertex_positions': [-0.21069449186325073, -0.882044792175293, 9.508354187011719, -0.18411657214164734, -0.8788895010948181, .. 243074 skipped .., 0.6270273327827454, 9.936427116394043, 0.17778940498828888, 0.6142526865005493, 9.948430061340332]}
Iteration 59
	total loss= 0.296238
Current scene parameters:
 	{'mat-Shape.brdf_0.clearcoat.value': [0.0], 'mat-Shape.brdf_0.clearcoat_gloss.value': [0.17320500314235687], 'mat-Shape.brdf_0.metallic.value': [0.0], 'mat-Shape.brdf_0.specular': [0.9990000128746033], 'mat-Shape.brdf_0.roughness.value': [0.2137741595506668], 'mat-Shape.brdf_0.base_color.data': TensorXf(shape=(512, 512, 3)), 'mat-Shape.brdf_0.anisotropic.value': [0.0], 'mat-Shape.brdf_0.spec_tint.value': [0.0], 'mat-Shape.brdf_0.sheen.value': [0.0], 'mat-Shape.brdf_0.sheen_tint.value': [0.5], 'mat-Shape.brdf_0.spec_trans.value': [0.0], 'mat-Shape.brdf_0.flatness.value': [0.0], 'ConstantBackgroundEmitter.radiance.value': [1.0], 'PLYMesh.vertex_positions': [-0.21072852611541748, -0.8820604085922241, 9.508356094360352, -0.18411174416542053, -0.8788958191871643, .. 243074 skipped .., 0.6270326972007751, 9.936431884765625, 0.17780949175357819, 0.6142250895500183, 9.948439598083496]}
Iteration 60
	total loss= 0.295198
Current scene parameters:
 	{'mat-Shape.brdf_0.clearcoat.value': [0.0], 'mat-Shape.brdf_0.clearcoat_gloss.value': [0.17320500314235687], 'mat-Shape.brdf_0.metallic.value': [0.0], 'mat-Shape.brdf_0.specular': [0.9990000128746033], 'mat-Shape.brdf_0.roughness.value': [0.21134808659553528], 'mat-Shape.brdf_0.base_color.data': TensorXf(shape=(512, 512, 3)), 'mat-Shape.brdf_0.anisotropic.value': [0.0], 'mat-Shape.brdf_0.spec_tint.value': [0.0], 'mat-Shape.brdf_0.sheen.value': [0.0], 'mat-Shape.brdf_0.sheen_tint.value': [0.5], 'mat-Shape.brdf_0.spec_trans.value': [0.0], 'mat-Shape.brdf_0.flatness.value': [0.0], 'ConstantBackgroundEmitter.radiance.value': [1.0], 'PLYMesh.vertex_positions': [-0.21075955033302307, -0.8820759654045105, 9.508356094360352, -0.18412335216999054, -0.8789171576499939, .. 243074 skipped .., 0.6270408630371094, 9.936432838439941, 0.1778315305709839, 0.6141961812973022, 9.94845199584961]}
Iteration 61
	total loss= 0.293086
Current scene parameters:
 	{'mat-Shape.brdf_0.clearcoat.value': [0.0], 'mat-Shape.brdf_0.clearcoat_gloss.value': [0.17320500314235687], 'mat-Shape.brdf_0.metallic.value': [0.0], 'mat-Shape.brdf_0.specular': [0.9990000128746033], 'mat-Shape.brdf_0.roughness.value': [0.20911957323551178], 'mat-Shape.brdf_0.base_color.data': TensorXf(shape=(512, 512, 3)), 'mat-Shape.brdf_0.anisotropic.value': [0.0], 'mat-Shape.brdf_0.spec_tint.value': [0.0], 'mat-Shape.brdf_0.sheen.value': [0.0], 'mat-Shape.brdf_0.sheen_tint.value': [0.5], 'mat-Shape.brdf_0.spec_trans.value': [0.0], 'mat-Shape.brdf_0.flatness.value': [0.0], 'ConstantBackgroundEmitter.radiance.value': [1.0], 'PLYMesh.vertex_positions': [-0.21079634130001068, -0.8821107745170593, 9.508359909057617, -0.18413157761096954, -0.8789311051368713, .. 243074 skipped .., 0.6270347237586975, 9.936419486999512, 0.17785228788852692, 0.6141729354858398, 9.948461532592773]}
Iteration 62
	total loss= 0.300774
Current scene parameters:
 	{'mat-Shape.brdf_0.clearcoat.value': [0.0], 'mat-Shape.brdf_0.clearcoat_gloss.value': [0.17320500314235687], 'mat-Shape.brdf_0.metallic.value': [0.0], 'mat-Shape.brdf_0.specular': [0.9990000128746033], 'mat-Shape.brdf_0.roughness.value': [0.20722262561321259], 'mat-Shape.brdf_0.base_color.data': TensorXf(shape=(512, 512, 3)), 'mat-Shape.brdf_0.anisotropic.value': [0.0], 'mat-Shape.brdf_0.spec_tint.value': [0.0], 'mat-Shape.brdf_0.sheen.value': [0.0], 'mat-Shape.brdf_0.sheen_tint.value': [0.5], 'mat-Shape.brdf_0.spec_trans.value': [0.0], 'mat-Shape.brdf_0.flatness.value': [0.0], 'ConstantBackgroundEmitter.radiance.value': [1.0], 'PLYMesh.vertex_positions': [-0.21082918345928192, -0.8821543455123901, 9.508366584777832, -0.18414294719696045, -0.8789507150650024, .. 243074 skipped .., 0.6270294785499573, 9.93641185760498, 0.17787711322307587, 0.6141512989997864, 9.948470115661621]}
Iteration 63
	total loss= 0.297888
Current scene parameters:
 	{'mat-Shape.brdf_0.clearcoat.value': [0.0], 'mat-Shape.brdf_0.clearcoat_gloss.value': [0.17320500314235687], 'mat-Shape.brdf_0.metallic.value': [0.0], 'mat-Shape.brdf_0.specular': [0.9990000128746033], 'mat-Shape.brdf_0.roughness.value': [0.20551711320877075], 'mat-Shape.brdf_0.base_color.data': TensorXf(shape=(512, 512, 3)), 'mat-Shape.brdf_0.anisotropic.value': [0.0], 'mat-Shape.brdf_0.spec_tint.value': [0.0], 'mat-Shape.brdf_0.sheen.value': [0.0], 'mat-Shape.brdf_0.sheen_tint.value': [0.5], 'mat-Shape.brdf_0.spec_trans.value': [0.0], 'mat-Shape.brdf_0.flatness.value': [0.0], 'ConstantBackgroundEmitter.radiance.value': [1.0], 'PLYMesh.vertex_positions': [-0.21086235344409943, -0.8822022080421448, 9.508370399475098, -0.18415892124176025, -0.8789744973182678, .. 243074 skipped .., 0.6270130276679993, 9.936402320861816, 0.17790409922599792, 0.6141310930252075, 9.948487281799316]}
Iteration 64
	total loss= 0.295142
Current scene parameters:
 	{'mat-Shape.brdf_0.clearcoat.value': [0.0], 'mat-Shape.brdf_0.clearcoat_gloss.value': [0.17320500314235687], 'mat-Shape.brdf_0.metallic.value': [0.0], 'mat-Shape.brdf_0.specular': [0.9990000128746033], 'mat-Shape.brdf_0.roughness.value': [0.20381906628608704], 'mat-Shape.brdf_0.base_color.data': TensorXf(shape=(512, 512, 3)), 'mat-Shape.brdf_0.anisotropic.value': [0.0], 'mat-Shape.brdf_0.spec_tint.value': [0.0], 'mat-Shape.brdf_0.sheen.value': [0.0], 'mat-Shape.brdf_0.sheen_tint.value': [0.5], 'mat-Shape.brdf_0.spec_trans.value': [0.0], 'mat-Shape.brdf_0.flatness.value': [0.0], 'ConstantBackgroundEmitter.radiance.value': [1.0], 'PLYMesh.vertex_positions': [-0.21089349687099457, -0.8822548389434814, 9.508374214172363, -0.18416926264762878, -0.8789944052696228, .. 243074 skipped .., 0.6270023584365845, 9.936395645141602, 0.1779252588748932, 0.6141126751899719, 9.948498725891113]}
Iteration 65
	total loss= 0.294666
Current scene parameters:
 	{'mat-Shape.brdf_0.clearcoat.value': [0.0], 'mat-Shape.brdf_0.clearcoat_gloss.value': [0.17320500314235687], 'mat-Shape.brdf_0.metallic.value': [0.0], 'mat-Shape.brdf_0.specular': [0.9990000128746033], 'mat-Shape.brdf_0.roughness.value': [0.2007780820131302], 'mat-Shape.brdf_0.base_color.data': TensorXf(shape=(512, 512, 3)), 'mat-Shape.brdf_0.anisotropic.value': [0.0], 'mat-Shape.brdf_0.spec_tint.value': [0.0], 'mat-Shape.brdf_0.sheen.value': [0.0], 'mat-Shape.brdf_0.sheen_tint.value': [0.5], 'mat-Shape.brdf_0.spec_trans.value': [0.0], 'mat-Shape.brdf_0.flatness.value': [0.0], 'ConstantBackgroundEmitter.radiance.value': [1.0], 'PLYMesh.vertex_positions': [-0.2109258621931076, -0.8823071122169495, 9.508382797241211, -0.18418222665786743, -0.8790130615234375, .. 243074 skipped .., 0.6269956827163696, 9.936394691467285, 0.17794106900691986, 0.6140948534011841, 9.94849967956543]}
Iteration 66
	total loss= 0.292262
Current scene parameters:
 	{'mat-Shape.brdf_0.clearcoat.value': [0.0], 'mat-Shape.brdf_0.clearcoat_gloss.value': [0.17320500314235687], 'mat-Shape.brdf_0.metallic.value': [0.0], 'mat-Shape.brdf_0.specular': [0.9990000128746033], 'mat-Shape.brdf_0.roughness.value': [0.19706788659095764], 'mat-Shape.brdf_0.base_color.data': TensorXf(shape=(512, 512, 3)), 'mat-Shape.brdf_0.anisotropic.value': [0.0], 'mat-Shape.brdf_0.spec_tint.value': [0.0], 'mat-Shape.brdf_0.sheen.value': [0.0], 'mat-Shape.brdf_0.sheen_tint.value': [0.5], 'mat-Shape.brdf_0.spec_trans.value': [0.0], 'mat-Shape.brdf_0.flatness.value': [0.0], 'ConstantBackgroundEmitter.radiance.value': [1.0], 'PLYMesh.vertex_positions': [-0.21096213161945343, -0.8823563456535339, 9.508360862731934, -0.1841888427734375, -0.8790351152420044, .. 243074 skipped .., 0.6269907355308533, 9.936400413513184, 0.17794694006443024, 0.6140811443328857, 9.948494911193848]}
Iteration 67
	total loss= 0.297802
Current scene parameters:
 	{'mat-Shape.brdf_0.clearcoat.value': [0.0], 'mat-Shape.brdf_0.clearcoat_gloss.value': [0.17320500314235687], 'mat-Shape.brdf_0.metallic.value': [0.0], 'mat-Shape.brdf_0.specular': [0.9990000128746033], 'mat-Shape.brdf_0.roughness.value': [0.19264309108257294], 'mat-Shape.brdf_0.base_color.data': TensorXf(shape=(512, 512, 3)), 'mat-Shape.brdf_0.anisotropic.value': [0.0], 'mat-Shape.brdf_0.spec_tint.value': [0.0], 'mat-Shape.brdf_0.sheen.value': [0.0], 'mat-Shape.brdf_0.sheen_tint.value': [0.5], 'mat-Shape.brdf_0.spec_trans.value': [0.0], 'mat-Shape.brdf_0.flatness.value': [0.0], 'ConstantBackgroundEmitter.radiance.value': [1.0], 'PLYMesh.vertex_positions': [-0.21100227534770966, -0.8824204206466675, 9.508367538452148, -0.18420098721981049, -0.8790456652641296, .. 243074 skipped .., 0.6269806623458862, 9.936403274536133, 0.17795269191265106, 0.6140667796134949, 9.948492050170898]}
Iteration 68
	total loss= 0.300519
Current scene parameters:
 	{'mat-Shape.brdf_0.clearcoat.value': [0.0], 'mat-Shape.brdf_0.clearcoat_gloss.value': [0.17320500314235687], 'mat-Shape.brdf_0.metallic.value': [0.0], 'mat-Shape.brdf_0.specular': [0.9990000128746033], 'mat-Shape.brdf_0.roughness.value': [0.18967339396476746], 'mat-Shape.brdf_0.base_color.data': TensorXf(shape=(512, 512, 3)), 'mat-Shape.brdf_0.anisotropic.value': [0.0], 'mat-Shape.brdf_0.spec_tint.value': [0.0], 'mat-Shape.brdf_0.sheen.value': [0.0], 'mat-Shape.brdf_0.sheen_tint.value': [0.5], 'mat-Shape.brdf_0.spec_trans.value': [0.0], 'mat-Shape.brdf_0.flatness.value': [0.0], 'ConstantBackgroundEmitter.radiance.value': [1.0], 'PLYMesh.vertex_positions': [-0.21103337407112122, -0.8824790120124817, 9.508370399475098, -0.18421570956707, -0.8790591955184937, .. 243074 skipped .., 0.626965343952179, 9.93639850616455, 0.17796210944652557, 0.6140534281730652, 9.948493003845215]}
Iteration 69
	total loss= 0.308086
Current scene parameters:
 	{'mat-Shape.brdf_0.clearcoat.value': [0.0], 'mat-Shape.brdf_0.clearcoat_gloss.value': [0.17320500314235687], 'mat-Shape.brdf_0.metallic.value': [0.0], 'mat-Shape.brdf_0.specular': [0.9990000128746033], 'mat-Shape.brdf_0.roughness.value': [0.18556229770183563], 'mat-Shape.brdf_0.base_color.data': TensorXf(shape=(512, 512, 3)), 'mat-Shape.brdf_0.anisotropic.value': [0.0], 'mat-Shape.brdf_0.spec_tint.value': [0.0], 'mat-Shape.brdf_0.sheen.value': [0.0], 'mat-Shape.brdf_0.sheen_tint.value': [0.5], 'mat-Shape.brdf_0.spec_trans.value': [0.0], 'mat-Shape.brdf_0.flatness.value': [0.0], 'ConstantBackgroundEmitter.radiance.value': [1.0], 'PLYMesh.vertex_positions': [-0.21106308698654175, -0.8825218081474304, 9.508378982543945, -0.18422986567020416, -0.8790715932846069, .. 243074 skipped .., 0.6269435882568359, 9.93639850616455, 0.1779673844575882, 0.6140410304069519, 9.948484420776367]}
Iteration 70
	total loss= 0.314315
Current scene parameters:
 	{'mat-Shape.brdf_0.clearcoat.value': [0.0], 'mat-Shape.brdf_0.clearcoat_gloss.value': [0.17320500314235687], 'mat-Shape.brdf_0.metallic.value': [0.0], 'mat-Shape.brdf_0.specular': [0.9990000128746033], 'mat-Shape.brdf_0.roughness.value': [0.18024732172489166], 'mat-Shape.brdf_0.base_color.data': TensorXf(shape=(512, 512, 3)), 'mat-Shape.brdf_0.anisotropic.value': [0.0], 'mat-Shape.brdf_0.spec_tint.value': [0.0], 'mat-Shape.brdf_0.sheen.value': [0.0], 'mat-Shape.brdf_0.sheen_tint.value': [0.5], 'mat-Shape.brdf_0.spec_trans.value': [0.0], 'mat-Shape.brdf_0.flatness.value': [0.0], 'ConstantBackgroundEmitter.radiance.value': [1.0], 'PLYMesh.vertex_positions': [-0.21109572052955627, -0.882561445236206, 9.508392333984375, -0.18423637747764587, -0.8790836334228516, .. 243074 skipped .., 0.6269235014915466, 9.936427116394043, 0.177969291806221, 0.6140409111976624, 9.948495864868164]}
Iteration 71
	total loss= 0.311576
Current scene parameters:
 	{'mat-Shape.brdf_0.clearcoat.value': [0.0], 'mat-Shape.brdf_0.clearcoat_gloss.value': [0.17320500314235687], 'mat-Shape.brdf_0.metallic.value': [0.0], 'mat-Shape.brdf_0.specular': [0.9990000128746033], 'mat-Shape.brdf_0.roughness.value': [0.17491595447063446], 'mat-Shape.brdf_0.base_color.data': TensorXf(shape=(512, 512, 3)), 'mat-Shape.brdf_0.anisotropic.value': [0.0], 'mat-Shape.brdf_0.spec_tint.value': [0.0], 'mat-Shape.brdf_0.sheen.value': [0.0], 'mat-Shape.brdf_0.sheen_tint.value': [0.5], 'mat-Shape.brdf_0.spec_trans.value': [0.0], 'mat-Shape.brdf_0.flatness.value': [0.0], 'ConstantBackgroundEmitter.radiance.value': [1.0], 'PLYMesh.vertex_positions': [-0.2111368179321289, -0.8826184868812561, 9.508394241333008, -0.1842406690120697, -0.8790848851203918, .. 243074 skipped .., 0.6269114017486572, 9.936443328857422, 0.17797507345676422, 0.6140443086624146, 9.948507308959961]}
Iteration 72
	total loss= 0.325918
Current scene parameters:
 	{'mat-Shape.brdf_0.clearcoat.value': [0.0], 'mat-Shape.brdf_0.clearcoat_gloss.value': [0.17320500314235687], 'mat-Shape.brdf_0.metallic.value': [0.0], 'mat-Shape.brdf_0.specular': [0.9990000128746033], 'mat-Shape.brdf_0.roughness.value': [0.1691374033689499], 'mat-Shape.brdf_0.base_color.data': TensorXf(shape=(512, 512, 3)), 'mat-Shape.brdf_0.anisotropic.value': [0.0], 'mat-Shape.brdf_0.spec_tint.value': [0.0], 'mat-Shape.brdf_0.sheen.value': [0.0], 'mat-Shape.brdf_0.sheen_tint.value': [0.5], 'mat-Shape.brdf_0.spec_trans.value': [0.0], 'mat-Shape.brdf_0.flatness.value': [0.0], 'ConstantBackgroundEmitter.radiance.value': [1.0], 'PLYMesh.vertex_positions': [-0.2111750841140747, -0.8826545476913452, 9.508405685424805, -0.18424703180789948, -0.8790934085845947, .. 243074 skipped .., 0.6269091367721558, 9.9364652633667, 0.17800304293632507, 0.6140282154083252, 9.948480606079102]}
Iteration 73
	total loss= 0.321616
Current scene parameters:
 	{'mat-Shape.brdf_0.clearcoat.value': [0.0], 'mat-Shape.brdf_0.clearcoat_gloss.value': [0.17320500314235687], 'mat-Shape.brdf_0.metallic.value': [0.0], 'mat-Shape.brdf_0.specular': [0.9990000128746033], 'mat-Shape.brdf_0.roughness.value': [0.1648852527141571], 'mat-Shape.brdf_0.base_color.data': TensorXf(shape=(512, 512, 3)), 'mat-Shape.brdf_0.anisotropic.value': [0.0], 'mat-Shape.brdf_0.spec_tint.value': [0.0], 'mat-Shape.brdf_0.sheen.value': [0.0], 'mat-Shape.brdf_0.sheen_tint.value': [0.5], 'mat-Shape.brdf_0.spec_trans.value': [0.0], 'mat-Shape.brdf_0.flatness.value': [0.0], 'ConstantBackgroundEmitter.radiance.value': [1.0], 'PLYMesh.vertex_positions': [-0.21117283403873444, -0.8826921582221985, 9.50839614868164, -0.18425807356834412, -0.8791038393974304, .. 243074 skipped .., 0.6269039511680603, 9.936482429504395, 0.17803643643856049, 0.6139647364616394, 9.948443412780762]}
Iteration 74
	total loss= 0.320308
Current scene parameters:
 	{'mat-Shape.brdf_0.clearcoat.value': [0.0], 'mat-Shape.brdf_0.clearcoat_gloss.value': [0.17320500314235687], 'mat-Shape.brdf_0.metallic.value': [0.0], 'mat-Shape.brdf_0.specular': [0.9990000128746033], 'mat-Shape.brdf_0.roughness.value': [0.16125042736530304], 'mat-Shape.brdf_0.base_color.data': TensorXf(shape=(512, 512, 3)), 'mat-Shape.brdf_0.anisotropic.value': [0.0], 'mat-Shape.brdf_0.spec_tint.value': [0.0], 'mat-Shape.brdf_0.sheen.value': [0.0], 'mat-Shape.brdf_0.sheen_tint.value': [0.5], 'mat-Shape.brdf_0.spec_trans.value': [0.0], 'mat-Shape.brdf_0.flatness.value': [0.0], 'ConstantBackgroundEmitter.radiance.value': [1.0], 'PLYMesh.vertex_positions': [-0.21117472648620605, -0.8827274441719055, 9.508380889892578, -0.18426309525966644, -0.8791084289550781, .. 243074 skipped .., 0.6269028186798096, 9.936501502990723, 0.1780615746974945, 0.6139187812805176, 9.948402404785156]}
Iteration 75
	total loss= 0.316691
Current scene parameters:
 	{'mat-Shape.brdf_0.clearcoat.value': [0.0], 'mat-Shape.brdf_0.clearcoat_gloss.value': [0.17320500314235687], 'mat-Shape.brdf_0.metallic.value': [0.0], 'mat-Shape.brdf_0.specular': [0.9990000128746033], 'mat-Shape.brdf_0.roughness.value': [0.15809370577335358], 'mat-Shape.brdf_0.base_color.data': TensorXf(shape=(512, 512, 3)), 'mat-Shape.brdf_0.anisotropic.value': [0.0], 'mat-Shape.brdf_0.spec_tint.value': [0.0], 'mat-Shape.brdf_0.sheen.value': [0.0], 'mat-Shape.brdf_0.sheen_tint.value': [0.5], 'mat-Shape.brdf_0.spec_trans.value': [0.0], 'mat-Shape.brdf_0.flatness.value': [0.0], 'ConstantBackgroundEmitter.radiance.value': [1.0], 'PLYMesh.vertex_positions': [-0.21118271350860596, -0.8827792406082153, 9.508376121520996, -0.1842697411775589, -0.8791124224662781, .. 243074 skipped .., 0.6268722414970398, 9.936516761779785, 0.17809288203716278, 0.6138842701911926, 9.948369026184082]}
Iteration 76
	total loss= 0.313658
Current scene parameters:
 	{'mat-Shape.brdf_0.clearcoat.value': [0.0], 'mat-Shape.brdf_0.clearcoat_gloss.value': [0.17320500314235687], 'mat-Shape.brdf_0.metallic.value': [0.0], 'mat-Shape.brdf_0.specular': [0.9990000128746033], 'mat-Shape.brdf_0.roughness.value': [0.15549905598163605], 'mat-Shape.brdf_0.base_color.data': TensorXf(shape=(512, 512, 3)), 'mat-Shape.brdf_0.anisotropic.value': [0.0], 'mat-Shape.brdf_0.spec_tint.value': [0.0], 'mat-Shape.brdf_0.sheen.value': [0.0], 'mat-Shape.brdf_0.sheen_tint.value': [0.5], 'mat-Shape.brdf_0.spec_trans.value': [0.0], 'mat-Shape.brdf_0.flatness.value': [0.0], 'ConstantBackgroundEmitter.radiance.value': [1.0], 'PLYMesh.vertex_positions': [-0.21119073033332825, -0.8828302025794983, 9.508373260498047, -0.1842769831418991, -0.8791167736053467, .. 243074 skipped .., 0.6267685890197754, 9.936387062072754, 0.17812004685401917, 0.6138411164283752, 9.948360443115234]}
Iteration 77
	total loss= 0.319237
Current scene parameters:
 	{'mat-Shape.brdf_0.clearcoat.value': [0.0], 'mat-Shape.brdf_0.clearcoat_gloss.value': [0.17320500314235687], 'mat-Shape.brdf_0.metallic.value': [0.0], 'mat-Shape.brdf_0.specular': [0.9990000128746033], 'mat-Shape.brdf_0.roughness.value': [0.15541905164718628], 'mat-Shape.brdf_0.base_color.data': TensorXf(shape=(512, 512, 3)), 'mat-Shape.brdf_0.anisotropic.value': [0.0], 'mat-Shape.brdf_0.spec_tint.value': [0.0], 'mat-Shape.brdf_0.sheen.value': [0.0], 'mat-Shape.brdf_0.sheen_tint.value': [0.5], 'mat-Shape.brdf_0.spec_trans.value': [0.0], 'mat-Shape.brdf_0.flatness.value': [0.0], 'ConstantBackgroundEmitter.radiance.value': [1.0], 'PLYMesh.vertex_positions': [-0.21119122207164764, -0.8828361630439758, 9.508376121520996, -0.1842776983976364, -0.8791198134422302, .. 243074 skipped .., 0.6266681551933289, 9.936254501342773, 0.17817184329032898, 0.6138054132461548, 9.948375701904297]}
Iteration 78
	total loss= 0.316810
Current scene parameters:
 	{'mat-Shape.brdf_0.clearcoat.value': [0.0], 'mat-Shape.brdf_0.clearcoat_gloss.value': [0.17320500314235687], 'mat-Shape.brdf_0.metallic.value': [0.0], 'mat-Shape.brdf_0.specular': [0.9990000128746033], 'mat-Shape.brdf_0.roughness.value': [0.15700380504131317], 'mat-Shape.brdf_0.base_color.data': TensorXf(shape=(512, 512, 3)), 'mat-Shape.brdf_0.anisotropic.value': [0.0], 'mat-Shape.brdf_0.spec_tint.value': [0.0], 'mat-Shape.brdf_0.sheen.value': [0.0], 'mat-Shape.brdf_0.sheen_tint.value': [0.5], 'mat-Shape.brdf_0.spec_trans.value': [0.0], 'mat-Shape.brdf_0.flatness.value': [0.0], 'ConstantBackgroundEmitter.radiance.value': [1.0], 'PLYMesh.vertex_positions': [-0.21119850873947144, -0.8828108310699463, 9.508383750915527, -0.18427567183971405, -0.8791349530220032, .. 243074 skipped .., 0.6265828013420105, 9.936149597167969, 0.1782170683145523, 0.6137738823890686, 9.948391914367676]}
Iteration 79
	total loss= 0.313133
Current scene parameters:
 	{'mat-Shape.brdf_0.clearcoat.value': [0.0], 'mat-Shape.brdf_0.clearcoat_gloss.value': [0.17320500314235687], 'mat-Shape.brdf_0.metallic.value': [0.0], 'mat-Shape.brdf_0.specular': [0.9990000128746033], 'mat-Shape.brdf_0.roughness.value': [0.16148661077022552], 'mat-Shape.brdf_0.base_color.data': TensorXf(shape=(512, 512, 3)), 'mat-Shape.brdf_0.anisotropic.value': [0.0], 'mat-Shape.brdf_0.spec_tint.value': [0.0], 'mat-Shape.brdf_0.sheen.value': [0.0], 'mat-Shape.brdf_0.sheen_tint.value': [0.5], 'mat-Shape.brdf_0.spec_trans.value': [0.0], 'mat-Shape.brdf_0.flatness.value': [0.0], 'ConstantBackgroundEmitter.radiance.value': [1.0], 'PLYMesh.vertex_positions': [-0.21120478212833405, -0.8828048706054688, 9.50838565826416, -0.18427860736846924, -0.8791376948356628, .. 243074 skipped .., 0.62650066614151, 9.936041831970215, 0.17826755344867706, 0.6137446165084839, 9.948410987854004]}
Iteration 80
	total loss= 0.314799
Current scene parameters:
 	{'mat-Shape.brdf_0.clearcoat.value': [0.0], 'mat-Shape.brdf_0.clearcoat_gloss.value': [0.17320500314235687], 'mat-Shape.brdf_0.metallic.value': [0.0], 'mat-Shape.brdf_0.specular': [0.9990000128746033], 'mat-Shape.brdf_0.roughness.value': [0.1658409982919693], 'mat-Shape.brdf_0.base_color.data': TensorXf(shape=(512, 512, 3)), 'mat-Shape.brdf_0.anisotropic.value': [0.0], 'mat-Shape.brdf_0.spec_tint.value': [0.0], 'mat-Shape.brdf_0.sheen.value': [0.0], 'mat-Shape.brdf_0.sheen_tint.value': [0.5], 'mat-Shape.brdf_0.spec_trans.value': [0.0], 'mat-Shape.brdf_0.flatness.value': [0.0], 'ConstantBackgroundEmitter.radiance.value': [1.0], 'PLYMesh.vertex_positions': [-0.2112138718366623, -0.8827715516090393, 9.50839900970459, -0.1842738538980484, -0.879142165184021, .. 243074 skipped .., 0.6264381408691406, 9.935932159423828, 0.1784210354089737, 0.6137990355491638, 9.9483642578125]}
Iteration 81
	total loss= 0.311272
Current scene parameters:
 	{'mat-Shape.brdf_0.clearcoat.value': [0.0], 'mat-Shape.brdf_0.clearcoat_gloss.value': [0.17320500314235687], 'mat-Shape.brdf_0.metallic.value': [0.0], 'mat-Shape.brdf_0.specular': [0.9990000128746033], 'mat-Shape.brdf_0.roughness.value': [0.17111040651798248], 'mat-Shape.brdf_0.base_color.data': TensorXf(shape=(512, 512, 3)), 'mat-Shape.brdf_0.anisotropic.value': [0.0], 'mat-Shape.brdf_0.spec_tint.value': [0.0], 'mat-Shape.brdf_0.sheen.value': [0.0], 'mat-Shape.brdf_0.sheen_tint.value': [0.5], 'mat-Shape.brdf_0.spec_trans.value': [0.0], 'mat-Shape.brdf_0.flatness.value': [0.0], 'ConstantBackgroundEmitter.radiance.value': [1.0], 'PLYMesh.vertex_positions': [-0.21122443675994873, -0.8827507495880127, 9.508407592773438, -0.1842365264892578, -0.8791317343711853, .. 243074 skipped .., 0.6263837814331055, 9.93585205078125, 0.17856143414974213, 0.6138451099395752, 9.948323249816895]}
Iteration 82
	total loss= 0.309043
Current scene parameters:
 	{'mat-Shape.brdf_0.clearcoat.value': [0.0], 'mat-Shape.brdf_0.clearcoat_gloss.value': [0.17320500314235687], 'mat-Shape.brdf_0.metallic.value': [0.0], 'mat-Shape.brdf_0.specular': [0.9990000128746033], 'mat-Shape.brdf_0.roughness.value': [0.17372728884220123], 'mat-Shape.brdf_0.base_color.data': TensorXf(shape=(512, 512, 3)), 'mat-Shape.brdf_0.anisotropic.value': [0.0], 'mat-Shape.brdf_0.spec_tint.value': [0.0], 'mat-Shape.brdf_0.sheen.value': [0.0], 'mat-Shape.brdf_0.sheen_tint.value': [0.5], 'mat-Shape.brdf_0.spec_trans.value': [0.0], 'mat-Shape.brdf_0.flatness.value': [0.0], 'ConstantBackgroundEmitter.radiance.value': [1.0], 'PLYMesh.vertex_positions': [-0.21123073995113373, -0.8827375769615173, 9.508408546447754, -0.18422824144363403, -0.8791670203208923, .. 243074 skipped .., 0.6263460516929626, 9.935747146606445, 0.17868424952030182, 0.6139009594917297, 9.948315620422363]}
Iteration 83
	total loss= 0.313458
Current scene parameters:
 	{'mat-Shape.brdf_0.clearcoat.value': [0.0], 'mat-Shape.brdf_0.clearcoat_gloss.value': [0.17320500314235687], 'mat-Shape.brdf_0.metallic.value': [0.0], 'mat-Shape.brdf_0.specular': [0.9990000128746033], 'mat-Shape.brdf_0.roughness.value': [0.17770257592201233], 'mat-Shape.brdf_0.base_color.data': TensorXf(shape=(512, 512, 3)), 'mat-Shape.brdf_0.anisotropic.value': [0.0], 'mat-Shape.brdf_0.spec_tint.value': [0.0], 'mat-Shape.brdf_0.sheen.value': [0.0], 'mat-Shape.brdf_0.sheen_tint.value': [0.5], 'mat-Shape.brdf_0.spec_trans.value': [0.0], 'mat-Shape.brdf_0.flatness.value': [0.0], 'ConstantBackgroundEmitter.radiance.value': [1.0], 'PLYMesh.vertex_positions': [-0.21123965084552765, -0.8827199339866638, 9.508407592773438, -0.1842205822467804, -0.8792240619659424, .. 243074 skipped .., 0.6262813210487366, 9.935628890991211, 0.17878971993923187, 0.6139891743659973, 9.948328971862793]}
Iteration 84
	total loss= 0.314433
Current scene parameters:
 	{'mat-Shape.brdf_0.clearcoat.value': [0.0], 'mat-Shape.brdf_0.clearcoat_gloss.value': [0.17320500314235687], 'mat-Shape.brdf_0.metallic.value': [0.0], 'mat-Shape.brdf_0.specular': [0.9990000128746033], 'mat-Shape.brdf_0.roughness.value': [0.179887056350708], 'mat-Shape.brdf_0.base_color.data': TensorXf(shape=(512, 512, 3)), 'mat-Shape.brdf_0.anisotropic.value': [0.0], 'mat-Shape.brdf_0.spec_tint.value': [0.0], 'mat-Shape.brdf_0.sheen.value': [0.0], 'mat-Shape.brdf_0.sheen_tint.value': [0.5], 'mat-Shape.brdf_0.spec_trans.value': [0.0], 'mat-Shape.brdf_0.flatness.value': [0.0], 'ConstantBackgroundEmitter.radiance.value': [1.0], 'PLYMesh.vertex_positions': [-0.2112460732460022, -0.8827157616615295, 9.508402824401855, -0.18421298265457153, -0.8792673945426941, .. 243074 skipped .., 0.6262154579162598, 9.935508728027344, 0.17888383567333221, 0.6140731573104858, 9.94835090637207]}
Iteration 85
	total loss= 0.312695
Current scene parameters:
 	{'mat-Shape.brdf_0.clearcoat.value': [0.0], 'mat-Shape.brdf_0.clearcoat_gloss.value': [0.17320500314235687], 'mat-Shape.brdf_0.metallic.value': [0.0], 'mat-Shape.brdf_0.specular': [0.9990000128746033], 'mat-Shape.brdf_0.roughness.value': [0.18113937973976135], 'mat-Shape.brdf_0.base_color.data': TensorXf(shape=(512, 512, 3)), 'mat-Shape.brdf_0.anisotropic.value': [0.0], 'mat-Shape.brdf_0.spec_tint.value': [0.0], 'mat-Shape.brdf_0.sheen.value': [0.0], 'mat-Shape.brdf_0.sheen_tint.value': [0.5], 'mat-Shape.brdf_0.spec_trans.value': [0.0], 'mat-Shape.brdf_0.flatness.value': [0.0], 'ConstantBackgroundEmitter.radiance.value': [1.0], 'PLYMesh.vertex_positions': [-0.21124866604804993, -0.8827389478683472, 9.508386611938477, -0.18420253694057465, -0.8792937994003296, .. 243074 skipped .., 0.626168966293335, 9.935409545898438, 0.17897513508796692, 0.6141390800476074, 9.948356628417969]}
Iteration 86
	total loss= 0.315281
Current scene parameters:
 	{'mat-Shape.brdf_0.clearcoat.value': [0.0], 'mat-Shape.brdf_0.clearcoat_gloss.value': [0.17320500314235687], 'mat-Shape.brdf_0.metallic.value': [0.0], 'mat-Shape.brdf_0.specular': [0.9990000128746033], 'mat-Shape.brdf_0.roughness.value': [0.1848563551902771], 'mat-Shape.brdf_0.base_color.data': TensorXf(shape=(512, 512, 3)), 'mat-Shape.brdf_0.anisotropic.value': [0.0], 'mat-Shape.brdf_0.spec_tint.value': [0.0], 'mat-Shape.brdf_0.sheen.value': [0.0], 'mat-Shape.brdf_0.sheen_tint.value': [0.5], 'mat-Shape.brdf_0.spec_trans.value': [0.0], 'mat-Shape.brdf_0.flatness.value': [0.0], 'ConstantBackgroundEmitter.radiance.value': [1.0], 'PLYMesh.vertex_positions': [-0.21125634014606476, -0.8827741146087646, 9.50837230682373, -0.18419122695922852, -0.8793137073516846, .. 243074 skipped .., 0.626136839389801, 9.935311317443848, 0.17904700338840485, 0.6141846776008606, 9.948351860046387]}
Iteration 87
	total loss= 0.310952
Current scene parameters:
 	{'mat-Shape.brdf_0.clearcoat.value': [0.0], 'mat-Shape.brdf_0.clearcoat_gloss.value': [0.17320500314235687], 'mat-Shape.brdf_0.metallic.value': [0.0], 'mat-Shape.brdf_0.specular': [0.9990000128746033], 'mat-Shape.brdf_0.roughness.value': [0.18860402703285217], 'mat-Shape.brdf_0.base_color.data': TensorXf(shape=(512, 512, 3)), 'mat-Shape.brdf_0.anisotropic.value': [0.0], 'mat-Shape.brdf_0.spec_tint.value': [0.0], 'mat-Shape.brdf_0.sheen.value': [0.0], 'mat-Shape.brdf_0.sheen_tint.value': [0.5], 'mat-Shape.brdf_0.spec_trans.value': [0.0], 'mat-Shape.brdf_0.flatness.value': [0.0], 'ConstantBackgroundEmitter.radiance.value': [1.0], 'PLYMesh.vertex_positions': [-0.21126596629619598, -0.8828042149543762, 9.508349418640137, -0.18418452143669128, -0.8793351054191589, .. 243074 skipped .., 0.6261080503463745, 9.935235977172852, 0.17912344634532928, 0.6142228841781616, 9.948336601257324]}
Iteration 88
	total loss= 0.309177
Current scene parameters:
 	{'mat-Shape.brdf_0.clearcoat.value': [0.0], 'mat-Shape.brdf_0.clearcoat_gloss.value': [0.17320500314235687], 'mat-Shape.brdf_0.metallic.value': [0.0], 'mat-Shape.brdf_0.specular': [0.9990000128746033], 'mat-Shape.brdf_0.roughness.value': [0.1958063244819641], 'mat-Shape.brdf_0.base_color.data': TensorXf(shape=(512, 512, 3)), 'mat-Shape.brdf_0.anisotropic.value': [0.0], 'mat-Shape.brdf_0.spec_tint.value': [0.0], 'mat-Shape.brdf_0.sheen.value': [0.0], 'mat-Shape.brdf_0.sheen_tint.value': [0.5], 'mat-Shape.brdf_0.spec_trans.value': [0.0], 'mat-Shape.brdf_0.flatness.value': [0.0], 'ConstantBackgroundEmitter.radiance.value': [1.0], 'PLYMesh.vertex_positions': [-0.2112709879875183, -0.8828452229499817, 9.508316040039062, -0.18417923152446747, -0.8793520927429199, .. 243074 skipped .., 0.626072883605957, 9.935175895690918, 0.17920033633708954, 0.6142427325248718, 9.948312759399414]}
Iteration 89
	total loss= 0.312629
Current scene parameters:
 	{'mat-Shape.brdf_0.clearcoat.value': [0.0], 'mat-Shape.brdf_0.clearcoat_gloss.value': [0.17320500314235687], 'mat-Shape.brdf_0.metallic.value': [0.0], 'mat-Shape.brdf_0.specular': [0.9990000128746033], 'mat-Shape.brdf_0.roughness.value': [0.20168662071228027], 'mat-Shape.brdf_0.base_color.data': TensorXf(shape=(512, 512, 3)), 'mat-Shape.brdf_0.anisotropic.value': [0.0], 'mat-Shape.brdf_0.spec_tint.value': [0.0], 'mat-Shape.brdf_0.sheen.value': [0.0], 'mat-Shape.brdf_0.sheen_tint.value': [0.5], 'mat-Shape.brdf_0.spec_trans.value': [0.0], 'mat-Shape.brdf_0.flatness.value': [0.0], 'ConstantBackgroundEmitter.radiance.value': [1.0], 'PLYMesh.vertex_positions': [-0.21127057075500488, -0.8828828930854797, 9.508277893066406, -0.18416163325309753, -0.8793895244598389, .. 243074 skipped .., 0.6260369420051575, 9.935111999511719, 0.1792445331811905, 0.614255964756012, 9.948262214660645]}
Iteration 90
	total loss= 0.309777
Current scene parameters:
 	{'mat-Shape.brdf_0.clearcoat.value': [0.0], 'mat-Shape.brdf_0.clearcoat_gloss.value': [0.17320500314235687], 'mat-Shape.brdf_0.metallic.value': [0.0], 'mat-Shape.brdf_0.specular': [0.9990000128746033], 'mat-Shape.brdf_0.roughness.value': [0.20913442969322205], 'mat-Shape.brdf_0.base_color.data': TensorXf(shape=(512, 512, 3)), 'mat-Shape.brdf_0.anisotropic.value': [0.0], 'mat-Shape.brdf_0.spec_tint.value': [0.0], 'mat-Shape.brdf_0.sheen.value': [0.0], 'mat-Shape.brdf_0.sheen_tint.value': [0.5], 'mat-Shape.brdf_0.spec_trans.value': [0.0], 'mat-Shape.brdf_0.flatness.value': [0.0], 'ConstantBackgroundEmitter.radiance.value': [1.0], 'PLYMesh.vertex_positions': [-0.2112729698419571, -0.8829082250595093, 9.50825023651123, -0.18414734303951263, -0.8794141411781311, .. 243074 skipped .., 0.6260074377059937, 9.93505573272705, 0.17928877472877502, 0.6142759919166565, 9.948225021362305]}
Iteration 91
	total loss= 0.308441
Current scene parameters:
 	{'mat-Shape.brdf_0.clearcoat.value': [0.0], 'mat-Shape.brdf_0.clearcoat_gloss.value': [0.17320500314235687], 'mat-Shape.brdf_0.metallic.value': [0.0], 'mat-Shape.brdf_0.specular': [0.9990000128746033], 'mat-Shape.brdf_0.roughness.value': [0.2161359339952469], 'mat-Shape.brdf_0.base_color.data': TensorXf(shape=(512, 512, 3)), 'mat-Shape.brdf_0.anisotropic.value': [0.0], 'mat-Shape.brdf_0.spec_tint.value': [0.0], 'mat-Shape.brdf_0.sheen.value': [0.0], 'mat-Shape.brdf_0.sheen_tint.value': [0.5], 'mat-Shape.brdf_0.spec_trans.value': [0.0], 'mat-Shape.brdf_0.flatness.value': [0.0], 'ConstantBackgroundEmitter.radiance.value': [1.0], 'PLYMesh.vertex_positions': [-0.21127474308013916, -0.8829231262207031, 9.5082368850708, -0.1841377317905426, -0.8794311881065369, .. 243074 skipped .., 0.6259826421737671, 9.935012817382812, 0.17932717502117157, 0.6142914295196533, 9.948188781738281]}
Iteration 92
	total loss= 0.309519
Current scene parameters:
 	{'mat-Shape.brdf_0.clearcoat.value': [0.0], 'mat-Shape.brdf_0.clearcoat_gloss.value': [0.17320500314235687], 'mat-Shape.brdf_0.metallic.value': [0.0], 'mat-Shape.brdf_0.specular': [0.9990000128746033], 'mat-Shape.brdf_0.roughness.value': [0.2200135439634323], 'mat-Shape.brdf_0.base_color.data': TensorXf(shape=(512, 512, 3)), 'mat-Shape.brdf_0.anisotropic.value': [0.0], 'mat-Shape.brdf_0.spec_tint.value': [0.0], 'mat-Shape.brdf_0.sheen.value': [0.0], 'mat-Shape.brdf_0.sheen_tint.value': [0.5], 'mat-Shape.brdf_0.spec_trans.value': [0.0], 'mat-Shape.brdf_0.flatness.value': [0.0], 'ConstantBackgroundEmitter.radiance.value': [1.0], 'PLYMesh.vertex_positions': [-0.21127532422542572, -0.8829407691955566, 9.508222579956055, -0.18413473665714264, -0.8794556260108948, .. 243074 skipped .., 0.6259512305259705, 9.934964179992676, 0.17935407161712646, 0.6143074631690979, 9.948166847229004]}
Iteration 93
	total loss= 0.313135
Current scene parameters:
 	{'mat-Shape.brdf_0.clearcoat.value': [0.0], 'mat-Shape.brdf_0.clearcoat_gloss.value': [0.17320500314235687], 'mat-Shape.brdf_0.metallic.value': [0.0], 'mat-Shape.brdf_0.specular': [0.9990000128746033], 'mat-Shape.brdf_0.roughness.value': [0.22252215445041656], 'mat-Shape.brdf_0.base_color.data': TensorXf(shape=(512, 512, 3)), 'mat-Shape.brdf_0.anisotropic.value': [0.0], 'mat-Shape.brdf_0.spec_tint.value': [0.0], 'mat-Shape.brdf_0.sheen.value': [0.0], 'mat-Shape.brdf_0.sheen_tint.value': [0.5], 'mat-Shape.brdf_0.spec_trans.value': [0.0], 'mat-Shape.brdf_0.flatness.value': [0.0], 'ConstantBackgroundEmitter.radiance.value': [1.0], 'PLYMesh.vertex_positions': [-0.21127833425998688, -0.8829612731933594, 9.508207321166992, -0.1841283142566681, -0.8794841766357422, .. 243074 skipped .., 0.6259295344352722, 9.93493366241455, 0.17936280369758606, 0.6143062114715576, 9.94814395904541]}
Iteration 94
	total loss= 0.317404
Current scene parameters:
 	{'mat-Shape.brdf_0.clearcoat.value': [0.0], 'mat-Shape.brdf_0.clearcoat_gloss.value': [0.17320500314235687], 'mat-Shape.brdf_0.metallic.value': [0.0], 'mat-Shape.brdf_0.specular': [0.9990000128746033], 'mat-Shape.brdf_0.roughness.value': [0.22480280697345734], 'mat-Shape.brdf_0.base_color.data': TensorXf(shape=(512, 512, 3)), 'mat-Shape.brdf_0.anisotropic.value': [0.0], 'mat-Shape.brdf_0.spec_tint.value': [0.0], 'mat-Shape.brdf_0.sheen.value': [0.0], 'mat-Shape.brdf_0.sheen_tint.value': [0.5], 'mat-Shape.brdf_0.spec_trans.value': [0.0], 'mat-Shape.brdf_0.flatness.value': [0.0], 'ConstantBackgroundEmitter.radiance.value': [1.0], 'PLYMesh.vertex_positions': [-0.21128401160240173, -0.8829919695854187, 9.508200645446777, -0.1841282844543457, -0.8795081377029419, .. 243074 skipped .., 0.6258955597877502, 9.934893608093262, 0.17936912178993225, 0.614303469657898, 9.948121070861816]}
Iteration 95
	total loss= 0.317565
Current scene parameters:
 	{'mat-Shape.brdf_0.clearcoat.value': [0.0], 'mat-Shape.brdf_0.clearcoat_gloss.value': [0.17320500314235687], 'mat-Shape.brdf_0.metallic.value': [0.0], 'mat-Shape.brdf_0.specular': [0.9990000128746033], 'mat-Shape.brdf_0.roughness.value': [0.22661302983760834], 'mat-Shape.brdf_0.base_color.data': TensorXf(shape=(512, 512, 3)), 'mat-Shape.brdf_0.anisotropic.value': [0.0], 'mat-Shape.brdf_0.spec_tint.value': [0.0], 'mat-Shape.brdf_0.sheen.value': [0.0], 'mat-Shape.brdf_0.sheen_tint.value': [0.5], 'mat-Shape.brdf_0.spec_trans.value': [0.0], 'mat-Shape.brdf_0.flatness.value': [0.0], 'ConstantBackgroundEmitter.radiance.value': [1.0], 'PLYMesh.vertex_positions': [-0.2112904191017151, -0.8830157518386841, 9.508203506469727, -0.18412816524505615, -0.8795425891876221, .. 243074 skipped .., 0.6258590817451477, 9.934865951538086, 0.17937564849853516, 0.6142999529838562, 9.948098182678223]}
Iteration 96
	total loss= 0.317981
Current scene parameters:
 	{'mat-Shape.brdf_0.clearcoat.value': [0.0], 'mat-Shape.brdf_0.clearcoat_gloss.value': [0.17320500314235687], 'mat-Shape.brdf_0.metallic.value': [0.0], 'mat-Shape.brdf_0.specular': [0.9990000128746033], 'mat-Shape.brdf_0.roughness.value': [0.2274637222290039], 'mat-Shape.brdf_0.base_color.data': TensorXf(shape=(512, 512, 3)), 'mat-Shape.brdf_0.anisotropic.value': [0.0], 'mat-Shape.brdf_0.spec_tint.value': [0.0], 'mat-Shape.brdf_0.sheen.value': [0.0], 'mat-Shape.brdf_0.sheen_tint.value': [0.5], 'mat-Shape.brdf_0.spec_trans.value': [0.0], 'mat-Shape.brdf_0.flatness.value': [0.0], 'ConstantBackgroundEmitter.radiance.value': [1.0], 'PLYMesh.vertex_positions': [-0.21129105985164642, -0.883036196231842, 9.508199691772461, -0.18412433564662933, -0.8795815706253052, .. 243074 skipped .., 0.6258367896080017, 9.934867858886719, 0.17939677834510803, 0.6142982840538025, 9.948070526123047]}
Iteration 97
	total loss= 0.318906
Current scene parameters:
 	{'mat-Shape.brdf_0.clearcoat.value': [0.0], 'mat-Shape.brdf_0.clearcoat_gloss.value': [0.17320500314235687], 'mat-Shape.brdf_0.metallic.value': [0.0], 'mat-Shape.brdf_0.specular': [0.9990000128746033], 'mat-Shape.brdf_0.roughness.value': [0.227925106883049], 'mat-Shape.brdf_0.base_color.data': TensorXf(shape=(512, 512, 3)), 'mat-Shape.brdf_0.anisotropic.value': [0.0], 'mat-Shape.brdf_0.spec_tint.value': [0.0], 'mat-Shape.brdf_0.sheen.value': [0.0], 'mat-Shape.brdf_0.sheen_tint.value': [0.5], 'mat-Shape.brdf_0.spec_trans.value': [0.0], 'mat-Shape.brdf_0.flatness.value': [0.0], 'ConstantBackgroundEmitter.radiance.value': [1.0], 'PLYMesh.vertex_positions': [-0.21129825711250305, -0.8830578327178955, 9.508198738098145, -0.18413256108760834, -0.879623532295227, .. 243074 skipped .., 0.6258182525634766, 9.93486213684082, 0.17941704392433167, 0.6142951846122742, 9.948042869567871]}
Iteration 98
	total loss= 0.319214
Current scene parameters:
 	{'mat-Shape.brdf_0.clearcoat.value': [0.0], 'mat-Shape.brdf_0.clearcoat_gloss.value': [0.17320500314235687], 'mat-Shape.brdf_0.metallic.value': [0.0], 'mat-Shape.brdf_0.specular': [0.9990000128746033], 'mat-Shape.brdf_0.roughness.value': [0.2279876470565796], 'mat-Shape.brdf_0.base_color.data': TensorXf(shape=(512, 512, 3)), 'mat-Shape.brdf_0.anisotropic.value': [0.0], 'mat-Shape.brdf_0.spec_tint.value': [0.0], 'mat-Shape.brdf_0.sheen.value': [0.0], 'mat-Shape.brdf_0.sheen_tint.value': [0.5], 'mat-Shape.brdf_0.spec_trans.value': [0.0], 'mat-Shape.brdf_0.flatness.value': [0.0], 'ConstantBackgroundEmitter.radiance.value': [1.0], 'PLYMesh.vertex_positions': [-0.21130672097206116, -0.8830611705780029, 9.508204460144043, -0.18414512276649475, -0.8796780705451965, .. 243074 skipped .., 0.6258018612861633, 9.934864044189453, 0.1794344186782837, 0.6142894625663757, 9.948018074035645]}
Iteration 99
	total loss= 0.317020
Current scene parameters:
 	{'mat-Shape.brdf_0.clearcoat.value': [0.0], 'mat-Shape.brdf_0.clearcoat_gloss.value': [0.17320500314235687], 'mat-Shape.brdf_0.metallic.value': [0.0], 'mat-Shape.brdf_0.specular': [0.9990000128746033], 'mat-Shape.brdf_0.roughness.value': [0.22719621658325195], 'mat-Shape.brdf_0.base_color.data': TensorXf(shape=(512, 512, 3)), 'mat-Shape.brdf_0.anisotropic.value': [0.0], 'mat-Shape.brdf_0.spec_tint.value': [0.0], 'mat-Shape.brdf_0.sheen.value': [0.0], 'mat-Shape.brdf_0.sheen_tint.value': [0.5], 'mat-Shape.brdf_0.spec_trans.value': [0.0], 'mat-Shape.brdf_0.flatness.value': [0.0], 'ConstantBackgroundEmitter.radiance.value': [1.0], 'PLYMesh.vertex_positions': [-0.21131904423236847, -0.8830689787864685, 9.50820541381836, -0.1841508448123932, -0.8797197341918945, .. 243074 skipped .., 0.6257930994033813, 9.934866905212402, 0.1794535368680954, 0.6142938137054443, 9.947997093200684]}
Optimization loop end. Elapsed time: 1035.692s
Initial scene parameters:
 {'mat-Shape.brdf_0.clearcoat.value': [0.0], 'mat-Shape.brdf_0.clearcoat_gloss.value': [0.17320500314235687], 'mat-Shape.brdf_0.metallic.value': [0.0], 'mat-Shape.brdf_0.specular': [0.5299997925758362], 'mat-Shape.brdf_0.roughness.value': [0.47000011801719666], 'mat-Shape.brdf_0.base_color.data': TensorXf(shape=(512, 512, 3)), 'mat-Shape.brdf_0.anisotropic.value': [0.0], 'mat-Shape.brdf_0.spec_tint.value': [0.0], 'mat-Shape.brdf_0.sheen.value': [0.0], 'mat-Shape.brdf_0.sheen_tint.value': [0.5], 'mat-Shape.brdf_0.spec_trans.value': [0.0], 'mat-Shape.brdf_0.flatness.value': [0.0], 'ConstantBackgroundEmitter.radiance.value': [1.0], 'PLYMesh.vertex_positions': [-0.2045213282108307, -0.8862714767456055, 9.5161714553833, -0.19295063614845276, -0.8851433992385864, .. 243074 skipped .., 0.6301068067550659, 9.9350004196167, 0.16527190804481506, 0.6277757883071899, 9.950825691223145]}
End scene parameters:
 {'mat-Shape.brdf_0.clearcoat.value': [0.0], 'mat-Shape.brdf_0.clearcoat_gloss.value': [0.17320500314235687], 'mat-Shape.brdf_0.metallic.value': [0.0], 'mat-Shape.brdf_0.specular': [0.9990000128746033], 'mat-Shape.brdf_0.roughness.value': [0.22719621658325195], 'mat-Shape.brdf_0.base_color.data': TensorXf(shape=(512, 512, 3)), 'mat-Shape.brdf_0.anisotropic.value': [0.0], 'mat-Shape.brdf_0.spec_tint.value': [0.0], 'mat-Shape.brdf_0.sheen.value': [0.0], 'mat-Shape.brdf_0.sheen_tint.value': [0.5], 'mat-Shape.brdf_0.spec_trans.value': [0.0], 'mat-Shape.brdf_0.flatness.value': [0.0], 'ConstantBackgroundEmitter.radiance.value': [1.0], 'PLYMesh.vertex_positions': [-0.21131904423236847, -0.8830689787864685, 9.50820541381836, -0.1841508448123932, -0.8797197341918945, .. 243074 skipped .., 0.6257930994033813, 9.934866905212402, 0.1794535368680954, 0.6142938137054443, 9.947997093200684]}
Hyperparameters:
	minimum error:0.001,
	spp:4,
	optimization func.:Mean Squared Error (MSE, L2 Loss),
	iteraration count:100
Optimization parameters:
 	{'mat-Shape.brdf_0.clearcoat.value': {'Learning Rate': 0.03, 'Min. Clamp Value': 0.001, 'Max. Clamp Value': 0.999, 'Optimize': False}, 'mat-Shape.brdf_0.clearcoat_gloss.value': {'Learning Rate': 0.03, 'Min. Clamp Value': 0.001, 'Max. Clamp Value': 0.999, 'Optimize': False}, 'mat-Shape.brdf_0.metallic.value': {'Learning Rate': 0.03, 'Min. Clamp Value': 0.001, 'Max. Clamp Value': 0.999, 'Optimize': False}, 'mat-Shape.brdf_0.specular': {'Learning Rate': 0.03, 'Min. Clamp Value': 0.001, 'Max. Clamp Value': 0.999, 'Optimize': False}, 'mat-Shape.brdf_0.roughness.value': {'Learning Rate': 0.03, 'Min. Clamp Value': 0.001, 'Max. Clamp Value': 0.999, 'Optimize': False}, 'mat-Shape.brdf_0.base_color.data': {'Learning Rate': 0.03, 'Min. Clamp Value': 0.001, 'Max. Clamp Value': 0.999, 'Optimize': False}, 'mat-Shape.brdf_0.anisotropic.value': {'Learning Rate': 0.03, 'Min. Clamp Value': 0.001, 'Max. Clamp Value': 0.999, 'Optimize': False}, 'mat-Shape.brdf_0.spec_tint.value': {'Learning Rate': 0.03, 'Min. Clamp Value': 0.001, 'Max. Clamp Value': 0.999, 'Optimize': False}, 'mat-Shape.brdf_0.sheen.value': {'Learning Rate': 0.03, 'Min. Clamp Value': 0.001, 'Max. Clamp Value': 0.999, 'Optimize': False}, 'mat-Shape.brdf_0.sheen_tint.value': {'Learning Rate': 0.03, 'Min. Clamp Value': 0.001, 'Max. Clamp Value': 0.999, 'Optimize': False}, 'mat-Shape.brdf_0.spec_trans.value': {'Learning Rate': 0.03, 'Min. Clamp Value': 0.001, 'Max. Clamp Value': 0.999, 'Optimize': False}, 'mat-Shape.brdf_0.flatness.value': {'Learning Rate': 0.03, 'Min. Clamp Value': 0.001, 'Max. Clamp Value': 0.999, 'Optimize': False}, 'ConstantBackgroundEmitter.radiance.value': {'Learning Rate': 0.03, 'Min. Clamp Value': 0.001, 'Max. Clamp Value': 10000.0, 'Optimize': False}, 'PLYMesh.vertex_positions': {'Learning Rate': 0.0008, 'Min. Clamp Value': [[-0.875, -0.9330000281333923, 9.319999694824219]], 'Max. Clamp Value': [[0.5860000252723694, 0.7229999899864197, 10.944000244140625]], 'Optimize': False}}