Optimization loop begin
Iteration 00
	total loss= 0.496225
Current scene parameters:
 	{'mat-Shape.brdf_0.clearcoat.value': [0.0], 'mat-Shape.brdf_0.clearcoat_gloss.value': [0.17320500314235687], 'mat-Shape.brdf_0.metallic.value': [0.0], 'mat-Shape.brdf_0.specular': [0.5299997925758362], 'mat-Shape.brdf_0.roughness.value': [0.47000011801719666], 'mat-Shape.brdf_0.base_color.data': TensorXf(shape=(512, 512, 3)), 'mat-Shape.brdf_0.anisotropic.value': [0.0], 'mat-Shape.brdf_0.spec_tint.value': [0.0], 'mat-Shape.brdf_0.sheen.value': [0.0], 'mat-Shape.brdf_0.sheen_tint.value': [0.5], 'mat-Shape.brdf_0.spec_trans.value': [0.0], 'mat-Shape.brdf_0.flatness.value': [0.0], 'ConstantBackgroundEmitter.radiance.value': [1.0], 'PLYMesh.vertex_positions': [-0.20532116293907166, -0.887071430683136, 9.515372276306152, -0.19374915957450867, -0.8844664692878723, .. 243074 skipped .., 0.6309065818786621, 9.935796737670898, 0.16447286307811737, 0.6285756230354309, 9.951624870300293]}
Iteration 01
	total loss= 0.474473
Current scene parameters:
 	{'mat-Shape.brdf_0.clearcoat.value': [0.0], 'mat-Shape.brdf_0.clearcoat_gloss.value': [0.17320500314235687], 'mat-Shape.brdf_0.metallic.value': [0.0], 'mat-Shape.brdf_0.specular': [0.5598658323287964], 'mat-Shape.brdf_0.roughness.value': [0.4401000142097473], 'mat-Shape.brdf_0.base_color.data': TensorXf(shape=(512, 512, 3)), 'mat-Shape.brdf_0.anisotropic.value': [0.0], 'mat-Shape.brdf_0.spec_tint.value': [0.0], 'mat-Shape.brdf_0.sheen.value': [0.0], 'mat-Shape.brdf_0.sheen_tint.value': [0.5], 'mat-Shape.brdf_0.spec_trans.value': [0.0], 'mat-Shape.brdf_0.flatness.value': [0.0], 'ConstantBackgroundEmitter.radiance.value': [1.0], 'PLYMesh.vertex_positions': [-0.20532116293907166, -0.887071430683136, 9.515372276306152, -0.19374915957450867, -0.8844664692878723, .. 243074 skipped .., 0.6309065818786621, 9.935796737670898, 0.16447286307811737, 0.6285756230354309, 9.951624870300293]}
Iteration 02
	total loss= 0.452828
Current scene parameters:
 	{'mat-Shape.brdf_0.clearcoat.value': [0.0], 'mat-Shape.brdf_0.clearcoat_gloss.value': [0.17320500314235687], 'mat-Shape.brdf_0.metallic.value': [0.0], 'mat-Shape.brdf_0.specular': [0.5895512104034424], 'mat-Shape.brdf_0.roughness.value': [0.4101613163948059], 'mat-Shape.brdf_0.base_color.data': TensorXf(shape=(512, 512, 3)), 'mat-Shape.brdf_0.anisotropic.value': [0.0], 'mat-Shape.brdf_0.spec_tint.value': [0.0], 'mat-Shape.brdf_0.sheen.value': [0.0], 'mat-Shape.brdf_0.sheen_tint.value': [0.5], 'mat-Shape.brdf_0.spec_trans.value': [0.0], 'mat-Shape.brdf_0.flatness.value': [0.0], 'ConstantBackgroundEmitter.radiance.value': [1.0], 'PLYMesh.vertex_positions': [-0.20532116293907166, -0.887071430683136, 9.515372276306152, -0.19374915957450867, -0.8844664692878723, .. 243074 skipped .., 0.6309065818786621, 9.935796737670898, 0.16447286307811737, 0.6285756230354309, 9.951624870300293]}
Iteration 03
	total loss= 0.434911
Current scene parameters:
 	{'mat-Shape.brdf_0.clearcoat.value': [0.0], 'mat-Shape.brdf_0.clearcoat_gloss.value': [0.17320500314235687], 'mat-Shape.brdf_0.metallic.value': [0.0], 'mat-Shape.brdf_0.specular': [0.6189368367195129], 'mat-Shape.brdf_0.roughness.value': [0.38036346435546875], 'mat-Shape.brdf_0.base_color.data': TensorXf(shape=(512, 512, 3)), 'mat-Shape.brdf_0.anisotropic.value': [0.0], 'mat-Shape.brdf_0.spec_tint.value': [0.0], 'mat-Shape.brdf_0.sheen.value': [0.0], 'mat-Shape.brdf_0.sheen_tint.value': [0.5], 'mat-Shape.brdf_0.spec_trans.value': [0.0], 'mat-Shape.brdf_0.flatness.value': [0.0], 'ConstantBackgroundEmitter.radiance.value': [1.0], 'PLYMesh.vertex_positions': [-0.20532116293907166, -0.887071430683136, 9.515372276306152, -0.19374915957450867, -0.8844664692878723, .. 243074 skipped .., 0.6309065818786621, 9.935796737670898, 0.16447286307811737, 0.6285756230354309, 9.951624870300293]}
Iteration 04
	total loss= 0.417286
Current scene parameters:
 	{'mat-Shape.brdf_0.clearcoat.value': [0.0], 'mat-Shape.brdf_0.clearcoat_gloss.value': [0.17320500314235687], 'mat-Shape.brdf_0.metallic.value': [0.0], 'mat-Shape.brdf_0.specular': [0.6478846073150635], 'mat-Shape.brdf_0.roughness.value': [0.3507101535797119], 'mat-Shape.brdf_0.base_color.data': TensorXf(shape=(512, 512, 3)), 'mat-Shape.brdf_0.anisotropic.value': [0.0], 'mat-Shape.brdf_0.spec_tint.value': [0.0], 'mat-Shape.brdf_0.sheen.value': [0.0], 'mat-Shape.brdf_0.sheen_tint.value': [0.5], 'mat-Shape.brdf_0.spec_trans.value': [0.0], 'mat-Shape.brdf_0.flatness.value': [0.0], 'ConstantBackgroundEmitter.radiance.value': [1.0], 'PLYMesh.vertex_positions': [-0.20532116293907166, -0.887071430683136, 9.515372276306152, -0.19374915957450867, -0.8844664692878723, .. 243074 skipped .., 0.6309065818786621, 9.935796737670898, 0.16447286307811737, 0.6285756230354309, 9.951624870300293]}
Iteration 05
	total loss= 0.401840
Current scene parameters:
 	{'mat-Shape.brdf_0.clearcoat.value': [0.0], 'mat-Shape.brdf_0.clearcoat_gloss.value': [0.17320500314235687], 'mat-Shape.brdf_0.metallic.value': [0.0], 'mat-Shape.brdf_0.specular': [0.6762586236000061], 'mat-Shape.brdf_0.roughness.value': [0.3215942084789276], 'mat-Shape.brdf_0.base_color.data': TensorXf(shape=(512, 512, 3)), 'mat-Shape.brdf_0.anisotropic.value': [0.0], 'mat-Shape.brdf_0.spec_tint.value': [0.0], 'mat-Shape.brdf_0.sheen.value': [0.0], 'mat-Shape.brdf_0.sheen_tint.value': [0.5], 'mat-Shape.brdf_0.spec_trans.value': [0.0], 'mat-Shape.brdf_0.flatness.value': [0.0], 'ConstantBackgroundEmitter.radiance.value': [1.0], 'PLYMesh.vertex_positions': [-0.20532116293907166, -0.887071430683136, 9.515372276306152, -0.19374915957450867, -0.8844664692878723, .. 243074 skipped .., 0.6309065818786621, 9.935796737670898, 0.16447286307811737, 0.6285756230354309, 9.951624870300293]}
Iteration 06
	total loss= 0.387721
Current scene parameters:
 	{'mat-Shape.brdf_0.clearcoat.value': [0.0], 'mat-Shape.brdf_0.clearcoat_gloss.value': [0.17320500314235687], 'mat-Shape.brdf_0.metallic.value': [0.0], 'mat-Shape.brdf_0.specular': [0.7039275765419006], 'mat-Shape.brdf_0.roughness.value': [0.29288172721862793], 'mat-Shape.brdf_0.base_color.data': TensorXf(shape=(512, 512, 3)), 'mat-Shape.brdf_0.anisotropic.value': [0.0], 'mat-Shape.brdf_0.spec_tint.value': [0.0], 'mat-Shape.brdf_0.sheen.value': [0.0], 'mat-Shape.brdf_0.sheen_tint.value': [0.5], 'mat-Shape.brdf_0.spec_trans.value': [0.0], 'mat-Shape.brdf_0.flatness.value': [0.0], 'ConstantBackgroundEmitter.radiance.value': [1.0], 'PLYMesh.vertex_positions': [-0.20532116293907166, -0.887071430683136, 9.515372276306152, -0.19374915957450867, -0.8844664692878723, .. 243074 skipped .., 0.6309065818786621, 9.935796737670898, 0.16447286307811737, 0.6285756230354309, 9.951624870300293]}
Iteration 07
	total loss= 0.375618
Current scene parameters:
 	{'mat-Shape.brdf_0.clearcoat.value': [0.0], 'mat-Shape.brdf_0.clearcoat_gloss.value': [0.17320500314235687], 'mat-Shape.brdf_0.metallic.value': [0.0], 'mat-Shape.brdf_0.specular': [0.7307336926460266], 'mat-Shape.brdf_0.roughness.value': [0.2647336721420288], 'mat-Shape.brdf_0.base_color.data': TensorXf(shape=(512, 512, 3)), 'mat-Shape.brdf_0.anisotropic.value': [0.0], 'mat-Shape.brdf_0.spec_tint.value': [0.0], 'mat-Shape.brdf_0.sheen.value': [0.0], 'mat-Shape.brdf_0.sheen_tint.value': [0.5], 'mat-Shape.brdf_0.spec_trans.value': [0.0], 'mat-Shape.brdf_0.flatness.value': [0.0], 'ConstantBackgroundEmitter.radiance.value': [1.0], 'PLYMesh.vertex_positions': [-0.20532116293907166, -0.887071430683136, 9.515372276306152, -0.19374915957450867, -0.8844664692878723, .. 243074 skipped .., 0.6309065818786621, 9.935796737670898, 0.16447286307811737, 0.6285756230354309, 9.951624870300293]}
Iteration 08
	total loss= 0.364624
Current scene parameters:
 	{'mat-Shape.brdf_0.clearcoat.value': [0.0], 'mat-Shape.brdf_0.clearcoat_gloss.value': [0.17320500314235687], 'mat-Shape.brdf_0.metallic.value': [0.0], 'mat-Shape.brdf_0.specular': [0.7565147280693054], 'mat-Shape.brdf_0.roughness.value': [0.23755866289138794], 'mat-Shape.brdf_0.base_color.data': TensorXf(shape=(512, 512, 3)), 'mat-Shape.brdf_0.anisotropic.value': [0.0], 'mat-Shape.brdf_0.spec_tint.value': [0.0], 'mat-Shape.brdf_0.sheen.value': [0.0], 'mat-Shape.brdf_0.sheen_tint.value': [0.5], 'mat-Shape.brdf_0.spec_trans.value': [0.0], 'mat-Shape.brdf_0.flatness.value': [0.0], 'ConstantBackgroundEmitter.radiance.value': [1.0], 'PLYMesh.vertex_positions': [-0.20532116293907166, -0.887071430683136, 9.515372276306152, -0.19374915957450867, -0.8844664692878723, .. 243074 skipped .., 0.6309065818786621, 9.935796737670898, 0.16447286307811737, 0.6285756230354309, 9.951624870300293]}
Iteration 09
	total loss= 0.354678
Current scene parameters:
 	{'mat-Shape.brdf_0.clearcoat.value': [0.0], 'mat-Shape.brdf_0.clearcoat_gloss.value': [0.17320500314235687], 'mat-Shape.brdf_0.metallic.value': [0.0], 'mat-Shape.brdf_0.specular': [0.7810993790626526], 'mat-Shape.brdf_0.roughness.value': [0.21176543831825256], 'mat-Shape.brdf_0.base_color.data': TensorXf(shape=(512, 512, 3)), 'mat-Shape.brdf_0.anisotropic.value': [0.0], 'mat-Shape.brdf_0.spec_tint.value': [0.0], 'mat-Shape.brdf_0.sheen.value': [0.0], 'mat-Shape.brdf_0.sheen_tint.value': [0.5], 'mat-Shape.brdf_0.spec_trans.value': [0.0], 'mat-Shape.brdf_0.flatness.value': [0.0], 'ConstantBackgroundEmitter.radiance.value': [1.0], 'PLYMesh.vertex_positions': [-0.20532116293907166, -0.887071430683136, 9.515372276306152, -0.19374915957450867, -0.8844664692878723, .. 243074 skipped .., 0.6309065818786621, 9.935796737670898, 0.16447286307811737, 0.6285756230354309, 9.951624870300293]}
Iteration 10
	total loss= 0.346190
Current scene parameters:
 	{'mat-Shape.brdf_0.clearcoat.value': [0.0], 'mat-Shape.brdf_0.clearcoat_gloss.value': [0.17320500314235687], 'mat-Shape.brdf_0.metallic.value': [0.0], 'mat-Shape.brdf_0.specular': [0.804361879825592], 'mat-Shape.brdf_0.roughness.value': [0.18793396651744843], 'mat-Shape.brdf_0.base_color.data': TensorXf(shape=(512, 512, 3)), 'mat-Shape.brdf_0.anisotropic.value': [0.0], 'mat-Shape.brdf_0.spec_tint.value': [0.0], 'mat-Shape.brdf_0.sheen.value': [0.0], 'mat-Shape.brdf_0.sheen_tint.value': [0.5], 'mat-Shape.brdf_0.spec_trans.value': [0.0], 'mat-Shape.brdf_0.flatness.value': [0.0], 'ConstantBackgroundEmitter.radiance.value': [1.0], 'PLYMesh.vertex_positions': [-0.20532116293907166, -0.887071430683136, 9.515372276306152, -0.19374915957450867, -0.8844664692878723, .. 243074 skipped .., 0.6309065818786621, 9.935796737670898, 0.16447286307811737, 0.6285756230354309, 9.951624870300293]}
Iteration 11
	total loss= 0.337756
Current scene parameters:
 	{'mat-Shape.brdf_0.clearcoat.value': [0.0], 'mat-Shape.brdf_0.clearcoat_gloss.value': [0.17320500314235687], 'mat-Shape.brdf_0.metallic.value': [0.0], 'mat-Shape.brdf_0.specular': [0.8261760473251343], 'mat-Shape.brdf_0.roughness.value': [0.16489800810813904], 'mat-Shape.brdf_0.base_color.data': TensorXf(shape=(512, 512, 3)), 'mat-Shape.brdf_0.anisotropic.value': [0.0], 'mat-Shape.brdf_0.spec_tint.value': [0.0], 'mat-Shape.brdf_0.sheen.value': [0.0], 'mat-Shape.brdf_0.sheen_tint.value': [0.5], 'mat-Shape.brdf_0.spec_trans.value': [0.0], 'mat-Shape.brdf_0.flatness.value': [0.0], 'ConstantBackgroundEmitter.radiance.value': [1.0], 'PLYMesh.vertex_positions': [-0.20532116293907166, -0.887071430683136, 9.515372276306152, -0.19374915957450867, -0.8844664692878723, .. 243074 skipped .., 0.6309065818786621, 9.935796737670898, 0.16447286307811737, 0.6285756230354309, 9.951624870300293]}
Iteration 12
	total loss= 0.330799
Current scene parameters:
 	{'mat-Shape.brdf_0.clearcoat.value': [0.0], 'mat-Shape.brdf_0.clearcoat_gloss.value': [0.17320500314235687], 'mat-Shape.brdf_0.metallic.value': [0.0], 'mat-Shape.brdf_0.specular': [0.8464611768722534], 'mat-Shape.brdf_0.roughness.value': [0.14302025735378265], 'mat-Shape.brdf_0.base_color.data': TensorXf(shape=(512, 512, 3)), 'mat-Shape.brdf_0.anisotropic.value': [0.0], 'mat-Shape.brdf_0.spec_tint.value': [0.0], 'mat-Shape.brdf_0.sheen.value': [0.0], 'mat-Shape.brdf_0.sheen_tint.value': [0.5], 'mat-Shape.brdf_0.spec_trans.value': [0.0], 'mat-Shape.brdf_0.flatness.value': [0.0], 'ConstantBackgroundEmitter.radiance.value': [1.0], 'PLYMesh.vertex_positions': [-0.20532116293907166, -0.887071430683136, 9.515372276306152, -0.19374915957450867, -0.8844664692878723, .. 243074 skipped .., 0.6309065818786621, 9.935796737670898, 0.16447286307811737, 0.6285756230354309, 9.951624870300293]}
Iteration 13
	total loss= 0.325565
Current scene parameters:
 	{'mat-Shape.brdf_0.clearcoat.value': [0.0], 'mat-Shape.brdf_0.clearcoat_gloss.value': [0.17320500314235687], 'mat-Shape.brdf_0.metallic.value': [0.0], 'mat-Shape.brdf_0.specular': [0.8650121092796326], 'mat-Shape.brdf_0.roughness.value': [0.12345455586910248], 'mat-Shape.brdf_0.base_color.data': TensorXf(shape=(512, 512, 3)), 'mat-Shape.brdf_0.anisotropic.value': [0.0], 'mat-Shape.brdf_0.spec_tint.value': [0.0], 'mat-Shape.brdf_0.sheen.value': [0.0], 'mat-Shape.brdf_0.sheen_tint.value': [0.5], 'mat-Shape.brdf_0.spec_trans.value': [0.0], 'mat-Shape.brdf_0.flatness.value': [0.0], 'ConstantBackgroundEmitter.radiance.value': [1.0], 'PLYMesh.vertex_positions': [-0.20532116293907166, -0.887071430683136, 9.515372276306152, -0.19374915957450867, -0.8844664692878723, .. 243074 skipped .., 0.6309065818786621, 9.935796737670898, 0.16447286307811737, 0.6285756230354309, 9.951624870300293]}
Iteration 14
	total loss= 0.320232
Current scene parameters:
 	{'mat-Shape.brdf_0.clearcoat.value': [0.0], 'mat-Shape.brdf_0.clearcoat_gloss.value': [0.17320500314235687], 'mat-Shape.brdf_0.metallic.value': [0.0], 'mat-Shape.brdf_0.specular': [0.8816889524459839], 'mat-Shape.brdf_0.roughness.value': [0.10601198673248291], 'mat-Shape.brdf_0.base_color.data': TensorXf(shape=(512, 512, 3)), 'mat-Shape.brdf_0.anisotropic.value': [0.0], 'mat-Shape.brdf_0.spec_tint.value': [0.0], 'mat-Shape.brdf_0.sheen.value': [0.0], 'mat-Shape.brdf_0.sheen_tint.value': [0.5], 'mat-Shape.brdf_0.spec_trans.value': [0.0], 'mat-Shape.brdf_0.flatness.value': [0.0], 'ConstantBackgroundEmitter.radiance.value': [1.0], 'PLYMesh.vertex_positions': [-0.20532116293907166, -0.887071430683136, 9.515372276306152, -0.19374915957450867, -0.8844664692878723, .. 243074 skipped .., 0.6309065818786621, 9.935796737670898, 0.16447286307811737, 0.6285756230354309, 9.951624870300293]}
Iteration 15
	total loss= 0.314496
Current scene parameters:
 	{'mat-Shape.brdf_0.clearcoat.value': [0.0], 'mat-Shape.brdf_0.clearcoat_gloss.value': [0.17320500314235687], 'mat-Shape.brdf_0.metallic.value': [0.0], 'mat-Shape.brdf_0.specular': [0.8964065909385681], 'mat-Shape.brdf_0.roughness.value': [0.09180301427841187], 'mat-Shape.brdf_0.base_color.data': TensorXf(shape=(512, 512, 3)), 'mat-Shape.brdf_0.anisotropic.value': [0.0], 'mat-Shape.brdf_0.spec_tint.value': [0.0], 'mat-Shape.brdf_0.sheen.value': [0.0], 'mat-Shape.brdf_0.sheen_tint.value': [0.5], 'mat-Shape.brdf_0.spec_trans.value': [0.0], 'mat-Shape.brdf_0.flatness.value': [0.0], 'ConstantBackgroundEmitter.radiance.value': [1.0], 'PLYMesh.vertex_positions': [-0.20532116293907166, -0.887071430683136, 9.515372276306152, -0.19374915957450867, -0.8844664692878723, .. 243074 skipped .., 0.6309065818786621, 9.935796737670898, 0.16447286307811737, 0.6285756230354309, 9.951624870300293]}
Iteration 16
	total loss= 0.310510
Current scene parameters:
 	{'mat-Shape.brdf_0.clearcoat.value': [0.0], 'mat-Shape.brdf_0.clearcoat_gloss.value': [0.17320500314235687], 'mat-Shape.brdf_0.metallic.value': [0.0], 'mat-Shape.brdf_0.specular': [0.9091234803199768], 'mat-Shape.brdf_0.roughness.value': [0.07806824892759323], 'mat-Shape.brdf_0.base_color.data': TensorXf(shape=(512, 512, 3)), 'mat-Shape.brdf_0.anisotropic.value': [0.0], 'mat-Shape.brdf_0.spec_tint.value': [0.0], 'mat-Shape.brdf_0.sheen.value': [0.0], 'mat-Shape.brdf_0.sheen_tint.value': [0.5], 'mat-Shape.brdf_0.spec_trans.value': [0.0], 'mat-Shape.brdf_0.flatness.value': [0.0], 'ConstantBackgroundEmitter.radiance.value': [1.0], 'PLYMesh.vertex_positions': [-0.20532116293907166, -0.887071430683136, 9.515372276306152, -0.19374915957450867, -0.8844664692878723, .. 243074 skipped .., 0.6309065818786621, 9.935796737670898, 0.16447286307811737, 0.6285756230354309, 9.951624870300293]}
Iteration 17
	total loss= 0.309299
Current scene parameters:
 	{'mat-Shape.brdf_0.clearcoat.value': [0.0], 'mat-Shape.brdf_0.clearcoat_gloss.value': [0.17320500314235687], 'mat-Shape.brdf_0.metallic.value': [0.0], 'mat-Shape.brdf_0.specular': [0.9198007583618164], 'mat-Shape.brdf_0.roughness.value': [0.06546243280172348], 'mat-Shape.brdf_0.base_color.data': TensorXf(shape=(512, 512, 3)), 'mat-Shape.brdf_0.anisotropic.value': [0.0], 'mat-Shape.brdf_0.spec_tint.value': [0.0], 'mat-Shape.brdf_0.sheen.value': [0.0], 'mat-Shape.brdf_0.sheen_tint.value': [0.5], 'mat-Shape.brdf_0.spec_trans.value': [0.0], 'mat-Shape.brdf_0.flatness.value': [0.0], 'ConstantBackgroundEmitter.radiance.value': [1.0], 'PLYMesh.vertex_positions': [-0.20532116293907166, -0.887071430683136, 9.515372276306152, -0.19374915957450867, -0.8844664692878723, .. 243074 skipped .., 0.6309065818786621, 9.935796737670898, 0.16447286307811737, 0.6285756230354309, 9.951624870300293]}
Iteration 18
	total loss= 0.305401
Current scene parameters:
 	{'mat-Shape.brdf_0.clearcoat.value': [0.0], 'mat-Shape.brdf_0.clearcoat_gloss.value': [0.17320500314235687], 'mat-Shape.brdf_0.metallic.value': [0.0], 'mat-Shape.brdf_0.specular': [0.9285118579864502], 'mat-Shape.brdf_0.roughness.value': [0.055754873901605606], 'mat-Shape.brdf_0.base_color.data': TensorXf(shape=(512, 512, 3)), 'mat-Shape.brdf_0.anisotropic.value': [0.0], 'mat-Shape.brdf_0.spec_tint.value': [0.0], 'mat-Shape.brdf_0.sheen.value': [0.0], 'mat-Shape.brdf_0.sheen_tint.value': [0.5], 'mat-Shape.brdf_0.spec_trans.value': [0.0], 'mat-Shape.brdf_0.flatness.value': [0.0], 'ConstantBackgroundEmitter.radiance.value': [1.0], 'PLYMesh.vertex_positions': [-0.20532116293907166, -0.887071430683136, 9.515372276306152, -0.19374915957450867, -0.8844664692878723, .. 243074 skipped .., 0.6309065818786621, 9.935796737670898, 0.16447286307811737, 0.6285756230354309, 9.951624870300293]}
Iteration 19
	total loss= 0.300993
Current scene parameters:
 	{'mat-Shape.brdf_0.clearcoat.value': [0.0], 'mat-Shape.brdf_0.clearcoat_gloss.value': [0.17320500314235687], 'mat-Shape.brdf_0.metallic.value': [0.0], 'mat-Shape.brdf_0.specular': [0.9351320862770081], 'mat-Shape.brdf_0.roughness.value': [0.047635652124881744], 'mat-Shape.brdf_0.base_color.data': TensorXf(shape=(512, 512, 3)), 'mat-Shape.brdf_0.anisotropic.value': [0.0], 'mat-Shape.brdf_0.spec_tint.value': [0.0], 'mat-Shape.brdf_0.sheen.value': [0.0], 'mat-Shape.brdf_0.sheen_tint.value': [0.5], 'mat-Shape.brdf_0.spec_trans.value': [0.0], 'mat-Shape.brdf_0.flatness.value': [0.0], 'ConstantBackgroundEmitter.radiance.value': [1.0], 'PLYMesh.vertex_positions': [-0.20532116293907166, -0.887071430683136, 9.515372276306152, -0.19374915957450867, -0.8844664692878723, .. 243074 skipped .., 0.6309065818786621, 9.935796737670898, 0.16447286307811737, 0.6285756230354309, 9.951624870300293]}
Iteration 20
	total loss= 0.299548
Current scene parameters:
 	{'mat-Shape.brdf_0.clearcoat.value': [0.0], 'mat-Shape.brdf_0.clearcoat_gloss.value': [0.17320500314235687], 'mat-Shape.brdf_0.metallic.value': [0.0], 'mat-Shape.brdf_0.specular': [0.9397478699684143], 'mat-Shape.brdf_0.roughness.value': [0.0420537143945694], 'mat-Shape.brdf_0.base_color.data': TensorXf(shape=(512, 512, 3)), 'mat-Shape.brdf_0.anisotropic.value': [0.0], 'mat-Shape.brdf_0.spec_tint.value': [0.0], 'mat-Shape.brdf_0.sheen.value': [0.0], 'mat-Shape.brdf_0.sheen_tint.value': [0.5], 'mat-Shape.brdf_0.spec_trans.value': [0.0], 'mat-Shape.brdf_0.flatness.value': [0.0], 'ConstantBackgroundEmitter.radiance.value': [1.0], 'PLYMesh.vertex_positions': [-0.20532116293907166, -0.887071430683136, 9.515372276306152, -0.19374915957450867, -0.8844664692878723, .. 243074 skipped .., 0.6309065818786621, 9.935796737670898, 0.16447286307811737, 0.6285756230354309, 9.951624870300293]}
Iteration 21
	total loss= 0.296104
Current scene parameters:
 	{'mat-Shape.brdf_0.clearcoat.value': [0.0], 'mat-Shape.brdf_0.clearcoat_gloss.value': [0.17320500314235687], 'mat-Shape.brdf_0.metallic.value': [0.0], 'mat-Shape.brdf_0.specular': [0.9423341155052185], 'mat-Shape.brdf_0.roughness.value': [0.0404500737786293], 'mat-Shape.brdf_0.base_color.data': TensorXf(shape=(512, 512, 3)), 'mat-Shape.brdf_0.anisotropic.value': [0.0], 'mat-Shape.brdf_0.spec_tint.value': [0.0], 'mat-Shape.brdf_0.sheen.value': [0.0], 'mat-Shape.brdf_0.sheen_tint.value': [0.5], 'mat-Shape.brdf_0.spec_trans.value': [0.0], 'mat-Shape.brdf_0.flatness.value': [0.0], 'ConstantBackgroundEmitter.radiance.value': [1.0], 'PLYMesh.vertex_positions': [-0.20532116293907166, -0.887071430683136, 9.515372276306152, -0.19374915957450867, -0.8844664692878723, .. 243074 skipped .., 0.6309065818786621, 9.935796737670898, 0.16447286307811737, 0.6285756230354309, 9.951624870300293]}
Iteration 22
	total loss= 0.294096
Current scene parameters:
 	{'mat-Shape.brdf_0.clearcoat.value': [0.0], 'mat-Shape.brdf_0.clearcoat_gloss.value': [0.17320500314235687], 'mat-Shape.brdf_0.metallic.value': [0.0], 'mat-Shape.brdf_0.specular': [0.942959189414978], 'mat-Shape.brdf_0.roughness.value': [0.03544757142663002], 'mat-Shape.brdf_0.base_color.data': TensorXf(shape=(512, 512, 3)), 'mat-Shape.brdf_0.anisotropic.value': [0.0], 'mat-Shape.brdf_0.spec_tint.value': [0.0], 'mat-Shape.brdf_0.sheen.value': [0.0], 'mat-Shape.brdf_0.sheen_tint.value': [0.5], 'mat-Shape.brdf_0.spec_trans.value': [0.0], 'mat-Shape.brdf_0.flatness.value': [0.0], 'ConstantBackgroundEmitter.radiance.value': [1.0], 'PLYMesh.vertex_positions': [-0.20532116293907166, -0.887071430683136, 9.515372276306152, -0.19374915957450867, -0.8844664692878723, .. 243074 skipped .., 0.6309065818786621, 9.935796737670898, 0.16447286307811737, 0.6285756230354309, 9.951624870300293]}
Iteration 23
	total loss= 0.292916
Current scene parameters:
 	{'mat-Shape.brdf_0.clearcoat.value': [0.0], 'mat-Shape.brdf_0.clearcoat_gloss.value': [0.17320500314235687], 'mat-Shape.brdf_0.metallic.value': [0.0], 'mat-Shape.brdf_0.specular': [0.9416295289993286], 'mat-Shape.brdf_0.roughness.value': [0.02869746834039688], 'mat-Shape.brdf_0.base_color.data': TensorXf(shape=(512, 512, 3)), 'mat-Shape.brdf_0.anisotropic.value': [0.0], 'mat-Shape.brdf_0.spec_tint.value': [0.0], 'mat-Shape.brdf_0.sheen.value': [0.0], 'mat-Shape.brdf_0.sheen_tint.value': [0.5], 'mat-Shape.brdf_0.spec_trans.value': [0.0], 'mat-Shape.brdf_0.flatness.value': [0.0], 'ConstantBackgroundEmitter.radiance.value': [1.0], 'PLYMesh.vertex_positions': [-0.20532116293907166, -0.887071430683136, 9.515372276306152, -0.19374915957450867, -0.8844664692878723, .. 243074 skipped .., 0.6309065818786621, 9.935796737670898, 0.16447286307811737, 0.6285756230354309, 9.951624870300293]}
Iteration 24
	total loss= 0.291043
Current scene parameters:
 	{'mat-Shape.brdf_0.clearcoat.value': [0.0], 'mat-Shape.brdf_0.clearcoat_gloss.value': [0.17320500314235687], 'mat-Shape.brdf_0.metallic.value': [0.0], 'mat-Shape.brdf_0.specular': [0.9384565949440002], 'mat-Shape.brdf_0.roughness.value': [0.023150842636823654], 'mat-Shape.brdf_0.base_color.data': TensorXf(shape=(512, 512, 3)), 'mat-Shape.brdf_0.anisotropic.value': [0.0], 'mat-Shape.brdf_0.spec_tint.value': [0.0], 'mat-Shape.brdf_0.sheen.value': [0.0], 'mat-Shape.brdf_0.sheen_tint.value': [0.5], 'mat-Shape.brdf_0.spec_trans.value': [0.0], 'mat-Shape.brdf_0.flatness.value': [0.0], 'ConstantBackgroundEmitter.radiance.value': [1.0], 'PLYMesh.vertex_positions': [-0.20532116293907166, -0.887071430683136, 9.515372276306152, -0.19374915957450867, -0.8844664692878723, .. 243074 skipped .., 0.6309065818786621, 9.935796737670898, 0.16447286307811737, 0.6285756230354309, 9.951624870300293]}
Iteration 25
	total loss= 0.290471
Current scene parameters:
 	{'mat-Shape.brdf_0.clearcoat.value': [0.0], 'mat-Shape.brdf_0.clearcoat_gloss.value': [0.17320500314235687], 'mat-Shape.brdf_0.metallic.value': [0.0], 'mat-Shape.brdf_0.specular': [0.9335364103317261], 'mat-Shape.brdf_0.roughness.value': [0.01872936822474003], 'mat-Shape.brdf_0.base_color.data': TensorXf(shape=(512, 512, 3)), 'mat-Shape.brdf_0.anisotropic.value': [0.0], 'mat-Shape.brdf_0.spec_tint.value': [0.0], 'mat-Shape.brdf_0.sheen.value': [0.0], 'mat-Shape.brdf_0.sheen_tint.value': [0.5], 'mat-Shape.brdf_0.spec_trans.value': [0.0], 'mat-Shape.brdf_0.flatness.value': [0.0], 'ConstantBackgroundEmitter.radiance.value': [1.0], 'PLYMesh.vertex_positions': [-0.20532116293907166, -0.887071430683136, 9.515372276306152, -0.19374915957450867, -0.8844664692878723, .. 243074 skipped .., 0.6309065818786621, 9.935796737670898, 0.16447286307811737, 0.6285756230354309, 9.951624870300293]}
Iteration 26
	total loss= 0.287315
Current scene parameters:
 	{'mat-Shape.brdf_0.clearcoat.value': [0.0], 'mat-Shape.brdf_0.clearcoat_gloss.value': [0.17320500314235687], 'mat-Shape.brdf_0.metallic.value': [0.0], 'mat-Shape.brdf_0.specular': [0.9269431829452515], 'mat-Shape.brdf_0.roughness.value': [0.015249176882207394], 'mat-Shape.brdf_0.base_color.data': TensorXf(shape=(512, 512, 3)), 'mat-Shape.brdf_0.anisotropic.value': [0.0], 'mat-Shape.brdf_0.spec_tint.value': [0.0], 'mat-Shape.brdf_0.sheen.value': [0.0], 'mat-Shape.brdf_0.sheen_tint.value': [0.5], 'mat-Shape.brdf_0.spec_trans.value': [0.0], 'mat-Shape.brdf_0.flatness.value': [0.0], 'ConstantBackgroundEmitter.radiance.value': [1.0], 'PLYMesh.vertex_positions': [-0.20532116293907166, -0.887071430683136, 9.515372276306152, -0.19374915957450867, -0.8844664692878723, .. 243074 skipped .., 0.6309065818786621, 9.935796737670898, 0.16447286307811737, 0.6285756230354309, 9.951624870300293]}
Iteration 27
	total loss= 0.288111
Current scene parameters:
 	{'mat-Shape.brdf_0.clearcoat.value': [0.0], 'mat-Shape.brdf_0.clearcoat_gloss.value': [0.17320500314235687], 'mat-Shape.brdf_0.metallic.value': [0.0], 'mat-Shape.brdf_0.specular': [0.9188966155052185], 'mat-Shape.brdf_0.roughness.value': [0.01261746697127819], 'mat-Shape.brdf_0.base_color.data': TensorXf(shape=(512, 512, 3)), 'mat-Shape.brdf_0.anisotropic.value': [0.0], 'mat-Shape.brdf_0.spec_tint.value': [0.0], 'mat-Shape.brdf_0.sheen.value': [0.0], 'mat-Shape.brdf_0.sheen_tint.value': [0.5], 'mat-Shape.brdf_0.spec_trans.value': [0.0], 'mat-Shape.brdf_0.flatness.value': [0.0], 'ConstantBackgroundEmitter.radiance.value': [1.0], 'PLYMesh.vertex_positions': [-0.20532116293907166, -0.887071430683136, 9.515372276306152, -0.19374915957450867, -0.8844664692878723, .. 243074 skipped .., 0.6309065818786621, 9.935796737670898, 0.16447286307811737, 0.6285756230354309, 9.951624870300293]}
Iteration 28
	total loss= 0.286645
Current scene parameters:
 	{'mat-Shape.brdf_0.clearcoat.value': [0.0], 'mat-Shape.brdf_0.clearcoat_gloss.value': [0.17320500314235687], 'mat-Shape.brdf_0.metallic.value': [0.0], 'mat-Shape.brdf_0.specular': [0.9095416069030762], 'mat-Shape.brdf_0.roughness.value': [0.01077975332736969], 'mat-Shape.brdf_0.base_color.data': TensorXf(shape=(512, 512, 3)), 'mat-Shape.brdf_0.anisotropic.value': [0.0], 'mat-Shape.brdf_0.spec_tint.value': [0.0], 'mat-Shape.brdf_0.sheen.value': [0.0], 'mat-Shape.brdf_0.sheen_tint.value': [0.5], 'mat-Shape.brdf_0.spec_trans.value': [0.0], 'mat-Shape.brdf_0.flatness.value': [0.0], 'ConstantBackgroundEmitter.radiance.value': [1.0], 'PLYMesh.vertex_positions': [-0.20532116293907166, -0.887071430683136, 9.515372276306152, -0.19374915957450867, -0.8844664692878723, .. 243074 skipped .., 0.6309065818786621, 9.935796737670898, 0.16447286307811737, 0.6285756230354309, 9.951624870300293]}
Iteration 29
	total loss= 0.284498
Current scene parameters:
 	{'mat-Shape.brdf_0.clearcoat.value': [0.0], 'mat-Shape.brdf_0.clearcoat_gloss.value': [0.17320500314235687], 'mat-Shape.brdf_0.metallic.value': [0.0], 'mat-Shape.brdf_0.specular': [0.8989322781562805], 'mat-Shape.brdf_0.roughness.value': [0.009667242877185345], 'mat-Shape.brdf_0.base_color.data': TensorXf(shape=(512, 512, 3)), 'mat-Shape.brdf_0.anisotropic.value': [0.0], 'mat-Shape.brdf_0.spec_tint.value': [0.0], 'mat-Shape.brdf_0.sheen.value': [0.0], 'mat-Shape.brdf_0.sheen_tint.value': [0.5], 'mat-Shape.brdf_0.spec_trans.value': [0.0], 'mat-Shape.brdf_0.flatness.value': [0.0], 'ConstantBackgroundEmitter.radiance.value': [1.0], 'PLYMesh.vertex_positions': [-0.20532116293907166, -0.887071430683136, 9.515372276306152, -0.19374915957450867, -0.8844664692878723, .. 243074 skipped .., 0.6309065818786621, 9.935796737670898, 0.16447286307811737, 0.6285756230354309, 9.951624870300293]}
Iteration 30
	total loss= 0.283420
Current scene parameters:
 	{'mat-Shape.brdf_0.clearcoat.value': [0.0], 'mat-Shape.brdf_0.clearcoat_gloss.value': [0.17320500314235687], 'mat-Shape.brdf_0.metallic.value': [0.0], 'mat-Shape.brdf_0.specular': [0.8872211575508118], 'mat-Shape.brdf_0.roughness.value': [0.009209781885147095], 'mat-Shape.brdf_0.base_color.data': TensorXf(shape=(512, 512, 3)), 'mat-Shape.brdf_0.anisotropic.value': [0.0], 'mat-Shape.brdf_0.spec_tint.value': [0.0], 'mat-Shape.brdf_0.sheen.value': [0.0], 'mat-Shape.brdf_0.sheen_tint.value': [0.5], 'mat-Shape.brdf_0.spec_trans.value': [0.0], 'mat-Shape.brdf_0.flatness.value': [0.0], 'ConstantBackgroundEmitter.radiance.value': [1.0], 'PLYMesh.vertex_positions': [-0.20532116293907166, -0.887071430683136, 9.515372276306152, -0.19374915957450867, -0.8844664692878723, .. 243074 skipped .., 0.6309065818786621, 9.935796737670898, 0.16447286307811737, 0.6285756230354309, 9.951624870300293]}
Iteration 31
	total loss= 0.282492
Current scene parameters:
 	{'mat-Shape.brdf_0.clearcoat.value': [0.0], 'mat-Shape.brdf_0.clearcoat_gloss.value': [0.17320500314235687], 'mat-Shape.brdf_0.metallic.value': [0.0], 'mat-Shape.brdf_0.specular': [0.8745173811912537], 'mat-Shape.brdf_0.roughness.value': [0.009367532096803188], 'mat-Shape.brdf_0.base_color.data': TensorXf(shape=(512, 512, 3)), 'mat-Shape.brdf_0.anisotropic.value': [0.0], 'mat-Shape.brdf_0.spec_tint.value': [0.0], 'mat-Shape.brdf_0.sheen.value': [0.0], 'mat-Shape.brdf_0.sheen_tint.value': [0.5], 'mat-Shape.brdf_0.spec_trans.value': [0.0], 'mat-Shape.brdf_0.flatness.value': [0.0], 'ConstantBackgroundEmitter.radiance.value': [1.0], 'PLYMesh.vertex_positions': [-0.20532116293907166, -0.887071430683136, 9.515372276306152, -0.19374915957450867, -0.8844664692878723, .. 243074 skipped .., 0.6309065818786621, 9.935796737670898, 0.16447286307811737, 0.6285756230354309, 9.951624870300293]}
Iteration 32
	total loss= 0.282911
Current scene parameters:
 	{'mat-Shape.brdf_0.clearcoat.value': [0.0], 'mat-Shape.brdf_0.clearcoat_gloss.value': [0.17320500314235687], 'mat-Shape.brdf_0.metallic.value': [0.0], 'mat-Shape.brdf_0.specular': [0.861045777797699], 'mat-Shape.brdf_0.roughness.value': [0.010088261216878891], 'mat-Shape.brdf_0.base_color.data': TensorXf(shape=(512, 512, 3)), 'mat-Shape.brdf_0.anisotropic.value': [0.0], 'mat-Shape.brdf_0.spec_tint.value': [0.0], 'mat-Shape.brdf_0.sheen.value': [0.0], 'mat-Shape.brdf_0.sheen_tint.value': [0.5], 'mat-Shape.brdf_0.spec_trans.value': [0.0], 'mat-Shape.brdf_0.flatness.value': [0.0], 'ConstantBackgroundEmitter.radiance.value': [1.0], 'PLYMesh.vertex_positions': [-0.20532116293907166, -0.887071430683136, 9.515372276306152, -0.19374915957450867, -0.8844664692878723, .. 243074 skipped .., 0.6309065818786621, 9.935796737670898, 0.16447286307811737, 0.6285756230354309, 9.951624870300293]}
Iteration 33
	total loss= 0.282539
Current scene parameters:
 	{'mat-Shape.brdf_0.clearcoat.value': [0.0], 'mat-Shape.brdf_0.clearcoat_gloss.value': [0.17320500314235687], 'mat-Shape.brdf_0.metallic.value': [0.0], 'mat-Shape.brdf_0.specular': [0.8468708992004395], 'mat-Shape.brdf_0.roughness.value': [0.011187414638698101], 'mat-Shape.brdf_0.base_color.data': TensorXf(shape=(512, 512, 3)), 'mat-Shape.brdf_0.anisotropic.value': [0.0], 'mat-Shape.brdf_0.spec_tint.value': [0.0], 'mat-Shape.brdf_0.sheen.value': [0.0], 'mat-Shape.brdf_0.sheen_tint.value': [0.5], 'mat-Shape.brdf_0.spec_trans.value': [0.0], 'mat-Shape.brdf_0.flatness.value': [0.0], 'ConstantBackgroundEmitter.radiance.value': [1.0], 'PLYMesh.vertex_positions': [-0.20532116293907166, -0.887071430683136, 9.515372276306152, -0.19374915957450867, -0.8844664692878723, .. 243074 skipped .., 0.6309065818786621, 9.935796737670898, 0.16447286307811737, 0.6285756230354309, 9.951624870300293]}
Iteration 34
	total loss= 0.280025
Current scene parameters:
 	{'mat-Shape.brdf_0.clearcoat.value': [0.0], 'mat-Shape.brdf_0.clearcoat_gloss.value': [0.17320500314235687], 'mat-Shape.brdf_0.metallic.value': [0.0], 'mat-Shape.brdf_0.specular': [0.8320083618164062], 'mat-Shape.brdf_0.roughness.value': [0.01269974373281002], 'mat-Shape.brdf_0.base_color.data': TensorXf(shape=(512, 512, 3)), 'mat-Shape.brdf_0.anisotropic.value': [0.0], 'mat-Shape.brdf_0.spec_tint.value': [0.0], 'mat-Shape.brdf_0.sheen.value': [0.0], 'mat-Shape.brdf_0.sheen_tint.value': [0.5], 'mat-Shape.brdf_0.spec_trans.value': [0.0], 'mat-Shape.brdf_0.flatness.value': [0.0], 'ConstantBackgroundEmitter.radiance.value': [1.0], 'PLYMesh.vertex_positions': [-0.20532116293907166, -0.887071430683136, 9.515372276306152, -0.19374915957450867, -0.8844664692878723, .. 243074 skipped .., 0.6309065818786621, 9.935796737670898, 0.16447286307811737, 0.6285756230354309, 9.951624870300293]}
Iteration 35
	total loss= 0.281596
Current scene parameters:
 	{'mat-Shape.brdf_0.clearcoat.value': [0.0], 'mat-Shape.brdf_0.clearcoat_gloss.value': [0.17320500314235687], 'mat-Shape.brdf_0.metallic.value': [0.0], 'mat-Shape.brdf_0.specular': [0.8166935443878174], 'mat-Shape.brdf_0.roughness.value': [0.014660363085567951], 'mat-Shape.brdf_0.base_color.data': TensorXf(shape=(512, 512, 3)), 'mat-Shape.brdf_0.anisotropic.value': [0.0], 'mat-Shape.brdf_0.spec_tint.value': [0.0], 'mat-Shape.brdf_0.sheen.value': [0.0], 'mat-Shape.brdf_0.sheen_tint.value': [0.5], 'mat-Shape.brdf_0.spec_trans.value': [0.0], 'mat-Shape.brdf_0.flatness.value': [0.0], 'ConstantBackgroundEmitter.radiance.value': [1.0], 'PLYMesh.vertex_positions': [-0.20532116293907166, -0.887071430683136, 9.515372276306152, -0.19374915957450867, -0.8844664692878723, .. 243074 skipped .., 0.6309065818786621, 9.935796737670898, 0.16447286307811737, 0.6285756230354309, 9.951624870300293]}
Iteration 36
	total loss= 0.279680
Current scene parameters:
 	{'mat-Shape.brdf_0.clearcoat.value': [0.0], 'mat-Shape.brdf_0.clearcoat_gloss.value': [0.17320500314235687], 'mat-Shape.brdf_0.metallic.value': [0.0], 'mat-Shape.brdf_0.specular': [0.80106121301651], 'mat-Shape.brdf_0.roughness.value': [0.01703883521258831], 'mat-Shape.brdf_0.base_color.data': TensorXf(shape=(512, 512, 3)), 'mat-Shape.brdf_0.anisotropic.value': [0.0], 'mat-Shape.brdf_0.spec_tint.value': [0.0], 'mat-Shape.brdf_0.sheen.value': [0.0], 'mat-Shape.brdf_0.sheen_tint.value': [0.5], 'mat-Shape.brdf_0.spec_trans.value': [0.0], 'mat-Shape.brdf_0.flatness.value': [0.0], 'ConstantBackgroundEmitter.radiance.value': [1.0], 'PLYMesh.vertex_positions': [-0.20532116293907166, -0.887071430683136, 9.515372276306152, -0.19374915957450867, -0.8844664692878723, .. 243074 skipped .., 0.6309065818786621, 9.935796737670898, 0.16447286307811737, 0.6285756230354309, 9.951624870300293]}
Iteration 37
	total loss= 0.278180
Current scene parameters:
 	{'mat-Shape.brdf_0.clearcoat.value': [0.0], 'mat-Shape.brdf_0.clearcoat_gloss.value': [0.17320500314235687], 'mat-Shape.brdf_0.metallic.value': [0.0], 'mat-Shape.brdf_0.specular': [0.7851752042770386], 'mat-Shape.brdf_0.roughness.value': [0.019719338044524193], 'mat-Shape.brdf_0.base_color.data': TensorXf(shape=(512, 512, 3)), 'mat-Shape.brdf_0.anisotropic.value': [0.0], 'mat-Shape.brdf_0.spec_tint.value': [0.0], 'mat-Shape.brdf_0.sheen.value': [0.0], 'mat-Shape.brdf_0.sheen_tint.value': [0.5], 'mat-Shape.brdf_0.spec_trans.value': [0.0], 'mat-Shape.brdf_0.flatness.value': [0.0], 'ConstantBackgroundEmitter.radiance.value': [1.0], 'PLYMesh.vertex_positions': [-0.20532116293907166, -0.887071430683136, 9.515372276306152, -0.19374915957450867, -0.8844664692878723, .. 243074 skipped .., 0.6309065818786621, 9.935796737670898, 0.16447286307811737, 0.6285756230354309, 9.951624870300293]}
Iteration 38
	total loss= 0.278024
Current scene parameters:
 	{'mat-Shape.brdf_0.clearcoat.value': [0.0], 'mat-Shape.brdf_0.clearcoat_gloss.value': [0.17320500314235687], 'mat-Shape.brdf_0.metallic.value': [0.0], 'mat-Shape.brdf_0.specular': [0.7691078186035156], 'mat-Shape.brdf_0.roughness.value': [0.022707460448145866], 'mat-Shape.brdf_0.base_color.data': TensorXf(shape=(512, 512, 3)), 'mat-Shape.brdf_0.anisotropic.value': [0.0], 'mat-Shape.brdf_0.spec_tint.value': [0.0], 'mat-Shape.brdf_0.sheen.value': [0.0], 'mat-Shape.brdf_0.sheen_tint.value': [0.5], 'mat-Shape.brdf_0.spec_trans.value': [0.0], 'mat-Shape.brdf_0.flatness.value': [0.0], 'ConstantBackgroundEmitter.radiance.value': [1.0], 'PLYMesh.vertex_positions': [-0.20532116293907166, -0.887071430683136, 9.515372276306152, -0.19374915957450867, -0.8844664692878723, .. 243074 skipped .., 0.6309065818786621, 9.935796737670898, 0.16447286307811737, 0.6285756230354309, 9.951624870300293]}
Iteration 39
	total loss= 0.279022
Current scene parameters:
 	{'mat-Shape.brdf_0.clearcoat.value': [0.0], 'mat-Shape.brdf_0.clearcoat_gloss.value': [0.17320500314235687], 'mat-Shape.brdf_0.metallic.value': [0.0], 'mat-Shape.brdf_0.specular': [0.7530134916305542], 'mat-Shape.brdf_0.roughness.value': [0.025996629148721695], 'mat-Shape.brdf_0.base_color.data': TensorXf(shape=(512, 512, 3)), 'mat-Shape.brdf_0.anisotropic.value': [0.0], 'mat-Shape.brdf_0.spec_tint.value': [0.0], 'mat-Shape.brdf_0.sheen.value': [0.0], 'mat-Shape.brdf_0.sheen_tint.value': [0.5], 'mat-Shape.brdf_0.spec_trans.value': [0.0], 'mat-Shape.brdf_0.flatness.value': [0.0], 'ConstantBackgroundEmitter.radiance.value': [1.0], 'PLYMesh.vertex_positions': [-0.20532116293907166, -0.887071430683136, 9.515372276306152, -0.19374915957450867, -0.8844664692878723, .. 243074 skipped .., 0.6309065818786621, 9.935796737670898, 0.16447286307811737, 0.6285756230354309, 9.951624870300293]}
Iteration 40
	total loss= 0.277443
Current scene parameters:
 	{'mat-Shape.brdf_0.clearcoat.value': [0.0], 'mat-Shape.brdf_0.clearcoat_gloss.value': [0.17320500314235687], 'mat-Shape.brdf_0.metallic.value': [0.0], 'mat-Shape.brdf_0.specular': [0.7369875907897949], 'mat-Shape.brdf_0.roughness.value': [0.02956433594226837], 'mat-Shape.brdf_0.base_color.data': TensorXf(shape=(512, 512, 3)), 'mat-Shape.brdf_0.anisotropic.value': [0.0], 'mat-Shape.brdf_0.spec_tint.value': [0.0], 'mat-Shape.brdf_0.sheen.value': [0.0], 'mat-Shape.brdf_0.sheen_tint.value': [0.5], 'mat-Shape.brdf_0.spec_trans.value': [0.0], 'mat-Shape.brdf_0.flatness.value': [0.0], 'ConstantBackgroundEmitter.radiance.value': [1.0], 'PLYMesh.vertex_positions': [-0.20532116293907166, -0.887071430683136, 9.515372276306152, -0.19374915957450867, -0.8844664692878723, .. 243074 skipped .., 0.6309065818786621, 9.935796737670898, 0.16447286307811737, 0.6285756230354309, 9.951624870300293]}
Iteration 41
	total loss= 0.276678
Current scene parameters:
 	{'mat-Shape.brdf_0.clearcoat.value': [0.0], 'mat-Shape.brdf_0.clearcoat_gloss.value': [0.17320500314235687], 'mat-Shape.brdf_0.metallic.value': [0.0], 'mat-Shape.brdf_0.specular': [0.721142053604126], 'mat-Shape.brdf_0.roughness.value': [0.03340047970414162], 'mat-Shape.brdf_0.base_color.data': TensorXf(shape=(512, 512, 3)), 'mat-Shape.brdf_0.anisotropic.value': [0.0], 'mat-Shape.brdf_0.spec_tint.value': [0.0], 'mat-Shape.brdf_0.sheen.value': [0.0], 'mat-Shape.brdf_0.sheen_tint.value': [0.5], 'mat-Shape.brdf_0.spec_trans.value': [0.0], 'mat-Shape.brdf_0.flatness.value': [0.0], 'ConstantBackgroundEmitter.radiance.value': [1.0], 'PLYMesh.vertex_positions': [-0.20532116293907166, -0.887071430683136, 9.515372276306152, -0.19374915957450867, -0.8844664692878723, .. 243074 skipped .., 0.6309065818786621, 9.935796737670898, 0.16447286307811737, 0.6285756230354309, 9.951624870300293]}
Iteration 42
	total loss= 0.275663
Current scene parameters:
 	{'mat-Shape.brdf_0.clearcoat.value': [0.0], 'mat-Shape.brdf_0.clearcoat_gloss.value': [0.17320500314235687], 'mat-Shape.brdf_0.metallic.value': [0.0], 'mat-Shape.brdf_0.specular': [0.7056507468223572], 'mat-Shape.brdf_0.roughness.value': [0.03964506834745407], 'mat-Shape.brdf_0.base_color.data': TensorXf(shape=(512, 512, 3)), 'mat-Shape.brdf_0.anisotropic.value': [0.0], 'mat-Shape.brdf_0.spec_tint.value': [0.0], 'mat-Shape.brdf_0.sheen.value': [0.0], 'mat-Shape.brdf_0.sheen_tint.value': [0.5], 'mat-Shape.brdf_0.spec_trans.value': [0.0], 'mat-Shape.brdf_0.flatness.value': [0.0], 'ConstantBackgroundEmitter.radiance.value': [1.0], 'PLYMesh.vertex_positions': [-0.20532116293907166, -0.887071430683136, 9.515372276306152, -0.19374915957450867, -0.8844664692878723, .. 243074 skipped .., 0.6309065818786621, 9.935796737670898, 0.16447286307811737, 0.6285756230354309, 9.951624870300293]}
Iteration 43
	total loss= 0.276803
Current scene parameters:
 	{'mat-Shape.brdf_0.clearcoat.value': [0.0], 'mat-Shape.brdf_0.clearcoat_gloss.value': [0.17320500314235687], 'mat-Shape.brdf_0.metallic.value': [0.0], 'mat-Shape.brdf_0.specular': [0.6904709339141846], 'mat-Shape.brdf_0.roughness.value': [0.03897281736135483], 'mat-Shape.brdf_0.base_color.data': TensorXf(shape=(512, 512, 3)), 'mat-Shape.brdf_0.anisotropic.value': [0.0], 'mat-Shape.brdf_0.spec_tint.value': [0.0], 'mat-Shape.brdf_0.sheen.value': [0.0], 'mat-Shape.brdf_0.sheen_tint.value': [0.5], 'mat-Shape.brdf_0.spec_trans.value': [0.0], 'mat-Shape.brdf_0.flatness.value': [0.0], 'ConstantBackgroundEmitter.radiance.value': [1.0], 'PLYMesh.vertex_positions': [-0.20532116293907166, -0.887071430683136, 9.515372276306152, -0.19374915957450867, -0.8844664692878723, .. 243074 skipped .., 0.6309065818786621, 9.935796737670898, 0.16447286307811737, 0.6285756230354309, 9.951624870300293]}
Iteration 44
	total loss= 0.277564
Current scene parameters:
 	{'mat-Shape.brdf_0.clearcoat.value': [0.0], 'mat-Shape.brdf_0.clearcoat_gloss.value': [0.17320500314235687], 'mat-Shape.brdf_0.metallic.value': [0.0], 'mat-Shape.brdf_0.specular': [0.6756489872932434], 'mat-Shape.brdf_0.roughness.value': [0.04003828018903732], 'mat-Shape.brdf_0.base_color.data': TensorXf(shape=(512, 512, 3)), 'mat-Shape.brdf_0.anisotropic.value': [0.0], 'mat-Shape.brdf_0.spec_tint.value': [0.0], 'mat-Shape.brdf_0.sheen.value': [0.0], 'mat-Shape.brdf_0.sheen_tint.value': [0.5], 'mat-Shape.brdf_0.spec_trans.value': [0.0], 'mat-Shape.brdf_0.flatness.value': [0.0], 'ConstantBackgroundEmitter.radiance.value': [1.0], 'PLYMesh.vertex_positions': [-0.20532116293907166, -0.887071430683136, 9.515372276306152, -0.19374915957450867, -0.8844664692878723, .. 243074 skipped .., 0.6309065818786621, 9.935796737670898, 0.16447286307811737, 0.6285756230354309, 9.951624870300293]}
Iteration 45
	total loss= 0.276200
Current scene parameters:
 	{'mat-Shape.brdf_0.clearcoat.value': [0.0], 'mat-Shape.brdf_0.clearcoat_gloss.value': [0.17320500314235687], 'mat-Shape.brdf_0.metallic.value': [0.0], 'mat-Shape.brdf_0.specular': [0.6613958477973938], 'mat-Shape.brdf_0.roughness.value': [0.03973158448934555], 'mat-Shape.brdf_0.base_color.data': TensorXf(shape=(512, 512, 3)), 'mat-Shape.brdf_0.anisotropic.value': [0.0], 'mat-Shape.brdf_0.spec_tint.value': [0.0], 'mat-Shape.brdf_0.sheen.value': [0.0], 'mat-Shape.brdf_0.sheen_tint.value': [0.5], 'mat-Shape.brdf_0.spec_trans.value': [0.0], 'mat-Shape.brdf_0.flatness.value': [0.0], 'ConstantBackgroundEmitter.radiance.value': [1.0], 'PLYMesh.vertex_positions': [-0.20532116293907166, -0.887071430683136, 9.515372276306152, -0.19374915957450867, -0.8844664692878723, .. 243074 skipped .., 0.6309065818786621, 9.935796737670898, 0.16447286307811737, 0.6285756230354309, 9.951624870300293]}
Iteration 46
	total loss= 0.274552
Current scene parameters:
 	{'mat-Shape.brdf_0.clearcoat.value': [0.0], 'mat-Shape.brdf_0.clearcoat_gloss.value': [0.17320500314235687], 'mat-Shape.brdf_0.metallic.value': [0.0], 'mat-Shape.brdf_0.specular': [0.6476888060569763], 'mat-Shape.brdf_0.roughness.value': [0.03672091290354729], 'mat-Shape.brdf_0.base_color.data': TensorXf(shape=(512, 512, 3)), 'mat-Shape.brdf_0.anisotropic.value': [0.0], 'mat-Shape.brdf_0.spec_tint.value': [0.0], 'mat-Shape.brdf_0.sheen.value': [0.0], 'mat-Shape.brdf_0.sheen_tint.value': [0.5], 'mat-Shape.brdf_0.spec_trans.value': [0.0], 'mat-Shape.brdf_0.flatness.value': [0.0], 'ConstantBackgroundEmitter.radiance.value': [1.0], 'PLYMesh.vertex_positions': [-0.20532116293907166, -0.887071430683136, 9.515372276306152, -0.19374915957450867, -0.8844664692878723, .. 243074 skipped .., 0.6309065818786621, 9.935796737670898, 0.16447286307811737, 0.6285756230354309, 9.951624870300293]}
Iteration 47
	total loss= 0.275525
Current scene parameters:
 	{'mat-Shape.brdf_0.clearcoat.value': [0.0], 'mat-Shape.brdf_0.clearcoat_gloss.value': [0.17320500314235687], 'mat-Shape.brdf_0.metallic.value': [0.0], 'mat-Shape.brdf_0.specular': [0.634630024433136], 'mat-Shape.brdf_0.roughness.value': [0.029539695009589195], 'mat-Shape.brdf_0.base_color.data': TensorXf(shape=(512, 512, 3)), 'mat-Shape.brdf_0.anisotropic.value': [0.0], 'mat-Shape.brdf_0.spec_tint.value': [0.0], 'mat-Shape.brdf_0.sheen.value': [0.0], 'mat-Shape.brdf_0.sheen_tint.value': [0.5], 'mat-Shape.brdf_0.spec_trans.value': [0.0], 'mat-Shape.brdf_0.flatness.value': [0.0], 'ConstantBackgroundEmitter.radiance.value': [1.0], 'PLYMesh.vertex_positions': [-0.20532116293907166, -0.887071430683136, 9.515372276306152, -0.19374915957450867, -0.8844664692878723, .. 243074 skipped .., 0.6309065818786621, 9.935796737670898, 0.16447286307811737, 0.6285756230354309, 9.951624870300293]}
Iteration 48
	total loss= 0.275956
Current scene parameters:
 	{'mat-Shape.brdf_0.clearcoat.value': [0.0], 'mat-Shape.brdf_0.clearcoat_gloss.value': [0.17320500314235687], 'mat-Shape.brdf_0.metallic.value': [0.0], 'mat-Shape.brdf_0.specular': [0.6222572922706604], 'mat-Shape.brdf_0.roughness.value': [0.023721294477581978], 'mat-Shape.brdf_0.base_color.data': TensorXf(shape=(512, 512, 3)), 'mat-Shape.brdf_0.anisotropic.value': [0.0], 'mat-Shape.brdf_0.spec_tint.value': [0.0], 'mat-Shape.brdf_0.sheen.value': [0.0], 'mat-Shape.brdf_0.sheen_tint.value': [0.5], 'mat-Shape.brdf_0.spec_trans.value': [0.0], 'mat-Shape.brdf_0.flatness.value': [0.0], 'ConstantBackgroundEmitter.radiance.value': [1.0], 'PLYMesh.vertex_positions': [-0.20532116293907166, -0.887071430683136, 9.515372276306152, -0.19374915957450867, -0.8844664692878723, .. 243074 skipped .., 0.6309065818786621, 9.935796737670898, 0.16447286307811737, 0.6285756230354309, 9.951624870300293]}
Iteration 49
	total loss= 0.274772
Current scene parameters:
 	{'mat-Shape.brdf_0.clearcoat.value': [0.0], 'mat-Shape.brdf_0.clearcoat_gloss.value': [0.17320500314235687], 'mat-Shape.brdf_0.metallic.value': [0.0], 'mat-Shape.brdf_0.specular': [0.6104605793952942], 'mat-Shape.brdf_0.roughness.value': [0.019118644297122955], 'mat-Shape.brdf_0.base_color.data': TensorXf(shape=(512, 512, 3)), 'mat-Shape.brdf_0.anisotropic.value': [0.0], 'mat-Shape.brdf_0.spec_tint.value': [0.0], 'mat-Shape.brdf_0.sheen.value': [0.0], 'mat-Shape.brdf_0.sheen_tint.value': [0.5], 'mat-Shape.brdf_0.spec_trans.value': [0.0], 'mat-Shape.brdf_0.flatness.value': [0.0], 'ConstantBackgroundEmitter.radiance.value': [1.0], 'PLYMesh.vertex_positions': [-0.20532116293907166, -0.887071430683136, 9.515372276306152, -0.19374915957450867, -0.8844664692878723, .. 243074 skipped .., 0.6309065818786621, 9.935796737670898, 0.16447286307811737, 0.6285756230354309, 9.951624870300293]}
Iteration 50
	total loss= 0.275172
Current scene parameters:
 	{'mat-Shape.brdf_0.clearcoat.value': [0.0], 'mat-Shape.brdf_0.clearcoat_gloss.value': [0.17320500314235687], 'mat-Shape.brdf_0.metallic.value': [0.0], 'mat-Shape.brdf_0.specular': [0.5994117856025696], 'mat-Shape.brdf_0.roughness.value': [0.01568675972521305], 'mat-Shape.brdf_0.base_color.data': TensorXf(shape=(512, 512, 3)), 'mat-Shape.brdf_0.anisotropic.value': [0.0], 'mat-Shape.brdf_0.spec_tint.value': [0.0], 'mat-Shape.brdf_0.sheen.value': [0.0], 'mat-Shape.brdf_0.sheen_tint.value': [0.5], 'mat-Shape.brdf_0.spec_trans.value': [0.0], 'mat-Shape.brdf_0.flatness.value': [0.0], 'ConstantBackgroundEmitter.radiance.value': [1.0], 'PLYMesh.vertex_positions': [-0.20532116293907166, -0.887071430683136, 9.515372276306152, -0.19374915957450867, -0.8844664692878723, .. 243074 skipped .., 0.6309065818786621, 9.935796737670898, 0.16447286307811737, 0.6285756230354309, 9.951624870300293]}
Iteration 51
	total loss= 0.274245
Current scene parameters:
 	{'mat-Shape.brdf_0.clearcoat.value': [0.0], 'mat-Shape.brdf_0.clearcoat_gloss.value': [0.17320500314235687], 'mat-Shape.brdf_0.metallic.value': [0.0], 'mat-Shape.brdf_0.specular': [0.58892822265625], 'mat-Shape.brdf_0.roughness.value': [0.0133448401466012], 'mat-Shape.brdf_0.base_color.data': TensorXf(shape=(512, 512, 3)), 'mat-Shape.brdf_0.anisotropic.value': [0.0], 'mat-Shape.brdf_0.spec_tint.value': [0.0], 'mat-Shape.brdf_0.sheen.value': [0.0], 'mat-Shape.brdf_0.sheen_tint.value': [0.5], 'mat-Shape.brdf_0.spec_trans.value': [0.0], 'mat-Shape.brdf_0.flatness.value': [0.0], 'ConstantBackgroundEmitter.radiance.value': [1.0], 'PLYMesh.vertex_positions': [-0.20532116293907166, -0.887071430683136, 9.515372276306152, -0.19374915957450867, -0.8844664692878723, .. 243074 skipped .., 0.6309065818786621, 9.935796737670898, 0.16447286307811737, 0.6285756230354309, 9.951624870300293]}
Iteration 52
	total loss= 0.273389
Current scene parameters:
 	{'mat-Shape.brdf_0.clearcoat.value': [0.0], 'mat-Shape.brdf_0.clearcoat_gloss.value': [0.17320500314235687], 'mat-Shape.brdf_0.metallic.value': [0.0], 'mat-Shape.brdf_0.specular': [0.5790953636169434], 'mat-Shape.brdf_0.roughness.value': [0.0118382778018713], 'mat-Shape.brdf_0.base_color.data': TensorXf(shape=(512, 512, 3)), 'mat-Shape.brdf_0.anisotropic.value': [0.0], 'mat-Shape.brdf_0.spec_tint.value': [0.0], 'mat-Shape.brdf_0.sheen.value': [0.0], 'mat-Shape.brdf_0.sheen_tint.value': [0.5], 'mat-Shape.brdf_0.spec_trans.value': [0.0], 'mat-Shape.brdf_0.flatness.value': [0.0], 'ConstantBackgroundEmitter.radiance.value': [1.0], 'PLYMesh.vertex_positions': [-0.20532116293907166, -0.887071430683136, 9.515372276306152, -0.19374915957450867, -0.8844664692878723, .. 243074 skipped .., 0.6309065818786621, 9.935796737670898, 0.16447286307811737, 0.6285756230354309, 9.951624870300293]}
Iteration 53
	total loss= 0.274781
Current scene parameters:
 	{'mat-Shape.brdf_0.clearcoat.value': [0.0], 'mat-Shape.brdf_0.clearcoat_gloss.value': [0.17320500314235687], 'mat-Shape.brdf_0.metallic.value': [0.0], 'mat-Shape.brdf_0.specular': [0.5698907375335693], 'mat-Shape.brdf_0.roughness.value': [0.011332598514854908], 'mat-Shape.brdf_0.base_color.data': TensorXf(shape=(512, 512, 3)), 'mat-Shape.brdf_0.anisotropic.value': [0.0], 'mat-Shape.brdf_0.spec_tint.value': [0.0], 'mat-Shape.brdf_0.sheen.value': [0.0], 'mat-Shape.brdf_0.sheen_tint.value': [0.5], 'mat-Shape.brdf_0.spec_trans.value': [0.0], 'mat-Shape.brdf_0.flatness.value': [0.0], 'ConstantBackgroundEmitter.radiance.value': [1.0], 'PLYMesh.vertex_positions': [-0.20532116293907166, -0.887071430683136, 9.515372276306152, -0.19374915957450867, -0.8844664692878723, .. 243074 skipped .., 0.6309065818786621, 9.935796737670898, 0.16447286307811737, 0.6285756230354309, 9.951624870300293]}
Iteration 54
	total loss= 0.274132
Current scene parameters:
 	{'mat-Shape.brdf_0.clearcoat.value': [0.0], 'mat-Shape.brdf_0.clearcoat_gloss.value': [0.17320500314235687], 'mat-Shape.brdf_0.metallic.value': [0.0], 'mat-Shape.brdf_0.specular': [0.5614047646522522], 'mat-Shape.brdf_0.roughness.value': [0.011616571806371212], 'mat-Shape.brdf_0.base_color.data': TensorXf(shape=(512, 512, 3)), 'mat-Shape.brdf_0.anisotropic.value': [0.0], 'mat-Shape.brdf_0.spec_tint.value': [0.0], 'mat-Shape.brdf_0.sheen.value': [0.0], 'mat-Shape.brdf_0.sheen_tint.value': [0.5], 'mat-Shape.brdf_0.spec_trans.value': [0.0], 'mat-Shape.brdf_0.flatness.value': [0.0], 'ConstantBackgroundEmitter.radiance.value': [1.0], 'PLYMesh.vertex_positions': [-0.20532116293907166, -0.887071430683136, 9.515372276306152, -0.19374915957450867, -0.8844664692878723, .. 243074 skipped .., 0.6309065818786621, 9.935796737670898, 0.16447286307811737, 0.6285756230354309, 9.951624870300293]}
Iteration 55
	total loss= 0.273028
Current scene parameters:
 	{'mat-Shape.brdf_0.clearcoat.value': [0.0], 'mat-Shape.brdf_0.clearcoat_gloss.value': [0.17320500314235687], 'mat-Shape.brdf_0.metallic.value': [0.0], 'mat-Shape.brdf_0.specular': [0.5534650087356567], 'mat-Shape.brdf_0.roughness.value': [0.012610414996743202], 'mat-Shape.brdf_0.base_color.data': TensorXf(shape=(512, 512, 3)), 'mat-Shape.brdf_0.anisotropic.value': [0.0], 'mat-Shape.brdf_0.spec_tint.value': [0.0], 'mat-Shape.brdf_0.sheen.value': [0.0], 'mat-Shape.brdf_0.sheen_tint.value': [0.5], 'mat-Shape.brdf_0.spec_trans.value': [0.0], 'mat-Shape.brdf_0.flatness.value': [0.0], 'ConstantBackgroundEmitter.radiance.value': [1.0], 'PLYMesh.vertex_positions': [-0.20532116293907166, -0.887071430683136, 9.515372276306152, -0.19374915957450867, -0.8844664692878723, .. 243074 skipped .., 0.6309065818786621, 9.935796737670898, 0.16447286307811737, 0.6285756230354309, 9.951624870300293]}
Iteration 56
	total loss= 0.275265
Current scene parameters:
 	{'mat-Shape.brdf_0.clearcoat.value': [0.0], 'mat-Shape.brdf_0.clearcoat_gloss.value': [0.17320500314235687], 'mat-Shape.brdf_0.metallic.value': [0.0], 'mat-Shape.brdf_0.specular': [0.5460367798805237], 'mat-Shape.brdf_0.roughness.value': [0.014251066371798515], 'mat-Shape.brdf_0.base_color.data': TensorXf(shape=(512, 512, 3)), 'mat-Shape.brdf_0.anisotropic.value': [0.0], 'mat-Shape.brdf_0.spec_tint.value': [0.0], 'mat-Shape.brdf_0.sheen.value': [0.0], 'mat-Shape.brdf_0.sheen_tint.value': [0.5], 'mat-Shape.brdf_0.spec_trans.value': [0.0], 'mat-Shape.brdf_0.flatness.value': [0.0], 'ConstantBackgroundEmitter.radiance.value': [1.0], 'PLYMesh.vertex_positions': [-0.20532116293907166, -0.887071430683136, 9.515372276306152, -0.19374915957450867, -0.8844664692878723, .. 243074 skipped .., 0.6309065818786621, 9.935796737670898, 0.16447286307811737, 0.6285756230354309, 9.951624870300293]}
Iteration 57
	total loss= 0.275535
Current scene parameters:
 	{'mat-Shape.brdf_0.clearcoat.value': [0.0], 'mat-Shape.brdf_0.clearcoat_gloss.value': [0.17320500314235687], 'mat-Shape.brdf_0.metallic.value': [0.0], 'mat-Shape.brdf_0.specular': [0.5390583872795105], 'mat-Shape.brdf_0.roughness.value': [0.016513405367732048], 'mat-Shape.brdf_0.base_color.data': TensorXf(shape=(512, 512, 3)), 'mat-Shape.brdf_0.anisotropic.value': [0.0], 'mat-Shape.brdf_0.spec_tint.value': [0.0], 'mat-Shape.brdf_0.sheen.value': [0.0], 'mat-Shape.brdf_0.sheen_tint.value': [0.5], 'mat-Shape.brdf_0.spec_trans.value': [0.0], 'mat-Shape.brdf_0.flatness.value': [0.0], 'ConstantBackgroundEmitter.radiance.value': [1.0], 'PLYMesh.vertex_positions': [-0.20532116293907166, -0.887071430683136, 9.515372276306152, -0.19374915957450867, -0.8844664692878723, .. 243074 skipped .., 0.6309065818786621, 9.935796737670898, 0.16447286307811737, 0.6285756230354309, 9.951624870300293]}
Iteration 58
	total loss= 0.273377
Current scene parameters:
 	{'mat-Shape.brdf_0.clearcoat.value': [0.0], 'mat-Shape.brdf_0.clearcoat_gloss.value': [0.17320500314235687], 'mat-Shape.brdf_0.metallic.value': [0.0], 'mat-Shape.brdf_0.specular': [0.5325039029121399], 'mat-Shape.brdf_0.roughness.value': [0.019300907850265503], 'mat-Shape.brdf_0.base_color.data': TensorXf(shape=(512, 512, 3)), 'mat-Shape.brdf_0.anisotropic.value': [0.0], 'mat-Shape.brdf_0.spec_tint.value': [0.0], 'mat-Shape.brdf_0.sheen.value': [0.0], 'mat-Shape.brdf_0.sheen_tint.value': [0.5], 'mat-Shape.brdf_0.spec_trans.value': [0.0], 'mat-Shape.brdf_0.flatness.value': [0.0], 'ConstantBackgroundEmitter.radiance.value': [1.0], 'PLYMesh.vertex_positions': [-0.20532116293907166, -0.887071430683136, 9.515372276306152, -0.19374915957450867, -0.8844664692878723, .. 243074 skipped .., 0.6309065818786621, 9.935796737670898, 0.16447286307811737, 0.6285756230354309, 9.951624870300293]}
Iteration 59
	total loss= 0.272689
Current scene parameters:
 	{'mat-Shape.brdf_0.clearcoat.value': [0.0], 'mat-Shape.brdf_0.clearcoat_gloss.value': [0.17320500314235687], 'mat-Shape.brdf_0.metallic.value': [0.0], 'mat-Shape.brdf_0.specular': [0.5263976454734802], 'mat-Shape.brdf_0.roughness.value': [0.02258959226310253], 'mat-Shape.brdf_0.base_color.data': TensorXf(shape=(512, 512, 3)), 'mat-Shape.brdf_0.anisotropic.value': [0.0], 'mat-Shape.brdf_0.spec_tint.value': [0.0], 'mat-Shape.brdf_0.sheen.value': [0.0], 'mat-Shape.brdf_0.sheen_tint.value': [0.5], 'mat-Shape.brdf_0.spec_trans.value': [0.0], 'mat-Shape.brdf_0.flatness.value': [0.0], 'ConstantBackgroundEmitter.radiance.value': [1.0], 'PLYMesh.vertex_positions': [-0.20532116293907166, -0.887071430683136, 9.515372276306152, -0.19374915957450867, -0.8844664692878723, .. 243074 skipped .., 0.6309065818786621, 9.935796737670898, 0.16447286307811737, 0.6285756230354309, 9.951624870300293]}
Iteration 60
	total loss= 0.275976
Current scene parameters:
 	{'mat-Shape.brdf_0.clearcoat.value': [0.0], 'mat-Shape.brdf_0.clearcoat_gloss.value': [0.17320500314235687], 'mat-Shape.brdf_0.metallic.value': [0.0], 'mat-Shape.brdf_0.specular': [0.5207524299621582], 'mat-Shape.brdf_0.roughness.value': [0.026376428082585335], 'mat-Shape.brdf_0.base_color.data': TensorXf(shape=(512, 512, 3)), 'mat-Shape.brdf_0.anisotropic.value': [0.0], 'mat-Shape.brdf_0.spec_tint.value': [0.0], 'mat-Shape.brdf_0.sheen.value': [0.0], 'mat-Shape.brdf_0.sheen_tint.value': [0.5], 'mat-Shape.brdf_0.spec_trans.value': [0.0], 'mat-Shape.brdf_0.flatness.value': [0.0], 'ConstantBackgroundEmitter.radiance.value': [1.0], 'PLYMesh.vertex_positions': [-0.20532116293907166, -0.887071430683136, 9.515372276306152, -0.19374915957450867, -0.8844664692878723, .. 243074 skipped .., 0.6309065818786621, 9.935796737670898, 0.16447286307811737, 0.6285756230354309, 9.951624870300293]}
Iteration 61
	total loss= 0.272650
Current scene parameters:
 	{'mat-Shape.brdf_0.clearcoat.value': [0.0], 'mat-Shape.brdf_0.clearcoat_gloss.value': [0.17320500314235687], 'mat-Shape.brdf_0.metallic.value': [0.0], 'mat-Shape.brdf_0.specular': [0.5153462886810303], 'mat-Shape.brdf_0.roughness.value': [0.030626526102423668], 'mat-Shape.brdf_0.base_color.data': TensorXf(shape=(512, 512, 3)), 'mat-Shape.brdf_0.anisotropic.value': [0.0], 'mat-Shape.brdf_0.spec_tint.value': [0.0], 'mat-Shape.brdf_0.sheen.value': [0.0], 'mat-Shape.brdf_0.sheen_tint.value': [0.5], 'mat-Shape.brdf_0.spec_trans.value': [0.0], 'mat-Shape.brdf_0.flatness.value': [0.0], 'ConstantBackgroundEmitter.radiance.value': [1.0], 'PLYMesh.vertex_positions': [-0.20532116293907166, -0.887071430683136, 9.515372276306152, -0.19374915957450867, -0.8844664692878723, .. 243074 skipped .., 0.6309065818786621, 9.935796737670898, 0.16447286307811737, 0.6285756230354309, 9.951624870300293]}
Iteration 62
	total loss= 0.274301
Current scene parameters:
 	{'mat-Shape.brdf_0.clearcoat.value': [0.0], 'mat-Shape.brdf_0.clearcoat_gloss.value': [0.17320500314235687], 'mat-Shape.brdf_0.metallic.value': [0.0], 'mat-Shape.brdf_0.specular': [0.5101346969604492], 'mat-Shape.brdf_0.roughness.value': [0.03531927242875099], 'mat-Shape.brdf_0.base_color.data': TensorXf(shape=(512, 512, 3)), 'mat-Shape.brdf_0.anisotropic.value': [0.0], 'mat-Shape.brdf_0.spec_tint.value': [0.0], 'mat-Shape.brdf_0.sheen.value': [0.0], 'mat-Shape.brdf_0.sheen_tint.value': [0.5], 'mat-Shape.brdf_0.spec_trans.value': [0.0], 'mat-Shape.brdf_0.flatness.value': [0.0], 'ConstantBackgroundEmitter.radiance.value': [1.0], 'PLYMesh.vertex_positions': [-0.20532116293907166, -0.887071430683136, 9.515372276306152, -0.19374915957450867, -0.8844664692878723, .. 243074 skipped .., 0.6309065818786621, 9.935796737670898, 0.16447286307811737, 0.6285756230354309, 9.951624870300293]}
Iteration 63
	total loss= 0.274255
Current scene parameters:
 	{'mat-Shape.brdf_0.clearcoat.value': [0.0], 'mat-Shape.brdf_0.clearcoat_gloss.value': [0.17320500314235687], 'mat-Shape.brdf_0.metallic.value': [0.0], 'mat-Shape.brdf_0.specular': [0.5051427483558655], 'mat-Shape.brdf_0.roughness.value': [0.03166554495692253], 'mat-Shape.brdf_0.base_color.data': TensorXf(shape=(512, 512, 3)), 'mat-Shape.brdf_0.anisotropic.value': [0.0], 'mat-Shape.brdf_0.spec_tint.value': [0.0], 'mat-Shape.brdf_0.sheen.value': [0.0], 'mat-Shape.brdf_0.sheen_tint.value': [0.5], 'mat-Shape.brdf_0.spec_trans.value': [0.0], 'mat-Shape.brdf_0.flatness.value': [0.0], 'ConstantBackgroundEmitter.radiance.value': [1.0], 'PLYMesh.vertex_positions': [-0.20532116293907166, -0.887071430683136, 9.515372276306152, -0.19374915957450867, -0.8844664692878723, .. 243074 skipped .., 0.6309065818786621, 9.935796737670898, 0.16447286307811737, 0.6285756230354309, 9.951624870300293]}
Iteration 64
	total loss= 0.273078
Current scene parameters:
 	{'mat-Shape.brdf_0.clearcoat.value': [0.0], 'mat-Shape.brdf_0.clearcoat_gloss.value': [0.17320500314235687], 'mat-Shape.brdf_0.metallic.value': [0.0], 'mat-Shape.brdf_0.specular': [0.5003112554550171], 'mat-Shape.brdf_0.roughness.value': [0.01941882260143757], 'mat-Shape.brdf_0.base_color.data': TensorXf(shape=(512, 512, 3)), 'mat-Shape.brdf_0.anisotropic.value': [0.0], 'mat-Shape.brdf_0.spec_tint.value': [0.0], 'mat-Shape.brdf_0.sheen.value': [0.0], 'mat-Shape.brdf_0.sheen_tint.value': [0.5], 'mat-Shape.brdf_0.spec_trans.value': [0.0], 'mat-Shape.brdf_0.flatness.value': [0.0], 'ConstantBackgroundEmitter.radiance.value': [1.0], 'PLYMesh.vertex_positions': [-0.20532116293907166, -0.887071430683136, 9.515372276306152, -0.19374915957450867, -0.8844664692878723, .. 243074 skipped .., 0.6309065818786621, 9.935796737670898, 0.16447286307811737, 0.6285756230354309, 9.951624870300293]}
Iteration 65
	total loss= 0.275050
Current scene parameters:
 	{'mat-Shape.brdf_0.clearcoat.value': [0.0], 'mat-Shape.brdf_0.clearcoat_gloss.value': [0.17320500314235687], 'mat-Shape.brdf_0.metallic.value': [0.0], 'mat-Shape.brdf_0.specular': [0.49559134244918823], 'mat-Shape.brdf_0.roughness.value': [0.009045355953276157], 'mat-Shape.brdf_0.base_color.data': TensorXf(shape=(512, 512, 3)), 'mat-Shape.brdf_0.anisotropic.value': [0.0], 'mat-Shape.brdf_0.spec_tint.value': [0.0], 'mat-Shape.brdf_0.sheen.value': [0.0], 'mat-Shape.brdf_0.sheen_tint.value': [0.5], 'mat-Shape.brdf_0.spec_trans.value': [0.0], 'mat-Shape.brdf_0.flatness.value': [0.0], 'ConstantBackgroundEmitter.radiance.value': [1.0], 'PLYMesh.vertex_positions': [-0.20532116293907166, -0.887071430683136, 9.515372276306152, -0.19374915957450867, -0.8844664692878723, .. 243074 skipped .., 0.6309065818786621, 9.935796737670898, 0.16447286307811737, 0.6285756230354309, 9.951624870300293]}
Iteration 66
	total loss= 0.273972
Current scene parameters:
 	{'mat-Shape.brdf_0.clearcoat.value': [0.0], 'mat-Shape.brdf_0.clearcoat_gloss.value': [0.17320500314235687], 'mat-Shape.brdf_0.metallic.value': [0.0], 'mat-Shape.brdf_0.specular': [0.49108558893203735], 'mat-Shape.brdf_0.roughness.value': [0.0010000000474974513], 'mat-Shape.brdf_0.base_color.data': TensorXf(shape=(512, 512, 3)), 'mat-Shape.brdf_0.anisotropic.value': [0.0], 'mat-Shape.brdf_0.spec_tint.value': [0.0], 'mat-Shape.brdf_0.sheen.value': [0.0], 'mat-Shape.brdf_0.sheen_tint.value': [0.5], 'mat-Shape.brdf_0.spec_trans.value': [0.0], 'mat-Shape.brdf_0.flatness.value': [0.0], 'ConstantBackgroundEmitter.radiance.value': [1.0], 'PLYMesh.vertex_positions': [-0.20532116293907166, -0.887071430683136, 9.515372276306152, -0.19374915957450867, -0.8844664692878723, .. 243074 skipped .., 0.6309065818786621, 9.935796737670898, 0.16447286307811737, 0.6285756230354309, 9.951624870300293]}
Iteration 67
	total loss= 0.274959
Current scene parameters:
 	{'mat-Shape.brdf_0.clearcoat.value': [0.0], 'mat-Shape.brdf_0.clearcoat_gloss.value': [0.17320500314235687], 'mat-Shape.brdf_0.metallic.value': [0.0], 'mat-Shape.brdf_0.specular': [0.486882746219635], 'mat-Shape.brdf_0.roughness.value': [0.0010000000474974513], 'mat-Shape.brdf_0.base_color.data': TensorXf(shape=(512, 512, 3)), 'mat-Shape.brdf_0.anisotropic.value': [0.0], 'mat-Shape.brdf_0.spec_tint.value': [0.0], 'mat-Shape.brdf_0.sheen.value': [0.0], 'mat-Shape.brdf_0.sheen_tint.value': [0.5], 'mat-Shape.brdf_0.spec_trans.value': [0.0], 'mat-Shape.brdf_0.flatness.value': [0.0], 'ConstantBackgroundEmitter.radiance.value': [1.0], 'PLYMesh.vertex_positions': [-0.20532116293907166, -0.887071430683136, 9.515372276306152, -0.19374915957450867, -0.8844664692878723, .. 243074 skipped .., 0.6309065818786621, 9.935796737670898, 0.16447286307811737, 0.6285756230354309, 9.951624870300293]}
Iteration 68
	total loss= 0.275032
Current scene parameters:
 	{'mat-Shape.brdf_0.clearcoat.value': [0.0], 'mat-Shape.brdf_0.clearcoat_gloss.value': [0.17320500314235687], 'mat-Shape.brdf_0.metallic.value': [0.0], 'mat-Shape.brdf_0.specular': [0.48294129967689514], 'mat-Shape.brdf_0.roughness.value': [0.0010000000474974513], 'mat-Shape.brdf_0.base_color.data': TensorXf(shape=(512, 512, 3)), 'mat-Shape.brdf_0.anisotropic.value': [0.0], 'mat-Shape.brdf_0.spec_tint.value': [0.0], 'mat-Shape.brdf_0.sheen.value': [0.0], 'mat-Shape.brdf_0.sheen_tint.value': [0.5], 'mat-Shape.brdf_0.spec_trans.value': [0.0], 'mat-Shape.brdf_0.flatness.value': [0.0], 'ConstantBackgroundEmitter.radiance.value': [1.0], 'PLYMesh.vertex_positions': [-0.20532116293907166, -0.887071430683136, 9.515372276306152, -0.19374915957450867, -0.8844664692878723, .. 243074 skipped .., 0.6309065818786621, 9.935796737670898, 0.16447286307811737, 0.6285756230354309, 9.951624870300293]}
Iteration 69
	total loss= 0.275045
Current scene parameters:
 	{'mat-Shape.brdf_0.clearcoat.value': [0.0], 'mat-Shape.brdf_0.clearcoat_gloss.value': [0.17320500314235687], 'mat-Shape.brdf_0.metallic.value': [0.0], 'mat-Shape.brdf_0.specular': [0.47919321060180664], 'mat-Shape.brdf_0.roughness.value': [0.0010000000474974513], 'mat-Shape.brdf_0.base_color.data': TensorXf(shape=(512, 512, 3)), 'mat-Shape.brdf_0.anisotropic.value': [0.0], 'mat-Shape.brdf_0.spec_tint.value': [0.0], 'mat-Shape.brdf_0.sheen.value': [0.0], 'mat-Shape.brdf_0.sheen_tint.value': [0.5], 'mat-Shape.brdf_0.spec_trans.value': [0.0], 'mat-Shape.brdf_0.flatness.value': [0.0], 'ConstantBackgroundEmitter.radiance.value': [1.0], 'PLYMesh.vertex_positions': [-0.20532116293907166, -0.887071430683136, 9.515372276306152, -0.19374915957450867, -0.8844664692878723, .. 243074 skipped .., 0.6309065818786621, 9.935796737670898, 0.16447286307811737, 0.6285756230354309, 9.951624870300293]}
Iteration 70
	total loss= 0.274215
Current scene parameters:
 	{'mat-Shape.brdf_0.clearcoat.value': [0.0], 'mat-Shape.brdf_0.clearcoat_gloss.value': [0.17320500314235687], 'mat-Shape.brdf_0.metallic.value': [0.0], 'mat-Shape.brdf_0.specular': [0.47570106387138367], 'mat-Shape.brdf_0.roughness.value': [0.0010000000474974513], 'mat-Shape.brdf_0.base_color.data': TensorXf(shape=(512, 512, 3)), 'mat-Shape.brdf_0.anisotropic.value': [0.0], 'mat-Shape.brdf_0.spec_tint.value': [0.0], 'mat-Shape.brdf_0.sheen.value': [0.0], 'mat-Shape.brdf_0.sheen_tint.value': [0.5], 'mat-Shape.brdf_0.spec_trans.value': [0.0], 'mat-Shape.brdf_0.flatness.value': [0.0], 'ConstantBackgroundEmitter.radiance.value': [1.0], 'PLYMesh.vertex_positions': [-0.20532116293907166, -0.887071430683136, 9.515372276306152, -0.19374915957450867, -0.8844664692878723, .. 243074 skipped .., 0.6309065818786621, 9.935796737670898, 0.16447286307811737, 0.6285756230354309, 9.951624870300293]}
Iteration 71
	total loss= 0.274126
Current scene parameters:
 	{'mat-Shape.brdf_0.clearcoat.value': [0.0], 'mat-Shape.brdf_0.clearcoat_gloss.value': [0.17320500314235687], 'mat-Shape.brdf_0.metallic.value': [0.0], 'mat-Shape.brdf_0.specular': [0.4723757207393646], 'mat-Shape.brdf_0.roughness.value': [0.0010000000474974513], 'mat-Shape.brdf_0.base_color.data': TensorXf(shape=(512, 512, 3)), 'mat-Shape.brdf_0.anisotropic.value': [0.0], 'mat-Shape.brdf_0.spec_tint.value': [0.0], 'mat-Shape.brdf_0.sheen.value': [0.0], 'mat-Shape.brdf_0.sheen_tint.value': [0.5], 'mat-Shape.brdf_0.spec_trans.value': [0.0], 'mat-Shape.brdf_0.flatness.value': [0.0], 'ConstantBackgroundEmitter.radiance.value': [1.0], 'PLYMesh.vertex_positions': [-0.20532116293907166, -0.887071430683136, 9.515372276306152, -0.19374915957450867, -0.8844664692878723, .. 243074 skipped .., 0.6309065818786621, 9.935796737670898, 0.16447286307811737, 0.6285756230354309, 9.951624870300293]}
Iteration 72
	total loss= 0.273107
Current scene parameters:
 	{'mat-Shape.brdf_0.clearcoat.value': [0.0], 'mat-Shape.brdf_0.clearcoat_gloss.value': [0.17320500314235687], 'mat-Shape.brdf_0.metallic.value': [0.0], 'mat-Shape.brdf_0.specular': [0.4691879451274872], 'mat-Shape.brdf_0.roughness.value': [0.0010000000474974513], 'mat-Shape.brdf_0.base_color.data': TensorXf(shape=(512, 512, 3)), 'mat-Shape.brdf_0.anisotropic.value': [0.0], 'mat-Shape.brdf_0.spec_tint.value': [0.0], 'mat-Shape.brdf_0.sheen.value': [0.0], 'mat-Shape.brdf_0.sheen_tint.value': [0.5], 'mat-Shape.brdf_0.spec_trans.value': [0.0], 'mat-Shape.brdf_0.flatness.value': [0.0], 'ConstantBackgroundEmitter.radiance.value': [1.0], 'PLYMesh.vertex_positions': [-0.20532116293907166, -0.887071430683136, 9.515372276306152, -0.19374915957450867, -0.8844664692878723, .. 243074 skipped .., 0.6309065818786621, 9.935796737670898, 0.16447286307811737, 0.6285756230354309, 9.951624870300293]}
Iteration 73
	total loss= 0.273253
Current scene parameters:
 	{'mat-Shape.brdf_0.clearcoat.value': [0.0], 'mat-Shape.brdf_0.clearcoat_gloss.value': [0.17320500314235687], 'mat-Shape.brdf_0.metallic.value': [0.0], 'mat-Shape.brdf_0.specular': [0.4659815728664398], 'mat-Shape.brdf_0.roughness.value': [0.0010000000474974513], 'mat-Shape.brdf_0.base_color.data': TensorXf(shape=(512, 512, 3)), 'mat-Shape.brdf_0.anisotropic.value': [0.0], 'mat-Shape.brdf_0.spec_tint.value': [0.0], 'mat-Shape.brdf_0.sheen.value': [0.0], 'mat-Shape.brdf_0.sheen_tint.value': [0.5], 'mat-Shape.brdf_0.spec_trans.value': [0.0], 'mat-Shape.brdf_0.flatness.value': [0.0], 'ConstantBackgroundEmitter.radiance.value': [1.0], 'PLYMesh.vertex_positions': [-0.20532116293907166, -0.887071430683136, 9.515372276306152, -0.19374915957450867, -0.8844664692878723, .. 243074 skipped .., 0.6309065818786621, 9.935796737670898, 0.16447286307811737, 0.6285756230354309, 9.951624870300293]}
Iteration 74
	total loss= 0.273358
Current scene parameters:
 	{'mat-Shape.brdf_0.clearcoat.value': [0.0], 'mat-Shape.brdf_0.clearcoat_gloss.value': [0.17320500314235687], 'mat-Shape.brdf_0.metallic.value': [0.0], 'mat-Shape.brdf_0.specular': [0.4630454480648041], 'mat-Shape.brdf_0.roughness.value': [0.001346508739516139], 'mat-Shape.brdf_0.base_color.data': TensorXf(shape=(512, 512, 3)), 'mat-Shape.brdf_0.anisotropic.value': [0.0], 'mat-Shape.brdf_0.spec_tint.value': [0.0], 'mat-Shape.brdf_0.sheen.value': [0.0], 'mat-Shape.brdf_0.sheen_tint.value': [0.5], 'mat-Shape.brdf_0.spec_trans.value': [0.0], 'mat-Shape.brdf_0.flatness.value': [0.0], 'ConstantBackgroundEmitter.radiance.value': [1.0], 'PLYMesh.vertex_positions': [-0.20532116293907166, -0.887071430683136, 9.515372276306152, -0.19374915957450867, -0.8844664692878723, .. 243074 skipped .., 0.6309065818786621, 9.935796737670898, 0.16447286307811737, 0.6285756230354309, 9.951624870300293]}
Iteration 75
	total loss= 0.274443
Current scene parameters:
 	{'mat-Shape.brdf_0.clearcoat.value': [0.0], 'mat-Shape.brdf_0.clearcoat_gloss.value': [0.17320500314235687], 'mat-Shape.brdf_0.metallic.value': [0.0], 'mat-Shape.brdf_0.specular': [0.4599997401237488], 'mat-Shape.brdf_0.roughness.value': [0.0024066732730716467], 'mat-Shape.brdf_0.base_color.data': TensorXf(shape=(512, 512, 3)), 'mat-Shape.brdf_0.anisotropic.value': [0.0], 'mat-Shape.brdf_0.spec_tint.value': [0.0], 'mat-Shape.brdf_0.sheen.value': [0.0], 'mat-Shape.brdf_0.sheen_tint.value': [0.5], 'mat-Shape.brdf_0.spec_trans.value': [0.0], 'mat-Shape.brdf_0.flatness.value': [0.0], 'ConstantBackgroundEmitter.radiance.value': [1.0], 'PLYMesh.vertex_positions': [-0.20532116293907166, -0.887071430683136, 9.515372276306152, -0.19374915957450867, -0.8844664692878723, .. 243074 skipped .., 0.6309065818786621, 9.935796737670898, 0.16447286307811737, 0.6285756230354309, 9.951624870300293]}
Iteration 76
	total loss= 0.272796
Current scene parameters:
 	{'mat-Shape.brdf_0.clearcoat.value': [0.0], 'mat-Shape.brdf_0.clearcoat_gloss.value': [0.17320500314235687], 'mat-Shape.brdf_0.metallic.value': [0.0], 'mat-Shape.brdf_0.specular': [0.4571661651134491], 'mat-Shape.brdf_0.roughness.value': [0.00415318226441741], 'mat-Shape.brdf_0.base_color.data': TensorXf(shape=(512, 512, 3)), 'mat-Shape.brdf_0.anisotropic.value': [0.0], 'mat-Shape.brdf_0.spec_tint.value': [0.0], 'mat-Shape.brdf_0.sheen.value': [0.0], 'mat-Shape.brdf_0.sheen_tint.value': [0.5], 'mat-Shape.brdf_0.spec_trans.value': [0.0], 'mat-Shape.brdf_0.flatness.value': [0.0], 'ConstantBackgroundEmitter.radiance.value': [1.0], 'PLYMesh.vertex_positions': [-0.20532116293907166, -0.887071430683136, 9.515372276306152, -0.19374915957450867, -0.8844664692878723, .. 243074 skipped .., 0.6309065818786621, 9.935796737670898, 0.16447286307811737, 0.6285756230354309, 9.951624870300293]}
Iteration 77
	total loss= 0.275104
Current scene parameters:
 	{'mat-Shape.brdf_0.clearcoat.value': [0.0], 'mat-Shape.brdf_0.clearcoat_gloss.value': [0.17320500314235687], 'mat-Shape.brdf_0.metallic.value': [0.0], 'mat-Shape.brdf_0.specular': [0.4545283019542694], 'mat-Shape.brdf_0.roughness.value': [0.006500153802335262], 'mat-Shape.brdf_0.base_color.data': TensorXf(shape=(512, 512, 3)), 'mat-Shape.brdf_0.anisotropic.value': [0.0], 'mat-Shape.brdf_0.spec_tint.value': [0.0], 'mat-Shape.brdf_0.sheen.value': [0.0], 'mat-Shape.brdf_0.sheen_tint.value': [0.5], 'mat-Shape.brdf_0.spec_trans.value': [0.0], 'mat-Shape.brdf_0.flatness.value': [0.0], 'ConstantBackgroundEmitter.radiance.value': [1.0], 'PLYMesh.vertex_positions': [-0.20532116293907166, -0.887071430683136, 9.515372276306152, -0.19374915957450867, -0.8844664692878723, .. 243074 skipped .., 0.6309065818786621, 9.935796737670898, 0.16447286307811737, 0.6285756230354309, 9.951624870300293]}
Iteration 78
	total loss= 0.275200
Current scene parameters:
 	{'mat-Shape.brdf_0.clearcoat.value': [0.0], 'mat-Shape.brdf_0.clearcoat_gloss.value': [0.17320500314235687], 'mat-Shape.brdf_0.metallic.value': [0.0], 'mat-Shape.brdf_0.specular': [0.4521109461784363], 'mat-Shape.brdf_0.roughness.value': [0.009388484992086887], 'mat-Shape.brdf_0.base_color.data': TensorXf(shape=(512, 512, 3)), 'mat-Shape.brdf_0.anisotropic.value': [0.0], 'mat-Shape.brdf_0.spec_tint.value': [0.0], 'mat-Shape.brdf_0.sheen.value': [0.0], 'mat-Shape.brdf_0.sheen_tint.value': [0.5], 'mat-Shape.brdf_0.spec_trans.value': [0.0], 'mat-Shape.brdf_0.flatness.value': [0.0], 'ConstantBackgroundEmitter.radiance.value': [1.0], 'PLYMesh.vertex_positions': [-0.20532116293907166, -0.887071430683136, 9.515372276306152, -0.19374915957450867, -0.8844664692878723, .. 243074 skipped .., 0.6309065818786621, 9.935796737670898, 0.16447286307811737, 0.6285756230354309, 9.951624870300293]}
Iteration 79
	total loss= 0.273857
Current scene parameters:
 	{'mat-Shape.brdf_0.clearcoat.value': [0.0], 'mat-Shape.brdf_0.clearcoat_gloss.value': [0.17320500314235687], 'mat-Shape.brdf_0.metallic.value': [0.0], 'mat-Shape.brdf_0.specular': [0.44991952180862427], 'mat-Shape.brdf_0.roughness.value': [0.012844318524003029], 'mat-Shape.brdf_0.base_color.data': TensorXf(shape=(512, 512, 3)), 'mat-Shape.brdf_0.anisotropic.value': [0.0], 'mat-Shape.brdf_0.spec_tint.value': [0.0], 'mat-Shape.brdf_0.sheen.value': [0.0], 'mat-Shape.brdf_0.sheen_tint.value': [0.5], 'mat-Shape.brdf_0.spec_trans.value': [0.0], 'mat-Shape.brdf_0.flatness.value': [0.0], 'ConstantBackgroundEmitter.radiance.value': [1.0], 'PLYMesh.vertex_positions': [-0.20532116293907166, -0.887071430683136, 9.515372276306152, -0.19374915957450867, -0.8844664692878723, .. 243074 skipped .., 0.6309065818786621, 9.935796737670898, 0.16447286307811737, 0.6285756230354309, 9.951624870300293]}
Iteration 80
	total loss= 0.274005
Current scene parameters:
 	{'mat-Shape.brdf_0.clearcoat.value': [0.0], 'mat-Shape.brdf_0.clearcoat_gloss.value': [0.17320500314235687], 'mat-Shape.brdf_0.metallic.value': [0.0], 'mat-Shape.brdf_0.specular': [0.447909414768219], 'mat-Shape.brdf_0.roughness.value': [0.016897065564990044], 'mat-Shape.brdf_0.base_color.data': TensorXf(shape=(512, 512, 3)), 'mat-Shape.brdf_0.anisotropic.value': [0.0], 'mat-Shape.brdf_0.spec_tint.value': [0.0], 'mat-Shape.brdf_0.sheen.value': [0.0], 'mat-Shape.brdf_0.sheen_tint.value': [0.5], 'mat-Shape.brdf_0.spec_trans.value': [0.0], 'mat-Shape.brdf_0.flatness.value': [0.0], 'ConstantBackgroundEmitter.radiance.value': [1.0], 'PLYMesh.vertex_positions': [-0.20532116293907166, -0.887071430683136, 9.515372276306152, -0.19374915957450867, -0.8844664692878723, .. 243074 skipped .., 0.6309065818786621, 9.935796737670898, 0.16447286307811737, 0.6285756230354309, 9.951624870300293]}
Iteration 81
	total loss= 0.274000
Current scene parameters:
 	{'mat-Shape.brdf_0.clearcoat.value': [0.0], 'mat-Shape.brdf_0.clearcoat_gloss.value': [0.17320500314235687], 'mat-Shape.brdf_0.metallic.value': [0.0], 'mat-Shape.brdf_0.specular': [0.4459392726421356], 'mat-Shape.brdf_0.roughness.value': [0.021333107724785805], 'mat-Shape.brdf_0.base_color.data': TensorXf(shape=(512, 512, 3)), 'mat-Shape.brdf_0.anisotropic.value': [0.0], 'mat-Shape.brdf_0.spec_tint.value': [0.0], 'mat-Shape.brdf_0.sheen.value': [0.0], 'mat-Shape.brdf_0.sheen_tint.value': [0.5], 'mat-Shape.brdf_0.spec_trans.value': [0.0], 'mat-Shape.brdf_0.flatness.value': [0.0], 'ConstantBackgroundEmitter.radiance.value': [1.0], 'PLYMesh.vertex_positions': [-0.20532116293907166, -0.887071430683136, 9.515372276306152, -0.19374915957450867, -0.8844664692878723, .. 243074 skipped .., 0.6309065818786621, 9.935796737670898, 0.16447286307811737, 0.6285756230354309, 9.951624870300293]}
Iteration 82
	total loss= 0.273294
Current scene parameters:
 	{'mat-Shape.brdf_0.clearcoat.value': [0.0], 'mat-Shape.brdf_0.clearcoat_gloss.value': [0.17320500314235687], 'mat-Shape.brdf_0.metallic.value': [0.0], 'mat-Shape.brdf_0.specular': [0.44404077529907227], 'mat-Shape.brdf_0.roughness.value': [0.026161817833781242], 'mat-Shape.brdf_0.base_color.data': TensorXf(shape=(512, 512, 3)), 'mat-Shape.brdf_0.anisotropic.value': [0.0], 'mat-Shape.brdf_0.spec_tint.value': [0.0], 'mat-Shape.brdf_0.sheen.value': [0.0], 'mat-Shape.brdf_0.sheen_tint.value': [0.5], 'mat-Shape.brdf_0.spec_trans.value': [0.0], 'mat-Shape.brdf_0.flatness.value': [0.0], 'ConstantBackgroundEmitter.radiance.value': [1.0], 'PLYMesh.vertex_positions': [-0.20532116293907166, -0.887071430683136, 9.515372276306152, -0.19374915957450867, -0.8844664692878723, .. 243074 skipped .., 0.6309065818786621, 9.935796737670898, 0.16447286307811737, 0.6285756230354309, 9.951624870300293]}
Iteration 83
	total loss= 0.274947
Current scene parameters:
 	{'mat-Shape.brdf_0.clearcoat.value': [0.0], 'mat-Shape.brdf_0.clearcoat_gloss.value': [0.17320500314235687], 'mat-Shape.brdf_0.metallic.value': [0.0], 'mat-Shape.brdf_0.specular': [0.44242599606513977], 'mat-Shape.brdf_0.roughness.value': [0.0314319021999836], 'mat-Shape.brdf_0.base_color.data': TensorXf(shape=(512, 512, 3)), 'mat-Shape.brdf_0.anisotropic.value': [0.0], 'mat-Shape.brdf_0.spec_tint.value': [0.0], 'mat-Shape.brdf_0.sheen.value': [0.0], 'mat-Shape.brdf_0.sheen_tint.value': [0.5], 'mat-Shape.brdf_0.spec_trans.value': [0.0], 'mat-Shape.brdf_0.flatness.value': [0.0], 'ConstantBackgroundEmitter.radiance.value': [1.0], 'PLYMesh.vertex_positions': [-0.20532116293907166, -0.887071430683136, 9.515372276306152, -0.19374915957450867, -0.8844664692878723, .. 243074 skipped .., 0.6309065818786621, 9.935796737670898, 0.16447286307811737, 0.6285756230354309, 9.951624870300293]}
Iteration 84
	total loss= 0.274705
Current scene parameters:
 	{'mat-Shape.brdf_0.clearcoat.value': [0.0], 'mat-Shape.brdf_0.clearcoat_gloss.value': [0.17320500314235687], 'mat-Shape.brdf_0.metallic.value': [0.0], 'mat-Shape.brdf_0.specular': [0.44097578525543213], 'mat-Shape.brdf_0.roughness.value': [0.03705337271094322], 'mat-Shape.brdf_0.base_color.data': TensorXf(shape=(512, 512, 3)), 'mat-Shape.brdf_0.anisotropic.value': [0.0], 'mat-Shape.brdf_0.spec_tint.value': [0.0], 'mat-Shape.brdf_0.sheen.value': [0.0], 'mat-Shape.brdf_0.sheen_tint.value': [0.5], 'mat-Shape.brdf_0.spec_trans.value': [0.0], 'mat-Shape.brdf_0.flatness.value': [0.0], 'ConstantBackgroundEmitter.radiance.value': [1.0], 'PLYMesh.vertex_positions': [-0.20532116293907166, -0.887071430683136, 9.515372276306152, -0.19374915957450867, -0.8844664692878723, .. 243074 skipped .., 0.6309065818786621, 9.935796737670898, 0.16447286307811737, 0.6285756230354309, 9.951624870300293]}
Iteration 85
	total loss= 0.275111
Current scene parameters:
 	{'mat-Shape.brdf_0.clearcoat.value': [0.0], 'mat-Shape.brdf_0.clearcoat_gloss.value': [0.17320500314235687], 'mat-Shape.brdf_0.metallic.value': [0.0], 'mat-Shape.brdf_0.specular': [0.43967708945274353], 'mat-Shape.brdf_0.roughness.value': [0.04314722493290901], 'mat-Shape.brdf_0.base_color.data': TensorXf(shape=(512, 512, 3)), 'mat-Shape.brdf_0.anisotropic.value': [0.0], 'mat-Shape.brdf_0.spec_tint.value': [0.0], 'mat-Shape.brdf_0.sheen.value': [0.0], 'mat-Shape.brdf_0.sheen_tint.value': [0.5], 'mat-Shape.brdf_0.spec_trans.value': [0.0], 'mat-Shape.brdf_0.flatness.value': [0.0], 'ConstantBackgroundEmitter.radiance.value': [1.0], 'PLYMesh.vertex_positions': [-0.20532116293907166, -0.887071430683136, 9.515372276306152, -0.19374915957450867, -0.8844664692878723, .. 243074 skipped .., 0.6309065818786621, 9.935796737670898, 0.16447286307811737, 0.6285756230354309, 9.951624870300293]}
Iteration 86
	total loss= 0.275421
Current scene parameters:
 	{'mat-Shape.brdf_0.clearcoat.value': [0.0], 'mat-Shape.brdf_0.clearcoat_gloss.value': [0.17320500314235687], 'mat-Shape.brdf_0.metallic.value': [0.0], 'mat-Shape.brdf_0.specular': [0.4385078251361847], 'mat-Shape.brdf_0.roughness.value': [0.049566689878702164], 'mat-Shape.brdf_0.base_color.data': TensorXf(shape=(512, 512, 3)), 'mat-Shape.brdf_0.anisotropic.value': [0.0], 'mat-Shape.brdf_0.spec_tint.value': [0.0], 'mat-Shape.brdf_0.sheen.value': [0.0], 'mat-Shape.brdf_0.sheen_tint.value': [0.5], 'mat-Shape.brdf_0.spec_trans.value': [0.0], 'mat-Shape.brdf_0.flatness.value': [0.0], 'ConstantBackgroundEmitter.radiance.value': [1.0], 'PLYMesh.vertex_positions': [-0.20532116293907166, -0.887071430683136, 9.515372276306152, -0.19374915957450867, -0.8844664692878723, .. 243074 skipped .., 0.6309065818786621, 9.935796737670898, 0.16447286307811737, 0.6285756230354309, 9.951624870300293]}
Iteration 87
	total loss= 0.273384
Current scene parameters:
 	{'mat-Shape.brdf_0.clearcoat.value': [0.0], 'mat-Shape.brdf_0.clearcoat_gloss.value': [0.17320500314235687], 'mat-Shape.brdf_0.metallic.value': [0.0], 'mat-Shape.brdf_0.specular': [0.4374609589576721], 'mat-Shape.brdf_0.roughness.value': [0.056082796305418015], 'mat-Shape.brdf_0.base_color.data': TensorXf(shape=(512, 512, 3)), 'mat-Shape.brdf_0.anisotropic.value': [0.0], 'mat-Shape.brdf_0.spec_tint.value': [0.0], 'mat-Shape.brdf_0.sheen.value': [0.0], 'mat-Shape.brdf_0.sheen_tint.value': [0.5], 'mat-Shape.brdf_0.spec_trans.value': [0.0], 'mat-Shape.brdf_0.flatness.value': [0.0], 'ConstantBackgroundEmitter.radiance.value': [1.0], 'PLYMesh.vertex_positions': [-0.20532116293907166, -0.887071430683136, 9.515372276306152, -0.19374915957450867, -0.8844664692878723, .. 243074 skipped .., 0.6309065818786621, 9.935796737670898, 0.16447286307811737, 0.6285756230354309, 9.951624870300293]}
Iteration 88
	total loss= 0.275476
Current scene parameters:
 	{'mat-Shape.brdf_0.clearcoat.value': [0.0], 'mat-Shape.brdf_0.clearcoat_gloss.value': [0.17320500314235687], 'mat-Shape.brdf_0.metallic.value': [0.0], 'mat-Shape.brdf_0.specular': [0.43638986349105835], 'mat-Shape.brdf_0.roughness.value': [0.06161041930317879], 'mat-Shape.brdf_0.base_color.data': TensorXf(shape=(512, 512, 3)), 'mat-Shape.brdf_0.anisotropic.value': [0.0], 'mat-Shape.brdf_0.spec_tint.value': [0.0], 'mat-Shape.brdf_0.sheen.value': [0.0], 'mat-Shape.brdf_0.sheen_tint.value': [0.5], 'mat-Shape.brdf_0.spec_trans.value': [0.0], 'mat-Shape.brdf_0.flatness.value': [0.0], 'ConstantBackgroundEmitter.radiance.value': [1.0], 'PLYMesh.vertex_positions': [-0.20532116293907166, -0.887071430683136, 9.515372276306152, -0.19374915957450867, -0.8844664692878723, .. 243074 skipped .., 0.6309065818786621, 9.935796737670898, 0.16447286307811737, 0.6285756230354309, 9.951624870300293]}
Iteration 89
	total loss= 0.272939
Current scene parameters:
 	{'mat-Shape.brdf_0.clearcoat.value': [0.0], 'mat-Shape.brdf_0.clearcoat_gloss.value': [0.17320500314235687], 'mat-Shape.brdf_0.metallic.value': [0.0], 'mat-Shape.brdf_0.specular': [0.4349759519100189], 'mat-Shape.brdf_0.roughness.value': [0.06667958945035934], 'mat-Shape.brdf_0.base_color.data': TensorXf(shape=(512, 512, 3)), 'mat-Shape.brdf_0.anisotropic.value': [0.0], 'mat-Shape.brdf_0.spec_tint.value': [0.0], 'mat-Shape.brdf_0.sheen.value': [0.0], 'mat-Shape.brdf_0.sheen_tint.value': [0.5], 'mat-Shape.brdf_0.spec_trans.value': [0.0], 'mat-Shape.brdf_0.flatness.value': [0.0], 'ConstantBackgroundEmitter.radiance.value': [1.0], 'PLYMesh.vertex_positions': [-0.20532116293907166, -0.887071430683136, 9.515372276306152, -0.19374915957450867, -0.8844664692878723, .. 243074 skipped .., 0.6309065818786621, 9.935796737670898, 0.16447286307811737, 0.6285756230354309, 9.951624870300293]}
Iteration 90
	total loss= 0.273949
Current scene parameters:
 	{'mat-Shape.brdf_0.clearcoat.value': [0.0], 'mat-Shape.brdf_0.clearcoat_gloss.value': [0.17320500314235687], 'mat-Shape.brdf_0.metallic.value': [0.0], 'mat-Shape.brdf_0.specular': [0.4335165023803711], 'mat-Shape.brdf_0.roughness.value': [0.07180336862802505], 'mat-Shape.brdf_0.base_color.data': TensorXf(shape=(512, 512, 3)), 'mat-Shape.brdf_0.anisotropic.value': [0.0], 'mat-Shape.brdf_0.spec_tint.value': [0.0], 'mat-Shape.brdf_0.sheen.value': [0.0], 'mat-Shape.brdf_0.sheen_tint.value': [0.5], 'mat-Shape.brdf_0.spec_trans.value': [0.0], 'mat-Shape.brdf_0.flatness.value': [0.0], 'ConstantBackgroundEmitter.radiance.value': [1.0], 'PLYMesh.vertex_positions': [-0.20532116293907166, -0.887071430683136, 9.515372276306152, -0.19374915957450867, -0.8844664692878723, .. 243074 skipped .., 0.6309065818786621, 9.935796737670898, 0.16447286307811737, 0.6285756230354309, 9.951624870300293]}
Iteration 91
	total loss= 0.273682
Current scene parameters:
 	{'mat-Shape.brdf_0.clearcoat.value': [0.0], 'mat-Shape.brdf_0.clearcoat_gloss.value': [0.17320500314235687], 'mat-Shape.brdf_0.metallic.value': [0.0], 'mat-Shape.brdf_0.specular': [0.4320297837257385], 'mat-Shape.brdf_0.roughness.value': [0.07415167987346649], 'mat-Shape.brdf_0.base_color.data': TensorXf(shape=(512, 512, 3)), 'mat-Shape.brdf_0.anisotropic.value': [0.0], 'mat-Shape.brdf_0.spec_tint.value': [0.0], 'mat-Shape.brdf_0.sheen.value': [0.0], 'mat-Shape.brdf_0.sheen_tint.value': [0.5], 'mat-Shape.brdf_0.spec_trans.value': [0.0], 'mat-Shape.brdf_0.flatness.value': [0.0], 'ConstantBackgroundEmitter.radiance.value': [1.0], 'PLYMesh.vertex_positions': [-0.20532116293907166, -0.887071430683136, 9.515372276306152, -0.19374915957450867, -0.8844664692878723, .. 243074 skipped .., 0.6309065818786621, 9.935796737670898, 0.16447286307811737, 0.6285756230354309, 9.951624870300293]}
Iteration 92
	total loss= 0.274439
Current scene parameters:
 	{'mat-Shape.brdf_0.clearcoat.value': [0.0], 'mat-Shape.brdf_0.clearcoat_gloss.value': [0.17320500314235687], 'mat-Shape.brdf_0.metallic.value': [0.0], 'mat-Shape.brdf_0.specular': [0.43051543831825256], 'mat-Shape.brdf_0.roughness.value': [0.07449430972337723], 'mat-Shape.brdf_0.base_color.data': TensorXf(shape=(512, 512, 3)), 'mat-Shape.brdf_0.anisotropic.value': [0.0], 'mat-Shape.brdf_0.spec_tint.value': [0.0], 'mat-Shape.brdf_0.sheen.value': [0.0], 'mat-Shape.brdf_0.sheen_tint.value': [0.5], 'mat-Shape.brdf_0.spec_trans.value': [0.0], 'mat-Shape.brdf_0.flatness.value': [0.0], 'ConstantBackgroundEmitter.radiance.value': [1.0], 'PLYMesh.vertex_positions': [-0.20532116293907166, -0.887071430683136, 9.515372276306152, -0.19374915957450867, -0.8844664692878723, .. 243074 skipped .., 0.6309065818786621, 9.935796737670898, 0.16447286307811737, 0.6285756230354309, 9.951624870300293]}
Iteration 93
	total loss= 0.272500
Current scene parameters:
 	{'mat-Shape.brdf_0.clearcoat.value': [0.0], 'mat-Shape.brdf_0.clearcoat_gloss.value': [0.17320500314235687], 'mat-Shape.brdf_0.metallic.value': [0.0], 'mat-Shape.brdf_0.specular': [0.4291813373565674], 'mat-Shape.brdf_0.roughness.value': [0.07313335686922073], 'mat-Shape.brdf_0.base_color.data': TensorXf(shape=(512, 512, 3)), 'mat-Shape.brdf_0.anisotropic.value': [0.0], 'mat-Shape.brdf_0.spec_tint.value': [0.0], 'mat-Shape.brdf_0.sheen.value': [0.0], 'mat-Shape.brdf_0.sheen_tint.value': [0.5], 'mat-Shape.brdf_0.spec_trans.value': [0.0], 'mat-Shape.brdf_0.flatness.value': [0.0], 'ConstantBackgroundEmitter.radiance.value': [1.0], 'PLYMesh.vertex_positions': [-0.20532116293907166, -0.887071430683136, 9.515372276306152, -0.19374915957450867, -0.8844664692878723, .. 243074 skipped .., 0.6309065818786621, 9.935796737670898, 0.16447286307811737, 0.6285756230354309, 9.951624870300293]}
Iteration 94
	total loss= 0.271578
Current scene parameters:
 	{'mat-Shape.brdf_0.clearcoat.value': [0.0], 'mat-Shape.brdf_0.clearcoat_gloss.value': [0.17320500314235687], 'mat-Shape.brdf_0.metallic.value': [0.0], 'mat-Shape.brdf_0.specular': [0.4279523491859436], 'mat-Shape.brdf_0.roughness.value': [0.07329493761062622], 'mat-Shape.brdf_0.base_color.data': TensorXf(shape=(512, 512, 3)), 'mat-Shape.brdf_0.anisotropic.value': [0.0], 'mat-Shape.brdf_0.spec_tint.value': [0.0], 'mat-Shape.brdf_0.sheen.value': [0.0], 'mat-Shape.brdf_0.sheen_tint.value': [0.5], 'mat-Shape.brdf_0.spec_trans.value': [0.0], 'mat-Shape.brdf_0.flatness.value': [0.0], 'ConstantBackgroundEmitter.radiance.value': [1.0], 'PLYMesh.vertex_positions': [-0.20532116293907166, -0.887071430683136, 9.515372276306152, -0.19374915957450867, -0.8844664692878723, .. 243074 skipped .., 0.6309065818786621, 9.935796737670898, 0.16447286307811737, 0.6285756230354309, 9.951624870300293]}
Iteration 95
	total loss= 0.273515
Current scene parameters:
 	{'mat-Shape.brdf_0.clearcoat.value': [0.0], 'mat-Shape.brdf_0.clearcoat_gloss.value': [0.17320500314235687], 'mat-Shape.brdf_0.metallic.value': [0.0], 'mat-Shape.brdf_0.specular': [0.4267905056476593], 'mat-Shape.brdf_0.roughness.value': [0.071794793009758], 'mat-Shape.brdf_0.base_color.data': TensorXf(shape=(512, 512, 3)), 'mat-Shape.brdf_0.anisotropic.value': [0.0], 'mat-Shape.brdf_0.spec_tint.value': [0.0], 'mat-Shape.brdf_0.sheen.value': [0.0], 'mat-Shape.brdf_0.sheen_tint.value': [0.5], 'mat-Shape.brdf_0.spec_trans.value': [0.0], 'mat-Shape.brdf_0.flatness.value': [0.0], 'ConstantBackgroundEmitter.radiance.value': [1.0], 'PLYMesh.vertex_positions': [-0.20532116293907166, -0.887071430683136, 9.515372276306152, -0.19374915957450867, -0.8844664692878723, .. 243074 skipped .., 0.6309065818786621, 9.935796737670898, 0.16447286307811737, 0.6285756230354309, 9.951624870300293]}
Iteration 96
	total loss= 0.273487
Current scene parameters:
 	{'mat-Shape.brdf_0.clearcoat.value': [0.0], 'mat-Shape.brdf_0.clearcoat_gloss.value': [0.17320500314235687], 'mat-Shape.brdf_0.metallic.value': [0.0], 'mat-Shape.brdf_0.specular': [0.4256441593170166], 'mat-Shape.brdf_0.roughness.value': [0.0688827633857727], 'mat-Shape.brdf_0.base_color.data': TensorXf(shape=(512, 512, 3)), 'mat-Shape.brdf_0.anisotropic.value': [0.0], 'mat-Shape.brdf_0.spec_tint.value': [0.0], 'mat-Shape.brdf_0.sheen.value': [0.0], 'mat-Shape.brdf_0.sheen_tint.value': [0.5], 'mat-Shape.brdf_0.spec_trans.value': [0.0], 'mat-Shape.brdf_0.flatness.value': [0.0], 'ConstantBackgroundEmitter.radiance.value': [1.0], 'PLYMesh.vertex_positions': [-0.20532116293907166, -0.887071430683136, 9.515372276306152, -0.19374915957450867, -0.8844664692878723, .. 243074 skipped .., 0.6309065818786621, 9.935796737670898, 0.16447286307811737, 0.6285756230354309, 9.951624870300293]}
Iteration 97
	total loss= 0.273913
Current scene parameters:
 	{'mat-Shape.brdf_0.clearcoat.value': [0.0], 'mat-Shape.brdf_0.clearcoat_gloss.value': [0.17320500314235687], 'mat-Shape.brdf_0.metallic.value': [0.0], 'mat-Shape.brdf_0.specular': [0.42460304498672485], 'mat-Shape.brdf_0.roughness.value': [0.06693670153617859], 'mat-Shape.brdf_0.base_color.data': TensorXf(shape=(512, 512, 3)), 'mat-Shape.brdf_0.anisotropic.value': [0.0], 'mat-Shape.brdf_0.spec_tint.value': [0.0], 'mat-Shape.brdf_0.sheen.value': [0.0], 'mat-Shape.brdf_0.sheen_tint.value': [0.5], 'mat-Shape.brdf_0.spec_trans.value': [0.0], 'mat-Shape.brdf_0.flatness.value': [0.0], 'ConstantBackgroundEmitter.radiance.value': [1.0], 'PLYMesh.vertex_positions': [-0.20532116293907166, -0.887071430683136, 9.515372276306152, -0.19374915957450867, -0.8844664692878723, .. 243074 skipped .., 0.6309065818786621, 9.935796737670898, 0.16447286307811737, 0.6285756230354309, 9.951624870300293]}
Iteration 98
	total loss= 0.274391
Current scene parameters:
 	{'mat-Shape.brdf_0.clearcoat.value': [0.0], 'mat-Shape.brdf_0.clearcoat_gloss.value': [0.17320500314235687], 'mat-Shape.brdf_0.metallic.value': [0.0], 'mat-Shape.brdf_0.specular': [0.42384758591651917], 'mat-Shape.brdf_0.roughness.value': [0.06426533311605453], 'mat-Shape.brdf_0.base_color.data': TensorXf(shape=(512, 512, 3)), 'mat-Shape.brdf_0.anisotropic.value': [0.0], 'mat-Shape.brdf_0.spec_tint.value': [0.0], 'mat-Shape.brdf_0.sheen.value': [0.0], 'mat-Shape.brdf_0.sheen_tint.value': [0.5], 'mat-Shape.brdf_0.spec_trans.value': [0.0], 'mat-Shape.brdf_0.flatness.value': [0.0], 'ConstantBackgroundEmitter.radiance.value': [1.0], 'PLYMesh.vertex_positions': [-0.20532116293907166, -0.887071430683136, 9.515372276306152, -0.19374915957450867, -0.8844664692878723, .. 243074 skipped .., 0.6309065818786621, 9.935796737670898, 0.16447286307811737, 0.6285756230354309, 9.951624870300293]}
Iteration 99
	total loss= 0.273702
Current scene parameters:
 	{'mat-Shape.brdf_0.clearcoat.value': [0.0], 'mat-Shape.brdf_0.clearcoat_gloss.value': [0.17320500314235687], 'mat-Shape.brdf_0.metallic.value': [0.0], 'mat-Shape.brdf_0.specular': [0.4234268069267273], 'mat-Shape.brdf_0.roughness.value': [0.06350670009851456], 'mat-Shape.brdf_0.base_color.data': TensorXf(shape=(512, 512, 3)), 'mat-Shape.brdf_0.anisotropic.value': [0.0], 'mat-Shape.brdf_0.spec_tint.value': [0.0], 'mat-Shape.brdf_0.sheen.value': [0.0], 'mat-Shape.brdf_0.sheen_tint.value': [0.5], 'mat-Shape.brdf_0.spec_trans.value': [0.0], 'mat-Shape.brdf_0.flatness.value': [0.0], 'ConstantBackgroundEmitter.radiance.value': [1.0], 'PLYMesh.vertex_positions': [-0.20532116293907166, -0.887071430683136, 9.515372276306152, -0.19374915957450867, -0.8844664692878723, .. 243074 skipped .., 0.6309065818786621, 9.935796737670898, 0.16447286307811737, 0.6285756230354309, 9.951624870300293]}
Optimization loop end. Elapsed time: 383.420s
Initial scene parameters:
 {'mat-Shape.brdf_0.clearcoat.value': [0.0], 'mat-Shape.brdf_0.clearcoat_gloss.value': [0.17320500314235687], 'mat-Shape.brdf_0.metallic.value': [0.0], 'mat-Shape.brdf_0.specular': [0.5299997925758362], 'mat-Shape.brdf_0.roughness.value': [0.47000011801719666], 'mat-Shape.brdf_0.base_color.data': TensorXf(shape=(512, 512, 3)), 'mat-Shape.brdf_0.anisotropic.value': [0.0], 'mat-Shape.brdf_0.spec_tint.value': [0.0], 'mat-Shape.brdf_0.sheen.value': [0.0], 'mat-Shape.brdf_0.sheen_tint.value': [0.5], 'mat-Shape.brdf_0.spec_trans.value': [0.0], 'mat-Shape.brdf_0.flatness.value': [0.0], 'ConstantBackgroundEmitter.radiance.value': [1.0], 'PLYMesh.vertex_positions': [-0.20532116293907166, -0.887071430683136, 9.515372276306152, -0.19374915957450867, -0.8844664692878723, .. 243074 skipped .., 0.6309065818786621, 9.935796737670898, 0.16447286307811737, 0.6285756230354309, 9.951624870300293]}
End scene parameters:
 {'mat-Shape.brdf_0.clearcoat.value': [0.0], 'mat-Shape.brdf_0.clearcoat_gloss.value': [0.17320500314235687], 'mat-Shape.brdf_0.metallic.value': [0.0], 'mat-Shape.brdf_0.specular': [0.4234268069267273], 'mat-Shape.brdf_0.roughness.value': [0.06350670009851456], 'mat-Shape.brdf_0.base_color.data': TensorXf(shape=(512, 512, 3)), 'mat-Shape.brdf_0.anisotropic.value': [0.0], 'mat-Shape.brdf_0.spec_tint.value': [0.0], 'mat-Shape.brdf_0.sheen.value': [0.0], 'mat-Shape.brdf_0.sheen_tint.value': [0.5], 'mat-Shape.brdf_0.spec_trans.value': [0.0], 'mat-Shape.brdf_0.flatness.value': [0.0], 'ConstantBackgroundEmitter.radiance.value': [1.0], 'PLYMesh.vertex_positions': [-0.20532116293907166, -0.887071430683136, 9.515372276306152, -0.19374915957450867, -0.8844664692878723, .. 243074 skipped .., 0.6309065818786621, 9.935796737670898, 0.16447286307811737, 0.6285756230354309, 9.951624870300293]}
Hyperparameters:
	minimum error:0.001,
	spp:4,
	optimization func.:Mean Squared Error (MSE, L2 Loss),
	iteraration count:100
Optimization parameters:
 	{'mat-Shape.brdf_0.clearcoat.value': {'Learning Rate': 0.03, 'Min. Clamp Value': 0.001, 'Max. Clamp Value': 0.999, 'Optimize': False}, 'mat-Shape.brdf_0.clearcoat_gloss.value': {'Learning Rate': 0.03, 'Min. Clamp Value': 0.001, 'Max. Clamp Value': 0.999, 'Optimize': False}, 'mat-Shape.brdf_0.metallic.value': {'Learning Rate': 0.03, 'Min. Clamp Value': 0.001, 'Max. Clamp Value': 0.999, 'Optimize': False}, 'mat-Shape.brdf_0.specular': {'Learning Rate': 0.03, 'Min. Clamp Value': 0.001, 'Max. Clamp Value': 0.999, 'Optimize': False}, 'mat-Shape.brdf_0.roughness.value': {'Learning Rate': 0.03, 'Min. Clamp Value': 0.001, 'Max. Clamp Value': 0.999, 'Optimize': False}, 'mat-Shape.brdf_0.base_color.data': {'Learning Rate': 0.03, 'Min. Clamp Value': 0.001, 'Max. Clamp Value': 0.999, 'Optimize': False}, 'mat-Shape.brdf_0.anisotropic.value': {'Learning Rate': 0.03, 'Min. Clamp Value': 0.001, 'Max. Clamp Value': 0.999, 'Optimize': False}, 'mat-Shape.brdf_0.spec_tint.value': {'Learning Rate': 0.03, 'Min. Clamp Value': 0.001, 'Max. Clamp Value': 0.999, 'Optimize': False}, 'mat-Shape.brdf_0.sheen.value': {'Learning Rate': 0.03, 'Min. Clamp Value': 0.001, 'Max. Clamp Value': 0.999, 'Optimize': False}, 'mat-Shape.brdf_0.sheen_tint.value': {'Learning Rate': 0.03, 'Min. Clamp Value': 0.001, 'Max. Clamp Value': 0.999, 'Optimize': False}, 'mat-Shape.brdf_0.spec_trans.value': {'Learning Rate': 0.03, 'Min. Clamp Value': 0.001, 'Max. Clamp Value': 0.999, 'Optimize': False}, 'mat-Shape.brdf_0.flatness.value': {'Learning Rate': 0.03, 'Min. Clamp Value': 0.001, 'Max. Clamp Value': 0.999, 'Optimize': False}, 'ConstantBackgroundEmitter.radiance.value': {'Learning Rate': 0.03, 'Min. Clamp Value': 0.001, 'Max. Clamp Value': 10000.0, 'Optimize': False}, 'PLYMesh.vertex_positions': {'Learning Rate': 0.03, 'Min. Clamp Value': [[-100.0, -100.0, -100.0]], 'Max. Clamp Value': [[100.0, 100.0, 100.0]], 'Optimize': False}}