Optimization loop begin
Iteration 00
	total loss= 0.444521
Current scene parameters:
 	{'mat-Shape.brdf_0.clearcoat.value': [0.0], 'mat-Shape.brdf_0.clearcoat_gloss.value': [0.17320500314235687], 'mat-Shape.brdf_0.metallic.value': [0.0], 'mat-Shape.brdf_0.eta': [1.8458460569381714], 'mat-Shape.brdf_0.roughness.value': [0.1548943668603897], 'mat-Shape.brdf_0.base_color.data': TensorXf(shape=(512, 512, 3)), 'mat-Shape.brdf_0.anisotropic.value': [0.0], 'mat-Shape.brdf_0.spec_tint.value': [0.0], 'mat-Shape.brdf_0.sheen.value': [0.0], 'mat-Shape.brdf_0.sheen_tint.value': [0.5], 'mat-Shape.brdf_0.spec_trans.value': [0.0], 'mat-Shape.brdf_0.flatness.value': [0.0], 'ConstantBackgroundEmitter.radiance.value': [1.0], 'PLYMesh.vertex_positions': [-0.20532116293907166, -0.887071430683136, 9.515372276306152, -0.19374915957450867, -0.8844664692878723, .. 243074 skipped .., 0.6309065818786621, 9.935796737670898, 0.16447286307811737, 0.6285756230354309, 9.951624870300293]}
Iteration 01
	total loss= 0.364550
Current scene parameters:
 	{'mat-Shape.brdf_0.clearcoat.value': [0.0], 'mat-Shape.brdf_0.clearcoat_gloss.value': [0.17320500314235687], 'mat-Shape.brdf_0.metallic.value': [0.0], 'mat-Shape.brdf_0.eta': [2.0447378158569336], 'mat-Shape.brdf_0.roughness.value': [0.1566922813653946], 'mat-Shape.brdf_0.base_color.data': TensorXf(shape=(512, 512, 3)), 'mat-Shape.brdf_0.anisotropic.value': [0.0], 'mat-Shape.brdf_0.spec_tint.value': [0.0], 'mat-Shape.brdf_0.sheen.value': [0.0], 'mat-Shape.brdf_0.sheen_tint.value': [0.5], 'mat-Shape.brdf_0.spec_trans.value': [0.0], 'mat-Shape.brdf_0.flatness.value': [0.0], 'ConstantBackgroundEmitter.radiance.value': [1.0], 'PLYMesh.vertex_positions': [-0.20532116293907166, -0.887071430683136, 9.515372276306152, -0.19374915957450867, -0.8844664692878723, .. 243074 skipped .., 0.6309065818786621, 9.935796737670898, 0.16447286307811737, 0.6285756230354309, 9.951624870300293]}
Iteration 02
	total loss= 0.321768
Current scene parameters:
 	{'mat-Shape.brdf_0.clearcoat.value': [0.0], 'mat-Shape.brdf_0.clearcoat_gloss.value': [0.17320500314235687], 'mat-Shape.brdf_0.metallic.value': [0.0], 'mat-Shape.brdf_0.eta': [2.0207388401031494], 'mat-Shape.brdf_0.roughness.value': [0.19968436658382416], 'mat-Shape.brdf_0.base_color.data': TensorXf(shape=(512, 512, 3)), 'mat-Shape.brdf_0.anisotropic.value': [0.0], 'mat-Shape.brdf_0.spec_tint.value': [0.0], 'mat-Shape.brdf_0.sheen.value': [0.0], 'mat-Shape.brdf_0.sheen_tint.value': [0.5], 'mat-Shape.brdf_0.spec_trans.value': [0.0], 'mat-Shape.brdf_0.flatness.value': [0.0], 'ConstantBackgroundEmitter.radiance.value': [1.0], 'PLYMesh.vertex_positions': [-0.20532116293907166, -0.887071430683136, 9.515372276306152, -0.19374915957450867, -0.8844664692878723, .. 243074 skipped .., 0.6309065818786621, 9.935796737670898, 0.16447286307811737, 0.6285756230354309, 9.951624870300293]}
Iteration 03
	total loss= 0.298379
Current scene parameters:
 	{'mat-Shape.brdf_0.clearcoat.value': [0.0], 'mat-Shape.brdf_0.clearcoat_gloss.value': [0.17320500314235687], 'mat-Shape.brdf_0.metallic.value': [0.0], 'mat-Shape.brdf_0.eta': [1.8563299179077148], 'mat-Shape.brdf_0.roughness.value': [0.19733624160289764], 'mat-Shape.brdf_0.base_color.data': TensorXf(shape=(512, 512, 3)), 'mat-Shape.brdf_0.anisotropic.value': [0.0], 'mat-Shape.brdf_0.spec_tint.value': [0.0], 'mat-Shape.brdf_0.sheen.value': [0.0], 'mat-Shape.brdf_0.sheen_tint.value': [0.5], 'mat-Shape.brdf_0.spec_trans.value': [0.0], 'mat-Shape.brdf_0.flatness.value': [0.0], 'ConstantBackgroundEmitter.radiance.value': [1.0], 'PLYMesh.vertex_positions': [-0.20532116293907166, -0.887071430683136, 9.515372276306152, -0.19374915957450867, -0.8844664692878723, .. 243074 skipped .., 0.6309065818786621, 9.935796737670898, 0.16447286307811737, 0.6285756230354309, 9.951624870300293]}
Iteration 04
	total loss= 0.283398
Current scene parameters:
 	{'mat-Shape.brdf_0.clearcoat.value': [0.0], 'mat-Shape.brdf_0.clearcoat_gloss.value': [0.17320500314235687], 'mat-Shape.brdf_0.metallic.value': [0.0], 'mat-Shape.brdf_0.eta': [1.688014268875122], 'mat-Shape.brdf_0.roughness.value': [0.2110835313796997], 'mat-Shape.brdf_0.base_color.data': TensorXf(shape=(512, 512, 3)), 'mat-Shape.brdf_0.anisotropic.value': [0.0], 'mat-Shape.brdf_0.spec_tint.value': [0.0], 'mat-Shape.brdf_0.sheen.value': [0.0], 'mat-Shape.brdf_0.sheen_tint.value': [0.5], 'mat-Shape.brdf_0.spec_trans.value': [0.0], 'mat-Shape.brdf_0.flatness.value': [0.0], 'ConstantBackgroundEmitter.radiance.value': [1.0], 'PLYMesh.vertex_positions': [-0.20532116293907166, -0.887071430683136, 9.515372276306152, -0.19374915957450867, -0.8844664692878723, .. 243074 skipped .., 0.6309065818786621, 9.935796737670898, 0.16447286307811737, 0.6285756230354309, 9.951624870300293]}
Iteration 05
	total loss= 0.277031
Current scene parameters:
 	{'mat-Shape.brdf_0.clearcoat.value': [0.0], 'mat-Shape.brdf_0.clearcoat_gloss.value': [0.17320500314235687], 'mat-Shape.brdf_0.metallic.value': [0.0], 'mat-Shape.brdf_0.eta': [1.5911808013916016], 'mat-Shape.brdf_0.roughness.value': [0.23616135120391846], 'mat-Shape.brdf_0.base_color.data': TensorXf(shape=(512, 512, 3)), 'mat-Shape.brdf_0.anisotropic.value': [0.0], 'mat-Shape.brdf_0.spec_tint.value': [0.0], 'mat-Shape.brdf_0.sheen.value': [0.0], 'mat-Shape.brdf_0.sheen_tint.value': [0.5], 'mat-Shape.brdf_0.spec_trans.value': [0.0], 'mat-Shape.brdf_0.flatness.value': [0.0], 'ConstantBackgroundEmitter.radiance.value': [1.0], 'PLYMesh.vertex_positions': [-0.20532116293907166, -0.887071430683136, 9.515372276306152, -0.19374915957450867, -0.8844664692878723, .. 243074 skipped .., 0.6309065818786621, 9.935796737670898, 0.16447286307811737, 0.6285756230354309, 9.951624870300293]}
Iteration 06
	total loss= 0.273847
Current scene parameters:
 	{'mat-Shape.brdf_0.clearcoat.value': [0.0], 'mat-Shape.brdf_0.clearcoat_gloss.value': [0.17320500314235687], 'mat-Shape.brdf_0.metallic.value': [0.0], 'mat-Shape.brdf_0.eta': [1.54649817943573], 'mat-Shape.brdf_0.roughness.value': [0.2335353046655655], 'mat-Shape.brdf_0.base_color.data': TensorXf(shape=(512, 512, 3)), 'mat-Shape.brdf_0.anisotropic.value': [0.0], 'mat-Shape.brdf_0.spec_tint.value': [0.0], 'mat-Shape.brdf_0.sheen.value': [0.0], 'mat-Shape.brdf_0.sheen_tint.value': [0.5], 'mat-Shape.brdf_0.spec_trans.value': [0.0], 'mat-Shape.brdf_0.flatness.value': [0.0], 'ConstantBackgroundEmitter.radiance.value': [1.0], 'PLYMesh.vertex_positions': [-0.20532116293907166, -0.887071430683136, 9.515372276306152, -0.19374915957450867, -0.8844664692878723, .. 243074 skipped .., 0.6309065818786621, 9.935796737670898, 0.16447286307811737, 0.6285756230354309, 9.951624870300293]}
Iteration 07
	total loss= 0.274560
Current scene parameters:
 	{'mat-Shape.brdf_0.clearcoat.value': [0.0], 'mat-Shape.brdf_0.clearcoat_gloss.value': [0.17320500314235687], 'mat-Shape.brdf_0.metallic.value': [0.0], 'mat-Shape.brdf_0.eta': [1.5117589235305786], 'mat-Shape.brdf_0.roughness.value': [0.19469675421714783], 'mat-Shape.brdf_0.base_color.data': TensorXf(shape=(512, 512, 3)), 'mat-Shape.brdf_0.anisotropic.value': [0.0], 'mat-Shape.brdf_0.spec_tint.value': [0.0], 'mat-Shape.brdf_0.sheen.value': [0.0], 'mat-Shape.brdf_0.sheen_tint.value': [0.5], 'mat-Shape.brdf_0.spec_trans.value': [0.0], 'mat-Shape.brdf_0.flatness.value': [0.0], 'ConstantBackgroundEmitter.radiance.value': [1.0], 'PLYMesh.vertex_positions': [-0.20532116293907166, -0.887071430683136, 9.515372276306152, -0.19374915957450867, -0.8844664692878723, .. 243074 skipped .., 0.6309065818786621, 9.935796737670898, 0.16447286307811737, 0.6285756230354309, 9.951624870300293]}
Iteration 08
	total loss= 0.275197
Current scene parameters:
 	{'mat-Shape.brdf_0.clearcoat.value': [0.0], 'mat-Shape.brdf_0.clearcoat_gloss.value': [0.17320500314235687], 'mat-Shape.brdf_0.metallic.value': [0.0], 'mat-Shape.brdf_0.eta': [1.4925618171691895], 'mat-Shape.brdf_0.roughness.value': [0.19514505565166473], 'mat-Shape.brdf_0.base_color.data': TensorXf(shape=(512, 512, 3)), 'mat-Shape.brdf_0.anisotropic.value': [0.0], 'mat-Shape.brdf_0.spec_tint.value': [0.0], 'mat-Shape.brdf_0.sheen.value': [0.0], 'mat-Shape.brdf_0.sheen_tint.value': [0.5], 'mat-Shape.brdf_0.spec_trans.value': [0.0], 'mat-Shape.brdf_0.flatness.value': [0.0], 'ConstantBackgroundEmitter.radiance.value': [1.0], 'PLYMesh.vertex_positions': [-0.20532116293907166, -0.887071430683136, 9.515372276306152, -0.19374915957450867, -0.8844664692878723, .. 243074 skipped .., 0.6309065818786621, 9.935796737670898, 0.16447286307811737, 0.6285756230354309, 9.951624870300293]}
Iteration 09
	total loss= 0.272695
Current scene parameters:
 	{'mat-Shape.brdf_0.clearcoat.value': [0.0], 'mat-Shape.brdf_0.clearcoat_gloss.value': [0.17320500314235687], 'mat-Shape.brdf_0.metallic.value': [0.0], 'mat-Shape.brdf_0.eta': [1.47482430934906], 'mat-Shape.brdf_0.roughness.value': [0.19939137995243073], 'mat-Shape.brdf_0.base_color.data': TensorXf(shape=(512, 512, 3)), 'mat-Shape.brdf_0.anisotropic.value': [0.0], 'mat-Shape.brdf_0.spec_tint.value': [0.0], 'mat-Shape.brdf_0.sheen.value': [0.0], 'mat-Shape.brdf_0.sheen_tint.value': [0.5], 'mat-Shape.brdf_0.spec_trans.value': [0.0], 'mat-Shape.brdf_0.flatness.value': [0.0], 'ConstantBackgroundEmitter.radiance.value': [1.0], 'PLYMesh.vertex_positions': [-0.20532116293907166, -0.887071430683136, 9.515372276306152, -0.19374915957450867, -0.8844664692878723, .. 243074 skipped .., 0.6309065818786621, 9.935796737670898, 0.16447286307811737, 0.6285756230354309, 9.951624870300293]}
Iteration 10
	total loss= 0.274495
Current scene parameters:
 	{'mat-Shape.brdf_0.clearcoat.value': [0.0], 'mat-Shape.brdf_0.clearcoat_gloss.value': [0.17320500314235687], 'mat-Shape.brdf_0.metallic.value': [0.0], 'mat-Shape.brdf_0.eta': [1.4597069025039673], 'mat-Shape.brdf_0.roughness.value': [0.20386748015880585], 'mat-Shape.brdf_0.base_color.data': TensorXf(shape=(512, 512, 3)), 'mat-Shape.brdf_0.anisotropic.value': [0.0], 'mat-Shape.brdf_0.spec_tint.value': [0.0], 'mat-Shape.brdf_0.sheen.value': [0.0], 'mat-Shape.brdf_0.sheen_tint.value': [0.5], 'mat-Shape.brdf_0.spec_trans.value': [0.0], 'mat-Shape.brdf_0.flatness.value': [0.0], 'ConstantBackgroundEmitter.radiance.value': [1.0], 'PLYMesh.vertex_positions': [-0.20532116293907166, -0.887071430683136, 9.515372276306152, -0.19374915957450867, -0.8844664692878723, .. 243074 skipped .., 0.6309065818786621, 9.935796737670898, 0.16447286307811737, 0.6285756230354309, 9.951624870300293]}
Iteration 11
	total loss= 0.273689
Current scene parameters:
 	{'mat-Shape.brdf_0.clearcoat.value': [0.0], 'mat-Shape.brdf_0.clearcoat_gloss.value': [0.17320500314235687], 'mat-Shape.brdf_0.metallic.value': [0.0], 'mat-Shape.brdf_0.eta': [1.4526832103729248], 'mat-Shape.brdf_0.roughness.value': [0.15349243581295013], 'mat-Shape.brdf_0.base_color.data': TensorXf(shape=(512, 512, 3)), 'mat-Shape.brdf_0.anisotropic.value': [0.0], 'mat-Shape.brdf_0.spec_tint.value': [0.0], 'mat-Shape.brdf_0.sheen.value': [0.0], 'mat-Shape.brdf_0.sheen_tint.value': [0.5], 'mat-Shape.brdf_0.spec_trans.value': [0.0], 'mat-Shape.brdf_0.flatness.value': [0.0], 'ConstantBackgroundEmitter.radiance.value': [1.0], 'PLYMesh.vertex_positions': [-0.20532116293907166, -0.887071430683136, 9.515372276306152, -0.19374915957450867, -0.8844664692878723, .. 243074 skipped .., 0.6309065818786621, 9.935796737670898, 0.16447286307811737, 0.6285756230354309, 9.951624870300293]}
Iteration 12
	total loss= 0.274279
Current scene parameters:
 	{'mat-Shape.brdf_0.clearcoat.value': [0.0], 'mat-Shape.brdf_0.clearcoat_gloss.value': [0.17320500314235687], 'mat-Shape.brdf_0.metallic.value': [0.0], 'mat-Shape.brdf_0.eta': [1.4515957832336426], 'mat-Shape.brdf_0.roughness.value': [0.09569398313760757], 'mat-Shape.brdf_0.base_color.data': TensorXf(shape=(512, 512, 3)), 'mat-Shape.brdf_0.anisotropic.value': [0.0], 'mat-Shape.brdf_0.spec_tint.value': [0.0], 'mat-Shape.brdf_0.sheen.value': [0.0], 'mat-Shape.brdf_0.sheen_tint.value': [0.5], 'mat-Shape.brdf_0.spec_trans.value': [0.0], 'mat-Shape.brdf_0.flatness.value': [0.0], 'ConstantBackgroundEmitter.radiance.value': [1.0], 'PLYMesh.vertex_positions': [-0.20532116293907166, -0.887071430683136, 9.515372276306152, -0.19374915957450867, -0.8844664692878723, .. 243074 skipped .., 0.6309065818786621, 9.935796737670898, 0.16447286307811737, 0.6285756230354309, 9.951624870300293]}
Iteration 13
	total loss= 0.276038
Current scene parameters:
 	{'mat-Shape.brdf_0.clearcoat.value': [0.0], 'mat-Shape.brdf_0.clearcoat_gloss.value': [0.17320500314235687], 'mat-Shape.brdf_0.metallic.value': [0.0], 'mat-Shape.brdf_0.eta': [1.453141450881958], 'mat-Shape.brdf_0.roughness.value': [0.0010000000474974513], 'mat-Shape.brdf_0.base_color.data': TensorXf(shape=(512, 512, 3)), 'mat-Shape.brdf_0.anisotropic.value': [0.0], 'mat-Shape.brdf_0.spec_tint.value': [0.0], 'mat-Shape.brdf_0.sheen.value': [0.0], 'mat-Shape.brdf_0.sheen_tint.value': [0.5], 'mat-Shape.brdf_0.spec_trans.value': [0.0], 'mat-Shape.brdf_0.flatness.value': [0.0], 'ConstantBackgroundEmitter.radiance.value': [1.0], 'PLYMesh.vertex_positions': [-0.20532116293907166, -0.887071430683136, 9.515372276306152, -0.19374915957450867, -0.8844664692878723, .. 243074 skipped .., 0.6309065818786621, 9.935796737670898, 0.16447286307811737, 0.6285756230354309, 9.951624870300293]}
Iteration 14
	total loss= 0.276520
Current scene parameters:
 	{'mat-Shape.brdf_0.clearcoat.value': [0.0], 'mat-Shape.brdf_0.clearcoat_gloss.value': [0.17320500314235687], 'mat-Shape.brdf_0.metallic.value': [0.0], 'mat-Shape.brdf_0.eta': [1.4547756910324097], 'mat-Shape.brdf_0.roughness.value': [0.08352003246545792], 'mat-Shape.brdf_0.base_color.data': TensorXf(shape=(512, 512, 3)), 'mat-Shape.brdf_0.anisotropic.value': [0.0], 'mat-Shape.brdf_0.spec_tint.value': [0.0], 'mat-Shape.brdf_0.sheen.value': [0.0], 'mat-Shape.brdf_0.sheen_tint.value': [0.5], 'mat-Shape.brdf_0.spec_trans.value': [0.0], 'mat-Shape.brdf_0.flatness.value': [0.0], 'ConstantBackgroundEmitter.radiance.value': [1.0], 'PLYMesh.vertex_positions': [-0.20532116293907166, -0.887071430683136, 9.515372276306152, -0.19374915957450867, -0.8844664692878723, .. 243074 skipped .., 0.6309065818786621, 9.935796737670898, 0.16447286307811737, 0.6285756230354309, 9.951624870300293]}
Iteration 15
	total loss= 0.272952
Current scene parameters:
 	{'mat-Shape.brdf_0.clearcoat.value': [0.0], 'mat-Shape.brdf_0.clearcoat_gloss.value': [0.17320500314235687], 'mat-Shape.brdf_0.metallic.value': [0.0], 'mat-Shape.brdf_0.eta': [1.4413272142410278], 'mat-Shape.brdf_0.roughness.value': [0.2809673547744751], 'mat-Shape.brdf_0.base_color.data': TensorXf(shape=(512, 512, 3)), 'mat-Shape.brdf_0.anisotropic.value': [0.0], 'mat-Shape.brdf_0.spec_tint.value': [0.0], 'mat-Shape.brdf_0.sheen.value': [0.0], 'mat-Shape.brdf_0.sheen_tint.value': [0.5], 'mat-Shape.brdf_0.spec_trans.value': [0.0], 'mat-Shape.brdf_0.flatness.value': [0.0], 'ConstantBackgroundEmitter.radiance.value': [1.0], 'PLYMesh.vertex_positions': [-0.20532116293907166, -0.887071430683136, 9.515372276306152, -0.19374915957450867, -0.8844664692878723, .. 243074 skipped .., 0.6309065818786621, 9.935796737670898, 0.16447286307811737, 0.6285756230354309, 9.951624870300293]}
Iteration 16
	total loss= 0.272568
Current scene parameters:
 	{'mat-Shape.brdf_0.clearcoat.value': [0.0], 'mat-Shape.brdf_0.clearcoat_gloss.value': [0.17320500314235687], 'mat-Shape.brdf_0.metallic.value': [0.0], 'mat-Shape.brdf_0.eta': [1.4371732473373413], 'mat-Shape.brdf_0.roughness.value': [0.19658371806144714], 'mat-Shape.brdf_0.base_color.data': TensorXf(shape=(512, 512, 3)), 'mat-Shape.brdf_0.anisotropic.value': [0.0], 'mat-Shape.brdf_0.spec_tint.value': [0.0], 'mat-Shape.brdf_0.sheen.value': [0.0], 'mat-Shape.brdf_0.sheen_tint.value': [0.5], 'mat-Shape.brdf_0.spec_trans.value': [0.0], 'mat-Shape.brdf_0.flatness.value': [0.0], 'ConstantBackgroundEmitter.radiance.value': [1.0], 'PLYMesh.vertex_positions': [-0.20532116293907166, -0.887071430683136, 9.515372276306152, -0.19374915957450867, -0.8844664692878723, .. 243074 skipped .., 0.6309065818786621, 9.935796737670898, 0.16447286307811737, 0.6285756230354309, 9.951624870300293]}
Iteration 17
	total loss= 0.276437
Current scene parameters:
 	{'mat-Shape.brdf_0.clearcoat.value': [0.0], 'mat-Shape.brdf_0.clearcoat_gloss.value': [0.17320500314235687], 'mat-Shape.brdf_0.metallic.value': [0.0], 'mat-Shape.brdf_0.eta': [1.440384030342102], 'mat-Shape.brdf_0.roughness.value': [0.156793013215065], 'mat-Shape.brdf_0.base_color.data': TensorXf(shape=(512, 512, 3)), 'mat-Shape.brdf_0.anisotropic.value': [0.0], 'mat-Shape.brdf_0.spec_tint.value': [0.0], 'mat-Shape.brdf_0.sheen.value': [0.0], 'mat-Shape.brdf_0.sheen_tint.value': [0.5], 'mat-Shape.brdf_0.spec_trans.value': [0.0], 'mat-Shape.brdf_0.flatness.value': [0.0], 'ConstantBackgroundEmitter.radiance.value': [1.0], 'PLYMesh.vertex_positions': [-0.20532116293907166, -0.887071430683136, 9.515372276306152, -0.19374915957450867, -0.8844664692878723, .. 243074 skipped .., 0.6309065818786621, 9.935796737670898, 0.16447286307811737, 0.6285756230354309, 9.951624870300293]}
Iteration 18
	total loss= 0.275584
Current scene parameters:
 	{'mat-Shape.brdf_0.clearcoat.value': [0.0], 'mat-Shape.brdf_0.clearcoat_gloss.value': [0.17320500314235687], 'mat-Shape.brdf_0.metallic.value': [0.0], 'mat-Shape.brdf_0.eta': [1.4439566135406494], 'mat-Shape.brdf_0.roughness.value': [0.21686887741088867], 'mat-Shape.brdf_0.base_color.data': TensorXf(shape=(512, 512, 3)), 'mat-Shape.brdf_0.anisotropic.value': [0.0], 'mat-Shape.brdf_0.spec_tint.value': [0.0], 'mat-Shape.brdf_0.sheen.value': [0.0], 'mat-Shape.brdf_0.sheen_tint.value': [0.5], 'mat-Shape.brdf_0.spec_trans.value': [0.0], 'mat-Shape.brdf_0.flatness.value': [0.0], 'ConstantBackgroundEmitter.radiance.value': [1.0], 'PLYMesh.vertex_positions': [-0.20532116293907166, -0.887071430683136, 9.515372276306152, -0.19374915957450867, -0.8844664692878723, .. 243074 skipped .., 0.6309065818786621, 9.935796737670898, 0.16447286307811737, 0.6285756230354309, 9.951624870300293]}
Iteration 19
	total loss= 0.272804
Current scene parameters:
 	{'mat-Shape.brdf_0.clearcoat.value': [0.0], 'mat-Shape.brdf_0.clearcoat_gloss.value': [0.17320500314235687], 'mat-Shape.brdf_0.metallic.value': [0.0], 'mat-Shape.brdf_0.eta': [1.436647653579712], 'mat-Shape.brdf_0.roughness.value': [0.24305693805217743], 'mat-Shape.brdf_0.base_color.data': TensorXf(shape=(512, 512, 3)), 'mat-Shape.brdf_0.anisotropic.value': [0.0], 'mat-Shape.brdf_0.spec_tint.value': [0.0], 'mat-Shape.brdf_0.sheen.value': [0.0], 'mat-Shape.brdf_0.sheen_tint.value': [0.5], 'mat-Shape.brdf_0.spec_trans.value': [0.0], 'mat-Shape.brdf_0.flatness.value': [0.0], 'ConstantBackgroundEmitter.radiance.value': [1.0], 'PLYMesh.vertex_positions': [-0.20532116293907166, -0.887071430683136, 9.515372276306152, -0.19374915957450867, -0.8844664692878723, .. 243074 skipped .., 0.6309065818786621, 9.935796737670898, 0.16447286307811737, 0.6285756230354309, 9.951624870300293]}
Iteration 20
	total loss= 0.273511
Current scene parameters:
 	{'mat-Shape.brdf_0.clearcoat.value': [0.0], 'mat-Shape.brdf_0.clearcoat_gloss.value': [0.17320500314235687], 'mat-Shape.brdf_0.metallic.value': [0.0], 'mat-Shape.brdf_0.eta': [1.442741870880127], 'mat-Shape.brdf_0.roughness.value': [0.22316642105579376], 'mat-Shape.brdf_0.base_color.data': TensorXf(shape=(512, 512, 3)), 'mat-Shape.brdf_0.anisotropic.value': [0.0], 'mat-Shape.brdf_0.spec_tint.value': [0.0], 'mat-Shape.brdf_0.sheen.value': [0.0], 'mat-Shape.brdf_0.sheen_tint.value': [0.5], 'mat-Shape.brdf_0.spec_trans.value': [0.0], 'mat-Shape.brdf_0.flatness.value': [0.0], 'ConstantBackgroundEmitter.radiance.value': [1.0], 'PLYMesh.vertex_positions': [-0.20532116293907166, -0.887071430683136, 9.515372276306152, -0.19374915957450867, -0.8844664692878723, .. 243074 skipped .., 0.6309065818786621, 9.935796737670898, 0.16447286307811737, 0.6285756230354309, 9.951624870300293]}
Iteration 21
	total loss= 0.272552
Current scene parameters:
 	{'mat-Shape.brdf_0.clearcoat.value': [0.0], 'mat-Shape.brdf_0.clearcoat_gloss.value': [0.17320500314235687], 'mat-Shape.brdf_0.metallic.value': [0.0], 'mat-Shape.brdf_0.eta': [1.4407271146774292], 'mat-Shape.brdf_0.roughness.value': [0.23954181373119354], 'mat-Shape.brdf_0.base_color.data': TensorXf(shape=(512, 512, 3)), 'mat-Shape.brdf_0.anisotropic.value': [0.0], 'mat-Shape.brdf_0.spec_tint.value': [0.0], 'mat-Shape.brdf_0.sheen.value': [0.0], 'mat-Shape.brdf_0.sheen_tint.value': [0.5], 'mat-Shape.brdf_0.spec_trans.value': [0.0], 'mat-Shape.brdf_0.flatness.value': [0.0], 'ConstantBackgroundEmitter.radiance.value': [1.0], 'PLYMesh.vertex_positions': [-0.20532116293907166, -0.887071430683136, 9.515372276306152, -0.19374915957450867, -0.8844664692878723, .. 243074 skipped .., 0.6309065818786621, 9.935796737670898, 0.16447286307811737, 0.6285756230354309, 9.951624870300293]}
Iteration 22
	total loss= 0.273498
Current scene parameters:
 	{'mat-Shape.brdf_0.clearcoat.value': [0.0], 'mat-Shape.brdf_0.clearcoat_gloss.value': [0.17320500314235687], 'mat-Shape.brdf_0.metallic.value': [0.0], 'mat-Shape.brdf_0.eta': [1.4370168447494507], 'mat-Shape.brdf_0.roughness.value': [0.16235671937465668], 'mat-Shape.brdf_0.base_color.data': TensorXf(shape=(512, 512, 3)), 'mat-Shape.brdf_0.anisotropic.value': [0.0], 'mat-Shape.brdf_0.spec_tint.value': [0.0], 'mat-Shape.brdf_0.sheen.value': [0.0], 'mat-Shape.brdf_0.sheen_tint.value': [0.5], 'mat-Shape.brdf_0.spec_trans.value': [0.0], 'mat-Shape.brdf_0.flatness.value': [0.0], 'ConstantBackgroundEmitter.radiance.value': [1.0], 'PLYMesh.vertex_positions': [-0.20532116293907166, -0.887071430683136, 9.515372276306152, -0.19374915957450867, -0.8844664692878723, .. 243074 skipped .., 0.6309065818786621, 9.935796737670898, 0.16447286307811737, 0.6285756230354309, 9.951624870300293]}
Iteration 23
	total loss= 0.274201
Current scene parameters:
 	{'mat-Shape.brdf_0.clearcoat.value': [0.0], 'mat-Shape.brdf_0.clearcoat_gloss.value': [0.17320500314235687], 'mat-Shape.brdf_0.metallic.value': [0.0], 'mat-Shape.brdf_0.eta': [1.426965355873108], 'mat-Shape.brdf_0.roughness.value': [0.2060067057609558], 'mat-Shape.brdf_0.base_color.data': TensorXf(shape=(512, 512, 3)), 'mat-Shape.brdf_0.anisotropic.value': [0.0], 'mat-Shape.brdf_0.spec_tint.value': [0.0], 'mat-Shape.brdf_0.sheen.value': [0.0], 'mat-Shape.brdf_0.sheen_tint.value': [0.5], 'mat-Shape.brdf_0.spec_trans.value': [0.0], 'mat-Shape.brdf_0.flatness.value': [0.0], 'ConstantBackgroundEmitter.radiance.value': [1.0], 'PLYMesh.vertex_positions': [-0.20532116293907166, -0.887071430683136, 9.515372276306152, -0.19374915957450867, -0.8844664692878723, .. 243074 skipped .., 0.6309065818786621, 9.935796737670898, 0.16447286307811737, 0.6285756230354309, 9.951624870300293]}
Iteration 24
	total loss= 0.273923
Current scene parameters:
 	{'mat-Shape.brdf_0.clearcoat.value': [0.0], 'mat-Shape.brdf_0.clearcoat_gloss.value': [0.17320500314235687], 'mat-Shape.brdf_0.metallic.value': [0.0], 'mat-Shape.brdf_0.eta': [1.4356226921081543], 'mat-Shape.brdf_0.roughness.value': [0.21821735799312592], 'mat-Shape.brdf_0.base_color.data': TensorXf(shape=(512, 512, 3)), 'mat-Shape.brdf_0.anisotropic.value': [0.0], 'mat-Shape.brdf_0.spec_tint.value': [0.0], 'mat-Shape.brdf_0.sheen.value': [0.0], 'mat-Shape.brdf_0.sheen_tint.value': [0.5], 'mat-Shape.brdf_0.spec_trans.value': [0.0], 'mat-Shape.brdf_0.flatness.value': [0.0], 'ConstantBackgroundEmitter.radiance.value': [1.0], 'PLYMesh.vertex_positions': [-0.20532116293907166, -0.887071430683136, 9.515372276306152, -0.19374915957450867, -0.8844664692878723, .. 243074 skipped .., 0.6309065818786621, 9.935796737670898, 0.16447286307811737, 0.6285756230354309, 9.951624870300293]}
Iteration 25
	total loss= 0.274767
Current scene parameters:
 	{'mat-Shape.brdf_0.clearcoat.value': [0.0], 'mat-Shape.brdf_0.clearcoat_gloss.value': [0.17320500314235687], 'mat-Shape.brdf_0.metallic.value': [0.0], 'mat-Shape.brdf_0.eta': [1.4339747428894043], 'mat-Shape.brdf_0.roughness.value': [0.199656143784523], 'mat-Shape.brdf_0.base_color.data': TensorXf(shape=(512, 512, 3)), 'mat-Shape.brdf_0.anisotropic.value': [0.0], 'mat-Shape.brdf_0.spec_tint.value': [0.0], 'mat-Shape.brdf_0.sheen.value': [0.0], 'mat-Shape.brdf_0.sheen_tint.value': [0.5], 'mat-Shape.brdf_0.spec_trans.value': [0.0], 'mat-Shape.brdf_0.flatness.value': [0.0], 'ConstantBackgroundEmitter.radiance.value': [1.0], 'PLYMesh.vertex_positions': [-0.20532116293907166, -0.887071430683136, 9.515372276306152, -0.19374915957450867, -0.8844664692878723, .. 243074 skipped .., 0.6309065818786621, 9.935796737670898, 0.16447286307811737, 0.6285756230354309, 9.951624870300293]}
Iteration 26
	total loss= 0.273874
Current scene parameters:
 	{'mat-Shape.brdf_0.clearcoat.value': [0.0], 'mat-Shape.brdf_0.clearcoat_gloss.value': [0.17320500314235687], 'mat-Shape.brdf_0.metallic.value': [0.0], 'mat-Shape.brdf_0.eta': [1.424530267715454], 'mat-Shape.brdf_0.roughness.value': [0.10789240151643753], 'mat-Shape.brdf_0.base_color.data': TensorXf(shape=(512, 512, 3)), 'mat-Shape.brdf_0.anisotropic.value': [0.0], 'mat-Shape.brdf_0.spec_tint.value': [0.0], 'mat-Shape.brdf_0.sheen.value': [0.0], 'mat-Shape.brdf_0.sheen_tint.value': [0.5], 'mat-Shape.brdf_0.spec_trans.value': [0.0], 'mat-Shape.brdf_0.flatness.value': [0.0], 'ConstantBackgroundEmitter.radiance.value': [1.0], 'PLYMesh.vertex_positions': [-0.20532116293907166, -0.887071430683136, 9.515372276306152, -0.19374915957450867, -0.8844664692878723, .. 243074 skipped .., 0.6309065818786621, 9.935796737670898, 0.16447286307811737, 0.6285756230354309, 9.951624870300293]}
Iteration 27
	total loss= 0.276430
Current scene parameters:
 	{'mat-Shape.brdf_0.clearcoat.value': [0.0], 'mat-Shape.brdf_0.clearcoat_gloss.value': [0.17320500314235687], 'mat-Shape.brdf_0.metallic.value': [0.0], 'mat-Shape.brdf_0.eta': [1.4334198236465454], 'mat-Shape.brdf_0.roughness.value': [0.13998016715049744], 'mat-Shape.brdf_0.base_color.data': TensorXf(shape=(512, 512, 3)), 'mat-Shape.brdf_0.anisotropic.value': [0.0], 'mat-Shape.brdf_0.spec_tint.value': [0.0], 'mat-Shape.brdf_0.sheen.value': [0.0], 'mat-Shape.brdf_0.sheen_tint.value': [0.5], 'mat-Shape.brdf_0.spec_trans.value': [0.0], 'mat-Shape.brdf_0.flatness.value': [0.0], 'ConstantBackgroundEmitter.radiance.value': [1.0], 'PLYMesh.vertex_positions': [-0.20532116293907166, -0.887071430683136, 9.515372276306152, -0.19374915957450867, -0.8844664692878723, .. 243074 skipped .., 0.6309065818786621, 9.935796737670898, 0.16447286307811737, 0.6285756230354309, 9.951624870300293]}
Iteration 28
	total loss= 0.275698
Current scene parameters:
 	{'mat-Shape.brdf_0.clearcoat.value': [0.0], 'mat-Shape.brdf_0.clearcoat_gloss.value': [0.17320500314235687], 'mat-Shape.brdf_0.metallic.value': [0.0], 'mat-Shape.brdf_0.eta': [1.4406625032424927], 'mat-Shape.brdf_0.roughness.value': [0.19704213738441467], 'mat-Shape.brdf_0.base_color.data': TensorXf(shape=(512, 512, 3)), 'mat-Shape.brdf_0.anisotropic.value': [0.0], 'mat-Shape.brdf_0.spec_tint.value': [0.0], 'mat-Shape.brdf_0.sheen.value': [0.0], 'mat-Shape.brdf_0.sheen_tint.value': [0.5], 'mat-Shape.brdf_0.spec_trans.value': [0.0], 'mat-Shape.brdf_0.flatness.value': [0.0], 'ConstantBackgroundEmitter.radiance.value': [1.0], 'PLYMesh.vertex_positions': [-0.20532116293907166, -0.887071430683136, 9.515372276306152, -0.19374915957450867, -0.8844664692878723, .. 243074 skipped .., 0.6309065818786621, 9.935796737670898, 0.16447286307811737, 0.6285756230354309, 9.951624870300293]}
Iteration 29
	total loss= 0.273136
Current scene parameters:
 	{'mat-Shape.brdf_0.clearcoat.value': [0.0], 'mat-Shape.brdf_0.clearcoat_gloss.value': [0.17320500314235687], 'mat-Shape.brdf_0.metallic.value': [0.0], 'mat-Shape.brdf_0.eta': [1.4353699684143066], 'mat-Shape.brdf_0.roughness.value': [0.24639634788036346], 'mat-Shape.brdf_0.base_color.data': TensorXf(shape=(512, 512, 3)), 'mat-Shape.brdf_0.anisotropic.value': [0.0], 'mat-Shape.brdf_0.spec_tint.value': [0.0], 'mat-Shape.brdf_0.sheen.value': [0.0], 'mat-Shape.brdf_0.sheen_tint.value': [0.5], 'mat-Shape.brdf_0.spec_trans.value': [0.0], 'mat-Shape.brdf_0.flatness.value': [0.0], 'ConstantBackgroundEmitter.radiance.value': [1.0], 'PLYMesh.vertex_positions': [-0.20532116293907166, -0.887071430683136, 9.515372276306152, -0.19374915957450867, -0.8844664692878723, .. 243074 skipped .., 0.6309065818786621, 9.935796737670898, 0.16447286307811737, 0.6285756230354309, 9.951624870300293]}
Iteration 30
	total loss= 0.272243
Current scene parameters:
 	{'mat-Shape.brdf_0.clearcoat.value': [0.0], 'mat-Shape.brdf_0.clearcoat_gloss.value': [0.17320500314235687], 'mat-Shape.brdf_0.metallic.value': [0.0], 'mat-Shape.brdf_0.eta': [1.4296324253082275], 'mat-Shape.brdf_0.roughness.value': [0.2456396073102951], 'mat-Shape.brdf_0.base_color.data': TensorXf(shape=(512, 512, 3)), 'mat-Shape.brdf_0.anisotropic.value': [0.0], 'mat-Shape.brdf_0.spec_tint.value': [0.0], 'mat-Shape.brdf_0.sheen.value': [0.0], 'mat-Shape.brdf_0.sheen_tint.value': [0.5], 'mat-Shape.brdf_0.spec_trans.value': [0.0], 'mat-Shape.brdf_0.flatness.value': [0.0], 'ConstantBackgroundEmitter.radiance.value': [1.0], 'PLYMesh.vertex_positions': [-0.20532116293907166, -0.887071430683136, 9.515372276306152, -0.19374915957450867, -0.8844664692878723, .. 243074 skipped .., 0.6309065818786621, 9.935796737670898, 0.16447286307811737, 0.6285756230354309, 9.951624870300293]}
Iteration 31
	total loss= 0.272282
Current scene parameters:
 	{'mat-Shape.brdf_0.clearcoat.value': [0.0], 'mat-Shape.brdf_0.clearcoat_gloss.value': [0.17320500314235687], 'mat-Shape.brdf_0.metallic.value': [0.0], 'mat-Shape.brdf_0.eta': [1.4297860860824585], 'mat-Shape.brdf_0.roughness.value': [0.2166563719511032], 'mat-Shape.brdf_0.base_color.data': TensorXf(shape=(512, 512, 3)), 'mat-Shape.brdf_0.anisotropic.value': [0.0], 'mat-Shape.brdf_0.spec_tint.value': [0.0], 'mat-Shape.brdf_0.sheen.value': [0.0], 'mat-Shape.brdf_0.sheen_tint.value': [0.5], 'mat-Shape.brdf_0.spec_trans.value': [0.0], 'mat-Shape.brdf_0.flatness.value': [0.0], 'ConstantBackgroundEmitter.radiance.value': [1.0], 'PLYMesh.vertex_positions': [-0.20532116293907166, -0.887071430683136, 9.515372276306152, -0.19374915957450867, -0.8844664692878723, .. 243074 skipped .., 0.6309065818786621, 9.935796737670898, 0.16447286307811737, 0.6285756230354309, 9.951624870300293]}
Iteration 32
	total loss= 0.274404
Current scene parameters:
 	{'mat-Shape.brdf_0.clearcoat.value': [0.0], 'mat-Shape.brdf_0.clearcoat_gloss.value': [0.17320500314235687], 'mat-Shape.brdf_0.metallic.value': [0.0], 'mat-Shape.brdf_0.eta': [1.4323121309280396], 'mat-Shape.brdf_0.roughness.value': [0.16892199218273163], 'mat-Shape.brdf_0.base_color.data': TensorXf(shape=(512, 512, 3)), 'mat-Shape.brdf_0.anisotropic.value': [0.0], 'mat-Shape.brdf_0.spec_tint.value': [0.0], 'mat-Shape.brdf_0.sheen.value': [0.0], 'mat-Shape.brdf_0.sheen_tint.value': [0.5], 'mat-Shape.brdf_0.spec_trans.value': [0.0], 'mat-Shape.brdf_0.flatness.value': [0.0], 'ConstantBackgroundEmitter.radiance.value': [1.0], 'PLYMesh.vertex_positions': [-0.20532116293907166, -0.887071430683136, 9.515372276306152, -0.19374915957450867, -0.8844664692878723, .. 243074 skipped .., 0.6309065818786621, 9.935796737670898, 0.16447286307811737, 0.6285756230354309, 9.951624870300293]}
Iteration 33
	total loss= 0.275299
Current scene parameters:
 	{'mat-Shape.brdf_0.clearcoat.value': [0.0], 'mat-Shape.brdf_0.clearcoat_gloss.value': [0.17320500314235687], 'mat-Shape.brdf_0.metallic.value': [0.0], 'mat-Shape.brdf_0.eta': [1.43248450756073], 'mat-Shape.brdf_0.roughness.value': [0.230186328291893], 'mat-Shape.brdf_0.base_color.data': TensorXf(shape=(512, 512, 3)), 'mat-Shape.brdf_0.anisotropic.value': [0.0], 'mat-Shape.brdf_0.spec_tint.value': [0.0], 'mat-Shape.brdf_0.sheen.value': [0.0], 'mat-Shape.brdf_0.sheen_tint.value': [0.5], 'mat-Shape.brdf_0.spec_trans.value': [0.0], 'mat-Shape.brdf_0.flatness.value': [0.0], 'ConstantBackgroundEmitter.radiance.value': [1.0], 'PLYMesh.vertex_positions': [-0.20532116293907166, -0.887071430683136, 9.515372276306152, -0.19374915957450867, -0.8844664692878723, .. 243074 skipped .., 0.6309065818786621, 9.935796737670898, 0.16447286307811737, 0.6285756230354309, 9.951624870300293]}
Iteration 34
	total loss= 0.272216
Current scene parameters:
 	{'mat-Shape.brdf_0.clearcoat.value': [0.0], 'mat-Shape.brdf_0.clearcoat_gloss.value': [0.17320500314235687], 'mat-Shape.brdf_0.metallic.value': [0.0], 'mat-Shape.brdf_0.eta': [1.431565284729004], 'mat-Shape.brdf_0.roughness.value': [0.2731514573097229], 'mat-Shape.brdf_0.base_color.data': TensorXf(shape=(512, 512, 3)), 'mat-Shape.brdf_0.anisotropic.value': [0.0], 'mat-Shape.brdf_0.spec_tint.value': [0.0], 'mat-Shape.brdf_0.sheen.value': [0.0], 'mat-Shape.brdf_0.sheen_tint.value': [0.5], 'mat-Shape.brdf_0.spec_trans.value': [0.0], 'mat-Shape.brdf_0.flatness.value': [0.0], 'ConstantBackgroundEmitter.radiance.value': [1.0], 'PLYMesh.vertex_positions': [-0.20532116293907166, -0.887071430683136, 9.515372276306152, -0.19374915957450867, -0.8844664692878723, .. 243074 skipped .., 0.6309065818786621, 9.935796737670898, 0.16447286307811737, 0.6285756230354309, 9.951624870300293]}
Iteration 35
	total loss= 0.274542
Current scene parameters:
 	{'mat-Shape.brdf_0.clearcoat.value': [0.0], 'mat-Shape.brdf_0.clearcoat_gloss.value': [0.17320500314235687], 'mat-Shape.brdf_0.metallic.value': [0.0], 'mat-Shape.brdf_0.eta': [1.4375849962234497], 'mat-Shape.brdf_0.roughness.value': [0.21855539083480835], 'mat-Shape.brdf_0.base_color.data': TensorXf(shape=(512, 512, 3)), 'mat-Shape.brdf_0.anisotropic.value': [0.0], 'mat-Shape.brdf_0.spec_tint.value': [0.0], 'mat-Shape.brdf_0.sheen.value': [0.0], 'mat-Shape.brdf_0.sheen_tint.value': [0.5], 'mat-Shape.brdf_0.spec_trans.value': [0.0], 'mat-Shape.brdf_0.flatness.value': [0.0], 'ConstantBackgroundEmitter.radiance.value': [1.0], 'PLYMesh.vertex_positions': [-0.20532116293907166, -0.887071430683136, 9.515372276306152, -0.19374915957450867, -0.8844664692878723, .. 243074 skipped .., 0.6309065818786621, 9.935796737670898, 0.16447286307811737, 0.6285756230354309, 9.951624870300293]}
Iteration 36
	total loss= 0.273062
Current scene parameters:
 	{'mat-Shape.brdf_0.clearcoat.value': [0.0], 'mat-Shape.brdf_0.clearcoat_gloss.value': [0.17320500314235687], 'mat-Shape.brdf_0.metallic.value': [0.0], 'mat-Shape.brdf_0.eta': [1.43833327293396], 'mat-Shape.brdf_0.roughness.value': [0.17519938945770264], 'mat-Shape.brdf_0.base_color.data': TensorXf(shape=(512, 512, 3)), 'mat-Shape.brdf_0.anisotropic.value': [0.0], 'mat-Shape.brdf_0.spec_tint.value': [0.0], 'mat-Shape.brdf_0.sheen.value': [0.0], 'mat-Shape.brdf_0.sheen_tint.value': [0.5], 'mat-Shape.brdf_0.spec_trans.value': [0.0], 'mat-Shape.brdf_0.flatness.value': [0.0], 'ConstantBackgroundEmitter.radiance.value': [1.0], 'PLYMesh.vertex_positions': [-0.20532116293907166, -0.887071430683136, 9.515372276306152, -0.19374915957450867, -0.8844664692878723, .. 243074 skipped .., 0.6309065818786621, 9.935796737670898, 0.16447286307811737, 0.6285756230354309, 9.951624870300293]}
Iteration 37
	total loss= 0.273393
Current scene parameters:
 	{'mat-Shape.brdf_0.clearcoat.value': [0.0], 'mat-Shape.brdf_0.clearcoat_gloss.value': [0.17320500314235687], 'mat-Shape.brdf_0.metallic.value': [0.0], 'mat-Shape.brdf_0.eta': [1.4277894496917725], 'mat-Shape.brdf_0.roughness.value': [0.21521823108196259], 'mat-Shape.brdf_0.base_color.data': TensorXf(shape=(512, 512, 3)), 'mat-Shape.brdf_0.anisotropic.value': [0.0], 'mat-Shape.brdf_0.spec_tint.value': [0.0], 'mat-Shape.brdf_0.sheen.value': [0.0], 'mat-Shape.brdf_0.sheen_tint.value': [0.5], 'mat-Shape.brdf_0.spec_trans.value': [0.0], 'mat-Shape.brdf_0.flatness.value': [0.0], 'ConstantBackgroundEmitter.radiance.value': [1.0], 'PLYMesh.vertex_positions': [-0.20532116293907166, -0.887071430683136, 9.515372276306152, -0.19374915957450867, -0.8844664692878723, .. 243074 skipped .., 0.6309065818786621, 9.935796737670898, 0.16447286307811737, 0.6285756230354309, 9.951624870300293]}
Iteration 38
	total loss= 0.272554
Current scene parameters:
 	{'mat-Shape.brdf_0.clearcoat.value': [0.0], 'mat-Shape.brdf_0.clearcoat_gloss.value': [0.17320500314235687], 'mat-Shape.brdf_0.metallic.value': [0.0], 'mat-Shape.brdf_0.eta': [1.4298852682113647], 'mat-Shape.brdf_0.roughness.value': [0.2363467663526535], 'mat-Shape.brdf_0.base_color.data': TensorXf(shape=(512, 512, 3)), 'mat-Shape.brdf_0.anisotropic.value': [0.0], 'mat-Shape.brdf_0.spec_tint.value': [0.0], 'mat-Shape.brdf_0.sheen.value': [0.0], 'mat-Shape.brdf_0.sheen_tint.value': [0.5], 'mat-Shape.brdf_0.spec_trans.value': [0.0], 'mat-Shape.brdf_0.flatness.value': [0.0], 'ConstantBackgroundEmitter.radiance.value': [1.0], 'PLYMesh.vertex_positions': [-0.20532116293907166, -0.887071430683136, 9.515372276306152, -0.19374915957450867, -0.8844664692878723, .. 243074 skipped .., 0.6309065818786621, 9.935796737670898, 0.16447286307811737, 0.6285756230354309, 9.951624870300293]}
Iteration 39
	total loss= 0.274450
Current scene parameters:
 	{'mat-Shape.brdf_0.clearcoat.value': [0.0], 'mat-Shape.brdf_0.clearcoat_gloss.value': [0.17320500314235687], 'mat-Shape.brdf_0.metallic.value': [0.0], 'mat-Shape.brdf_0.eta': [1.4331207275390625], 'mat-Shape.brdf_0.roughness.value': [0.19330857694149017], 'mat-Shape.brdf_0.base_color.data': TensorXf(shape=(512, 512, 3)), 'mat-Shape.brdf_0.anisotropic.value': [0.0], 'mat-Shape.brdf_0.spec_tint.value': [0.0], 'mat-Shape.brdf_0.sheen.value': [0.0], 'mat-Shape.brdf_0.sheen_tint.value': [0.5], 'mat-Shape.brdf_0.spec_trans.value': [0.0], 'mat-Shape.brdf_0.flatness.value': [0.0], 'ConstantBackgroundEmitter.radiance.value': [1.0], 'PLYMesh.vertex_positions': [-0.20532116293907166, -0.887071430683136, 9.515372276306152, -0.19374915957450867, -0.8844664692878723, .. 243074 skipped .., 0.6309065818786621, 9.935796737670898, 0.16447286307811737, 0.6285756230354309, 9.951624870300293]}
Iteration 40
	total loss= 0.273344
Current scene parameters:
 	{'mat-Shape.brdf_0.clearcoat.value': [0.0], 'mat-Shape.brdf_0.clearcoat_gloss.value': [0.17320500314235687], 'mat-Shape.brdf_0.metallic.value': [0.0], 'mat-Shape.brdf_0.eta': [1.4259542226791382], 'mat-Shape.brdf_0.roughness.value': [0.17935286462306976], 'mat-Shape.brdf_0.base_color.data': TensorXf(shape=(512, 512, 3)), 'mat-Shape.brdf_0.anisotropic.value': [0.0], 'mat-Shape.brdf_0.spec_tint.value': [0.0], 'mat-Shape.brdf_0.sheen.value': [0.0], 'mat-Shape.brdf_0.sheen_tint.value': [0.5], 'mat-Shape.brdf_0.spec_trans.value': [0.0], 'mat-Shape.brdf_0.flatness.value': [0.0], 'ConstantBackgroundEmitter.radiance.value': [1.0], 'PLYMesh.vertex_positions': [-0.20532116293907166, -0.887071430683136, 9.515372276306152, -0.19374915957450867, -0.8844664692878723, .. 243074 skipped .., 0.6309065818786621, 9.935796737670898, 0.16447286307811737, 0.6285756230354309, 9.951624870300293]}
Iteration 41
	total loss= 0.273916
Current scene parameters:
 	{'mat-Shape.brdf_0.clearcoat.value': [0.0], 'mat-Shape.brdf_0.clearcoat_gloss.value': [0.17320500314235687], 'mat-Shape.brdf_0.metallic.value': [0.0], 'mat-Shape.brdf_0.eta': [1.4261140823364258], 'mat-Shape.brdf_0.roughness.value': [0.22283276915550232], 'mat-Shape.brdf_0.base_color.data': TensorXf(shape=(512, 512, 3)), 'mat-Shape.brdf_0.anisotropic.value': [0.0], 'mat-Shape.brdf_0.spec_tint.value': [0.0], 'mat-Shape.brdf_0.sheen.value': [0.0], 'mat-Shape.brdf_0.sheen_tint.value': [0.5], 'mat-Shape.brdf_0.spec_trans.value': [0.0], 'mat-Shape.brdf_0.flatness.value': [0.0], 'ConstantBackgroundEmitter.radiance.value': [1.0], 'PLYMesh.vertex_positions': [-0.20532116293907166, -0.887071430683136, 9.515372276306152, -0.19374915957450867, -0.8844664692878723, .. 243074 skipped .., 0.6309065818786621, 9.935796737670898, 0.16447286307811737, 0.6285756230354309, 9.951624870300293]}
Iteration 42
	total loss= 0.271751
Current scene parameters:
 	{'mat-Shape.brdf_0.clearcoat.value': [0.0], 'mat-Shape.brdf_0.clearcoat_gloss.value': [0.17320500314235687], 'mat-Shape.brdf_0.metallic.value': [0.0], 'mat-Shape.brdf_0.eta': [1.435569167137146], 'mat-Shape.brdf_0.roughness.value': [0.2681068480014801], 'mat-Shape.brdf_0.base_color.data': TensorXf(shape=(512, 512, 3)), 'mat-Shape.brdf_0.anisotropic.value': [0.0], 'mat-Shape.brdf_0.spec_tint.value': [0.0], 'mat-Shape.brdf_0.sheen.value': [0.0], 'mat-Shape.brdf_0.sheen_tint.value': [0.5], 'mat-Shape.brdf_0.spec_trans.value': [0.0], 'mat-Shape.brdf_0.flatness.value': [0.0], 'ConstantBackgroundEmitter.radiance.value': [1.0], 'PLYMesh.vertex_positions': [-0.20532116293907166, -0.887071430683136, 9.515372276306152, -0.19374915957450867, -0.8844664692878723, .. 243074 skipped .., 0.6309065818786621, 9.935796737670898, 0.16447286307811737, 0.6285756230354309, 9.951624870300293]}
Iteration 43
	total loss= 0.273970
Current scene parameters:
 	{'mat-Shape.brdf_0.clearcoat.value': [0.0], 'mat-Shape.brdf_0.clearcoat_gloss.value': [0.17320500314235687], 'mat-Shape.brdf_0.metallic.value': [0.0], 'mat-Shape.brdf_0.eta': [1.4380552768707275], 'mat-Shape.brdf_0.roughness.value': [0.2107241451740265], 'mat-Shape.brdf_0.base_color.data': TensorXf(shape=(512, 512, 3)), 'mat-Shape.brdf_0.anisotropic.value': [0.0], 'mat-Shape.brdf_0.spec_tint.value': [0.0], 'mat-Shape.brdf_0.sheen.value': [0.0], 'mat-Shape.brdf_0.sheen_tint.value': [0.5], 'mat-Shape.brdf_0.spec_trans.value': [0.0], 'mat-Shape.brdf_0.flatness.value': [0.0], 'ConstantBackgroundEmitter.radiance.value': [1.0], 'PLYMesh.vertex_positions': [-0.20532116293907166, -0.887071430683136, 9.515372276306152, -0.19374915957450867, -0.8844664692878723, .. 243074 skipped .., 0.6309065818786621, 9.935796737670898, 0.16447286307811737, 0.6285756230354309, 9.951624870300293]}
Iteration 44
	total loss= 0.275344
Current scene parameters:
 	{'mat-Shape.brdf_0.clearcoat.value': [0.0], 'mat-Shape.brdf_0.clearcoat_gloss.value': [0.17320500314235687], 'mat-Shape.brdf_0.metallic.value': [0.0], 'mat-Shape.brdf_0.eta': [1.4287341833114624], 'mat-Shape.brdf_0.roughness.value': [0.2007313072681427], 'mat-Shape.brdf_0.base_color.data': TensorXf(shape=(512, 512, 3)), 'mat-Shape.brdf_0.anisotropic.value': [0.0], 'mat-Shape.brdf_0.spec_tint.value': [0.0], 'mat-Shape.brdf_0.sheen.value': [0.0], 'mat-Shape.brdf_0.sheen_tint.value': [0.5], 'mat-Shape.brdf_0.spec_trans.value': [0.0], 'mat-Shape.brdf_0.flatness.value': [0.0], 'ConstantBackgroundEmitter.radiance.value': [1.0], 'PLYMesh.vertex_positions': [-0.20532116293907166, -0.887071430683136, 9.515372276306152, -0.19374915957450867, -0.8844664692878723, .. 243074 skipped .., 0.6309065818786621, 9.935796737670898, 0.16447286307811737, 0.6285756230354309, 9.951624870300293]}
Iteration 45
	total loss= 0.273458
Current scene parameters:
 	{'mat-Shape.brdf_0.clearcoat.value': [0.0], 'mat-Shape.brdf_0.clearcoat_gloss.value': [0.17320500314235687], 'mat-Shape.brdf_0.metallic.value': [0.0], 'mat-Shape.brdf_0.eta': [1.4339931011199951], 'mat-Shape.brdf_0.roughness.value': [0.24255773425102234], 'mat-Shape.brdf_0.base_color.data': TensorXf(shape=(512, 512, 3)), 'mat-Shape.brdf_0.anisotropic.value': [0.0], 'mat-Shape.brdf_0.spec_tint.value': [0.0], 'mat-Shape.brdf_0.sheen.value': [0.0], 'mat-Shape.brdf_0.sheen_tint.value': [0.5], 'mat-Shape.brdf_0.spec_trans.value': [0.0], 'mat-Shape.brdf_0.flatness.value': [0.0], 'ConstantBackgroundEmitter.radiance.value': [1.0], 'PLYMesh.vertex_positions': [-0.20532116293907166, -0.887071430683136, 9.515372276306152, -0.19374915957450867, -0.8844664692878723, .. 243074 skipped .., 0.6309065818786621, 9.935796737670898, 0.16447286307811737, 0.6285756230354309, 9.951624870300293]}
Iteration 46
	total loss= 0.272946
Current scene parameters:
 	{'mat-Shape.brdf_0.clearcoat.value': [0.0], 'mat-Shape.brdf_0.clearcoat_gloss.value': [0.17320500314235687], 'mat-Shape.brdf_0.metallic.value': [0.0], 'mat-Shape.brdf_0.eta': [1.440087914466858], 'mat-Shape.brdf_0.roughness.value': [0.18866044282913208], 'mat-Shape.brdf_0.base_color.data': TensorXf(shape=(512, 512, 3)), 'mat-Shape.brdf_0.anisotropic.value': [0.0], 'mat-Shape.brdf_0.spec_tint.value': [0.0], 'mat-Shape.brdf_0.sheen.value': [0.0], 'mat-Shape.brdf_0.sheen_tint.value': [0.5], 'mat-Shape.brdf_0.spec_trans.value': [0.0], 'mat-Shape.brdf_0.flatness.value': [0.0], 'ConstantBackgroundEmitter.radiance.value': [1.0], 'PLYMesh.vertex_positions': [-0.20532116293907166, -0.887071430683136, 9.515372276306152, -0.19374915957450867, -0.8844664692878723, .. 243074 skipped .., 0.6309065818786621, 9.935796737670898, 0.16447286307811737, 0.6285756230354309, 9.951624870300293]}
Iteration 47
	total loss= 0.274934
Current scene parameters:
 	{'mat-Shape.brdf_0.clearcoat.value': [0.0], 'mat-Shape.brdf_0.clearcoat_gloss.value': [0.17320500314235687], 'mat-Shape.brdf_0.metallic.value': [0.0], 'mat-Shape.brdf_0.eta': [1.4387319087982178], 'mat-Shape.brdf_0.roughness.value': [0.13462454080581665], 'mat-Shape.brdf_0.base_color.data': TensorXf(shape=(512, 512, 3)), 'mat-Shape.brdf_0.anisotropic.value': [0.0], 'mat-Shape.brdf_0.spec_tint.value': [0.0], 'mat-Shape.brdf_0.sheen.value': [0.0], 'mat-Shape.brdf_0.sheen_tint.value': [0.5], 'mat-Shape.brdf_0.spec_trans.value': [0.0], 'mat-Shape.brdf_0.flatness.value': [0.0], 'ConstantBackgroundEmitter.radiance.value': [1.0], 'PLYMesh.vertex_positions': [-0.20532116293907166, -0.887071430683136, 9.515372276306152, -0.19374915957450867, -0.8844664692878723, .. 243074 skipped .., 0.6309065818786621, 9.935796737670898, 0.16447286307811737, 0.6285756230354309, 9.951624870300293]}
Iteration 48
	total loss= 0.275249
Current scene parameters:
 	{'mat-Shape.brdf_0.clearcoat.value': [0.0], 'mat-Shape.brdf_0.clearcoat_gloss.value': [0.17320500314235687], 'mat-Shape.brdf_0.metallic.value': [0.0], 'mat-Shape.brdf_0.eta': [1.4391533136367798], 'mat-Shape.brdf_0.roughness.value': [0.2695859968662262], 'mat-Shape.brdf_0.base_color.data': TensorXf(shape=(512, 512, 3)), 'mat-Shape.brdf_0.anisotropic.value': [0.0], 'mat-Shape.brdf_0.spec_tint.value': [0.0], 'mat-Shape.brdf_0.sheen.value': [0.0], 'mat-Shape.brdf_0.sheen_tint.value': [0.5], 'mat-Shape.brdf_0.spec_trans.value': [0.0], 'mat-Shape.brdf_0.flatness.value': [0.0], 'ConstantBackgroundEmitter.radiance.value': [1.0], 'PLYMesh.vertex_positions': [-0.20532116293907166, -0.887071430683136, 9.515372276306152, -0.19374915957450867, -0.8844664692878723, .. 243074 skipped .., 0.6309065818786621, 9.935796737670898, 0.16447286307811737, 0.6285756230354309, 9.951624870300293]}
Iteration 49
	total loss= 0.272708
Current scene parameters:
 	{'mat-Shape.brdf_0.clearcoat.value': [0.0], 'mat-Shape.brdf_0.clearcoat_gloss.value': [0.17320500314235687], 'mat-Shape.brdf_0.metallic.value': [0.0], 'mat-Shape.brdf_0.eta': [1.434489130973816], 'mat-Shape.brdf_0.roughness.value': [0.24048680067062378], 'mat-Shape.brdf_0.base_color.data': TensorXf(shape=(512, 512, 3)), 'mat-Shape.brdf_0.anisotropic.value': [0.0], 'mat-Shape.brdf_0.spec_tint.value': [0.0], 'mat-Shape.brdf_0.sheen.value': [0.0], 'mat-Shape.brdf_0.sheen_tint.value': [0.5], 'mat-Shape.brdf_0.spec_trans.value': [0.0], 'mat-Shape.brdf_0.flatness.value': [0.0], 'ConstantBackgroundEmitter.radiance.value': [1.0], 'PLYMesh.vertex_positions': [-0.20532116293907166, -0.887071430683136, 9.515372276306152, -0.19374915957450867, -0.8844664692878723, .. 243074 skipped .., 0.6309065818786621, 9.935796737670898, 0.16447286307811737, 0.6285756230354309, 9.951624870300293]}
Iteration 50
	total loss= 0.273104
Current scene parameters:
 	{'mat-Shape.brdf_0.clearcoat.value': [0.0], 'mat-Shape.brdf_0.clearcoat_gloss.value': [0.17320500314235687], 'mat-Shape.brdf_0.metallic.value': [0.0], 'mat-Shape.brdf_0.eta': [1.4362815618515015], 'mat-Shape.brdf_0.roughness.value': [0.19620895385742188], 'mat-Shape.brdf_0.base_color.data': TensorXf(shape=(512, 512, 3)), 'mat-Shape.brdf_0.anisotropic.value': [0.0], 'mat-Shape.brdf_0.spec_tint.value': [0.0], 'mat-Shape.brdf_0.sheen.value': [0.0], 'mat-Shape.brdf_0.sheen_tint.value': [0.5], 'mat-Shape.brdf_0.spec_trans.value': [0.0], 'mat-Shape.brdf_0.flatness.value': [0.0], 'ConstantBackgroundEmitter.radiance.value': [1.0], 'PLYMesh.vertex_positions': [-0.20532116293907166, -0.887071430683136, 9.515372276306152, -0.19374915957450867, -0.8844664692878723, .. 243074 skipped .., 0.6309065818786621, 9.935796737670898, 0.16447286307811737, 0.6285756230354309, 9.951624870300293]}
Iteration 51
	total loss= 0.274060
Current scene parameters:
 	{'mat-Shape.brdf_0.clearcoat.value': [0.0], 'mat-Shape.brdf_0.clearcoat_gloss.value': [0.17320500314235687], 'mat-Shape.brdf_0.metallic.value': [0.0], 'mat-Shape.brdf_0.eta': [1.431904673576355], 'mat-Shape.brdf_0.roughness.value': [0.21378688514232635], 'mat-Shape.brdf_0.base_color.data': TensorXf(shape=(512, 512, 3)), 'mat-Shape.brdf_0.anisotropic.value': [0.0], 'mat-Shape.brdf_0.spec_tint.value': [0.0], 'mat-Shape.brdf_0.sheen.value': [0.0], 'mat-Shape.brdf_0.sheen_tint.value': [0.5], 'mat-Shape.brdf_0.spec_trans.value': [0.0], 'mat-Shape.brdf_0.flatness.value': [0.0], 'ConstantBackgroundEmitter.radiance.value': [1.0], 'PLYMesh.vertex_positions': [-0.20532116293907166, -0.887071430683136, 9.515372276306152, -0.19374915957450867, -0.8844664692878723, .. 243074 skipped .., 0.6309065818786621, 9.935796737670898, 0.16447286307811737, 0.6285756230354309, 9.951624870300293]}
Iteration 52
	total loss= 0.273185
Current scene parameters:
 	{'mat-Shape.brdf_0.clearcoat.value': [0.0], 'mat-Shape.brdf_0.clearcoat_gloss.value': [0.17320500314235687], 'mat-Shape.brdf_0.metallic.value': [0.0], 'mat-Shape.brdf_0.eta': [1.4358984231948853], 'mat-Shape.brdf_0.roughness.value': [0.187769815325737], 'mat-Shape.brdf_0.base_color.data': TensorXf(shape=(512, 512, 3)), 'mat-Shape.brdf_0.anisotropic.value': [0.0], 'mat-Shape.brdf_0.spec_tint.value': [0.0], 'mat-Shape.brdf_0.sheen.value': [0.0], 'mat-Shape.brdf_0.sheen_tint.value': [0.5], 'mat-Shape.brdf_0.spec_trans.value': [0.0], 'mat-Shape.brdf_0.flatness.value': [0.0], 'ConstantBackgroundEmitter.radiance.value': [1.0], 'PLYMesh.vertex_positions': [-0.20532116293907166, -0.887071430683136, 9.515372276306152, -0.19374915957450867, -0.8844664692878723, .. 243074 skipped .., 0.6309065818786621, 9.935796737670898, 0.16447286307811737, 0.6285756230354309, 9.951624870300293]}
Iteration 53
	total loss= 0.274838
Current scene parameters:
 	{'mat-Shape.brdf_0.clearcoat.value': [0.0], 'mat-Shape.brdf_0.clearcoat_gloss.value': [0.17320500314235687], 'mat-Shape.brdf_0.metallic.value': [0.0], 'mat-Shape.brdf_0.eta': [1.4363702535629272], 'mat-Shape.brdf_0.roughness.value': [0.18631459772586823], 'mat-Shape.brdf_0.base_color.data': TensorXf(shape=(512, 512, 3)), 'mat-Shape.brdf_0.anisotropic.value': [0.0], 'mat-Shape.brdf_0.spec_tint.value': [0.0], 'mat-Shape.brdf_0.sheen.value': [0.0], 'mat-Shape.brdf_0.sheen_tint.value': [0.5], 'mat-Shape.brdf_0.spec_trans.value': [0.0], 'mat-Shape.brdf_0.flatness.value': [0.0], 'ConstantBackgroundEmitter.radiance.value': [1.0], 'PLYMesh.vertex_positions': [-0.20532116293907166, -0.887071430683136, 9.515372276306152, -0.19374915957450867, -0.8844664692878723, .. 243074 skipped .., 0.6309065818786621, 9.935796737670898, 0.16447286307811737, 0.6285756230354309, 9.951624870300293]}
Iteration 54
	total loss= 0.273121
Current scene parameters:
 	{'mat-Shape.brdf_0.clearcoat.value': [0.0], 'mat-Shape.brdf_0.clearcoat_gloss.value': [0.17320500314235687], 'mat-Shape.brdf_0.metallic.value': [0.0], 'mat-Shape.brdf_0.eta': [1.4379794597625732], 'mat-Shape.brdf_0.roughness.value': [0.2512211203575134], 'mat-Shape.brdf_0.base_color.data': TensorXf(shape=(512, 512, 3)), 'mat-Shape.brdf_0.anisotropic.value': [0.0], 'mat-Shape.brdf_0.spec_tint.value': [0.0], 'mat-Shape.brdf_0.sheen.value': [0.0], 'mat-Shape.brdf_0.sheen_tint.value': [0.5], 'mat-Shape.brdf_0.spec_trans.value': [0.0], 'mat-Shape.brdf_0.flatness.value': [0.0], 'ConstantBackgroundEmitter.radiance.value': [1.0], 'PLYMesh.vertex_positions': [-0.20532116293907166, -0.887071430683136, 9.515372276306152, -0.19374915957450867, -0.8844664692878723, .. 243074 skipped .., 0.6309065818786621, 9.935796737670898, 0.16447286307811737, 0.6285756230354309, 9.951624870300293]}
Iteration 55
	total loss= 0.271607
Current scene parameters:
 	{'mat-Shape.brdf_0.clearcoat.value': [0.0], 'mat-Shape.brdf_0.clearcoat_gloss.value': [0.17320500314235687], 'mat-Shape.brdf_0.metallic.value': [0.0], 'mat-Shape.brdf_0.eta': [1.4403862953186035], 'mat-Shape.brdf_0.roughness.value': [0.23362325131893158], 'mat-Shape.brdf_0.base_color.data': TensorXf(shape=(512, 512, 3)), 'mat-Shape.brdf_0.anisotropic.value': [0.0], 'mat-Shape.brdf_0.spec_tint.value': [0.0], 'mat-Shape.brdf_0.sheen.value': [0.0], 'mat-Shape.brdf_0.sheen_tint.value': [0.5], 'mat-Shape.brdf_0.spec_trans.value': [0.0], 'mat-Shape.brdf_0.flatness.value': [0.0], 'ConstantBackgroundEmitter.radiance.value': [1.0], 'PLYMesh.vertex_positions': [-0.20532116293907166, -0.887071430683136, 9.515372276306152, -0.19374915957450867, -0.8844664692878723, .. 243074 skipped .., 0.6309065818786621, 9.935796737670898, 0.16447286307811737, 0.6285756230354309, 9.951624870300293]}
Iteration 56
	total loss= 0.274411
Current scene parameters:
 	{'mat-Shape.brdf_0.clearcoat.value': [0.0], 'mat-Shape.brdf_0.clearcoat_gloss.value': [0.17320500314235687], 'mat-Shape.brdf_0.metallic.value': [0.0], 'mat-Shape.brdf_0.eta': [1.437274694442749], 'mat-Shape.brdf_0.roughness.value': [0.199815034866333], 'mat-Shape.brdf_0.base_color.data': TensorXf(shape=(512, 512, 3)), 'mat-Shape.brdf_0.anisotropic.value': [0.0], 'mat-Shape.brdf_0.spec_tint.value': [0.0], 'mat-Shape.brdf_0.sheen.value': [0.0], 'mat-Shape.brdf_0.sheen_tint.value': [0.5], 'mat-Shape.brdf_0.spec_trans.value': [0.0], 'mat-Shape.brdf_0.flatness.value': [0.0], 'ConstantBackgroundEmitter.radiance.value': [1.0], 'PLYMesh.vertex_positions': [-0.20532116293907166, -0.887071430683136, 9.515372276306152, -0.19374915957450867, -0.8844664692878723, .. 243074 skipped .., 0.6309065818786621, 9.935796737670898, 0.16447286307811737, 0.6285756230354309, 9.951624870300293]}
Iteration 57
	total loss= 0.274967
Current scene parameters:
 	{'mat-Shape.brdf_0.clearcoat.value': [0.0], 'mat-Shape.brdf_0.clearcoat_gloss.value': [0.17320500314235687], 'mat-Shape.brdf_0.metallic.value': [0.0], 'mat-Shape.brdf_0.eta': [1.4334914684295654], 'mat-Shape.brdf_0.roughness.value': [0.22590231895446777], 'mat-Shape.brdf_0.base_color.data': TensorXf(shape=(512, 512, 3)), 'mat-Shape.brdf_0.anisotropic.value': [0.0], 'mat-Shape.brdf_0.spec_tint.value': [0.0], 'mat-Shape.brdf_0.sheen.value': [0.0], 'mat-Shape.brdf_0.sheen_tint.value': [0.5], 'mat-Shape.brdf_0.spec_trans.value': [0.0], 'mat-Shape.brdf_0.flatness.value': [0.0], 'ConstantBackgroundEmitter.radiance.value': [1.0], 'PLYMesh.vertex_positions': [-0.20532116293907166, -0.887071430683136, 9.515372276306152, -0.19374915957450867, -0.8844664692878723, .. 243074 skipped .., 0.6309065818786621, 9.935796737670898, 0.16447286307811737, 0.6285756230354309, 9.951624870300293]}
Iteration 58
	total loss= 0.272775
Current scene parameters:
 	{'mat-Shape.brdf_0.clearcoat.value': [0.0], 'mat-Shape.brdf_0.clearcoat_gloss.value': [0.17320500314235687], 'mat-Shape.brdf_0.metallic.value': [0.0], 'mat-Shape.brdf_0.eta': [1.4377074241638184], 'mat-Shape.brdf_0.roughness.value': [0.2500879466533661], 'mat-Shape.brdf_0.base_color.data': TensorXf(shape=(512, 512, 3)), 'mat-Shape.brdf_0.anisotropic.value': [0.0], 'mat-Shape.brdf_0.spec_tint.value': [0.0], 'mat-Shape.brdf_0.sheen.value': [0.0], 'mat-Shape.brdf_0.sheen_tint.value': [0.5], 'mat-Shape.brdf_0.spec_trans.value': [0.0], 'mat-Shape.brdf_0.flatness.value': [0.0], 'ConstantBackgroundEmitter.radiance.value': [1.0], 'PLYMesh.vertex_positions': [-0.20532116293907166, -0.887071430683136, 9.515372276306152, -0.19374915957450867, -0.8844664692878723, .. 243074 skipped .., 0.6309065818786621, 9.935796737670898, 0.16447286307811737, 0.6285756230354309, 9.951624870300293]}
Iteration 59
	total loss= 0.272134
Current scene parameters:
 	{'mat-Shape.brdf_0.clearcoat.value': [0.0], 'mat-Shape.brdf_0.clearcoat_gloss.value': [0.17320500314235687], 'mat-Shape.brdf_0.metallic.value': [0.0], 'mat-Shape.brdf_0.eta': [1.4412736892700195], 'mat-Shape.brdf_0.roughness.value': [0.19532835483551025], 'mat-Shape.brdf_0.base_color.data': TensorXf(shape=(512, 512, 3)), 'mat-Shape.brdf_0.anisotropic.value': [0.0], 'mat-Shape.brdf_0.spec_tint.value': [0.0], 'mat-Shape.brdf_0.sheen.value': [0.0], 'mat-Shape.brdf_0.sheen_tint.value': [0.5], 'mat-Shape.brdf_0.spec_trans.value': [0.0], 'mat-Shape.brdf_0.flatness.value': [0.0], 'ConstantBackgroundEmitter.radiance.value': [1.0], 'PLYMesh.vertex_positions': [-0.20532116293907166, -0.887071430683136, 9.515372276306152, -0.19374915957450867, -0.8844664692878723, .. 243074 skipped .., 0.6309065818786621, 9.935796737670898, 0.16447286307811737, 0.6285756230354309, 9.951624870300293]}
Iteration 60
	total loss= 0.275647
Current scene parameters:
 	{'mat-Shape.brdf_0.clearcoat.value': [0.0], 'mat-Shape.brdf_0.clearcoat_gloss.value': [0.17320500314235687], 'mat-Shape.brdf_0.metallic.value': [0.0], 'mat-Shape.brdf_0.eta': [1.441209316253662], 'mat-Shape.brdf_0.roughness.value': [0.23630793392658234], 'mat-Shape.brdf_0.base_color.data': TensorXf(shape=(512, 512, 3)), 'mat-Shape.brdf_0.anisotropic.value': [0.0], 'mat-Shape.brdf_0.spec_tint.value': [0.0], 'mat-Shape.brdf_0.sheen.value': [0.0], 'mat-Shape.brdf_0.sheen_tint.value': [0.5], 'mat-Shape.brdf_0.spec_trans.value': [0.0], 'mat-Shape.brdf_0.flatness.value': [0.0], 'ConstantBackgroundEmitter.radiance.value': [1.0], 'PLYMesh.vertex_positions': [-0.20532116293907166, -0.887071430683136, 9.515372276306152, -0.19374915957450867, -0.8844664692878723, .. 243074 skipped .., 0.6309065818786621, 9.935796737670898, 0.16447286307811737, 0.6285756230354309, 9.951624870300293]}
Iteration 61
	total loss= 0.271137
Current scene parameters:
 	{'mat-Shape.brdf_0.clearcoat.value': [0.0], 'mat-Shape.brdf_0.clearcoat_gloss.value': [0.17320500314235687], 'mat-Shape.brdf_0.metallic.value': [0.0], 'mat-Shape.brdf_0.eta': [1.4354265928268433], 'mat-Shape.brdf_0.roughness.value': [0.24631264805793762], 'mat-Shape.brdf_0.base_color.data': TensorXf(shape=(512, 512, 3)), 'mat-Shape.brdf_0.anisotropic.value': [0.0], 'mat-Shape.brdf_0.spec_tint.value': [0.0], 'mat-Shape.brdf_0.sheen.value': [0.0], 'mat-Shape.brdf_0.sheen_tint.value': [0.5], 'mat-Shape.brdf_0.spec_trans.value': [0.0], 'mat-Shape.brdf_0.flatness.value': [0.0], 'ConstantBackgroundEmitter.radiance.value': [1.0], 'PLYMesh.vertex_positions': [-0.20532116293907166, -0.887071430683136, 9.515372276306152, -0.19374915957450867, -0.8844664692878723, .. 243074 skipped .., 0.6309065818786621, 9.935796737670898, 0.16447286307811737, 0.6285756230354309, 9.951624870300293]}
Iteration 62
	total loss= 0.273098
Current scene parameters:
 	{'mat-Shape.brdf_0.clearcoat.value': [0.0], 'mat-Shape.brdf_0.clearcoat_gloss.value': [0.17320500314235687], 'mat-Shape.brdf_0.metallic.value': [0.0], 'mat-Shape.brdf_0.eta': [1.4298673868179321], 'mat-Shape.brdf_0.roughness.value': [0.24001063406467438], 'mat-Shape.brdf_0.base_color.data': TensorXf(shape=(512, 512, 3)), 'mat-Shape.brdf_0.anisotropic.value': [0.0], 'mat-Shape.brdf_0.spec_tint.value': [0.0], 'mat-Shape.brdf_0.sheen.value': [0.0], 'mat-Shape.brdf_0.sheen_tint.value': [0.5], 'mat-Shape.brdf_0.spec_trans.value': [0.0], 'mat-Shape.brdf_0.flatness.value': [0.0], 'ConstantBackgroundEmitter.radiance.value': [1.0], 'PLYMesh.vertex_positions': [-0.20532116293907166, -0.887071430683136, 9.515372276306152, -0.19374915957450867, -0.8844664692878723, .. 243074 skipped .., 0.6309065818786621, 9.935796737670898, 0.16447286307811737, 0.6285756230354309, 9.951624870300293]}
Iteration 63
	total loss= 0.273469
Current scene parameters:
 	{'mat-Shape.brdf_0.clearcoat.value': [0.0], 'mat-Shape.brdf_0.clearcoat_gloss.value': [0.17320500314235687], 'mat-Shape.brdf_0.metallic.value': [0.0], 'mat-Shape.brdf_0.eta': [1.4290093183517456], 'mat-Shape.brdf_0.roughness.value': [0.1989322155714035], 'mat-Shape.brdf_0.base_color.data': TensorXf(shape=(512, 512, 3)), 'mat-Shape.brdf_0.anisotropic.value': [0.0], 'mat-Shape.brdf_0.spec_tint.value': [0.0], 'mat-Shape.brdf_0.sheen.value': [0.0], 'mat-Shape.brdf_0.sheen_tint.value': [0.5], 'mat-Shape.brdf_0.spec_trans.value': [0.0], 'mat-Shape.brdf_0.flatness.value': [0.0], 'ConstantBackgroundEmitter.radiance.value': [1.0], 'PLYMesh.vertex_positions': [-0.20532116293907166, -0.887071430683136, 9.515372276306152, -0.19374915957450867, -0.8844664692878723, .. 243074 skipped .., 0.6309065818786621, 9.935796737670898, 0.16447286307811737, 0.6285756230354309, 9.951624870300293]}
Iteration 64
	total loss= 0.273852
Current scene parameters:
 	{'mat-Shape.brdf_0.clearcoat.value': [0.0], 'mat-Shape.brdf_0.clearcoat_gloss.value': [0.17320500314235687], 'mat-Shape.brdf_0.metallic.value': [0.0], 'mat-Shape.brdf_0.eta': [1.429994821548462], 'mat-Shape.brdf_0.roughness.value': [0.18675850331783295], 'mat-Shape.brdf_0.base_color.data': TensorXf(shape=(512, 512, 3)), 'mat-Shape.brdf_0.anisotropic.value': [0.0], 'mat-Shape.brdf_0.spec_tint.value': [0.0], 'mat-Shape.brdf_0.sheen.value': [0.0], 'mat-Shape.brdf_0.sheen_tint.value': [0.5], 'mat-Shape.brdf_0.spec_trans.value': [0.0], 'mat-Shape.brdf_0.flatness.value': [0.0], 'ConstantBackgroundEmitter.radiance.value': [1.0], 'PLYMesh.vertex_positions': [-0.20532116293907166, -0.887071430683136, 9.515372276306152, -0.19374915957450867, -0.8844664692878723, .. 243074 skipped .., 0.6309065818786621, 9.935796737670898, 0.16447286307811737, 0.6285756230354309, 9.951624870300293]}
Iteration 65
	total loss= 0.275309
Current scene parameters:
 	{'mat-Shape.brdf_0.clearcoat.value': [0.0], 'mat-Shape.brdf_0.clearcoat_gloss.value': [0.17320500314235687], 'mat-Shape.brdf_0.metallic.value': [0.0], 'mat-Shape.brdf_0.eta': [1.4244515895843506], 'mat-Shape.brdf_0.roughness.value': [0.15916137397289276], 'mat-Shape.brdf_0.base_color.data': TensorXf(shape=(512, 512, 3)), 'mat-Shape.brdf_0.anisotropic.value': [0.0], 'mat-Shape.brdf_0.spec_tint.value': [0.0], 'mat-Shape.brdf_0.sheen.value': [0.0], 'mat-Shape.brdf_0.sheen_tint.value': [0.5], 'mat-Shape.brdf_0.spec_trans.value': [0.0], 'mat-Shape.brdf_0.flatness.value': [0.0], 'ConstantBackgroundEmitter.radiance.value': [1.0], 'PLYMesh.vertex_positions': [-0.20532116293907166, -0.887071430683136, 9.515372276306152, -0.19374915957450867, -0.8844664692878723, .. 243074 skipped .., 0.6309065818786621, 9.935796737670898, 0.16447286307811737, 0.6285756230354309, 9.951624870300293]}
Iteration 66
	total loss= 0.274389
Current scene parameters:
 	{'mat-Shape.brdf_0.clearcoat.value': [0.0], 'mat-Shape.brdf_0.clearcoat_gloss.value': [0.17320500314235687], 'mat-Shape.brdf_0.metallic.value': [0.0], 'mat-Shape.brdf_0.eta': [1.4232667684555054], 'mat-Shape.brdf_0.roughness.value': [0.2635940909385681], 'mat-Shape.brdf_0.base_color.data': TensorXf(shape=(512, 512, 3)), 'mat-Shape.brdf_0.anisotropic.value': [0.0], 'mat-Shape.brdf_0.spec_tint.value': [0.0], 'mat-Shape.brdf_0.sheen.value': [0.0], 'mat-Shape.brdf_0.sheen_tint.value': [0.5], 'mat-Shape.brdf_0.spec_trans.value': [0.0], 'mat-Shape.brdf_0.flatness.value': [0.0], 'ConstantBackgroundEmitter.radiance.value': [1.0], 'PLYMesh.vertex_positions': [-0.20532116293907166, -0.887071430683136, 9.515372276306152, -0.19374915957450867, -0.8844664692878723, .. 243074 skipped .., 0.6309065818786621, 9.935796737670898, 0.16447286307811737, 0.6285756230354309, 9.951624870300293]}
Iteration 67
	total loss= 0.273897
Current scene parameters:
 	{'mat-Shape.brdf_0.clearcoat.value': [0.0], 'mat-Shape.brdf_0.clearcoat_gloss.value': [0.17320500314235687], 'mat-Shape.brdf_0.metallic.value': [0.0], 'mat-Shape.brdf_0.eta': [1.4338099956512451], 'mat-Shape.brdf_0.roughness.value': [0.21165484189987183], 'mat-Shape.brdf_0.base_color.data': TensorXf(shape=(512, 512, 3)), 'mat-Shape.brdf_0.anisotropic.value': [0.0], 'mat-Shape.brdf_0.spec_tint.value': [0.0], 'mat-Shape.brdf_0.sheen.value': [0.0], 'mat-Shape.brdf_0.sheen_tint.value': [0.5], 'mat-Shape.brdf_0.spec_trans.value': [0.0], 'mat-Shape.brdf_0.flatness.value': [0.0], 'ConstantBackgroundEmitter.radiance.value': [1.0], 'PLYMesh.vertex_positions': [-0.20532116293907166, -0.887071430683136, 9.515372276306152, -0.19374915957450867, -0.8844664692878723, .. 243074 skipped .., 0.6309065818786621, 9.935796737670898, 0.16447286307811737, 0.6285756230354309, 9.951624870300293]}
Iteration 68
	total loss= 0.274586
Current scene parameters:
 	{'mat-Shape.brdf_0.clearcoat.value': [0.0], 'mat-Shape.brdf_0.clearcoat_gloss.value': [0.17320500314235687], 'mat-Shape.brdf_0.metallic.value': [0.0], 'mat-Shape.brdf_0.eta': [1.4363807439804077], 'mat-Shape.brdf_0.roughness.value': [0.24502545595169067], 'mat-Shape.brdf_0.base_color.data': TensorXf(shape=(512, 512, 3)), 'mat-Shape.brdf_0.anisotropic.value': [0.0], 'mat-Shape.brdf_0.spec_tint.value': [0.0], 'mat-Shape.brdf_0.sheen.value': [0.0], 'mat-Shape.brdf_0.sheen_tint.value': [0.5], 'mat-Shape.brdf_0.spec_trans.value': [0.0], 'mat-Shape.brdf_0.flatness.value': [0.0], 'ConstantBackgroundEmitter.radiance.value': [1.0], 'PLYMesh.vertex_positions': [-0.20532116293907166, -0.887071430683136, 9.515372276306152, -0.19374915957450867, -0.8844664692878723, .. 243074 skipped .., 0.6309065818786621, 9.935796737670898, 0.16447286307811737, 0.6285756230354309, 9.951624870300293]}
Iteration 69
	total loss= 0.272948
Current scene parameters:
 	{'mat-Shape.brdf_0.clearcoat.value': [0.0], 'mat-Shape.brdf_0.clearcoat_gloss.value': [0.17320500314235687], 'mat-Shape.brdf_0.metallic.value': [0.0], 'mat-Shape.brdf_0.eta': [1.4375115633010864], 'mat-Shape.brdf_0.roughness.value': [0.28544288873672485], 'mat-Shape.brdf_0.base_color.data': TensorXf(shape=(512, 512, 3)), 'mat-Shape.brdf_0.anisotropic.value': [0.0], 'mat-Shape.brdf_0.spec_tint.value': [0.0], 'mat-Shape.brdf_0.sheen.value': [0.0], 'mat-Shape.brdf_0.sheen_tint.value': [0.5], 'mat-Shape.brdf_0.spec_trans.value': [0.0], 'mat-Shape.brdf_0.flatness.value': [0.0], 'ConstantBackgroundEmitter.radiance.value': [1.0], 'PLYMesh.vertex_positions': [-0.20532116293907166, -0.887071430683136, 9.515372276306152, -0.19374915957450867, -0.8844664692878723, .. 243074 skipped .., 0.6309065818786621, 9.935796737670898, 0.16447286307811737, 0.6285756230354309, 9.951624870300293]}
Iteration 70
	total loss= 0.272948
Current scene parameters:
 	{'mat-Shape.brdf_0.clearcoat.value': [0.0], 'mat-Shape.brdf_0.clearcoat_gloss.value': [0.17320500314235687], 'mat-Shape.brdf_0.metallic.value': [0.0], 'mat-Shape.brdf_0.eta': [1.43406343460083], 'mat-Shape.brdf_0.roughness.value': [0.2277710884809494], 'mat-Shape.brdf_0.base_color.data': TensorXf(shape=(512, 512, 3)), 'mat-Shape.brdf_0.anisotropic.value': [0.0], 'mat-Shape.brdf_0.spec_tint.value': [0.0], 'mat-Shape.brdf_0.sheen.value': [0.0], 'mat-Shape.brdf_0.sheen_tint.value': [0.5], 'mat-Shape.brdf_0.spec_trans.value': [0.0], 'mat-Shape.brdf_0.flatness.value': [0.0], 'ConstantBackgroundEmitter.radiance.value': [1.0], 'PLYMesh.vertex_positions': [-0.20532116293907166, -0.887071430683136, 9.515372276306152, -0.19374915957450867, -0.8844664692878723, .. 243074 skipped .., 0.6309065818786621, 9.935796737670898, 0.16447286307811737, 0.6285756230354309, 9.951624870300293]}
Iteration 71
	total loss= 0.273069
Current scene parameters:
 	{'mat-Shape.brdf_0.clearcoat.value': [0.0], 'mat-Shape.brdf_0.clearcoat_gloss.value': [0.17320500314235687], 'mat-Shape.brdf_0.metallic.value': [0.0], 'mat-Shape.brdf_0.eta': [1.4322456121444702], 'mat-Shape.brdf_0.roughness.value': [0.24998775124549866], 'mat-Shape.brdf_0.base_color.data': TensorXf(shape=(512, 512, 3)), 'mat-Shape.brdf_0.anisotropic.value': [0.0], 'mat-Shape.brdf_0.spec_tint.value': [0.0], 'mat-Shape.brdf_0.sheen.value': [0.0], 'mat-Shape.brdf_0.sheen_tint.value': [0.5], 'mat-Shape.brdf_0.spec_trans.value': [0.0], 'mat-Shape.brdf_0.flatness.value': [0.0], 'ConstantBackgroundEmitter.radiance.value': [1.0], 'PLYMesh.vertex_positions': [-0.20532116293907166, -0.887071430683136, 9.515372276306152, -0.19374915957450867, -0.8844664692878723, .. 243074 skipped .., 0.6309065818786621, 9.935796737670898, 0.16447286307811737, 0.6285756230354309, 9.951624870300293]}
Iteration 72
	total loss= 0.272558
Current scene parameters:
 	{'mat-Shape.brdf_0.clearcoat.value': [0.0], 'mat-Shape.brdf_0.clearcoat_gloss.value': [0.17320500314235687], 'mat-Shape.brdf_0.metallic.value': [0.0], 'mat-Shape.brdf_0.eta': [1.4265406131744385], 'mat-Shape.brdf_0.roughness.value': [0.20026881992816925], 'mat-Shape.brdf_0.base_color.data': TensorXf(shape=(512, 512, 3)), 'mat-Shape.brdf_0.anisotropic.value': [0.0], 'mat-Shape.brdf_0.spec_tint.value': [0.0], 'mat-Shape.brdf_0.sheen.value': [0.0], 'mat-Shape.brdf_0.sheen_tint.value': [0.5], 'mat-Shape.brdf_0.spec_trans.value': [0.0], 'mat-Shape.brdf_0.flatness.value': [0.0], 'ConstantBackgroundEmitter.radiance.value': [1.0], 'PLYMesh.vertex_positions': [-0.20532116293907166, -0.887071430683136, 9.515372276306152, -0.19374915957450867, -0.8844664692878723, .. 243074 skipped .., 0.6309065818786621, 9.935796737670898, 0.16447286307811737, 0.6285756230354309, 9.951624870300293]}
Iteration 73
	total loss= 0.273976
Current scene parameters:
 	{'mat-Shape.brdf_0.clearcoat.value': [0.0], 'mat-Shape.brdf_0.clearcoat_gloss.value': [0.17320500314235687], 'mat-Shape.brdf_0.metallic.value': [0.0], 'mat-Shape.brdf_0.eta': [1.4202316999435425], 'mat-Shape.brdf_0.roughness.value': [0.12987440824508667], 'mat-Shape.brdf_0.base_color.data': TensorXf(shape=(512, 512, 3)), 'mat-Shape.brdf_0.anisotropic.value': [0.0], 'mat-Shape.brdf_0.spec_tint.value': [0.0], 'mat-Shape.brdf_0.sheen.value': [0.0], 'mat-Shape.brdf_0.sheen_tint.value': [0.5], 'mat-Shape.brdf_0.spec_trans.value': [0.0], 'mat-Shape.brdf_0.flatness.value': [0.0], 'ConstantBackgroundEmitter.radiance.value': [1.0], 'PLYMesh.vertex_positions': [-0.20532116293907166, -0.887071430683136, 9.515372276306152, -0.19374915957450867, -0.8844664692878723, .. 243074 skipped .., 0.6309065818786621, 9.935796737670898, 0.16447286307811737, 0.6285756230354309, 9.951624870300293]}
Iteration 74
	total loss= 0.274536
Current scene parameters:
 	{'mat-Shape.brdf_0.clearcoat.value': [0.0], 'mat-Shape.brdf_0.clearcoat_gloss.value': [0.17320500314235687], 'mat-Shape.brdf_0.metallic.value': [0.0], 'mat-Shape.brdf_0.eta': [1.4369101524353027], 'mat-Shape.brdf_0.roughness.value': [0.11055942624807358], 'mat-Shape.brdf_0.base_color.data': TensorXf(shape=(512, 512, 3)), 'mat-Shape.brdf_0.anisotropic.value': [0.0], 'mat-Shape.brdf_0.spec_tint.value': [0.0], 'mat-Shape.brdf_0.sheen.value': [0.0], 'mat-Shape.brdf_0.sheen_tint.value': [0.5], 'mat-Shape.brdf_0.spec_trans.value': [0.0], 'mat-Shape.brdf_0.flatness.value': [0.0], 'ConstantBackgroundEmitter.radiance.value': [1.0], 'PLYMesh.vertex_positions': [-0.20532116293907166, -0.887071430683136, 9.515372276306152, -0.19374915957450867, -0.8844664692878723, .. 243074 skipped .., 0.6309065818786621, 9.935796737670898, 0.16447286307811737, 0.6285756230354309, 9.951624870300293]}
Iteration 75
	total loss= 0.275151
Current scene parameters:
 	{'mat-Shape.brdf_0.clearcoat.value': [0.0], 'mat-Shape.brdf_0.clearcoat_gloss.value': [0.17320500314235687], 'mat-Shape.brdf_0.metallic.value': [0.0], 'mat-Shape.brdf_0.eta': [1.4398493766784668], 'mat-Shape.brdf_0.roughness.value': [0.2747252285480499], 'mat-Shape.brdf_0.base_color.data': TensorXf(shape=(512, 512, 3)), 'mat-Shape.brdf_0.anisotropic.value': [0.0], 'mat-Shape.brdf_0.spec_tint.value': [0.0], 'mat-Shape.brdf_0.sheen.value': [0.0], 'mat-Shape.brdf_0.sheen_tint.value': [0.5], 'mat-Shape.brdf_0.spec_trans.value': [0.0], 'mat-Shape.brdf_0.flatness.value': [0.0], 'ConstantBackgroundEmitter.radiance.value': [1.0], 'PLYMesh.vertex_positions': [-0.20532116293907166, -0.887071430683136, 9.515372276306152, -0.19374915957450867, -0.8844664692878723, .. 243074 skipped .., 0.6309065818786621, 9.935796737670898, 0.16447286307811737, 0.6285756230354309, 9.951624870300293]}
Iteration 76
	total loss= 0.271811
Current scene parameters:
 	{'mat-Shape.brdf_0.clearcoat.value': [0.0], 'mat-Shape.brdf_0.clearcoat_gloss.value': [0.17320500314235687], 'mat-Shape.brdf_0.metallic.value': [0.0], 'mat-Shape.brdf_0.eta': [1.4325623512268066], 'mat-Shape.brdf_0.roughness.value': [0.2406027913093567], 'mat-Shape.brdf_0.base_color.data': TensorXf(shape=(512, 512, 3)), 'mat-Shape.brdf_0.anisotropic.value': [0.0], 'mat-Shape.brdf_0.spec_tint.value': [0.0], 'mat-Shape.brdf_0.sheen.value': [0.0], 'mat-Shape.brdf_0.sheen_tint.value': [0.5], 'mat-Shape.brdf_0.spec_trans.value': [0.0], 'mat-Shape.brdf_0.flatness.value': [0.0], 'ConstantBackgroundEmitter.radiance.value': [1.0], 'PLYMesh.vertex_positions': [-0.20532116293907166, -0.887071430683136, 9.515372276306152, -0.19374915957450867, -0.8844664692878723, .. 243074 skipped .., 0.6309065818786621, 9.935796737670898, 0.16447286307811737, 0.6285756230354309, 9.951624870300293]}
Iteration 77
	total loss= 0.274569
Current scene parameters:
 	{'mat-Shape.brdf_0.clearcoat.value': [0.0], 'mat-Shape.brdf_0.clearcoat_gloss.value': [0.17320500314235687], 'mat-Shape.brdf_0.metallic.value': [0.0], 'mat-Shape.brdf_0.eta': [1.432249903678894], 'mat-Shape.brdf_0.roughness.value': [0.24481576681137085], 'mat-Shape.brdf_0.base_color.data': TensorXf(shape=(512, 512, 3)), 'mat-Shape.brdf_0.anisotropic.value': [0.0], 'mat-Shape.brdf_0.spec_tint.value': [0.0], 'mat-Shape.brdf_0.sheen.value': [0.0], 'mat-Shape.brdf_0.sheen_tint.value': [0.5], 'mat-Shape.brdf_0.spec_trans.value': [0.0], 'mat-Shape.brdf_0.flatness.value': [0.0], 'ConstantBackgroundEmitter.radiance.value': [1.0], 'PLYMesh.vertex_positions': [-0.20532116293907166, -0.887071430683136, 9.515372276306152, -0.19374915957450867, -0.8844664692878723, .. 243074 skipped .., 0.6309065818786621, 9.935796737670898, 0.16447286307811737, 0.6285756230354309, 9.951624870300293]}
Iteration 78
	total loss= 0.274315
Current scene parameters:
 	{'mat-Shape.brdf_0.clearcoat.value': [0.0], 'mat-Shape.brdf_0.clearcoat_gloss.value': [0.17320500314235687], 'mat-Shape.brdf_0.metallic.value': [0.0], 'mat-Shape.brdf_0.eta': [1.4407658576965332], 'mat-Shape.brdf_0.roughness.value': [0.25164729356765747], 'mat-Shape.brdf_0.base_color.data': TensorXf(shape=(512, 512, 3)), 'mat-Shape.brdf_0.anisotropic.value': [0.0], 'mat-Shape.brdf_0.spec_tint.value': [0.0], 'mat-Shape.brdf_0.sheen.value': [0.0], 'mat-Shape.brdf_0.sheen_tint.value': [0.5], 'mat-Shape.brdf_0.spec_trans.value': [0.0], 'mat-Shape.brdf_0.flatness.value': [0.0], 'ConstantBackgroundEmitter.radiance.value': [1.0], 'PLYMesh.vertex_positions': [-0.20532116293907166, -0.887071430683136, 9.515372276306152, -0.19374915957450867, -0.8844664692878723, .. 243074 skipped .., 0.6309065818786621, 9.935796737670898, 0.16447286307811737, 0.6285756230354309, 9.951624870300293]}
Iteration 79
	total loss= 0.272466
Current scene parameters:
 	{'mat-Shape.brdf_0.clearcoat.value': [0.0], 'mat-Shape.brdf_0.clearcoat_gloss.value': [0.17320500314235687], 'mat-Shape.brdf_0.metallic.value': [0.0], 'mat-Shape.brdf_0.eta': [1.4392094612121582], 'mat-Shape.brdf_0.roughness.value': [0.2256397306919098], 'mat-Shape.brdf_0.base_color.data': TensorXf(shape=(512, 512, 3)), 'mat-Shape.brdf_0.anisotropic.value': [0.0], 'mat-Shape.brdf_0.spec_tint.value': [0.0], 'mat-Shape.brdf_0.sheen.value': [0.0], 'mat-Shape.brdf_0.sheen_tint.value': [0.5], 'mat-Shape.brdf_0.spec_trans.value': [0.0], 'mat-Shape.brdf_0.flatness.value': [0.0], 'ConstantBackgroundEmitter.radiance.value': [1.0], 'PLYMesh.vertex_positions': [-0.20532116293907166, -0.887071430683136, 9.515372276306152, -0.19374915957450867, -0.8844664692878723, .. 243074 skipped .., 0.6309065818786621, 9.935796737670898, 0.16447286307811737, 0.6285756230354309, 9.951624870300293]}
Iteration 80
	total loss= 0.273597
Current scene parameters:
 	{'mat-Shape.brdf_0.clearcoat.value': [0.0], 'mat-Shape.brdf_0.clearcoat_gloss.value': [0.17320500314235687], 'mat-Shape.brdf_0.metallic.value': [0.0], 'mat-Shape.brdf_0.eta': [1.4347894191741943], 'mat-Shape.brdf_0.roughness.value': [0.22854647040367126], 'mat-Shape.brdf_0.base_color.data': TensorXf(shape=(512, 512, 3)), 'mat-Shape.brdf_0.anisotropic.value': [0.0], 'mat-Shape.brdf_0.spec_tint.value': [0.0], 'mat-Shape.brdf_0.sheen.value': [0.0], 'mat-Shape.brdf_0.sheen_tint.value': [0.5], 'mat-Shape.brdf_0.spec_trans.value': [0.0], 'mat-Shape.brdf_0.flatness.value': [0.0], 'ConstantBackgroundEmitter.radiance.value': [1.0], 'PLYMesh.vertex_positions': [-0.20532116293907166, -0.887071430683136, 9.515372276306152, -0.19374915957450867, -0.8844664692878723, .. 243074 skipped .., 0.6309065818786621, 9.935796737670898, 0.16447286307811737, 0.6285756230354309, 9.951624870300293]}
Iteration 81
	total loss= 0.273479
Current scene parameters:
 	{'mat-Shape.brdf_0.clearcoat.value': [0.0], 'mat-Shape.brdf_0.clearcoat_gloss.value': [0.17320500314235687], 'mat-Shape.brdf_0.metallic.value': [0.0], 'mat-Shape.brdf_0.eta': [1.4323101043701172], 'mat-Shape.brdf_0.roughness.value': [0.21778087317943573], 'mat-Shape.brdf_0.base_color.data': TensorXf(shape=(512, 512, 3)), 'mat-Shape.brdf_0.anisotropic.value': [0.0], 'mat-Shape.brdf_0.spec_tint.value': [0.0], 'mat-Shape.brdf_0.sheen.value': [0.0], 'mat-Shape.brdf_0.sheen_tint.value': [0.5], 'mat-Shape.brdf_0.spec_trans.value': [0.0], 'mat-Shape.brdf_0.flatness.value': [0.0], 'ConstantBackgroundEmitter.radiance.value': [1.0], 'PLYMesh.vertex_positions': [-0.20532116293907166, -0.887071430683136, 9.515372276306152, -0.19374915957450867, -0.8844664692878723, .. 243074 skipped .., 0.6309065818786621, 9.935796737670898, 0.16447286307811737, 0.6285756230354309, 9.951624870300293]}
Iteration 82
	total loss= 0.273060
Current scene parameters:
 	{'mat-Shape.brdf_0.clearcoat.value': [0.0], 'mat-Shape.brdf_0.clearcoat_gloss.value': [0.17320500314235687], 'mat-Shape.brdf_0.metallic.value': [0.0], 'mat-Shape.brdf_0.eta': [1.428773045539856], 'mat-Shape.brdf_0.roughness.value': [0.15307682752609253], 'mat-Shape.brdf_0.base_color.data': TensorXf(shape=(512, 512, 3)), 'mat-Shape.brdf_0.anisotropic.value': [0.0], 'mat-Shape.brdf_0.spec_tint.value': [0.0], 'mat-Shape.brdf_0.sheen.value': [0.0], 'mat-Shape.brdf_0.sheen_tint.value': [0.5], 'mat-Shape.brdf_0.spec_trans.value': [0.0], 'mat-Shape.brdf_0.flatness.value': [0.0], 'ConstantBackgroundEmitter.radiance.value': [1.0], 'PLYMesh.vertex_positions': [-0.20532116293907166, -0.887071430683136, 9.515372276306152, -0.19374915957450867, -0.8844664692878723, .. 243074 skipped .., 0.6309065818786621, 9.935796737670898, 0.16447286307811737, 0.6285756230354309, 9.951624870300293]}
Iteration 83
	total loss= 0.276372
Current scene parameters:
 	{'mat-Shape.brdf_0.clearcoat.value': [0.0], 'mat-Shape.brdf_0.clearcoat_gloss.value': [0.17320500314235687], 'mat-Shape.brdf_0.metallic.value': [0.0], 'mat-Shape.brdf_0.eta': [1.4392337799072266], 'mat-Shape.brdf_0.roughness.value': [0.12182086706161499], 'mat-Shape.brdf_0.base_color.data': TensorXf(shape=(512, 512, 3)), 'mat-Shape.brdf_0.anisotropic.value': [0.0], 'mat-Shape.brdf_0.spec_tint.value': [0.0], 'mat-Shape.brdf_0.sheen.value': [0.0], 'mat-Shape.brdf_0.sheen_tint.value': [0.5], 'mat-Shape.brdf_0.spec_trans.value': [0.0], 'mat-Shape.brdf_0.flatness.value': [0.0], 'ConstantBackgroundEmitter.radiance.value': [1.0], 'PLYMesh.vertex_positions': [-0.20532116293907166, -0.887071430683136, 9.515372276306152, -0.19374915957450867, -0.8844664692878723, .. 243074 skipped .., 0.6309065818786621, 9.935796737670898, 0.16447286307811737, 0.6285756230354309, 9.951624870300293]}
Iteration 84
	total loss= 0.273933
Current scene parameters:
 	{'mat-Shape.brdf_0.clearcoat.value': [0.0], 'mat-Shape.brdf_0.clearcoat_gloss.value': [0.17320500314235687], 'mat-Shape.brdf_0.metallic.value': [0.0], 'mat-Shape.brdf_0.eta': [1.4491852521896362], 'mat-Shape.brdf_0.roughness.value': [0.4172312617301941], 'mat-Shape.brdf_0.base_color.data': TensorXf(shape=(512, 512, 3)), 'mat-Shape.brdf_0.anisotropic.value': [0.0], 'mat-Shape.brdf_0.spec_tint.value': [0.0], 'mat-Shape.brdf_0.sheen.value': [0.0], 'mat-Shape.brdf_0.sheen_tint.value': [0.5], 'mat-Shape.brdf_0.spec_trans.value': [0.0], 'mat-Shape.brdf_0.flatness.value': [0.0], 'ConstantBackgroundEmitter.radiance.value': [1.0], 'PLYMesh.vertex_positions': [-0.20532116293907166, -0.887071430683136, 9.515372276306152, -0.19374915957450867, -0.8844664692878723, .. 243074 skipped .., 0.6309065818786621, 9.935796737670898, 0.16447286307811737, 0.6285756230354309, 9.951624870300293]}
Iteration 85
	total loss= 0.272020
Current scene parameters:
 	{'mat-Shape.brdf_0.clearcoat.value': [0.0], 'mat-Shape.brdf_0.clearcoat_gloss.value': [0.17320500314235687], 'mat-Shape.brdf_0.metallic.value': [0.0], 'mat-Shape.brdf_0.eta': [1.4465891122817993], 'mat-Shape.brdf_0.roughness.value': [0.32704728841781616], 'mat-Shape.brdf_0.base_color.data': TensorXf(shape=(512, 512, 3)), 'mat-Shape.brdf_0.anisotropic.value': [0.0], 'mat-Shape.brdf_0.spec_tint.value': [0.0], 'mat-Shape.brdf_0.sheen.value': [0.0], 'mat-Shape.brdf_0.sheen_tint.value': [0.5], 'mat-Shape.brdf_0.spec_trans.value': [0.0], 'mat-Shape.brdf_0.flatness.value': [0.0], 'ConstantBackgroundEmitter.radiance.value': [1.0], 'PLYMesh.vertex_positions': [-0.20532116293907166, -0.887071430683136, 9.515372276306152, -0.19374915957450867, -0.8844664692878723, .. 243074 skipped .., 0.6309065818786621, 9.935796737670898, 0.16447286307811737, 0.6285756230354309, 9.951624870300293]}
Iteration 86
	total loss= 0.274283
Current scene parameters:
 	{'mat-Shape.brdf_0.clearcoat.value': [0.0], 'mat-Shape.brdf_0.clearcoat_gloss.value': [0.17320500314235687], 'mat-Shape.brdf_0.metallic.value': [0.0], 'mat-Shape.brdf_0.eta': [1.4275026321411133], 'mat-Shape.brdf_0.roughness.value': [0.21378184854984283], 'mat-Shape.brdf_0.base_color.data': TensorXf(shape=(512, 512, 3)), 'mat-Shape.brdf_0.anisotropic.value': [0.0], 'mat-Shape.brdf_0.spec_tint.value': [0.0], 'mat-Shape.brdf_0.sheen.value': [0.0], 'mat-Shape.brdf_0.sheen_tint.value': [0.5], 'mat-Shape.brdf_0.spec_trans.value': [0.0], 'mat-Shape.brdf_0.flatness.value': [0.0], 'ConstantBackgroundEmitter.radiance.value': [1.0], 'PLYMesh.vertex_positions': [-0.20532116293907166, -0.887071430683136, 9.515372276306152, -0.19374915957450867, -0.8844664692878723, .. 243074 skipped .., 0.6309065818786621, 9.935796737670898, 0.16447286307811737, 0.6285756230354309, 9.951624870300293]}
Iteration 87
	total loss= 0.273350
Current scene parameters:
 	{'mat-Shape.brdf_0.clearcoat.value': [0.0], 'mat-Shape.brdf_0.clearcoat_gloss.value': [0.17320500314235687], 'mat-Shape.brdf_0.metallic.value': [0.0], 'mat-Shape.brdf_0.eta': [1.4223229885101318], 'mat-Shape.brdf_0.roughness.value': [0.21533715724945068], 'mat-Shape.brdf_0.base_color.data': TensorXf(shape=(512, 512, 3)), 'mat-Shape.brdf_0.anisotropic.value': [0.0], 'mat-Shape.brdf_0.spec_tint.value': [0.0], 'mat-Shape.brdf_0.sheen.value': [0.0], 'mat-Shape.brdf_0.sheen_tint.value': [0.5], 'mat-Shape.brdf_0.spec_trans.value': [0.0], 'mat-Shape.brdf_0.flatness.value': [0.0], 'ConstantBackgroundEmitter.radiance.value': [1.0], 'PLYMesh.vertex_positions': [-0.20532116293907166, -0.887071430683136, 9.515372276306152, -0.19374915957450867, -0.8844664692878723, .. 243074 skipped .., 0.6309065818786621, 9.935796737670898, 0.16447286307811737, 0.6285756230354309, 9.951624870300293]}
Iteration 88
	total loss= 0.274578
Current scene parameters:
 	{'mat-Shape.brdf_0.clearcoat.value': [0.0], 'mat-Shape.brdf_0.clearcoat_gloss.value': [0.17320500314235687], 'mat-Shape.brdf_0.metallic.value': [0.0], 'mat-Shape.brdf_0.eta': [1.4272048473358154], 'mat-Shape.brdf_0.roughness.value': [0.2305634319782257], 'mat-Shape.brdf_0.base_color.data': TensorXf(shape=(512, 512, 3)), 'mat-Shape.brdf_0.anisotropic.value': [0.0], 'mat-Shape.brdf_0.spec_tint.value': [0.0], 'mat-Shape.brdf_0.sheen.value': [0.0], 'mat-Shape.brdf_0.sheen_tint.value': [0.5], 'mat-Shape.brdf_0.spec_trans.value': [0.0], 'mat-Shape.brdf_0.flatness.value': [0.0], 'ConstantBackgroundEmitter.radiance.value': [1.0], 'PLYMesh.vertex_positions': [-0.20532116293907166, -0.887071430683136, 9.515372276306152, -0.19374915957450867, -0.8844664692878723, .. 243074 skipped .., 0.6309065818786621, 9.935796737670898, 0.16447286307811737, 0.6285756230354309, 9.951624870300293]}
Iteration 89
	total loss= 0.272529
Current scene parameters:
 	{'mat-Shape.brdf_0.clearcoat.value': [0.0], 'mat-Shape.brdf_0.clearcoat_gloss.value': [0.17320500314235687], 'mat-Shape.brdf_0.metallic.value': [0.0], 'mat-Shape.brdf_0.eta': [1.4214338064193726], 'mat-Shape.brdf_0.roughness.value': [0.23185232281684875], 'mat-Shape.brdf_0.base_color.data': TensorXf(shape=(512, 512, 3)), 'mat-Shape.brdf_0.anisotropic.value': [0.0], 'mat-Shape.brdf_0.spec_tint.value': [0.0], 'mat-Shape.brdf_0.sheen.value': [0.0], 'mat-Shape.brdf_0.sheen_tint.value': [0.5], 'mat-Shape.brdf_0.spec_trans.value': [0.0], 'mat-Shape.brdf_0.flatness.value': [0.0], 'ConstantBackgroundEmitter.radiance.value': [1.0], 'PLYMesh.vertex_positions': [-0.20532116293907166, -0.887071430683136, 9.515372276306152, -0.19374915957450867, -0.8844664692878723, .. 243074 skipped .., 0.6309065818786621, 9.935796737670898, 0.16447286307811737, 0.6285756230354309, 9.951624870300293]}
Iteration 90
	total loss= 0.273944
Current scene parameters:
 	{'mat-Shape.brdf_0.clearcoat.value': [0.0], 'mat-Shape.brdf_0.clearcoat_gloss.value': [0.17320500314235687], 'mat-Shape.brdf_0.metallic.value': [0.0], 'mat-Shape.brdf_0.eta': [1.4254090785980225], 'mat-Shape.brdf_0.roughness.value': [0.23004525899887085], 'mat-Shape.brdf_0.base_color.data': TensorXf(shape=(512, 512, 3)), 'mat-Shape.brdf_0.anisotropic.value': [0.0], 'mat-Shape.brdf_0.spec_tint.value': [0.0], 'mat-Shape.brdf_0.sheen.value': [0.0], 'mat-Shape.brdf_0.sheen_tint.value': [0.5], 'mat-Shape.brdf_0.spec_trans.value': [0.0], 'mat-Shape.brdf_0.flatness.value': [0.0], 'ConstantBackgroundEmitter.radiance.value': [1.0], 'PLYMesh.vertex_positions': [-0.20532116293907166, -0.887071430683136, 9.515372276306152, -0.19374915957450867, -0.8844664692878723, .. 243074 skipped .., 0.6309065818786621, 9.935796737670898, 0.16447286307811737, 0.6285756230354309, 9.951624870300293]}
Iteration 91
	total loss= 0.273272
Current scene parameters:
 	{'mat-Shape.brdf_0.clearcoat.value': [0.0], 'mat-Shape.brdf_0.clearcoat_gloss.value': [0.17320500314235687], 'mat-Shape.brdf_0.metallic.value': [0.0], 'mat-Shape.brdf_0.eta': [1.4296396970748901], 'mat-Shape.brdf_0.roughness.value': [0.22948990762233734], 'mat-Shape.brdf_0.base_color.data': TensorXf(shape=(512, 512, 3)), 'mat-Shape.brdf_0.anisotropic.value': [0.0], 'mat-Shape.brdf_0.spec_tint.value': [0.0], 'mat-Shape.brdf_0.sheen.value': [0.0], 'mat-Shape.brdf_0.sheen_tint.value': [0.5], 'mat-Shape.brdf_0.spec_trans.value': [0.0], 'mat-Shape.brdf_0.flatness.value': [0.0], 'ConstantBackgroundEmitter.radiance.value': [1.0], 'PLYMesh.vertex_positions': [-0.20532116293907166, -0.887071430683136, 9.515372276306152, -0.19374915957450867, -0.8844664692878723, .. 243074 skipped .., 0.6309065818786621, 9.935796737670898, 0.16447286307811737, 0.6285756230354309, 9.951624870300293]}
Iteration 92
	total loss= 0.273004
Current scene parameters:
 	{'mat-Shape.brdf_0.clearcoat.value': [0.0], 'mat-Shape.brdf_0.clearcoat_gloss.value': [0.17320500314235687], 'mat-Shape.brdf_0.metallic.value': [0.0], 'mat-Shape.brdf_0.eta': [1.43233060836792], 'mat-Shape.brdf_0.roughness.value': [0.24198377132415771], 'mat-Shape.brdf_0.base_color.data': TensorXf(shape=(512, 512, 3)), 'mat-Shape.brdf_0.anisotropic.value': [0.0], 'mat-Shape.brdf_0.spec_tint.value': [0.0], 'mat-Shape.brdf_0.sheen.value': [0.0], 'mat-Shape.brdf_0.sheen_tint.value': [0.5], 'mat-Shape.brdf_0.spec_trans.value': [0.0], 'mat-Shape.brdf_0.flatness.value': [0.0], 'ConstantBackgroundEmitter.radiance.value': [1.0], 'PLYMesh.vertex_positions': [-0.20532116293907166, -0.887071430683136, 9.515372276306152, -0.19374915957450867, -0.8844664692878723, .. 243074 skipped .., 0.6309065818786621, 9.935796737670898, 0.16447286307811737, 0.6285756230354309, 9.951624870300293]}
Iteration 93
	total loss= 0.272548
Current scene parameters:
 	{'mat-Shape.brdf_0.clearcoat.value': [0.0], 'mat-Shape.brdf_0.clearcoat_gloss.value': [0.17320500314235687], 'mat-Shape.brdf_0.metallic.value': [0.0], 'mat-Shape.brdf_0.eta': [1.436901569366455], 'mat-Shape.brdf_0.roughness.value': [0.21157261729240417], 'mat-Shape.brdf_0.base_color.data': TensorXf(shape=(512, 512, 3)), 'mat-Shape.brdf_0.anisotropic.value': [0.0], 'mat-Shape.brdf_0.spec_tint.value': [0.0], 'mat-Shape.brdf_0.sheen.value': [0.0], 'mat-Shape.brdf_0.sheen_tint.value': [0.5], 'mat-Shape.brdf_0.spec_trans.value': [0.0], 'mat-Shape.brdf_0.flatness.value': [0.0], 'ConstantBackgroundEmitter.radiance.value': [1.0], 'PLYMesh.vertex_positions': [-0.20532116293907166, -0.887071430683136, 9.515372276306152, -0.19374915957450867, -0.8844664692878723, .. 243074 skipped .., 0.6309065818786621, 9.935796737670898, 0.16447286307811737, 0.6285756230354309, 9.951624870300293]}
Iteration 94
	total loss= 0.272076
Current scene parameters:
 	{'mat-Shape.brdf_0.clearcoat.value': [0.0], 'mat-Shape.brdf_0.clearcoat_gloss.value': [0.17320500314235687], 'mat-Shape.brdf_0.metallic.value': [0.0], 'mat-Shape.brdf_0.eta': [1.4366213083267212], 'mat-Shape.brdf_0.roughness.value': [0.24469329416751862], 'mat-Shape.brdf_0.base_color.data': TensorXf(shape=(512, 512, 3)), 'mat-Shape.brdf_0.anisotropic.value': [0.0], 'mat-Shape.brdf_0.spec_tint.value': [0.0], 'mat-Shape.brdf_0.sheen.value': [0.0], 'mat-Shape.brdf_0.sheen_tint.value': [0.5], 'mat-Shape.brdf_0.spec_trans.value': [0.0], 'mat-Shape.brdf_0.flatness.value': [0.0], 'ConstantBackgroundEmitter.radiance.value': [1.0], 'PLYMesh.vertex_positions': [-0.20532116293907166, -0.887071430683136, 9.515372276306152, -0.19374915957450867, -0.8844664692878723, .. 243074 skipped .., 0.6309065818786621, 9.935796737670898, 0.16447286307811737, 0.6285756230354309, 9.951624870300293]}
Iteration 95
	total loss= 0.272906
Current scene parameters:
 	{'mat-Shape.brdf_0.clearcoat.value': [0.0], 'mat-Shape.brdf_0.clearcoat_gloss.value': [0.17320500314235687], 'mat-Shape.brdf_0.metallic.value': [0.0], 'mat-Shape.brdf_0.eta': [1.4377672672271729], 'mat-Shape.brdf_0.roughness.value': [0.23911413550376892], 'mat-Shape.brdf_0.base_color.data': TensorXf(shape=(512, 512, 3)), 'mat-Shape.brdf_0.anisotropic.value': [0.0], 'mat-Shape.brdf_0.spec_tint.value': [0.0], 'mat-Shape.brdf_0.sheen.value': [0.0], 'mat-Shape.brdf_0.sheen_tint.value': [0.5], 'mat-Shape.brdf_0.spec_trans.value': [0.0], 'mat-Shape.brdf_0.flatness.value': [0.0], 'ConstantBackgroundEmitter.radiance.value': [1.0], 'PLYMesh.vertex_positions': [-0.20532116293907166, -0.887071430683136, 9.515372276306152, -0.19374915957450867, -0.8844664692878723, .. 243074 skipped .., 0.6309065818786621, 9.935796737670898, 0.16447286307811737, 0.6285756230354309, 9.951624870300293]}
Iteration 96
	total loss= 0.273550
Current scene parameters:
 	{'mat-Shape.brdf_0.clearcoat.value': [0.0], 'mat-Shape.brdf_0.clearcoat_gloss.value': [0.17320500314235687], 'mat-Shape.brdf_0.metallic.value': [0.0], 'mat-Shape.brdf_0.eta': [1.4293713569641113], 'mat-Shape.brdf_0.roughness.value': [0.19141045212745667], 'mat-Shape.brdf_0.base_color.data': TensorXf(shape=(512, 512, 3)), 'mat-Shape.brdf_0.anisotropic.value': [0.0], 'mat-Shape.brdf_0.spec_tint.value': [0.0], 'mat-Shape.brdf_0.sheen.value': [0.0], 'mat-Shape.brdf_0.sheen_tint.value': [0.5], 'mat-Shape.brdf_0.spec_trans.value': [0.0], 'mat-Shape.brdf_0.flatness.value': [0.0], 'ConstantBackgroundEmitter.radiance.value': [1.0], 'PLYMesh.vertex_positions': [-0.20532116293907166, -0.887071430683136, 9.515372276306152, -0.19374915957450867, -0.8844664692878723, .. 243074 skipped .., 0.6309065818786621, 9.935796737670898, 0.16447286307811737, 0.6285756230354309, 9.951624870300293]}
Iteration 97
	total loss= 0.274155
Current scene parameters:
 	{'mat-Shape.brdf_0.clearcoat.value': [0.0], 'mat-Shape.brdf_0.clearcoat_gloss.value': [0.17320500314235687], 'mat-Shape.brdf_0.metallic.value': [0.0], 'mat-Shape.brdf_0.eta': [1.4309520721435547], 'mat-Shape.brdf_0.roughness.value': [0.19832050800323486], 'mat-Shape.brdf_0.base_color.data': TensorXf(shape=(512, 512, 3)), 'mat-Shape.brdf_0.anisotropic.value': [0.0], 'mat-Shape.brdf_0.spec_tint.value': [0.0], 'mat-Shape.brdf_0.sheen.value': [0.0], 'mat-Shape.brdf_0.sheen_tint.value': [0.5], 'mat-Shape.brdf_0.spec_trans.value': [0.0], 'mat-Shape.brdf_0.flatness.value': [0.0], 'ConstantBackgroundEmitter.radiance.value': [1.0], 'PLYMesh.vertex_positions': [-0.20532116293907166, -0.887071430683136, 9.515372276306152, -0.19374915957450867, -0.8844664692878723, .. 243074 skipped .., 0.6309065818786621, 9.935796737670898, 0.16447286307811737, 0.6285756230354309, 9.951624870300293]}
Iteration 98
	total loss= 0.273750
Current scene parameters:
 	{'mat-Shape.brdf_0.clearcoat.value': [0.0], 'mat-Shape.brdf_0.clearcoat_gloss.value': [0.17320500314235687], 'mat-Shape.brdf_0.metallic.value': [0.0], 'mat-Shape.brdf_0.eta': [1.438960313796997], 'mat-Shape.brdf_0.roughness.value': [0.2550119161605835], 'mat-Shape.brdf_0.base_color.data': TensorXf(shape=(512, 512, 3)), 'mat-Shape.brdf_0.anisotropic.value': [0.0], 'mat-Shape.brdf_0.spec_tint.value': [0.0], 'mat-Shape.brdf_0.sheen.value': [0.0], 'mat-Shape.brdf_0.sheen_tint.value': [0.5], 'mat-Shape.brdf_0.spec_trans.value': [0.0], 'mat-Shape.brdf_0.flatness.value': [0.0], 'ConstantBackgroundEmitter.radiance.value': [1.0], 'PLYMesh.vertex_positions': [-0.20532116293907166, -0.887071430683136, 9.515372276306152, -0.19374915957450867, -0.8844664692878723, .. 243074 skipped .., 0.6309065818786621, 9.935796737670898, 0.16447286307811737, 0.6285756230354309, 9.951624870300293]}
Iteration 99
	total loss= 0.273613
Current scene parameters:
 	{'mat-Shape.brdf_0.clearcoat.value': [0.0], 'mat-Shape.brdf_0.clearcoat_gloss.value': [0.17320500314235687], 'mat-Shape.brdf_0.metallic.value': [0.0], 'mat-Shape.brdf_0.eta': [1.4426484107971191], 'mat-Shape.brdf_0.roughness.value': [0.24363423883914948], 'mat-Shape.brdf_0.base_color.data': TensorXf(shape=(512, 512, 3)), 'mat-Shape.brdf_0.anisotropic.value': [0.0], 'mat-Shape.brdf_0.spec_tint.value': [0.0], 'mat-Shape.brdf_0.sheen.value': [0.0], 'mat-Shape.brdf_0.sheen_tint.value': [0.5], 'mat-Shape.brdf_0.spec_trans.value': [0.0], 'mat-Shape.brdf_0.flatness.value': [0.0], 'ConstantBackgroundEmitter.radiance.value': [1.0], 'PLYMesh.vertex_positions': [-0.20532116293907166, -0.887071430683136, 9.515372276306152, -0.19374915957450867, -0.8844664692878723, .. 243074 skipped .., 0.6309065818786621, 9.935796737670898, 0.16447286307811737, 0.6285756230354309, 9.951624870300293]}
Optimization loop end. Elapsed time: 347.763s
Initial scene parameters:
 {'mat-Shape.brdf_0.clearcoat.value': [0.0], 'mat-Shape.brdf_0.clearcoat_gloss.value': [0.17320500314235687], 'mat-Shape.brdf_0.metallic.value': [0.0], 'mat-Shape.brdf_0.eta': [1.8458460569381714], 'mat-Shape.brdf_0.roughness.value': [0.1548943668603897], 'mat-Shape.brdf_0.base_color.data': TensorXf(shape=(512, 512, 3)), 'mat-Shape.brdf_0.anisotropic.value': [0.0], 'mat-Shape.brdf_0.spec_tint.value': [0.0], 'mat-Shape.brdf_0.sheen.value': [0.0], 'mat-Shape.brdf_0.sheen_tint.value': [0.5], 'mat-Shape.brdf_0.spec_trans.value': [0.0], 'mat-Shape.brdf_0.flatness.value': [0.0], 'ConstantBackgroundEmitter.radiance.value': [1.0], 'PLYMesh.vertex_positions': [-0.20532116293907166, -0.887071430683136, 9.515372276306152, -0.19374915957450867, -0.8844664692878723, .. 243074 skipped .., 0.6309065818786621, 9.935796737670898, 0.16447286307811737, 0.6285756230354309, 9.951624870300293]}
End scene parameters:
 {'mat-Shape.brdf_0.clearcoat.value': [0.0], 'mat-Shape.brdf_0.clearcoat_gloss.value': [0.17320500314235687], 'mat-Shape.brdf_0.metallic.value': [0.0], 'mat-Shape.brdf_0.eta': [1.4426484107971191], 'mat-Shape.brdf_0.roughness.value': [0.24363423883914948], 'mat-Shape.brdf_0.base_color.data': TensorXf(shape=(512, 512, 3)), 'mat-Shape.brdf_0.anisotropic.value': [0.0], 'mat-Shape.brdf_0.spec_tint.value': [0.0], 'mat-Shape.brdf_0.sheen.value': [0.0], 'mat-Shape.brdf_0.sheen_tint.value': [0.5], 'mat-Shape.brdf_0.spec_trans.value': [0.0], 'mat-Shape.brdf_0.flatness.value': [0.0], 'ConstantBackgroundEmitter.radiance.value': [1.0], 'PLYMesh.vertex_positions': [-0.20532116293907166, -0.887071430683136, 9.515372276306152, -0.19374915957450867, -0.8844664692878723, .. 243074 skipped .., 0.6309065818786621, 9.935796737670898, 0.16447286307811737, 0.6285756230354309, 9.951624870300293]}
Mitsuba version:
 3.2.1
Hyperparameters:
	minimum error:0.001,
	spp:4,
	optimization func.:Mean Squared Error (MSE, L2 Loss),
	iteraration count:100
Optimization parameters:
 	{'mat-Shape.brdf_0.clearcoat.value': {'Learning Rate': 0.03, 'Min. Clamp Value': 0.001, 'Max. Clamp Value': 0.999, 'Optimize': False}, 'mat-Shape.brdf_0.clearcoat_gloss.value': {'Learning Rate': 0.03, 'Min. Clamp Value': 0.001, 'Max. Clamp Value': 0.999, 'Optimize': False}, 'mat-Shape.brdf_0.metallic.value': {'Learning Rate': 0.03, 'Min. Clamp Value': 0.001, 'Max. Clamp Value': 0.999, 'Optimize': False}, 'mat-Shape.brdf_0.eta': {'Learning Rate': 0.03, 'Min. Clamp Value': 0.001, 'Max. Clamp Value': 4.1, 'Optimize': True}, 'mat-Shape.brdf_0.roughness.value': {'Learning Rate': 0.03, 'Min. Clamp Value': 0.001, 'Max. Clamp Value': 0.999, 'Optimize': True}, 'mat-Shape.brdf_0.base_color.data': {'Learning Rate': 0.03, 'Min. Clamp Value': 0.001, 'Max. Clamp Value': 0.999, 'Optimize': True}, 'mat-Shape.brdf_0.anisotropic.value': {'Learning Rate': 0.03, 'Min. Clamp Value': 0.001, 'Max. Clamp Value': 0.999, 'Optimize': False}, 'mat-Shape.brdf_0.spec_tint.value': {'Learning Rate': 0.03, 'Min. Clamp Value': 0.001, 'Max. Clamp Value': 0.999, 'Optimize': False}, 'mat-Shape.brdf_0.sheen.value': {'Learning Rate': 0.03, 'Min. Clamp Value': 0.001, 'Max. Clamp Value': 0.999, 'Optimize': False}, 'mat-Shape.brdf_0.sheen_tint.value': {'Learning Rate': 0.03, 'Min. Clamp Value': 0.001, 'Max. Clamp Value': 0.999, 'Optimize': False}, 'mat-Shape.brdf_0.spec_trans.value': {'Learning Rate': 0.03, 'Min. Clamp Value': 0.001, 'Max. Clamp Value': 0.999, 'Optimize': False}, 'mat-Shape.brdf_0.flatness.value': {'Learning Rate': 0.03, 'Min. Clamp Value': 0.001, 'Max. Clamp Value': 0.999, 'Optimize': False}, 'ConstantBackgroundEmitter.radiance.value': {'Learning Rate': 0.03, 'Min. Clamp Value': 0.001, 'Max. Clamp Value': 10000.0, 'Optimize': False}, 'PLYMesh.vertex_positions': {'Learning Rate': 0.03, 'Min. Clamp Value': [[-100.0, -100.0, -100.0]], 'Max. Clamp Value': [[100.0, 100.0, 100.0]], 'Optimize': False}}