tiny-cuda-nn.dir\release\common.obj
tiny-cuda-nn.dir\release\common_device.obj
tiny-cuda-nn.dir\release\cpp_api.obj
tiny-cuda-nn.dir\release\cutlass_mlp.obj
tiny-cuda-nn.dir\release\encoding.obj
tiny-cuda-nn.dir\release\loss.obj
tiny-cuda-nn.dir\release\network.obj
tiny-cuda-nn.dir\release\object.obj
tiny-cuda-nn.dir\release\optimizer.obj
tiny-cuda-nn.dir\release\reduce_sum.obj
tiny-cuda-nn.dir\release\fully_fused_mlp.obj
c:\userdata\z0047hfn\onedrive - siemens ag\documents\thesis\bachelorthesis\build\dependencies\tiny-cuda-nn\cmakefiles\generate.stamp
c:\userdata\z0047hfn\onedrive - siemens ag\documents\thesis\bachelorthesis\build\dependencies\tiny-cuda-nn\tiny-cuda-nn.dir\release\common.cu.cache
c:\userdata\z0047hfn\onedrive - siemens ag\documents\thesis\bachelorthesis\build\dependencies\tiny-cuda-nn\tiny-cuda-nn.dir\release\common_device.cu.cache
c:\userdata\z0047hfn\onedrive - siemens ag\documents\thesis\bachelorthesis\build\dependencies\tiny-cuda-nn\tiny-cuda-nn.dir\release\cpp_api.cu.cache
c:\userdata\z0047hfn\onedrive - siemens ag\documents\thesis\bachelorthesis\build\dependencies\tiny-cuda-nn\tiny-cuda-nn.dir\release\cutlass_mlp.cu.cache
c:\userdata\z0047hfn\onedrive - siemens ag\documents\thesis\bachelorthesis\build\dependencies\tiny-cuda-nn\tiny-cuda-nn.dir\release\encoding.cu.cache
c:\userdata\z0047hfn\onedrive - siemens ag\documents\thesis\bachelorthesis\build\dependencies\tiny-cuda-nn\tiny-cuda-nn.dir\release\fully_fused_mlp.cu.cache
c:\userdata\z0047hfn\onedrive - siemens ag\documents\thesis\bachelorthesis\build\dependencies\tiny-cuda-nn\tiny-cuda-nn.dir\release\loss.cu.cache
c:\userdata\z0047hfn\onedrive - siemens ag\documents\thesis\bachelorthesis\build\dependencies\tiny-cuda-nn\tiny-cuda-nn.dir\release\network.cu.cache
c:\userdata\z0047hfn\onedrive - siemens ag\documents\thesis\bachelorthesis\build\dependencies\tiny-cuda-nn\tiny-cuda-nn.dir\release\object.cu.cache
c:\userdata\z0047hfn\onedrive - siemens ag\documents\thesis\bachelorthesis\build\dependencies\tiny-cuda-nn\tiny-cuda-nn.dir\release\optimizer.cu.cache
c:\userdata\z0047hfn\onedrive - siemens ag\documents\thesis\bachelorthesis\build\dependencies\tiny-cuda-nn\tiny-cuda-nn.dir\release\reduce_sum.cu.cache
c:\userdata\z0047hfn\onedrive - siemens ag\documents\thesis\bachelorthesis\build\dependencies\tiny-cuda-nn\tiny-cuda-nn.dir\release\tiny-cuda-nn.tlog\cudacompile.read.1u.tlog
c:\userdata\z0047hfn\onedrive - siemens ag\documents\thesis\bachelorthesis\build\dependencies\tiny-cuda-nn\tiny-cuda-nn.dir\release\tiny-cuda-nn.tlog\cudacompile.write.1u.tlog
c:\userdata\z0047hfn\onedrive - siemens ag\documents\thesis\bachelorthesis\build\dependencies\tiny-cuda-nn\tiny-cuda-nn.dir\release\tiny-cuda-nn.tlog\custombuild.command.1.tlog
c:\userdata\z0047hfn\onedrive - siemens ag\documents\thesis\bachelorthesis\build\dependencies\tiny-cuda-nn\tiny-cuda-nn.dir\release\tiny-cuda-nn.tlog\custombuild.read.1.tlog
c:\userdata\z0047hfn\onedrive - siemens ag\documents\thesis\bachelorthesis\build\dependencies\tiny-cuda-nn\tiny-cuda-nn.dir\release\tiny-cuda-nn.tlog\custombuild.write.1.tlog
