Optimization loop begin
Iteration 00
	total loss= 0.062266
Current scene parameters:
 	{'emitter-envmap.scale': [3.0], 'bsdf-diffuse.reflectance.value': [[0.18000000715255737, 0.18000000715255737, 0.18000000715255737]], 'object_bsdf.eta': [1.5499999523162842], 'object_bsdf.alpha.value': [0.4700008034706116], 'medium1.albedo.value.value': [[0.03999641537666321, 0.039997972548007965, 0.03999853879213333]], 'medium1.sigma_t.value.value': [0.9500026106834412], 'shape-plane.vertex_positions': [-5.791989326477051, 1.6361994743347168, 4.137889385223389, -6.134178638458252, 1.4884796142578125, .. 857 skipped .., 1.0732252597808838, -0.012071399949491024, 5.1473188400268555, 1.5426044464111328, -0.012071399949491024], 'PLYMesh.vertex_positions': [-0.10654518008232117, -0.28711727261543274, 1.1624749898910522, -0.18826353549957275, -0.33880600333213806, .. 107831 skipped .., -0.12597307562828064, 1.4806333780288696, -0.2866170406341553, -0.18464526534080505, 1.4728926420211792]}
Iteration 01
	total loss= 0.061214
Current scene parameters:
 	{'emitter-envmap.scale': [3.0], 'bsdf-diffuse.reflectance.value': [[0.18000000715255737, 0.18000000715255737, 0.18000000715255737]], 'object_bsdf.eta': [1.5499999523162842], 'object_bsdf.alpha.value': [0.4399680495262146], 'medium1.albedo.value.value': [[0.07001697272062302, 0.07003270834684372, 0.07003612816333771]], 'medium1.sigma_t.value.value': [0.919966459274292], 'shape-plane.vertex_positions': [-5.791989326477051, 1.6361994743347168, 4.137889385223389, -6.134178638458252, 1.4884796142578125, .. 857 skipped .., 1.0732252597808838, -0.012071399949491024, 5.1473188400268555, 1.5426044464111328, -0.012071399949491024], 'PLYMesh.vertex_positions': [-0.10654518008232117, -0.28711727261543274, 1.1624749898910522, -0.18826353549957275, -0.33880600333213806, .. 107831 skipped .., -0.12597307562828064, 1.4806333780288696, -0.2866170406341553, -0.18464526534080505, 1.4728926420211792]}
Iteration 02
	total loss= 0.060281
Current scene parameters:
 	{'emitter-envmap.scale': [3.0], 'bsdf-diffuse.reflectance.value': [[0.18000000715255737, 0.18000000715255737, 0.18000000715255737]], 'object_bsdf.eta': [1.5499999523162842], 'object_bsdf.alpha.value': [0.4098803997039795], 'medium1.albedo.value.value': [[0.10008571296930313, 0.10013151168823242, 0.1001414954662323]], 'medium1.sigma_t.value.value': [0.889878511428833], 'shape-plane.vertex_positions': [-5.791989326477051, 1.6361994743347168, 4.137889385223389, -6.134178638458252, 1.4884796142578125, .. 857 skipped .., 1.0732252597808838, -0.012071399949491024, 5.1473188400268555, 1.5426044464111328, -0.012071399949491024], 'PLYMesh.vertex_positions': [-0.10654518008232117, -0.28711727261543274, 1.1624749898910522, -0.18826353549957275, -0.33880600333213806, .. 107831 skipped .., -0.12597307562828064, 1.4806333780288696, -0.2866170406341553, -0.18464526534080505, 1.4728926420211792]}
Iteration 03
	total loss= 0.059269
Current scene parameters:
 	{'emitter-envmap.scale': [3.0], 'bsdf-diffuse.reflectance.value': [[0.18000000715255737, 0.18000000715255737, 0.18000000715255737]], 'object_bsdf.eta': [1.5499999523162842], 'object_bsdf.alpha.value': [0.37971532344818115], 'medium1.albedo.value.value': [[0.13023827970027924, 0.13032275438308716, 0.13033944368362427]], 'medium1.sigma_t.value.value': [0.8597039580345154], 'shape-plane.vertex_positions': [-5.791989326477051, 1.6361994743347168, 4.137889385223389, -6.134178638458252, 1.4884796142578125, .. 857 skipped .., 1.0732252597808838, -0.012071399949491024, 5.1473188400268555, 1.5426044464111328, -0.012071399949491024], 'PLYMesh.vertex_positions': [-0.10654518008232117, -0.28711727261543274, 1.1624749898910522, -0.18826353549957275, -0.33880600333213806, .. 107831 skipped .., -0.12597307562828064, 1.4806333780288696, -0.2866170406341553, -0.18464526534080505, 1.4728926420211792]}
Iteration 04
	total loss= 0.058083
Current scene parameters:
 	{'emitter-envmap.scale': [3.0], 'bsdf-diffuse.reflectance.value': [[0.18000000715255737, 0.18000000715255737, 0.18000000715255737]], 'object_bsdf.eta': [1.5499999523162842], 'object_bsdf.alpha.value': [0.3494473695755005], 'medium1.albedo.value.value': [[0.16049353778362274, 0.16063275933265686, 0.16065698862075806]], 'medium1.sigma_t.value.value': [0.8294238448143005], 'shape-plane.vertex_positions': [-5.791989326477051, 1.6361994743347168, 4.137889385223389, -6.134178638458252, 1.4884796142578125, .. 857 skipped .., 1.0732252597808838, -0.012071399949491024, 5.1473188400268555, 1.5426044464111328, -0.012071399949491024], 'PLYMesh.vertex_positions': [-0.10654518008232117, -0.28711727261543274, 1.1624749898910522, -0.18826353549957275, -0.33880600333213806, .. 107831 skipped .., -0.12597307562828064, 1.4806333780288696, -0.2866170406341553, -0.18464526534080505, 1.4728926420211792]}
Iteration 05
	total loss= 0.056823
Current scene parameters:
 	{'emitter-envmap.scale': [3.0], 'bsdf-diffuse.reflectance.value': [[0.18000000715255737, 0.18000000715255737, 0.18000000715255737]], 'object_bsdf.eta': [1.5499999523162842], 'object_bsdf.alpha.value': [0.31905674934387207], 'medium1.albedo.value.value': [[0.1908530592918396, 0.19108383357524872, 0.1911199986934662]], 'medium1.sigma_t.value.value': [0.7990251779556274], 'shape-plane.vertex_positions': [-5.791989326477051, 1.6361994743347168, 4.137889385223389, -6.134178638458252, 1.4884796142578125, .. 857 skipped .., 1.0732252597808838, -0.012071399949491024, 5.1473188400268555, 1.5426044464111328, -0.012071399949491024], 'PLYMesh.vertex_positions': [-0.10654518008232117, -0.28711727261543274, 1.1624749898910522, -0.18826353549957275, -0.33880600333213806, .. 107831 skipped .., -0.12597307562828064, 1.4806333780288696, -0.2866170406341553, -0.18464526534080505, 1.4728926420211792]}
Iteration 06
	total loss= 0.055319
Current scene parameters:
 	{'emitter-envmap.scale': [3.0], 'bsdf-diffuse.reflectance.value': [[0.18000000715255737, 0.18000000715255737, 0.18000000715255737]], 'object_bsdf.eta': [1.5499999523162842], 'object_bsdf.alpha.value': [0.2885279059410095], 'medium1.albedo.value.value': [[0.22133125364780426, 0.22169993817806244, 0.22175340354442596]], 'medium1.sigma_t.value.value': [0.7684768438339233], 'shape-plane.vertex_positions': [-5.791989326477051, 1.6361994743347168, 4.137889385223389, -6.134178638458252, 1.4884796142578125, .. 857 skipped .., 1.0732252597808838, -0.012071399949491024, 5.1473188400268555, 1.5426044464111328, -0.012071399949491024], 'PLYMesh.vertex_positions': [-0.10654518008232117, -0.28711727261543274, 1.1624749898910522, -0.18826353549957275, -0.33880600333213806, .. 107831 skipped .., -0.12597307562828064, 1.4806333780288696, -0.2866170406341553, -0.18464526534080505, 1.4728926420211792]}
Iteration 07
	total loss= 0.053787
Current scene parameters:
 	{'emitter-envmap.scale': [3.0], 'bsdf-diffuse.reflectance.value': [[0.18000000715255737, 0.18000000715255737, 0.18000000715255737]], 'object_bsdf.eta': [1.5499999523162842], 'object_bsdf.alpha.value': [0.2578134834766388], 'medium1.albedo.value.value': [[0.251964271068573, 0.2525138556957245, 0.2525826394557953]], 'medium1.sigma_t.value.value': [0.7377553582191467], 'shape-plane.vertex_positions': [-5.791989326477051, 1.6361994743347168, 4.137889385223389, -6.134178638458252, 1.4884796142578125, .. 857 skipped .., 1.0732252597808838, -0.012071399949491024, 5.1473188400268555, 1.5426044464111328, -0.012071399949491024], 'PLYMesh.vertex_positions': [-0.10654518008232117, -0.28711727261543274, 1.1624749898910522, -0.18826353549957275, -0.33880600333213806, .. 107831 skipped .., -0.12597307562828064, 1.4806333780288696, -0.2866170406341553, -0.18464526534080505, 1.4728926420211792]}
Iteration 08
	total loss= 0.052224
Current scene parameters:
 	{'emitter-envmap.scale': [3.0], 'bsdf-diffuse.reflectance.value': [[0.18000000715255737, 0.18000000715255737, 0.18000000715255737]], 'object_bsdf.eta': [1.5499999523162842], 'object_bsdf.alpha.value': [0.226875901222229], 'medium1.albedo.value.value': [[0.28275275230407715, 0.28354495763778687, 0.2836311161518097]], 'medium1.sigma_t.value.value': [0.7068331241607666], 'shape-plane.vertex_positions': [-5.791989326477051, 1.6361994743347168, 4.137889385223389, -6.134178638458252, 1.4884796142578125, .. 857 skipped .., 1.0732252597808838, -0.012071399949491024, 5.1473188400268555, 1.5426044464111328, -0.012071399949491024], 'PLYMesh.vertex_positions': [-0.10654518008232117, -0.28711727261543274, 1.1624749898910522, -0.18826353549957275, -0.33880600333213806, .. 107831 skipped .., -0.12597307562828064, 1.4806333780288696, -0.2866170406341553, -0.18464526534080505, 1.4728926420211792]}
Iteration 09
	total loss= 0.050467
Current scene parameters:
 	{'emitter-envmap.scale': [3.0], 'bsdf-diffuse.reflectance.value': [[0.18000000715255737, 0.18000000715255737, 0.18000000715255737]], 'object_bsdf.eta': [1.5499999523162842], 'object_bsdf.alpha.value': [0.19569894671440125], 'medium1.albedo.value.value': [[0.31367653608322144, 0.31481367349624634, 0.3149207830429077]], 'medium1.sigma_t.value.value': [0.6757019758224487], 'shape-plane.vertex_positions': [-5.791989326477051, 1.6361994743347168, 4.137889385223389, -6.134178638458252, 1.4884796142578125, .. 857 skipped .., 1.0732252597808838, -0.012071399949491024, 5.1473188400268555, 1.5426044464111328, -0.012071399949491024], 'PLYMesh.vertex_positions': [-0.10654518008232117, -0.28711727261543274, 1.1624749898910522, -0.18826353549957275, -0.33880600333213806, .. 107831 skipped .., -0.12597307562828064, 1.4806333780288696, -0.2866170406341553, -0.18464526534080505, 1.4728926420211792]}
Iteration 10
	total loss= 0.048332
Current scene parameters:
 	{'emitter-envmap.scale': [3.0], 'bsdf-diffuse.reflectance.value': [[0.18000000715255737, 0.18000000715255737, 0.18000000715255737]], 'object_bsdf.eta': [1.5499999523162842], 'object_bsdf.alpha.value': [0.1642567217350006], 'medium1.albedo.value.value': [[0.3447093963623047, 0.34634238481521606, 0.3464721739292145]], 'medium1.sigma_t.value.value': [0.6443570852279663], 'shape-plane.vertex_positions': [-5.791989326477051, 1.6361994743347168, 4.137889385223389, -6.134178638458252, 1.4884796142578125, .. 857 skipped .., 1.0732252597808838, -0.012071399949491024, 5.1473188400268555, 1.5426044464111328, -0.012071399949491024], 'PLYMesh.vertex_positions': [-0.10654518008232117, -0.28711727261543274, 1.1624749898910522, -0.18826353549957275, -0.33880600333213806, .. 107831 skipped .., -0.12597307562828064, 1.4806333780288696, -0.2866170406341553, -0.18464526534080505, 1.4728926420211792]}
Iteration 11
	total loss= 0.045802
Current scene parameters:
 	{'emitter-envmap.scale': [3.0], 'bsdf-diffuse.reflectance.value': [[0.18000000715255737, 0.18000000715255737, 0.18000000715255737]], 'object_bsdf.eta': [1.5499999523162842], 'object_bsdf.alpha.value': [0.13251391053199768], 'medium1.albedo.value.value': [[0.3757690191268921, 0.37814852595329285, 0.37830573320388794]], 'medium1.sigma_t.value.value': [0.6127438545227051], 'shape-plane.vertex_positions': [-5.791989326477051, 1.6361994743347168, 4.137889385223389, -6.134178638458252, 1.4884796142578125, .. 857 skipped .., 1.0732252597808838, -0.012071399949491024, 5.1473188400268555, 1.5426044464111328, -0.012071399949491024], 'PLYMesh.vertex_positions': [-0.10654518008232117, -0.28711727261543274, 1.1624749898910522, -0.18826353549957275, -0.33880600333213806, .. 107831 skipped .., -0.12597307562828064, 1.4806333780288696, -0.2866170406341553, -0.18464526534080505, 1.4728926420211792]}
Iteration 12
	total loss= 0.043285
Current scene parameters:
 	{'emitter-envmap.scale': [3.0], 'bsdf-diffuse.reflectance.value': [[0.18000000715255737, 0.18000000715255737, 0.18000000715255737]], 'object_bsdf.eta': [1.5499999523162842], 'object_bsdf.alpha.value': [0.10045246034860611], 'medium1.albedo.value.value': [[0.40674862265586853, 0.41025516390800476, 0.4104379415512085]], 'medium1.sigma_t.value.value': [0.5808243751525879], 'shape-plane.vertex_positions': [-5.791989326477051, 1.6361994743347168, 4.137889385223389, -6.134178638458252, 1.4884796142578125, .. 857 skipped .., 1.0732252597808838, -0.012071399949491024, 5.1473188400268555, 1.5426044464111328, -0.012071399949491024], 'PLYMesh.vertex_positions': [-0.10654518008232117, -0.28711727261543274, 1.1624749898910522, -0.18826353549957275, -0.33880600333213806, .. 107831 skipped .., -0.12597307562828064, 1.4806333780288696, -0.2866170406341553, -0.18464526534080505, 1.4728926420211792]}
Iteration 13
	total loss= 0.040460
Current scene parameters:
 	{'emitter-envmap.scale': [3.0], 'bsdf-diffuse.reflectance.value': [[0.18000000715255737, 0.18000000715255737, 0.18000000715255737]], 'object_bsdf.eta': [1.5499999523162842], 'object_bsdf.alpha.value': [0.06805923581123352], 'medium1.albedo.value.value': [[0.43741562962532043, 0.4426829218864441, 0.4428786635398865]], 'medium1.sigma_t.value.value': [0.5485810041427612], 'shape-plane.vertex_positions': [-5.791989326477051, 1.6361994743347168, 4.137889385223389, -6.134178638458252, 1.4884796142578125, .. 857 skipped .., 1.0732252597808838, -0.012071399949491024, 5.1473188400268555, 1.5426044464111328, -0.012071399949491024], 'PLYMesh.vertex_positions': [-0.10654518008232117, -0.28711727261543274, 1.1624749898910522, -0.18826353549957275, -0.33880600333213806, .. 107831 skipped .., -0.12597307562828064, 1.4806333780288696, -0.2866170406341553, -0.18464526534080505, 1.4728926420211792]}
Iteration 14
	total loss= 0.037290
Current scene parameters:
 	{'emitter-envmap.scale': [3.0], 'bsdf-diffuse.reflectance.value': [[0.18000000715255737, 0.18000000715255737, 0.18000000715255737]], 'object_bsdf.eta': [1.5499999523162842], 'object_bsdf.alpha.value': [0.03534294664859772], 'medium1.albedo.value.value': [[0.46716830134391785, 0.47543880343437195, 0.47565174102783203]], 'medium1.sigma_t.value.value': [0.5159700512886047], 'shape-plane.vertex_positions': [-5.791989326477051, 1.6361994743347168, 4.137889385223389, -6.134178638458252, 1.4884796142578125, .. 857 skipped .., 1.0732252597808838, -0.012071399949491024, 5.1473188400268555, 1.5426044464111328, -0.012071399949491024], 'PLYMesh.vertex_positions': [-0.10654518008232117, -0.28711727261543274, 1.1624749898910522, -0.18826353549957275, -0.33880600333213806, .. 107831 skipped .., -0.12597307562828064, 1.4806333780288696, -0.2866170406341553, -0.18464526534080505, 1.4728926420211792]}
Iteration 15
	total loss= 0.034038
Current scene parameters:
 	{'emitter-envmap.scale': [3.0], 'bsdf-diffuse.reflectance.value': [[0.18000000715255737, 0.18000000715255737, 0.18000000715255737]], 'object_bsdf.eta': [1.5499999523162842], 'object_bsdf.alpha.value': [0.0024321414530277252], 'medium1.albedo.value.value': [[0.49509844183921814, 0.5085285902023315, 0.5087754130363464]], 'medium1.sigma_t.value.value': [0.4829922616481781], 'shape-plane.vertex_positions': [-5.791989326477051, 1.6361994743347168, 4.137889385223389, -6.134178638458252, 1.4884796142578125, .. 857 skipped .., 1.0732252597808838, -0.012071399949491024, 5.1473188400268555, 1.5426044464111328, -0.012071399949491024], 'PLYMesh.vertex_positions': [-0.10654518008232117, -0.28711727261543274, 1.1624749898910522, -0.18826353549957275, -0.33880600333213806, .. 107831 skipped .., -0.12597307562828064, 1.4806333780288696, -0.2866170406341553, -0.18464526534080505, 1.4728926420211792]}
Iteration 16
	total loss= 0.030565
Current scene parameters:
 	{'emitter-envmap.scale': [3.0], 'bsdf-diffuse.reflectance.value': [[0.18000000715255737, 0.18000000715255737, 0.18000000715255737]], 'object_bsdf.eta': [1.5499999523162842], 'object_bsdf.alpha.value': [0.0010000000474974513], 'medium1.albedo.value.value': [[0.5193511843681335, 0.541938841342926, 0.542267918586731]], 'medium1.sigma_t.value.value': [0.44961926341056824], 'shape-plane.vertex_positions': [-5.791989326477051, 1.6361994743347168, 4.137889385223389, -6.134178638458252, 1.4884796142578125, .. 857 skipped .., 1.0732252597808838, -0.012071399949491024, 5.1473188400268555, 1.5426044464111328, -0.012071399949491024], 'PLYMesh.vertex_positions': [-0.10654518008232117, -0.28711727261543274, 1.1624749898910522, -0.18826353549957275, -0.33880600333213806, .. 107831 skipped .., -0.12597307562828064, 1.4806333780288696, -0.2866170406341553, -0.18464526534080505, 1.4728926420211792]}
Iteration 17
	total loss= 0.027915
Current scene parameters:
 	{'emitter-envmap.scale': [3.0], 'bsdf-diffuse.reflectance.value': [[0.18000000715255737, 0.18000000715255737, 0.18000000715255737]], 'object_bsdf.eta': [1.5384697914123535], 'object_bsdf.alpha.value': [0.0010000000474974513], 'medium1.albedo.value.value': [[0.5377855896949768, 0.5756555795669556, 0.5761428475379944]], 'medium1.sigma_t.value.value': [0.41585421562194824], 'shape-plane.vertex_positions': [-5.791989326477051, 1.6361994743347168, 4.137889385223389, -6.134178638458252, 1.4884796142578125, .. 857 skipped .., 1.0732252597808838, -0.012071399949491024, 5.1473188400268555, 1.5426044464111328, -0.012071399949491024], 'PLYMesh.vertex_positions': [-0.10654518008232117, -0.28711727261543274, 1.1624749898910522, -0.18826353549957275, -0.33880600333213806, .. 107831 skipped .., -0.12597307562828064, 1.4806333780288696, -0.2866170406341553, -0.18464526534080505, 1.4728926420211792]}
Iteration 18
	total loss= 0.024875
Current scene parameters:
 	{'emitter-envmap.scale': [3.0], 'bsdf-diffuse.reflectance.value': [[0.18000000715255737, 0.18000000715255737, 0.18000000715255737]], 'object_bsdf.eta': [1.5314764976501465], 'object_bsdf.alpha.value': [0.0010000000474974513], 'medium1.albedo.value.value': [[0.5486428141593933, 0.6096259355545044, 0.610409677028656]], 'medium1.sigma_t.value.value': [0.3817555010318756], 'shape-plane.vertex_positions': [-5.791989326477051, 1.6361994743347168, 4.137889385223389, -6.134178638458252, 1.4884796142578125, .. 857 skipped .., 1.0732252597808838, -0.012071399949491024, 5.1473188400268555, 1.5426044464111328, -0.012071399949491024], 'PLYMesh.vertex_positions': [-0.10654518008232117, -0.28711727261543274, 1.1624749898910522, -0.18826353549957275, -0.33880600333213806, .. 107831 skipped .., -0.12597307562828064, 1.4806333780288696, -0.2866170406341553, -0.18464526534080505, 1.4728926420211792]}
Iteration 19
	total loss= 0.021988
Current scene parameters:
 	{'emitter-envmap.scale': [3.0], 'bsdf-diffuse.reflectance.value': [[0.18000000715255737, 0.18000000715255737, 0.18000000715255737]], 'object_bsdf.eta': [1.5150381326675415], 'object_bsdf.alpha.value': [0.0010000000474974513], 'medium1.albedo.value.value': [[0.5515863299369812, 0.643760621547699, 0.6450620889663696]], 'medium1.sigma_t.value.value': [0.347392201423645], 'shape-plane.vertex_positions': [-5.791989326477051, 1.6361994743347168, 4.137889385223389, -6.134178638458252, 1.4884796142578125, .. 857 skipped .., 1.0732252597808838, -0.012071399949491024, 5.1473188400268555, 1.5426044464111328, -0.012071399949491024], 'PLYMesh.vertex_positions': [-0.10654518008232117, -0.28711727261543274, 1.1624749898910522, -0.18826353549957275, -0.33880600333213806, .. 107831 skipped .., -0.12597307562828064, 1.4806333780288696, -0.2866170406341553, -0.18464526534080505, 1.4728926420211792]}
Iteration 20
	total loss= 0.018663
Current scene parameters:
 	{'emitter-envmap.scale': [3.0], 'bsdf-diffuse.reflectance.value': [[0.18000000715255737, 0.18000000715255737, 0.18000000715255737]], 'object_bsdf.eta': [1.5004551410675049], 'object_bsdf.alpha.value': [0.0010000000474974513], 'medium1.albedo.value.value': [[0.5470743775367737, 0.6778392791748047, 0.6800795197486877]], 'medium1.sigma_t.value.value': [0.31294214725494385], 'shape-plane.vertex_positions': [-5.791989326477051, 1.6361994743347168, 4.137889385223389, -6.134178638458252, 1.4884796142578125, .. 857 skipped .., 1.0732252597808838, -0.012071399949491024, 5.1473188400268555, 1.5426044464111328, -0.012071399949491024], 'PLYMesh.vertex_positions': [-0.10654518008232117, -0.28711727261543274, 1.1624749898910522, -0.18826353549957275, -0.33880600333213806, .. 107831 skipped .., -0.12597307562828064, 1.4806333780288696, -0.2866170406341553, -0.18464526534080505, 1.4728926420211792]}
Iteration 21
	total loss= 0.015462
Current scene parameters:
 	{'emitter-envmap.scale': [3.0], 'bsdf-diffuse.reflectance.value': [[0.18000000715255737, 0.18000000715255737, 0.18000000715255737]], 'object_bsdf.eta': [1.4890216588974], 'object_bsdf.alpha.value': [0.0010000000474974513], 'medium1.albedo.value.value': [[0.536275327205658, 0.7114576697349548, 0.7153847813606262]], 'medium1.sigma_t.value.value': [0.278862327337265], 'shape-plane.vertex_positions': [-5.791989326477051, 1.6361994743347168, 4.137889385223389, -6.134178638458252, 1.4884796142578125, .. 857 skipped .., 1.0732252597808838, -0.012071399949491024, 5.1473188400268555, 1.5426044464111328, -0.012071399949491024], 'PLYMesh.vertex_positions': [-0.10654518008232117, -0.28711727261543274, 1.1624749898910522, -0.18826353549957275, -0.33880600333213806, .. 107831 skipped .., -0.12597307562828064, 1.4806333780288696, -0.2866170406341553, -0.18464526534080505, 1.4728926420211792]}
Iteration 22
	total loss= 0.012946
Current scene parameters:
 	{'emitter-envmap.scale': [3.0], 'bsdf-diffuse.reflectance.value': [[0.18000000715255737, 0.18000000715255737, 0.18000000715255737]], 'object_bsdf.eta': [1.4971352815628052], 'object_bsdf.alpha.value': [0.008596336469054222], 'medium1.albedo.value.value': [[0.5204071998596191, 0.7440040707588196, 0.7508952617645264]], 'medium1.sigma_t.value.value': [0.24615012109279633], 'shape-plane.vertex_positions': [-5.791989326477051, 1.6361994743347168, 4.137889385223389, -6.134178638458252, 1.4884796142578125, .. 857 skipped .., 1.0732252597808838, -0.012071399949491024, 5.1473188400268555, 1.5426044464111328, -0.012071399949491024], 'PLYMesh.vertex_positions': [-0.10654518008232117, -0.28711727261543274, 1.1624749898910522, -0.18826353549957275, -0.33880600333213806, .. 107831 skipped .., -0.12597307562828064, 1.4806333780288696, -0.2866170406341553, -0.18464526534080505, 1.4728926420211792]}
Iteration 23
	total loss= 0.010903
Current scene parameters:
 	{'emitter-envmap.scale': [3.0], 'bsdf-diffuse.reflectance.value': [[0.18000000715255737, 0.18000000715255737, 0.18000000715255737]], 'object_bsdf.eta': [1.504096508026123], 'object_bsdf.alpha.value': [0.01364926714450121], 'medium1.albedo.value.value': [[0.5006626844406128, 0.7748026847839355, 0.7864753603935242]], 'medium1.sigma_t.value.value': [0.21594052016735077], 'shape-plane.vertex_positions': [-5.791989326477051, 1.6361994743347168, 4.137889385223389, -6.134178638458252, 1.4884796142578125, .. 857 skipped .., 1.0732252597808838, -0.012071399949491024, 5.1473188400268555, 1.5426044464111328, -0.012071399949491024], 'PLYMesh.vertex_positions': [-0.10654518008232117, -0.28711727261543274, 1.1624749898910522, -0.18826353549957275, -0.33880600333213806, .. 107831 skipped .., -0.12597307562828064, 1.4806333780288696, -0.2866170406341553, -0.18464526534080505, 1.4728926420211792]}
Iteration 24
	total loss= 0.009309
Current scene parameters:
 	{'emitter-envmap.scale': [3.0], 'bsdf-diffuse.reflectance.value': [[0.18000000715255737, 0.18000000715255737, 0.18000000715255737]], 'object_bsdf.eta': [1.510602593421936], 'object_bsdf.alpha.value': [0.0174983162432909], 'medium1.albedo.value.value': [[0.4779728353023529, 0.8030679821968079, 0.8219165802001953]], 'medium1.sigma_t.value.value': [0.18998007476329803], 'shape-plane.vertex_positions': [-5.791989326477051, 1.6361994743347168, 4.137889385223389, -6.134178638458252, 1.4884796142578125, .. 857 skipped .., 1.0732252597808838, -0.012071399949491024, 5.1473188400268555, 1.5426044464111328, -0.012071399949491024], 'PLYMesh.vertex_positions': [-0.10654518008232117, -0.28711727261543274, 1.1624749898910522, -0.18826353549957275, -0.33880600333213806, .. 107831 skipped .., -0.12597307562828064, 1.4806333780288696, -0.2866170406341553, -0.18464526534080505, 1.4728926420211792]}
Iteration 25
	total loss= 0.008677
Current scene parameters:
 	{'emitter-envmap.scale': [3.0], 'bsdf-diffuse.reflectance.value': [[0.18000000715255737, 0.18000000715255737, 0.18000000715255737]], 'object_bsdf.eta': [1.516358494758606], 'object_bsdf.alpha.value': [0.020128590986132622], 'medium1.albedo.value.value': [[0.4530538022518158, 0.8282050490379333, 0.8570472002029419]], 'medium1.sigma_t.value.value': [0.1702236533164978], 'shape-plane.vertex_positions': [-5.791989326477051, 1.6361994743347168, 4.137889385223389, -6.134178638458252, 1.4884796142578125, .. 857 skipped .., 1.0732252597808838, -0.012071399949491024, 5.1473188400268555, 1.5426044464111328, -0.012071399949491024], 'PLYMesh.vertex_positions': [-0.10654518008232117, -0.28711727261543274, 1.1624749898910522, -0.18826353549957275, -0.33880600333213806, .. 107831 skipped .., -0.12597307562828064, 1.4806333780288696, -0.2866170406341553, -0.18464526534080505, 1.4728926420211792]}
Iteration 26
	total loss= 0.007899
Current scene parameters:
 	{'emitter-envmap.scale': [3.0], 'bsdf-diffuse.reflectance.value': [[0.18000000715255737, 0.18000000715255737, 0.18000000715255737]], 'object_bsdf.eta': [1.5210765600204468], 'object_bsdf.alpha.value': [0.022460298612713814], 'medium1.albedo.value.value': [[0.42643657326698303, 0.8497175574302673, 0.891667366027832]], 'medium1.sigma_t.value.value': [0.1587003618478775], 'shape-plane.vertex_positions': [-5.791989326477051, 1.6361994743347168, 4.137889385223389, -6.134178638458252, 1.4884796142578125, .. 857 skipped .., 1.0732252597808838, -0.012071399949491024, 5.1473188400268555, 1.5426044464111328, -0.012071399949491024], 'PLYMesh.vertex_positions': [-0.10654518008232117, -0.28711727261543274, 1.1624749898910522, -0.18826353549957275, -0.33880600333213806, .. 107831 skipped .., -0.12597307562828064, 1.4806333780288696, -0.2866170406341553, -0.18464526534080505, 1.4728926420211792]}
Iteration 27
	total loss= 0.007372
Current scene parameters:
 	{'emitter-envmap.scale': [3.0], 'bsdf-diffuse.reflectance.value': [[0.18000000715255737, 0.18000000715255737, 0.18000000715255737]], 'object_bsdf.eta': [1.525520920753479], 'object_bsdf.alpha.value': [0.024322643876075745], 'medium1.albedo.value.value': [[0.3986376225948334, 0.8674506545066833, 0.925683319568634]], 'medium1.sigma_t.value.value': [0.15508075058460236], 'shape-plane.vertex_positions': [-5.791989326477051, 1.6361994743347168, 4.137889385223389, -6.134178638458252, 1.4884796142578125, .. 857 skipped .., 1.0732252597808838, -0.012071399949491024, 5.1473188400268555, 1.5426044464111328, -0.012071399949491024], 'PLYMesh.vertex_positions': [-0.10654518008232117, -0.28711727261543274, 1.1624749898910522, -0.18826353549957275, -0.33880600333213806, .. 107831 skipped .., -0.12597307562828064, 1.4806333780288696, -0.2866170406341553, -0.18464526534080505, 1.4728926420211792]}
Iteration 28
	total loss= 0.006698
Current scene parameters:
 	{'emitter-envmap.scale': [3.0], 'bsdf-diffuse.reflectance.value': [[0.18000000715255737, 0.18000000715255737, 0.18000000715255737]], 'object_bsdf.eta': [1.5299367904663086], 'object_bsdf.alpha.value': [0.026267506182193756], 'medium1.albedo.value.value': [[0.3701850175857544, 0.8814484477043152, 0.9590470194816589]], 'medium1.sigma_t.value.value': [0.15806643664836884], 'shape-plane.vertex_positions': [-5.791989326477051, 1.6361994743347168, 4.137889385223389, -6.134178638458252, 1.4884796142578125, .. 857 skipped .., 1.0732252597808838, -0.012071399949491024, 5.1473188400268555, 1.5426044464111328, -0.012071399949491024], 'PLYMesh.vertex_positions': [-0.10654518008232117, -0.28711727261543274, 1.1624749898910522, -0.18826353549957275, -0.33880600333213806, .. 107831 skipped .., -0.12597307562828064, 1.4806333780288696, -0.2866170406341553, -0.18464526534080505, 1.4728926420211792]}
Iteration 29
	total loss= 0.005776
Current scene parameters:
 	{'emitter-envmap.scale': [3.0], 'bsdf-diffuse.reflectance.value': [[0.18000000715255737, 0.18000000715255737, 0.18000000715255737]], 'object_bsdf.eta': [1.5338969230651855], 'object_bsdf.alpha.value': [0.028325434774160385], 'medium1.albedo.value.value': [[0.3415573835372925, 0.8915014266967773, 0.9917019605636597]], 'medium1.sigma_t.value.value': [0.1664903163909912], 'shape-plane.vertex_positions': [-5.791989326477051, 1.6361994743347168, 4.137889385223389, -6.134178638458252, 1.4884796142578125, .. 857 skipped .., 1.0732252597808838, -0.012071399949491024, 5.1473188400268555, 1.5426044464111328, -0.012071399949491024], 'PLYMesh.vertex_positions': [-0.10654518008232117, -0.28711727261543274, 1.1624749898910522, -0.18826353549957275, -0.33880600333213806, .. 107831 skipped .., -0.12597307562828064, 1.4806333780288696, -0.2866170406341553, -0.18464526534080505, 1.4728926420211792]}
Iteration 30
	total loss= 0.004871
Current scene parameters:
 	{'emitter-envmap.scale': [3.0], 'bsdf-diffuse.reflectance.value': [[0.18000000715255737, 0.18000000715255737, 0.18000000715255737]], 'object_bsdf.eta': [1.5375701189041138], 'object_bsdf.alpha.value': [0.029779618605971336], 'medium1.albedo.value.value': [[0.31330761313438416, 0.8974083662033081, 0.9990000128746033]], 'medium1.sigma_t.value.value': [0.17891260981559753], 'shape-plane.vertex_positions': [-5.791989326477051, 1.6361994743347168, 4.137889385223389, -6.134178638458252, 1.4884796142578125, .. 857 skipped .., 1.0732252597808838, -0.012071399949491024, 5.1473188400268555, 1.5426044464111328, -0.012071399949491024], 'PLYMesh.vertex_positions': [-0.10654518008232117, -0.28711727261543274, 1.1624749898910522, -0.18826353549957275, -0.33880600333213806, .. 107831 skipped .., -0.12597307562828064, 1.4806333780288696, -0.2866170406341553, -0.18464526534080505, 1.4728926420211792]}
Iteration 31
	total loss= 0.004112
Current scene parameters:
 	{'emitter-envmap.scale': [3.0], 'bsdf-diffuse.reflectance.value': [[0.18000000715255737, 0.18000000715255737, 0.18000000715255737]], 'object_bsdf.eta': [1.540485143661499], 'object_bsdf.alpha.value': [0.030760208144783974], 'medium1.albedo.value.value': [[0.2859528362751007, 0.8992890119552612, 0.9990000128746033]], 'medium1.sigma_t.value.value': [0.19416075944900513], 'shape-plane.vertex_positions': [-5.791989326477051, 1.6361994743347168, 4.137889385223389, -6.134178638458252, 1.4884796142578125, .. 857 skipped .., 1.0732252597808838, -0.012071399949491024, 5.1473188400268555, 1.5426044464111328, -0.012071399949491024], 'PLYMesh.vertex_positions': [-0.10654518008232117, -0.28711727261543274, 1.1624749898910522, -0.18826353549957275, -0.33880600333213806, .. 107831 skipped .., -0.12597307562828064, 1.4806333780288696, -0.2866170406341553, -0.18464526534080505, 1.4728926420211792]}
Iteration 32
	total loss= 0.003627
Current scene parameters:
 	{'emitter-envmap.scale': [3.0], 'bsdf-diffuse.reflectance.value': [[0.18000000715255737, 0.18000000715255737, 0.18000000715255737]], 'object_bsdf.eta': [1.5429675579071045], 'object_bsdf.alpha.value': [0.031116735190153122], 'medium1.albedo.value.value': [[0.2600177824497223, 0.8973783254623413, 0.9990000128746033]], 'medium1.sigma_t.value.value': [0.21145102381706238], 'shape-plane.vertex_positions': [-5.791989326477051, 1.6361994743347168, 4.137889385223389, -6.134178638458252, 1.4884796142578125, .. 857 skipped .., 1.0732252597808838, -0.012071399949491024, 5.1473188400268555, 1.5426044464111328, -0.012071399949491024], 'PLYMesh.vertex_positions': [-0.10654518008232117, -0.28711727261543274, 1.1624749898910522, -0.18826353549957275, -0.33880600333213806, .. 107831 skipped .., -0.12597307562828064, 1.4806333780288696, -0.2866170406341553, -0.18464526534080505, 1.4728926420211792]}
Iteration 33
	total loss= 0.003134
Current scene parameters:
 	{'emitter-envmap.scale': [3.0], 'bsdf-diffuse.reflectance.value': [[0.18000000715255737, 0.18000000715255737, 0.18000000715255737]], 'object_bsdf.eta': [1.5451306104660034], 'object_bsdf.alpha.value': [0.03155133128166199], 'medium1.albedo.value.value': [[0.2359803169965744, 0.8919740915298462, 0.9990000128746033]], 'medium1.sigma_t.value.value': [0.229810431599617], 'shape-plane.vertex_positions': [-5.791989326477051, 1.6361994743347168, 4.137889385223389, -6.134178638458252, 1.4884796142578125, .. 857 skipped .., 1.0732252597808838, -0.012071399949491024, 5.1473188400268555, 1.5426044464111328, -0.012071399949491024], 'PLYMesh.vertex_positions': [-0.10654518008232117, -0.28711727261543274, 1.1624749898910522, -0.18826353549957275, -0.33880600333213806, .. 107831 skipped .., -0.12597307562828064, 1.4806333780288696, -0.2866170406341553, -0.18464526534080505, 1.4728926420211792]}
Iteration 34
	total loss= 0.002841
Current scene parameters:
 	{'emitter-envmap.scale': [3.0], 'bsdf-diffuse.reflectance.value': [[0.18000000715255737, 0.18000000715255737, 0.18000000715255737]], 'object_bsdf.eta': [1.5469229221343994], 'object_bsdf.alpha.value': [0.031244900077581406], 'medium1.albedo.value.value': [[0.21424336731433868, 0.883709728717804, 0.9990000128746033]], 'medium1.sigma_t.value.value': [0.2489660382270813], 'shape-plane.vertex_positions': [-5.791989326477051, 1.6361994743347168, 4.137889385223389, -6.134178638458252, 1.4884796142578125, .. 857 skipped .., 1.0732252597808838, -0.012071399949491024, 5.1473188400268555, 1.5426044464111328, -0.012071399949491024], 'PLYMesh.vertex_positions': [-0.10654518008232117, -0.28711727261543274, 1.1624749898910522, -0.18826353549957275, -0.33880600333213806, .. 107831 skipped .., -0.12597307562828064, 1.4806333780288696, -0.2866170406341553, -0.18464526534080505, 1.4728926420211792]}
Iteration 35
	total loss= 0.002314
Current scene parameters:
 	{'emitter-envmap.scale': [3.0], 'bsdf-diffuse.reflectance.value': [[0.18000000715255737, 0.18000000715255737, 0.18000000715255737]], 'object_bsdf.eta': [1.5485628843307495], 'object_bsdf.alpha.value': [0.030907146632671356], 'medium1.albedo.value.value': [[0.19511139392852783, 0.8730294704437256, 0.9990000128746033]], 'medium1.sigma_t.value.value': [0.2681616246700287], 'shape-plane.vertex_positions': [-5.791989326477051, 1.6361994743347168, 4.137889385223389, -6.134178638458252, 1.4884796142578125, .. 857 skipped .., 1.0732252597808838, -0.012071399949491024, 5.1473188400268555, 1.5426044464111328, -0.012071399949491024], 'PLYMesh.vertex_positions': [-0.10654518008232117, -0.28711727261543274, 1.1624749898910522, -0.18826353549957275, -0.33880600333213806, .. 107831 skipped .., -0.12597307562828064, 1.4806333780288696, -0.2866170406341553, -0.18464526534080505, 1.4728926420211792]}
Iteration 36
	total loss= 0.002127
Current scene parameters:
 	{'emitter-envmap.scale': [3.0], 'bsdf-diffuse.reflectance.value': [[0.18000000715255737, 0.18000000715255737, 0.18000000715255737]], 'object_bsdf.eta': [1.5499999523162842], 'object_bsdf.alpha.value': [0.029924357309937477], 'medium1.albedo.value.value': [[0.17871713638305664, 0.860659122467041, 0.9990000128746033]], 'medium1.sigma_t.value.value': [0.28700563311576843], 'shape-plane.vertex_positions': [-5.791989326477051, 1.6361994743347168, 4.137889385223389, -6.134178638458252, 1.4884796142578125, .. 857 skipped .., 1.0732252597808838, -0.012071399949491024, 5.1473188400268555, 1.5426044464111328, -0.012071399949491024], 'PLYMesh.vertex_positions': [-0.10654518008232117, -0.28711727261543274, 1.1624749898910522, -0.18826353549957275, -0.33880600333213806, .. 107831 skipped .., -0.12597307562828064, 1.4806333780288696, -0.2866170406341553, -0.18464526534080505, 1.4728926420211792]}
Iteration 37
	total loss= 0.002003
Current scene parameters:
 	{'emitter-envmap.scale': [3.0], 'bsdf-diffuse.reflectance.value': [[0.18000000715255737, 0.18000000715255737, 0.18000000715255737]], 'object_bsdf.eta': [1.5499999523162842], 'object_bsdf.alpha.value': [0.028444889932870865], 'medium1.albedo.value.value': [[0.1651700884103775, 0.8476508855819702, 0.9990000128746033]], 'medium1.sigma_t.value.value': [0.30525103211402893], 'shape-plane.vertex_positions': [-5.791989326477051, 1.6361994743347168, 4.137889385223389, -6.134178638458252, 1.4884796142578125, .. 857 skipped .., 1.0732252597808838, -0.012071399949491024, 5.1473188400268555, 1.5426044464111328, -0.012071399949491024], 'PLYMesh.vertex_positions': [-0.10654518008232117, -0.28711727261543274, 1.1624749898910522, -0.18826353549957275, -0.33880600333213806, .. 107831 skipped .., -0.12597307562828064, 1.4806333780288696, -0.2866170406341553, -0.18464526534080505, 1.4728926420211792]}
Iteration 38
	total loss= 0.001697
Current scene parameters:
 	{'emitter-envmap.scale': [3.0], 'bsdf-diffuse.reflectance.value': [[0.18000000715255737, 0.18000000715255737, 0.18000000715255737]], 'object_bsdf.eta': [1.5499999523162842], 'object_bsdf.alpha.value': [0.0267501100897789], 'medium1.albedo.value.value': [[0.15446265041828156, 0.834643542766571, 0.9990000128746033]], 'medium1.sigma_t.value.value': [0.3226514756679535], 'shape-plane.vertex_positions': [-5.791989326477051, 1.6361994743347168, 4.137889385223389, -6.134178638458252, 1.4884796142578125, .. 857 skipped .., 1.0732252597808838, -0.012071399949491024, 5.1473188400268555, 1.5426044464111328, -0.012071399949491024], 'PLYMesh.vertex_positions': [-0.10654518008232117, -0.28711727261543274, 1.1624749898910522, -0.18826353549957275, -0.33880600333213806, .. 107831 skipped .., -0.12597307562828064, 1.4806333780288696, -0.2866170406341553, -0.18464526534080505, 1.4728926420211792]}
Iteration 39
	total loss= 0.001669
Current scene parameters:
 	{'emitter-envmap.scale': [3.0], 'bsdf-diffuse.reflectance.value': [[0.18000000715255737, 0.18000000715255737, 0.18000000715255737]], 'object_bsdf.eta': [1.5499999523162842], 'object_bsdf.alpha.value': [0.02480761893093586], 'medium1.albedo.value.value': [[0.1465369015932083, 0.8226634860038757, 0.9990000128746033]], 'medium1.sigma_t.value.value': [0.3391096293926239], 'shape-plane.vertex_positions': [-5.791989326477051, 1.6361994743347168, 4.137889385223389, -6.134178638458252, 1.4884796142578125, .. 857 skipped .., 1.0732252597808838, -0.012071399949491024, 5.1473188400268555, 1.5426044464111328, -0.012071399949491024], 'PLYMesh.vertex_positions': [-0.10654518008232117, -0.28711727261543274, 1.1624749898910522, -0.18826353549957275, -0.33880600333213806, .. 107831 skipped .., -0.12597307562828064, 1.4806333780288696, -0.2866170406341553, -0.18464526534080505, 1.4728926420211792]}
Iteration 40
	total loss= 0.001580
Current scene parameters:
 	{'emitter-envmap.scale': [3.0], 'bsdf-diffuse.reflectance.value': [[0.18000000715255737, 0.18000000715255737, 0.18000000715255737]], 'object_bsdf.eta': [1.5499999523162842], 'object_bsdf.alpha.value': [0.022841565310955048], 'medium1.albedo.value.value': [[0.1412869095802307, 0.8123524785041809, 0.9990000128746033]], 'medium1.sigma_t.value.value': [0.3543192446231842], 'shape-plane.vertex_positions': [-5.791989326477051, 1.6361994743347168, 4.137889385223389, -6.134178638458252, 1.4884796142578125, .. 857 skipped .., 1.0732252597808838, -0.012071399949491024, 5.1473188400268555, 1.5426044464111328, -0.012071399949491024], 'PLYMesh.vertex_positions': [-0.10654518008232117, -0.28711727261543274, 1.1624749898910522, -0.18826353549957275, -0.33880600333213806, .. 107831 skipped .., -0.12597307562828064, 1.4806333780288696, -0.2866170406341553, -0.18464526534080505, 1.4728926420211792]}
Iteration 41
	total loss= 0.001748
Current scene parameters:
 	{'emitter-envmap.scale': [3.0], 'bsdf-diffuse.reflectance.value': [[0.18000000715255737, 0.18000000715255737, 0.18000000715255737]], 'object_bsdf.eta': [1.5499999523162842], 'object_bsdf.alpha.value': [0.0202846210449934], 'medium1.albedo.value.value': [[0.13860224187374115, 0.8042387962341309, 0.9990000128746033]], 'medium1.sigma_t.value.value': [0.36824584007263184], 'shape-plane.vertex_positions': [-5.791989326477051, 1.6361994743347168, 4.137889385223389, -6.134178638458252, 1.4884796142578125, .. 857 skipped .., 1.0732252597808838, -0.012071399949491024, 5.1473188400268555, 1.5426044464111328, -0.012071399949491024], 'PLYMesh.vertex_positions': [-0.10654518008232117, -0.28711727261543274, 1.1624749898910522, -0.18826353549957275, -0.33880600333213806, .. 107831 skipped .., -0.12597307562828064, 1.4806333780288696, -0.2866170406341553, -0.18464526534080505, 1.4728926420211792]}
Iteration 42
	total loss= 0.001735
Current scene parameters:
 	{'emitter-envmap.scale': [3.0], 'bsdf-diffuse.reflectance.value': [[0.18000000715255737, 0.18000000715255737, 0.18000000715255737]], 'object_bsdf.eta': [1.5499999523162842], 'object_bsdf.alpha.value': [0.016962552443146706], 'medium1.albedo.value.value': [[0.13830994069576263, 0.7986180186271667, 0.9990000128746033]], 'medium1.sigma_t.value.value': [0.3808234632015228], 'shape-plane.vertex_positions': [-5.791989326477051, 1.6361994743347168, 4.137889385223389, -6.134178638458252, 1.4884796142578125, .. 857 skipped .., 1.0732252597808838, -0.012071399949491024, 5.1473188400268555, 1.5426044464111328, -0.012071399949491024], 'PLYMesh.vertex_positions': [-0.10654518008232117, -0.28711727261543274, 1.1624749898910522, -0.18826353549957275, -0.33880600333213806, .. 107831 skipped .., -0.12597307562828064, 1.4806333780288696, -0.2866170406341553, -0.18464526534080505, 1.4728926420211792]}
Iteration 43
	total loss= 0.001819
Current scene parameters:
 	{'emitter-envmap.scale': [3.0], 'bsdf-diffuse.reflectance.value': [[0.18000000715255737, 0.18000000715255737, 0.18000000715255737]], 'object_bsdf.eta': [1.5499999523162842], 'object_bsdf.alpha.value': [0.01287943497300148], 'medium1.albedo.value.value': [[0.1402408927679062, 0.795753002166748, 0.9990000128746033]], 'medium1.sigma_t.value.value': [0.39210736751556396], 'shape-plane.vertex_positions': [-5.791989326477051, 1.6361994743347168, 4.137889385223389, -6.134178638458252, 1.4884796142578125, .. 857 skipped .., 1.0732252597808838, -0.012071399949491024, 5.1473188400268555, 1.5426044464111328, -0.012071399949491024], 'PLYMesh.vertex_positions': [-0.10654518008232117, -0.28711727261543274, 1.1624749898910522, -0.18826353549957275, -0.33880600333213806, .. 107831 skipped .., -0.12597307562828064, 1.4806333780288696, -0.2866170406341553, -0.18464526534080505, 1.4728926420211792]}
Iteration 44
	total loss= 0.001704
Current scene parameters:
 	{'emitter-envmap.scale': [3.0], 'bsdf-diffuse.reflectance.value': [[0.18000000715255737, 0.18000000715255737, 0.18000000715255737]], 'object_bsdf.eta': [1.5499999523162842], 'object_bsdf.alpha.value': [0.008802501484751701], 'medium1.albedo.value.value': [[0.14424195885658264, 0.7955068349838257, 0.9990000128746033]], 'medium1.sigma_t.value.value': [0.4020790457725525], 'shape-plane.vertex_positions': [-5.791989326477051, 1.6361994743347168, 4.137889385223389, -6.134178638458252, 1.4884796142578125, .. 857 skipped .., 1.0732252597808838, -0.012071399949491024, 5.1473188400268555, 1.5426044464111328, -0.012071399949491024], 'PLYMesh.vertex_positions': [-0.10654518008232117, -0.28711727261543274, 1.1624749898910522, -0.18826353549957275, -0.33880600333213806, .. 107831 skipped .., -0.12597307562828064, 1.4806333780288696, -0.2866170406341553, -0.18464526534080505, 1.4728926420211792]}
Iteration 45
	total loss= 0.001722
Current scene parameters:
 	{'emitter-envmap.scale': [3.0], 'bsdf-diffuse.reflectance.value': [[0.18000000715255737, 0.18000000715255737, 0.18000000715255737]], 'object_bsdf.eta': [1.5499999523162842], 'object_bsdf.alpha.value': [0.0038777580484747887], 'medium1.albedo.value.value': [[0.15017876029014587, 0.7977457642555237, 0.9990000128746033]], 'medium1.sigma_t.value.value': [0.41076797246932983], 'shape-plane.vertex_positions': [-5.791989326477051, 1.6361994743347168, 4.137889385223389, -6.134178638458252, 1.4884796142578125, .. 857 skipped .., 1.0732252597808838, -0.012071399949491024, 5.1473188400268555, 1.5426044464111328, -0.012071399949491024], 'PLYMesh.vertex_positions': [-0.10654518008232117, -0.28711727261543274, 1.1624749898910522, -0.18826353549957275, -0.33880600333213806, .. 107831 skipped .., -0.12597307562828064, 1.4806333780288696, -0.2866170406341553, -0.18464526534080505, 1.4728926420211792]}
Iteration 46
	total loss= 0.001636
Current scene parameters:
 	{'emitter-envmap.scale': [3.0], 'bsdf-diffuse.reflectance.value': [[0.18000000715255737, 0.18000000715255737, 0.18000000715255737]], 'object_bsdf.eta': [1.5499999523162842], 'object_bsdf.alpha.value': [0.0010000000474974513], 'medium1.albedo.value.value': [[0.15789802372455597, 0.8022910356521606, 0.9990000128746033]], 'medium1.sigma_t.value.value': [0.41826391220092773], 'shape-plane.vertex_positions': [-5.791989326477051, 1.6361994743347168, 4.137889385223389, -6.134178638458252, 1.4884796142578125, .. 857 skipped .., 1.0732252597808838, -0.012071399949491024, 5.1473188400268555, 1.5426044464111328, -0.012071399949491024], 'PLYMesh.vertex_positions': [-0.10654518008232117, -0.28711727261543274, 1.1624749898910522, -0.18826353549957275, -0.33880600333213806, .. 107831 skipped .., -0.12597307562828064, 1.4806333780288696, -0.2866170406341553, -0.18464526534080505, 1.4728926420211792]}
Iteration 47
	total loss= 0.001616
Current scene parameters:
 	{'emitter-envmap.scale': [3.0], 'bsdf-diffuse.reflectance.value': [[0.18000000715255737, 0.18000000715255737, 0.18000000715255737]], 'object_bsdf.eta': [1.5499999523162842], 'object_bsdf.alpha.value': [0.0010000000474974513], 'medium1.albedo.value.value': [[0.16724354028701782, 0.8088228702545166, 0.9990000128746033]], 'medium1.sigma_t.value.value': [0.4247531592845917], 'shape-plane.vertex_positions': [-5.791989326477051, 1.6361994743347168, 4.137889385223389, -6.134178638458252, 1.4884796142578125, .. 857 skipped .., 1.0732252597808838, -0.012071399949491024, 5.1473188400268555, 1.5426044464111328, -0.012071399949491024], 'PLYMesh.vertex_positions': [-0.10654518008232117, -0.28711727261543274, 1.1624749898910522, -0.18826353549957275, -0.33880600333213806, .. 107831 skipped .., -0.12597307562828064, 1.4806333780288696, -0.2866170406341553, -0.18464526534080505, 1.4728926420211792]}
Iteration 48
	total loss= 0.001553
Current scene parameters:
 	{'emitter-envmap.scale': [3.0], 'bsdf-diffuse.reflectance.value': [[0.18000000715255737, 0.18000000715255737, 0.18000000715255737]], 'object_bsdf.eta': [1.5461204051971436], 'object_bsdf.alpha.value': [0.0010000000474974513], 'medium1.albedo.value.value': [[0.17802591621875763, 0.8168001770973206, 0.9990000128746033]], 'medium1.sigma_t.value.value': [0.43027347326278687], 'shape-plane.vertex_positions': [-5.791989326477051, 1.6361994743347168, 4.137889385223389, -6.134178638458252, 1.4884796142578125, .. 857 skipped .., 1.0732252597808838, -0.012071399949491024, 5.1473188400268555, 1.5426044464111328, -0.012071399949491024], 'PLYMesh.vertex_positions': [-0.10654518008232117, -0.28711727261543274, 1.1624749898910522, -0.18826353549957275, -0.33880600333213806, .. 107831 skipped .., -0.12597307562828064, 1.4806333780288696, -0.2866170406341553, -0.18464526534080505, 1.4728926420211792]}
Iteration 49
	total loss= 0.001432
Current scene parameters:
 	{'emitter-envmap.scale': [3.0], 'bsdf-diffuse.reflectance.value': [[0.18000000715255737, 0.18000000715255737, 0.18000000715255737]], 'object_bsdf.eta': [1.5384793281555176], 'object_bsdf.alpha.value': [0.0010000000474974513], 'medium1.albedo.value.value': [[0.19013723731040955, 0.8257548809051514, 0.9990000128746033]], 'medium1.sigma_t.value.value': [0.4349367916584015], 'shape-plane.vertex_positions': [-5.791989326477051, 1.6361994743347168, 4.137889385223389, -6.134178638458252, 1.4884796142578125, .. 857 skipped .., 1.0732252597808838, -0.012071399949491024, 5.1473188400268555, 1.5426044464111328, -0.012071399949491024], 'PLYMesh.vertex_positions': [-0.10654518008232117, -0.28711727261543274, 1.1624749898910522, -0.18826353549957275, -0.33880600333213806, .. 107831 skipped .., -0.12597307562828064, 1.4806333780288696, -0.2866170406341553, -0.18464526534080505, 1.4728926420211792]}
Iteration 50
	total loss= 0.001335
Current scene parameters:
 	{'emitter-envmap.scale': [3.0], 'bsdf-diffuse.reflectance.value': [[0.18000000715255737, 0.18000000715255737, 0.18000000715255737]], 'object_bsdf.eta': [1.5372518301010132], 'object_bsdf.alpha.value': [0.0010000000474974513], 'medium1.albedo.value.value': [[0.20346380770206451, 0.8350785970687866, 0.9990000128746033]], 'medium1.sigma_t.value.value': [0.43880388140678406], 'shape-plane.vertex_positions': [-5.791989326477051, 1.6361994743347168, 4.137889385223389, -6.134178638458252, 1.4884796142578125, .. 857 skipped .., 1.0732252597808838, -0.012071399949491024, 5.1473188400268555, 1.5426044464111328, -0.012071399949491024], 'PLYMesh.vertex_positions': [-0.10654518008232117, -0.28711727261543274, 1.1624749898910522, -0.18826353549957275, -0.33880600333213806, .. 107831 skipped .., -0.12597307562828064, 1.4806333780288696, -0.2866170406341553, -0.18464526534080505, 1.4728926420211792]}
Iteration 51
	total loss= 0.001209
Current scene parameters:
 	{'emitter-envmap.scale': [3.0], 'bsdf-diffuse.reflectance.value': [[0.18000000715255737, 0.18000000715255737, 0.18000000715255737]], 'object_bsdf.eta': [1.5317678451538086], 'object_bsdf.alpha.value': [0.0010000000474974513], 'medium1.albedo.value.value': [[0.21787506341934204, 0.8441434502601624, 0.9990000128746033]], 'medium1.sigma_t.value.value': [0.4420650899410248], 'shape-plane.vertex_positions': [-5.791989326477051, 1.6361994743347168, 4.137889385223389, -6.134178638458252, 1.4884796142578125, .. 857 skipped .., 1.0732252597808838, -0.012071399949491024, 5.1473188400268555, 1.5426044464111328, -0.012071399949491024], 'PLYMesh.vertex_positions': [-0.10654518008232117, -0.28711727261543274, 1.1624749898910522, -0.18826353549957275, -0.33880600333213806, .. 107831 skipped .., -0.12597307562828064, 1.4806333780288696, -0.2866170406341553, -0.18464526534080505, 1.4728926420211792]}
Iteration 52
	total loss= 0.001163
Current scene parameters:
 	{'emitter-envmap.scale': [3.0], 'bsdf-diffuse.reflectance.value': [[0.18000000715255737, 0.18000000715255737, 0.18000000715255737]], 'object_bsdf.eta': [1.5319085121154785], 'object_bsdf.alpha.value': [0.0010000000474974513], 'medium1.albedo.value.value': [[0.2332458198070526, 0.8522571325302124, 0.9990000128746033]], 'medium1.sigma_t.value.value': [0.44482409954071045], 'shape-plane.vertex_positions': [-5.791989326477051, 1.6361994743347168, 4.137889385223389, -6.134178638458252, 1.4884796142578125, .. 857 skipped .., 1.0732252597808838, -0.012071399949491024, 5.1473188400268555, 1.5426044464111328, -0.012071399949491024], 'PLYMesh.vertex_positions': [-0.10654518008232117, -0.28711727261543274, 1.1624749898910522, -0.18826353549957275, -0.33880600333213806, .. 107831 skipped .., -0.12597307562828064, 1.4806333780288696, -0.2866170406341553, -0.18464526534080505, 1.4728926420211792]}
Iteration 53
	total loss= 0.001148
Current scene parameters:
 	{'emitter-envmap.scale': [3.0], 'bsdf-diffuse.reflectance.value': [[0.18000000715255737, 0.18000000715255737, 0.18000000715255737]], 'object_bsdf.eta': [1.5246456861495972], 'object_bsdf.alpha.value': [0.0010000000474974513], 'medium1.albedo.value.value': [[0.2494010329246521, 0.8589932918548584, 0.9990000128746033]], 'medium1.sigma_t.value.value': [0.4473802447319031], 'shape-plane.vertex_positions': [-5.791989326477051, 1.6361994743347168, 4.137889385223389, -6.134178638458252, 1.4884796142578125, .. 857 skipped .., 1.0732252597808838, -0.012071399949491024, 5.1473188400268555, 1.5426044464111328, -0.012071399949491024], 'PLYMesh.vertex_positions': [-0.10654518008232117, -0.28711727261543274, 1.1624749898910522, -0.18826353549957275, -0.33880600333213806, .. 107831 skipped .., -0.12597307562828064, 1.4806333780288696, -0.2866170406341553, -0.18464526534080505, 1.4728926420211792]}
Iteration 54
	total loss= 0.001166
Current scene parameters:
 	{'emitter-envmap.scale': [3.0], 'bsdf-diffuse.reflectance.value': [[0.18000000715255737, 0.18000000715255737, 0.18000000715255737]], 'object_bsdf.eta': [1.517913579940796], 'object_bsdf.alpha.value': [0.002091949339956045], 'medium1.albedo.value.value': [[0.26619505882263184, 0.86362624168396, 0.9990000128746033]], 'medium1.sigma_t.value.value': [0.44955816864967346], 'shape-plane.vertex_positions': [-5.791989326477051, 1.6361994743347168, 4.137889385223389, -6.134178638458252, 1.4884796142578125, .. 857 skipped .., 1.0732252597808838, -0.012071399949491024, 5.1473188400268555, 1.5426044464111328, -0.012071399949491024], 'PLYMesh.vertex_positions': [-0.10654518008232117, -0.28711727261543274, 1.1624749898910522, -0.18826353549957275, -0.33880600333213806, .. 107831 skipped .., -0.12597307562828064, 1.4806333780288696, -0.2866170406341553, -0.18464526534080505, 1.4728926420211792]}
Iteration 55
	total loss= 0.001187
Current scene parameters:
 	{'emitter-envmap.scale': [3.0], 'bsdf-diffuse.reflectance.value': [[0.18000000715255737, 0.18000000715255737, 0.18000000715255737]], 'object_bsdf.eta': [1.50932776927948], 'object_bsdf.alpha.value': [0.008988995105028152], 'medium1.albedo.value.value': [[0.28356266021728516, 0.8657784461975098, 0.9990000128746033]], 'medium1.sigma_t.value.value': [0.4515288174152374], 'shape-plane.vertex_positions': [-5.791989326477051, 1.6361994743347168, 4.137889385223389, -6.134178638458252, 1.4884796142578125, .. 857 skipped .., 1.0732252597808838, -0.012071399949491024, 5.1473188400268555, 1.5426044464111328, -0.012071399949491024], 'PLYMesh.vertex_positions': [-0.10654518008232117, -0.28711727261543274, 1.1624749898910522, -0.18826353549957275, -0.33880600333213806, .. 107831 skipped .., -0.12597307562828064, 1.4806333780288696, -0.2866170406341553, -0.18464526534080505, 1.4728926420211792]}
Iteration 56
	total loss= 0.000957
Current scene parameters:
 	{'emitter-envmap.scale': [3.0], 'bsdf-diffuse.reflectance.value': [[0.18000000715255737, 0.18000000715255737, 0.18000000715255737]], 'object_bsdf.eta': [1.501306176185608], 'object_bsdf.alpha.value': [0.015199258923530579], 'medium1.albedo.value.value': [[0.30131885409355164, 0.8654962778091431, 0.9990000128746033]], 'medium1.sigma_t.value.value': [0.45327284932136536], 'shape-plane.vertex_positions': [-5.791989326477051, 1.6361994743347168, 4.137889385223389, -6.134178638458252, 1.4884796142578125, .. 857 skipped .., 1.0732252597808838, -0.012071399949491024, 5.1473188400268555, 1.5426044464111328, -0.012071399949491024], 'PLYMesh.vertex_positions': [-0.10654518008232117, -0.28711727261543274, 1.1624749898910522, -0.18826353549957275, -0.33880600333213806, .. 107831 skipped .., -0.12597307562828064, 1.4806333780288696, -0.2866170406341553, -0.18464526534080505, 1.4728926420211792]}
Iteration 57
	total loss= 0.000979
Current scene parameters:
 	{'emitter-envmap.scale': [3.0], 'bsdf-diffuse.reflectance.value': [[0.18000000715255737, 0.18000000715255737, 0.18000000715255737]], 'object_bsdf.eta': [1.4943230152130127], 'object_bsdf.alpha.value': [0.0202700924128294], 'medium1.albedo.value.value': [[0.31940218806266785, 0.8633469939231873, 0.9990000128746033]], 'medium1.sigma_t.value.value': [0.45495665073394775], 'shape-plane.vertex_positions': [-5.791989326477051, 1.6361994743347168, 4.137889385223389, -6.134178638458252, 1.4884796142578125, .. 857 skipped .., 1.0732252597808838, -0.012071399949491024, 5.1473188400268555, 1.5426044464111328, -0.012071399949491024], 'PLYMesh.vertex_positions': [-0.10654518008232117, -0.28711727261543274, 1.1624749898910522, -0.18826353549957275, -0.33880600333213806, .. 107831 skipped .., -0.12597307562828064, 1.4806333780288696, -0.2866170406341553, -0.18464526534080505, 1.4728926420211792]}
Iteration 58
	total loss= 0.000880
Current scene parameters:
 	{'emitter-envmap.scale': [3.0], 'bsdf-diffuse.reflectance.value': [[0.18000000715255737, 0.18000000715255737, 0.18000000715255737]], 'object_bsdf.eta': [1.4884403944015503], 'object_bsdf.alpha.value': [0.02477218210697174], 'medium1.albedo.value.value': [[0.33767402172088623, 0.8596978783607483, 0.9990000128746033]], 'medium1.sigma_t.value.value': [0.456529438495636], 'shape-plane.vertex_positions': [-5.791989326477051, 1.6361994743347168, 4.137889385223389, -6.134178638458252, 1.4884796142578125, .. 857 skipped .., 1.0732252597808838, -0.012071399949491024, 5.1473188400268555, 1.5426044464111328, -0.012071399949491024], 'PLYMesh.vertex_positions': [-0.10654518008232117, -0.28711727261543274, 1.1624749898910522, -0.18826353549957275, -0.33880600333213806, .. 107831 skipped .., -0.12597307562828064, 1.4806333780288696, -0.2866170406341553, -0.18464526534080505, 1.4728926420211792]}
Iteration 59
	total loss= 0.000977
Current scene parameters:
 	{'emitter-envmap.scale': [3.0], 'bsdf-diffuse.reflectance.value': [[0.18000000715255737, 0.18000000715255737, 0.18000000715255737]], 'object_bsdf.eta': [1.4832425117492676], 'object_bsdf.alpha.value': [0.02876526489853859], 'medium1.albedo.value.value': [[0.35594332218170166, 0.8551223278045654, 0.9990000128746033]], 'medium1.sigma_t.value.value': [0.45788678526878357], 'shape-plane.vertex_positions': [-5.791989326477051, 1.6361994743347168, 4.137889385223389, -6.134178638458252, 1.4884796142578125, .. 857 skipped .., 1.0732252597808838, -0.012071399949491024, 5.1473188400268555, 1.5426044464111328, -0.012071399949491024], 'PLYMesh.vertex_positions': [-0.10654518008232117, -0.28711727261543274, 1.1624749898910522, -0.18826353549957275, -0.33880600333213806, .. 107831 skipped .., -0.12597307562828064, 1.4806333780288696, -0.2866170406341553, -0.18464526534080505, 1.4728926420211792]}
Iteration 60
	total loss= 0.000992
Current scene parameters:
 	{'emitter-envmap.scale': [3.0], 'bsdf-diffuse.reflectance.value': [[0.18000000715255737, 0.18000000715255737, 0.18000000715255737]], 'object_bsdf.eta': [1.4779903888702393], 'object_bsdf.alpha.value': [0.03178677707910538], 'medium1.albedo.value.value': [[0.3740323483943939, 0.8499919772148132, 0.9990000128746033]], 'medium1.sigma_t.value.value': [0.4591257572174072], 'shape-plane.vertex_positions': [-5.791989326477051, 1.6361994743347168, 4.137889385223389, -6.134178638458252, 1.4884796142578125, .. 857 skipped .., 1.0732252597808838, -0.012071399949491024, 5.1473188400268555, 1.5426044464111328, -0.012071399949491024], 'PLYMesh.vertex_positions': [-0.10654518008232117, -0.28711727261543274, 1.1624749898910522, -0.18826353549957275, -0.33880600333213806, .. 107831 skipped .., -0.12597307562828064, 1.4806333780288696, -0.2866170406341553, -0.18464526534080505, 1.4728926420211792]}
Iteration 61
	total loss= 0.000981
Current scene parameters:
 	{'emitter-envmap.scale': [3.0], 'bsdf-diffuse.reflectance.value': [[0.18000000715255737, 0.18000000715255737, 0.18000000715255737]], 'object_bsdf.eta': [1.4735534191131592], 'object_bsdf.alpha.value': [0.03384996950626373], 'medium1.albedo.value.value': [[0.3917805850505829, 0.8448240160942078, 0.9990000128746033]], 'medium1.sigma_t.value.value': [0.4601571261882782], 'shape-plane.vertex_positions': [-5.791989326477051, 1.6361994743347168, 4.137889385223389, -6.134178638458252, 1.4884796142578125, .. 857 skipped .., 1.0732252597808838, -0.012071399949491024, 5.1473188400268555, 1.5426044464111328, -0.012071399949491024], 'PLYMesh.vertex_positions': [-0.10654518008232117, -0.28711727261543274, 1.1624749898910522, -0.18826353549957275, -0.33880600333213806, .. 107831 skipped .., -0.12597307562828064, 1.4806333780288696, -0.2866170406341553, -0.18464526534080505, 1.4728926420211792]}
Iteration 62
	total loss= 0.001172
Current scene parameters:
 	{'emitter-envmap.scale': [3.0], 'bsdf-diffuse.reflectance.value': [[0.18000000715255737, 0.18000000715255737, 0.18000000715255737]], 'object_bsdf.eta': [1.4694496393203735], 'object_bsdf.alpha.value': [0.03508251532912254], 'medium1.albedo.value.value': [[0.4090145230293274, 0.8403053879737854, 0.9990000128746033]], 'medium1.sigma_t.value.value': [0.46127137541770935], 'shape-plane.vertex_positions': [-5.791989326477051, 1.6361994743347168, 4.137889385223389, -6.134178638458252, 1.4884796142578125, .. 857 skipped .., 1.0732252597808838, -0.012071399949491024, 5.1473188400268555, 1.5426044464111328, -0.012071399949491024], 'PLYMesh.vertex_positions': [-0.10654518008232117, -0.28711727261543274, 1.1624749898910522, -0.18826353549957275, -0.33880600333213806, .. 107831 skipped .., -0.12597307562828064, 1.4806333780288696, -0.2866170406341553, -0.18464526534080505, 1.4728926420211792]}
Iteration 63
	total loss= 0.000988
Current scene parameters:
 	{'emitter-envmap.scale': [3.0], 'bsdf-diffuse.reflectance.value': [[0.18000000715255737, 0.18000000715255737, 0.18000000715255737]], 'object_bsdf.eta': [1.4655227661132812], 'object_bsdf.alpha.value': [0.03527453541755676], 'medium1.albedo.value.value': [[0.42556992173194885, 0.836643397808075, 0.9990000128746033]], 'medium1.sigma_t.value.value': [0.4622113108634949], 'shape-plane.vertex_positions': [-5.791989326477051, 1.6361994743347168, 4.137889385223389, -6.134178638458252, 1.4884796142578125, .. 857 skipped .., 1.0732252597808838, -0.012071399949491024, 5.1473188400268555, 1.5426044464111328, -0.012071399949491024], 'PLYMesh.vertex_positions': [-0.10654518008232117, -0.28711727261543274, 1.1624749898910522, -0.18826353549957275, -0.33880600333213806, .. 107831 skipped .., -0.12597307562828064, 1.4806333780288696, -0.2866170406341553, -0.18464526534080505, 1.4728926420211792]}
Iteration 64
	total loss= 0.000828
Current scene parameters:
 	{'emitter-envmap.scale': [3.0], 'bsdf-diffuse.reflectance.value': [[0.18000000715255737, 0.18000000715255737, 0.18000000715255737]], 'object_bsdf.eta': [1.4617767333984375], 'object_bsdf.alpha.value': [0.03485485911369324], 'medium1.albedo.value.value': [[0.4411848783493042, 0.8340777158737183, 0.9990000128746033]], 'medium1.sigma_t.value.value': [0.4630790650844574], 'shape-plane.vertex_positions': [-5.791989326477051, 1.6361994743347168, 4.137889385223389, -6.134178638458252, 1.4884796142578125, .. 857 skipped .., 1.0732252597808838, -0.012071399949491024, 5.1473188400268555, 1.5426044464111328, -0.012071399949491024], 'PLYMesh.vertex_positions': [-0.10654518008232117, -0.28711727261543274, 1.1624749898910522, -0.18826353549957275, -0.33880600333213806, .. 107831 skipped .., -0.12597307562828064, 1.4806333780288696, -0.2866170406341553, -0.18464526534080505, 1.4728926420211792]}
Iteration 65
	total loss= 0.000716
Current scene parameters:
 	{'emitter-envmap.scale': [3.0], 'bsdf-diffuse.reflectance.value': [[0.18000000715255737, 0.18000000715255737, 0.18000000715255737]], 'object_bsdf.eta': [1.458375334739685], 'object_bsdf.alpha.value': [0.03370903059840202], 'medium1.albedo.value.value': [[0.45568230748176575, 0.8325983285903931, 0.9990000128746033]], 'medium1.sigma_t.value.value': [0.4639006555080414], 'shape-plane.vertex_positions': [-5.791989326477051, 1.6361994743347168, 4.137889385223389, -6.134178638458252, 1.4884796142578125, .. 857 skipped .., 1.0732252597808838, -0.012071399949491024, 5.1473188400268555, 1.5426044464111328, -0.012071399949491024], 'PLYMesh.vertex_positions': [-0.10654518008232117, -0.28711727261543274, 1.1624749898910522, -0.18826353549957275, -0.33880600333213806, .. 107831 skipped .., -0.12597307562828064, 1.4806333780288696, -0.2866170406341553, -0.18464526534080505, 1.4728926420211792]}
Iteration 66
	total loss= 0.001005
Current scene parameters:
 	{'emitter-envmap.scale': [3.0], 'bsdf-diffuse.reflectance.value': [[0.18000000715255737, 0.18000000715255737, 0.18000000715255737]], 'object_bsdf.eta': [1.4552501440048218], 'object_bsdf.alpha.value': [0.03212630748748779], 'medium1.albedo.value.value': [[0.4688243567943573, 0.8321908116340637, 0.9990000128746033]], 'medium1.sigma_t.value.value': [0.4647616744041443], 'shape-plane.vertex_positions': [-5.791989326477051, 1.6361994743347168, 4.137889385223389, -6.134178638458252, 1.4884796142578125, .. 857 skipped .., 1.0732252597808838, -0.012071399949491024, 5.1473188400268555, 1.5426044464111328, -0.012071399949491024], 'PLYMesh.vertex_positions': [-0.10654518008232117, -0.28711727261543274, 1.1624749898910522, -0.18826353549957275, -0.33880600333213806, .. 107831 skipped .., -0.12597307562828064, 1.4806333780288696, -0.2866170406341553, -0.18464526534080505, 1.4728926420211792]}
Iteration 67
	total loss= 0.000843
Current scene parameters:
 	{'emitter-envmap.scale': [3.0], 'bsdf-diffuse.reflectance.value': [[0.18000000715255737, 0.18000000715255737, 0.18000000715255737]], 'object_bsdf.eta': [1.4527478218078613], 'object_bsdf.alpha.value': [0.03048228658735752], 'medium1.albedo.value.value': [[0.48039931058883667, 0.8326843976974487, 0.9990000128746033]], 'medium1.sigma_t.value.value': [0.4656137526035309], 'shape-plane.vertex_positions': [-5.791989326477051, 1.6361994743347168, 4.137889385223389, -6.134178638458252, 1.4884796142578125, .. 857 skipped .., 1.0732252597808838, -0.012071399949491024, 5.1473188400268555, 1.5426044464111328, -0.012071399949491024], 'PLYMesh.vertex_positions': [-0.10654518008232117, -0.28711727261543274, 1.1624749898910522, -0.18826353549957275, -0.33880600333213806, .. 107831 skipped .., -0.12597307562828064, 1.4806333780288696, -0.2866170406341553, -0.18464526534080505, 1.4728926420211792]}
Iteration 68
	total loss= 0.000706
Current scene parameters:
 	{'emitter-envmap.scale': [3.0], 'bsdf-diffuse.reflectance.value': [[0.18000000715255737, 0.18000000715255737, 0.18000000715255737]], 'object_bsdf.eta': [1.4504923820495605], 'object_bsdf.alpha.value': [0.028640957549214363], 'medium1.albedo.value.value': [[0.49012503027915955, 0.8337404727935791, 0.9990000128746033]], 'medium1.sigma_t.value.value': [0.4666272699832916], 'shape-plane.vertex_positions': [-5.791989326477051, 1.6361994743347168, 4.137889385223389, -6.134178638458252, 1.4884796142578125, .. 857 skipped .., 1.0732252597808838, -0.012071399949491024, 5.1473188400268555, 1.5426044464111328, -0.012071399949491024], 'PLYMesh.vertex_positions': [-0.10654518008232117, -0.28711727261543274, 1.1624749898910522, -0.18826353549957275, -0.33880600333213806, .. 107831 skipped .., -0.12597307562828064, 1.4806333780288696, -0.2866170406341553, -0.18464526534080505, 1.4728926420211792]}
Iteration 69
	total loss= 0.000844
Current scene parameters:
 	{'emitter-envmap.scale': [3.0], 'bsdf-diffuse.reflectance.value': [[0.18000000715255737, 0.18000000715255737, 0.18000000715255737]], 'object_bsdf.eta': [1.4484909772872925], 'object_bsdf.alpha.value': [0.026557061821222305], 'medium1.albedo.value.value': [[0.49774935841560364, 0.8351096510887146, 0.9990000128746033]], 'medium1.sigma_t.value.value': [0.46786510944366455], 'shape-plane.vertex_positions': [-5.791989326477051, 1.6361994743347168, 4.137889385223389, -6.134178638458252, 1.4884796142578125, .. 857 skipped .., 1.0732252597808838, -0.012071399949491024, 5.1473188400268555, 1.5426044464111328, -0.012071399949491024], 'PLYMesh.vertex_positions': [-0.10654518008232117, -0.28711727261543274, 1.1624749898910522, -0.18826353549957275, -0.33880600333213806, .. 107831 skipped .., -0.12597307562828064, 1.4806333780288696, -0.2866170406341553, -0.18464526534080505, 1.4728926420211792]}
Iteration 70
	total loss= 0.000879
Current scene parameters:
 	{'emitter-envmap.scale': [3.0], 'bsdf-diffuse.reflectance.value': [[0.18000000715255737, 0.18000000715255737, 0.18000000715255737]], 'object_bsdf.eta': [1.4463156461715698], 'object_bsdf.alpha.value': [0.024216925725340843], 'medium1.albedo.value.value': [[0.503315269947052, 0.8366234302520752, 0.9990000128746033]], 'medium1.sigma_t.value.value': [0.46925389766693115], 'shape-plane.vertex_positions': [-5.791989326477051, 1.6361994743347168, 4.137889385223389, -6.134178638458252, 1.4884796142578125, .. 857 skipped .., 1.0732252597808838, -0.012071399949491024, 5.1473188400268555, 1.5426044464111328, -0.012071399949491024], 'PLYMesh.vertex_positions': [-0.10654518008232117, -0.28711727261543274, 1.1624749898910522, -0.18826353549957275, -0.33880600333213806, .. 107831 skipped .., -0.12597307562828064, 1.4806333780288696, -0.2866170406341553, -0.18464526534080505, 1.4728926420211792]}
Iteration 71
	total loss= 0.000854
Current scene parameters:
 	{'emitter-envmap.scale': [3.0], 'bsdf-diffuse.reflectance.value': [[0.18000000715255737, 0.18000000715255737, 0.18000000715255737]], 'object_bsdf.eta': [1.444188117980957], 'object_bsdf.alpha.value': [0.021745748817920685], 'medium1.albedo.value.value': [[0.5068471431732178, 0.838322639465332, 0.9990000128746033]], 'medium1.sigma_t.value.value': [0.4708080589771271], 'shape-plane.vertex_positions': [-5.791989326477051, 1.6361994743347168, 4.137889385223389, -6.134178638458252, 1.4884796142578125, .. 857 skipped .., 1.0732252597808838, -0.012071399949491024, 5.1473188400268555, 1.5426044464111328, -0.012071399949491024], 'PLYMesh.vertex_positions': [-0.10654518008232117, -0.28711727261543274, 1.1624749898910522, -0.18826353549957275, -0.33880600333213806, .. 107831 skipped .., -0.12597307562828064, 1.4806333780288696, -0.2866170406341553, -0.18464526534080505, 1.4728926420211792]}
Iteration 72
	total loss= 0.000776
Current scene parameters:
 	{'emitter-envmap.scale': [3.0], 'bsdf-diffuse.reflectance.value': [[0.18000000715255737, 0.18000000715255737, 0.18000000715255737]], 'object_bsdf.eta': [1.4422167539596558], 'object_bsdf.alpha.value': [0.019445054233074188], 'medium1.albedo.value.value': [[0.5082239508628845, 0.8397267460823059, 0.9990000128746033]], 'medium1.sigma_t.value.value': [0.47251108288764954], 'shape-plane.vertex_positions': [-5.791989326477051, 1.6361994743347168, 4.137889385223389, -6.134178638458252, 1.4884796142578125, .. 857 skipped .., 1.0732252597808838, -0.012071399949491024, 5.1473188400268555, 1.5426044464111328, -0.012071399949491024], 'PLYMesh.vertex_positions': [-0.10654518008232117, -0.28711727261543274, 1.1624749898910522, -0.18826353549957275, -0.33880600333213806, .. 107831 skipped .., -0.12597307562828064, 1.4806333780288696, -0.2866170406341553, -0.18464526534080505, 1.4728926420211792]}
Iteration 73
	total loss= 0.000613
Current scene parameters:
 	{'emitter-envmap.scale': [3.0], 'bsdf-diffuse.reflectance.value': [[0.18000000715255737, 0.18000000715255737, 0.18000000715255737]], 'object_bsdf.eta': [1.4413645267486572], 'object_bsdf.alpha.value': [0.017581824213266373], 'medium1.albedo.value.value': [[0.5076310634613037, 0.8405169248580933, 0.9990000128746033]], 'medium1.sigma_t.value.value': [0.47438952326774597], 'shape-plane.vertex_positions': [-5.791989326477051, 1.6361994743347168, 4.137889385223389, -6.134178638458252, 1.4884796142578125, .. 857 skipped .., 1.0732252597808838, -0.012071399949491024, 5.1473188400268555, 1.5426044464111328, -0.012071399949491024], 'PLYMesh.vertex_positions': [-0.10654518008232117, -0.28711727261543274, 1.1624749898910522, -0.18826353549957275, -0.33880600333213806, .. 107831 skipped .., -0.12597307562828064, 1.4806333780288696, -0.2866170406341553, -0.18464526534080505, 1.4728926420211792]}
Iteration 74
	total loss= 0.000747
Current scene parameters:
 	{'emitter-envmap.scale': [3.0], 'bsdf-diffuse.reflectance.value': [[0.18000000715255737, 0.18000000715255737, 0.18000000715255737]], 'object_bsdf.eta': [1.4403600692749023], 'object_bsdf.alpha.value': [0.015365775674581528], 'medium1.albedo.value.value': [[0.5054171681404114, 0.840859055519104, 0.9990000128746033]], 'medium1.sigma_t.value.value': [0.4764525890350342], 'shape-plane.vertex_positions': [-5.791989326477051, 1.6361994743347168, 4.137889385223389, -6.134178638458252, 1.4884796142578125, .. 857 skipped .., 1.0732252597808838, -0.012071399949491024, 5.1473188400268555, 1.5426044464111328, -0.012071399949491024], 'PLYMesh.vertex_positions': [-0.10654518008232117, -0.28711727261543274, 1.1624749898910522, -0.18826353549957275, -0.33880600333213806, .. 107831 skipped .., -0.12597307562828064, 1.4806333780288696, -0.2866170406341553, -0.18464526534080505, 1.4728926420211792]}
Iteration 75
	total loss= 0.000823
Current scene parameters:
 	{'emitter-envmap.scale': [3.0], 'bsdf-diffuse.reflectance.value': [[0.18000000715255737, 0.18000000715255737, 0.18000000715255737]], 'object_bsdf.eta': [1.4395257234573364], 'object_bsdf.alpha.value': [0.012925448827445507], 'medium1.albedo.value.value': [[0.5018629431724548, 0.8408570885658264, 0.9990000128746033]], 'medium1.sigma_t.value.value': [0.47874942421913147], 'shape-plane.vertex_positions': [-5.791989326477051, 1.6361994743347168, 4.137889385223389, -6.134178638458252, 1.4884796142578125, .. 857 skipped .., 1.0732252597808838, -0.012071399949491024, 5.1473188400268555, 1.5426044464111328, -0.012071399949491024], 'PLYMesh.vertex_positions': [-0.10654518008232117, -0.28711727261543274, 1.1624749898910522, -0.18826353549957275, -0.33880600333213806, .. 107831 skipped .., -0.12597307562828064, 1.4806333780288696, -0.2866170406341553, -0.18464526534080505, 1.4728926420211792]}
Iteration 76
	total loss= 0.000672
Current scene parameters:
 	{'emitter-envmap.scale': [3.0], 'bsdf-diffuse.reflectance.value': [[0.18000000715255737, 0.18000000715255737, 0.18000000715255737]], 'object_bsdf.eta': [1.4384084939956665], 'object_bsdf.alpha.value': [0.009791716001927853], 'medium1.albedo.value.value': [[0.49708908796310425, 0.8402318358421326, 0.9990000128746033]], 'medium1.sigma_t.value.value': [0.4812087118625641], 'shape-plane.vertex_positions': [-5.791989326477051, 1.6361994743347168, 4.137889385223389, -6.134178638458252, 1.4884796142578125, .. 857 skipped .., 1.0732252597808838, -0.012071399949491024, 5.1473188400268555, 1.5426044464111328, -0.012071399949491024], 'PLYMesh.vertex_positions': [-0.10654518008232117, -0.28711727261543274, 1.1624749898910522, -0.18826353549957275, -0.33880600333213806, .. 107831 skipped .., -0.12597307562828064, 1.4806333780288696, -0.2866170406341553, -0.18464526534080505, 1.4728926420211792]}
Iteration 77
	total loss= 0.000771
Current scene parameters:
 	{'emitter-envmap.scale': [3.0], 'bsdf-diffuse.reflectance.value': [[0.18000000715255737, 0.18000000715255737, 0.18000000715255737]], 'object_bsdf.eta': [1.437659502029419], 'object_bsdf.alpha.value': [0.005273742601275444], 'medium1.albedo.value.value': [[0.4914591312408447, 0.8391538858413696, 0.9990000128746033]], 'medium1.sigma_t.value.value': [0.4835765063762665], 'shape-plane.vertex_positions': [-5.791989326477051, 1.6361994743347168, 4.137889385223389, -6.134178638458252, 1.4884796142578125, .. 857 skipped .., 1.0732252597808838, -0.012071399949491024, 5.1473188400268555, 1.5426044464111328, -0.012071399949491024], 'PLYMesh.vertex_positions': [-0.10654518008232117, -0.28711727261543274, 1.1624749898910522, -0.18826353549957275, -0.33880600333213806, .. 107831 skipped .., -0.12597307562828064, 1.4806333780288696, -0.2866170406341553, -0.18464526534080505, 1.4728926420211792]}
Iteration 78
	total loss= 0.000720
Current scene parameters:
 	{'emitter-envmap.scale': [3.0], 'bsdf-diffuse.reflectance.value': [[0.18000000715255737, 0.18000000715255737, 0.18000000715255737]], 'object_bsdf.eta': [1.435973882675171], 'object_bsdf.alpha.value': [0.0010000000474974513], 'medium1.albedo.value.value': [[0.48524877429008484, 0.8377262353897095, 0.9990000128746033]], 'medium1.sigma_t.value.value': [0.4858996272087097], 'shape-plane.vertex_positions': [-5.791989326477051, 1.6361994743347168, 4.137889385223389, -6.134178638458252, 1.4884796142578125, .. 857 skipped .., 1.0732252597808838, -0.012071399949491024, 5.1473188400268555, 1.5426044464111328, -0.012071399949491024], 'PLYMesh.vertex_positions': [-0.10654518008232117, -0.28711727261543274, 1.1624749898910522, -0.18826353549957275, -0.33880600333213806, .. 107831 skipped .., -0.12597307562828064, 1.4806333780288696, -0.2866170406341553, -0.18464526534080505, 1.4728926420211792]}
Iteration 79
	total loss= 0.000768
Current scene parameters:
 	{'emitter-envmap.scale': [3.0], 'bsdf-diffuse.reflectance.value': [[0.18000000715255737, 0.18000000715255737, 0.18000000715255737]], 'object_bsdf.eta': [1.4374784231185913], 'object_bsdf.alpha.value': [0.0010000000474974513], 'medium1.albedo.value.value': [[0.47860899567604065, 0.8358187079429626, 0.9990000128746033]], 'medium1.sigma_t.value.value': [0.4882369339466095], 'shape-plane.vertex_positions': [-5.791989326477051, 1.6361994743347168, 4.137889385223389, -6.134178638458252, 1.4884796142578125, .. 857 skipped .., 1.0732252597808838, -0.012071399949491024, 5.1473188400268555, 1.5426044464111328, -0.012071399949491024], 'PLYMesh.vertex_positions': [-0.10654518008232117, -0.28711727261543274, 1.1624749898910522, -0.18826353549957275, -0.33880600333213806, .. 107831 skipped .., -0.12597307562828064, 1.4806333780288696, -0.2866170406341553, -0.18464526534080505, 1.4728926420211792]}
Iteration 80
	total loss= 0.000457
Current scene parameters:
 	{'emitter-envmap.scale': [3.0], 'bsdf-diffuse.reflectance.value': [[0.18000000715255737, 0.18000000715255737, 0.18000000715255737]], 'object_bsdf.eta': [1.4486547708511353], 'object_bsdf.alpha.value': [0.0010000000474974513], 'medium1.albedo.value.value': [[0.47186094522476196, 0.8336103558540344, 0.9990000128746033]], 'medium1.sigma_t.value.value': [0.49057137966156006], 'shape-plane.vertex_positions': [-5.791989326477051, 1.6361994743347168, 4.137889385223389, -6.134178638458252, 1.4884796142578125, .. 857 skipped .., 1.0732252597808838, -0.012071399949491024, 5.1473188400268555, 1.5426044464111328, -0.012071399949491024], 'PLYMesh.vertex_positions': [-0.10654518008232117, -0.28711727261543274, 1.1624749898910522, -0.18826353549957275, -0.33880600333213806, .. 107831 skipped .., -0.12597307562828064, 1.4806333780288696, -0.2866170406341553, -0.18464526534080505, 1.4728926420211792]}
Iteration 81
	total loss= 0.000711
Current scene parameters:
 	{'emitter-envmap.scale': [3.0], 'bsdf-diffuse.reflectance.value': [[0.18000000715255737, 0.18000000715255737, 0.18000000715255737]], 'object_bsdf.eta': [1.4603644609451294], 'object_bsdf.alpha.value': [0.0010000000474974513], 'medium1.albedo.value.value': [[0.46530595421791077, 0.8315505981445312, 0.9990000128746033]], 'medium1.sigma_t.value.value': [0.4926513433456421], 'shape-plane.vertex_positions': [-5.791989326477051, 1.6361994743347168, 4.137889385223389, -6.134178638458252, 1.4884796142578125, .. 857 skipped .., 1.0732252597808838, -0.012071399949491024, 5.1473188400268555, 1.5426044464111328, -0.012071399949491024], 'PLYMesh.vertex_positions': [-0.10654518008232117, -0.28711727261543274, 1.1624749898910522, -0.18826353549957275, -0.33880600333213806, .. 107831 skipped .., -0.12597307562828064, 1.4806333780288696, -0.2866170406341553, -0.18464526534080505, 1.4728926420211792]}
Iteration 82
	total loss= 0.000742
Current scene parameters:
 	{'emitter-envmap.scale': [3.0], 'bsdf-diffuse.reflectance.value': [[0.18000000715255737, 0.18000000715255737, 0.18000000715255737]], 'object_bsdf.eta': [1.475020170211792], 'object_bsdf.alpha.value': [0.0010000000474974513], 'medium1.albedo.value.value': [[0.4591406583786011, 0.8302561640739441, 0.9990000128746033]], 'medium1.sigma_t.value.value': [0.494406521320343], 'shape-plane.vertex_positions': [-5.791989326477051, 1.6361994743347168, 4.137889385223389, -6.134178638458252, 1.4884796142578125, .. 857 skipped .., 1.0732252597808838, -0.012071399949491024, 5.1473188400268555, 1.5426044464111328, -0.012071399949491024], 'PLYMesh.vertex_positions': [-0.10654518008232117, -0.28711727261543274, 1.1624749898910522, -0.18826353549957275, -0.33880600333213806, .. 107831 skipped .., -0.12597307562828064, 1.4806333780288696, -0.2866170406341553, -0.18464526534080505, 1.4728926420211792]}
Iteration 83
	total loss= 0.000641
Current scene parameters:
 	{'emitter-envmap.scale': [3.0], 'bsdf-diffuse.reflectance.value': [[0.18000000715255737, 0.18000000715255737, 0.18000000715255737]], 'object_bsdf.eta': [1.4960190057754517], 'object_bsdf.alpha.value': [0.0010000000474974513], 'medium1.albedo.value.value': [[0.4535440504550934, 0.8300521373748779, 0.9990000128746033]], 'medium1.sigma_t.value.value': [0.4958558678627014], 'shape-plane.vertex_positions': [-5.791989326477051, 1.6361994743347168, 4.137889385223389, -6.134178638458252, 1.4884796142578125, .. 857 skipped .., 1.0732252597808838, -0.012071399949491024, 5.1473188400268555, 1.5426044464111328, -0.012071399949491024], 'PLYMesh.vertex_positions': [-0.10654518008232117, -0.28711727261543274, 1.1624749898910522, -0.18826353549957275, -0.33880600333213806, .. 107831 skipped .., -0.12597307562828064, 1.4806333780288696, -0.2866170406341553, -0.18464526534080505, 1.4728926420211792]}
Iteration 84
	total loss= 0.000623
Current scene parameters:
 	{'emitter-envmap.scale': [3.0], 'bsdf-diffuse.reflectance.value': [[0.18000000715255737, 0.18000000715255737, 0.18000000715255737]], 'object_bsdf.eta': [1.5106260776519775], 'object_bsdf.alpha.value': [0.0010000000474974513], 'medium1.albedo.value.value': [[0.4487258493900299, 0.8312731981277466, 0.9990000128746033]], 'medium1.sigma_t.value.value': [0.49699297547340393], 'shape-plane.vertex_positions': [-5.791989326477051, 1.6361994743347168, 4.137889385223389, -6.134178638458252, 1.4884796142578125, .. 857 skipped .., 1.0732252597808838, -0.012071399949491024, 5.1473188400268555, 1.5426044464111328, -0.012071399949491024], 'PLYMesh.vertex_positions': [-0.10654518008232117, -0.28711727261543274, 1.1624749898910522, -0.18826353549957275, -0.33880600333213806, .. 107831 skipped .., -0.12597307562828064, 1.4806333780288696, -0.2866170406341553, -0.18464526534080505, 1.4728926420211792]}
Iteration 85
	total loss= 0.000684
Current scene parameters:
 	{'emitter-envmap.scale': [3.0], 'bsdf-diffuse.reflectance.value': [[0.18000000715255737, 0.18000000715255737, 0.18000000715255737]], 'object_bsdf.eta': [1.516730785369873], 'object_bsdf.alpha.value': [0.0010000000474974513], 'medium1.albedo.value.value': [[0.4448539614677429, 0.8338574767112732, 0.9990000128746033]], 'medium1.sigma_t.value.value': [0.497996985912323], 'shape-plane.vertex_positions': [-5.791989326477051, 1.6361994743347168, 4.137889385223389, -6.134178638458252, 1.4884796142578125, .. 857 skipped .., 1.0732252597808838, -0.012071399949491024, 5.1473188400268555, 1.5426044464111328, -0.012071399949491024], 'PLYMesh.vertex_positions': [-0.10654518008232117, -0.28711727261543274, 1.1624749898910522, -0.18826353549957275, -0.33880600333213806, .. 107831 skipped .., -0.12597307562828064, 1.4806333780288696, -0.2866170406341553, -0.18464526534080505, 1.4728926420211792]}
Iteration 86
	total loss= 0.000595
Current scene parameters:
 	{'emitter-envmap.scale': [3.0], 'bsdf-diffuse.reflectance.value': [[0.18000000715255737, 0.18000000715255737, 0.18000000715255737]], 'object_bsdf.eta': [1.5189383029937744], 'object_bsdf.alpha.value': [0.0010000000474974513], 'medium1.albedo.value.value': [[0.44190874695777893, 0.8376420736312866, 0.9990000128746033]], 'medium1.sigma_t.value.value': [0.49873659014701843], 'shape-plane.vertex_positions': [-5.791989326477051, 1.6361994743347168, 4.137889385223389, -6.134178638458252, 1.4884796142578125, .. 857 skipped .., 1.0732252597808838, -0.012071399949491024, 5.1473188400268555, 1.5426044464111328, -0.012071399949491024], 'PLYMesh.vertex_positions': [-0.10654518008232117, -0.28711727261543274, 1.1624749898910522, -0.18826353549957275, -0.33880600333213806, .. 107831 skipped .., -0.12597307562828064, 1.4806333780288696, -0.2866170406341553, -0.18464526534080505, 1.4728926420211792]}
Iteration 87
	total loss= 0.000669
Current scene parameters:
 	{'emitter-envmap.scale': [3.0], 'bsdf-diffuse.reflectance.value': [[0.18000000715255737, 0.18000000715255737, 0.18000000715255737]], 'object_bsdf.eta': [1.5261269807815552], 'object_bsdf.alpha.value': [0.0010000000474974513], 'medium1.albedo.value.value': [[0.43990030884742737, 0.8423600196838379, 0.9990000128746033]], 'medium1.sigma_t.value.value': [0.4992997348308563], 'shape-plane.vertex_positions': [-5.791989326477051, 1.6361994743347168, 4.137889385223389, -6.134178638458252, 1.4884796142578125, .. 857 skipped .., 1.0732252597808838, -0.012071399949491024, 5.1473188400268555, 1.5426044464111328, -0.012071399949491024], 'PLYMesh.vertex_positions': [-0.10654518008232117, -0.28711727261543274, 1.1624749898910522, -0.18826353549957275, -0.33880600333213806, .. 107831 skipped .., -0.12597307562828064, 1.4806333780288696, -0.2866170406341553, -0.18464526534080505, 1.4728926420211792]}
Iteration 88
	total loss= 0.000678
Current scene parameters:
 	{'emitter-envmap.scale': [3.0], 'bsdf-diffuse.reflectance.value': [[0.18000000715255737, 0.18000000715255737, 0.18000000715255737]], 'object_bsdf.eta': [1.5366586446762085], 'object_bsdf.alpha.value': [0.0010000000474974513], 'medium1.albedo.value.value': [[0.43895137310028076, 0.8477533459663391, 0.9990000128746033]], 'medium1.sigma_t.value.value': [0.4995245039463043], 'shape-plane.vertex_positions': [-5.791989326477051, 1.6361994743347168, 4.137889385223389, -6.134178638458252, 1.4884796142578125, .. 857 skipped .., 1.0732252597808838, -0.012071399949491024, 5.1473188400268555, 1.5426044464111328, -0.012071399949491024], 'PLYMesh.vertex_positions': [-0.10654518008232117, -0.28711727261543274, 1.1624749898910522, -0.18826353549957275, -0.33880600333213806, .. 107831 skipped .., -0.12597307562828064, 1.4806333780288696, -0.2866170406341553, -0.18464526534080505, 1.4728926420211792]}
Iteration 89
	total loss= 0.000656
Current scene parameters:
 	{'emitter-envmap.scale': [3.0], 'bsdf-diffuse.reflectance.value': [[0.18000000715255737, 0.18000000715255737, 0.18000000715255737]], 'object_bsdf.eta': [1.5449120998382568], 'object_bsdf.alpha.value': [0.0010000000474974513], 'medium1.albedo.value.value': [[0.4390045404434204, 0.8534141182899475, 0.9990000128746033]], 'medium1.sigma_t.value.value': [0.49963173270225525], 'shape-plane.vertex_positions': [-5.791989326477051, 1.6361994743347168, 4.137889385223389, -6.134178638458252, 1.4884796142578125, .. 857 skipped .., 1.0732252597808838, -0.012071399949491024, 5.1473188400268555, 1.5426044464111328, -0.012071399949491024], 'PLYMesh.vertex_positions': [-0.10654518008232117, -0.28711727261543274, 1.1624749898910522, -0.18826353549957275, -0.33880600333213806, .. 107831 skipped .., -0.12597307562828064, 1.4806333780288696, -0.2866170406341553, -0.18464526534080505, 1.4728926420211792]}
Iteration 90
	total loss= 0.000709
Current scene parameters:
 	{'emitter-envmap.scale': [3.0], 'bsdf-diffuse.reflectance.value': [[0.18000000715255737, 0.18000000715255737, 0.18000000715255737]], 'object_bsdf.eta': [1.5428061485290527], 'object_bsdf.alpha.value': [0.0010000000474974513], 'medium1.albedo.value.value': [[0.4399403929710388, 0.8586480021476746, 0.9990000128746033]], 'medium1.sigma_t.value.value': [0.4997442960739136], 'shape-plane.vertex_positions': [-5.791989326477051, 1.6361994743347168, 4.137889385223389, -6.134178638458252, 1.4884796142578125, .. 857 skipped .., 1.0732252597808838, -0.012071399949491024, 5.1473188400268555, 1.5426044464111328, -0.012071399949491024], 'PLYMesh.vertex_positions': [-0.10654518008232117, -0.28711727261543274, 1.1624749898910522, -0.18826353549957275, -0.33880600333213806, .. 107831 skipped .., -0.12597307562828064, 1.4806333780288696, -0.2866170406341553, -0.18464526534080505, 1.4728926420211792]}
Iteration 91
	total loss= 0.000786
Current scene parameters:
 	{'emitter-envmap.scale': [3.0], 'bsdf-diffuse.reflectance.value': [[0.18000000715255737, 0.18000000715255737, 0.18000000715255737]], 'object_bsdf.eta': [1.5338499546051025], 'object_bsdf.alpha.value': [0.0010000000474974513], 'medium1.albedo.value.value': [[0.44168180227279663, 0.8628568649291992, 0.9990000128746033]], 'medium1.sigma_t.value.value': [0.4998791515827179], 'shape-plane.vertex_positions': [-5.791989326477051, 1.6361994743347168, 4.137889385223389, -6.134178638458252, 1.4884796142578125, .. 857 skipped .., 1.0732252597808838, -0.012071399949491024, 5.1473188400268555, 1.5426044464111328, -0.012071399949491024], 'PLYMesh.vertex_positions': [-0.10654518008232117, -0.28711727261543274, 1.1624749898910522, -0.18826353549957275, -0.33880600333213806, .. 107831 skipped .., -0.12597307562828064, 1.4806333780288696, -0.2866170406341553, -0.18464526534080505, 1.4728926420211792]}
Iteration 92
	total loss= 0.000799
Current scene parameters:
 	{'emitter-envmap.scale': [3.0], 'bsdf-diffuse.reflectance.value': [[0.18000000715255737, 0.18000000715255737, 0.18000000715255737]], 'object_bsdf.eta': [1.5279771089553833], 'object_bsdf.alpha.value': [0.0010000000474974513], 'medium1.albedo.value.value': [[0.44411224126815796, 0.8654128909111023, 0.9990000128746033]], 'medium1.sigma_t.value.value': [0.49999135732650757], 'shape-plane.vertex_positions': [-5.791989326477051, 1.6361994743347168, 4.137889385223389, -6.134178638458252, 1.4884796142578125, .. 857 skipped .., 1.0732252597808838, -0.012071399949491024, 5.1473188400268555, 1.5426044464111328, -0.012071399949491024], 'PLYMesh.vertex_positions': [-0.10654518008232117, -0.28711727261543274, 1.1624749898910522, -0.18826353549957275, -0.33880600333213806, .. 107831 skipped .., -0.12597307562828064, 1.4806333780288696, -0.2866170406341553, -0.18464526534080505, 1.4728926420211792]}
Iteration 93
	total loss= 0.000632
Current scene parameters:
 	{'emitter-envmap.scale': [3.0], 'bsdf-diffuse.reflectance.value': [[0.18000000715255737, 0.18000000715255737, 0.18000000715255737]], 'object_bsdf.eta': [1.5212703943252563], 'object_bsdf.alpha.value': [0.0010000000474974513], 'medium1.albedo.value.value': [[0.4470329284667969, 0.8660234212875366, 0.9990000128746033]], 'medium1.sigma_t.value.value': [0.5003349184989929], 'shape-plane.vertex_positions': [-5.791989326477051, 1.6361994743347168, 4.137889385223389, -6.134178638458252, 1.4884796142578125, .. 857 skipped .., 1.0732252597808838, -0.012071399949491024, 5.1473188400268555, 1.5426044464111328, -0.012071399949491024], 'PLYMesh.vertex_positions': [-0.10654518008232117, -0.28711727261543274, 1.1624749898910522, -0.18826353549957275, -0.33880600333213806, .. 107831 skipped .., -0.12597307562828064, 1.4806333780288696, -0.2866170406341553, -0.18464526534080505, 1.4728926420211792]}
Iteration 94
	total loss= 0.000816
Current scene parameters:
 	{'emitter-envmap.scale': [3.0], 'bsdf-diffuse.reflectance.value': [[0.18000000715255737, 0.18000000715255737, 0.18000000715255737]], 'object_bsdf.eta': [1.5193153619766235], 'object_bsdf.alpha.value': [0.0010000000474974513], 'medium1.albedo.value.value': [[0.4503593444824219, 0.864578902721405, 0.9990000128746033]], 'medium1.sigma_t.value.value': [0.5007723569869995], 'shape-plane.vertex_positions': [-5.791989326477051, 1.6361994743347168, 4.137889385223389, -6.134178638458252, 1.4884796142578125, .. 857 skipped .., 1.0732252597808838, -0.012071399949491024, 5.1473188400268555, 1.5426044464111328, -0.012071399949491024], 'PLYMesh.vertex_positions': [-0.10654518008232117, -0.28711727261543274, 1.1624749898910522, -0.18826353549957275, -0.33880600333213806, .. 107831 skipped .., -0.12597307562828064, 1.4806333780288696, -0.2866170406341553, -0.18464526534080505, 1.4728926420211792]}
Iteration 95
	total loss= 0.000697
Current scene parameters:
 	{'emitter-envmap.scale': [3.0], 'bsdf-diffuse.reflectance.value': [[0.18000000715255737, 0.18000000715255737, 0.18000000715255737]], 'object_bsdf.eta': [1.5186240673065186], 'object_bsdf.alpha.value': [0.0010000000474974513], 'medium1.albedo.value.value': [[0.45399346947669983, 0.8614797592163086, 0.9990000128746033]], 'medium1.sigma_t.value.value': [0.501236081123352], 'shape-plane.vertex_positions': [-5.791989326477051, 1.6361994743347168, 4.137889385223389, -6.134178638458252, 1.4884796142578125, .. 857 skipped .., 1.0732252597808838, -0.012071399949491024, 5.1473188400268555, 1.5426044464111328, -0.012071399949491024], 'PLYMesh.vertex_positions': [-0.10654518008232117, -0.28711727261543274, 1.1624749898910522, -0.18826353549957275, -0.33880600333213806, .. 107831 skipped .., -0.12597307562828064, 1.4806333780288696, -0.2866170406341553, -0.18464526534080505, 1.4728926420211792]}
Iteration 96
	total loss= 0.000766
Current scene parameters:
 	{'emitter-envmap.scale': [3.0], 'bsdf-diffuse.reflectance.value': [[0.18000000715255737, 0.18000000715255737, 0.18000000715255737]], 'object_bsdf.eta': [1.5161192417144775], 'object_bsdf.alpha.value': [0.0014152922667562962], 'medium1.albedo.value.value': [[0.4578964114189148, 0.8574522137641907, 0.9990000128746033]], 'medium1.sigma_t.value.value': [0.5015332102775574], 'shape-plane.vertex_positions': [-5.791989326477051, 1.6361994743347168, 4.137889385223389, -6.134178638458252, 1.4884796142578125, .. 857 skipped .., 1.0732252597808838, -0.012071399949491024, 5.1473188400268555, 1.5426044464111328, -0.012071399949491024], 'PLYMesh.vertex_positions': [-0.10654518008232117, -0.28711727261543274, 1.1624749898910522, -0.18826353549957275, -0.33880600333213806, .. 107831 skipped .., -0.12597307562828064, 1.4806333780288696, -0.2866170406341553, -0.18464526534080505, 1.4728926420211792]}
Iteration 97
	total loss= 0.000606
Current scene parameters:
 	{'emitter-envmap.scale': [3.0], 'bsdf-diffuse.reflectance.value': [[0.18000000715255737, 0.18000000715255737, 0.18000000715255737]], 'object_bsdf.eta': [1.5116887092590332], 'object_bsdf.alpha.value': [0.0019131834851577878], 'medium1.albedo.value.value': [[0.46187686920166016, 0.8529731035232544, 0.9990000128746033]], 'medium1.sigma_t.value.value': [0.5019486546516418], 'shape-plane.vertex_positions': [-5.791989326477051, 1.6361994743347168, 4.137889385223389, -6.134178638458252, 1.4884796142578125, .. 857 skipped .., 1.0732252597808838, -0.012071399949491024, 5.1473188400268555, 1.5426044464111328, -0.012071399949491024], 'PLYMesh.vertex_positions': [-0.10654518008232117, -0.28711727261543274, 1.1624749898910522, -0.18826353549957275, -0.33880600333213806, .. 107831 skipped .., -0.12597307562828064, 1.4806333780288696, -0.2866170406341553, -0.18464526534080505, 1.4728926420211792]}
Iteration 98
	total loss= 0.000532
Current scene parameters:
 	{'emitter-envmap.scale': [3.0], 'bsdf-diffuse.reflectance.value': [[0.18000000715255737, 0.18000000715255737, 0.18000000715255737]], 'object_bsdf.eta': [1.5074667930603027], 'object_bsdf.alpha.value': [0.008371856063604355], 'medium1.albedo.value.value': [[0.465686172246933, 0.8484802842140198, 0.9990000128746033]], 'medium1.sigma_t.value.value': [0.502410352230072], 'shape-plane.vertex_positions': [-5.791989326477051, 1.6361994743347168, 4.137889385223389, -6.134178638458252, 1.4884796142578125, .. 857 skipped .., 1.0732252597808838, -0.012071399949491024, 5.1473188400268555, 1.5426044464111328, -0.012071399949491024], 'PLYMesh.vertex_positions': [-0.10654518008232117, -0.28711727261543274, 1.1624749898910522, -0.18826353549957275, -0.33880600333213806, .. 107831 skipped .., -0.12597307562828064, 1.4806333780288696, -0.2866170406341553, -0.18464526534080505, 1.4728926420211792]}
Iteration 99
	total loss= 0.000570
Current scene parameters:
 	{'emitter-envmap.scale': [3.0], 'bsdf-diffuse.reflectance.value': [[0.18000000715255737, 0.18000000715255737, 0.18000000715255737]], 'object_bsdf.eta': [1.503975510597229], 'object_bsdf.alpha.value': [0.014028627425432205], 'medium1.albedo.value.value': [[0.4692946970462799, 0.8445611000061035, 0.9990000128746033]], 'medium1.sigma_t.value.value': [0.502860426902771], 'shape-plane.vertex_positions': [-5.791989326477051, 1.6361994743347168, 4.137889385223389, -6.134178638458252, 1.4884796142578125, .. 857 skipped .., 1.0732252597808838, -0.012071399949491024, 5.1473188400268555, 1.5426044464111328, -0.012071399949491024], 'PLYMesh.vertex_positions': [-0.10654518008232117, -0.28711727261543274, 1.1624749898910522, -0.18826353549957275, -0.33880600333213806, .. 107831 skipped .., -0.12597307562828064, 1.4806333780288696, -0.2866170406341553, -0.18464526534080505, 1.4728926420211792]}
Optimization loop end. Elapsed time: 237.257s
Initial scene parameters:
 {'emitter-envmap.scale': [3.0], 'bsdf-diffuse.reflectance.value': [[0.18000000715255737, 0.18000000715255737, 0.18000000715255737]], 'object_bsdf.eta': [1.5499999523162842], 'object_bsdf.alpha.value': [0.4700008034706116], 'medium1.albedo.value.value': [[0.03999641537666321, 0.039997972548007965, 0.03999853879213333]], 'medium1.sigma_t.value.value': [0.9500026106834412], 'shape-plane.vertex_positions': [-5.791989326477051, 1.6361994743347168, 4.137889385223389, -6.134178638458252, 1.4884796142578125, .. 857 skipped .., 1.0732252597808838, -0.012071399949491024, 5.1473188400268555, 1.5426044464111328, -0.012071399949491024], 'PLYMesh.vertex_positions': [-0.10654518008232117, -0.28711727261543274, 1.1624749898910522, -0.18826353549957275, -0.33880600333213806, .. 107831 skipped .., -0.12597307562828064, 1.4806333780288696, -0.2866170406341553, -0.18464526534080505, 1.4728926420211792]}
End scene parameters:
 {'emitter-envmap.scale': [3.0], 'bsdf-diffuse.reflectance.value': [[0.18000000715255737, 0.18000000715255737, 0.18000000715255737]], 'object_bsdf.eta': [1.503975510597229], 'object_bsdf.alpha.value': [0.014028627425432205], 'medium1.albedo.value.value': [[0.4692946970462799, 0.8445611000061035, 0.9990000128746033]], 'medium1.sigma_t.value.value': [0.502860426902771], 'shape-plane.vertex_positions': [-5.791989326477051, 1.6361994743347168, 4.137889385223389, -6.134178638458252, 1.4884796142578125, .. 857 skipped .., 1.0732252597808838, -0.012071399949491024, 5.1473188400268555, 1.5426044464111328, -0.012071399949491024], 'PLYMesh.vertex_positions': [-0.10654518008232117, -0.28711727261543274, 1.1624749898910522, -0.18826353549957275, -0.33880600333213806, .. 107831 skipped .., -0.12597307562828064, 1.4806333780288696, -0.2866170406341553, -0.18464526534080505, 1.4728926420211792]}
Mitsuba version:
 3.2.1
Hyperparameters:
	minimum error:0.0001,
	spp:16,
	optimization func.:Deng et al. Dual Buffer Method,
	iteraration count:100
Optimization parameters:
 	{'emitter-envmap.scale': {'Learning Rate': 0.03, 'Min. Clamp Value': 0.001, 'Max. Clamp Value': 100, 'Optimize': False}, 'bsdf-diffuse.reflectance.value': {'Learning Rate': 0.03, 'Min. Clamp Value': 0.001, 'Max. Clamp Value': 0.999, 'Optimize': False}, 'object_bsdf.eta': {'Learning Rate': 0.03, 'Min. Clamp Value': 0.001, 'Max. Clamp Value': 1.55, 'Optimize': True}, 'object_bsdf.alpha.value': {'Learning Rate': 0.03, 'Min. Clamp Value': 0.001, 'Max. Clamp Value': 0.7, 'Optimize': True}, 'medium1.albedo.value.value': {'Learning Rate': 0.03, 'Min. Clamp Value': 0.001, 'Max. Clamp Value': 0.999, 'Optimize': True}, 'medium1.sigma_t.value.value': {'Learning Rate': 0.03, 'Min. Clamp Value': 0.001, 'Max. Clamp Value': 0.999, 'Optimize': True}, 'shape-plane.vertex_positions': {'Learning Rate': 0.03, 'Min. Clamp Value': [[-100.0, -100.0, -100.0]], 'Max. Clamp Value': [[100.0, 100.0, 100.0]], 'Optimize': False}, 'PLYMesh.vertex_positions': {'Learning Rate': 0.03, 'Min. Clamp Value': [[-100.0, -100.0, -100.0]], 'Max. Clamp Value': [[100.0, 100.0, 100.0]], 'Optimize': False}}