Optimization loop begin
Iteration 00
	total loss= 0.062283
Current scene parameters:
 	{'emitter-envmap.scale': [3.0], 'bsdf-diffuse.reflectance.value': [[0.18000000715255737, 0.18000000715255737, 0.18000000715255737]], 'object_bsdf.eta': [1.573571801185608], 'object_bsdf.alpha.value': [0.4700008034706116], 'medium1.albedo.value.value': [[0.0399964302778244, 0.03999798744916916, 0.039998553693294525]], 'medium1.sigma_t.value.value': [0.9500026702880859], 'shape-plane.vertex_positions': [-5.791989326477051, 1.6361994743347168, 4.137889385223389, -6.134178638458252, 1.4884796142578125, .. 857 skipped .., 1.0732252597808838, -0.012071399949491024, 5.1473188400268555, 1.5426044464111328, -0.012071399949491024], 'PLYMesh.vertex_positions': [-0.10654518008232117, -0.28711727261543274, 1.1624749898910522, -0.18826353549957275, -0.33880600333213806, .. 107831 skipped .., -0.12597307562828064, 1.4806333780288696, -0.2866170406341553, -0.18464526534080505, 1.4728926420211792]}
Iteration 01
	total loss= 0.060798
Current scene parameters:
 	{'emitter-envmap.scale': [3.0], 'bsdf-diffuse.reflectance.value': [[0.18000000715255737, 0.18000000715255737, 0.18000000715255737]], 'object_bsdf.eta': [1.603567123413086], 'object_bsdf.alpha.value': [0.439966082572937], 'medium1.albedo.value.value': [[0.06995674967765808, 0.06998056173324585, 0.069987952709198]], 'medium1.sigma_t.value.value': [0.9199638962745667], 'shape-plane.vertex_positions': [-5.791989326477051, 1.6361994743347168, 4.137889385223389, -6.134178638458252, 1.4884796142578125, .. 857 skipped .., 1.0732252597808838, -0.012071399949491024, 5.1473188400268555, 1.5426044464111328, -0.012071399949491024], 'PLYMesh.vertex_positions': [-0.10654518008232117, -0.28711727261543274, 1.1624749898910522, -0.18826353549957275, -0.33880600333213806, .. 107831 skipped .., -0.12597307562828064, 1.4806333780288696, -0.2866170406341553, -0.18464526534080505, 1.4728926420211792]}
Iteration 02
	total loss= 0.059392
Current scene parameters:
 	{'emitter-envmap.scale': [3.0], 'bsdf-diffuse.reflectance.value': [[0.18000000715255737, 0.18000000715255737, 0.18000000715255737]], 'object_bsdf.eta': [1.6335399150848389], 'object_bsdf.alpha.value': [0.40986284613609314], 'medium1.albedo.value.value': [[0.0998944640159607, 0.09997659176588058, 0.09999842941761017]], 'medium1.sigma_t.value.value': [0.8898591995239258], 'shape-plane.vertex_positions': [-5.791989326477051, 1.6361994743347168, 4.137889385223389, -6.134178638458252, 1.4884796142578125, .. 857 skipped .., 1.0732252597808838, -0.012071399949491024, 5.1473188400268555, 1.5426044464111328, -0.012071399949491024], 'PLYMesh.vertex_positions': [-0.10654518008232117, -0.28711727261543274, 1.1624749898910522, -0.18826353549957275, -0.33880600333213806, .. 107831 skipped .., -0.12597307562828064, 1.4806333780288696, -0.2866170406341553, -0.18464526534080505, 1.4728926420211792]}
Iteration 03
	total loss= 0.058049
Current scene parameters:
 	{'emitter-envmap.scale': [3.0], 'bsdf-diffuse.reflectance.value': [[0.18000000715255737, 0.18000000715255737, 0.18000000715255737]], 'object_bsdf.eta': [1.6634458303451538], 'object_bsdf.alpha.value': [0.379669725894928], 'medium1.albedo.value.value': [[0.12986382842063904, 0.1300438791513443, 0.13008370995521545]], 'medium1.sigma_t.value.value': [0.859665036201477], 'shape-plane.vertex_positions': [-5.791989326477051, 1.6361994743347168, 4.137889385223389, -6.134178638458252, 1.4884796142578125, .. 857 skipped .., 1.0732252597808838, -0.012071399949491024, 5.1473188400268555, 1.5426044464111328, -0.012071399949491024], 'PLYMesh.vertex_positions': [-0.10654518008232117, -0.28711727261543274, 1.1624749898910522, -0.18826353549957275, -0.33880600333213806, .. 107831 skipped .., -0.12597307562828064, 1.4806333780288696, -0.2866170406341553, -0.18464526534080505, 1.4728926420211792]}
Iteration 04
	total loss= 0.056670
Current scene parameters:
 	{'emitter-envmap.scale': [3.0], 'bsdf-diffuse.reflectance.value': [[0.18000000715255737, 0.18000000715255737, 0.18000000715255737]], 'object_bsdf.eta': [1.6932955980300903], 'object_bsdf.alpha.value': [0.34936457872390747], 'medium1.albedo.value.value': [[0.15978139638900757, 0.16016411781311035, 0.16025079786777496]], 'medium1.sigma_t.value.value': [0.8293489813804626], 'shape-plane.vertex_positions': [-5.791989326477051, 1.6361994743347168, 4.137889385223389, -6.134178638458252, 1.4884796142578125, .. 857 skipped .., 1.0732252597808838, -0.012071399949491024, 5.1473188400268555, 1.5426044464111328, -0.012071399949491024], 'PLYMesh.vertex_positions': [-0.10654518008232117, -0.28711727261543274, 1.1624749898910522, -0.18826353549957275, -0.33880600333213806, .. 107831 skipped .., -0.12597307562828064, 1.4806333780288696, -0.2866170406341553, -0.18464526534080505, 1.4728926420211792]}
Iteration 05
	total loss= 0.055102
Current scene parameters:
 	{'emitter-envmap.scale': [3.0], 'bsdf-diffuse.reflectance.value': [[0.18000000715255737, 0.18000000715255737, 0.18000000715255737]], 'object_bsdf.eta': [1.7230921983718872], 'object_bsdf.alpha.value': [0.31894057989120483], 'medium1.albedo.value.value': [[0.18965797126293182, 0.1903427243232727, 0.19048887491226196]], 'medium1.sigma_t.value.value': [0.7988911867141724], 'shape-plane.vertex_positions': [-5.791989326477051, 1.6361994743347168, 4.137889385223389, -6.134178638458252, 1.4884796142578125, .. 857 skipped .., 1.0732252597808838, -0.012071399949491024, 5.1473188400268555, 1.5426044464111328, -0.012071399949491024], 'PLYMesh.vertex_positions': [-0.10654518008232117, -0.28711727261543274, 1.1624749898910522, -0.18826353549957275, -0.33880600333213806, .. 107831 skipped .., -0.12597307562828064, 1.4806333780288696, -0.2866170406341553, -0.18464526534080505, 1.4728926420211792]}
Iteration 06
	total loss= 0.053375
Current scene parameters:
 	{'emitter-envmap.scale': [3.0], 'bsdf-diffuse.reflectance.value': [[0.18000000715255737, 0.18000000715255737, 0.18000000715255737]], 'object_bsdf.eta': [1.7527484893798828], 'object_bsdf.alpha.value': [0.28838038444519043], 'medium1.albedo.value.value': [[0.21949101984500885, 0.22060272097587585, 0.2208225280046463]], 'medium1.sigma_t.value.value': [0.76826012134552], 'shape-plane.vertex_positions': [-5.791989326477051, 1.6361994743347168, 4.137889385223389, -6.134178638458252, 1.4884796142578125, .. 857 skipped .., 1.0732252597808838, -0.012071399949491024, 5.1473188400268555, 1.5426044464111328, -0.012071399949491024], 'PLYMesh.vertex_positions': [-0.10654518008232117, -0.28711727261543274, 1.1624749898910522, -0.18826353549957275, -0.33880600333213806, .. 107831 skipped .., -0.12597307562828064, 1.4806333780288696, -0.2866170406341553, -0.18464526534080505, 1.4728926420211792]}
Iteration 07
	total loss= 0.051876
Current scene parameters:
 	{'emitter-envmap.scale': [3.0], 'bsdf-diffuse.reflectance.value': [[0.18000000715255737, 0.18000000715255737, 0.18000000715255737]], 'object_bsdf.eta': [1.7822039127349854], 'object_bsdf.alpha.value': [0.2576364278793335], 'medium1.albedo.value.value': [[0.24931706488132477, 0.2510235905647278, 0.2513478696346283]], 'medium1.sigma_t.value.value': [0.7374328970909119], 'shape-plane.vertex_positions': [-5.791989326477051, 1.6361994743347168, 4.137889385223389, -6.134178638458252, 1.4884796142578125, .. 857 skipped .., 1.0732252597808838, -0.012071399949491024, 5.1473188400268555, 1.5426044464111328, -0.012071399949491024], 'PLYMesh.vertex_positions': [-0.10654518008232117, -0.28711727261543274, 1.1624749898910522, -0.18826353549957275, -0.33880600333213806, .. 107831 skipped .., -0.12597307562828064, 1.4806333780288696, -0.2866170406341553, -0.18464526534080505, 1.4728926420211792]}
Iteration 08
	total loss= 0.050237
Current scene parameters:
 	{'emitter-envmap.scale': [3.0], 'bsdf-diffuse.reflectance.value': [[0.18000000715255737, 0.18000000715255737, 0.18000000715255737]], 'object_bsdf.eta': [1.8112808465957642], 'object_bsdf.alpha.value': [0.22682426869869232], 'medium1.albedo.value.value': [[0.2790568470954895, 0.28157949447631836, 0.28204652667045593]], 'medium1.sigma_t.value.value': [0.7063860297203064], 'shape-plane.vertex_positions': [-5.791989326477051, 1.6361994743347168, 4.137889385223389, -6.134178638458252, 1.4884796142578125, .. 857 skipped .., 1.0732252597808838, -0.012071399949491024, 5.1473188400268555, 1.5426044464111328, -0.012071399949491024], 'PLYMesh.vertex_positions': [-0.10654518008232117, -0.28711727261543274, 1.1624749898910522, -0.18826353549957275, -0.33880600333213806, .. 107831 skipped .., -0.12597307562828064, 1.4806333780288696, -0.2866170406341553, -0.18464526534080505, 1.4728926420211792]}
Iteration 09
	total loss= 0.048644
Current scene parameters:
 	{'emitter-envmap.scale': [3.0], 'bsdf-diffuse.reflectance.value': [[0.18000000715255737, 0.18000000715255737, 0.18000000715255737]], 'object_bsdf.eta': [1.8398314714431763], 'object_bsdf.alpha.value': [0.1958998739719391], 'medium1.albedo.value.value': [[0.30868449807167053, 0.3123187720775604, 0.31296423077583313]], 'medium1.sigma_t.value.value': [0.6751008629798889], 'shape-plane.vertex_positions': [-5.791989326477051, 1.6361994743347168, 4.137889385223389, -6.134178638458252, 1.4884796142578125, .. 857 skipped .., 1.0732252597808838, -0.012071399949491024, 5.1473188400268555, 1.5426044464111328, -0.012071399949491024], 'PLYMesh.vertex_positions': [-0.10654518008232117, -0.28711727261543274, 1.1624749898910522, -0.18826353549957275, -0.33880600333213806, .. 107831 skipped .., -0.12597307562828064, 1.4806333780288696, -0.2866170406341553, -0.18464526534080505, 1.4728926420211792]}
Iteration 10
	total loss= 0.046944
Current scene parameters:
 	{'emitter-envmap.scale': [3.0], 'bsdf-diffuse.reflectance.value': [[0.18000000715255737, 0.18000000715255737, 0.18000000715255737]], 'object_bsdf.eta': [1.8674018383026123], 'object_bsdf.alpha.value': [0.16484925150871277], 'medium1.albedo.value.value': [[0.3381752073764801, 0.34327432513237, 0.34413623809814453]], 'medium1.sigma_t.value.value': [0.6435627937316895], 'shape-plane.vertex_positions': [-5.791989326477051, 1.6361994743347168, 4.137889385223389, -6.134178638458252, 1.4884796142578125, .. 857 skipped .., 1.0732252597808838, -0.012071399949491024, 5.1473188400268555, 1.5426044464111328, -0.012071399949491024], 'PLYMesh.vertex_positions': [-0.10654518008232117, -0.28711727261543274, 1.1624749898910522, -0.18826353549957275, -0.33880600333213806, .. 107831 skipped .., -0.12597307562828064, 1.4806333780288696, -0.2866170406341553, -0.18464526534080505, 1.4728926420211792]}
Iteration 11
	total loss= 0.045213
Current scene parameters:
 	{'emitter-envmap.scale': [3.0], 'bsdf-diffuse.reflectance.value': [[0.18000000715255737, 0.18000000715255737, 0.18000000715255737]], 'object_bsdf.eta': [1.8935986757278442], 'object_bsdf.alpha.value': [0.1336480677127838], 'medium1.albedo.value.value': [[0.36763590574264526, 0.3745407462120056, 0.3756352961063385]], 'medium1.sigma_t.value.value': [0.6117616891860962], 'shape-plane.vertex_positions': [-5.791989326477051, 1.6361994743347168, 4.137889385223389, -6.134178638458252, 1.4884796142578125, .. 857 skipped .., 1.0732252597808838, -0.012071399949491024, 5.1473188400268555, 1.5426044464111328, -0.012071399949491024], 'PLYMesh.vertex_positions': [-0.10654518008232117, -0.28711727261543274, 1.1624749898910522, -0.18826353549957275, -0.33880600333213806, .. 107831 skipped .., -0.12597307562828064, 1.4806333780288696, -0.2866170406341553, -0.18464526534080505, 1.4728926420211792]}
Iteration 12
	total loss= 0.043163
Current scene parameters:
 	{'emitter-envmap.scale': [3.0], 'bsdf-diffuse.reflectance.value': [[0.18000000715255737, 0.18000000715255737, 0.18000000715255737]], 'object_bsdf.eta': [1.9184499979019165], 'object_bsdf.alpha.value': [0.10231926292181015], 'medium1.albedo.value.value': [[0.3968561291694641, 0.40614089369773865, 0.407490998506546]], 'medium1.sigma_t.value.value': [0.5796913504600525], 'shape-plane.vertex_positions': [-5.791989326477051, 1.6361994743347168, 4.137889385223389, -6.134178638458252, 1.4884796142578125, .. 857 skipped .., 1.0732252597808838, -0.012071399949491024, 5.1473188400268555, 1.5426044464111328, -0.012071399949491024], 'PLYMesh.vertex_positions': [-0.10654518008232117, -0.28711727261543274, 1.1624749898910522, -0.18826353549957275, -0.33880600333213806, .. 107831 skipped .., -0.12597307562828064, 1.4806333780288696, -0.2866170406341553, -0.18464526534080505, 1.4728926420211792]}
Iteration 13
	total loss= 0.041560
Current scene parameters:
 	{'emitter-envmap.scale': [3.0], 'bsdf-diffuse.reflectance.value': [[0.18000000715255737, 0.18000000715255737, 0.18000000715255737]], 'object_bsdf.eta': [1.941186785697937], 'object_bsdf.alpha.value': [0.07077253609895706], 'medium1.albedo.value.value': [[0.4257569909095764, 0.4380916953086853, 0.439711332321167]], 'medium1.sigma_t.value.value': [0.547301173210144], 'shape-plane.vertex_positions': [-5.791989326477051, 1.6361994743347168, 4.137889385223389, -6.134178638458252, 1.4884796142578125, .. 857 skipped .., 1.0732252597808838, -0.012071399949491024, 5.1473188400268555, 1.5426044464111328, -0.012071399949491024], 'PLYMesh.vertex_positions': [-0.10654518008232117, -0.28711727261543274, 1.1624749898910522, -0.18826353549957275, -0.33880600333213806, .. 107831 skipped .., -0.12597307562828064, 1.4806333780288696, -0.2866170406341553, -0.18464526534080505, 1.4728926420211792]}
Iteration 14
	total loss= 0.039625
Current scene parameters:
 	{'emitter-envmap.scale': [3.0], 'bsdf-diffuse.reflectance.value': [[0.18000000715255737, 0.18000000715255737, 0.18000000715255737]], 'object_bsdf.eta': [1.9613004922866821], 'object_bsdf.alpha.value': [0.03873016685247421], 'medium1.albedo.value.value': [[0.45408961176872253, 0.47044336795806885, 0.4723113179206848]], 'medium1.sigma_t.value.value': [0.5145955681800842], 'shape-plane.vertex_positions': [-5.791989326477051, 1.6361994743347168, 4.137889385223389, -6.134178638458252, 1.4884796142578125, .. 857 skipped .., 1.0732252597808838, -0.012071399949491024, 5.1473188400268555, 1.5426044464111328, -0.012071399949491024], 'PLYMesh.vertex_positions': [-0.10654518008232117, -0.28711727261543274, 1.1624749898910522, -0.18826353549957275, -0.33880600333213806, .. 107831 skipped .., -0.12597307562828064, 1.4806333780288696, -0.2866170406341553, -0.18464526534080505, 1.4728926420211792]}
Iteration 15
	total loss= 0.037777
Current scene parameters:
 	{'emitter-envmap.scale': [3.0], 'bsdf-diffuse.reflectance.value': [[0.18000000715255737, 0.18000000715255737, 0.18000000715255737]], 'object_bsdf.eta': [1.978285312652588], 'object_bsdf.alpha.value': [0.006270386278629303], 'medium1.albedo.value.value': [[0.4816635549068451, 0.5032018423080444, 0.5052980780601501]], 'medium1.sigma_t.value.value': [0.4815388023853302], 'shape-plane.vertex_positions': [-5.791989326477051, 1.6361994743347168, 4.137889385223389, -6.134178638458252, 1.4884796142578125, .. 857 skipped .., 1.0732252597808838, -0.012071399949491024, 5.1473188400268555, 1.5426044464111328, -0.012071399949491024], 'PLYMesh.vertex_positions': [-0.10654518008232117, -0.28711727261543274, 1.1624749898910522, -0.18826353549957275, -0.33880600333213806, .. 107831 skipped .., -0.12597307562828064, 1.4806333780288696, -0.2866170406341553, -0.18464526534080505, 1.4728926420211792]}
Iteration 16
	total loss= 0.035962
Current scene parameters:
 	{'emitter-envmap.scale': [3.0], 'bsdf-diffuse.reflectance.value': [[0.18000000715255737, 0.18000000715255737, 0.18000000715255737]], 'object_bsdf.eta': [1.9949977397918701], 'object_bsdf.alpha.value': [0.0010000000474974513], 'medium1.albedo.value.value': [[0.5078791975975037, 0.5363934636116028, 0.5386425256729126]], 'medium1.sigma_t.value.value': [0.44813892245292664], 'shape-plane.vertex_positions': [-5.791989326477051, 1.6361994743347168, 4.137889385223389, -6.134178638458252, 1.4884796142578125, .. 857 skipped .., 1.0732252597808838, -0.012071399949491024, 5.1473188400268555, 1.5426044464111328, -0.012071399949491024], 'PLYMesh.vertex_positions': [-0.10654518008232117, -0.28711727261543274, 1.1624749898910522, -0.18826353549957275, -0.33880600333213806, .. 107831 skipped .., -0.12597307562828064, 1.4806333780288696, -0.2866170406341553, -0.18464526534080505, 1.4728926420211792]}
Iteration 17
	total loss= 0.033743
Current scene parameters:
 	{'emitter-envmap.scale': [3.0], 'bsdf-diffuse.reflectance.value': [[0.18000000715255737, 0.18000000715255737, 0.18000000715255737]], 'object_bsdf.eta': [2.014437198638916], 'object_bsdf.alpha.value': [0.010491692461073399], 'medium1.albedo.value.value': [[0.5317623615264893, 0.5700019598007202, 0.5723878741264343]], 'medium1.sigma_t.value.value': [0.4143449068069458], 'shape-plane.vertex_positions': [-5.791989326477051, 1.6361994743347168, 4.137889385223389, -6.134178638458252, 1.4884796142578125, .. 857 skipped .., 1.0732252597808838, -0.012071399949491024, 5.1473188400268555, 1.5426044464111328, -0.012071399949491024], 'PLYMesh.vertex_positions': [-0.10654518008232117, -0.28711727261543274, 1.1624749898910522, -0.18826353549957275, -0.33880600333213806, .. 107831 skipped .., -0.12597307562828064, 1.4806333780288696, -0.2866170406341553, -0.18464526534080505, 1.4728926420211792]}
Iteration 18
	total loss= 0.031914
Current scene parameters:
 	{'emitter-envmap.scale': [3.0], 'bsdf-diffuse.reflectance.value': [[0.18000000715255737, 0.18000000715255737, 0.18000000715255737]], 'object_bsdf.eta': [2.021066188812256], 'object_bsdf.alpha.value': [0.01819748990237713], 'medium1.albedo.value.value': [[0.5522152185440063, 0.6039899587631226, 0.6065508723258972]], 'medium1.sigma_t.value.value': [0.3801426887512207], 'shape-plane.vertex_positions': [-5.791989326477051, 1.6361994743347168, 4.137889385223389, -6.134178638458252, 1.4884796142578125, .. 857 skipped .., 1.0732252597808838, -0.012071399949491024, 5.1473188400268555, 1.5426044464111328, -0.012071399949491024], 'PLYMesh.vertex_positions': [-0.10654518008232117, -0.28711727261543274, 1.1624749898910522, -0.18826353549957275, -0.33880600333213806, .. 107831 skipped .., -0.12597307562828064, 1.4806333780288696, -0.2866170406341553, -0.18464526534080505, 1.4728926420211792]}
Iteration 19
	total loss= 0.029313
Current scene parameters:
 	{'emitter-envmap.scale': [3.0], 'bsdf-diffuse.reflectance.value': [[0.18000000715255737, 0.18000000715255737, 0.18000000715255737]], 'object_bsdf.eta': [2.025719165802002], 'object_bsdf.alpha.value': [0.02360011637210846], 'medium1.albedo.value.value': [[0.5679462552070618, 0.6383658647537231, 0.6411383152008057]], 'medium1.sigma_t.value.value': [0.34552907943725586], 'shape-plane.vertex_positions': [-5.791989326477051, 1.6361994743347168, 4.137889385223389, -6.134178638458252, 1.4884796142578125, .. 857 skipped .., 1.0732252597808838, -0.012071399949491024, 5.1473188400268555, 1.5426044464111328, -0.012071399949491024], 'PLYMesh.vertex_positions': [-0.10654518008232117, -0.28711727261543274, 1.1624749898910522, -0.18826353549957275, -0.33880600333213806, .. 107831 skipped .., -0.12597307562828064, 1.4806333780288696, -0.2866170406341553, -0.18464526534080505, 1.4728926420211792]}
Iteration 20
	total loss= 0.026870
Current scene parameters:
 	{'emitter-envmap.scale': [3.0], 'bsdf-diffuse.reflectance.value': [[0.18000000715255737, 0.18000000715255737, 0.18000000715255737]], 'object_bsdf.eta': [2.0269429683685303], 'object_bsdf.alpha.value': [0.027877280488610268], 'medium1.albedo.value.value': [[0.5768187046051025, 0.6730651259422302, 0.6761558055877686]], 'medium1.sigma_t.value.value': [0.3105261027812958], 'shape-plane.vertex_positions': [-5.791989326477051, 1.6361994743347168, 4.137889385223389, -6.134178638458252, 1.4884796142578125, .. 857 skipped .., 1.0732252597808838, -0.012071399949491024, 5.1473188400268555, 1.5426044464111328, -0.012071399949491024], 'PLYMesh.vertex_positions': [-0.10654518008232117, -0.28711727261543274, 1.1624749898910522, -0.18826353549957275, -0.33880600333213806, .. 107831 skipped .., -0.12597307562828064, 1.4806333780288696, -0.2866170406341553, -0.18464526534080505, 1.4728926420211792]}
Iteration 21
	total loss= 0.024131
Current scene parameters:
 	{'emitter-envmap.scale': [3.0], 'bsdf-diffuse.reflectance.value': [[0.18000000715255737, 0.18000000715255737, 0.18000000715255737]], 'object_bsdf.eta': [2.0248289108276367], 'object_bsdf.alpha.value': [0.029475582763552666], 'medium1.albedo.value.value': [[0.5784122943878174, 0.7080380320549011, 0.7116009593009949]], 'medium1.sigma_t.value.value': [0.2751156687736511], 'shape-plane.vertex_positions': [-5.791989326477051, 1.6361994743347168, 4.137889385223389, -6.134178638458252, 1.4884796142578125, .. 857 skipped .., 1.0732252597808838, -0.012071399949491024, 5.1473188400268555, 1.5426044464111328, -0.012071399949491024], 'PLYMesh.vertex_positions': [-0.10654518008232117, -0.28711727261543274, 1.1624749898910522, -0.18826353549957275, -0.33880600333213806, .. 107831 skipped .., -0.12597307562828064, 1.4806333780288696, -0.2866170406341553, -0.18464526534080505, 1.4728926420211792]}
Iteration 22
	total loss= 0.021058
Current scene parameters:
 	{'emitter-envmap.scale': [3.0], 'bsdf-diffuse.reflectance.value': [[0.18000000715255737, 0.18000000715255737, 0.18000000715255737]], 'object_bsdf.eta': [2.018723726272583], 'object_bsdf.alpha.value': [0.029382839798927307], 'medium1.albedo.value.value': [[0.5727972388267517, 0.7430564165115356, 0.7474420070648193]], 'medium1.sigma_t.value.value': [0.23944763839244843], 'shape-plane.vertex_positions': [-5.791989326477051, 1.6361994743347168, 4.137889385223389, -6.134178638458252, 1.4884796142578125, .. 857 skipped .., 1.0732252597808838, -0.012071399949491024, 5.1473188400268555, 1.5426044464111328, -0.012071399949491024], 'PLYMesh.vertex_positions': [-0.10654518008232117, -0.28711727261543274, 1.1624749898910522, -0.18826353549957275, -0.33880600333213806, .. 107831 skipped .., -0.12597307562828064, 1.4806333780288696, -0.2866170406341553, -0.18464526534080505, 1.4728926420211792]}
Iteration 23
	total loss= 0.018517
Current scene parameters:
 	{'emitter-envmap.scale': [3.0], 'bsdf-diffuse.reflectance.value': [[0.18000000715255737, 0.18000000715255737, 0.18000000715255737]], 'object_bsdf.eta': [2.008737802505493], 'object_bsdf.alpha.value': [0.028026379644870758], 'medium1.albedo.value.value': [[0.5608645081520081, 0.7779800295829773, 0.7836947441101074]], 'medium1.sigma_t.value.value': [0.20366419851779938], 'shape-plane.vertex_positions': [-5.791989326477051, 1.6361994743347168, 4.137889385223389, -6.134178638458252, 1.4884796142578125, .. 857 skipped .., 1.0732252597808838, -0.012071399949491024, 5.1473188400268555, 1.5426044464111328, -0.012071399949491024], 'PLYMesh.vertex_positions': [-0.10654518008232117, -0.28711727261543274, 1.1624749898910522, -0.18826353549957275, -0.33880600333213806, .. 107831 skipped .., -0.12597307562828064, 1.4806333780288696, -0.2866170406341553, -0.18464526534080505, 1.4728926420211792]}
Iteration 24
	total loss= 0.016104
Current scene parameters:
 	{'emitter-envmap.scale': [3.0], 'bsdf-diffuse.reflectance.value': [[0.18000000715255737, 0.18000000715255737, 0.18000000715255737]], 'object_bsdf.eta': [1.9956492185592651], 'object_bsdf.alpha.value': [0.02583228424191475], 'medium1.albedo.value.value': [[0.5436810255050659, 0.8123716115951538, 0.820347249507904]], 'medium1.sigma_t.value.value': [0.16861943900585175], 'shape-plane.vertex_positions': [-5.791989326477051, 1.6361994743347168, 4.137889385223389, -6.134178638458252, 1.4884796142578125, .. 857 skipped .., 1.0732252597808838, -0.012071399949491024, 5.1473188400268555, 1.5426044464111328, -0.012071399949491024], 'PLYMesh.vertex_positions': [-0.10654518008232117, -0.28711727261543274, 1.1624749898910522, -0.18826353549957275, -0.33880600333213806, .. 107831 skipped .., -0.12597307562828064, 1.4806333780288696, -0.2866170406341553, -0.18464526534080505, 1.4728926420211792]}
Iteration 25
	total loss= 0.013698
Current scene parameters:
 	{'emitter-envmap.scale': [3.0], 'bsdf-diffuse.reflectance.value': [[0.18000000715255737, 0.18000000715255737, 0.18000000715255737]], 'object_bsdf.eta': [1.9805892705917358], 'object_bsdf.alpha.value': [0.021899010986089706], 'medium1.albedo.value.value': [[0.5224000811576843, 0.8455154895782471, 0.8572351336479187]], 'medium1.sigma_t.value.value': [0.13614270091056824], 'shape-plane.vertex_positions': [-5.791989326477051, 1.6361994743347168, 4.137889385223389, -6.134178638458252, 1.4884796142578125, .. 857 skipped .., 1.0732252597808838, -0.012071399949491024, 5.1473188400268555, 1.5426044464111328, -0.012071399949491024], 'PLYMesh.vertex_positions': [-0.10654518008232117, -0.28711727261543274, 1.1624749898910522, -0.18826353549957275, -0.33880600333213806, .. 107831 skipped .., -0.12597307562828064, 1.4806333780288696, -0.2866170406341553, -0.18464526534080505, 1.4728926420211792]}
Iteration 26
	total loss= 0.012276
Current scene parameters:
 	{'emitter-envmap.scale': [3.0], 'bsdf-diffuse.reflectance.value': [[0.18000000715255737, 0.18000000715255737, 0.18000000715255737]], 'object_bsdf.eta': [1.9648512601852417], 'object_bsdf.alpha.value': [0.01688239350914955], 'medium1.albedo.value.value': [[0.49760839343070984, 0.8762305378913879, 0.8941301107406616]], 'medium1.sigma_t.value.value': [0.10986174643039703], 'shape-plane.vertex_positions': [-5.791989326477051, 1.6361994743347168, 4.137889385223389, -6.134178638458252, 1.4884796142578125, .. 857 skipped .., 1.0732252597808838, -0.012071399949491024, 5.1473188400268555, 1.5426044464111328, -0.012071399949491024], 'PLYMesh.vertex_positions': [-0.10654518008232117, -0.28711727261543274, 1.1624749898910522, -0.18826353549957275, -0.33880600333213806, .. 107831 skipped .., -0.12597307562828064, 1.4806333780288696, -0.2866170406341553, -0.18464526534080505, 1.4728926420211792]}
Iteration 27
	total loss= 0.011684
Current scene parameters:
 	{'emitter-envmap.scale': [3.0], 'bsdf-diffuse.reflectance.value': [[0.18000000715255737, 0.18000000715255737, 0.18000000715255737]], 'object_bsdf.eta': [1.94758939743042], 'object_bsdf.alpha.value': [0.011285843327641487], 'medium1.albedo.value.value': [[0.469970703125, 0.9034292101860046, 0.9307372570037842]], 'medium1.sigma_t.value.value': [0.09454242885112762], 'shape-plane.vertex_positions': [-5.791989326477051, 1.6361994743347168, 4.137889385223389, -6.134178638458252, 1.4884796142578125, .. 857 skipped .., 1.0732252597808838, -0.012071399949491024, 5.1473188400268555, 1.5426044464111328, -0.012071399949491024], 'PLYMesh.vertex_positions': [-0.10654518008232117, -0.28711727261543274, 1.1624749898910522, -0.18826353549957275, -0.33880600333213806, .. 107831 skipped .., -0.12597307562828064, 1.4806333780288696, -0.2866170406341553, -0.18464526534080505, 1.4728926420211792]}
Iteration 28
	total loss= 0.011409
Current scene parameters:
 	{'emitter-envmap.scale': [3.0], 'bsdf-diffuse.reflectance.value': [[0.18000000715255737, 0.18000000715255737, 0.18000000715255737]], 'object_bsdf.eta': [1.9347023963928223], 'object_bsdf.alpha.value': [0.006079757586121559], 'medium1.albedo.value.value': [[0.4401392638683319, 0.9266610145568848, 0.9668465852737427]], 'medium1.sigma_t.value.value': [0.0917573869228363], 'shape-plane.vertex_positions': [-5.791989326477051, 1.6361994743347168, 4.137889385223389, -6.134178638458252, 1.4884796142578125, .. 857 skipped .., 1.0732252597808838, -0.012071399949491024, 5.1473188400268555, 1.5426044464111328, -0.012071399949491024], 'PLYMesh.vertex_positions': [-0.10654518008232117, -0.28711727261543274, 1.1624749898910522, -0.18826353549957275, -0.33880600333213806, .. 107831 skipped .., -0.12597307562828064, 1.4806333780288696, -0.2866170406341553, -0.18464526534080505, 1.4728926420211792]}
Iteration 29
	total loss= 0.010696
Current scene parameters:
 	{'emitter-envmap.scale': [3.0], 'bsdf-diffuse.reflectance.value': [[0.18000000715255737, 0.18000000715255737, 0.18000000715255737]], 'object_bsdf.eta': [1.9173436164855957], 'object_bsdf.alpha.value': [0.001135947648435831], 'medium1.albedo.value.value': [[0.4087536633014679, 0.9458795785903931, 0.9990000128746033]], 'medium1.sigma_t.value.value': [0.09869012236595154], 'shape-plane.vertex_positions': [-5.791989326477051, 1.6361994743347168, 4.137889385223389, -6.134178638458252, 1.4884796142578125, .. 857 skipped .., 1.0732252597808838, -0.012071399949491024, 5.1473188400268555, 1.5426044464111328, -0.012071399949491024], 'PLYMesh.vertex_positions': [-0.10654518008232117, -0.28711727261543274, 1.1624749898910522, -0.18826353549957275, -0.33880600333213806, .. 107831 skipped .., -0.12597307562828064, 1.4806333780288696, -0.2866170406341553, -0.18464526534080505, 1.4728926420211792]}
Iteration 30
	total loss= 0.009390
Current scene parameters:
 	{'emitter-envmap.scale': [3.0], 'bsdf-diffuse.reflectance.value': [[0.18000000715255737, 0.18000000715255737, 0.18000000715255737]], 'object_bsdf.eta': [1.8943055868148804], 'object_bsdf.alpha.value': [0.0010000000474974513], 'medium1.albedo.value.value': [[0.37629202008247375, 0.9601961374282837, 0.9990000128746033]], 'medium1.sigma_t.value.value': [0.11216975003480911], 'shape-plane.vertex_positions': [-5.791989326477051, 1.6361994743347168, 4.137889385223389, -6.134178638458252, 1.4884796142578125, .. 857 skipped .., 1.0732252597808838, -0.012071399949491024, 5.1473188400268555, 1.5426044464111328, -0.012071399949491024], 'PLYMesh.vertex_positions': [-0.10654518008232117, -0.28711727261543274, 1.1624749898910522, -0.18826353549957275, -0.33880600333213806, .. 107831 skipped .., -0.12597307562828064, 1.4806333780288696, -0.2866170406341553, -0.18464526534080505, 1.4728926420211792]}
Iteration 31
	total loss= 0.008799
Current scene parameters:
 	{'emitter-envmap.scale': [3.0], 'bsdf-diffuse.reflectance.value': [[0.18000000715255737, 0.18000000715255737, 0.18000000715255737]], 'object_bsdf.eta': [1.8676714897155762], 'object_bsdf.alpha.value': [0.0010000000474974513], 'medium1.albedo.value.value': [[0.3434675633907318, 0.9693470001220703, 0.9990000128746033]], 'medium1.sigma_t.value.value': [0.13012677431106567], 'shape-plane.vertex_positions': [-5.791989326477051, 1.6361994743347168, 4.137889385223389, -6.134178638458252, 1.4884796142578125, .. 857 skipped .., 1.0732252597808838, -0.012071399949491024, 5.1473188400268555, 1.5426044464111328, -0.012071399949491024], 'PLYMesh.vertex_positions': [-0.10654518008232117, -0.28711727261543274, 1.1624749898910522, -0.18826353549957275, -0.33880600333213806, .. 107831 skipped .., -0.12597307562828064, 1.4806333780288696, -0.2866170406341553, -0.18464526534080505, 1.4728926420211792]}
Iteration 32
	total loss= 0.007639
Current scene parameters:
 	{'emitter-envmap.scale': [3.0], 'bsdf-diffuse.reflectance.value': [[0.18000000715255737, 0.18000000715255737, 0.18000000715255737]], 'object_bsdf.eta': [1.8377598524093628], 'object_bsdf.alpha.value': [0.0010000000474974513], 'medium1.albedo.value.value': [[0.31098803877830505, 0.9727161526679993, 0.9990000128746033]], 'medium1.sigma_t.value.value': [0.15050466358661652], 'shape-plane.vertex_positions': [-5.791989326477051, 1.6361994743347168, 4.137889385223389, -6.134178638458252, 1.4884796142578125, .. 857 skipped .., 1.0732252597808838, -0.012071399949491024, 5.1473188400268555, 1.5426044464111328, -0.012071399949491024], 'PLYMesh.vertex_positions': [-0.10654518008232117, -0.28711727261543274, 1.1624749898910522, -0.18826353549957275, -0.33880600333213806, .. 107831 skipped .., -0.12597307562828064, 1.4806333780288696, -0.2866170406341553, -0.18464526534080505, 1.4728926420211792]}
Iteration 33
	total loss= 0.006852
Current scene parameters:
 	{'emitter-envmap.scale': [3.0], 'bsdf-diffuse.reflectance.value': [[0.18000000715255737, 0.18000000715255737, 0.18000000715255737]], 'object_bsdf.eta': [1.809833288192749], 'object_bsdf.alpha.value': [0.0010000000474974513], 'medium1.albedo.value.value': [[0.27957683801651, 0.9699054956436157, 0.9990000128746033]], 'medium1.sigma_t.value.value': [0.17217954993247986], 'shape-plane.vertex_positions': [-5.791989326477051, 1.6361994743347168, 4.137889385223389, -6.134178638458252, 1.4884796142578125, .. 857 skipped .., 1.0732252597808838, -0.012071399949491024, 5.1473188400268555, 1.5426044464111328, -0.012071399949491024], 'PLYMesh.vertex_positions': [-0.10654518008232117, -0.28711727261543274, 1.1624749898910522, -0.18826353549957275, -0.33880600333213806, .. 107831 skipped .., -0.12597307562828064, 1.4806333780288696, -0.2866170406341553, -0.18464526534080505, 1.4728926420211792]}
Iteration 34
	total loss= 0.005968
Current scene parameters:
 	{'emitter-envmap.scale': [3.0], 'bsdf-diffuse.reflectance.value': [[0.18000000715255737, 0.18000000715255737, 0.18000000715255737]], 'object_bsdf.eta': [1.7869882583618164], 'object_bsdf.alpha.value': [0.0010000000474974513], 'medium1.albedo.value.value': [[0.24986432492733002, 0.9610713124275208, 0.9990000128746033]], 'medium1.sigma_t.value.value': [0.1946675330400467], 'shape-plane.vertex_positions': [-5.791989326477051, 1.6361994743347168, 4.137889385223389, -6.134178638458252, 1.4884796142578125, .. 857 skipped .., 1.0732252597808838, -0.012071399949491024, 5.1473188400268555, 1.5426044464111328, -0.012071399949491024], 'PLYMesh.vertex_positions': [-0.10654518008232117, -0.28711727261543274, 1.1624749898910522, -0.18826353549957275, -0.33880600333213806, .. 107831 skipped .., -0.12597307562828064, 1.4806333780288696, -0.2866170406341553, -0.18464526534080505, 1.4728926420211792]}
Iteration 35
	total loss= 0.005293
Current scene parameters:
 	{'emitter-envmap.scale': [3.0], 'bsdf-diffuse.reflectance.value': [[0.18000000715255737, 0.18000000715255737, 0.18000000715255737]], 'object_bsdf.eta': [1.7783787250518799], 'object_bsdf.alpha.value': [0.0010000000474974513], 'medium1.albedo.value.value': [[0.22244825959205627, 0.9474617838859558, 0.9990000128746033]], 'medium1.sigma_t.value.value': [0.21725240349769592], 'shape-plane.vertex_positions': [-5.791989326477051, 1.6361994743347168, 4.137889385223389, -6.134178638458252, 1.4884796142578125, .. 857 skipped .., 1.0732252597808838, -0.012071399949491024, 5.1473188400268555, 1.5426044464111328, -0.012071399949491024], 'PLYMesh.vertex_positions': [-0.10654518008232117, -0.28711727261543274, 1.1624749898910522, -0.18826353549957275, -0.33880600333213806, .. 107831 skipped .., -0.12597307562828064, 1.4806333780288696, -0.2866170406341553, -0.18464526534080505, 1.4728926420211792]}
Iteration 36
	total loss= 0.004641
Current scene parameters:
 	{'emitter-envmap.scale': [3.0], 'bsdf-diffuse.reflectance.value': [[0.18000000715255737, 0.18000000715255737, 0.18000000715255737]], 'object_bsdf.eta': [1.7680374383926392], 'object_bsdf.alpha.value': [0.0010000000474974513], 'medium1.albedo.value.value': [[0.19770438969135284, 0.9300479888916016, 0.9990000128746033]], 'medium1.sigma_t.value.value': [0.23936256766319275], 'shape-plane.vertex_positions': [-5.791989326477051, 1.6361994743347168, 4.137889385223389, -6.134178638458252, 1.4884796142578125, .. 857 skipped .., 1.0732252597808838, -0.012071399949491024, 5.1473188400268555, 1.5426044464111328, -0.012071399949491024], 'PLYMesh.vertex_positions': [-0.10654518008232117, -0.28711727261543274, 1.1624749898910522, -0.18826353549957275, -0.33880600333213806, .. 107831 skipped .., -0.12597307562828064, 1.4806333780288696, -0.2866170406341553, -0.18464526534080505, 1.4728926420211792]}
Iteration 37
	total loss= 0.004411
Current scene parameters:
 	{'emitter-envmap.scale': [3.0], 'bsdf-diffuse.reflectance.value': [[0.18000000715255737, 0.18000000715255737, 0.18000000715255737]], 'object_bsdf.eta': [1.7620707750320435], 'object_bsdf.alpha.value': [0.0010000000474974513], 'medium1.albedo.value.value': [[0.17591102421283722, 0.9100364446640015, 0.9990000128746033]], 'medium1.sigma_t.value.value': [0.2609338164329529], 'shape-plane.vertex_positions': [-5.791989326477051, 1.6361994743347168, 4.137889385223389, -6.134178638458252, 1.4884796142578125, .. 857 skipped .., 1.0732252597808838, -0.012071399949491024, 5.1473188400268555, 1.5426044464111328, -0.012071399949491024], 'PLYMesh.vertex_positions': [-0.10654518008232117, -0.28711727261543274, 1.1624749898910522, -0.18826353549957275, -0.33880600333213806, .. 107831 skipped .., -0.12597307562828064, 1.4806333780288696, -0.2866170406341553, -0.18464526534080505, 1.4728926420211792]}
Iteration 38
	total loss= 0.003709
Current scene parameters:
 	{'emitter-envmap.scale': [3.0], 'bsdf-diffuse.reflectance.value': [[0.18000000715255737, 0.18000000715255737, 0.18000000715255737]], 'object_bsdf.eta': [1.7729287147521973], 'object_bsdf.alpha.value': [0.0010000000474974513], 'medium1.albedo.value.value': [[0.15719079971313477, 0.8889281153678894, 0.9990000128746033]], 'medium1.sigma_t.value.value': [0.2818997800350189], 'shape-plane.vertex_positions': [-5.791989326477051, 1.6361994743347168, 4.137889385223389, -6.134178638458252, 1.4884796142578125, .. 857 skipped .., 1.0732252597808838, -0.012071399949491024, 5.1473188400268555, 1.5426044464111328, -0.012071399949491024], 'PLYMesh.vertex_positions': [-0.10654518008232117, -0.28711727261543274, 1.1624749898910522, -0.18826353549957275, -0.33880600333213806, .. 107831 skipped .., -0.12597307562828064, 1.4806333780288696, -0.2866170406341553, -0.18464526534080505, 1.4728926420211792]}
Iteration 39
	total loss= 0.003627
Current scene parameters:
 	{'emitter-envmap.scale': [3.0], 'bsdf-diffuse.reflectance.value': [[0.18000000715255737, 0.18000000715255737, 0.18000000715255737]], 'object_bsdf.eta': [1.7886991500854492], 'object_bsdf.alpha.value': [0.0010000000474974513], 'medium1.albedo.value.value': [[0.14163783192634583, 0.8684836030006409, 0.9990000128746033]], 'medium1.sigma_t.value.value': [0.3018411099910736], 'shape-plane.vertex_positions': [-5.791989326477051, 1.6361994743347168, 4.137889385223389, -6.134178638458252, 1.4884796142578125, .. 857 skipped .., 1.0732252597808838, -0.012071399949491024, 5.1473188400268555, 1.5426044464111328, -0.012071399949491024], 'PLYMesh.vertex_positions': [-0.10654518008232117, -0.28711727261543274, 1.1624749898910522, -0.18826353549957275, -0.33880600333213806, .. 107831 skipped .., -0.12597307562828064, 1.4806333780288696, -0.2866170406341553, -0.18464526534080505, 1.4728926420211792]}
Iteration 40
	total loss= 0.003590
Current scene parameters:
 	{'emitter-envmap.scale': [3.0], 'bsdf-diffuse.reflectance.value': [[0.18000000715255737, 0.18000000715255737, 0.18000000715255737]], 'object_bsdf.eta': [1.8121658563613892], 'object_bsdf.alpha.value': [0.0010000000474974513], 'medium1.albedo.value.value': [[0.12902449071407318, 0.8500630259513855, 0.9990000128746033]], 'medium1.sigma_t.value.value': [0.32053932547569275], 'shape-plane.vertex_positions': [-5.791989326477051, 1.6361994743347168, 4.137889385223389, -6.134178638458252, 1.4884796142578125, .. 857 skipped .., 1.0732252597808838, -0.012071399949491024, 5.1473188400268555, 1.5426044464111328, -0.012071399949491024], 'PLYMesh.vertex_positions': [-0.10654518008232117, -0.28711727261543274, 1.1624749898910522, -0.18826353549957275, -0.33880600333213806, .. 107831 skipped .., -0.12597307562828064, 1.4806333780288696, -0.2866170406341553, -0.18464526534080505, 1.4728926420211792]}
Iteration 41
	total loss= 0.003497
Current scene parameters:
 	{'emitter-envmap.scale': [3.0], 'bsdf-diffuse.reflectance.value': [[0.18000000715255737, 0.18000000715255737, 0.18000000715255737]], 'object_bsdf.eta': [1.835039496421814], 'object_bsdf.alpha.value': [0.0010000000474974513], 'medium1.albedo.value.value': [[0.11921226978302002, 0.8351128697395325, 0.9990000128746033]], 'medium1.sigma_t.value.value': [0.33818602561950684], 'shape-plane.vertex_positions': [-5.791989326477051, 1.6361994743347168, 4.137889385223389, -6.134178638458252, 1.4884796142578125, .. 857 skipped .., 1.0732252597808838, -0.012071399949491024, 5.1473188400268555, 1.5426044464111328, -0.012071399949491024], 'PLYMesh.vertex_positions': [-0.10654518008232117, -0.28711727261543274, 1.1624749898910522, -0.18826353549957275, -0.33880600333213806, .. 107831 skipped .., -0.12597307562828064, 1.4806333780288696, -0.2866170406341553, -0.18464526534080505, 1.4728926420211792]}
Iteration 42
	total loss= 0.003602
Current scene parameters:
 	{'emitter-envmap.scale': [3.0], 'bsdf-diffuse.reflectance.value': [[0.18000000715255737, 0.18000000715255737, 0.18000000715255737]], 'object_bsdf.eta': [1.8545910120010376], 'object_bsdf.alpha.value': [0.0010000000474974513], 'medium1.albedo.value.value': [[0.11205971240997314, 0.8243433237075806, 0.9990000128746033]], 'medium1.sigma_t.value.value': [0.354573518037796], 'shape-plane.vertex_positions': [-5.791989326477051, 1.6361994743347168, 4.137889385223389, -6.134178638458252, 1.4884796142578125, .. 857 skipped .., 1.0732252597808838, -0.012071399949491024, 5.1473188400268555, 1.5426044464111328, -0.012071399949491024], 'PLYMesh.vertex_positions': [-0.10654518008232117, -0.28711727261543274, 1.1624749898910522, -0.18826353549957275, -0.33880600333213806, .. 107831 skipped .., -0.12597307562828064, 1.4806333780288696, -0.2866170406341553, -0.18464526534080505, 1.4728926420211792]}
Iteration 43
	total loss= 0.004042
Current scene parameters:
 	{'emitter-envmap.scale': [3.0], 'bsdf-diffuse.reflectance.value': [[0.18000000715255737, 0.18000000715255737, 0.18000000715255737]], 'object_bsdf.eta': [1.8710646629333496], 'object_bsdf.alpha.value': [0.0010000000474974513], 'medium1.albedo.value.value': [[0.10726822912693024, 0.818070113658905, 0.9990000128746033]], 'medium1.sigma_t.value.value': [0.36972057819366455], 'shape-plane.vertex_positions': [-5.791989326477051, 1.6361994743347168, 4.137889385223389, -6.134178638458252, 1.4884796142578125, .. 857 skipped .., 1.0732252597808838, -0.012071399949491024, 5.1473188400268555, 1.5426044464111328, -0.012071399949491024], 'PLYMesh.vertex_positions': [-0.10654518008232117, -0.28711727261543274, 1.1624749898910522, -0.18826353549957275, -0.33880600333213806, .. 107831 skipped .., -0.12597307562828064, 1.4806333780288696, -0.2866170406341553, -0.18464526534080505, 1.4728926420211792]}
Iteration 44
	total loss= 0.004285
Current scene parameters:
 	{'emitter-envmap.scale': [3.0], 'bsdf-diffuse.reflectance.value': [[0.18000000715255737, 0.18000000715255737, 0.18000000715255737]], 'object_bsdf.eta': [1.8861615657806396], 'object_bsdf.alpha.value': [0.0010000000474974513], 'medium1.albedo.value.value': [[0.10463236272335052, 0.8162985444068909, 0.9990000128746033]], 'medium1.sigma_t.value.value': [0.3833608031272888], 'shape-plane.vertex_positions': [-5.791989326477051, 1.6361994743347168, 4.137889385223389, -6.134178638458252, 1.4884796142578125, .. 857 skipped .., 1.0732252597808838, -0.012071399949491024, 5.1473188400268555, 1.5426044464111328, -0.012071399949491024], 'PLYMesh.vertex_positions': [-0.10654518008232117, -0.28711727261543274, 1.1624749898910522, -0.18826353549957275, -0.33880600333213806, .. 107831 skipped .., -0.12597307562828064, 1.4806333780288696, -0.2866170406341553, -0.18464526534080505, 1.4728926420211792]}
Iteration 45
	total loss= 0.004221
Current scene parameters:
 	{'emitter-envmap.scale': [3.0], 'bsdf-diffuse.reflectance.value': [[0.18000000715255737, 0.18000000715255737, 0.18000000715255737]], 'object_bsdf.eta': [1.9082895517349243], 'object_bsdf.alpha.value': [0.0010000000474974513], 'medium1.albedo.value.value': [[0.10395891219377518, 0.8187726736068726, 0.9990000128746033]], 'medium1.sigma_t.value.value': [0.3957045078277588], 'shape-plane.vertex_positions': [-5.791989326477051, 1.6361994743347168, 4.137889385223389, -6.134178638458252, 1.4884796142578125, .. 857 skipped .., 1.0732252597808838, -0.012071399949491024, 5.1473188400268555, 1.5426044464111328, -0.012071399949491024], 'PLYMesh.vertex_positions': [-0.10654518008232117, -0.28711727261543274, 1.1624749898910522, -0.18826353549957275, -0.33880600333213806, .. 107831 skipped .., -0.12597307562828064, 1.4806333780288696, -0.2866170406341553, -0.18464526534080505, 1.4728926420211792]}
Iteration 46
	total loss= 0.004557
Current scene parameters:
 	{'emitter-envmap.scale': [3.0], 'bsdf-diffuse.reflectance.value': [[0.18000000715255737, 0.18000000715255737, 0.18000000715255737]], 'object_bsdf.eta': [1.9304275512695312], 'object_bsdf.alpha.value': [0.0010000000474974513], 'medium1.albedo.value.value': [[0.10501926392316818, 0.8252086043357849, 0.9990000128746033]], 'medium1.sigma_t.value.value': [0.40683916211128235], 'shape-plane.vertex_positions': [-5.791989326477051, 1.6361994743347168, 4.137889385223389, -6.134178638458252, 1.4884796142578125, .. 857 skipped .., 1.0732252597808838, -0.012071399949491024, 5.1473188400268555, 1.5426044464111328, -0.012071399949491024], 'PLYMesh.vertex_positions': [-0.10654518008232117, -0.28711727261543274, 1.1624749898910522, -0.18826353549957275, -0.33880600333213806, .. 107831 skipped .., -0.12597307562828064, 1.4806333780288696, -0.2866170406341553, -0.18464526534080505, 1.4728926420211792]}
Iteration 47
	total loss= 0.004589
Current scene parameters:
 	{'emitter-envmap.scale': [3.0], 'bsdf-diffuse.reflectance.value': [[0.18000000715255737, 0.18000000715255737, 0.18000000715255737]], 'object_bsdf.eta': [1.9388604164123535], 'object_bsdf.alpha.value': [0.0010000000474974513], 'medium1.albedo.value.value': [[0.10762007534503937, 0.8351913690567017, 0.9990000128746033]], 'medium1.sigma_t.value.value': [0.4167419970035553], 'shape-plane.vertex_positions': [-5.791989326477051, 1.6361994743347168, 4.137889385223389, -6.134178638458252, 1.4884796142578125, .. 857 skipped .., 1.0732252597808838, -0.012071399949491024, 5.1473188400268555, 1.5426044464111328, -0.012071399949491024], 'PLYMesh.vertex_positions': [-0.10654518008232117, -0.28711727261543274, 1.1624749898910522, -0.18826353549957275, -0.33880600333213806, .. 107831 skipped .., -0.12597307562828064, 1.4806333780288696, -0.2866170406341553, -0.18464526534080505, 1.4728926420211792]}
Iteration 48
	total loss= 0.004446
Current scene parameters:
 	{'emitter-envmap.scale': [3.0], 'bsdf-diffuse.reflectance.value': [[0.18000000715255737, 0.18000000715255737, 0.18000000715255737]], 'object_bsdf.eta': [1.9463704824447632], 'object_bsdf.alpha.value': [0.00345081789419055], 'medium1.albedo.value.value': [[0.11159811168909073, 0.8484429121017456, 0.9990000128746033]], 'medium1.sigma_t.value.value': [0.42567315697669983], 'shape-plane.vertex_positions': [-5.791989326477051, 1.6361994743347168, 4.137889385223389, -6.134178638458252, 1.4884796142578125, .. 857 skipped .., 1.0732252597808838, -0.012071399949491024, 5.1473188400268555, 1.5426044464111328, -0.012071399949491024], 'PLYMesh.vertex_positions': [-0.10654518008232117, -0.28711727261543274, 1.1624749898910522, -0.18826353549957275, -0.33880600333213806, .. 107831 skipped .., -0.12597307562828064, 1.4806333780288696, -0.2866170406341553, -0.18464526534080505, 1.4728926420211792]}
Iteration 49
	total loss= 0.004167
Current scene parameters:
 	{'emitter-envmap.scale': [3.0], 'bsdf-diffuse.reflectance.value': [[0.18000000715255737, 0.18000000715255737, 0.18000000715255737]], 'object_bsdf.eta': [1.9534227848052979], 'object_bsdf.alpha.value': [0.005736706778407097], 'medium1.albedo.value.value': [[0.11681579053401947, 0.8642380833625793, 0.9990000128746033]], 'medium1.sigma_t.value.value': [0.43356212973594666], 'shape-plane.vertex_positions': [-5.791989326477051, 1.6361994743347168, 4.137889385223389, -6.134178638458252, 1.4884796142578125, .. 857 skipped .., 1.0732252597808838, -0.012071399949491024, 5.1473188400268555, 1.5426044464111328, -0.012071399949491024], 'PLYMesh.vertex_positions': [-0.10654518008232117, -0.28711727261543274, 1.1624749898910522, -0.18826353549957275, -0.33880600333213806, .. 107831 skipped .., -0.12597307562828064, 1.4806333780288696, -0.2866170406341553, -0.18464526534080505, 1.4728926420211792]}
Iteration 50
	total loss= 0.003806
Current scene parameters:
 	{'emitter-envmap.scale': [3.0], 'bsdf-diffuse.reflectance.value': [[0.18000000715255737, 0.18000000715255737, 0.18000000715255737]], 'object_bsdf.eta': [1.9600930213928223], 'object_bsdf.alpha.value': [0.009035227820277214], 'medium1.albedo.value.value': [[0.12310037761926651, 0.881926953792572, 0.9990000128746033]], 'medium1.sigma_t.value.value': [0.44077178835868835], 'shape-plane.vertex_positions': [-5.791989326477051, 1.6361994743347168, 4.137889385223389, -6.134178638458252, 1.4884796142578125, .. 857 skipped .., 1.0732252597808838, -0.012071399949491024, 5.1473188400268555, 1.5426044464111328, -0.012071399949491024], 'PLYMesh.vertex_positions': [-0.10654518008232117, -0.28711727261543274, 1.1624749898910522, -0.18826353549957275, -0.33880600333213806, .. 107831 skipped .., -0.12597307562828064, 1.4806333780288696, -0.2866170406341553, -0.18464526534080505, 1.4728926420211792]}
Iteration 51
	total loss= 0.004055
Current scene parameters:
 	{'emitter-envmap.scale': [3.0], 'bsdf-diffuse.reflectance.value': [[0.18000000715255737, 0.18000000715255737, 0.18000000715255737]], 'object_bsdf.eta': [1.9654384851455688], 'object_bsdf.alpha.value': [0.011104547418653965], 'medium1.albedo.value.value': [[0.13036835193634033, 0.9007470011711121, 0.9990000128746033]], 'medium1.sigma_t.value.value': [0.44738152623176575], 'shape-plane.vertex_positions': [-5.791989326477051, 1.6361994743347168, 4.137889385223389, -6.134178638458252, 1.4884796142578125, .. 857 skipped .., 1.0732252597808838, -0.012071399949491024, 5.1473188400268555, 1.5426044464111328, -0.012071399949491024], 'PLYMesh.vertex_positions': [-0.10654518008232117, -0.28711727261543274, 1.1624749898910522, -0.18826353549957275, -0.33880600333213806, .. 107831 skipped .., -0.12597307562828064, 1.4806333780288696, -0.2866170406341553, -0.18464526534080505, 1.4728926420211792]}
Iteration 52
	total loss= 0.003845
Current scene parameters:
 	{'emitter-envmap.scale': [3.0], 'bsdf-diffuse.reflectance.value': [[0.18000000715255737, 0.18000000715255737, 0.18000000715255737]], 'object_bsdf.eta': [1.969752311706543], 'object_bsdf.alpha.value': [0.012904530391097069], 'medium1.albedo.value.value': [[0.13859844207763672, 0.919740617275238, 0.9990000128746033]], 'medium1.sigma_t.value.value': [0.4533820152282715], 'shape-plane.vertex_positions': [-5.791989326477051, 1.6361994743347168, 4.137889385223389, -6.134178638458252, 1.4884796142578125, .. 857 skipped .., 1.0732252597808838, -0.012071399949491024, 5.1473188400268555, 1.5426044464111328, -0.012071399949491024], 'PLYMesh.vertex_positions': [-0.10654518008232117, -0.28711727261543274, 1.1624749898910522, -0.18826353549957275, -0.33880600333213806, .. 107831 skipped .., -0.12597307562828064, 1.4806333780288696, -0.2866170406341553, -0.18464526534080505, 1.4728926420211792]}
Iteration 53
	total loss= 0.003832
Current scene parameters:
 	{'emitter-envmap.scale': [3.0], 'bsdf-diffuse.reflectance.value': [[0.18000000715255737, 0.18000000715255737, 0.18000000715255737]], 'object_bsdf.eta': [1.97353196144104], 'object_bsdf.alpha.value': [0.014932872727513313], 'medium1.albedo.value.value': [[0.14762063324451447, 0.9373553395271301, 0.9990000128746033]], 'medium1.sigma_t.value.value': [0.45905330777168274], 'shape-plane.vertex_positions': [-5.791989326477051, 1.6361994743347168, 4.137889385223389, -6.134178638458252, 1.4884796142578125, .. 857 skipped .., 1.0732252597808838, -0.012071399949491024, 5.1473188400268555, 1.5426044464111328, -0.012071399949491024], 'PLYMesh.vertex_positions': [-0.10654518008232117, -0.28711727261543274, 1.1624749898910522, -0.18826353549957275, -0.33880600333213806, .. 107831 skipped .., -0.12597307562828064, 1.4806333780288696, -0.2866170406341553, -0.18464526534080505, 1.4728926420211792]}
Iteration 54
	total loss= 0.004014
Current scene parameters:
 	{'emitter-envmap.scale': [3.0], 'bsdf-diffuse.reflectance.value': [[0.18000000715255737, 0.18000000715255737, 0.18000000715255737]], 'object_bsdf.eta': [1.9767440557479858], 'object_bsdf.alpha.value': [0.01670769788324833], 'medium1.albedo.value.value': [[0.15736013650894165, 0.9511997103691101, 0.9990000128746033]], 'medium1.sigma_t.value.value': [0.4647107422351837], 'shape-plane.vertex_positions': [-5.791989326477051, 1.6361994743347168, 4.137889385223389, -6.134178638458252, 1.4884796142578125, .. 857 skipped .., 1.0732252597808838, -0.012071399949491024, 5.1473188400268555, 1.5426044464111328, -0.012071399949491024], 'PLYMesh.vertex_positions': [-0.10654518008232117, -0.28711727261543274, 1.1624749898910522, -0.18826353549957275, -0.33880600333213806, .. 107831 skipped .., -0.12597307562828064, 1.4806333780288696, -0.2866170406341553, -0.18464526534080505, 1.4728926420211792]}
Iteration 55
	total loss= 0.004348
Current scene parameters:
 	{'emitter-envmap.scale': [3.0], 'bsdf-diffuse.reflectance.value': [[0.18000000715255737, 0.18000000715255737, 0.18000000715255737]], 'object_bsdf.eta': [1.9793874025344849], 'object_bsdf.alpha.value': [0.017846673727035522], 'medium1.albedo.value.value': [[0.1677495241165161, 0.9588662981987, 0.9990000128746033]], 'medium1.sigma_t.value.value': [0.4700251519680023], 'shape-plane.vertex_positions': [-5.791989326477051, 1.6361994743347168, 4.137889385223389, -6.134178638458252, 1.4884796142578125, .. 857 skipped .., 1.0732252597808838, -0.012071399949491024, 5.1473188400268555, 1.5426044464111328, -0.012071399949491024], 'PLYMesh.vertex_positions': [-0.10654518008232117, -0.28711727261543274, 1.1624749898910522, -0.18826353549957275, -0.33880600333213806, .. 107831 skipped .., -0.12597307562828064, 1.4806333780288696, -0.2866170406341553, -0.18464526534080505, 1.4728926420211792]}
Iteration 56
	total loss= 0.004712
Current scene parameters:
 	{'emitter-envmap.scale': [3.0], 'bsdf-diffuse.reflectance.value': [[0.18000000715255737, 0.18000000715255737, 0.18000000715255737]], 'object_bsdf.eta': [1.9817020893096924], 'object_bsdf.alpha.value': [0.01836131140589714], 'medium1.albedo.value.value': [[0.17869916558265686, 0.9590147137641907, 0.9990000128746033]], 'medium1.sigma_t.value.value': [0.47499606013298035], 'shape-plane.vertex_positions': [-5.791989326477051, 1.6361994743347168, 4.137889385223389, -6.134178638458252, 1.4884796142578125, .. 857 skipped .., 1.0732252597808838, -0.012071399949491024, 5.1473188400268555, 1.5426044464111328, -0.012071399949491024], 'PLYMesh.vertex_positions': [-0.10654518008232117, -0.28711727261543274, 1.1624749898910522, -0.18826353549957275, -0.33880600333213806, .. 107831 skipped .., -0.12597307562828064, 1.4806333780288696, -0.2866170406341553, -0.18464526534080505, 1.4728926420211792]}
Iteration 57
	total loss= 0.004376
Current scene parameters:
 	{'emitter-envmap.scale': [3.0], 'bsdf-diffuse.reflectance.value': [[0.18000000715255737, 0.18000000715255737, 0.18000000715255737]], 'object_bsdf.eta': [1.9838292598724365], 'object_bsdf.alpha.value': [0.018538257107138634], 'medium1.albedo.value.value': [[0.1901749223470688, 0.9526851773262024, 0.9990000128746033]], 'medium1.sigma_t.value.value': [0.4798787236213684], 'shape-plane.vertex_positions': [-5.791989326477051, 1.6361994743347168, 4.137889385223389, -6.134178638458252, 1.4884796142578125, .. 857 skipped .., 1.0732252597808838, -0.012071399949491024, 5.1473188400268555, 1.5426044464111328, -0.012071399949491024], 'PLYMesh.vertex_positions': [-0.10654518008232117, -0.28711727261543274, 1.1624749898910522, -0.18826353549957275, -0.33880600333213806, .. 107831 skipped .., -0.12597307562828064, 1.4806333780288696, -0.2866170406341553, -0.18464526534080505, 1.4728926420211792]}
Iteration 58
	total loss= 0.004163
Current scene parameters:
 	{'emitter-envmap.scale': [3.0], 'bsdf-diffuse.reflectance.value': [[0.18000000715255737, 0.18000000715255737, 0.18000000715255737]], 'object_bsdf.eta': [1.985630750656128], 'object_bsdf.alpha.value': [0.018146896734833717], 'medium1.albedo.value.value': [[0.20219826698303223, 0.942621648311615, 0.9990000128746033]], 'medium1.sigma_t.value.value': [0.48466023802757263], 'shape-plane.vertex_positions': [-5.791989326477051, 1.6361994743347168, 4.137889385223389, -6.134178638458252, 1.4884796142578125, .. 857 skipped .., 1.0732252597808838, -0.012071399949491024, 5.1473188400268555, 1.5426044464111328, -0.012071399949491024], 'PLYMesh.vertex_positions': [-0.10654518008232117, -0.28711727261543274, 1.1624749898910522, -0.18826353549957275, -0.33880600333213806, .. 107831 skipped .., -0.12597307562828064, 1.4806333780288696, -0.2866170406341553, -0.18464526534080505, 1.4728926420211792]}
Iteration 59
	total loss= 0.004102
Current scene parameters:
 	{'emitter-envmap.scale': [3.0], 'bsdf-diffuse.reflectance.value': [[0.18000000715255737, 0.18000000715255737, 0.18000000715255737]], 'object_bsdf.eta': [1.987375020980835], 'object_bsdf.alpha.value': [0.017486929893493652], 'medium1.albedo.value.value': [[0.21470370888710022, 0.9312618970870972, 0.9990000128746033]], 'medium1.sigma_t.value.value': [0.4893743693828583], 'shape-plane.vertex_positions': [-5.791989326477051, 1.6361994743347168, 4.137889385223389, -6.134178638458252, 1.4884796142578125, .. 857 skipped .., 1.0732252597808838, -0.012071399949491024, 5.1473188400268555, 1.5426044464111328, -0.012071399949491024], 'PLYMesh.vertex_positions': [-0.10654518008232117, -0.28711727261543274, 1.1624749898910522, -0.18826353549957275, -0.33880600333213806, .. 107831 skipped .., -0.12597307562828064, 1.4806333780288696, -0.2866170406341553, -0.18464526534080505, 1.4728926420211792]}
Iteration 60
	total loss= 0.003974
Current scene parameters:
 	{'emitter-envmap.scale': [3.0], 'bsdf-diffuse.reflectance.value': [[0.18000000715255737, 0.18000000715255737, 0.18000000715255737]], 'object_bsdf.eta': [1.9885627031326294], 'object_bsdf.alpha.value': [0.01695176400244236], 'medium1.albedo.value.value': [[0.22755423188209534, 0.9205152988433838, 0.9990000128746033]], 'medium1.sigma_t.value.value': [0.4941588342189789], 'shape-plane.vertex_positions': [-5.791989326477051, 1.6361994743347168, 4.137889385223389, -6.134178638458252, 1.4884796142578125, .. 857 skipped .., 1.0732252597808838, -0.012071399949491024, 5.1473188400268555, 1.5426044464111328, -0.012071399949491024], 'PLYMesh.vertex_positions': [-0.10654518008232117, -0.28711727261543274, 1.1624749898910522, -0.18826353549957275, -0.33880600333213806, .. 107831 skipped .., -0.12597307562828064, 1.4806333780288696, -0.2866170406341553, -0.18464526534080505, 1.4728926420211792]}
Iteration 61
	total loss= 0.003636
Current scene parameters:
 	{'emitter-envmap.scale': [3.0], 'bsdf-diffuse.reflectance.value': [[0.18000000715255737, 0.18000000715255737, 0.18000000715255737]], 'object_bsdf.eta': [1.9894613027572632], 'object_bsdf.alpha.value': [0.016448449343442917], 'medium1.albedo.value.value': [[0.2407233864068985, 0.9116595983505249, 0.9990000128746033]], 'medium1.sigma_t.value.value': [0.49912023544311523], 'shape-plane.vertex_positions': [-5.791989326477051, 1.6361994743347168, 4.137889385223389, -6.134178638458252, 1.4884796142578125, .. 857 skipped .., 1.0732252597808838, -0.012071399949491024, 5.1473188400268555, 1.5426044464111328, -0.012071399949491024], 'PLYMesh.vertex_positions': [-0.10654518008232117, -0.28711727261543274, 1.1624749898910522, -0.18826353549957275, -0.33880600333213806, .. 107831 skipped .., -0.12597307562828064, 1.4806333780288696, -0.2866170406341553, -0.18464526534080505, 1.4728926420211792]}
Iteration 62
	total loss= 0.004169
Current scene parameters:
 	{'emitter-envmap.scale': [3.0], 'bsdf-diffuse.reflectance.value': [[0.18000000715255737, 0.18000000715255737, 0.18000000715255737]], 'object_bsdf.eta': [1.9900586605072021], 'object_bsdf.alpha.value': [0.015560626983642578], 'medium1.albedo.value.value': [[0.25429296493530273, 0.9061009287834167, 0.9990000128746033]], 'medium1.sigma_t.value.value': [0.5040577054023743], 'shape-plane.vertex_positions': [-5.791989326477051, 1.6361994743347168, 4.137889385223389, -6.134178638458252, 1.4884796142578125, .. 857 skipped .., 1.0732252597808838, -0.012071399949491024, 5.1473188400268555, 1.5426044464111328, -0.012071399949491024], 'PLYMesh.vertex_positions': [-0.10654518008232117, -0.28711727261543274, 1.1624749898910522, -0.18826353549957275, -0.33880600333213806, .. 107831 skipped .., -0.12597307562828064, 1.4806333780288696, -0.2866170406341553, -0.18464526534080505, 1.4728926420211792]}
Iteration 63
	total loss= 0.004017
Current scene parameters:
 	{'emitter-envmap.scale': [3.0], 'bsdf-diffuse.reflectance.value': [[0.18000000715255737, 0.18000000715255737, 0.18000000715255737]], 'object_bsdf.eta': [1.9903600215911865], 'object_bsdf.alpha.value': [0.014202604070305824], 'medium1.albedo.value.value': [[0.2681749761104584, 0.9037191271781921, 0.9990000128746033]], 'medium1.sigma_t.value.value': [0.5088820457458496], 'shape-plane.vertex_positions': [-5.791989326477051, 1.6361994743347168, 4.137889385223389, -6.134178638458252, 1.4884796142578125, .. 857 skipped .., 1.0732252597808838, -0.012071399949491024, 5.1473188400268555, 1.5426044464111328, -0.012071399949491024], 'PLYMesh.vertex_positions': [-0.10654518008232117, -0.28711727261543274, 1.1624749898910522, -0.18826353549957275, -0.33880600333213806, .. 107831 skipped .., -0.12597307562828064, 1.4806333780288696, -0.2866170406341553, -0.18464526534080505, 1.4728926420211792]}
Iteration 64
	total loss= 0.004017
Current scene parameters:
 	{'emitter-envmap.scale': [3.0], 'bsdf-diffuse.reflectance.value': [[0.18000000715255737, 0.18000000715255737, 0.18000000715255737]], 'object_bsdf.eta': [1.99030601978302], 'object_bsdf.alpha.value': [0.012905879877507687], 'medium1.albedo.value.value': [[0.28231361508369446, 0.9045814871788025, 0.9990000128746033]], 'medium1.sigma_t.value.value': [0.5135743021965027], 'shape-plane.vertex_positions': [-5.791989326477051, 1.6361994743347168, 4.137889385223389, -6.134178638458252, 1.4884796142578125, .. 857 skipped .., 1.0732252597808838, -0.012071399949491024, 5.1473188400268555, 1.5426044464111328, -0.012071399949491024], 'PLYMesh.vertex_positions': [-0.10654518008232117, -0.28711727261543274, 1.1624749898910522, -0.18826353549957275, -0.33880600333213806, .. 107831 skipped .., -0.12597307562828064, 1.4806333780288696, -0.2866170406341553, -0.18464526534080505, 1.4728926420211792]}
Iteration 65
	total loss= 0.003790
Current scene parameters:
 	{'emitter-envmap.scale': [3.0], 'bsdf-diffuse.reflectance.value': [[0.18000000715255737, 0.18000000715255737, 0.18000000715255737]], 'object_bsdf.eta': [1.990125298500061], 'object_bsdf.alpha.value': [0.011025641113519669], 'medium1.albedo.value.value': [[0.2967197895050049, 0.9081003069877625, 0.9990000128746033]], 'medium1.sigma_t.value.value': [0.5178408026695251], 'shape-plane.vertex_positions': [-5.791989326477051, 1.6361994743347168, 4.137889385223389, -6.134178638458252, 1.4884796142578125, .. 857 skipped .., 1.0732252597808838, -0.012071399949491024, 5.1473188400268555, 1.5426044464111328, -0.012071399949491024], 'PLYMesh.vertex_positions': [-0.10654518008232117, -0.28711727261543274, 1.1624749898910522, -0.18826353549957275, -0.33880600333213806, .. 107831 skipped .., -0.12597307562828064, 1.4806333780288696, -0.2866170406341553, -0.18464526534080505, 1.4728926420211792]}
Iteration 66
	total loss= 0.003527
Current scene parameters:
 	{'emitter-envmap.scale': [3.0], 'bsdf-diffuse.reflectance.value': [[0.18000000715255737, 0.18000000715255737, 0.18000000715255737]], 'object_bsdf.eta': [1.9892878532409668], 'object_bsdf.alpha.value': [0.008533919230103493], 'medium1.albedo.value.value': [[0.3113809823989868, 0.913823664188385, 0.9990000128746033]], 'medium1.sigma_t.value.value': [0.5219776034355164], 'shape-plane.vertex_positions': [-5.791989326477051, 1.6361994743347168, 4.137889385223389, -6.134178638458252, 1.4884796142578125, .. 857 skipped .., 1.0732252597808838, -0.012071399949491024, 5.1473188400268555, 1.5426044464111328, -0.012071399949491024], 'PLYMesh.vertex_positions': [-0.10654518008232117, -0.28711727261543274, 1.1624749898910522, -0.18826353549957275, -0.33880600333213806, .. 107831 skipped .., -0.12597307562828064, 1.4806333780288696, -0.2866170406341553, -0.18464526534080505, 1.4728926420211792]}
Iteration 67
	total loss= 0.003734
Current scene parameters:
 	{'emitter-envmap.scale': [3.0], 'bsdf-diffuse.reflectance.value': [[0.18000000715255737, 0.18000000715255737, 0.18000000715255737]], 'object_bsdf.eta': [1.988433837890625], 'object_bsdf.alpha.value': [0.005422629415988922], 'medium1.albedo.value.value': [[0.32633569836616516, 0.9208554029464722, 0.9990000128746033]], 'medium1.sigma_t.value.value': [0.5255146622657776], 'shape-plane.vertex_positions': [-5.791989326477051, 1.6361994743347168, 4.137889385223389, -6.134178638458252, 1.4884796142578125, .. 857 skipped .., 1.0732252597808838, -0.012071399949491024, 5.1473188400268555, 1.5426044464111328, -0.012071399949491024], 'PLYMesh.vertex_positions': [-0.10654518008232117, -0.28711727261543274, 1.1624749898910522, -0.18826353549957275, -0.33880600333213806, .. 107831 skipped .., -0.12597307562828064, 1.4806333780288696, -0.2866170406341553, -0.18464526534080505, 1.4728926420211792]}
Iteration 68
	total loss= 0.003429
Current scene parameters:
 	{'emitter-envmap.scale': [3.0], 'bsdf-diffuse.reflectance.value': [[0.18000000715255737, 0.18000000715255737, 0.18000000715255737]], 'object_bsdf.eta': [1.9873839616775513], 'object_bsdf.alpha.value': [0.00192049122415483], 'medium1.albedo.value.value': [[0.3415299355983734, 0.9280565977096558, 0.9990000128746033]], 'medium1.sigma_t.value.value': [0.5288694500923157], 'shape-plane.vertex_positions': [-5.791989326477051, 1.6361994743347168, 4.137889385223389, -6.134178638458252, 1.4884796142578125, .. 857 skipped .., 1.0732252597808838, -0.012071399949491024, 5.1473188400268555, 1.5426044464111328, -0.012071399949491024], 'PLYMesh.vertex_positions': [-0.10654518008232117, -0.28711727261543274, 1.1624749898910522, -0.18826353549957275, -0.33880600333213806, .. 107831 skipped .., -0.12597307562828064, 1.4806333780288696, -0.2866170406341553, -0.18464526534080505, 1.4728926420211792]}
Iteration 69
	total loss= 0.003309
Current scene parameters:
 	{'emitter-envmap.scale': [3.0], 'bsdf-diffuse.reflectance.value': [[0.18000000715255737, 0.18000000715255737, 0.18000000715255737]], 'object_bsdf.eta': [1.9864952564239502], 'object_bsdf.alpha.value': [0.0010000000474974513], 'medium1.albedo.value.value': [[0.35686206817626953, 0.9341986179351807, 0.9990000128746033]], 'medium1.sigma_t.value.value': [0.5322907567024231], 'shape-plane.vertex_positions': [-5.791989326477051, 1.6361994743347168, 4.137889385223389, -6.134178638458252, 1.4884796142578125, .. 857 skipped .., 1.0732252597808838, -0.012071399949491024, 5.1473188400268555, 1.5426044464111328, -0.012071399949491024], 'PLYMesh.vertex_positions': [-0.10654518008232117, -0.28711727261543274, 1.1624749898910522, -0.18826353549957275, -0.33880600333213806, .. 107831 skipped .., -0.12597307562828064, 1.4806333780288696, -0.2866170406341553, -0.18464526534080505, 1.4728926420211792]}
Iteration 70
	total loss= 0.003449
Current scene parameters:
 	{'emitter-envmap.scale': [3.0], 'bsdf-diffuse.reflectance.value': [[0.18000000715255737, 0.18000000715255737, 0.18000000715255737]], 'object_bsdf.eta': [1.9831886291503906], 'object_bsdf.alpha.value': [0.001102109090425074], 'medium1.albedo.value.value': [[0.37223905324935913, 0.9385753870010376, 0.9990000128746033]], 'medium1.sigma_t.value.value': [0.5357810258865356], 'shape-plane.vertex_positions': [-5.791989326477051, 1.6361994743347168, 4.137889385223389, -6.134178638458252, 1.4884796142578125, .. 857 skipped .., 1.0732252597808838, -0.012071399949491024, 5.1473188400268555, 1.5426044464111328, -0.012071399949491024], 'PLYMesh.vertex_positions': [-0.10654518008232117, -0.28711727261543274, 1.1624749898910522, -0.18826353549957275, -0.33880600333213806, .. 107831 skipped .., -0.12597307562828064, 1.4806333780288696, -0.2866170406341553, -0.18464526534080505, 1.4728926420211792]}
Iteration 71
	total loss= 0.003208
Current scene parameters:
 	{'emitter-envmap.scale': [3.0], 'bsdf-diffuse.reflectance.value': [[0.18000000715255737, 0.18000000715255737, 0.18000000715255737]], 'object_bsdf.eta': [1.9772237539291382], 'object_bsdf.alpha.value': [0.0010000000474974513], 'medium1.albedo.value.value': [[0.3876984417438507, 0.9399016499519348, 0.9990000128746033]], 'medium1.sigma_t.value.value': [0.5390573143959045], 'shape-plane.vertex_positions': [-5.791989326477051, 1.6361994743347168, 4.137889385223389, -6.134178638458252, 1.4884796142578125, .. 857 skipped .., 1.0732252597808838, -0.012071399949491024, 5.1473188400268555, 1.5426044464111328, -0.012071399949491024], 'PLYMesh.vertex_positions': [-0.10654518008232117, -0.28711727261543274, 1.1624749898910522, -0.18826353549957275, -0.33880600333213806, .. 107831 skipped .., -0.12597307562828064, 1.4806333780288696, -0.2866170406341553, -0.18464526534080505, 1.4728926420211792]}
Iteration 72
	total loss= 0.003020
Current scene parameters:
 	{'emitter-envmap.scale': [3.0], 'bsdf-diffuse.reflectance.value': [[0.18000000715255737, 0.18000000715255737, 0.18000000715255737]], 'object_bsdf.eta': [1.9706388711929321], 'object_bsdf.alpha.value': [0.005861520301550627], 'medium1.albedo.value.value': [[0.4032948315143585, 0.9384195804595947, 0.9990000128746033]], 'medium1.sigma_t.value.value': [0.5418860912322998], 'shape-plane.vertex_positions': [-5.791989326477051, 1.6361994743347168, 4.137889385223389, -6.134178638458252, 1.4884796142578125, .. 857 skipped .., 1.0732252597808838, -0.012071399949491024, 5.1473188400268555, 1.5426044464111328, -0.012071399949491024], 'PLYMesh.vertex_positions': [-0.10654518008232117, -0.28711727261543274, 1.1624749898910522, -0.18826353549957275, -0.33880600333213806, .. 107831 skipped .., -0.12597307562828064, 1.4806333780288696, -0.2866170406341553, -0.18464526534080505, 1.4728926420211792]}
Iteration 73
	total loss= 0.003398
Current scene parameters:
 	{'emitter-envmap.scale': [3.0], 'bsdf-diffuse.reflectance.value': [[0.18000000715255737, 0.18000000715255737, 0.18000000715255737]], 'object_bsdf.eta': [1.9646291732788086], 'object_bsdf.alpha.value': [0.009404130280017853], 'medium1.albedo.value.value': [[0.41894152760505676, 0.9351381659507751, 0.9990000128746033]], 'medium1.sigma_t.value.value': [0.5446732044219971], 'shape-plane.vertex_positions': [-5.791989326477051, 1.6361994743347168, 4.137889385223389, -6.134178638458252, 1.4884796142578125, .. 857 skipped .., 1.0732252597808838, -0.012071399949491024, 5.1473188400268555, 1.5426044464111328, -0.012071399949491024], 'PLYMesh.vertex_positions': [-0.10654518008232117, -0.28711727261543274, 1.1624749898910522, -0.18826353549957275, -0.33880600333213806, .. 107831 skipped .., -0.12597307562828064, 1.4806333780288696, -0.2866170406341553, -0.18464526534080505, 1.4728926420211792]}
Iteration 74
	total loss= 0.003281
Current scene parameters:
 	{'emitter-envmap.scale': [3.0], 'bsdf-diffuse.reflectance.value': [[0.18000000715255737, 0.18000000715255737, 0.18000000715255737]], 'object_bsdf.eta': [1.9589048624038696], 'object_bsdf.alpha.value': [0.011650432832539082], 'medium1.albedo.value.value': [[0.43454447388648987, 0.9308971166610718, 0.9990000128746033]], 'medium1.sigma_t.value.value': [0.5476024150848389], 'shape-plane.vertex_positions': [-5.791989326477051, 1.6361994743347168, 4.137889385223389, -6.134178638458252, 1.4884796142578125, .. 857 skipped .., 1.0732252597808838, -0.012071399949491024, 5.1473188400268555, 1.5426044464111328, -0.012071399949491024], 'PLYMesh.vertex_positions': [-0.10654518008232117, -0.28711727261543274, 1.1624749898910522, -0.18826353549957275, -0.33880600333213806, .. 107831 skipped .., -0.12597307562828064, 1.4806333780288696, -0.2866170406341553, -0.18464526534080505, 1.4728926420211792]}
Iteration 75
	total loss= 0.003262
Current scene parameters:
 	{'emitter-envmap.scale': [3.0], 'bsdf-diffuse.reflectance.value': [[0.18000000715255737, 0.18000000715255737, 0.18000000715255737]], 'object_bsdf.eta': [1.9538817405700684], 'object_bsdf.alpha.value': [0.012841262854635715], 'medium1.albedo.value.value': [[0.4501130282878876, 0.9269142746925354, 0.9990000128746033]], 'medium1.sigma_t.value.value': [0.5505008697509766], 'shape-plane.vertex_positions': [-5.791989326477051, 1.6361994743347168, 4.137889385223389, -6.134178638458252, 1.4884796142578125, .. 857 skipped .., 1.0732252597808838, -0.012071399949491024, 5.1473188400268555, 1.5426044464111328, -0.012071399949491024], 'PLYMesh.vertex_positions': [-0.10654518008232117, -0.28711727261543274, 1.1624749898910522, -0.18826353549957275, -0.33880600333213806, .. 107831 skipped .., -0.12597307562828064, 1.4806333780288696, -0.2866170406341553, -0.18464526534080505, 1.4728926420211792]}
Iteration 76
	total loss= 0.003262
Current scene parameters:
 	{'emitter-envmap.scale': [3.0], 'bsdf-diffuse.reflectance.value': [[0.18000000715255737, 0.18000000715255737, 0.18000000715255737]], 'object_bsdf.eta': [1.9490082263946533], 'object_bsdf.alpha.value': [0.013522891327738762], 'medium1.albedo.value.value': [[0.4655612111091614, 0.9237051606178284, 0.9990000128746033]], 'medium1.sigma_t.value.value': [0.5532933473587036], 'shape-plane.vertex_positions': [-5.791989326477051, 1.6361994743347168, 4.137889385223389, -6.134178638458252, 1.4884796142578125, .. 857 skipped .., 1.0732252597808838, -0.012071399949491024, 5.1473188400268555, 1.5426044464111328, -0.012071399949491024], 'PLYMesh.vertex_positions': [-0.10654518008232117, -0.28711727261543274, 1.1624749898910522, -0.18826353549957275, -0.33880600333213806, .. 107831 skipped .., -0.12597307562828064, 1.4806333780288696, -0.2866170406341553, -0.18464526534080505, 1.4728926420211792]}
Iteration 77
	total loss= 0.003358
Current scene parameters:
 	{'emitter-envmap.scale': [3.0], 'bsdf-diffuse.reflectance.value': [[0.18000000715255737, 0.18000000715255737, 0.18000000715255737]], 'object_bsdf.eta': [1.9451844692230225], 'object_bsdf.alpha.value': [0.01333654299378395], 'medium1.albedo.value.value': [[0.480761855840683, 0.9219784736633301, 0.9990000128746033]], 'medium1.sigma_t.value.value': [0.556025505065918], 'shape-plane.vertex_positions': [-5.791989326477051, 1.6361994743347168, 4.137889385223389, -6.134178638458252, 1.4884796142578125, .. 857 skipped .., 1.0732252597808838, -0.012071399949491024, 5.1473188400268555, 1.5426044464111328, -0.012071399949491024], 'PLYMesh.vertex_positions': [-0.10654518008232117, -0.28711727261543274, 1.1624749898910522, -0.18826353549957275, -0.33880600333213806, .. 107831 skipped .., -0.12597307562828064, 1.4806333780288696, -0.2866170406341553, -0.18464526534080505, 1.4728926420211792]}
Iteration 78
	total loss= 0.003038
Current scene parameters:
 	{'emitter-envmap.scale': [3.0], 'bsdf-diffuse.reflectance.value': [[0.18000000715255737, 0.18000000715255737, 0.18000000715255737]], 'object_bsdf.eta': [1.9412564039230347], 'object_bsdf.alpha.value': [0.013098619878292084], 'medium1.albedo.value.value': [[0.49553316831588745, 0.921444833278656, 0.9990000128746033]], 'medium1.sigma_t.value.value': [0.5588127970695496], 'shape-plane.vertex_positions': [-5.791989326477051, 1.6361994743347168, 4.137889385223389, -6.134178638458252, 1.4884796142578125, .. 857 skipped .., 1.0732252597808838, -0.012071399949491024, 5.1473188400268555, 1.5426044464111328, -0.012071399949491024], 'PLYMesh.vertex_positions': [-0.10654518008232117, -0.28711727261543274, 1.1624749898910522, -0.18826353549957275, -0.33880600333213806, .. 107831 skipped .., -0.12597307562828064, 1.4806333780288696, -0.2866170406341553, -0.18464526534080505, 1.4728926420211792]}
Iteration 79
	total loss= 0.002940
Current scene parameters:
 	{'emitter-envmap.scale': [3.0], 'bsdf-diffuse.reflectance.value': [[0.18000000715255737, 0.18000000715255737, 0.18000000715255737]], 'object_bsdf.eta': [1.937328577041626], 'object_bsdf.alpha.value': [0.012408416718244553], 'medium1.albedo.value.value': [[0.5098869800567627, 0.9218198657035828, 0.9990000128746033]], 'medium1.sigma_t.value.value': [0.5616239309310913], 'shape-plane.vertex_positions': [-5.791989326477051, 1.6361994743347168, 4.137889385223389, -6.134178638458252, 1.4884796142578125, .. 857 skipped .., 1.0732252597808838, -0.012071399949491024, 5.1473188400268555, 1.5426044464111328, -0.012071399949491024], 'PLYMesh.vertex_positions': [-0.10654518008232117, -0.28711727261543274, 1.1624749898910522, -0.18826353549957275, -0.33880600333213806, .. 107831 skipped .., -0.12597307562828064, 1.4806333780288696, -0.2866170406341553, -0.18464526534080505, 1.4728926420211792]}
Iteration 80
	total loss= 0.002857
Current scene parameters:
 	{'emitter-envmap.scale': [3.0], 'bsdf-diffuse.reflectance.value': [[0.18000000715255737, 0.18000000715255737, 0.18000000715255737]], 'object_bsdf.eta': [1.9338384866714478], 'object_bsdf.alpha.value': [0.011298036202788353], 'medium1.albedo.value.value': [[0.5236621499061584, 0.9230424165725708, 0.9990000128746033]], 'medium1.sigma_t.value.value': [0.5643258690834045], 'shape-plane.vertex_positions': [-5.791989326477051, 1.6361994743347168, 4.137889385223389, -6.134178638458252, 1.4884796142578125, .. 857 skipped .., 1.0732252597808838, -0.012071399949491024, 5.1473188400268555, 1.5426044464111328, -0.012071399949491024], 'PLYMesh.vertex_positions': [-0.10654518008232117, -0.28711727261543274, 1.1624749898910522, -0.18826353549957275, -0.33880600333213806, .. 107831 skipped .., -0.12597307562828064, 1.4806333780288696, -0.2866170406341553, -0.18464526534080505, 1.4728926420211792]}
Iteration 81
	total loss= 0.002939
Current scene parameters:
 	{'emitter-envmap.scale': [3.0], 'bsdf-diffuse.reflectance.value': [[0.18000000715255737, 0.18000000715255737, 0.18000000715255737]], 'object_bsdf.eta': [1.9299436807632446], 'object_bsdf.alpha.value': [0.009451127611100674], 'medium1.albedo.value.value': [[0.5367123484611511, 0.9248474836349487, 0.9990000128746033]], 'medium1.sigma_t.value.value': [0.566548228263855], 'shape-plane.vertex_positions': [-5.791989326477051, 1.6361994743347168, 4.137889385223389, -6.134178638458252, 1.4884796142578125, .. 857 skipped .., 1.0732252597808838, -0.012071399949491024, 5.1473188400268555, 1.5426044464111328, -0.012071399949491024], 'PLYMesh.vertex_positions': [-0.10654518008232117, -0.28711727261543274, 1.1624749898910522, -0.18826353549957275, -0.33880600333213806, .. 107831 skipped .., -0.12597307562828064, 1.4806333780288696, -0.2866170406341553, -0.18464526534080505, 1.4728926420211792]}
Iteration 82
	total loss= 0.002846
Current scene parameters:
 	{'emitter-envmap.scale': [3.0], 'bsdf-diffuse.reflectance.value': [[0.18000000715255737, 0.18000000715255737, 0.18000000715255737]], 'object_bsdf.eta': [1.9265209436416626], 'object_bsdf.alpha.value': [0.0074682654812932014], 'medium1.albedo.value.value': [[0.5489469766616821, 0.9267260432243347, 0.9990000128746033]], 'medium1.sigma_t.value.value': [0.5689635872840881], 'shape-plane.vertex_positions': [-5.791989326477051, 1.6361994743347168, 4.137889385223389, -6.134178638458252, 1.4884796142578125, .. 857 skipped .., 1.0732252597808838, -0.012071399949491024, 5.1473188400268555, 1.5426044464111328, -0.012071399949491024], 'PLYMesh.vertex_positions': [-0.10654518008232117, -0.28711727261543274, 1.1624749898910522, -0.18826353549957275, -0.33880600333213806, .. 107831 skipped .., -0.12597307562828064, 1.4806333780288696, -0.2866170406341553, -0.18464526534080505, 1.4728926420211792]}
Iteration 83
	total loss= 0.002548
Current scene parameters:
 	{'emitter-envmap.scale': [3.0], 'bsdf-diffuse.reflectance.value': [[0.18000000715255737, 0.18000000715255737, 0.18000000715255737]], 'object_bsdf.eta': [1.9240002632141113], 'object_bsdf.alpha.value': [0.004271027632057667], 'medium1.albedo.value.value': [[0.5602531433105469, 0.9279698729515076, 0.9990000128746033]], 'medium1.sigma_t.value.value': [0.5713862776756287], 'shape-plane.vertex_positions': [-5.791989326477051, 1.6361994743347168, 4.137889385223389, -6.134178638458252, 1.4884796142578125, .. 857 skipped .., 1.0732252597808838, -0.012071399949491024, 5.1473188400268555, 1.5426044464111328, -0.012071399949491024], 'PLYMesh.vertex_positions': [-0.10654518008232117, -0.28711727261543274, 1.1624749898910522, -0.18826353549957275, -0.33880600333213806, .. 107831 skipped .., -0.12597307562828064, 1.4806333780288696, -0.2866170406341553, -0.18464526534080505, 1.4728926420211792]}
Iteration 84
	total loss= 0.002787
Current scene parameters:
 	{'emitter-envmap.scale': [3.0], 'bsdf-diffuse.reflectance.value': [[0.18000000715255737, 0.18000000715255737, 0.18000000715255737]], 'object_bsdf.eta': [1.9205108880996704], 'object_bsdf.alpha.value': [0.002756275935098529], 'medium1.albedo.value.value': [[0.5705353617668152, 0.9285256862640381, 0.9990000128746033]], 'medium1.sigma_t.value.value': [0.5739643573760986], 'shape-plane.vertex_positions': [-5.791989326477051, 1.6361994743347168, 4.137889385223389, -6.134178638458252, 1.4884796142578125, .. 857 skipped .., 1.0732252597808838, -0.012071399949491024, 5.1473188400268555, 1.5426044464111328, -0.012071399949491024], 'PLYMesh.vertex_positions': [-0.10654518008232117, -0.28711727261543274, 1.1624749898910522, -0.18826353549957275, -0.33880600333213806, .. 107831 skipped .., -0.12597307562828064, 1.4806333780288696, -0.2866170406341553, -0.18464526534080505, 1.4728926420211792]}
Iteration 85
	total loss= 0.002806
Current scene parameters:
 	{'emitter-envmap.scale': [3.0], 'bsdf-diffuse.reflectance.value': [[0.18000000715255737, 0.18000000715255737, 0.18000000715255737]], 'object_bsdf.eta': [1.9162102937698364], 'object_bsdf.alpha.value': [0.0019392649410292506], 'medium1.albedo.value.value': [[0.5796126127243042, 0.9285558462142944, 0.9990000128746033]], 'medium1.sigma_t.value.value': [0.5765752792358398], 'shape-plane.vertex_positions': [-5.791989326477051, 1.6361994743347168, 4.137889385223389, -6.134178638458252, 1.4884796142578125, .. 857 skipped .., 1.0732252597808838, -0.012071399949491024, 5.1473188400268555, 1.5426044464111328, -0.012071399949491024], 'PLYMesh.vertex_positions': [-0.10654518008232117, -0.28711727261543274, 1.1624749898910522, -0.18826353549957275, -0.33880600333213806, .. 107831 skipped .., -0.12597307562828064, 1.4806333780288696, -0.2866170406341553, -0.18464526534080505, 1.4728926420211792]}
Iteration 86
	total loss= 0.002665
Current scene parameters:
 	{'emitter-envmap.scale': [3.0], 'bsdf-diffuse.reflectance.value': [[0.18000000715255737, 0.18000000715255737, 0.18000000715255737]], 'object_bsdf.eta': [1.913809061050415], 'object_bsdf.alpha.value': [0.0010000000474974513], 'medium1.albedo.value.value': [[0.587426483631134, 0.9278682470321655, 0.9990000128746033]], 'medium1.sigma_t.value.value': [0.5792131423950195], 'shape-plane.vertex_positions': [-5.791989326477051, 1.6361994743347168, 4.137889385223389, -6.134178638458252, 1.4884796142578125, .. 857 skipped .., 1.0732252597808838, -0.012071399949491024, 5.1473188400268555, 1.5426044464111328, -0.012071399949491024], 'PLYMesh.vertex_positions': [-0.10654518008232117, -0.28711727261543274, 1.1624749898910522, -0.18826353549957275, -0.33880600333213806, .. 107831 skipped .., -0.12597307562828064, 1.4806333780288696, -0.2866170406341553, -0.18464526534080505, 1.4728926420211792]}
Iteration 87
	total loss= 0.002661
Current scene parameters:
 	{'emitter-envmap.scale': [3.0], 'bsdf-diffuse.reflectance.value': [[0.18000000715255737, 0.18000000715255737, 0.18000000715255737]], 'object_bsdf.eta': [1.9192525148391724], 'object_bsdf.alpha.value': [0.0010000000474974513], 'medium1.albedo.value.value': [[0.5939880609512329, 0.9267045259475708, 0.9990000128746033]], 'medium1.sigma_t.value.value': [0.582094132900238], 'shape-plane.vertex_positions': [-5.791989326477051, 1.6361994743347168, 4.137889385223389, -6.134178638458252, 1.4884796142578125, .. 857 skipped .., 1.0732252597808838, -0.012071399949491024, 5.1473188400268555, 1.5426044464111328, -0.012071399949491024], 'PLYMesh.vertex_positions': [-0.10654518008232117, -0.28711727261543274, 1.1624749898910522, -0.18826353549957275, -0.33880600333213806, .. 107831 skipped .., -0.12597307562828064, 1.4806333780288696, -0.2866170406341553, -0.18464526534080505, 1.4728926420211792]}
Iteration 88
	total loss= 0.002542
Current scene parameters:
 	{'emitter-envmap.scale': [3.0], 'bsdf-diffuse.reflectance.value': [[0.18000000715255737, 0.18000000715255737, 0.18000000715255737]], 'object_bsdf.eta': [1.9193365573883057], 'object_bsdf.alpha.value': [0.0010000000474974513], 'medium1.albedo.value.value': [[0.5991718769073486, 0.9249491095542908, 0.9990000128746033]], 'medium1.sigma_t.value.value': [0.5850833654403687], 'shape-plane.vertex_positions': [-5.791989326477051, 1.6361994743347168, 4.137889385223389, -6.134178638458252, 1.4884796142578125, .. 857 skipped .., 1.0732252597808838, -0.012071399949491024, 5.1473188400268555, 1.5426044464111328, -0.012071399949491024], 'PLYMesh.vertex_positions': [-0.10654518008232117, -0.28711727261543274, 1.1624749898910522, -0.18826353549957275, -0.33880600333213806, .. 107831 skipped .., -0.12597307562828064, 1.4806333780288696, -0.2866170406341553, -0.18464526534080505, 1.4728926420211792]}
Iteration 89
	total loss= 0.002737
Current scene parameters:
 	{'emitter-envmap.scale': [3.0], 'bsdf-diffuse.reflectance.value': [[0.18000000715255737, 0.18000000715255737, 0.18000000715255737]], 'object_bsdf.eta': [1.9241409301757812], 'object_bsdf.alpha.value': [0.0010000000474974513], 'medium1.albedo.value.value': [[0.6030083298683167, 0.9230034947395325, 0.9990000128746033]], 'medium1.sigma_t.value.value': [0.5879462957382202], 'shape-plane.vertex_positions': [-5.791989326477051, 1.6361994743347168, 4.137889385223389, -6.134178638458252, 1.4884796142578125, .. 857 skipped .., 1.0732252597808838, -0.012071399949491024, 5.1473188400268555, 1.5426044464111328, -0.012071399949491024], 'PLYMesh.vertex_positions': [-0.10654518008232117, -0.28711727261543274, 1.1624749898910522, -0.18826353549957275, -0.33880600333213806, .. 107831 skipped .., -0.12597307562828064, 1.4806333780288696, -0.2866170406341553, -0.18464526534080505, 1.4728926420211792]}
Iteration 90
	total loss= 0.002963
Current scene parameters:
 	{'emitter-envmap.scale': [3.0], 'bsdf-diffuse.reflectance.value': [[0.18000000715255737, 0.18000000715255737, 0.18000000715255737]], 'object_bsdf.eta': [1.928831934928894], 'object_bsdf.alpha.value': [0.0010000000474974513], 'medium1.albedo.value.value': [[0.6055521965026855, 0.9219771027565002, 0.9990000128746033]], 'medium1.sigma_t.value.value': [0.5909034609794617], 'shape-plane.vertex_positions': [-5.791989326477051, 1.6361994743347168, 4.137889385223389, -6.134178638458252, 1.4884796142578125, .. 857 skipped .., 1.0732252597808838, -0.012071399949491024, 5.1473188400268555, 1.5426044464111328, -0.012071399949491024], 'PLYMesh.vertex_positions': [-0.10654518008232117, -0.28711727261543274, 1.1624749898910522, -0.18826353549957275, -0.33880600333213806, .. 107831 skipped .., -0.12597307562828064, 1.4806333780288696, -0.2866170406341553, -0.18464526534080505, 1.4728926420211792]}
Iteration 91
	total loss= 0.002826
Current scene parameters:
 	{'emitter-envmap.scale': [3.0], 'bsdf-diffuse.reflectance.value': [[0.18000000715255737, 0.18000000715255737, 0.18000000715255737]], 'object_bsdf.eta': [1.9314085245132446], 'object_bsdf.alpha.value': [0.0010000000474974513], 'medium1.albedo.value.value': [[0.6068824529647827, 0.921883225440979, 0.9990000128746033]], 'medium1.sigma_t.value.value': [0.593602180480957], 'shape-plane.vertex_positions': [-5.791989326477051, 1.6361994743347168, 4.137889385223389, -6.134178638458252, 1.4884796142578125, .. 857 skipped .., 1.0732252597808838, -0.012071399949491024, 5.1473188400268555, 1.5426044464111328, -0.012071399949491024], 'PLYMesh.vertex_positions': [-0.10654518008232117, -0.28711727261543274, 1.1624749898910522, -0.18826353549957275, -0.33880600333213806, .. 107831 skipped .., -0.12597307562828064, 1.4806333780288696, -0.2866170406341553, -0.18464526534080505, 1.4728926420211792]}
Iteration 92
	total loss= 0.002759
Current scene parameters:
 	{'emitter-envmap.scale': [3.0], 'bsdf-diffuse.reflectance.value': [[0.18000000715255737, 0.18000000715255737, 0.18000000715255737]], 'object_bsdf.eta': [1.9323416948318481], 'object_bsdf.alpha.value': [0.0010000000474974513], 'medium1.albedo.value.value': [[0.6070495843887329, 0.9224861264228821, 0.9990000128746033]], 'medium1.sigma_t.value.value': [0.5960468649864197], 'shape-plane.vertex_positions': [-5.791989326477051, 1.6361994743347168, 4.137889385223389, -6.134178638458252, 1.4884796142578125, .. 857 skipped .., 1.0732252597808838, -0.012071399949491024, 5.1473188400268555, 1.5426044464111328, -0.012071399949491024], 'PLYMesh.vertex_positions': [-0.10654518008232117, -0.28711727261543274, 1.1624749898910522, -0.18826353549957275, -0.33880600333213806, .. 107831 skipped .., -0.12597307562828064, 1.4806333780288696, -0.2866170406341553, -0.18464526534080505, 1.4728926420211792]}
Iteration 93
	total loss= 0.002910
Current scene parameters:
 	{'emitter-envmap.scale': [3.0], 'bsdf-diffuse.reflectance.value': [[0.18000000715255737, 0.18000000715255737, 0.18000000715255737]], 'object_bsdf.eta': [1.933950662612915], 'object_bsdf.alpha.value': [0.0010000000474974513], 'medium1.albedo.value.value': [[0.6062043309211731, 0.9238440990447998, 0.9990000128746033]], 'medium1.sigma_t.value.value': [0.5984073877334595], 'shape-plane.vertex_positions': [-5.791989326477051, 1.6361994743347168, 4.137889385223389, -6.134178638458252, 1.4884796142578125, .. 857 skipped .., 1.0732252597808838, -0.012071399949491024, 5.1473188400268555, 1.5426044464111328, -0.012071399949491024], 'PLYMesh.vertex_positions': [-0.10654518008232117, -0.28711727261543274, 1.1624749898910522, -0.18826353549957275, -0.33880600333213806, .. 107831 skipped .., -0.12597307562828064, 1.4806333780288696, -0.2866170406341553, -0.18464526534080505, 1.4728926420211792]}
Iteration 94
	total loss= 0.002745
Current scene parameters:
 	{'emitter-envmap.scale': [3.0], 'bsdf-diffuse.reflectance.value': [[0.18000000715255737, 0.18000000715255737, 0.18000000715255737]], 'object_bsdf.eta': [1.9401150941848755], 'object_bsdf.alpha.value': [0.0010000000474974513], 'medium1.albedo.value.value': [[0.6042984127998352, 0.9252457618713379, 0.9990000128746033]], 'medium1.sigma_t.value.value': [0.6009626984596252], 'shape-plane.vertex_positions': [-5.791989326477051, 1.6361994743347168, 4.137889385223389, -6.134178638458252, 1.4884796142578125, .. 857 skipped .., 1.0732252597808838, -0.012071399949491024, 5.1473188400268555, 1.5426044464111328, -0.012071399949491024], 'PLYMesh.vertex_positions': [-0.10654518008232117, -0.28711727261543274, 1.1624749898910522, -0.18826353549957275, -0.33880600333213806, .. 107831 skipped .., -0.12597307562828064, 1.4806333780288696, -0.2866170406341553, -0.18464526534080505, 1.4728926420211792]}
Iteration 95
	total loss= 0.003137
Current scene parameters:
 	{'emitter-envmap.scale': [3.0], 'bsdf-diffuse.reflectance.value': [[0.18000000715255737, 0.18000000715255737, 0.18000000715255737]], 'object_bsdf.eta': [1.9461138248443604], 'object_bsdf.alpha.value': [0.0010000000474974513], 'medium1.albedo.value.value': [[0.6015626788139343, 0.9268130660057068, 0.9990000128746033]], 'medium1.sigma_t.value.value': [0.6035494804382324], 'shape-plane.vertex_positions': [-5.791989326477051, 1.6361994743347168, 4.137889385223389, -6.134178638458252, 1.4884796142578125, .. 857 skipped .., 1.0732252597808838, -0.012071399949491024, 5.1473188400268555, 1.5426044464111328, -0.012071399949491024], 'PLYMesh.vertex_positions': [-0.10654518008232117, -0.28711727261543274, 1.1624749898910522, -0.18826353549957275, -0.33880600333213806, .. 107831 skipped .., -0.12597307562828064, 1.4806333780288696, -0.2866170406341553, -0.18464526534080505, 1.4728926420211792]}
Iteration 96
	total loss= 0.002954
Current scene parameters:
 	{'emitter-envmap.scale': [3.0], 'bsdf-diffuse.reflectance.value': [[0.18000000715255737, 0.18000000715255737, 0.18000000715255737]], 'object_bsdf.eta': [1.9503775835037231], 'object_bsdf.alpha.value': [0.0010000000474974513], 'medium1.albedo.value.value': [[0.5985820889472961, 0.9287481904029846, 0.9990000128746033]], 'medium1.sigma_t.value.value': [0.606291651725769], 'shape-plane.vertex_positions': [-5.791989326477051, 1.6361994743347168, 4.137889385223389, -6.134178638458252, 1.4884796142578125, .. 857 skipped .., 1.0732252597808838, -0.012071399949491024, 5.1473188400268555, 1.5426044464111328, -0.012071399949491024], 'PLYMesh.vertex_positions': [-0.10654518008232117, -0.28711727261543274, 1.1624749898910522, -0.18826353549957275, -0.33880600333213806, .. 107831 skipped .., -0.12597307562828064, 1.4806333780288696, -0.2866170406341553, -0.18464526534080505, 1.4728926420211792]}
Iteration 97
	total loss= 0.002687
Current scene parameters:
 	{'emitter-envmap.scale': [3.0], 'bsdf-diffuse.reflectance.value': [[0.18000000715255737, 0.18000000715255737, 0.18000000715255737]], 'object_bsdf.eta': [1.9490998983383179], 'object_bsdf.alpha.value': [0.0010000000474974513], 'medium1.albedo.value.value': [[0.5954603552818298, 0.930666983127594, 0.9990000128746033]], 'medium1.sigma_t.value.value': [0.6089457869529724], 'shape-plane.vertex_positions': [-5.791989326477051, 1.6361994743347168, 4.137889385223389, -6.134178638458252, 1.4884796142578125, .. 857 skipped .., 1.0732252597808838, -0.012071399949491024, 5.1473188400268555, 1.5426044464111328, -0.012071399949491024], 'PLYMesh.vertex_positions': [-0.10654518008232117, -0.28711727261543274, 1.1624749898910522, -0.18826353549957275, -0.33880600333213806, .. 107831 skipped .., -0.12597307562828064, 1.4806333780288696, -0.2866170406341553, -0.18464526534080505, 1.4728926420211792]}
Iteration 98
	total loss= 0.002958
Current scene parameters:
 	{'emitter-envmap.scale': [3.0], 'bsdf-diffuse.reflectance.value': [[0.18000000715255737, 0.18000000715255737, 0.18000000715255737]], 'object_bsdf.eta': [1.9454294443130493], 'object_bsdf.alpha.value': [0.0010000000474974513], 'medium1.albedo.value.value': [[0.5922157764434814, 0.9321422576904297, 0.9990000128746033]], 'medium1.sigma_t.value.value': [0.6116352081298828], 'shape-plane.vertex_positions': [-5.791989326477051, 1.6361994743347168, 4.137889385223389, -6.134178638458252, 1.4884796142578125, .. 857 skipped .., 1.0732252597808838, -0.012071399949491024, 5.1473188400268555, 1.5426044464111328, -0.012071399949491024], 'PLYMesh.vertex_positions': [-0.10654518008232117, -0.28711727261543274, 1.1624749898910522, -0.18826353549957275, -0.33880600333213806, .. 107831 skipped .., -0.12597307562828064, 1.4806333780288696, -0.2866170406341553, -0.18464526534080505, 1.4728926420211792]}
Iteration 99
	total loss= 0.002714
Current scene parameters:
 	{'emitter-envmap.scale': [3.0], 'bsdf-diffuse.reflectance.value': [[0.18000000715255737, 0.18000000715255737, 0.18000000715255737]], 'object_bsdf.eta': [1.9401859045028687], 'object_bsdf.alpha.value': [0.0010000000474974513], 'medium1.albedo.value.value': [[0.5889667868614197, 0.9329460263252258, 0.9990000128746033]], 'medium1.sigma_t.value.value': [0.6148074865341187], 'shape-plane.vertex_positions': [-5.791989326477051, 1.6361994743347168, 4.137889385223389, -6.134178638458252, 1.4884796142578125, .. 857 skipped .., 1.0732252597808838, -0.012071399949491024, 5.1473188400268555, 1.5426044464111328, -0.012071399949491024], 'PLYMesh.vertex_positions': [-0.10654518008232117, -0.28711727261543274, 1.1624749898910522, -0.18826353549957275, -0.33880600333213806, .. 107831 skipped .., -0.12597307562828064, 1.4806333780288696, -0.2866170406341553, -0.18464526534080505, 1.4728926420211792]}
Optimization loop end. Elapsed time: 154.696s
Initial scene parameters:
 {'emitter-envmap.scale': [3.0], 'bsdf-diffuse.reflectance.value': [[0.18000000715255737, 0.18000000715255737, 0.18000000715255737]], 'object_bsdf.eta': [1.573571801185608], 'object_bsdf.alpha.value': [0.4700008034706116], 'medium1.albedo.value.value': [[0.0399964302778244, 0.03999798744916916, 0.039998553693294525]], 'medium1.sigma_t.value.value': [0.9500026702880859], 'shape-plane.vertex_positions': [-5.791989326477051, 1.6361994743347168, 4.137889385223389, -6.134178638458252, 1.4884796142578125, .. 857 skipped .., 1.0732252597808838, -0.012071399949491024, 5.1473188400268555, 1.5426044464111328, -0.012071399949491024], 'PLYMesh.vertex_positions': [-0.10654518008232117, -0.28711727261543274, 1.1624749898910522, -0.18826353549957275, -0.33880600333213806, .. 107831 skipped .., -0.12597307562828064, 1.4806333780288696, -0.2866170406341553, -0.18464526534080505, 1.4728926420211792]}
End scene parameters:
 {'emitter-envmap.scale': [3.0], 'bsdf-diffuse.reflectance.value': [[0.18000000715255737, 0.18000000715255737, 0.18000000715255737]], 'object_bsdf.eta': [1.9401859045028687], 'object_bsdf.alpha.value': [0.0010000000474974513], 'medium1.albedo.value.value': [[0.5889667868614197, 0.9329460263252258, 0.9990000128746033]], 'medium1.sigma_t.value.value': [0.6148074865341187], 'shape-plane.vertex_positions': [-5.791989326477051, 1.6361994743347168, 4.137889385223389, -6.134178638458252, 1.4884796142578125, .. 857 skipped .., 1.0732252597808838, -0.012071399949491024, 5.1473188400268555, 1.5426044464111328, -0.012071399949491024], 'PLYMesh.vertex_positions': [-0.10654518008232117, -0.28711727261543274, 1.1624749898910522, -0.18826353549957275, -0.33880600333213806, .. 107831 skipped .., -0.12597307562828064, 1.4806333780288696, -0.2866170406341553, -0.18464526534080505, 1.4728926420211792]}
Mitsuba version:
 3.2.1
Hyperparameters:
	minimum error:0.001,
	spp:8,
	optimization func.:Deng et al. Dual Buffer Method,
	iteraration count:100
Optimization parameters:
 	{'emitter-envmap.scale': {'Learning Rate': 0.03, 'Min. Clamp Value': 0.001, 'Max. Clamp Value': 100, 'Optimize': False}, 'bsdf-diffuse.reflectance.value': {'Learning Rate': 0.03, 'Min. Clamp Value': 0.001, 'Max. Clamp Value': 0.999, 'Optimize': False}, 'object_bsdf.eta': {'Learning Rate': 0.03, 'Min. Clamp Value': 0.001, 'Max. Clamp Value': 4.1, 'Optimize': True}, 'object_bsdf.alpha.value': {'Learning Rate': 0.03, 'Min. Clamp Value': 0.001, 'Max. Clamp Value': 0.7, 'Optimize': True}, 'medium1.albedo.value.value': {'Learning Rate': 0.03, 'Min. Clamp Value': 0.001, 'Max. Clamp Value': 0.999, 'Optimize': True}, 'medium1.sigma_t.value.value': {'Learning Rate': 0.03, 'Min. Clamp Value': 0.001, 'Max. Clamp Value': 0.999, 'Optimize': True}, 'shape-plane.vertex_positions': {'Learning Rate': 0.03, 'Min. Clamp Value': [[-100.0, -100.0, -100.0]], 'Max. Clamp Value': [[100.0, 100.0, 100.0]], 'Optimize': False}, 'PLYMesh.vertex_positions': {'Learning Rate': 0.03, 'Min. Clamp Value': [[-100.0, -100.0, -100.0]], 'Max. Clamp Value': [[100.0, 100.0, 100.0]], 'Optimize': False}}