Optimization loop begin
Iteration 00
	total loss= 0.737208
Current scene parameters:
 	{'mat-Shape.brdf_0.clearcoat.value': [0.0], 'mat-Shape.brdf_0.clearcoat_gloss.value': [0.17320500314235687], 'mat-Shape.brdf_0.metallic.value': [0.0], 'mat-Shape.brdf_0.eta': [1.6849251985549927], 'mat-Shape.brdf_0.roughness.value': [0.5827410221099854], 'mat-Shape.brdf_0.base_color.data': TensorXf(shape=(512, 512, 3)), 'mat-Shape.brdf_0.anisotropic.value': [0.0], 'mat-Shape.brdf_0.spec_tint.value': [0.0], 'mat-Shape.brdf_0.sheen.value': [0.0], 'mat-Shape.brdf_0.sheen_tint.value': [0.5], 'mat-Shape.brdf_0.spec_trans.value': [0.0], 'mat-Shape.brdf_0.flatness.value': [0.0], 'ConstantBackgroundEmitter.radiance.value': [1.0], 'PLYMesh.vertex_positions': [0.04647684097290039, -0.8128980398178101, 9.793985366821289, 0.047476958483457565, -0.8050024509429932, .. 100442 skipped .., -0.8201310038566589, 9.804094314575195, 0.018902182579040527, -0.8199227452278137, 9.805669784545898]}
Iteration 01
	total loss= 0.723316
Current scene parameters:
 	{'mat-Shape.brdf_0.clearcoat.value': [0.0], 'mat-Shape.brdf_0.clearcoat_gloss.value': [0.17320500314235687], 'mat-Shape.brdf_0.metallic.value': [0.0], 'mat-Shape.brdf_0.eta': [1.7485071420669556], 'mat-Shape.brdf_0.roughness.value': [0.6981866359710693], 'mat-Shape.brdf_0.base_color.data': TensorXf(shape=(512, 512, 3)), 'mat-Shape.brdf_0.anisotropic.value': [0.0], 'mat-Shape.brdf_0.spec_tint.value': [0.0], 'mat-Shape.brdf_0.sheen.value': [0.0], 'mat-Shape.brdf_0.sheen_tint.value': [0.5], 'mat-Shape.brdf_0.spec_trans.value': [0.0], 'mat-Shape.brdf_0.flatness.value': [0.0], 'ConstantBackgroundEmitter.radiance.value': [1.0], 'PLYMesh.vertex_positions': [0.04648078605532646, -0.8134907484054565, 9.793473243713379, 0.048207495361566544, -0.8056653738021851, .. 100442 skipped .., -0.8202842473983765, 9.803951263427734, 0.017997542396187782, -0.8208306431770325, 9.804999351501465]}
Iteration 02
	total loss= 0.712252
Current scene parameters:
 	{'mat-Shape.brdf_0.clearcoat.value': [0.0], 'mat-Shape.brdf_0.clearcoat_gloss.value': [0.17320500314235687], 'mat-Shape.brdf_0.metallic.value': [0.0], 'mat-Shape.brdf_0.eta': [1.7815423011779785], 'mat-Shape.brdf_0.roughness.value': [0.7657682299613953], 'mat-Shape.brdf_0.base_color.data': TensorXf(shape=(512, 512, 3)), 'mat-Shape.brdf_0.anisotropic.value': [0.0], 'mat-Shape.brdf_0.spec_tint.value': [0.0], 'mat-Shape.brdf_0.sheen.value': [0.0], 'mat-Shape.brdf_0.sheen_tint.value': [0.5], 'mat-Shape.brdf_0.spec_trans.value': [0.0], 'mat-Shape.brdf_0.flatness.value': [0.0], 'ConstantBackgroundEmitter.radiance.value': [1.0], 'PLYMesh.vertex_positions': [0.046555642038583755, -0.8140733242034912, 9.792984008789062, 0.048516858369112015, -0.8062784671783447, .. 100442 skipped .., -0.8207738995552063, 9.803689002990723, 0.017339525744318962, -0.8217833638191223, 9.804305076599121]}
Iteration 03
	total loss= 0.701117
Current scene parameters:
 	{'mat-Shape.brdf_0.clearcoat.value': [0.0], 'mat-Shape.brdf_0.clearcoat_gloss.value': [0.17320500314235687], 'mat-Shape.brdf_0.metallic.value': [0.0], 'mat-Shape.brdf_0.eta': [1.7865813970565796], 'mat-Shape.brdf_0.roughness.value': [0.8276989459991455], 'mat-Shape.brdf_0.base_color.data': TensorXf(shape=(512, 512, 3)), 'mat-Shape.brdf_0.anisotropic.value': [0.0], 'mat-Shape.brdf_0.spec_tint.value': [0.0], 'mat-Shape.brdf_0.sheen.value': [0.0], 'mat-Shape.brdf_0.sheen_tint.value': [0.5], 'mat-Shape.brdf_0.spec_trans.value': [0.0], 'mat-Shape.brdf_0.flatness.value': [0.0], 'ConstantBackgroundEmitter.radiance.value': [1.0], 'PLYMesh.vertex_positions': [0.04635791480541229, -0.8146639466285706, 9.792539596557617, 0.04849968105554581, -0.8069486618041992, .. 100442 skipped .., -0.821253776550293, 9.803406715393066, 0.016861462965607643, -0.8224351406097412, 9.803812980651855]}
Iteration 04
	total loss= 0.689907
Current scene parameters:
 	{'mat-Shape.brdf_0.clearcoat.value': [0.0], 'mat-Shape.brdf_0.clearcoat_gloss.value': [0.17320500314235687], 'mat-Shape.brdf_0.metallic.value': [0.0], 'mat-Shape.brdf_0.eta': [1.7775579690933228], 'mat-Shape.brdf_0.roughness.value': [0.8841057419776917], 'mat-Shape.brdf_0.base_color.data': TensorXf(shape=(512, 512, 3)), 'mat-Shape.brdf_0.anisotropic.value': [0.0], 'mat-Shape.brdf_0.spec_tint.value': [0.0], 'mat-Shape.brdf_0.sheen.value': [0.0], 'mat-Shape.brdf_0.sheen_tint.value': [0.5], 'mat-Shape.brdf_0.spec_trans.value': [0.0], 'mat-Shape.brdf_0.flatness.value': [0.0], 'ConstantBackgroundEmitter.radiance.value': [1.0], 'PLYMesh.vertex_positions': [0.04639220982789993, -0.815201461315155, 9.79218578338623, 0.04836862534284592, -0.8075249791145325, .. 100442 skipped .., -0.821597158908844, 9.80318832397461, 0.0165615975856781, -0.8229969143867493, 9.80328369140625]}
Iteration 05
	total loss= 0.679492
Current scene parameters:
 	{'mat-Shape.brdf_0.clearcoat.value': [0.0], 'mat-Shape.brdf_0.clearcoat_gloss.value': [0.17320500314235687], 'mat-Shape.brdf_0.metallic.value': [0.0], 'mat-Shape.brdf_0.eta': [1.7629314661026], 'mat-Shape.brdf_0.roughness.value': [0.9300516247749329], 'mat-Shape.brdf_0.base_color.data': TensorXf(shape=(512, 512, 3)), 'mat-Shape.brdf_0.anisotropic.value': [0.0], 'mat-Shape.brdf_0.spec_tint.value': [0.0], 'mat-Shape.brdf_0.sheen.value': [0.0], 'mat-Shape.brdf_0.sheen_tint.value': [0.5], 'mat-Shape.brdf_0.spec_trans.value': [0.0], 'mat-Shape.brdf_0.flatness.value': [0.0], 'ConstantBackgroundEmitter.radiance.value': [1.0], 'PLYMesh.vertex_positions': [0.04641081020236015, -0.8156557679176331, 9.791873931884766, 0.04809632897377014, -0.8080188632011414, .. 100442 skipped .., -0.8218221664428711, 9.803048133850098, 0.01643974892795086, -0.8235542178153992, 9.802842140197754]}
Iteration 06
	total loss= 0.668701
Current scene parameters:
 	{'mat-Shape.brdf_0.clearcoat.value': [0.0], 'mat-Shape.brdf_0.clearcoat_gloss.value': [0.17320500314235687], 'mat-Shape.brdf_0.metallic.value': [0.0], 'mat-Shape.brdf_0.eta': [1.7408961057662964], 'mat-Shape.brdf_0.roughness.value': [0.9771926999092102], 'mat-Shape.brdf_0.base_color.data': TensorXf(shape=(512, 512, 3)), 'mat-Shape.brdf_0.anisotropic.value': [0.0], 'mat-Shape.brdf_0.spec_tint.value': [0.0], 'mat-Shape.brdf_0.sheen.value': [0.0], 'mat-Shape.brdf_0.sheen_tint.value': [0.5], 'mat-Shape.brdf_0.spec_trans.value': [0.0], 'mat-Shape.brdf_0.flatness.value': [0.0], 'ConstantBackgroundEmitter.radiance.value': [1.0], 'PLYMesh.vertex_positions': [0.04642118513584137, -0.8160110712051392, 9.79160213470459, 0.04795602709054947, -0.8085349798202515, .. 100442 skipped .., -0.8220333456993103, 9.802903175354004, 0.01643090695142746, -0.8240355253219604, 9.802443504333496]}
Iteration 07
	total loss= 0.657660
Current scene parameters:
 	{'mat-Shape.brdf_0.clearcoat.value': [0.0], 'mat-Shape.brdf_0.clearcoat_gloss.value': [0.17320500314235687], 'mat-Shape.brdf_0.metallic.value': [0.0], 'mat-Shape.brdf_0.eta': [1.713950276374817], 'mat-Shape.brdf_0.roughness.value': [0.9990000128746033], 'mat-Shape.brdf_0.base_color.data': TensorXf(shape=(512, 512, 3)), 'mat-Shape.brdf_0.anisotropic.value': [0.0], 'mat-Shape.brdf_0.spec_tint.value': [0.0], 'mat-Shape.brdf_0.sheen.value': [0.0], 'mat-Shape.brdf_0.sheen_tint.value': [0.5], 'mat-Shape.brdf_0.spec_trans.value': [0.0], 'mat-Shape.brdf_0.flatness.value': [0.0], 'ConstantBackgroundEmitter.radiance.value': [1.0], 'PLYMesh.vertex_positions': [0.04624470695853233, -0.8162820339202881, 9.791393280029297, 0.047824762761592865, -0.8090431690216064, .. 100442 skipped .., -0.8222021460533142, 9.8027925491333, 0.016371997073292732, -0.82454913854599, 9.8019437789917]}
Iteration 08
	total loss= 0.646184
Current scene parameters:
 	{'mat-Shape.brdf_0.clearcoat.value': [0.0], 'mat-Shape.brdf_0.clearcoat_gloss.value': [0.17320500314235687], 'mat-Shape.brdf_0.metallic.value': [0.0], 'mat-Shape.brdf_0.eta': [1.679600477218628], 'mat-Shape.brdf_0.roughness.value': [0.9990000128746033], 'mat-Shape.brdf_0.base_color.data': TensorXf(shape=(512, 512, 3)), 'mat-Shape.brdf_0.anisotropic.value': [0.0], 'mat-Shape.brdf_0.spec_tint.value': [0.0], 'mat-Shape.brdf_0.sheen.value': [0.0], 'mat-Shape.brdf_0.sheen_tint.value': [0.5], 'mat-Shape.brdf_0.spec_trans.value': [0.0], 'mat-Shape.brdf_0.flatness.value': [0.0], 'ConstantBackgroundEmitter.radiance.value': [1.0], 'PLYMesh.vertex_positions': [0.04597419872879982, -0.8164723515510559, 9.791248321533203, 0.04762133210897446, -0.8094086050987244, .. 100442 skipped .., -0.8224028944969177, 9.802661895751953, 0.016329562291502953, -0.8248704075813293, 9.8016357421875]}
Iteration 09
	total loss= 0.633743
Current scene parameters:
 	{'mat-Shape.brdf_0.clearcoat.value': [0.0], 'mat-Shape.brdf_0.clearcoat_gloss.value': [0.17320500314235687], 'mat-Shape.brdf_0.metallic.value': [0.0], 'mat-Shape.brdf_0.eta': [1.6390374898910522], 'mat-Shape.brdf_0.roughness.value': [0.9990000128746033], 'mat-Shape.brdf_0.base_color.data': TensorXf(shape=(512, 512, 3)), 'mat-Shape.brdf_0.anisotropic.value': [0.0], 'mat-Shape.brdf_0.spec_tint.value': [0.0], 'mat-Shape.brdf_0.sheen.value': [0.0], 'mat-Shape.brdf_0.sheen_tint.value': [0.5], 'mat-Shape.brdf_0.spec_trans.value': [0.0], 'mat-Shape.brdf_0.flatness.value': [0.0], 'ConstantBackgroundEmitter.radiance.value': [1.0], 'PLYMesh.vertex_positions': [0.04584049805998802, -0.816628634929657, 9.791133880615234, 0.047460734844207764, -0.8097409605979919, .. 100442 skipped .., -0.8224889636039734, 9.802607536315918, 0.01629573479294777, -0.8250536918640137, 9.801470756530762]}
Iteration 10
	total loss= 0.621102
Current scene parameters:
 	{'mat-Shape.brdf_0.clearcoat.value': [0.0], 'mat-Shape.brdf_0.clearcoat_gloss.value': [0.17320500314235687], 'mat-Shape.brdf_0.metallic.value': [0.0], 'mat-Shape.brdf_0.eta': [1.5980334281921387], 'mat-Shape.brdf_0.roughness.value': [0.9990000128746033], 'mat-Shape.brdf_0.base_color.data': TensorXf(shape=(512, 512, 3)), 'mat-Shape.brdf_0.anisotropic.value': [0.0], 'mat-Shape.brdf_0.spec_tint.value': [0.0], 'mat-Shape.brdf_0.sheen.value': [0.0], 'mat-Shape.brdf_0.sheen_tint.value': [0.5], 'mat-Shape.brdf_0.spec_trans.value': [0.0], 'mat-Shape.brdf_0.flatness.value': [0.0], 'ConstantBackgroundEmitter.radiance.value': [1.0], 'PLYMesh.vertex_positions': [0.04571620002388954, -0.8167678713798523, 9.791034698486328, 0.04732400178909302, -0.8099684119224548, .. 100442 skipped .., -0.8225690722465515, 9.802555084228516, 0.016302913427352905, -0.8251510858535767, 9.801383972167969]}
Iteration 11
	total loss= 0.607910
Current scene parameters:
 	{'mat-Shape.brdf_0.clearcoat.value': [0.0], 'mat-Shape.brdf_0.clearcoat_gloss.value': [0.17320500314235687], 'mat-Shape.brdf_0.metallic.value': [0.0], 'mat-Shape.brdf_0.eta': [1.5593584775924683], 'mat-Shape.brdf_0.roughness.value': [0.9990000128746033], 'mat-Shape.brdf_0.base_color.data': TensorXf(shape=(512, 512, 3)), 'mat-Shape.brdf_0.anisotropic.value': [0.0], 'mat-Shape.brdf_0.spec_tint.value': [0.0], 'mat-Shape.brdf_0.sheen.value': [0.0], 'mat-Shape.brdf_0.sheen_tint.value': [0.5], 'mat-Shape.brdf_0.spec_trans.value': [0.0], 'mat-Shape.brdf_0.flatness.value': [0.0], 'ConstantBackgroundEmitter.radiance.value': [1.0], 'PLYMesh.vertex_positions': [0.04555189609527588, -0.8168794512748718, 9.790960311889648, 0.047231756150722504, -0.8100965619087219, .. 100442 skipped .., -0.8226502537727356, 9.80250358581543, 0.016312221065163612, -0.8252728581428528, 9.801278114318848]}
Iteration 12
	total loss= 0.594207
Current scene parameters:
 	{'mat-Shape.brdf_0.clearcoat.value': [0.0], 'mat-Shape.brdf_0.clearcoat_gloss.value': [0.17320500314235687], 'mat-Shape.brdf_0.metallic.value': [0.0], 'mat-Shape.brdf_0.eta': [1.5265755653381348], 'mat-Shape.brdf_0.roughness.value': [0.9990000128746033], 'mat-Shape.brdf_0.base_color.data': TensorXf(shape=(512, 512, 3)), 'mat-Shape.brdf_0.anisotropic.value': [0.0], 'mat-Shape.brdf_0.spec_tint.value': [0.0], 'mat-Shape.brdf_0.sheen.value': [0.0], 'mat-Shape.brdf_0.sheen_tint.value': [0.5], 'mat-Shape.brdf_0.spec_trans.value': [0.0], 'mat-Shape.brdf_0.flatness.value': [0.0], 'ConstantBackgroundEmitter.radiance.value': [1.0], 'PLYMesh.vertex_positions': [0.045396748930215836, -0.816952109336853, 9.790909767150879, 0.04713934287428856, -0.8102103471755981, .. 100442 skipped .., -0.8227051496505737, 9.802472114562988, 0.016316957771778107, -0.8253386616706848, 9.801220893859863]}
Iteration 13
	total loss= 0.580207
Current scene parameters:
 	{'mat-Shape.brdf_0.clearcoat.value': [0.0], 'mat-Shape.brdf_0.clearcoat_gloss.value': [0.17320500314235687], 'mat-Shape.brdf_0.metallic.value': [0.0], 'mat-Shape.brdf_0.eta': [1.4979246854782104], 'mat-Shape.brdf_0.roughness.value': [0.9990000128746033], 'mat-Shape.brdf_0.base_color.data': TensorXf(shape=(512, 512, 3)), 'mat-Shape.brdf_0.anisotropic.value': [0.0], 'mat-Shape.brdf_0.spec_tint.value': [0.0], 'mat-Shape.brdf_0.sheen.value': [0.0], 'mat-Shape.brdf_0.sheen_tint.value': [0.5], 'mat-Shape.brdf_0.spec_trans.value': [0.0], 'mat-Shape.brdf_0.flatness.value': [0.0], 'ConstantBackgroundEmitter.radiance.value': [1.0], 'PLYMesh.vertex_positions': [0.045300405472517014, -0.8169951438903809, 9.790878295898438, 0.047088705003261566, -0.8102584481239319, .. 100442 skipped .., -0.8227593898773193, 9.802447319030762, 0.0163208469748497, -0.8253934979438782, 9.801173210144043]}
Iteration 14
	total loss= 0.566249
Current scene parameters:
 	{'mat-Shape.brdf_0.clearcoat.value': [0.0], 'mat-Shape.brdf_0.clearcoat_gloss.value': [0.17320500314235687], 'mat-Shape.brdf_0.metallic.value': [0.0], 'mat-Shape.brdf_0.eta': [1.4685046672821045], 'mat-Shape.brdf_0.roughness.value': [0.9990000128746033], 'mat-Shape.brdf_0.base_color.data': TensorXf(shape=(512, 512, 3)), 'mat-Shape.brdf_0.anisotropic.value': [0.0], 'mat-Shape.brdf_0.spec_tint.value': [0.0], 'mat-Shape.brdf_0.sheen.value': [0.0], 'mat-Shape.brdf_0.sheen_tint.value': [0.5], 'mat-Shape.brdf_0.spec_trans.value': [0.0], 'mat-Shape.brdf_0.flatness.value': [0.0], 'ConstantBackgroundEmitter.radiance.value': [1.0], 'PLYMesh.vertex_positions': [0.04520640894770622, -0.8170364499092102, 9.790849685668945, 0.04704533517360687, -0.8102917671203613, .. 100442 skipped .., -0.8228170871734619, 9.802424430847168, 0.01632411777973175, -0.8254395723342896, 9.801133155822754]}
Iteration 15
	total loss= 0.552193
Current scene parameters:
 	{'mat-Shape.brdf_0.clearcoat.value': [0.0], 'mat-Shape.brdf_0.clearcoat_gloss.value': [0.17320500314235687], 'mat-Shape.brdf_0.metallic.value': [0.0], 'mat-Shape.brdf_0.eta': [1.4389405250549316], 'mat-Shape.brdf_0.roughness.value': [0.9990000128746033], 'mat-Shape.brdf_0.base_color.data': TensorXf(shape=(512, 512, 3)), 'mat-Shape.brdf_0.anisotropic.value': [0.0], 'mat-Shape.brdf_0.spec_tint.value': [0.0], 'mat-Shape.brdf_0.sheen.value': [0.0], 'mat-Shape.brdf_0.sheen_tint.value': [0.5], 'mat-Shape.brdf_0.spec_trans.value': [0.0], 'mat-Shape.brdf_0.flatness.value': [0.0], 'ConstantBackgroundEmitter.radiance.value': [1.0], 'PLYMesh.vertex_positions': [0.04514295980334282, -0.8170645236968994, 9.7908296585083, 0.04699350520968437, -0.8103253245353699, .. 100442 skipped .., -0.8228533864021301, 9.802411079406738, 0.016327932476997375, -0.8254781365394592, 9.80109977722168]}
Iteration 16
	total loss= 0.538070
Current scene parameters:
 	{'mat-Shape.brdf_0.clearcoat.value': [0.0], 'mat-Shape.brdf_0.clearcoat_gloss.value': [0.17320500314235687], 'mat-Shape.brdf_0.metallic.value': [0.0], 'mat-Shape.brdf_0.eta': [1.40616774559021], 'mat-Shape.brdf_0.roughness.value': [0.9990000128746033], 'mat-Shape.brdf_0.base_color.data': TensorXf(shape=(512, 512, 3)), 'mat-Shape.brdf_0.anisotropic.value': [0.0], 'mat-Shape.brdf_0.spec_tint.value': [0.0], 'mat-Shape.brdf_0.sheen.value': [0.0], 'mat-Shape.brdf_0.sheen_tint.value': [0.5], 'mat-Shape.brdf_0.spec_trans.value': [0.0], 'mat-Shape.brdf_0.flatness.value': [0.0], 'ConstantBackgroundEmitter.radiance.value': [1.0], 'PLYMesh.vertex_positions': [0.04511650279164314, -0.8170762658119202, 9.79082202911377, 0.046964969485998154, -0.8103456497192383, .. 100442 skipped .., -0.8228775262832642, 9.802404403686523, 0.016327932476997375, -0.8254781365394592, 9.80109977722168]}
Iteration 17
	total loss= 0.523919
Current scene parameters:
 	{'mat-Shape.brdf_0.clearcoat.value': [0.0], 'mat-Shape.brdf_0.clearcoat_gloss.value': [0.17320500314235687], 'mat-Shape.brdf_0.metallic.value': [0.0], 'mat-Shape.brdf_0.eta': [1.3718793392181396], 'mat-Shape.brdf_0.roughness.value': [0.9990000128746033], 'mat-Shape.brdf_0.base_color.data': TensorXf(shape=(512, 512, 3)), 'mat-Shape.brdf_0.anisotropic.value': [0.0], 'mat-Shape.brdf_0.spec_tint.value': [0.0], 'mat-Shape.brdf_0.sheen.value': [0.0], 'mat-Shape.brdf_0.sheen_tint.value': [0.5], 'mat-Shape.brdf_0.spec_trans.value': [0.0], 'mat-Shape.brdf_0.flatness.value': [0.0], 'ConstantBackgroundEmitter.radiance.value': [1.0], 'PLYMesh.vertex_positions': [0.045073676854372025, -0.8170925974845886, 9.790810585021973, 0.046937569975852966, -0.810356080532074, .. 100442 skipped .., -0.8229063749313354, 9.802396774291992, 0.016327932476997375, -0.8254781365394592, 9.80109977722168]}
Iteration 18
	total loss= 0.509707
Current scene parameters:
 	{'mat-Shape.brdf_0.clearcoat.value': [0.0], 'mat-Shape.brdf_0.clearcoat_gloss.value': [0.17320500314235687], 'mat-Shape.brdf_0.metallic.value': [0.0], 'mat-Shape.brdf_0.eta': [1.3336066007614136], 'mat-Shape.brdf_0.roughness.value': [0.9990000128746033], 'mat-Shape.brdf_0.base_color.data': TensorXf(shape=(512, 512, 3)), 'mat-Shape.brdf_0.anisotropic.value': [0.0], 'mat-Shape.brdf_0.spec_tint.value': [0.0], 'mat-Shape.brdf_0.sheen.value': [0.0], 'mat-Shape.brdf_0.sheen_tint.value': [0.5], 'mat-Shape.brdf_0.spec_trans.value': [0.0], 'mat-Shape.brdf_0.flatness.value': [0.0], 'ConstantBackgroundEmitter.radiance.value': [1.0], 'PLYMesh.vertex_positions': [0.045034851878881454, -0.8171044588088989, 9.790800094604492, 0.046893518418073654, -0.8103576302528381, .. 100442 skipped .., -0.8229358196258545, 9.802384376525879, 0.016327932476997375, -0.8254781365394592, 9.80109977722168]}
Iteration 19
	total loss= 0.494857
Current scene parameters:
 	{'mat-Shape.brdf_0.clearcoat.value': [0.0], 'mat-Shape.brdf_0.clearcoat_gloss.value': [0.17320500314235687], 'mat-Shape.brdf_0.metallic.value': [0.0], 'mat-Shape.brdf_0.eta': [1.3029508590698242], 'mat-Shape.brdf_0.roughness.value': [0.9990000128746033], 'mat-Shape.brdf_0.base_color.data': TensorXf(shape=(512, 512, 3)), 'mat-Shape.brdf_0.anisotropic.value': [0.0], 'mat-Shape.brdf_0.spec_tint.value': [0.0], 'mat-Shape.brdf_0.sheen.value': [0.0], 'mat-Shape.brdf_0.sheen_tint.value': [0.5], 'mat-Shape.brdf_0.spec_trans.value': [0.0], 'mat-Shape.brdf_0.flatness.value': [0.0], 'ConstantBackgroundEmitter.radiance.value': [1.0], 'PLYMesh.vertex_positions': [0.04500908404588699, -0.8171155452728271, 9.790790557861328, 0.046931687742471695, -0.8103656768798828, .. 100442 skipped .., -0.8229601383209229, 9.802376747131348, 0.01632973738014698, -0.8254963755607605, 9.8010835647583]}
Iteration 20
	total loss= 0.480935
Current scene parameters:
 	{'mat-Shape.brdf_0.clearcoat.value': [0.0], 'mat-Shape.brdf_0.clearcoat_gloss.value': [0.17320500314235687], 'mat-Shape.brdf_0.metallic.value': [0.0], 'mat-Shape.brdf_0.eta': [1.2686468362808228], 'mat-Shape.brdf_0.roughness.value': [0.9990000128746033], 'mat-Shape.brdf_0.base_color.data': TensorXf(shape=(512, 512, 3)), 'mat-Shape.brdf_0.anisotropic.value': [0.0], 'mat-Shape.brdf_0.spec_tint.value': [0.0], 'mat-Shape.brdf_0.sheen.value': [0.0], 'mat-Shape.brdf_0.sheen_tint.value': [0.5], 'mat-Shape.brdf_0.spec_trans.value': [0.0], 'mat-Shape.brdf_0.flatness.value': [0.0], 'ConstantBackgroundEmitter.radiance.value': [1.0], 'PLYMesh.vertex_positions': [0.04492660239338875, -0.8171172738075256, 9.790781021118164, 0.04700447618961334, -0.8103790879249573, .. 100442 skipped .., -0.8229687213897705, 9.802372932434082, 0.01632973738014698, -0.8254963755607605, 9.8010835647583]}
Iteration 21
	total loss= 0.466106
Current scene parameters:
 	{'mat-Shape.brdf_0.clearcoat.value': [0.0], 'mat-Shape.brdf_0.clearcoat_gloss.value': [0.17320500314235687], 'mat-Shape.brdf_0.metallic.value': [0.0], 'mat-Shape.brdf_0.eta': [1.240206241607666], 'mat-Shape.brdf_0.roughness.value': [0.9990000128746033], 'mat-Shape.brdf_0.base_color.data': TensorXf(shape=(512, 512, 3)), 'mat-Shape.brdf_0.anisotropic.value': [0.0], 'mat-Shape.brdf_0.spec_tint.value': [0.0], 'mat-Shape.brdf_0.sheen.value': [0.0], 'mat-Shape.brdf_0.sheen_tint.value': [0.5], 'mat-Shape.brdf_0.spec_trans.value': [0.0], 'mat-Shape.brdf_0.flatness.value': [0.0], 'ConstantBackgroundEmitter.radiance.value': [1.0], 'PLYMesh.vertex_positions': [0.044760629534721375, -0.8171259164810181, 9.790760040283203, 0.04705896973609924, -0.810394823551178, .. 100442 skipped .., -0.8229781985282898, 9.802369117736816, 0.01633143611252308, -0.825513482093811, 9.801068305969238]}
Iteration 22
	total loss= 0.451482
Current scene parameters:
 	{'mat-Shape.brdf_0.clearcoat.value': [0.0], 'mat-Shape.brdf_0.clearcoat_gloss.value': [0.17320500314235687], 'mat-Shape.brdf_0.metallic.value': [0.0], 'mat-Shape.brdf_0.eta': [1.2103190422058105], 'mat-Shape.brdf_0.roughness.value': [0.9990000128746033], 'mat-Shape.brdf_0.base_color.data': TensorXf(shape=(512, 512, 3)), 'mat-Shape.brdf_0.anisotropic.value': [0.0], 'mat-Shape.brdf_0.spec_tint.value': [0.0], 'mat-Shape.brdf_0.sheen.value': [0.0], 'mat-Shape.brdf_0.sheen_tint.value': [0.5], 'mat-Shape.brdf_0.spec_trans.value': [0.0], 'mat-Shape.brdf_0.flatness.value': [0.0], 'ConstantBackgroundEmitter.radiance.value': [1.0], 'PLYMesh.vertex_positions': [0.04469914734363556, -0.8171289563179016, 9.790750503540039, 0.047132037580013275, -0.810401201248169, .. 100442 skipped .., -0.8229991793632507, 9.802361488342285, 0.01633143611252308, -0.825513482093811, 9.801068305969238]}
Iteration 23
	total loss= 0.437699
Current scene parameters:
 	{'mat-Shape.brdf_0.clearcoat.value': [0.0], 'mat-Shape.brdf_0.clearcoat_gloss.value': [0.17320500314235687], 'mat-Shape.brdf_0.metallic.value': [0.0], 'mat-Shape.brdf_0.eta': [1.1841552257537842], 'mat-Shape.brdf_0.roughness.value': [0.9990000128746033], 'mat-Shape.brdf_0.base_color.data': TensorXf(shape=(512, 512, 3)), 'mat-Shape.brdf_0.anisotropic.value': [0.0], 'mat-Shape.brdf_0.spec_tint.value': [0.0], 'mat-Shape.brdf_0.sheen.value': [0.0], 'mat-Shape.brdf_0.sheen_tint.value': [0.5], 'mat-Shape.brdf_0.spec_trans.value': [0.0], 'mat-Shape.brdf_0.flatness.value': [0.0], 'ConstantBackgroundEmitter.radiance.value': [1.0], 'PLYMesh.vertex_positions': [0.044601839035749435, -0.8171458840370178, 9.79073429107666, 0.047190580517053604, -0.8104021549224854, .. 100442 skipped .., -0.8230223059654236, 9.80235767364502, 0.01633143611252308, -0.825513482093811, 9.801068305969238]}
Iteration 24
	total loss= 0.423849
Current scene parameters:
 	{'mat-Shape.brdf_0.clearcoat.value': [0.0], 'mat-Shape.brdf_0.clearcoat_gloss.value': [0.17320500314235687], 'mat-Shape.brdf_0.metallic.value': [0.0], 'mat-Shape.brdf_0.eta': [1.159374713897705], 'mat-Shape.brdf_0.roughness.value': [0.9990000128746033], 'mat-Shape.brdf_0.base_color.data': TensorXf(shape=(512, 512, 3)), 'mat-Shape.brdf_0.anisotropic.value': [0.0], 'mat-Shape.brdf_0.spec_tint.value': [0.0], 'mat-Shape.brdf_0.sheen.value': [0.0], 'mat-Shape.brdf_0.sheen_tint.value': [0.5], 'mat-Shape.brdf_0.spec_trans.value': [0.0], 'mat-Shape.brdf_0.flatness.value': [0.0], 'ConstantBackgroundEmitter.radiance.value': [1.0], 'PLYMesh.vertex_positions': [0.04456445947289467, -0.8171619176864624, 9.790725708007812, 0.04728258028626442, -0.8104040026664734, .. 100442 skipped .., -0.8230313062667847, 9.802355766296387, 0.01633143611252308, -0.825513482093811, 9.801068305969238]}
Iteration 25
	total loss= 0.409983
Current scene parameters:
 	{'mat-Shape.brdf_0.clearcoat.value': [0.0], 'mat-Shape.brdf_0.clearcoat_gloss.value': [0.17320500314235687], 'mat-Shape.brdf_0.metallic.value': [0.0], 'mat-Shape.brdf_0.eta': [1.1349107027053833], 'mat-Shape.brdf_0.roughness.value': [0.9990000128746033], 'mat-Shape.brdf_0.base_color.data': TensorXf(shape=(512, 512, 3)), 'mat-Shape.brdf_0.anisotropic.value': [0.0], 'mat-Shape.brdf_0.spec_tint.value': [0.0], 'mat-Shape.brdf_0.sheen.value': [0.0], 'mat-Shape.brdf_0.sheen_tint.value': [0.5], 'mat-Shape.brdf_0.spec_trans.value': [0.0], 'mat-Shape.brdf_0.flatness.value': [0.0], 'ConstantBackgroundEmitter.radiance.value': [1.0], 'PLYMesh.vertex_positions': [0.044517382979393005, -0.8171795010566711, 9.790716171264648, 0.04734944552183151, -0.8104093074798584, .. 100442 skipped .., -0.823054850101471, 9.802356719970703, 0.01633143611252308, -0.825513482093811, 9.801068305969238]}
Iteration 26
	total loss= 0.397096
Current scene parameters:
 	{'mat-Shape.brdf_0.clearcoat.value': [0.0], 'mat-Shape.brdf_0.clearcoat_gloss.value': [0.17320500314235687], 'mat-Shape.brdf_0.metallic.value': [0.0], 'mat-Shape.brdf_0.eta': [1.1151208877563477], 'mat-Shape.brdf_0.roughness.value': [0.9990000128746033], 'mat-Shape.brdf_0.base_color.data': TensorXf(shape=(512, 512, 3)), 'mat-Shape.brdf_0.anisotropic.value': [0.0], 'mat-Shape.brdf_0.spec_tint.value': [0.0], 'mat-Shape.brdf_0.sheen.value': [0.0], 'mat-Shape.brdf_0.sheen_tint.value': [0.5], 'mat-Shape.brdf_0.spec_trans.value': [0.0], 'mat-Shape.brdf_0.flatness.value': [0.0], 'ConstantBackgroundEmitter.radiance.value': [1.0], 'PLYMesh.vertex_positions': [0.044486742466688156, -0.8171910047531128, 9.79071044921875, 0.047394245862960815, -0.8104124069213867, .. 100442 skipped .., -0.8230728507041931, 9.802356719970703, 0.01633143611252308, -0.825513482093811, 9.801068305969238]}
Iteration 27
	total loss= 0.383551
Current scene parameters:
 	{'mat-Shape.brdf_0.clearcoat.value': [0.0], 'mat-Shape.brdf_0.clearcoat_gloss.value': [0.17320500314235687], 'mat-Shape.brdf_0.metallic.value': [0.0], 'mat-Shape.brdf_0.eta': [1.0992367267608643], 'mat-Shape.brdf_0.roughness.value': [0.9990000128746033], 'mat-Shape.brdf_0.base_color.data': TensorXf(shape=(512, 512, 3)), 'mat-Shape.brdf_0.anisotropic.value': [0.0], 'mat-Shape.brdf_0.spec_tint.value': [0.0], 'mat-Shape.brdf_0.sheen.value': [0.0], 'mat-Shape.brdf_0.sheen_tint.value': [0.5], 'mat-Shape.brdf_0.spec_trans.value': [0.0], 'mat-Shape.brdf_0.flatness.value': [0.0], 'ConstantBackgroundEmitter.radiance.value': [1.0], 'PLYMesh.vertex_positions': [0.044457294046878815, -0.817200779914856, 9.790704727172852, 0.047349125146865845, -0.8104105591773987, .. 100442 skipped .., -0.8230931758880615, 9.802356719970703, 0.016333136707544327, -0.8255306482315063, 9.801053047180176]}
Iteration 28
	total loss= 0.371157
Current scene parameters:
 	{'mat-Shape.brdf_0.clearcoat.value': [0.0], 'mat-Shape.brdf_0.clearcoat_gloss.value': [0.17320500314235687], 'mat-Shape.brdf_0.metallic.value': [0.0], 'mat-Shape.brdf_0.eta': [1.0841548442840576], 'mat-Shape.brdf_0.roughness.value': [0.9971383213996887], 'mat-Shape.brdf_0.base_color.data': TensorXf(shape=(512, 512, 3)), 'mat-Shape.brdf_0.anisotropic.value': [0.0], 'mat-Shape.brdf_0.spec_tint.value': [0.0], 'mat-Shape.brdf_0.sheen.value': [0.0], 'mat-Shape.brdf_0.sheen_tint.value': [0.5], 'mat-Shape.brdf_0.spec_trans.value': [0.0], 'mat-Shape.brdf_0.flatness.value': [0.0], 'ConstantBackgroundEmitter.radiance.value': [1.0], 'PLYMesh.vertex_positions': [0.04447968304157257, -0.817211925983429, 9.790704727172852, 0.047279972583055496, -0.8104036450386047, .. 100442 skipped .., -0.8230988383293152, 9.802356719970703, 0.016333136707544327, -0.8255306482315063, 9.801053047180176]}
Iteration 29
	total loss= 0.359359
Current scene parameters:
 	{'mat-Shape.brdf_0.clearcoat.value': [0.0], 'mat-Shape.brdf_0.clearcoat_gloss.value': [0.17320500314235687], 'mat-Shape.brdf_0.metallic.value': [0.0], 'mat-Shape.brdf_0.eta': [1.0720558166503906], 'mat-Shape.brdf_0.roughness.value': [0.9990000128746033], 'mat-Shape.brdf_0.base_color.data': TensorXf(shape=(512, 512, 3)), 'mat-Shape.brdf_0.anisotropic.value': [0.0], 'mat-Shape.brdf_0.spec_tint.value': [0.0], 'mat-Shape.brdf_0.sheen.value': [0.0], 'mat-Shape.brdf_0.sheen_tint.value': [0.5], 'mat-Shape.brdf_0.spec_trans.value': [0.0], 'mat-Shape.brdf_0.flatness.value': [0.0], 'ConstantBackgroundEmitter.radiance.value': [1.0], 'PLYMesh.vertex_positions': [0.044484760612249374, -0.8172186017036438, 9.790704727172852, 0.04739648103713989, -0.8103843331336975, .. 100442 skipped .., -0.8230988383293152, 9.802356719970703, 0.016334714367985725, -0.8255465626716614, 9.80103874206543]}
Iteration 30
	total loss= 0.347281
Current scene parameters:
 	{'mat-Shape.brdf_0.clearcoat.value': [0.0], 'mat-Shape.brdf_0.clearcoat_gloss.value': [0.17320500314235687], 'mat-Shape.brdf_0.metallic.value': [0.0], 'mat-Shape.brdf_0.eta': [1.0645570755004883], 'mat-Shape.brdf_0.roughness.value': [0.9990000128746033], 'mat-Shape.brdf_0.base_color.data': TensorXf(shape=(512, 512, 3)), 'mat-Shape.brdf_0.anisotropic.value': [0.0], 'mat-Shape.brdf_0.spec_tint.value': [0.0], 'mat-Shape.brdf_0.sheen.value': [0.0], 'mat-Shape.brdf_0.sheen_tint.value': [0.5], 'mat-Shape.brdf_0.spec_trans.value': [0.0], 'mat-Shape.brdf_0.flatness.value': [0.0], 'ConstantBackgroundEmitter.radiance.value': [1.0], 'PLYMesh.vertex_positions': [0.044441916048526764, -0.8172373175621033, 9.790696144104004, 0.0476086288690567, -0.8103443384170532, .. 100442 skipped .., -0.8231015801429749, 9.802356719970703, 0.016334714367985725, -0.8255465626716614, 9.80103874206543]}
Iteration 31
	total loss= 0.335909
Current scene parameters:
 	{'mat-Shape.brdf_0.clearcoat.value': [0.0], 'mat-Shape.brdf_0.clearcoat_gloss.value': [0.17320500314235687], 'mat-Shape.brdf_0.metallic.value': [0.0], 'mat-Shape.brdf_0.eta': [1.0576879978179932], 'mat-Shape.brdf_0.roughness.value': [0.9990000128746033], 'mat-Shape.brdf_0.base_color.data': TensorXf(shape=(512, 512, 3)), 'mat-Shape.brdf_0.anisotropic.value': [0.0], 'mat-Shape.brdf_0.spec_tint.value': [0.0], 'mat-Shape.brdf_0.sheen.value': [0.0], 'mat-Shape.brdf_0.sheen_tint.value': [0.5], 'mat-Shape.brdf_0.spec_trans.value': [0.0], 'mat-Shape.brdf_0.flatness.value': [0.0], 'ConstantBackgroundEmitter.radiance.value': [1.0], 'PLYMesh.vertex_positions': [0.044423386454582214, -0.8172478675842285, 9.790692329406738, 0.04772461950778961, -0.8103194832801819, .. 100442 skipped .., -0.8231063485145569, 9.802356719970703, 0.016334714367985725, -0.8255465626716614, 9.80103874206543]}
Iteration 32
	total loss= 0.325520
Current scene parameters:
 	{'mat-Shape.brdf_0.clearcoat.value': [0.0], 'mat-Shape.brdf_0.clearcoat_gloss.value': [0.17320500314235687], 'mat-Shape.brdf_0.metallic.value': [0.0], 'mat-Shape.brdf_0.eta': [1.0522303581237793], 'mat-Shape.brdf_0.roughness.value': [0.9990000128746033], 'mat-Shape.brdf_0.base_color.data': TensorXf(shape=(512, 512, 3)), 'mat-Shape.brdf_0.anisotropic.value': [0.0], 'mat-Shape.brdf_0.spec_tint.value': [0.0], 'mat-Shape.brdf_0.sheen.value': [0.0], 'mat-Shape.brdf_0.sheen_tint.value': [0.5], 'mat-Shape.brdf_0.spec_trans.value': [0.0], 'mat-Shape.brdf_0.flatness.value': [0.0], 'ConstantBackgroundEmitter.radiance.value': [1.0], 'PLYMesh.vertex_positions': [0.04442546144127846, -0.8172644972801208, 9.790689468383789, 0.04776129499077797, -0.8102994561195374, .. 100442 skipped .., -0.8231083750724792, 9.802356719970703, 0.016334714367985725, -0.8255465626716614, 9.80103874206543]}
Iteration 33
	total loss= 0.314817
Current scene parameters:
 	{'mat-Shape.brdf_0.clearcoat.value': [0.0], 'mat-Shape.brdf_0.clearcoat_gloss.value': [0.17320500314235687], 'mat-Shape.brdf_0.metallic.value': [0.0], 'mat-Shape.brdf_0.eta': [1.048242449760437], 'mat-Shape.brdf_0.roughness.value': [0.9971684813499451], 'mat-Shape.brdf_0.base_color.data': TensorXf(shape=(512, 512, 3)), 'mat-Shape.brdf_0.anisotropic.value': [0.0], 'mat-Shape.brdf_0.spec_tint.value': [0.0], 'mat-Shape.brdf_0.sheen.value': [0.0], 'mat-Shape.brdf_0.sheen_tint.value': [0.5], 'mat-Shape.brdf_0.spec_trans.value': [0.0], 'mat-Shape.brdf_0.flatness.value': [0.0], 'ConstantBackgroundEmitter.radiance.value': [1.0], 'PLYMesh.vertex_positions': [0.044372785836458206, -0.8172894716262817, 9.790678977966309, 0.047695696353912354, -0.8102899789810181, .. 100442 skipped .., -0.8231119513511658, 9.802356719970703, 0.016334714367985725, -0.8255465626716614, 9.80103874206543]}
Iteration 34
	total loss= 0.304950
Current scene parameters:
 	{'mat-Shape.brdf_0.clearcoat.value': [0.0], 'mat-Shape.brdf_0.clearcoat_gloss.value': [0.17320500314235687], 'mat-Shape.brdf_0.metallic.value': [0.0], 'mat-Shape.brdf_0.eta': [1.0466761589050293], 'mat-Shape.brdf_0.roughness.value': [0.998839259147644], 'mat-Shape.brdf_0.base_color.data': TensorXf(shape=(512, 512, 3)), 'mat-Shape.brdf_0.anisotropic.value': [0.0], 'mat-Shape.brdf_0.spec_tint.value': [0.0], 'mat-Shape.brdf_0.sheen.value': [0.0], 'mat-Shape.brdf_0.sheen_tint.value': [0.5], 'mat-Shape.brdf_0.spec_trans.value': [0.0], 'mat-Shape.brdf_0.flatness.value': [0.0], 'ConstantBackgroundEmitter.radiance.value': [1.0], 'PLYMesh.vertex_positions': [0.04431268945336342, -0.8173201084136963, 9.790665626525879, 0.04763324558734894, -0.8102827072143555, .. 100442 skipped .., -0.8231119513511658, 9.802356719970703, 0.016334714367985725, -0.8255465626716614, 9.80103874206543]}
Iteration 35
	total loss= 0.295647
Current scene parameters:
 	{'mat-Shape.brdf_0.clearcoat.value': [0.0], 'mat-Shape.brdf_0.clearcoat_gloss.value': [0.17320500314235687], 'mat-Shape.brdf_0.metallic.value': [0.0], 'mat-Shape.brdf_0.eta': [1.045269250869751], 'mat-Shape.brdf_0.roughness.value': [0.9984734058380127], 'mat-Shape.brdf_0.base_color.data': TensorXf(shape=(512, 512, 3)), 'mat-Shape.brdf_0.anisotropic.value': [0.0], 'mat-Shape.brdf_0.spec_tint.value': [0.0], 'mat-Shape.brdf_0.sheen.value': [0.0], 'mat-Shape.brdf_0.sheen_tint.value': [0.5], 'mat-Shape.brdf_0.spec_trans.value': [0.0], 'mat-Shape.brdf_0.flatness.value': [0.0], 'ConstantBackgroundEmitter.radiance.value': [1.0], 'PLYMesh.vertex_positions': [0.044193364679813385, -0.8173663020133972, 9.790641784667969, 0.047554001212120056, -0.8102731108665466, .. 100442 skipped .., -0.8231135606765747, 9.802356719970703, 0.016334714367985725, -0.8255465626716614, 9.80103874206543]}
Iteration 36
	total loss= 0.286744
Current scene parameters:
 	{'mat-Shape.brdf_0.clearcoat.value': [0.0], 'mat-Shape.brdf_0.clearcoat_gloss.value': [0.17320500314235687], 'mat-Shape.brdf_0.metallic.value': [0.0], 'mat-Shape.brdf_0.eta': [1.0417650938034058], 'mat-Shape.brdf_0.roughness.value': [0.9970929026603699], 'mat-Shape.brdf_0.base_color.data': TensorXf(shape=(512, 512, 3)), 'mat-Shape.brdf_0.anisotropic.value': [0.0], 'mat-Shape.brdf_0.spec_tint.value': [0.0], 'mat-Shape.brdf_0.sheen.value': [0.0], 'mat-Shape.brdf_0.sheen_tint.value': [0.5], 'mat-Shape.brdf_0.spec_trans.value': [0.0], 'mat-Shape.brdf_0.flatness.value': [0.0], 'ConstantBackgroundEmitter.radiance.value': [1.0], 'PLYMesh.vertex_positions': [0.044138047844171524, -0.8173765540122986, 9.790633201599121, 0.04747598245739937, -0.810261070728302, .. 100442 skipped .., -0.8231135606765747, 9.802356719970703, 0.016334714367985725, -0.8255465626716614, 9.80103874206543]}
Iteration 37
	total loss= 0.278082
Current scene parameters:
 	{'mat-Shape.brdf_0.clearcoat.value': [0.0], 'mat-Shape.brdf_0.clearcoat_gloss.value': [0.17320500314235687], 'mat-Shape.brdf_0.metallic.value': [0.0], 'mat-Shape.brdf_0.eta': [1.03970468044281], 'mat-Shape.brdf_0.roughness.value': [0.9905547499656677], 'mat-Shape.brdf_0.base_color.data': TensorXf(shape=(512, 512, 3)), 'mat-Shape.brdf_0.anisotropic.value': [0.0], 'mat-Shape.brdf_0.spec_tint.value': [0.0], 'mat-Shape.brdf_0.sheen.value': [0.0], 'mat-Shape.brdf_0.sheen_tint.value': [0.5], 'mat-Shape.brdf_0.spec_trans.value': [0.0], 'mat-Shape.brdf_0.flatness.value': [0.0], 'ConstantBackgroundEmitter.radiance.value': [1.0], 'PLYMesh.vertex_positions': [0.04402998462319374, -0.8174036741256714, 9.79061508178711, 0.04736362025141716, -0.8102555274963379, .. 100442 skipped .., -0.8231135606765747, 9.802356719970703, 0.016334714367985725, -0.8255465626716614, 9.80103874206543]}
Iteration 38
	total loss= 0.269790
Current scene parameters:
 	{'mat-Shape.brdf_0.clearcoat.value': [0.0], 'mat-Shape.brdf_0.clearcoat_gloss.value': [0.17320500314235687], 'mat-Shape.brdf_0.metallic.value': [0.0], 'mat-Shape.brdf_0.eta': [1.0400466918945312], 'mat-Shape.brdf_0.roughness.value': [0.9850454330444336], 'mat-Shape.brdf_0.base_color.data': TensorXf(shape=(512, 512, 3)), 'mat-Shape.brdf_0.anisotropic.value': [0.0], 'mat-Shape.brdf_0.spec_tint.value': [0.0], 'mat-Shape.brdf_0.sheen.value': [0.0], 'mat-Shape.brdf_0.sheen_tint.value': [0.5], 'mat-Shape.brdf_0.spec_trans.value': [0.0], 'mat-Shape.brdf_0.flatness.value': [0.0], 'ConstantBackgroundEmitter.radiance.value': [1.0], 'PLYMesh.vertex_positions': [0.0439300537109375, -0.8174221515655518, 9.790599822998047, 0.04726826772093773, -0.8102608323097229, .. 100442 skipped .., -0.8231135606765747, 9.802356719970703, 0.016334714367985725, -0.8255465626716614, 9.80103874206543]}
Iteration 39
	total loss= 0.261596
Current scene parameters:
 	{'mat-Shape.brdf_0.clearcoat.value': [0.0], 'mat-Shape.brdf_0.clearcoat_gloss.value': [0.17320500314235687], 'mat-Shape.brdf_0.metallic.value': [0.0], 'mat-Shape.brdf_0.eta': [1.0402010679244995], 'mat-Shape.brdf_0.roughness.value': [0.9913579225540161], 'mat-Shape.brdf_0.base_color.data': TensorXf(shape=(512, 512, 3)), 'mat-Shape.brdf_0.anisotropic.value': [0.0], 'mat-Shape.brdf_0.spec_tint.value': [0.0], 'mat-Shape.brdf_0.sheen.value': [0.0], 'mat-Shape.brdf_0.sheen_tint.value': [0.5], 'mat-Shape.brdf_0.spec_trans.value': [0.0], 'mat-Shape.brdf_0.flatness.value': [0.0], 'ConstantBackgroundEmitter.radiance.value': [1.0], 'PLYMesh.vertex_positions': [0.04383546859025955, -0.8174281716346741, 9.790587425231934, 0.047159068286418915, -0.810256838798523, .. 100442 skipped .., -0.8231135606765747, 9.802356719970703, 0.016336306929588318, -0.8255626559257507, 9.801024436950684]}
Iteration 40
	total loss= 0.254513
Current scene parameters:
 	{'mat-Shape.brdf_0.clearcoat.value': [0.0], 'mat-Shape.brdf_0.clearcoat_gloss.value': [0.17320500314235687], 'mat-Shape.brdf_0.metallic.value': [0.0], 'mat-Shape.brdf_0.eta': [1.0423483848571777], 'mat-Shape.brdf_0.roughness.value': [0.9990000128746033], 'mat-Shape.brdf_0.base_color.data': TensorXf(shape=(512, 512, 3)), 'mat-Shape.brdf_0.anisotropic.value': [0.0], 'mat-Shape.brdf_0.spec_tint.value': [0.0], 'mat-Shape.brdf_0.sheen.value': [0.0], 'mat-Shape.brdf_0.sheen_tint.value': [0.5], 'mat-Shape.brdf_0.spec_trans.value': [0.0], 'mat-Shape.brdf_0.flatness.value': [0.0], 'ConstantBackgroundEmitter.radiance.value': [1.0], 'PLYMesh.vertex_positions': [0.04373912513256073, -0.8174296617507935, 9.79057502746582, 0.04696468636393547, -0.8102449178695679, .. 100442 skipped .., -0.8231135606765747, 9.802356719970703, 0.016336306929588318, -0.8255626559257507, 9.801024436950684]}
Iteration 41
	total loss= 0.248241
Current scene parameters:
 	{'mat-Shape.brdf_0.clearcoat.value': [0.0], 'mat-Shape.brdf_0.clearcoat_gloss.value': [0.17320500314235687], 'mat-Shape.brdf_0.metallic.value': [0.0], 'mat-Shape.brdf_0.eta': [1.04191255569458], 'mat-Shape.brdf_0.roughness.value': [0.998670220375061], 'mat-Shape.brdf_0.base_color.data': TensorXf(shape=(512, 512, 3)), 'mat-Shape.brdf_0.anisotropic.value': [0.0], 'mat-Shape.brdf_0.spec_tint.value': [0.0], 'mat-Shape.brdf_0.sheen.value': [0.0], 'mat-Shape.brdf_0.sheen_tint.value': [0.5], 'mat-Shape.brdf_0.spec_trans.value': [0.0], 'mat-Shape.brdf_0.flatness.value': [0.0], 'ConstantBackgroundEmitter.radiance.value': [1.0], 'PLYMesh.vertex_positions': [0.04359801486134529, -0.8174353837966919, 9.790556907653809, 0.04688247665762901, -0.8102220296859741, .. 100442 skipped .., -0.8231150507926941, 9.802356719970703, 0.016336306929588318, -0.8255626559257507, 9.801024436950684]}
Iteration 42
	total loss= 0.241005
Current scene parameters:
 	{'mat-Shape.brdf_0.clearcoat.value': [0.0], 'mat-Shape.brdf_0.clearcoat_gloss.value': [0.17320500314235687], 'mat-Shape.brdf_0.metallic.value': [0.0], 'mat-Shape.brdf_0.eta': [1.0393465757369995], 'mat-Shape.brdf_0.roughness.value': [0.9834125638008118], 'mat-Shape.brdf_0.base_color.data': TensorXf(shape=(512, 512, 3)), 'mat-Shape.brdf_0.anisotropic.value': [0.0], 'mat-Shape.brdf_0.spec_tint.value': [0.0], 'mat-Shape.brdf_0.sheen.value': [0.0], 'mat-Shape.brdf_0.sheen_tint.value': [0.5], 'mat-Shape.brdf_0.spec_trans.value': [0.0], 'mat-Shape.brdf_0.flatness.value': [0.0], 'ConstantBackgroundEmitter.radiance.value': [1.0], 'PLYMesh.vertex_positions': [0.04356282204389572, -0.8174409866333008, 9.79055118560791, 0.046802669763565063, -0.8101869821548462, .. 100442 skipped .., -0.8231164813041687, 9.802356719970703, 0.016336306929588318, -0.8255626559257507, 9.801024436950684]}
Iteration 43
	total loss= 0.235108
Current scene parameters:
 	{'mat-Shape.brdf_0.clearcoat.value': [0.0], 'mat-Shape.brdf_0.clearcoat_gloss.value': [0.17320500314235687], 'mat-Shape.brdf_0.metallic.value': [0.0], 'mat-Shape.brdf_0.eta': [1.0398343801498413], 'mat-Shape.brdf_0.roughness.value': [0.9721318483352661], 'mat-Shape.brdf_0.base_color.data': TensorXf(shape=(512, 512, 3)), 'mat-Shape.brdf_0.anisotropic.value': [0.0], 'mat-Shape.brdf_0.spec_tint.value': [0.0], 'mat-Shape.brdf_0.sheen.value': [0.0], 'mat-Shape.brdf_0.sheen_tint.value': [0.5], 'mat-Shape.brdf_0.spec_trans.value': [0.0], 'mat-Shape.brdf_0.flatness.value': [0.0], 'ConstantBackgroundEmitter.radiance.value': [1.0], 'PLYMesh.vertex_positions': [0.04343518614768982, -0.8174633383750916, 9.790531158447266, 0.0465489998459816, -0.8101471066474915, .. 100442 skipped .., -0.8231177926063538, 9.802356719970703, 0.016336306929588318, -0.8255626559257507, 9.801024436950684]}
Iteration 44
	total loss= 0.228806
Current scene parameters:
 	{'mat-Shape.brdf_0.clearcoat.value': [0.0], 'mat-Shape.brdf_0.clearcoat_gloss.value': [0.17320500314235687], 'mat-Shape.brdf_0.metallic.value': [0.0], 'mat-Shape.brdf_0.eta': [1.044014573097229], 'mat-Shape.brdf_0.roughness.value': [0.9706419706344604], 'mat-Shape.brdf_0.base_color.data': TensorXf(shape=(512, 512, 3)), 'mat-Shape.brdf_0.anisotropic.value': [0.0], 'mat-Shape.brdf_0.spec_tint.value': [0.0], 'mat-Shape.brdf_0.sheen.value': [0.0], 'mat-Shape.brdf_0.sheen_tint.value': [0.5], 'mat-Shape.brdf_0.spec_trans.value': [0.0], 'mat-Shape.brdf_0.flatness.value': [0.0], 'ConstantBackgroundEmitter.radiance.value': [1.0], 'PLYMesh.vertex_positions': [0.04335511848330498, -0.8174750208854675, 9.790519714355469, 0.04570821672677994, -0.8100975751876831, .. 100442 skipped .., -0.8231177926063538, 9.802356719970703, 0.016336306929588318, -0.8255626559257507, 9.801024436950684]}
Iteration 45
	total loss= 0.223628
Current scene parameters:
 	{'mat-Shape.brdf_0.clearcoat.value': [0.0], 'mat-Shape.brdf_0.clearcoat_gloss.value': [0.17320500314235687], 'mat-Shape.brdf_0.metallic.value': [0.0], 'mat-Shape.brdf_0.eta': [1.0479844808578491], 'mat-Shape.brdf_0.roughness.value': [0.9832520484924316], 'mat-Shape.brdf_0.base_color.data': TensorXf(shape=(512, 512, 3)), 'mat-Shape.brdf_0.anisotropic.value': [0.0], 'mat-Shape.brdf_0.spec_tint.value': [0.0], 'mat-Shape.brdf_0.sheen.value': [0.0], 'mat-Shape.brdf_0.sheen_tint.value': [0.5], 'mat-Shape.brdf_0.spec_trans.value': [0.0], 'mat-Shape.brdf_0.flatness.value': [0.0], 'ConstantBackgroundEmitter.radiance.value': [1.0], 'PLYMesh.vertex_positions': [0.04327536001801491, -0.8174823522567749, 9.790508270263672, 0.045179374516010284, -0.8100407123565674, .. 100442 skipped .., -0.8231177926063538, 9.802356719970703, 0.016336306929588318, -0.8255626559257507, 9.801024436950684]}
Iteration 46
	total loss= 0.217824
Current scene parameters:
 	{'mat-Shape.brdf_0.clearcoat.value': [0.0], 'mat-Shape.brdf_0.clearcoat_gloss.value': [0.17320500314235687], 'mat-Shape.brdf_0.metallic.value': [0.0], 'mat-Shape.brdf_0.eta': [1.0458993911743164], 'mat-Shape.brdf_0.roughness.value': [0.9809516072273254], 'mat-Shape.brdf_0.base_color.data': TensorXf(shape=(512, 512, 3)), 'mat-Shape.brdf_0.anisotropic.value': [0.0], 'mat-Shape.brdf_0.spec_tint.value': [0.0], 'mat-Shape.brdf_0.sheen.value': [0.0], 'mat-Shape.brdf_0.sheen_tint.value': [0.5], 'mat-Shape.brdf_0.spec_trans.value': [0.0], 'mat-Shape.brdf_0.flatness.value': [0.0], 'ConstantBackgroundEmitter.radiance.value': [1.0], 'PLYMesh.vertex_positions': [0.04321867972612381, -0.8174885511398315, 9.79050064086914, 0.044991109520196915, -0.8099794387817383, .. 100442 skipped .., -0.8231177926063538, 9.802356719970703, 0.016336306929588318, -0.8255626559257507, 9.801024436950684]}
Iteration 47
	total loss= 0.212599
Current scene parameters:
 	{'mat-Shape.brdf_0.clearcoat.value': [0.0], 'mat-Shape.brdf_0.clearcoat_gloss.value': [0.17320500314235687], 'mat-Shape.brdf_0.metallic.value': [0.0], 'mat-Shape.brdf_0.eta': [1.0475068092346191], 'mat-Shape.brdf_0.roughness.value': [0.9614275693893433], 'mat-Shape.brdf_0.base_color.data': TensorXf(shape=(512, 512, 3)), 'mat-Shape.brdf_0.anisotropic.value': [0.0], 'mat-Shape.brdf_0.spec_tint.value': [0.0], 'mat-Shape.brdf_0.sheen.value': [0.0], 'mat-Shape.brdf_0.sheen_tint.value': [0.5], 'mat-Shape.brdf_0.spec_trans.value': [0.0], 'mat-Shape.brdf_0.flatness.value': [0.0], 'ConstantBackgroundEmitter.radiance.value': [1.0], 'PLYMesh.vertex_positions': [0.043229781091213226, -0.8174831867218018, 9.790502548217773, 0.04429225996136665, -0.8097901344299316, .. 100442 skipped .., -0.8231177926063538, 9.802356719970703, 0.016336306929588318, -0.8255626559257507, 9.801024436950684]}
Iteration 48
	total loss= 0.207385
Current scene parameters:
 	{'mat-Shape.brdf_0.clearcoat.value': [0.0], 'mat-Shape.brdf_0.clearcoat_gloss.value': [0.17320500314235687], 'mat-Shape.brdf_0.metallic.value': [0.0], 'mat-Shape.brdf_0.eta': [1.0520504713058472], 'mat-Shape.brdf_0.roughness.value': [0.9339810013771057], 'mat-Shape.brdf_0.base_color.data': TensorXf(shape=(512, 512, 3)), 'mat-Shape.brdf_0.anisotropic.value': [0.0], 'mat-Shape.brdf_0.spec_tint.value': [0.0], 'mat-Shape.brdf_0.sheen.value': [0.0], 'mat-Shape.brdf_0.sheen_tint.value': [0.5], 'mat-Shape.brdf_0.spec_trans.value': [0.0], 'mat-Shape.brdf_0.flatness.value': [0.0], 'ConstantBackgroundEmitter.radiance.value': [1.0], 'PLYMesh.vertex_positions': [0.043265338987112045, -0.8174746632575989, 9.790509223937988, 0.04340437799692154, -0.8095756769180298, .. 100442 skipped .., -0.8231189846992493, 9.802356719970703, 0.016336306929588318, -0.8255626559257507, 9.801024436950684]}
Iteration 49
	total loss= 0.202349
Current scene parameters:
 	{'mat-Shape.brdf_0.clearcoat.value': [0.0], 'mat-Shape.brdf_0.clearcoat_gloss.value': [0.17320500314235687], 'mat-Shape.brdf_0.metallic.value': [0.0], 'mat-Shape.brdf_0.eta': [1.0608015060424805], 'mat-Shape.brdf_0.roughness.value': [0.912918210029602], 'mat-Shape.brdf_0.base_color.data': TensorXf(shape=(512, 512, 3)), 'mat-Shape.brdf_0.anisotropic.value': [0.0], 'mat-Shape.brdf_0.spec_tint.value': [0.0], 'mat-Shape.brdf_0.sheen.value': [0.0], 'mat-Shape.brdf_0.sheen_tint.value': [0.5], 'mat-Shape.brdf_0.spec_trans.value': [0.0], 'mat-Shape.brdf_0.flatness.value': [0.0], 'ConstantBackgroundEmitter.radiance.value': [1.0], 'PLYMesh.vertex_positions': [0.04328053072094917, -0.8174599409103394, 9.790514945983887, 0.04209531843662262, -0.8092687726020813, .. 100442 skipped .., -0.8231201171875, 9.802356719970703, 0.016336306929588318, -0.8255626559257507, 9.801024436950684]}
Iteration 50
	total loss= 0.198157
Current scene parameters:
 	{'mat-Shape.brdf_0.clearcoat.value': [0.0], 'mat-Shape.brdf_0.clearcoat_gloss.value': [0.17320500314235687], 'mat-Shape.brdf_0.metallic.value': [0.0], 'mat-Shape.brdf_0.eta': [1.0692319869995117], 'mat-Shape.brdf_0.roughness.value': [0.8909013271331787], 'mat-Shape.brdf_0.base_color.data': TensorXf(shape=(512, 512, 3)), 'mat-Shape.brdf_0.anisotropic.value': [0.0], 'mat-Shape.brdf_0.spec_tint.value': [0.0], 'mat-Shape.brdf_0.sheen.value': [0.0], 'mat-Shape.brdf_0.sheen_tint.value': [0.5], 'mat-Shape.brdf_0.spec_trans.value': [0.0], 'mat-Shape.brdf_0.flatness.value': [0.0], 'ConstantBackgroundEmitter.radiance.value': [1.0], 'PLYMesh.vertex_positions': [0.0432162769138813, -0.8174570202827454, 9.790509223937988, 0.04087004065513611, -0.808933436870575, .. 100442 skipped .., -0.8231220245361328, 9.802356719970703, 0.016336306929588318, -0.8255626559257507, 9.801024436950684]}
Iteration 51
	total loss= 0.193749
Current scene parameters:
 	{'mat-Shape.brdf_0.clearcoat.value': [0.0], 'mat-Shape.brdf_0.clearcoat_gloss.value': [0.17320500314235687], 'mat-Shape.brdf_0.metallic.value': [0.0], 'mat-Shape.brdf_0.eta': [1.0804651975631714], 'mat-Shape.brdf_0.roughness.value': [0.8793749213218689], 'mat-Shape.brdf_0.base_color.data': TensorXf(shape=(512, 512, 3)), 'mat-Shape.brdf_0.anisotropic.value': [0.0], 'mat-Shape.brdf_0.spec_tint.value': [0.0], 'mat-Shape.brdf_0.sheen.value': [0.0], 'mat-Shape.brdf_0.sheen_tint.value': [0.5], 'mat-Shape.brdf_0.spec_trans.value': [0.0], 'mat-Shape.brdf_0.flatness.value': [0.0], 'ConstantBackgroundEmitter.radiance.value': [1.0], 'PLYMesh.vertex_positions': [0.043066151440143585, -0.8174737691879272, 9.790489196777344, 0.04041966050863266, -0.8088476657867432, .. 100442 skipped .., -0.8231220245361328, 9.802356719970703, 0.016336306929588318, -0.8255626559257507, 9.801024436950684]}
Iteration 52
	total loss= 0.189463
Current scene parameters:
 	{'mat-Shape.brdf_0.clearcoat.value': [0.0], 'mat-Shape.brdf_0.clearcoat_gloss.value': [0.17320500314235687], 'mat-Shape.brdf_0.metallic.value': [0.0], 'mat-Shape.brdf_0.eta': [1.0962074995040894], 'mat-Shape.brdf_0.roughness.value': [0.8628817796707153], 'mat-Shape.brdf_0.base_color.data': TensorXf(shape=(512, 512, 3)), 'mat-Shape.brdf_0.anisotropic.value': [0.0], 'mat-Shape.brdf_0.spec_tint.value': [0.0], 'mat-Shape.brdf_0.sheen.value': [0.0], 'mat-Shape.brdf_0.sheen_tint.value': [0.5], 'mat-Shape.brdf_0.spec_trans.value': [0.0], 'mat-Shape.brdf_0.flatness.value': [0.0], 'ConstantBackgroundEmitter.radiance.value': [1.0], 'PLYMesh.vertex_positions': [0.04277423024177551, -0.8174788355827332, 9.790454864501953, 0.03976130113005638, -0.8087366819381714, .. 100442 skipped .., -0.8231220245361328, 9.802356719970703, 0.016336306929588318, -0.8255626559257507, 9.801024436950684]}
Iteration 53
	total loss= 0.185991
Current scene parameters:
 	{'mat-Shape.brdf_0.clearcoat.value': [0.0], 'mat-Shape.brdf_0.clearcoat_gloss.value': [0.17320500314235687], 'mat-Shape.brdf_0.metallic.value': [0.0], 'mat-Shape.brdf_0.eta': [1.1057926416397095], 'mat-Shape.brdf_0.roughness.value': [0.8421899080276489], 'mat-Shape.brdf_0.base_color.data': TensorXf(shape=(512, 512, 3)), 'mat-Shape.brdf_0.anisotropic.value': [0.0], 'mat-Shape.brdf_0.spec_tint.value': [0.0], 'mat-Shape.brdf_0.sheen.value': [0.0], 'mat-Shape.brdf_0.sheen_tint.value': [0.5], 'mat-Shape.brdf_0.spec_trans.value': [0.0], 'mat-Shape.brdf_0.flatness.value': [0.0], 'ConstantBackgroundEmitter.radiance.value': [1.0], 'PLYMesh.vertex_positions': [0.042551182210445404, -0.8174625635147095, 9.790431022644043, 0.038854051381349564, -0.8085775971412659, .. 100442 skipped .., -0.8231228590011597, 9.802356719970703, 0.016336306929588318, -0.8255626559257507, 9.801024436950684]}
Iteration 54
	total loss= 0.182576
Current scene parameters:
 	{'mat-Shape.brdf_0.clearcoat.value': [0.0], 'mat-Shape.brdf_0.clearcoat_gloss.value': [0.17320500314235687], 'mat-Shape.brdf_0.metallic.value': [0.0], 'mat-Shape.brdf_0.eta': [1.1070431470870972], 'mat-Shape.brdf_0.roughness.value': [0.8415023684501648], 'mat-Shape.brdf_0.base_color.data': TensorXf(shape=(512, 512, 3)), 'mat-Shape.brdf_0.anisotropic.value': [0.0], 'mat-Shape.brdf_0.spec_tint.value': [0.0], 'mat-Shape.brdf_0.sheen.value': [0.0], 'mat-Shape.brdf_0.sheen_tint.value': [0.5], 'mat-Shape.brdf_0.spec_trans.value': [0.0], 'mat-Shape.brdf_0.flatness.value': [0.0], 'ConstantBackgroundEmitter.radiance.value': [1.0], 'PLYMesh.vertex_positions': [0.04249453917145729, -0.8174574971199036, 9.790425300598145, 0.03869982808828354, -0.8085446953773499, .. 100442 skipped .., -0.8231228590011597, 9.802356719970703, 0.016336306929588318, -0.8255626559257507, 9.801024436950684]}
Iteration 55
	total loss= 0.181876
Current scene parameters:
 	{'mat-Shape.brdf_0.clearcoat.value': [0.0], 'mat-Shape.brdf_0.clearcoat_gloss.value': [0.17320500314235687], 'mat-Shape.brdf_0.metallic.value': [0.0], 'mat-Shape.brdf_0.eta': [1.1085880994796753], 'mat-Shape.brdf_0.roughness.value': [0.8413712978363037], 'mat-Shape.brdf_0.base_color.data': TensorXf(shape=(512, 512, 3)), 'mat-Shape.brdf_0.anisotropic.value': [0.0], 'mat-Shape.brdf_0.spec_tint.value': [0.0], 'mat-Shape.brdf_0.sheen.value': [0.0], 'mat-Shape.brdf_0.sheen_tint.value': [0.5], 'mat-Shape.brdf_0.spec_trans.value': [0.0], 'mat-Shape.brdf_0.flatness.value': [0.0], 'ConstantBackgroundEmitter.radiance.value': [1.0], 'PLYMesh.vertex_positions': [0.042477454990148544, -0.8174547553062439, 9.790423393249512, 0.03862224891781807, -0.8085288405418396, .. 100442 skipped .., -0.8231228590011597, 9.802356719970703, 0.016336306929588318, -0.8255626559257507, 9.801024436950684]}
Iteration 56
	total loss= 0.180068
Current scene parameters:
 	{'mat-Shape.brdf_0.clearcoat.value': [0.0], 'mat-Shape.brdf_0.clearcoat_gloss.value': [0.17320500314235687], 'mat-Shape.brdf_0.metallic.value': [0.0], 'mat-Shape.brdf_0.eta': [1.1097416877746582], 'mat-Shape.brdf_0.roughness.value': [0.8405481576919556], 'mat-Shape.brdf_0.base_color.data': TensorXf(shape=(512, 512, 3)), 'mat-Shape.brdf_0.anisotropic.value': [0.0], 'mat-Shape.brdf_0.spec_tint.value': [0.0], 'mat-Shape.brdf_0.sheen.value': [0.0], 'mat-Shape.brdf_0.sheen_tint.value': [0.5], 'mat-Shape.brdf_0.spec_trans.value': [0.0], 'mat-Shape.brdf_0.flatness.value': [0.0], 'ConstantBackgroundEmitter.radiance.value': [1.0], 'PLYMesh.vertex_positions': [0.042471565306186676, -0.8174554705619812, 9.790422439575195, 0.03853265568614006, -0.8085131049156189, .. 100442 skipped .., -0.8231230974197388, 9.802356719970703, 0.016336306929588318, -0.8255626559257507, 9.801024436950684]}
Iteration 57
	total loss= 0.179191
Current scene parameters:
 	{'mat-Shape.brdf_0.clearcoat.value': [0.0], 'mat-Shape.brdf_0.clearcoat_gloss.value': [0.17320500314235687], 'mat-Shape.brdf_0.metallic.value': [0.0], 'mat-Shape.brdf_0.eta': [1.1115243434906006], 'mat-Shape.brdf_0.roughness.value': [0.8396245241165161], 'mat-Shape.brdf_0.base_color.data': TensorXf(shape=(512, 512, 3)), 'mat-Shape.brdf_0.anisotropic.value': [0.0], 'mat-Shape.brdf_0.spec_tint.value': [0.0], 'mat-Shape.brdf_0.sheen.value': [0.0], 'mat-Shape.brdf_0.sheen_tint.value': [0.5], 'mat-Shape.brdf_0.spec_trans.value': [0.0], 'mat-Shape.brdf_0.flatness.value': [0.0], 'ConstantBackgroundEmitter.radiance.value': [1.0], 'PLYMesh.vertex_positions': [0.042450472712516785, -0.817456841468811, 9.790419578552246, 0.03845670819282532, -0.8085013628005981, .. 100442 skipped .., -0.8231233358383179, 9.802356719970703, 0.016336854547262192, -0.8255681991577148, 9.801019668579102]}
Iteration 58
	total loss= 0.177606
Current scene parameters:
 	{'mat-Shape.brdf_0.clearcoat.value': [0.0], 'mat-Shape.brdf_0.clearcoat_gloss.value': [0.17320500314235687], 'mat-Shape.brdf_0.metallic.value': [0.0], 'mat-Shape.brdf_0.eta': [1.1139823198318481], 'mat-Shape.brdf_0.roughness.value': [0.8389100432395935], 'mat-Shape.brdf_0.base_color.data': TensorXf(shape=(512, 512, 3)), 'mat-Shape.brdf_0.anisotropic.value': [0.0], 'mat-Shape.brdf_0.spec_tint.value': [0.0], 'mat-Shape.brdf_0.sheen.value': [0.0], 'mat-Shape.brdf_0.sheen_tint.value': [0.5], 'mat-Shape.brdf_0.spec_trans.value': [0.0], 'mat-Shape.brdf_0.flatness.value': [0.0], 'ConstantBackgroundEmitter.radiance.value': [1.0], 'PLYMesh.vertex_positions': [0.04243321716785431, -0.8174573183059692, 9.790416717529297, 0.038395196199417114, -0.8084926605224609, .. 100442 skipped .., -0.8231233358383179, 9.802356719970703, 0.016336854547262192, -0.8255681991577148, 9.801019668579102]}
Iteration 59
	total loss= 0.176780
Current scene parameters:
 	{'mat-Shape.brdf_0.clearcoat.value': [0.0], 'mat-Shape.brdf_0.clearcoat_gloss.value': [0.17320500314235687], 'mat-Shape.brdf_0.metallic.value': [0.0], 'mat-Shape.brdf_0.eta': [1.116265058517456], 'mat-Shape.brdf_0.roughness.value': [0.8381271362304688], 'mat-Shape.brdf_0.base_color.data': TensorXf(shape=(512, 512, 3)), 'mat-Shape.brdf_0.anisotropic.value': [0.0], 'mat-Shape.brdf_0.spec_tint.value': [0.0], 'mat-Shape.brdf_0.sheen.value': [0.0], 'mat-Shape.brdf_0.sheen_tint.value': [0.5], 'mat-Shape.brdf_0.spec_trans.value': [0.0], 'mat-Shape.brdf_0.flatness.value': [0.0], 'ConstantBackgroundEmitter.radiance.value': [1.0], 'PLYMesh.vertex_positions': [0.04243326187133789, -0.8174571990966797, 9.790416717529297, 0.038337502628564835, -0.8084850907325745, .. 100442 skipped .., -0.8231236934661865, 9.802356719970703, 0.016336854547262192, -0.8255681991577148, 9.801019668579102]}
Iteration 60
	total loss= 0.176060
Current scene parameters:
 	{'mat-Shape.brdf_0.clearcoat.value': [0.0], 'mat-Shape.brdf_0.clearcoat_gloss.value': [0.17320500314235687], 'mat-Shape.brdf_0.metallic.value': [0.0], 'mat-Shape.brdf_0.eta': [1.1183795928955078], 'mat-Shape.brdf_0.roughness.value': [0.8376443386077881], 'mat-Shape.brdf_0.base_color.data': TensorXf(shape=(512, 512, 3)), 'mat-Shape.brdf_0.anisotropic.value': [0.0], 'mat-Shape.brdf_0.spec_tint.value': [0.0], 'mat-Shape.brdf_0.sheen.value': [0.0], 'mat-Shape.brdf_0.sheen_tint.value': [0.5], 'mat-Shape.brdf_0.spec_trans.value': [0.0], 'mat-Shape.brdf_0.flatness.value': [0.0], 'ConstantBackgroundEmitter.radiance.value': [1.0], 'PLYMesh.vertex_positions': [0.04242471978068352, -0.8174575567245483, 9.790414810180664, 0.038316626101732254, -0.8084825277328491, .. 100442 skipped .., -0.8231236934661865, 9.802356719970703, 0.016336854547262192, -0.8255681991577148, 9.801019668579102]}
Iteration 61
	total loss= 0.175576
Current scene parameters:
 	{'mat-Shape.brdf_0.clearcoat.value': [0.0], 'mat-Shape.brdf_0.clearcoat_gloss.value': [0.17320500314235687], 'mat-Shape.brdf_0.metallic.value': [0.0], 'mat-Shape.brdf_0.eta': [1.119932770729065], 'mat-Shape.brdf_0.roughness.value': [0.8371480107307434], 'mat-Shape.brdf_0.base_color.data': TensorXf(shape=(512, 512, 3)), 'mat-Shape.brdf_0.anisotropic.value': [0.0], 'mat-Shape.brdf_0.spec_tint.value': [0.0], 'mat-Shape.brdf_0.sheen.value': [0.0], 'mat-Shape.brdf_0.sheen_tint.value': [0.5], 'mat-Shape.brdf_0.spec_trans.value': [0.0], 'mat-Shape.brdf_0.flatness.value': [0.0], 'ConstantBackgroundEmitter.radiance.value': [1.0], 'PLYMesh.vertex_positions': [0.04239122197031975, -0.8174553513526917, 9.790410041809082, 0.038291215896606445, -0.8084791898727417, .. 100442 skipped .., -0.8231238722801208, 9.802356719970703, 0.016337361186742783, -0.8255733251571655, 9.80101490020752]}
Iteration 62
	total loss= 0.174143
Current scene parameters:
 	{'mat-Shape.brdf_0.clearcoat.value': [0.0], 'mat-Shape.brdf_0.clearcoat_gloss.value': [0.17320500314235687], 'mat-Shape.brdf_0.metallic.value': [0.0], 'mat-Shape.brdf_0.eta': [1.1221789121627808], 'mat-Shape.brdf_0.roughness.value': [0.8370906114578247], 'mat-Shape.brdf_0.base_color.data': TensorXf(shape=(512, 512, 3)), 'mat-Shape.brdf_0.anisotropic.value': [0.0], 'mat-Shape.brdf_0.spec_tint.value': [0.0], 'mat-Shape.brdf_0.sheen.value': [0.0], 'mat-Shape.brdf_0.sheen_tint.value': [0.5], 'mat-Shape.brdf_0.spec_trans.value': [0.0], 'mat-Shape.brdf_0.flatness.value': [0.0], 'ConstantBackgroundEmitter.radiance.value': [1.0], 'PLYMesh.vertex_positions': [0.04235459491610527, -0.8174527287483215, 9.790406227111816, 0.038271546363830566, -0.8084763288497925, .. 100442 skipped .., -0.8231238722801208, 9.802356719970703, 0.016337361186742783, -0.8255733251571655, 9.80101490020752]}
Iteration 63
	total loss= 0.173819
Current scene parameters:
 	{'mat-Shape.brdf_0.clearcoat.value': [0.0], 'mat-Shape.brdf_0.clearcoat_gloss.value': [0.17320500314235687], 'mat-Shape.brdf_0.metallic.value': [0.0], 'mat-Shape.brdf_0.eta': [1.1243243217468262], 'mat-Shape.brdf_0.roughness.value': [0.8367621898651123], 'mat-Shape.brdf_0.base_color.data': TensorXf(shape=(512, 512, 3)), 'mat-Shape.brdf_0.anisotropic.value': [0.0], 'mat-Shape.brdf_0.spec_tint.value': [0.0], 'mat-Shape.brdf_0.sheen.value': [0.0], 'mat-Shape.brdf_0.sheen_tint.value': [0.5], 'mat-Shape.brdf_0.spec_trans.value': [0.0], 'mat-Shape.brdf_0.flatness.value': [0.0], 'ConstantBackgroundEmitter.radiance.value': [1.0], 'PLYMesh.vertex_positions': [0.04232891649007797, -0.8174527287483215, 9.790403366088867, 0.03825632855296135, -0.8084733486175537, .. 100442 skipped .., -0.8231239914894104, 9.802356719970703, 0.016337361186742783, -0.8255733251571655, 9.80101490020752]}
Iteration 64
	total loss= 0.173308
Current scene parameters:
 	{'mat-Shape.brdf_0.clearcoat.value': [0.0], 'mat-Shape.brdf_0.clearcoat_gloss.value': [0.17320500314235687], 'mat-Shape.brdf_0.metallic.value': [0.0], 'mat-Shape.brdf_0.eta': [1.1267892122268677], 'mat-Shape.brdf_0.roughness.value': [0.836406409740448], 'mat-Shape.brdf_0.base_color.data': TensorXf(shape=(512, 512, 3)), 'mat-Shape.brdf_0.anisotropic.value': [0.0], 'mat-Shape.brdf_0.spec_tint.value': [0.0], 'mat-Shape.brdf_0.sheen.value': [0.0], 'mat-Shape.brdf_0.sheen_tint.value': [0.5], 'mat-Shape.brdf_0.spec_trans.value': [0.0], 'mat-Shape.brdf_0.flatness.value': [0.0], 'ConstantBackgroundEmitter.radiance.value': [1.0], 'PLYMesh.vertex_positions': [0.042325012385845184, -0.817453145980835, 9.79040241241455, 0.038241010159254074, -0.8084685802459717, .. 100442 skipped .., -0.8231244087219238, 9.802356719970703, 0.016337361186742783, -0.8255733251571655, 9.80101490020752]}
Iteration 65
	total loss= 0.171980
Current scene parameters:
 	{'mat-Shape.brdf_0.clearcoat.value': [0.0], 'mat-Shape.brdf_0.clearcoat_gloss.value': [0.17320500314235687], 'mat-Shape.brdf_0.metallic.value': [0.0], 'mat-Shape.brdf_0.eta': [1.1290268898010254], 'mat-Shape.brdf_0.roughness.value': [0.8363399505615234], 'mat-Shape.brdf_0.base_color.data': TensorXf(shape=(512, 512, 3)), 'mat-Shape.brdf_0.anisotropic.value': [0.0], 'mat-Shape.brdf_0.spec_tint.value': [0.0], 'mat-Shape.brdf_0.sheen.value': [0.0], 'mat-Shape.brdf_0.sheen_tint.value': [0.5], 'mat-Shape.brdf_0.spec_trans.value': [0.0], 'mat-Shape.brdf_0.flatness.value': [0.0], 'ConstantBackgroundEmitter.radiance.value': [1.0], 'PLYMesh.vertex_positions': [0.04232857748866081, -0.8174560070037842, 9.79040241241455, 0.03823569789528847, -0.8084672689437866, .. 100442 skipped .., -0.8231244087219238, 9.802356719970703, 0.016337361186742783, -0.8255733251571655, 9.80101490020752]}
Iteration 66
	total loss= 0.171082
Current scene parameters:
 	{'mat-Shape.brdf_0.clearcoat.value': [0.0], 'mat-Shape.brdf_0.clearcoat_gloss.value': [0.17320500314235687], 'mat-Shape.brdf_0.metallic.value': [0.0], 'mat-Shape.brdf_0.eta': [1.1311370134353638], 'mat-Shape.brdf_0.roughness.value': [0.8358633518218994], 'mat-Shape.brdf_0.base_color.data': TensorXf(shape=(512, 512, 3)), 'mat-Shape.brdf_0.anisotropic.value': [0.0], 'mat-Shape.brdf_0.spec_tint.value': [0.0], 'mat-Shape.brdf_0.sheen.value': [0.0], 'mat-Shape.brdf_0.sheen_tint.value': [0.5], 'mat-Shape.brdf_0.spec_trans.value': [0.0], 'mat-Shape.brdf_0.flatness.value': [0.0], 'ConstantBackgroundEmitter.radiance.value': [1.0], 'PLYMesh.vertex_positions': [0.042329106479883194, -0.8174570798873901, 9.79040241241455, 0.03822973370552063, -0.8084659576416016, .. 100442 skipped .., -0.8231247663497925, 9.802356719970703, 0.016337361186742783, -0.8255733251571655, 9.80101490020752]}
Iteration 67
	total loss= 0.170610
Current scene parameters:
 	{'mat-Shape.brdf_0.clearcoat.value': [0.0], 'mat-Shape.brdf_0.clearcoat_gloss.value': [0.17320500314235687], 'mat-Shape.brdf_0.metallic.value': [0.0], 'mat-Shape.brdf_0.eta': [1.1331449747085571], 'mat-Shape.brdf_0.roughness.value': [0.8348600268363953], 'mat-Shape.brdf_0.base_color.data': TensorXf(shape=(512, 512, 3)), 'mat-Shape.brdf_0.anisotropic.value': [0.0], 'mat-Shape.brdf_0.spec_tint.value': [0.0], 'mat-Shape.brdf_0.sheen.value': [0.0], 'mat-Shape.brdf_0.sheen_tint.value': [0.5], 'mat-Shape.brdf_0.spec_trans.value': [0.0], 'mat-Shape.brdf_0.flatness.value': [0.0], 'ConstantBackgroundEmitter.radiance.value': [1.0], 'PLYMesh.vertex_positions': [0.0423307903110981, -0.8174600005149841, 9.79040241241455, 0.03822638466954231, -0.8084651231765747, .. 100442 skipped .., -0.8231251239776611, 9.802356719970703, 0.016337361186742783, -0.8255733251571655, 9.80101490020752]}
Iteration 68
	total loss= 0.169423
Current scene parameters:
 	{'mat-Shape.brdf_0.clearcoat.value': [0.0], 'mat-Shape.brdf_0.clearcoat_gloss.value': [0.17320500314235687], 'mat-Shape.brdf_0.metallic.value': [0.0], 'mat-Shape.brdf_0.eta': [1.1346282958984375], 'mat-Shape.brdf_0.roughness.value': [0.8333944082260132], 'mat-Shape.brdf_0.base_color.data': TensorXf(shape=(512, 512, 3)), 'mat-Shape.brdf_0.anisotropic.value': [0.0], 'mat-Shape.brdf_0.spec_tint.value': [0.0], 'mat-Shape.brdf_0.sheen.value': [0.0], 'mat-Shape.brdf_0.sheen_tint.value': [0.5], 'mat-Shape.brdf_0.spec_trans.value': [0.0], 'mat-Shape.brdf_0.flatness.value': [0.0], 'ConstantBackgroundEmitter.radiance.value': [1.0], 'PLYMesh.vertex_positions': [0.04229326173663139, -0.8174656629562378, 9.790396690368652, 0.03822494298219681, -0.8084647059440613, .. 100442 skipped .., -0.823125422000885, 9.802356719970703, 0.016337361186742783, -0.8255733251571655, 9.80101490020752]}
Iteration 69
	total loss= 0.168485
Current scene parameters:
 	{'mat-Shape.brdf_0.clearcoat.value': [0.0], 'mat-Shape.brdf_0.clearcoat_gloss.value': [0.17320500314235687], 'mat-Shape.brdf_0.metallic.value': [0.0], 'mat-Shape.brdf_0.eta': [1.1364508867263794], 'mat-Shape.brdf_0.roughness.value': [0.8327525854110718], 'mat-Shape.brdf_0.base_color.data': TensorXf(shape=(512, 512, 3)), 'mat-Shape.brdf_0.anisotropic.value': [0.0], 'mat-Shape.brdf_0.spec_tint.value': [0.0], 'mat-Shape.brdf_0.sheen.value': [0.0], 'mat-Shape.brdf_0.sheen_tint.value': [0.5], 'mat-Shape.brdf_0.spec_trans.value': [0.0], 'mat-Shape.brdf_0.flatness.value': [0.0], 'ConstantBackgroundEmitter.radiance.value': [1.0], 'PLYMesh.vertex_positions': [0.042249031364917755, -0.8174723386764526, 9.790390014648438, 0.03822171315550804, -0.8084641098976135, .. 100442 skipped .., -0.8231256604194641, 9.802356719970703, 0.016337361186742783, -0.8255733251571655, 9.80101490020752]}
Iteration 70
	total loss= 0.167804
Current scene parameters:
 	{'mat-Shape.brdf_0.clearcoat.value': [0.0], 'mat-Shape.brdf_0.clearcoat_gloss.value': [0.17320500314235687], 'mat-Shape.brdf_0.metallic.value': [0.0], 'mat-Shape.brdf_0.eta': [1.1383545398712158], 'mat-Shape.brdf_0.roughness.value': [0.8323250412940979], 'mat-Shape.brdf_0.base_color.data': TensorXf(shape=(512, 512, 3)), 'mat-Shape.brdf_0.anisotropic.value': [0.0], 'mat-Shape.brdf_0.spec_tint.value': [0.0], 'mat-Shape.brdf_0.sheen.value': [0.0], 'mat-Shape.brdf_0.sheen_tint.value': [0.5], 'mat-Shape.brdf_0.spec_trans.value': [0.0], 'mat-Shape.brdf_0.flatness.value': [0.0], 'ConstantBackgroundEmitter.radiance.value': [1.0], 'PLYMesh.vertex_positions': [0.042212557047605515, -0.8174769878387451, 9.790384292602539, 0.03821948915719986, -0.8084639310836792, .. 100442 skipped .., -0.8231257796287537, 9.802356719970703, 0.016337361186742783, -0.8255733251571655, 9.80101490020752]}
Iteration 71
	total loss= 0.166916
Current scene parameters:
 	{'mat-Shape.brdf_0.clearcoat.value': [0.0], 'mat-Shape.brdf_0.clearcoat_gloss.value': [0.17320500314235687], 'mat-Shape.brdf_0.metallic.value': [0.0], 'mat-Shape.brdf_0.eta': [1.1398084163665771], 'mat-Shape.brdf_0.roughness.value': [0.8316201567649841], 'mat-Shape.brdf_0.base_color.data': TensorXf(shape=(512, 512, 3)), 'mat-Shape.brdf_0.anisotropic.value': [0.0], 'mat-Shape.brdf_0.spec_tint.value': [0.0], 'mat-Shape.brdf_0.sheen.value': [0.0], 'mat-Shape.brdf_0.sheen_tint.value': [0.5], 'mat-Shape.brdf_0.spec_trans.value': [0.0], 'mat-Shape.brdf_0.flatness.value': [0.0], 'ConstantBackgroundEmitter.radiance.value': [1.0], 'PLYMesh.vertex_positions': [0.04218706861138344, -0.8174859881401062, 9.79037857055664, 0.038217656314373016, -0.8084637522697449, .. 100442 skipped .., -0.8231258988380432, 9.802356719970703, 0.016337361186742783, -0.8255733251571655, 9.80101490020752]}
Iteration 72
	total loss= 0.166754
Current scene parameters:
 	{'mat-Shape.brdf_0.clearcoat.value': [0.0], 'mat-Shape.brdf_0.clearcoat_gloss.value': [0.17320500314235687], 'mat-Shape.brdf_0.metallic.value': [0.0], 'mat-Shape.brdf_0.eta': [1.1414127349853516], 'mat-Shape.brdf_0.roughness.value': [0.8307747840881348], 'mat-Shape.brdf_0.base_color.data': TensorXf(shape=(512, 512, 3)), 'mat-Shape.brdf_0.anisotropic.value': [0.0], 'mat-Shape.brdf_0.spec_tint.value': [0.0], 'mat-Shape.brdf_0.sheen.value': [0.0], 'mat-Shape.brdf_0.sheen_tint.value': [0.5], 'mat-Shape.brdf_0.spec_trans.value': [0.0], 'mat-Shape.brdf_0.flatness.value': [0.0], 'ConstantBackgroundEmitter.radiance.value': [1.0], 'PLYMesh.vertex_positions': [0.042153045535087585, -0.8175022602081299, 9.790371894836426, 0.03821752965450287, -0.8084643483161926, .. 100442 skipped .., -0.8231258988380432, 9.802356719970703, 0.016337361186742783, -0.8255733251571655, 9.80101490020752]}
Iteration 73
	total loss= 0.165956
Current scene parameters:
 	{'mat-Shape.brdf_0.clearcoat.value': [0.0], 'mat-Shape.brdf_0.clearcoat_gloss.value': [0.17320500314235687], 'mat-Shape.brdf_0.metallic.value': [0.0], 'mat-Shape.brdf_0.eta': [1.1427186727523804], 'mat-Shape.brdf_0.roughness.value': [0.8300083875656128], 'mat-Shape.brdf_0.base_color.data': TensorXf(shape=(512, 512, 3)), 'mat-Shape.brdf_0.anisotropic.value': [0.0], 'mat-Shape.brdf_0.spec_tint.value': [0.0], 'mat-Shape.brdf_0.sheen.value': [0.0], 'mat-Shape.brdf_0.sheen_tint.value': [0.5], 'mat-Shape.brdf_0.spec_trans.value': [0.0], 'mat-Shape.brdf_0.flatness.value': [0.0], 'ConstantBackgroundEmitter.radiance.value': [1.0], 'PLYMesh.vertex_positions': [0.04212746396660805, -0.8175129890441895, 9.790367126464844, 0.03821766749024391, -0.808465301990509, .. 100442 skipped .., -0.8231258988380432, 9.802356719970703, 0.016337361186742783, -0.8255733251571655, 9.80101490020752]}
Iteration 74
	total loss= 0.164778
Current scene parameters:
 	{'mat-Shape.brdf_0.clearcoat.value': [0.0], 'mat-Shape.brdf_0.clearcoat_gloss.value': [0.17320500314235687], 'mat-Shape.brdf_0.metallic.value': [0.0], 'mat-Shape.brdf_0.eta': [1.1441389322280884], 'mat-Shape.brdf_0.roughness.value': [0.829354465007782], 'mat-Shape.brdf_0.base_color.data': TensorXf(shape=(512, 512, 3)), 'mat-Shape.brdf_0.anisotropic.value': [0.0], 'mat-Shape.brdf_0.spec_tint.value': [0.0], 'mat-Shape.brdf_0.sheen.value': [0.0], 'mat-Shape.brdf_0.sheen_tint.value': [0.5], 'mat-Shape.brdf_0.spec_trans.value': [0.0], 'mat-Shape.brdf_0.flatness.value': [0.0], 'ConstantBackgroundEmitter.radiance.value': [1.0], 'PLYMesh.vertex_positions': [0.04210463538765907, -0.8175204992294312, 9.790364265441895, 0.038217898458242416, -0.8084660768508911, .. 100442 skipped .., -0.8231260180473328, 9.802356719970703, 0.016337361186742783, -0.8255733251571655, 9.80101490020752]}
Iteration 75
	total loss= 0.164645
Current scene parameters:
 	{'mat-Shape.brdf_0.clearcoat.value': [0.0], 'mat-Shape.brdf_0.clearcoat_gloss.value': [0.17320500314235687], 'mat-Shape.brdf_0.metallic.value': [0.0], 'mat-Shape.brdf_0.eta': [1.1456286907196045], 'mat-Shape.brdf_0.roughness.value': [0.8284007906913757], 'mat-Shape.brdf_0.base_color.data': TensorXf(shape=(512, 512, 3)), 'mat-Shape.brdf_0.anisotropic.value': [0.0], 'mat-Shape.brdf_0.spec_tint.value': [0.0], 'mat-Shape.brdf_0.sheen.value': [0.0], 'mat-Shape.brdf_0.sheen_tint.value': [0.5], 'mat-Shape.brdf_0.spec_trans.value': [0.0], 'mat-Shape.brdf_0.flatness.value': [0.0], 'ConstantBackgroundEmitter.radiance.value': [1.0], 'PLYMesh.vertex_positions': [0.042079661041498184, -0.8175255656242371, 9.790361404418945, 0.03825809061527252, -0.8084545135498047, .. 100442 skipped .., -0.8231260180473328, 9.802356719970703, 0.016337361186742783, -0.8255733251571655, 9.80101490020752]}
Iteration 76
	total loss= 0.162858
Current scene parameters:
 	{'mat-Shape.brdf_0.clearcoat.value': [0.0], 'mat-Shape.brdf_0.clearcoat_gloss.value': [0.17320500314235687], 'mat-Shape.brdf_0.metallic.value': [0.0], 'mat-Shape.brdf_0.eta': [1.1472623348236084], 'mat-Shape.brdf_0.roughness.value': [0.8276376724243164], 'mat-Shape.brdf_0.base_color.data': TensorXf(shape=(512, 512, 3)), 'mat-Shape.brdf_0.anisotropic.value': [0.0], 'mat-Shape.brdf_0.spec_tint.value': [0.0], 'mat-Shape.brdf_0.sheen.value': [0.0], 'mat-Shape.brdf_0.sheen_tint.value': [0.5], 'mat-Shape.brdf_0.spec_trans.value': [0.0], 'mat-Shape.brdf_0.flatness.value': [0.0], 'ConstantBackgroundEmitter.radiance.value': [1.0], 'PLYMesh.vertex_positions': [0.042060576379299164, -0.8175288438796997, 9.790358543395996, 0.03828733414411545, -0.808445930480957, .. 100442 skipped .., -0.8231260180473328, 9.802356719970703, 0.016337361186742783, -0.8255733251571655, 9.80101490020752]}
Iteration 77
	total loss= 0.162828
Current scene parameters:
 	{'mat-Shape.brdf_0.clearcoat.value': [0.0], 'mat-Shape.brdf_0.clearcoat_gloss.value': [0.17320500314235687], 'mat-Shape.brdf_0.metallic.value': [0.0], 'mat-Shape.brdf_0.eta': [1.1488990783691406], 'mat-Shape.brdf_0.roughness.value': [0.8267876505851746], 'mat-Shape.brdf_0.base_color.data': TensorXf(shape=(512, 512, 3)), 'mat-Shape.brdf_0.anisotropic.value': [0.0], 'mat-Shape.brdf_0.spec_tint.value': [0.0], 'mat-Shape.brdf_0.sheen.value': [0.0], 'mat-Shape.brdf_0.sheen_tint.value': [0.5], 'mat-Shape.brdf_0.spec_trans.value': [0.0], 'mat-Shape.brdf_0.flatness.value': [0.0], 'ConstantBackgroundEmitter.radiance.value': [1.0], 'PLYMesh.vertex_positions': [0.042054612189531326, -0.8175303339958191, 9.79035758972168, 0.03830234333872795, -0.8084415197372437, .. 100442 skipped .., -0.8231261372566223, 9.802356719970703, 0.016337361186742783, -0.8255733251571655, 9.80101490020752]}
Iteration 78
	total loss= 0.162328
Current scene parameters:
 	{'mat-Shape.brdf_0.clearcoat.value': [0.0], 'mat-Shape.brdf_0.clearcoat_gloss.value': [0.17320500314235687], 'mat-Shape.brdf_0.metallic.value': [0.0], 'mat-Shape.brdf_0.eta': [1.1502684354782104], 'mat-Shape.brdf_0.roughness.value': [0.8258470296859741], 'mat-Shape.brdf_0.base_color.data': TensorXf(shape=(512, 512, 3)), 'mat-Shape.brdf_0.anisotropic.value': [0.0], 'mat-Shape.brdf_0.spec_tint.value': [0.0], 'mat-Shape.brdf_0.sheen.value': [0.0], 'mat-Shape.brdf_0.sheen_tint.value': [0.5], 'mat-Shape.brdf_0.spec_trans.value': [0.0], 'mat-Shape.brdf_0.flatness.value': [0.0], 'ConstantBackgroundEmitter.radiance.value': [1.0], 'PLYMesh.vertex_positions': [0.04203907772898674, -0.8175337314605713, 9.790355682373047, 0.0383245088160038, -0.8084349632263184, .. 100442 skipped .., -0.8231262564659119, 9.802356719970703, 0.016337361186742783, -0.8255733251571655, 9.80101490020752]}
Iteration 79
	total loss= 0.161880
Current scene parameters:
 	{'mat-Shape.brdf_0.clearcoat.value': [0.0], 'mat-Shape.brdf_0.clearcoat_gloss.value': [0.17320500314235687], 'mat-Shape.brdf_0.metallic.value': [0.0], 'mat-Shape.brdf_0.eta': [1.1516748666763306], 'mat-Shape.brdf_0.roughness.value': [0.8251402974128723], 'mat-Shape.brdf_0.base_color.data': TensorXf(shape=(512, 512, 3)), 'mat-Shape.brdf_0.anisotropic.value': [0.0], 'mat-Shape.brdf_0.spec_tint.value': [0.0], 'mat-Shape.brdf_0.sheen.value': [0.0], 'mat-Shape.brdf_0.sheen_tint.value': [0.5], 'mat-Shape.brdf_0.spec_trans.value': [0.0], 'mat-Shape.brdf_0.flatness.value': [0.0], 'ConstantBackgroundEmitter.radiance.value': [1.0], 'PLYMesh.vertex_positions': [0.04202563315629959, -0.8175349831581116, 9.790353775024414, 0.03833285719156265, -0.8084324598312378, .. 100442 skipped .., -0.8231262564659119, 9.802356719970703, 0.016337361186742783, -0.8255733251571655, 9.80101490020752]}
Iteration 80
	total loss= 0.160549
Current scene parameters:
 	{'mat-Shape.brdf_0.clearcoat.value': [0.0], 'mat-Shape.brdf_0.clearcoat_gloss.value': [0.17320500314235687], 'mat-Shape.brdf_0.metallic.value': [0.0], 'mat-Shape.brdf_0.eta': [1.1531139612197876], 'mat-Shape.brdf_0.roughness.value': [0.8246768712997437], 'mat-Shape.brdf_0.base_color.data': TensorXf(shape=(512, 512, 3)), 'mat-Shape.brdf_0.anisotropic.value': [0.0], 'mat-Shape.brdf_0.spec_tint.value': [0.0], 'mat-Shape.brdf_0.sheen.value': [0.0], 'mat-Shape.brdf_0.sheen_tint.value': [0.5], 'mat-Shape.brdf_0.spec_trans.value': [0.0], 'mat-Shape.brdf_0.flatness.value': [0.0], 'ConstantBackgroundEmitter.radiance.value': [1.0], 'PLYMesh.vertex_positions': [0.042006805539131165, -0.8175347447395325, 9.790351867675781, 0.03834514319896698, -0.8084287643432617, .. 100442 skipped .., -0.8231262564659119, 9.802356719970703, 0.016337361186742783, -0.8255733251571655, 9.80101490020752]}
Iteration 81
	total loss= 0.160216
Current scene parameters:
 	{'mat-Shape.brdf_0.clearcoat.value': [0.0], 'mat-Shape.brdf_0.clearcoat_gloss.value': [0.17320500314235687], 'mat-Shape.brdf_0.metallic.value': [0.0], 'mat-Shape.brdf_0.eta': [1.1545566320419312], 'mat-Shape.brdf_0.roughness.value': [0.8241386413574219], 'mat-Shape.brdf_0.base_color.data': TensorXf(shape=(512, 512, 3)), 'mat-Shape.brdf_0.anisotropic.value': [0.0], 'mat-Shape.brdf_0.spec_tint.value': [0.0], 'mat-Shape.brdf_0.sheen.value': [0.0], 'mat-Shape.brdf_0.sheen_tint.value': [0.5], 'mat-Shape.brdf_0.spec_trans.value': [0.0], 'mat-Shape.brdf_0.flatness.value': [0.0], 'ConstantBackgroundEmitter.radiance.value': [1.0], 'PLYMesh.vertex_positions': [0.041993398219347, -0.817533552646637, 9.790350914001465, 0.03834961727261543, -0.8084273934364319, .. 100442 skipped .., -0.8231262564659119, 9.802356719970703, 0.016337361186742783, -0.8255733251571655, 9.80101490020752]}
Iteration 82
	total loss= 0.159875
Current scene parameters:
 	{'mat-Shape.brdf_0.clearcoat.value': [0.0], 'mat-Shape.brdf_0.clearcoat_gloss.value': [0.17320500314235687], 'mat-Shape.brdf_0.metallic.value': [0.0], 'mat-Shape.brdf_0.eta': [1.155887246131897], 'mat-Shape.brdf_0.roughness.value': [0.8234663009643555], 'mat-Shape.brdf_0.base_color.data': TensorXf(shape=(512, 512, 3)), 'mat-Shape.brdf_0.anisotropic.value': [0.0], 'mat-Shape.brdf_0.spec_tint.value': [0.0], 'mat-Shape.brdf_0.sheen.value': [0.0], 'mat-Shape.brdf_0.sheen_tint.value': [0.5], 'mat-Shape.brdf_0.spec_trans.value': [0.0], 'mat-Shape.brdf_0.flatness.value': [0.0], 'ConstantBackgroundEmitter.radiance.value': [1.0], 'PLYMesh.vertex_positions': [0.041992735117673874, -0.817531943321228, 9.790350914001465, 0.03835327923297882, -0.8084262609481812, .. 100442 skipped .., -0.8231262564659119, 9.802356719970703, 0.016337361186742783, -0.8255733251571655, 9.80101490020752]}
Iteration 83
	total loss= 0.159494
Current scene parameters:
 	{'mat-Shape.brdf_0.clearcoat.value': [0.0], 'mat-Shape.brdf_0.clearcoat_gloss.value': [0.17320500314235687], 'mat-Shape.brdf_0.metallic.value': [0.0], 'mat-Shape.brdf_0.eta': [1.157057285308838], 'mat-Shape.brdf_0.roughness.value': [0.8229084014892578], 'mat-Shape.brdf_0.base_color.data': TensorXf(shape=(512, 512, 3)), 'mat-Shape.brdf_0.anisotropic.value': [0.0], 'mat-Shape.brdf_0.spec_tint.value': [0.0], 'mat-Shape.brdf_0.sheen.value': [0.0], 'mat-Shape.brdf_0.sheen_tint.value': [0.5], 'mat-Shape.brdf_0.spec_trans.value': [0.0], 'mat-Shape.brdf_0.flatness.value': [0.0], 'ConstantBackgroundEmitter.radiance.value': [1.0], 'PLYMesh.vertex_positions': [0.041986919939517975, -0.8175290822982788, 9.790350914001465, 0.03835484758019447, -0.808425784111023, .. 100442 skipped .., -0.8231262564659119, 9.802356719970703, 0.016337361186742783, -0.8255733251571655, 9.80101490020752]}
Iteration 84
	total loss= 0.158770
Current scene parameters:
 	{'mat-Shape.brdf_0.clearcoat.value': [0.0], 'mat-Shape.brdf_0.clearcoat_gloss.value': [0.17320500314235687], 'mat-Shape.brdf_0.metallic.value': [0.0], 'mat-Shape.brdf_0.eta': [1.1584265232086182], 'mat-Shape.brdf_0.roughness.value': [0.8222959637641907], 'mat-Shape.brdf_0.base_color.data': TensorXf(shape=(512, 512, 3)), 'mat-Shape.brdf_0.anisotropic.value': [0.0], 'mat-Shape.brdf_0.spec_tint.value': [0.0], 'mat-Shape.brdf_0.sheen.value': [0.0], 'mat-Shape.brdf_0.sheen_tint.value': [0.5], 'mat-Shape.brdf_0.spec_trans.value': [0.0], 'mat-Shape.brdf_0.flatness.value': [0.0], 'ConstantBackgroundEmitter.radiance.value': [1.0], 'PLYMesh.vertex_positions': [0.041972216218709946, -0.8175258636474609, 9.790350914001465, 0.038360729813575745, -0.808424174785614, .. 100442 skipped .., -0.8231263160705566, 9.802356719970703, 0.016337361186742783, -0.8255733251571655, 9.80101490020752]}
Iteration 85
	total loss= 0.157626
Current scene parameters:
 	{'mat-Shape.brdf_0.clearcoat.value': [0.0], 'mat-Shape.brdf_0.clearcoat_gloss.value': [0.17320500314235687], 'mat-Shape.brdf_0.metallic.value': [0.0], 'mat-Shape.brdf_0.eta': [1.159536600112915], 'mat-Shape.brdf_0.roughness.value': [0.8216249942779541], 'mat-Shape.brdf_0.base_color.data': TensorXf(shape=(512, 512, 3)), 'mat-Shape.brdf_0.anisotropic.value': [0.0], 'mat-Shape.brdf_0.spec_tint.value': [0.0], 'mat-Shape.brdf_0.sheen.value': [0.0], 'mat-Shape.brdf_0.sheen_tint.value': [0.5], 'mat-Shape.brdf_0.spec_trans.value': [0.0], 'mat-Shape.brdf_0.flatness.value': [0.0], 'ConstantBackgroundEmitter.radiance.value': [1.0], 'PLYMesh.vertex_positions': [0.04196246340870857, -0.8175255060195923, 9.790350914001465, 0.03836316987872124, -0.8084235191345215, .. 100442 skipped .., -0.8231263756752014, 9.802356719970703, 0.016337361186742783, -0.8255733251571655, 9.80101490020752]}
Iteration 86
	total loss= 0.157543
Current scene parameters:
 	{'mat-Shape.brdf_0.clearcoat.value': [0.0], 'mat-Shape.brdf_0.clearcoat_gloss.value': [0.17320500314235687], 'mat-Shape.brdf_0.metallic.value': [0.0], 'mat-Shape.brdf_0.eta': [1.1607613563537598], 'mat-Shape.brdf_0.roughness.value': [0.8209593892097473], 'mat-Shape.brdf_0.base_color.data': TensorXf(shape=(512, 512, 3)), 'mat-Shape.brdf_0.anisotropic.value': [0.0], 'mat-Shape.brdf_0.spec_tint.value': [0.0], 'mat-Shape.brdf_0.sheen.value': [0.0], 'mat-Shape.brdf_0.sheen_tint.value': [0.5], 'mat-Shape.brdf_0.spec_trans.value': [0.0], 'mat-Shape.brdf_0.flatness.value': [0.0], 'ConstantBackgroundEmitter.radiance.value': [1.0], 'PLYMesh.vertex_positions': [0.0419297032058239, -0.8175140619277954, 9.790349006652832, 0.03836584463715553, -0.8084222078323364, .. 100442 skipped .., -0.823126494884491, 9.802356719970703, 0.016337361186742783, -0.8255733251571655, 9.80101490020752]}
Iteration 87
	total loss= 0.156572
Current scene parameters:
 	{'mat-Shape.brdf_0.clearcoat.value': [0.0], 'mat-Shape.brdf_0.clearcoat_gloss.value': [0.17320500314235687], 'mat-Shape.brdf_0.metallic.value': [0.0], 'mat-Shape.brdf_0.eta': [1.1620252132415771], 'mat-Shape.brdf_0.roughness.value': [0.8205620050430298], 'mat-Shape.brdf_0.base_color.data': TensorXf(shape=(512, 512, 3)), 'mat-Shape.brdf_0.anisotropic.value': [0.0], 'mat-Shape.brdf_0.spec_tint.value': [0.0], 'mat-Shape.brdf_0.sheen.value': [0.0], 'mat-Shape.brdf_0.sheen_tint.value': [0.5], 'mat-Shape.brdf_0.spec_trans.value': [0.0], 'mat-Shape.brdf_0.flatness.value': [0.0], 'ConstantBackgroundEmitter.radiance.value': [1.0], 'PLYMesh.vertex_positions': [0.041882142424583435, -0.8174992203712463, 9.790346145629883, 0.03836660832166672, -0.8084217309951782, .. 100442 skipped .., -0.8231265544891357, 9.802356719970703, 0.016337361186742783, -0.8255733251571655, 9.80101490020752]}
Iteration 88
	total loss= 0.155754
Current scene parameters:
 	{'mat-Shape.brdf_0.clearcoat.value': [0.0], 'mat-Shape.brdf_0.clearcoat_gloss.value': [0.17320500314235687], 'mat-Shape.brdf_0.metallic.value': [0.0], 'mat-Shape.brdf_0.eta': [1.1631662845611572], 'mat-Shape.brdf_0.roughness.value': [0.8199046850204468], 'mat-Shape.brdf_0.base_color.data': TensorXf(shape=(512, 512, 3)), 'mat-Shape.brdf_0.anisotropic.value': [0.0], 'mat-Shape.brdf_0.spec_tint.value': [0.0], 'mat-Shape.brdf_0.sheen.value': [0.0], 'mat-Shape.brdf_0.sheen_tint.value': [0.5], 'mat-Shape.brdf_0.spec_trans.value': [0.0], 'mat-Shape.brdf_0.flatness.value': [0.0], 'ConstantBackgroundEmitter.radiance.value': [1.0], 'PLYMesh.vertex_positions': [0.04183902591466904, -0.8174892663955688, 9.790343284606934, 0.03836725279688835, -0.8084213733673096, .. 100442 skipped .., -0.8231266140937805, 9.802356719970703, 0.016337361186742783, -0.8255733251571655, 9.80101490020752]}
Iteration 89
	total loss= 0.155717
Current scene parameters:
 	{'mat-Shape.brdf_0.clearcoat.value': [0.0], 'mat-Shape.brdf_0.clearcoat_gloss.value': [0.17320500314235687], 'mat-Shape.brdf_0.metallic.value': [0.0], 'mat-Shape.brdf_0.eta': [1.164251685142517], 'mat-Shape.brdf_0.roughness.value': [0.8192014694213867], 'mat-Shape.brdf_0.base_color.data': TensorXf(shape=(512, 512, 3)), 'mat-Shape.brdf_0.anisotropic.value': [0.0], 'mat-Shape.brdf_0.spec_tint.value': [0.0], 'mat-Shape.brdf_0.sheen.value': [0.0], 'mat-Shape.brdf_0.sheen_tint.value': [0.5], 'mat-Shape.brdf_0.spec_trans.value': [0.0], 'mat-Shape.brdf_0.flatness.value': [0.0], 'ConstantBackgroundEmitter.radiance.value': [1.0], 'PLYMesh.vertex_positions': [0.04181033745408058, -0.8174810409545898, 9.790342330932617, 0.03836826980113983, -0.8084208369255066, .. 100442 skipped .., -0.8231266140937805, 9.802356719970703, 0.016337361186742783, -0.8255733251571655, 9.80101490020752]}
Iteration 90
	total loss= 0.155092
Current scene parameters:
 	{'mat-Shape.brdf_0.clearcoat.value': [0.0], 'mat-Shape.brdf_0.clearcoat_gloss.value': [0.17320500314235687], 'mat-Shape.brdf_0.metallic.value': [0.0], 'mat-Shape.brdf_0.eta': [1.165177583694458], 'mat-Shape.brdf_0.roughness.value': [0.8184248805046082], 'mat-Shape.brdf_0.base_color.data': TensorXf(shape=(512, 512, 3)), 'mat-Shape.brdf_0.anisotropic.value': [0.0], 'mat-Shape.brdf_0.spec_tint.value': [0.0], 'mat-Shape.brdf_0.sheen.value': [0.0], 'mat-Shape.brdf_0.sheen_tint.value': [0.5], 'mat-Shape.brdf_0.spec_trans.value': [0.0], 'mat-Shape.brdf_0.flatness.value': [0.0], 'ConstantBackgroundEmitter.radiance.value': [1.0], 'PLYMesh.vertex_positions': [0.04179020971059799, -0.8174754977226257, 9.7903413772583, 0.03836867958307266, -0.8084206581115723, .. 100442 skipped .., -0.8231266736984253, 9.802356719970703, 0.016337361186742783, -0.8255733251571655, 9.80101490020752]}
Iteration 91
	total loss= 0.154600
Current scene parameters:
 	{'mat-Shape.brdf_0.clearcoat.value': [0.0], 'mat-Shape.brdf_0.clearcoat_gloss.value': [0.17320500314235687], 'mat-Shape.brdf_0.metallic.value': [0.0], 'mat-Shape.brdf_0.eta': [1.1661709547042847], 'mat-Shape.brdf_0.roughness.value': [0.8176576495170593], 'mat-Shape.brdf_0.base_color.data': TensorXf(shape=(512, 512, 3)), 'mat-Shape.brdf_0.anisotropic.value': [0.0], 'mat-Shape.brdf_0.spec_tint.value': [0.0], 'mat-Shape.brdf_0.sheen.value': [0.0], 'mat-Shape.brdf_0.sheen_tint.value': [0.5], 'mat-Shape.brdf_0.spec_trans.value': [0.0], 'mat-Shape.brdf_0.flatness.value': [0.0], 'ConstantBackgroundEmitter.radiance.value': [1.0], 'PLYMesh.vertex_positions': [0.041754141449928284, -0.8174654245376587, 9.7903413772583, 0.03836915269494057, -0.8084204792976379, .. 100442 skipped .., -0.8231267929077148, 9.802356719970703, 0.016337361186742783, -0.8255733251571655, 9.80101490020752]}
Iteration 92
	total loss= 0.154276
Current scene parameters:
 	{'mat-Shape.brdf_0.clearcoat.value': [0.0], 'mat-Shape.brdf_0.clearcoat_gloss.value': [0.17320500314235687], 'mat-Shape.brdf_0.metallic.value': [0.0], 'mat-Shape.brdf_0.eta': [1.1671181917190552], 'mat-Shape.brdf_0.roughness.value': [0.8170644640922546], 'mat-Shape.brdf_0.base_color.data': TensorXf(shape=(512, 512, 3)), 'mat-Shape.brdf_0.anisotropic.value': [0.0], 'mat-Shape.brdf_0.spec_tint.value': [0.0], 'mat-Shape.brdf_0.sheen.value': [0.0], 'mat-Shape.brdf_0.sheen_tint.value': [0.5], 'mat-Shape.brdf_0.spec_trans.value': [0.0], 'mat-Shape.brdf_0.flatness.value': [0.0], 'ConstantBackgroundEmitter.radiance.value': [1.0], 'PLYMesh.vertex_positions': [0.04174318537116051, -0.817462682723999, 9.7903413772583, 0.03836950659751892, -0.8084204196929932, .. 100442 skipped .., -0.8231267929077148, 9.802356719970703, 0.016337361186742783, -0.8255733251571655, 9.80101490020752]}
Iteration 93
	total loss= 0.153468
Current scene parameters:
 	{'mat-Shape.brdf_0.clearcoat.value': [0.0], 'mat-Shape.brdf_0.clearcoat_gloss.value': [0.17320500314235687], 'mat-Shape.brdf_0.metallic.value': [0.0], 'mat-Shape.brdf_0.eta': [1.1681063175201416], 'mat-Shape.brdf_0.roughness.value': [0.8164879679679871], 'mat-Shape.brdf_0.base_color.data': TensorXf(shape=(512, 512, 3)), 'mat-Shape.brdf_0.anisotropic.value': [0.0], 'mat-Shape.brdf_0.spec_tint.value': [0.0], 'mat-Shape.brdf_0.sheen.value': [0.0], 'mat-Shape.brdf_0.sheen_tint.value': [0.5], 'mat-Shape.brdf_0.spec_trans.value': [0.0], 'mat-Shape.brdf_0.flatness.value': [0.0], 'ConstantBackgroundEmitter.radiance.value': [1.0], 'PLYMesh.vertex_positions': [0.041730739176273346, -0.8174604177474976, 9.790340423583984, 0.038369692862033844, -0.8084204196929932, .. 100442 skipped .., -0.8231267929077148, 9.802356719970703, 0.016337361186742783, -0.8255733251571655, 9.80101490020752]}
Iteration 94
	total loss= 0.153024
Current scene parameters:
 	{'mat-Shape.brdf_0.clearcoat.value': [0.0], 'mat-Shape.brdf_0.clearcoat_gloss.value': [0.17320500314235687], 'mat-Shape.brdf_0.metallic.value': [0.0], 'mat-Shape.brdf_0.eta': [1.1689969301223755], 'mat-Shape.brdf_0.roughness.value': [0.8159279823303223], 'mat-Shape.brdf_0.base_color.data': TensorXf(shape=(512, 512, 3)), 'mat-Shape.brdf_0.anisotropic.value': [0.0], 'mat-Shape.brdf_0.spec_tint.value': [0.0], 'mat-Shape.brdf_0.sheen.value': [0.0], 'mat-Shape.brdf_0.sheen_tint.value': [0.5], 'mat-Shape.brdf_0.spec_trans.value': [0.0], 'mat-Shape.brdf_0.flatness.value': [0.0], 'ConstantBackgroundEmitter.radiance.value': [1.0], 'PLYMesh.vertex_positions': [0.041732948273420334, -0.817457914352417, 9.7903413772583, 0.03836974874138832, -0.8084204196929932, .. 100442 skipped .., -0.8231267929077148, 9.802356719970703, 0.016337361186742783, -0.8255733251571655, 9.80101490020752]}
Iteration 95
	total loss= 0.152404
Current scene parameters:
 	{'mat-Shape.brdf_0.clearcoat.value': [0.0], 'mat-Shape.brdf_0.clearcoat_gloss.value': [0.17320500314235687], 'mat-Shape.brdf_0.metallic.value': [0.0], 'mat-Shape.brdf_0.eta': [1.1698768138885498], 'mat-Shape.brdf_0.roughness.value': [0.815301775932312], 'mat-Shape.brdf_0.base_color.data': TensorXf(shape=(512, 512, 3)), 'mat-Shape.brdf_0.anisotropic.value': [0.0], 'mat-Shape.brdf_0.spec_tint.value': [0.0], 'mat-Shape.brdf_0.sheen.value': [0.0], 'mat-Shape.brdf_0.sheen_tint.value': [0.5], 'mat-Shape.brdf_0.spec_trans.value': [0.0], 'mat-Shape.brdf_0.flatness.value': [0.0], 'ConstantBackgroundEmitter.radiance.value': [1.0], 'PLYMesh.vertex_positions': [0.04173412546515465, -0.81745445728302, 9.7903413772583, 0.03836989030241966, -0.8084204196929932, .. 100442 skipped .., -0.8231267929077148, 9.802356719970703, 0.016337361186742783, -0.8255733251571655, 9.80101490020752]}
Iteration 96
	total loss= 0.152385
Current scene parameters:
 	{'mat-Shape.brdf_0.clearcoat.value': [0.0], 'mat-Shape.brdf_0.clearcoat_gloss.value': [0.17320500314235687], 'mat-Shape.brdf_0.metallic.value': [0.0], 'mat-Shape.brdf_0.eta': [1.1706838607788086], 'mat-Shape.brdf_0.roughness.value': [0.8146363496780396], 'mat-Shape.brdf_0.base_color.data': TensorXf(shape=(512, 512, 3)), 'mat-Shape.brdf_0.anisotropic.value': [0.0], 'mat-Shape.brdf_0.spec_tint.value': [0.0], 'mat-Shape.brdf_0.sheen.value': [0.0], 'mat-Shape.brdf_0.sheen_tint.value': [0.5], 'mat-Shape.brdf_0.spec_trans.value': [0.0], 'mat-Shape.brdf_0.flatness.value': [0.0], 'ConstantBackgroundEmitter.radiance.value': [1.0], 'PLYMesh.vertex_positions': [0.041729867458343506, -0.8174530267715454, 9.790343284606934, 0.038369908928871155, -0.8084204196929932, .. 100442 skipped .., -0.8231267929077148, 9.802356719970703, 0.016337361186742783, -0.8255733251571655, 9.80101490020752]}
Iteration 97
	total loss= 0.151918
Current scene parameters:
 	{'mat-Shape.brdf_0.clearcoat.value': [0.0], 'mat-Shape.brdf_0.clearcoat_gloss.value': [0.17320500314235687], 'mat-Shape.brdf_0.metallic.value': [0.0], 'mat-Shape.brdf_0.eta': [1.1714355945587158], 'mat-Shape.brdf_0.roughness.value': [0.8141701817512512], 'mat-Shape.brdf_0.base_color.data': TensorXf(shape=(512, 512, 3)), 'mat-Shape.brdf_0.anisotropic.value': [0.0], 'mat-Shape.brdf_0.spec_tint.value': [0.0], 'mat-Shape.brdf_0.sheen.value': [0.0], 'mat-Shape.brdf_0.sheen_tint.value': [0.5], 'mat-Shape.brdf_0.spec_trans.value': [0.0], 'mat-Shape.brdf_0.flatness.value': [0.0], 'ConstantBackgroundEmitter.radiance.value': [1.0], 'PLYMesh.vertex_positions': [0.04172620549798012, -0.8174518942832947, 9.790345191955566, 0.038369692862033844, -0.8084204792976379, .. 100442 skipped .., -0.8231267929077148, 9.802356719970703, 0.016337361186742783, -0.8255733251571655, 9.80101490020752]}
Iteration 98
	total loss= 0.151366
Current scene parameters:
 	{'mat-Shape.brdf_0.clearcoat.value': [0.0], 'mat-Shape.brdf_0.clearcoat_gloss.value': [0.17320500314235687], 'mat-Shape.brdf_0.metallic.value': [0.0], 'mat-Shape.brdf_0.eta': [1.1721813678741455], 'mat-Shape.brdf_0.roughness.value': [0.8138523101806641], 'mat-Shape.brdf_0.base_color.data': TensorXf(shape=(512, 512, 3)), 'mat-Shape.brdf_0.anisotropic.value': [0.0], 'mat-Shape.brdf_0.spec_tint.value': [0.0], 'mat-Shape.brdf_0.sheen.value': [0.0], 'mat-Shape.brdf_0.sheen_tint.value': [0.5], 'mat-Shape.brdf_0.spec_trans.value': [0.0], 'mat-Shape.brdf_0.flatness.value': [0.0], 'ConstantBackgroundEmitter.radiance.value': [1.0], 'PLYMesh.vertex_positions': [0.04172313213348389, -0.8174510598182678, 9.790345191955566, 0.03836944326758385, -0.8084205985069275, .. 100442 skipped .., -0.8231269121170044, 9.802355766296387, 0.016337361186742783, -0.8255733251571655, 9.80101490020752]}
Iteration 99
	total loss= 0.151113
Current scene parameters:
 	{'mat-Shape.brdf_0.clearcoat.value': [0.0], 'mat-Shape.brdf_0.clearcoat_gloss.value': [0.17320500314235687], 'mat-Shape.brdf_0.metallic.value': [0.0], 'mat-Shape.brdf_0.eta': [1.1729589700698853], 'mat-Shape.brdf_0.roughness.value': [0.8134812116622925], 'mat-Shape.brdf_0.base_color.data': TensorXf(shape=(512, 512, 3)), 'mat-Shape.brdf_0.anisotropic.value': [0.0], 'mat-Shape.brdf_0.spec_tint.value': [0.0], 'mat-Shape.brdf_0.sheen.value': [0.0], 'mat-Shape.brdf_0.sheen_tint.value': [0.5], 'mat-Shape.brdf_0.spec_trans.value': [0.0], 'mat-Shape.brdf_0.flatness.value': [0.0], 'ConstantBackgroundEmitter.radiance.value': [1.0], 'PLYMesh.vertex_positions': [0.04171092063188553, -0.8174468874931335, 9.790345191955566, 0.03836933895945549, -0.8084206581115723, .. 100442 skipped .., -0.823127031326294, 9.80235481262207, 0.016337361186742783, -0.8255733251571655, 9.80101490020752]}
Optimization loop end. Elapsed time: 516.632s
Initial scene parameters:
 {'mat-Shape.brdf_0.clearcoat.value': [0.0], 'mat-Shape.brdf_0.clearcoat_gloss.value': [0.17320500314235687], 'mat-Shape.brdf_0.metallic.value': [0.0], 'mat-Shape.brdf_0.eta': [1.6849251985549927], 'mat-Shape.brdf_0.roughness.value': [0.5827410221099854], 'mat-Shape.brdf_0.base_color.data': TensorXf(shape=(512, 512, 3)), 'mat-Shape.brdf_0.anisotropic.value': [0.0], 'mat-Shape.brdf_0.spec_tint.value': [0.0], 'mat-Shape.brdf_0.sheen.value': [0.0], 'mat-Shape.brdf_0.sheen_tint.value': [0.5], 'mat-Shape.brdf_0.spec_trans.value': [0.0], 'mat-Shape.brdf_0.flatness.value': [0.0], 'ConstantBackgroundEmitter.radiance.value': [1.0], 'PLYMesh.vertex_positions': [0.04647684097290039, -0.8128980398178101, 9.793985366821289, 0.047476958483457565, -0.8050024509429932, .. 100442 skipped .., -0.8201310038566589, 9.804094314575195, 0.018902182579040527, -0.8199227452278137, 9.805669784545898]}
End scene parameters:
 {'mat-Shape.brdf_0.clearcoat.value': [0.0], 'mat-Shape.brdf_0.clearcoat_gloss.value': [0.17320500314235687], 'mat-Shape.brdf_0.metallic.value': [0.0], 'mat-Shape.brdf_0.eta': [1.1729589700698853], 'mat-Shape.brdf_0.roughness.value': [0.8134812116622925], 'mat-Shape.brdf_0.base_color.data': TensorXf(shape=(512, 512, 3)), 'mat-Shape.brdf_0.anisotropic.value': [0.0], 'mat-Shape.brdf_0.spec_tint.value': [0.0], 'mat-Shape.brdf_0.sheen.value': [0.0], 'mat-Shape.brdf_0.sheen_tint.value': [0.5], 'mat-Shape.brdf_0.spec_trans.value': [0.0], 'mat-Shape.brdf_0.flatness.value': [0.0], 'ConstantBackgroundEmitter.radiance.value': [1.0], 'PLYMesh.vertex_positions': [0.04171092063188553, -0.8174468874931335, 9.790345191955566, 0.03836933895945549, -0.8084206581115723, .. 100442 skipped .., -0.823127031326294, 9.80235481262207, 0.016337361186742783, -0.8255733251571655, 9.80101490020752]}
Mitsuba version:
 3.2.1
Hyperparameters:
	minimum error:0.001,
	spp:4,
	optimization func.:Mean Squared Error (MSE, L2 Loss),
	iteraration count:100
Optimization parameters:
 	{'mat-Shape.brdf_0.clearcoat.value': {'Learning Rate': 0.03, 'Min. Clamp Value': 0.001, 'Max. Clamp Value': 0.999, 'Optimize': False}, 'mat-Shape.brdf_0.clearcoat_gloss.value': {'Learning Rate': 0.03, 'Min. Clamp Value': 0.001, 'Max. Clamp Value': 0.999, 'Optimize': False}, 'mat-Shape.brdf_0.metallic.value': {'Learning Rate': 0.03, 'Min. Clamp Value': 0.001, 'Max. Clamp Value': 0.999, 'Optimize': False}, 'mat-Shape.brdf_0.eta': {'Learning Rate': 0.03, 'Min. Clamp Value': 0.001, 'Max. Clamp Value': 4.1, 'Optimize': True}, 'mat-Shape.brdf_0.roughness.value': {'Learning Rate': 0.03, 'Min. Clamp Value': 0.001, 'Max. Clamp Value': 0.999, 'Optimize': True}, 'mat-Shape.brdf_0.base_color.data': {'Learning Rate': 0.03, 'Min. Clamp Value': 0.001, 'Max. Clamp Value': 0.999, 'Optimize': True}, 'mat-Shape.brdf_0.anisotropic.value': {'Learning Rate': 0.03, 'Min. Clamp Value': 0.001, 'Max. Clamp Value': 0.999, 'Optimize': False}, 'mat-Shape.brdf_0.spec_tint.value': {'Learning Rate': 0.03, 'Min. Clamp Value': 0.001, 'Max. Clamp Value': 0.999, 'Optimize': False}, 'mat-Shape.brdf_0.sheen.value': {'Learning Rate': 0.03, 'Min. Clamp Value': 0.001, 'Max. Clamp Value': 0.999, 'Optimize': False}, 'mat-Shape.brdf_0.sheen_tint.value': {'Learning Rate': 0.03, 'Min. Clamp Value': 0.001, 'Max. Clamp Value': 0.999, 'Optimize': False}, 'mat-Shape.brdf_0.spec_trans.value': {'Learning Rate': 0.03, 'Min. Clamp Value': 0.001, 'Max. Clamp Value': 0.999, 'Optimize': False}, 'mat-Shape.brdf_0.flatness.value': {'Learning Rate': 0.03, 'Min. Clamp Value': 0.001, 'Max. Clamp Value': 0.999, 'Optimize': False}, 'ConstantBackgroundEmitter.radiance.value': {'Learning Rate': 0.03, 'Min. Clamp Value': 0.001, 'Max. Clamp Value': 10000.0, 'Optimize': False}, 'PLYMesh.vertex_positions': {'Learning Rate': 0.0003, 'Min. Clamp Value': [[-0.875, -0.9330000281333923, 9.319999694824219]], 'Max. Clamp Value': [[0.5860000252723694, 0.7229999899864197, 10.944000244140625]], 'Optimize': True}}