Optimization loop begin
Iteration 00
	total loss= 0.017909
Current scene parameters:
 	{'mat-PlaneBsdf.brdf_0.reflectance.color0.value': [[0.4000000059604645, 0.4000000059604645, 0.4000000059604645]], 'mat-PlaneBsdf.brdf_0.reflectance.color1.value': [[0.20000000298023224, 0.20000000298023224, 0.20000000298023224]], 'mat-ObjectBsdf.eta': [1.6175785064697266], 'mat-ObjectBsdf.alpha.value': [0.053022511303424835], 'medium1.albedo.data': TensorXf(shape=(16, 16, 16, 3)), 'medium1.sigma_t.value.value': [0.35139670968055725], 'emitter-envmap.scale': [1.0], 'PLYMesh.vertex_positions': [-23.38309669494629, 0.0, 23.38309669494629, 23.38309669494629, 0.0, 23.38309669494629, 23.38309669494629, 0.0, -23.38309669494629, -23.38309669494629, 0.0, -23.38309669494629], 'PLYMesh_1.vertex_positions': [0.06771976500749588, 2.719545364379883, 2.2474188804626465, 0.07067764550447464, 2.7316184043884277, .. 486902 skipped .., 1.834144949913025, 1.140721082687378, 1.3816357851028442, 1.8345913887023926, 1.1410837173461914]}
Iteration 01
	total loss= 0.019675
Current scene parameters:
 	{'mat-PlaneBsdf.brdf_0.reflectance.color0.value': [[0.4000000059604645, 0.4000000059604645, 0.4000000059604645]], 'mat-PlaneBsdf.brdf_0.reflectance.color1.value': [[0.20000000298023224, 0.20000000298023224, 0.20000000298023224]], 'mat-ObjectBsdf.eta': [1.6442925930023193], 'mat-ObjectBsdf.alpha.value': [0.0364978089928627], 'medium1.albedo.data': TensorXf(shape=(16, 16, 16, 3)), 'medium1.sigma_t.value.value': [0.3833259046077728], 'emitter-envmap.scale': [1.0], 'PLYMesh.vertex_positions': [-23.38309669494629, 0.0, 23.38309669494629, 23.38309669494629, 0.0, 23.38309669494629, 23.38309669494629, 0.0, -23.38309669494629, -23.38309669494629, 0.0, -23.38309669494629], 'PLYMesh_1.vertex_positions': [0.06771976500749588, 2.719545364379883, 2.2474188804626465, 0.07067764550447464, 2.7316184043884277, .. 486902 skipped .., 1.834144949913025, 1.140721082687378, 1.3816357851028442, 1.8345913887023926, 1.1410837173461914]}
Iteration 02
	total loss= 0.008471
Current scene parameters:
 	{'mat-PlaneBsdf.brdf_0.reflectance.color0.value': [[0.4000000059604645, 0.4000000059604645, 0.4000000059604645]], 'mat-PlaneBsdf.brdf_0.reflectance.color1.value': [[0.20000000298023224, 0.20000000298023224, 0.20000000298023224]], 'mat-ObjectBsdf.eta': [1.6566109657287598], 'mat-ObjectBsdf.alpha.value': [0.0013986015692353249], 'medium1.albedo.data': TensorXf(shape=(16, 16, 16, 3)), 'medium1.sigma_t.value.value': [0.38938581943511963], 'emitter-envmap.scale': [1.0], 'PLYMesh.vertex_positions': [-23.38309669494629, 0.0, 23.38309669494629, 23.38309669494629, 0.0, 23.38309669494629, 23.38309669494629, 0.0, -23.38309669494629, -23.38309669494629, 0.0, -23.38309669494629], 'PLYMesh_1.vertex_positions': [0.06771976500749588, 2.719545364379883, 2.2474188804626465, 0.07067764550447464, 2.7316184043884277, .. 486902 skipped .., 1.834144949913025, 1.140721082687378, 1.3816357851028442, 1.8345913887023926, 1.1410837173461914]}
Iteration 03
	total loss= 0.008788
Current scene parameters:
 	{'mat-PlaneBsdf.brdf_0.reflectance.color0.value': [[0.4000000059604645, 0.4000000059604645, 0.4000000059604645]], 'mat-PlaneBsdf.brdf_0.reflectance.color1.value': [[0.20000000298023224, 0.20000000298023224, 0.20000000298023224]], 'mat-ObjectBsdf.eta': [1.6722790002822876], 'mat-ObjectBsdf.alpha.value': [0.00929235853254795], 'medium1.albedo.data': TensorXf(shape=(16, 16, 16, 3)), 'medium1.sigma_t.value.value': [0.3687198758125305], 'emitter-envmap.scale': [1.0], 'PLYMesh.vertex_positions': [-23.38309669494629, 0.0, 23.38309669494629, 23.38309669494629, 0.0, 23.38309669494629, 23.38309669494629, 0.0, -23.38309669494629, -23.38309669494629, 0.0, -23.38309669494629], 'PLYMesh_1.vertex_positions': [0.06771976500749588, 2.719545364379883, 2.2474188804626465, 0.07067764550447464, 2.7316184043884277, .. 486902 skipped .., 1.834144949913025, 1.140721082687378, 1.3816357851028442, 1.8345913887023926, 1.1410837173461914]}
Iteration 04
	total loss= 0.007707
Current scene parameters:
 	{'mat-PlaneBsdf.brdf_0.reflectance.color0.value': [[0.4000000059604645, 0.4000000059604645, 0.4000000059604645]], 'mat-PlaneBsdf.brdf_0.reflectance.color1.value': [[0.20000000298023224, 0.20000000298023224, 0.20000000298023224]], 'mat-ObjectBsdf.eta': [1.6628174781799316], 'mat-ObjectBsdf.alpha.value': [0.01826261170208454], 'medium1.albedo.data': TensorXf(shape=(16, 16, 16, 3)), 'medium1.sigma_t.value.value': [0.3387414813041687], 'emitter-envmap.scale': [1.0], 'PLYMesh.vertex_positions': [-23.38309669494629, 0.0, 23.38309669494629, 23.38309669494629, 0.0, 23.38309669494629, 23.38309669494629, 0.0, -23.38309669494629, -23.38309669494629, 0.0, -23.38309669494629], 'PLYMesh_1.vertex_positions': [0.06771976500749588, 2.719545364379883, 2.2474188804626465, 0.07067764550447464, 2.7316184043884277, .. 486902 skipped .., 1.834144949913025, 1.140721082687378, 1.3816357851028442, 1.8345913887023926, 1.1410837173461914]}
Iteration 05
	total loss= 0.007154
Current scene parameters:
 	{'mat-PlaneBsdf.brdf_0.reflectance.color0.value': [[0.4000000059604645, 0.4000000059604645, 0.4000000059604645]], 'mat-PlaneBsdf.brdf_0.reflectance.color1.value': [[0.20000000298023224, 0.20000000298023224, 0.20000000298023224]], 'mat-ObjectBsdf.eta': [1.6534878015518188], 'mat-ObjectBsdf.alpha.value': [0.010027505457401276], 'medium1.albedo.data': TensorXf(shape=(16, 16, 16, 3)), 'medium1.sigma_t.value.value': [0.32124826312065125], 'emitter-envmap.scale': [1.0], 'PLYMesh.vertex_positions': [-23.38309669494629, 0.0, 23.38309669494629, 23.38309669494629, 0.0, 23.38309669494629, 23.38309669494629, 0.0, -23.38309669494629, -23.38309669494629, 0.0, -23.38309669494629], 'PLYMesh_1.vertex_positions': [0.06771976500749588, 2.719545364379883, 2.2474188804626465, 0.07067764550447464, 2.7316184043884277, .. 486902 skipped .., 1.834144949913025, 1.140721082687378, 1.3816357851028442, 1.8345913887023926, 1.1410837173461914]}
Iteration 06
	total loss= 0.006911
Current scene parameters:
 	{'mat-PlaneBsdf.brdf_0.reflectance.color0.value': [[0.4000000059604645, 0.4000000059604645, 0.4000000059604645]], 'mat-PlaneBsdf.brdf_0.reflectance.color1.value': [[0.20000000298023224, 0.20000000298023224, 0.20000000298023224]], 'mat-ObjectBsdf.eta': [1.622126817703247], 'mat-ObjectBsdf.alpha.value': [0.010851969942450523], 'medium1.albedo.data': TensorXf(shape=(16, 16, 16, 3)), 'medium1.sigma_t.value.value': [0.31515777111053467], 'emitter-envmap.scale': [1.0], 'PLYMesh.vertex_positions': [-23.38309669494629, 0.0, 23.38309669494629, 23.38309669494629, 0.0, 23.38309669494629, 23.38309669494629, 0.0, -23.38309669494629, -23.38309669494629, 0.0, -23.38309669494629], 'PLYMesh_1.vertex_positions': [0.06771976500749588, 2.719545364379883, 2.2474188804626465, 0.07067764550447464, 2.7316184043884277, .. 486902 skipped .., 1.834144949913025, 1.140721082687378, 1.3816357851028442, 1.8345913887023926, 1.1410837173461914]}
Iteration 07
	total loss= 0.005523
Current scene parameters:
 	{'mat-PlaneBsdf.brdf_0.reflectance.color0.value': [[0.4000000059604645, 0.4000000059604645, 0.4000000059604645]], 'mat-PlaneBsdf.brdf_0.reflectance.color1.value': [[0.20000000298023224, 0.20000000298023224, 0.20000000298023224]], 'mat-ObjectBsdf.eta': [1.5819274187088013], 'mat-ObjectBsdf.alpha.value': [0.01883970946073532], 'medium1.albedo.data': TensorXf(shape=(16, 16, 16, 3)), 'medium1.sigma_t.value.value': [0.32114797830581665], 'emitter-envmap.scale': [1.0], 'PLYMesh.vertex_positions': [-23.38309669494629, 0.0, 23.38309669494629, 23.38309669494629, 0.0, 23.38309669494629, 23.38309669494629, 0.0, -23.38309669494629, -23.38309669494629, 0.0, -23.38309669494629], 'PLYMesh_1.vertex_positions': [0.06771976500749588, 2.719545364379883, 2.2474188804626465, 0.07067764550447464, 2.7316184043884277, .. 486902 skipped .., 1.834144949913025, 1.140721082687378, 1.3816357851028442, 1.8345913887023926, 1.1410837173461914]}
Iteration 08
	total loss= 0.004569
Current scene parameters:
 	{'mat-PlaneBsdf.brdf_0.reflectance.color0.value': [[0.4000000059604645, 0.4000000059604645, 0.4000000059604645]], 'mat-PlaneBsdf.brdf_0.reflectance.color1.value': [[0.20000000298023224, 0.20000000298023224, 0.20000000298023224]], 'mat-ObjectBsdf.eta': [1.5468873977661133], 'mat-ObjectBsdf.alpha.value': [0.010945242829620838], 'medium1.albedo.data': TensorXf(shape=(16, 16, 16, 3)), 'medium1.sigma_t.value.value': [0.350265234708786], 'emitter-envmap.scale': [1.0], 'PLYMesh.vertex_positions': [-23.38309669494629, 0.0, 23.38309669494629, 23.38309669494629, 0.0, 23.38309669494629, 23.38309669494629, 0.0, -23.38309669494629, -23.38309669494629, 0.0, -23.38309669494629], 'PLYMesh_1.vertex_positions': [0.06771976500749588, 2.719545364379883, 2.2474188804626465, 0.07067764550447464, 2.7316184043884277, .. 486902 skipped .., 1.834144949913025, 1.140721082687378, 1.3816357851028442, 1.8345913887023926, 1.1410837173461914]}
Iteration 09
	total loss= 0.003341
Current scene parameters:
 	{'mat-PlaneBsdf.brdf_0.reflectance.color0.value': [[0.4000000059604645, 0.4000000059604645, 0.4000000059604645]], 'mat-PlaneBsdf.brdf_0.reflectance.color1.value': [[0.20000000298023224, 0.20000000298023224, 0.20000000298023224]], 'mat-ObjectBsdf.eta': [1.5244249105453491], 'mat-ObjectBsdf.alpha.value': [0.008272183127701283], 'medium1.albedo.data': TensorXf(shape=(16, 16, 16, 3)), 'medium1.sigma_t.value.value': [0.3699713349342346], 'emitter-envmap.scale': [1.0], 'PLYMesh.vertex_positions': [-23.38309669494629, 0.0, 23.38309669494629, 23.38309669494629, 0.0, 23.38309669494629, 23.38309669494629, 0.0, -23.38309669494629, -23.38309669494629, 0.0, -23.38309669494629], 'PLYMesh_1.vertex_positions': [0.06771976500749588, 2.719545364379883, 2.2474188804626465, 0.07067764550447464, 2.7316184043884277, .. 486902 skipped .., 1.834144949913025, 1.140721082687378, 1.3816357851028442, 1.8345913887023926, 1.1410837173461914]}
Iteration 10
	total loss= 0.002304
Current scene parameters:
 	{'mat-PlaneBsdf.brdf_0.reflectance.color0.value': [[0.4000000059604645, 0.4000000059604645, 0.4000000059604645]], 'mat-PlaneBsdf.brdf_0.reflectance.color1.value': [[0.20000000298023224, 0.20000000298023224, 0.20000000298023224]], 'mat-ObjectBsdf.eta': [1.5074541568756104], 'mat-ObjectBsdf.alpha.value': [0.015190745703876019], 'medium1.albedo.data': TensorXf(shape=(16, 16, 16, 3)), 'medium1.sigma_t.value.value': [0.37874850630760193], 'emitter-envmap.scale': [1.0], 'PLYMesh.vertex_positions': [-23.38309669494629, 0.0, 23.38309669494629, 23.38309669494629, 0.0, 23.38309669494629, 23.38309669494629, 0.0, -23.38309669494629, -23.38309669494629, 0.0, -23.38309669494629], 'PLYMesh_1.vertex_positions': [0.06771976500749588, 2.719545364379883, 2.2474188804626465, 0.07067764550447464, 2.7316184043884277, .. 486902 skipped .., 1.834144949913025, 1.140721082687378, 1.3816357851028442, 1.8345913887023926, 1.1410837173461914]}
Iteration 11
	total loss= 0.002551
Current scene parameters:
 	{'mat-PlaneBsdf.brdf_0.reflectance.color0.value': [[0.4000000059604645, 0.4000000059604645, 0.4000000059604645]], 'mat-PlaneBsdf.brdf_0.reflectance.color1.value': [[0.20000000298023224, 0.20000000298023224, 0.20000000298023224]], 'mat-ObjectBsdf.eta': [1.496622085571289], 'mat-ObjectBsdf.alpha.value': [0.012872357852756977], 'medium1.albedo.data': TensorXf(shape=(16, 16, 16, 3)), 'medium1.sigma_t.value.value': [0.3823324739933014], 'emitter-envmap.scale': [1.0], 'PLYMesh.vertex_positions': [-23.38309669494629, 0.0, 23.38309669494629, 23.38309669494629, 0.0, 23.38309669494629, 23.38309669494629, 0.0, -23.38309669494629, -23.38309669494629, 0.0, -23.38309669494629], 'PLYMesh_1.vertex_positions': [0.06771976500749588, 2.719545364379883, 2.2474188804626465, 0.07067764550447464, 2.7316184043884277, .. 486902 skipped .., 1.834144949913025, 1.140721082687378, 1.3816357851028442, 1.8345913887023926, 1.1410837173461914]}
Iteration 12
	total loss= 0.001721
Current scene parameters:
 	{'mat-PlaneBsdf.brdf_0.reflectance.color0.value': [[0.4000000059604645, 0.4000000059604645, 0.4000000059604645]], 'mat-PlaneBsdf.brdf_0.reflectance.color1.value': [[0.20000000298023224, 0.20000000298023224, 0.20000000298023224]], 'mat-ObjectBsdf.eta': [1.4893995523452759], 'mat-ObjectBsdf.alpha.value': [0.008826988749206066], 'medium1.albedo.data': TensorXf(shape=(16, 16, 16, 3)), 'medium1.sigma_t.value.value': [0.375673770904541], 'emitter-envmap.scale': [1.0], 'PLYMesh.vertex_positions': [-23.38309669494629, 0.0, 23.38309669494629, 23.38309669494629, 0.0, 23.38309669494629, 23.38309669494629, 0.0, -23.38309669494629, -23.38309669494629, 0.0, -23.38309669494629], 'PLYMesh_1.vertex_positions': [0.06771976500749588, 2.719545364379883, 2.2474188804626465, 0.07067764550447464, 2.7316184043884277, .. 486902 skipped .., 1.834144949913025, 1.140721082687378, 1.3816357851028442, 1.8345913887023926, 1.1410837173461914]}
Iteration 13
	total loss= 0.002182
Current scene parameters:
 	{'mat-PlaneBsdf.brdf_0.reflectance.color0.value': [[0.4000000059604645, 0.4000000059604645, 0.4000000059604645]], 'mat-PlaneBsdf.brdf_0.reflectance.color1.value': [[0.20000000298023224, 0.20000000298023224, 0.20000000298023224]], 'mat-ObjectBsdf.eta': [1.4886146783828735], 'mat-ObjectBsdf.alpha.value': [0.010763837024569511], 'medium1.albedo.data': TensorXf(shape=(16, 16, 16, 3)), 'medium1.sigma_t.value.value': [0.35833099484443665], 'emitter-envmap.scale': [1.0], 'PLYMesh.vertex_positions': [-23.38309669494629, 0.0, 23.38309669494629, 23.38309669494629, 0.0, 23.38309669494629, 23.38309669494629, 0.0, -23.38309669494629, -23.38309669494629, 0.0, -23.38309669494629], 'PLYMesh_1.vertex_positions': [0.06771976500749588, 2.719545364379883, 2.2474188804626465, 0.07067764550447464, 2.7316184043884277, .. 486902 skipped .., 1.834144949913025, 1.140721082687378, 1.3816357851028442, 1.8345913887023926, 1.1410837173461914]}
Iteration 14
	total loss= 0.002000
Current scene parameters:
 	{'mat-PlaneBsdf.brdf_0.reflectance.color0.value': [[0.4000000059604645, 0.4000000059604645, 0.4000000059604645]], 'mat-PlaneBsdf.brdf_0.reflectance.color1.value': [[0.20000000298023224, 0.20000000298023224, 0.20000000298023224]], 'mat-ObjectBsdf.eta': [1.4894765615463257], 'mat-ObjectBsdf.alpha.value': [0.013594066724181175], 'medium1.albedo.data': TensorXf(shape=(16, 16, 16, 3)), 'medium1.sigma_t.value.value': [0.35093095898628235], 'emitter-envmap.scale': [1.0], 'PLYMesh.vertex_positions': [-23.38309669494629, 0.0, 23.38309669494629, 23.38309669494629, 0.0, 23.38309669494629, 23.38309669494629, 0.0, -23.38309669494629, -23.38309669494629, 0.0, -23.38309669494629], 'PLYMesh_1.vertex_positions': [0.06771976500749588, 2.719545364379883, 2.2474188804626465, 0.07067764550447464, 2.7316184043884277, .. 486902 skipped .., 1.834144949913025, 1.140721082687378, 1.3816357851028442, 1.8345913887023926, 1.1410837173461914]}
Iteration 15
	total loss= 0.001775
Current scene parameters:
 	{'mat-PlaneBsdf.brdf_0.reflectance.color0.value': [[0.4000000059604645, 0.4000000059604645, 0.4000000059604645]], 'mat-PlaneBsdf.brdf_0.reflectance.color1.value': [[0.20000000298023224, 0.20000000298023224, 0.20000000298023224]], 'mat-ObjectBsdf.eta': [1.4916267395019531], 'mat-ObjectBsdf.alpha.value': [0.00987969059497118], 'medium1.albedo.data': TensorXf(shape=(16, 16, 16, 3)), 'medium1.sigma_t.value.value': [0.3560519218444824], 'emitter-envmap.scale': [1.0], 'PLYMesh.vertex_positions': [-23.38309669494629, 0.0, 23.38309669494629, 23.38309669494629, 0.0, 23.38309669494629, 23.38309669494629, 0.0, -23.38309669494629, -23.38309669494629, 0.0, -23.38309669494629], 'PLYMesh_1.vertex_positions': [0.06771976500749588, 2.719545364379883, 2.2474188804626465, 0.07067764550447464, 2.7316184043884277, .. 486902 skipped .., 1.834144949913025, 1.140721082687378, 1.3816357851028442, 1.8345913887023926, 1.1410837173461914]}
Iteration 16
	total loss= 0.002006
Current scene parameters:
 	{'mat-PlaneBsdf.brdf_0.reflectance.color0.value': [[0.4000000059604645, 0.4000000059604645, 0.4000000059604645]], 'mat-PlaneBsdf.brdf_0.reflectance.color1.value': [[0.20000000298023224, 0.20000000298023224, 0.20000000298023224]], 'mat-ObjectBsdf.eta': [1.4899660348892212], 'mat-ObjectBsdf.alpha.value': [0.010059409774839878], 'medium1.albedo.data': TensorXf(shape=(16, 16, 16, 3)), 'medium1.sigma_t.value.value': [0.35737624764442444], 'emitter-envmap.scale': [1.0], 'PLYMesh.vertex_positions': [-23.38309669494629, 0.0, 23.38309669494629, 23.38309669494629, 0.0, 23.38309669494629, 23.38309669494629, 0.0, -23.38309669494629, -23.38309669494629, 0.0, -23.38309669494629], 'PLYMesh_1.vertex_positions': [0.06771976500749588, 2.719545364379883, 2.2474188804626465, 0.07067764550447464, 2.7316184043884277, .. 486902 skipped .., 1.834144949913025, 1.140721082687378, 1.3816357851028442, 1.8345913887023926, 1.1410837173461914]}
Iteration 17
	total loss= 0.001928
Current scene parameters:
 	{'mat-PlaneBsdf.brdf_0.reflectance.color0.value': [[0.4000000059604645, 0.4000000059604645, 0.4000000059604645]], 'mat-PlaneBsdf.brdf_0.reflectance.color1.value': [[0.20000000298023224, 0.20000000298023224, 0.20000000298023224]], 'mat-ObjectBsdf.eta': [1.4908504486083984], 'mat-ObjectBsdf.alpha.value': [0.010087568312883377], 'medium1.albedo.data': TensorXf(shape=(16, 16, 16, 3)), 'medium1.sigma_t.value.value': [0.35384446382522583], 'emitter-envmap.scale': [1.0], 'PLYMesh.vertex_positions': [-23.38309669494629, 0.0, 23.38309669494629, 23.38309669494629, 0.0, 23.38309669494629, 23.38309669494629, 0.0, -23.38309669494629, -23.38309669494629, 0.0, -23.38309669494629], 'PLYMesh_1.vertex_positions': [0.06771976500749588, 2.719545364379883, 2.2474188804626465, 0.07067764550447464, 2.7316184043884277, .. 486902 skipped .., 1.834144949913025, 1.140721082687378, 1.3816357851028442, 1.8345913887023926, 1.1410837173461914]}
Iteration 18
	total loss= 0.001689
Current scene parameters:
 	{'mat-PlaneBsdf.brdf_0.reflectance.color0.value': [[0.4000000059604645, 0.4000000059604645, 0.4000000059604645]], 'mat-PlaneBsdf.brdf_0.reflectance.color1.value': [[0.20000000298023224, 0.20000000298023224, 0.20000000298023224]], 'mat-ObjectBsdf.eta': [1.48496413230896], 'mat-ObjectBsdf.alpha.value': [0.011505822651088238], 'medium1.albedo.data': TensorXf(shape=(16, 16, 16, 3)), 'medium1.sigma_t.value.value': [0.3573414981365204], 'emitter-envmap.scale': [1.0], 'PLYMesh.vertex_positions': [-23.38309669494629, 0.0, 23.38309669494629, 23.38309669494629, 0.0, 23.38309669494629, 23.38309669494629, 0.0, -23.38309669494629, -23.38309669494629, 0.0, -23.38309669494629], 'PLYMesh_1.vertex_positions': [0.06771976500749588, 2.719545364379883, 2.2474188804626465, 0.07067764550447464, 2.7316184043884277, .. 486902 skipped .., 1.834144949913025, 1.140721082687378, 1.3816357851028442, 1.8345913887023926, 1.1410837173461914]}
Iteration 19
	total loss= 0.002046
Current scene parameters:
 	{'mat-PlaneBsdf.brdf_0.reflectance.color0.value': [[0.4000000059604645, 0.4000000059604645, 0.4000000059604645]], 'mat-PlaneBsdf.brdf_0.reflectance.color1.value': [[0.20000000298023224, 0.20000000298023224, 0.20000000298023224]], 'mat-ObjectBsdf.eta': [1.4888163805007935], 'mat-ObjectBsdf.alpha.value': [0.011251531541347504], 'medium1.albedo.data': TensorXf(shape=(16, 16, 16, 3)), 'medium1.sigma_t.value.value': [0.3689432144165039], 'emitter-envmap.scale': [1.0], 'PLYMesh.vertex_positions': [-23.38309669494629, 0.0, 23.38309669494629, 23.38309669494629, 0.0, 23.38309669494629, 23.38309669494629, 0.0, -23.38309669494629, -23.38309669494629, 0.0, -23.38309669494629], 'PLYMesh_1.vertex_positions': [0.06771976500749588, 2.719545364379883, 2.2474188804626465, 0.07067764550447464, 2.7316184043884277, .. 486902 skipped .., 1.834144949913025, 1.140721082687378, 1.3816357851028442, 1.8345913887023926, 1.1410837173461914]}
Iteration 20
	total loss= 0.002119
Current scene parameters:
 	{'mat-PlaneBsdf.brdf_0.reflectance.color0.value': [[0.4000000059604645, 0.4000000059604645, 0.4000000059604645]], 'mat-PlaneBsdf.brdf_0.reflectance.color1.value': [[0.20000000298023224, 0.20000000298023224, 0.20000000298023224]], 'mat-ObjectBsdf.eta': [1.4896245002746582], 'mat-ObjectBsdf.alpha.value': [0.008818351663649082], 'medium1.albedo.data': TensorXf(shape=(16, 16, 16, 3)), 'medium1.sigma_t.value.value': [0.37829676270484924], 'emitter-envmap.scale': [1.0], 'PLYMesh.vertex_positions': [-23.38309669494629, 0.0, 23.38309669494629, 23.38309669494629, 0.0, 23.38309669494629, 23.38309669494629, 0.0, -23.38309669494629, -23.38309669494629, 0.0, -23.38309669494629], 'PLYMesh_1.vertex_positions': [0.06771976500749588, 2.719545364379883, 2.2474188804626465, 0.07067764550447464, 2.7316184043884277, .. 486902 skipped .., 1.834144949913025, 1.140721082687378, 1.3816357851028442, 1.8345913887023926, 1.1410837173461914]}
Iteration 21
	total loss= 0.002082
Current scene parameters:
 	{'mat-PlaneBsdf.brdf_0.reflectance.color0.value': [[0.4000000059604645, 0.4000000059604645, 0.4000000059604645]], 'mat-PlaneBsdf.brdf_0.reflectance.color1.value': [[0.20000000298023224, 0.20000000298023224, 0.20000000298023224]], 'mat-ObjectBsdf.eta': [1.4914202690124512], 'mat-ObjectBsdf.alpha.value': [0.015227794647216797], 'medium1.albedo.data': TensorXf(shape=(16, 16, 16, 3)), 'medium1.sigma_t.value.value': [0.38886627554893494], 'emitter-envmap.scale': [1.0], 'PLYMesh.vertex_positions': [-23.38309669494629, 0.0, 23.38309669494629, 23.38309669494629, 0.0, 23.38309669494629, 23.38309669494629, 0.0, -23.38309669494629, -23.38309669494629, 0.0, -23.38309669494629], 'PLYMesh_1.vertex_positions': [0.06771976500749588, 2.719545364379883, 2.2474188804626465, 0.07067764550447464, 2.7316184043884277, .. 486902 skipped .., 1.834144949913025, 1.140721082687378, 1.3816357851028442, 1.8345913887023926, 1.1410837173461914]}
Iteration 22
	total loss= 0.002651
Current scene parameters:
 	{'mat-PlaneBsdf.brdf_0.reflectance.color0.value': [[0.4000000059604645, 0.4000000059604645, 0.4000000059604645]], 'mat-PlaneBsdf.brdf_0.reflectance.color1.value': [[0.20000000298023224, 0.20000000298023224, 0.20000000298023224]], 'mat-ObjectBsdf.eta': [1.4938470125198364], 'mat-ObjectBsdf.alpha.value': [0.013210862874984741], 'medium1.albedo.data': TensorXf(shape=(16, 16, 16, 3)), 'medium1.sigma_t.value.value': [0.37958016991615295], 'emitter-envmap.scale': [1.0], 'PLYMesh.vertex_positions': [-23.38309669494629, 0.0, 23.38309669494629, 23.38309669494629, 0.0, 23.38309669494629, 23.38309669494629, 0.0, -23.38309669494629, -23.38309669494629, 0.0, -23.38309669494629], 'PLYMesh_1.vertex_positions': [0.06771976500749588, 2.719545364379883, 2.2474188804626465, 0.07067764550447464, 2.7316184043884277, .. 486902 skipped .., 1.834144949913025, 1.140721082687378, 1.3816357851028442, 1.8345913887023926, 1.1410837173461914]}
Iteration 23
	total loss= 0.001891
Current scene parameters:
 	{'mat-PlaneBsdf.brdf_0.reflectance.color0.value': [[0.4000000059604645, 0.4000000059604645, 0.4000000059604645]], 'mat-PlaneBsdf.brdf_0.reflectance.color1.value': [[0.20000000298023224, 0.20000000298023224, 0.20000000298023224]], 'mat-ObjectBsdf.eta': [1.4956995248794556], 'mat-ObjectBsdf.alpha.value': [0.00789572112262249], 'medium1.albedo.data': TensorXf(shape=(16, 16, 16, 3)), 'medium1.sigma_t.value.value': [0.3566177487373352], 'emitter-envmap.scale': [1.0], 'PLYMesh.vertex_positions': [-23.38309669494629, 0.0, 23.38309669494629, 23.38309669494629, 0.0, 23.38309669494629, 23.38309669494629, 0.0, -23.38309669494629, -23.38309669494629, 0.0, -23.38309669494629], 'PLYMesh_1.vertex_positions': [0.06771976500749588, 2.719545364379883, 2.2474188804626465, 0.07067764550447464, 2.7316184043884277, .. 486902 skipped .., 1.834144949913025, 1.140721082687378, 1.3816357851028442, 1.8345913887023926, 1.1410837173461914]}
Iteration 24
	total loss= 0.002670
Current scene parameters:
 	{'mat-PlaneBsdf.brdf_0.reflectance.color0.value': [[0.4000000059604645, 0.4000000059604645, 0.4000000059604645]], 'mat-PlaneBsdf.brdf_0.reflectance.color1.value': [[0.20000000298023224, 0.20000000298023224, 0.20000000298023224]], 'mat-ObjectBsdf.eta': [1.5042057037353516], 'mat-ObjectBsdf.alpha.value': [0.01311652921140194], 'medium1.albedo.data': TensorXf(shape=(16, 16, 16, 3)), 'medium1.sigma_t.value.value': [0.3275587856769562], 'emitter-envmap.scale': [1.0], 'PLYMesh.vertex_positions': [-23.38309669494629, 0.0, 23.38309669494629, 23.38309669494629, 0.0, 23.38309669494629, 23.38309669494629, 0.0, -23.38309669494629, -23.38309669494629, 0.0, -23.38309669494629], 'PLYMesh_1.vertex_positions': [0.06771976500749588, 2.719545364379883, 2.2474188804626465, 0.07067764550447464, 2.7316184043884277, .. 486902 skipped .., 1.834144949913025, 1.140721082687378, 1.3816357851028442, 1.8345913887023926, 1.1410837173461914]}
Iteration 25
	total loss= 0.003243
Current scene parameters:
 	{'mat-PlaneBsdf.brdf_0.reflectance.color0.value': [[0.4000000059604645, 0.4000000059604645, 0.4000000059604645]], 'mat-PlaneBsdf.brdf_0.reflectance.color1.value': [[0.20000000298023224, 0.20000000298023224, 0.20000000298023224]], 'mat-ObjectBsdf.eta': [1.5063611268997192], 'mat-ObjectBsdf.alpha.value': [0.013670614920556545], 'medium1.albedo.data': TensorXf(shape=(16, 16, 16, 3)), 'medium1.sigma_t.value.value': [0.34034502506256104], 'emitter-envmap.scale': [1.0], 'PLYMesh.vertex_positions': [-23.38309669494629, 0.0, 23.38309669494629, 23.38309669494629, 0.0, 23.38309669494629, 23.38309669494629, 0.0, -23.38309669494629, -23.38309669494629, 0.0, -23.38309669494629], 'PLYMesh_1.vertex_positions': [0.06771976500749588, 2.719545364379883, 2.2474188804626465, 0.07067764550447464, 2.7316184043884277, .. 486902 skipped .., 1.834144949913025, 1.140721082687378, 1.3816357851028442, 1.8345913887023926, 1.1410837173461914]}
Iteration 26
	total loss= 0.001817
Current scene parameters:
 	{'mat-PlaneBsdf.brdf_0.reflectance.color0.value': [[0.4000000059604645, 0.4000000059604645, 0.4000000059604645]], 'mat-PlaneBsdf.brdf_0.reflectance.color1.value': [[0.20000000298023224, 0.20000000298023224, 0.20000000298023224]], 'mat-ObjectBsdf.eta': [1.5062732696533203], 'mat-ObjectBsdf.alpha.value': [0.008609553799033165], 'medium1.albedo.data': TensorXf(shape=(16, 16, 16, 3)), 'medium1.sigma_t.value.value': [0.36794838309288025], 'emitter-envmap.scale': [1.0], 'PLYMesh.vertex_positions': [-23.38309669494629, 0.0, 23.38309669494629, 23.38309669494629, 0.0, 23.38309669494629, 23.38309669494629, 0.0, -23.38309669494629, -23.38309669494629, 0.0, -23.38309669494629], 'PLYMesh_1.vertex_positions': [0.06771976500749588, 2.719545364379883, 2.2474188804626465, 0.07067764550447464, 2.7316184043884277, .. 486902 skipped .., 1.834144949913025, 1.140721082687378, 1.3816357851028442, 1.8345913887023926, 1.1410837173461914]}
Iteration 27
	total loss= 0.002169
Current scene parameters:
 	{'mat-PlaneBsdf.brdf_0.reflectance.color0.value': [[0.4000000059604645, 0.4000000059604645, 0.4000000059604645]], 'mat-PlaneBsdf.brdf_0.reflectance.color1.value': [[0.20000000298023224, 0.20000000298023224, 0.20000000298023224]], 'mat-ObjectBsdf.eta': [1.4972838163375854], 'mat-ObjectBsdf.alpha.value': [0.013148551806807518], 'medium1.albedo.data': TensorXf(shape=(16, 16, 16, 3)), 'medium1.sigma_t.value.value': [0.3754168450832367], 'emitter-envmap.scale': [1.0], 'PLYMesh.vertex_positions': [-23.38309669494629, 0.0, 23.38309669494629, 23.38309669494629, 0.0, 23.38309669494629, 23.38309669494629, 0.0, -23.38309669494629, -23.38309669494629, 0.0, -23.38309669494629], 'PLYMesh_1.vertex_positions': [0.06771976500749588, 2.719545364379883, 2.2474188804626465, 0.07067764550447464, 2.7316184043884277, .. 486902 skipped .., 1.834144949913025, 1.140721082687378, 1.3816357851028442, 1.8345913887023926, 1.1410837173461914]}
Iteration 28
	total loss= 0.002882
Current scene parameters:
 	{'mat-PlaneBsdf.brdf_0.reflectance.color0.value': [[0.4000000059604645, 0.4000000059604645, 0.4000000059604645]], 'mat-PlaneBsdf.brdf_0.reflectance.color1.value': [[0.20000000298023224, 0.20000000298023224, 0.20000000298023224]], 'mat-ObjectBsdf.eta': [1.4908442497253418], 'mat-ObjectBsdf.alpha.value': [0.014643251895904541], 'medium1.albedo.data': TensorXf(shape=(16, 16, 16, 3)), 'medium1.sigma_t.value.value': [0.37309974431991577], 'emitter-envmap.scale': [1.0], 'PLYMesh.vertex_positions': [-23.38309669494629, 0.0, 23.38309669494629, 23.38309669494629, 0.0, 23.38309669494629, 23.38309669494629, 0.0, -23.38309669494629, -23.38309669494629, 0.0, -23.38309669494629], 'PLYMesh_1.vertex_positions': [0.06771976500749588, 2.719545364379883, 2.2474188804626465, 0.07067764550447464, 2.7316184043884277, .. 486902 skipped .., 1.834144949913025, 1.140721082687378, 1.3816357851028442, 1.8345913887023926, 1.1410837173461914]}
Iteration 29
	total loss= 0.002280
Current scene parameters:
 	{'mat-PlaneBsdf.brdf_0.reflectance.color0.value': [[0.4000000059604645, 0.4000000059604645, 0.4000000059604645]], 'mat-PlaneBsdf.brdf_0.reflectance.color1.value': [[0.20000000298023224, 0.20000000298023224, 0.20000000298023224]], 'mat-ObjectBsdf.eta': [1.4927901029586792], 'mat-ObjectBsdf.alpha.value': [0.009697346948087215], 'medium1.albedo.data': TensorXf(shape=(16, 16, 16, 3)), 'medium1.sigma_t.value.value': [0.3597193658351898], 'emitter-envmap.scale': [1.0], 'PLYMesh.vertex_positions': [-23.38309669494629, 0.0, 23.38309669494629, 23.38309669494629, 0.0, 23.38309669494629, 23.38309669494629, 0.0, -23.38309669494629, -23.38309669494629, 0.0, -23.38309669494629], 'PLYMesh_1.vertex_positions': [0.06771976500749588, 2.719545364379883, 2.2474188804626465, 0.07067764550447464, 2.7316184043884277, .. 486902 skipped .., 1.834144949913025, 1.140721082687378, 1.3816357851028442, 1.8345913887023926, 1.1410837173461914]}
Iteration 30
	total loss= 0.002138
Current scene parameters:
 	{'mat-PlaneBsdf.brdf_0.reflectance.color0.value': [[0.4000000059604645, 0.4000000059604645, 0.4000000059604645]], 'mat-PlaneBsdf.brdf_0.reflectance.color1.value': [[0.20000000298023224, 0.20000000298023224, 0.20000000298023224]], 'mat-ObjectBsdf.eta': [1.492558240890503], 'mat-ObjectBsdf.alpha.value': [0.008963502943515778], 'medium1.albedo.data': TensorXf(shape=(16, 16, 16, 3)), 'medium1.sigma_t.value.value': [0.3353731632232666], 'emitter-envmap.scale': [1.0], 'PLYMesh.vertex_positions': [-23.38309669494629, 0.0, 23.38309669494629, 23.38309669494629, 0.0, 23.38309669494629, 23.38309669494629, 0.0, -23.38309669494629, -23.38309669494629, 0.0, -23.38309669494629], 'PLYMesh_1.vertex_positions': [0.06771976500749588, 2.719545364379883, 2.2474188804626465, 0.07067764550447464, 2.7316184043884277, .. 486902 skipped .., 1.834144949913025, 1.140721082687378, 1.3816357851028442, 1.8345913887023926, 1.1410837173461914]}
Iteration 31
	total loss= 0.002302
Current scene parameters:
 	{'mat-PlaneBsdf.brdf_0.reflectance.color0.value': [[0.4000000059604645, 0.4000000059604645, 0.4000000059604645]], 'mat-PlaneBsdf.brdf_0.reflectance.color1.value': [[0.20000000298023224, 0.20000000298023224, 0.20000000298023224]], 'mat-ObjectBsdf.eta': [1.4851690530776978], 'mat-ObjectBsdf.alpha.value': [0.00944177433848381], 'medium1.albedo.data': TensorXf(shape=(16, 16, 16, 3)), 'medium1.sigma_t.value.value': [0.3336832821369171], 'emitter-envmap.scale': [1.0], 'PLYMesh.vertex_positions': [-23.38309669494629, 0.0, 23.38309669494629, 23.38309669494629, 0.0, 23.38309669494629, 23.38309669494629, 0.0, -23.38309669494629, -23.38309669494629, 0.0, -23.38309669494629], 'PLYMesh_1.vertex_positions': [0.06771976500749588, 2.719545364379883, 2.2474188804626465, 0.07067764550447464, 2.7316184043884277, .. 486902 skipped .., 1.834144949913025, 1.140721082687378, 1.3816357851028442, 1.8345913887023926, 1.1410837173461914]}
Iteration 32
	total loss= 0.002373
Current scene parameters:
 	{'mat-PlaneBsdf.brdf_0.reflectance.color0.value': [[0.4000000059604645, 0.4000000059604645, 0.4000000059604645]], 'mat-PlaneBsdf.brdf_0.reflectance.color1.value': [[0.20000000298023224, 0.20000000298023224, 0.20000000298023224]], 'mat-ObjectBsdf.eta': [1.4833952188491821], 'mat-ObjectBsdf.alpha.value': [0.009449481964111328], 'medium1.albedo.data': TensorXf(shape=(16, 16, 16, 3)), 'medium1.sigma_t.value.value': [0.35420358180999756], 'emitter-envmap.scale': [1.0], 'PLYMesh.vertex_positions': [-23.38309669494629, 0.0, 23.38309669494629, 23.38309669494629, 0.0, 23.38309669494629, 23.38309669494629, 0.0, -23.38309669494629, -23.38309669494629, 0.0, -23.38309669494629], 'PLYMesh_1.vertex_positions': [0.06771976500749588, 2.719545364379883, 2.2474188804626465, 0.07067764550447464, 2.7316184043884277, .. 486902 skipped .., 1.834144949913025, 1.140721082687378, 1.3816357851028442, 1.8345913887023926, 1.1410837173461914]}
Iteration 33
	total loss= 0.001863
Current scene parameters:
 	{'mat-PlaneBsdf.brdf_0.reflectance.color0.value': [[0.4000000059604645, 0.4000000059604645, 0.4000000059604645]], 'mat-PlaneBsdf.brdf_0.reflectance.color1.value': [[0.20000000298023224, 0.20000000298023224, 0.20000000298023224]], 'mat-ObjectBsdf.eta': [1.487461805343628], 'mat-ObjectBsdf.alpha.value': [0.012931064702570438], 'medium1.albedo.data': TensorXf(shape=(16, 16, 16, 3)), 'medium1.sigma_t.value.value': [0.3788994252681732], 'emitter-envmap.scale': [1.0], 'PLYMesh.vertex_positions': [-23.38309669494629, 0.0, 23.38309669494629, 23.38309669494629, 0.0, 23.38309669494629, 23.38309669494629, 0.0, -23.38309669494629, -23.38309669494629, 0.0, -23.38309669494629], 'PLYMesh_1.vertex_positions': [0.06771976500749588, 2.719545364379883, 2.2474188804626465, 0.07067764550447464, 2.7316184043884277, .. 486902 skipped .., 1.834144949913025, 1.140721082687378, 1.3816357851028442, 1.8345913887023926, 1.1410837173461914]}
Iteration 34
	total loss= 0.002065
Current scene parameters:
 	{'mat-PlaneBsdf.brdf_0.reflectance.color0.value': [[0.4000000059604645, 0.4000000059604645, 0.4000000059604645]], 'mat-PlaneBsdf.brdf_0.reflectance.color1.value': [[0.20000000298023224, 0.20000000298023224, 0.20000000298023224]], 'mat-ObjectBsdf.eta': [1.4906344413757324], 'mat-ObjectBsdf.alpha.value': [0.009835530072450638], 'medium1.albedo.data': TensorXf(shape=(16, 16, 16, 3)), 'medium1.sigma_t.value.value': [0.3802935481071472], 'emitter-envmap.scale': [1.0], 'PLYMesh.vertex_positions': [-23.38309669494629, 0.0, 23.38309669494629, 23.38309669494629, 0.0, 23.38309669494629, 23.38309669494629, 0.0, -23.38309669494629, -23.38309669494629, 0.0, -23.38309669494629], 'PLYMesh_1.vertex_positions': [0.06771976500749588, 2.719545364379883, 2.2474188804626465, 0.07067764550447464, 2.7316184043884277, .. 486902 skipped .., 1.834144949913025, 1.140721082687378, 1.3816357851028442, 1.8345913887023926, 1.1410837173461914]}
Iteration 35
	total loss= 0.002224
Current scene parameters:
 	{'mat-PlaneBsdf.brdf_0.reflectance.color0.value': [[0.4000000059604645, 0.4000000059604645, 0.4000000059604645]], 'mat-PlaneBsdf.brdf_0.reflectance.color1.value': [[0.20000000298023224, 0.20000000298023224, 0.20000000298023224]], 'mat-ObjectBsdf.eta': [1.4877938032150269], 'mat-ObjectBsdf.alpha.value': [0.009788623079657555], 'medium1.albedo.data': TensorXf(shape=(16, 16, 16, 3)), 'medium1.sigma_t.value.value': [0.3572477400302887], 'emitter-envmap.scale': [1.0], 'PLYMesh.vertex_positions': [-23.38309669494629, 0.0, 23.38309669494629, 23.38309669494629, 0.0, 23.38309669494629, 23.38309669494629, 0.0, -23.38309669494629, -23.38309669494629, 0.0, -23.38309669494629], 'PLYMesh_1.vertex_positions': [0.06771976500749588, 2.719545364379883, 2.2474188804626465, 0.07067764550447464, 2.7316184043884277, .. 486902 skipped .., 1.834144949913025, 1.140721082687378, 1.3816357851028442, 1.8345913887023926, 1.1410837173461914]}
Iteration 36
	total loss= 0.002807
Current scene parameters:
 	{'mat-PlaneBsdf.brdf_0.reflectance.color0.value': [[0.4000000059604645, 0.4000000059604645, 0.4000000059604645]], 'mat-PlaneBsdf.brdf_0.reflectance.color1.value': [[0.20000000298023224, 0.20000000298023224, 0.20000000298023224]], 'mat-ObjectBsdf.eta': [1.4705531597137451], 'mat-ObjectBsdf.alpha.value': [0.01588788814842701], 'medium1.albedo.data': TensorXf(shape=(16, 16, 16, 3)), 'medium1.sigma_t.value.value': [0.3568236529827118], 'emitter-envmap.scale': [1.0], 'PLYMesh.vertex_positions': [-23.38309669494629, 0.0, 23.38309669494629, 23.38309669494629, 0.0, 23.38309669494629, 23.38309669494629, 0.0, -23.38309669494629, -23.38309669494629, 0.0, -23.38309669494629], 'PLYMesh_1.vertex_positions': [0.06771976500749588, 2.719545364379883, 2.2474188804626465, 0.07067764550447464, 2.7316184043884277, .. 486902 skipped .., 1.834144949913025, 1.140721082687378, 1.3816357851028442, 1.8345913887023926, 1.1410837173461914]}
Iteration 37
	total loss= 0.002037
Current scene parameters:
 	{'mat-PlaneBsdf.brdf_0.reflectance.color0.value': [[0.4000000059604645, 0.4000000059604645, 0.4000000059604645]], 'mat-PlaneBsdf.brdf_0.reflectance.color1.value': [[0.20000000298023224, 0.20000000298023224, 0.20000000298023224]], 'mat-ObjectBsdf.eta': [1.4640675783157349], 'mat-ObjectBsdf.alpha.value': [0.006626673974096775], 'medium1.albedo.data': TensorXf(shape=(16, 16, 16, 3)), 'medium1.sigma_t.value.value': [0.37386471033096313], 'emitter-envmap.scale': [1.0], 'PLYMesh.vertex_positions': [-23.38309669494629, 0.0, 23.38309669494629, 23.38309669494629, 0.0, 23.38309669494629, 23.38309669494629, 0.0, -23.38309669494629, -23.38309669494629, 0.0, -23.38309669494629], 'PLYMesh_1.vertex_positions': [0.06771976500749588, 2.719545364379883, 2.2474188804626465, 0.07067764550447464, 2.7316184043884277, .. 486902 skipped .., 1.834144949913025, 1.140721082687378, 1.3816357851028442, 1.8345913887023926, 1.1410837173461914]}
Iteration 38
	total loss= 0.004151
Current scene parameters:
 	{'mat-PlaneBsdf.brdf_0.reflectance.color0.value': [[0.4000000059604645, 0.4000000059604645, 0.4000000059604645]], 'mat-PlaneBsdf.brdf_0.reflectance.color1.value': [[0.20000000298023224, 0.20000000298023224, 0.20000000298023224]], 'mat-ObjectBsdf.eta': [1.4796503782272339], 'mat-ObjectBsdf.alpha.value': [0.0010000000474974513], 'medium1.albedo.data': TensorXf(shape=(16, 16, 16, 3)), 'medium1.sigma_t.value.value': [0.37335890531539917], 'emitter-envmap.scale': [1.0], 'PLYMesh.vertex_positions': [-23.38309669494629, 0.0, 23.38309669494629, 23.38309669494629, 0.0, 23.38309669494629, 23.38309669494629, 0.0, -23.38309669494629, -23.38309669494629, 0.0, -23.38309669494629], 'PLYMesh_1.vertex_positions': [0.06771976500749588, 2.719545364379883, 2.2474188804626465, 0.07067764550447464, 2.7316184043884277, .. 486902 skipped .., 1.834144949913025, 1.140721082687378, 1.3816357851028442, 1.8345913887023926, 1.1410837173461914]}
Iteration 39
	total loss= 0.004137
Current scene parameters:
 	{'mat-PlaneBsdf.brdf_0.reflectance.color0.value': [[0.4000000059604645, 0.4000000059604645, 0.4000000059604645]], 'mat-PlaneBsdf.brdf_0.reflectance.color1.value': [[0.20000000298023224, 0.20000000298023224, 0.20000000298023224]], 'mat-ObjectBsdf.eta': [1.5282644033432007], 'mat-ObjectBsdf.alpha.value': [0.017847523093223572], 'medium1.albedo.data': TensorXf(shape=(16, 16, 16, 3)), 'medium1.sigma_t.value.value': [0.3531097173690796], 'emitter-envmap.scale': [1.0], 'PLYMesh.vertex_positions': [-23.38309669494629, 0.0, 23.38309669494629, 23.38309669494629, 0.0, 23.38309669494629, 23.38309669494629, 0.0, -23.38309669494629, -23.38309669494629, 0.0, -23.38309669494629], 'PLYMesh_1.vertex_positions': [0.06771976500749588, 2.719545364379883, 2.2474188804626465, 0.07067764550447464, 2.7316184043884277, .. 486902 skipped .., 1.834144949913025, 1.140721082687378, 1.3816357851028442, 1.8345913887023926, 1.1410837173461914]}
Iteration 40
	total loss= 0.007174
Current scene parameters:
 	{'mat-PlaneBsdf.brdf_0.reflectance.color0.value': [[0.4000000059604645, 0.4000000059604645, 0.4000000059604645]], 'mat-PlaneBsdf.brdf_0.reflectance.color1.value': [[0.20000000298023224, 0.20000000298023224, 0.20000000298023224]], 'mat-ObjectBsdf.eta': [1.5608454942703247], 'mat-ObjectBsdf.alpha.value': [0.02713421918451786], 'medium1.albedo.data': TensorXf(shape=(16, 16, 16, 3)), 'medium1.sigma_t.value.value': [0.320494681596756], 'emitter-envmap.scale': [1.0], 'PLYMesh.vertex_positions': [-23.38309669494629, 0.0, 23.38309669494629, 23.38309669494629, 0.0, 23.38309669494629, 23.38309669494629, 0.0, -23.38309669494629, -23.38309669494629, 0.0, -23.38309669494629], 'PLYMesh_1.vertex_positions': [0.06771976500749588, 2.719545364379883, 2.2474188804626465, 0.07067764550447464, 2.7316184043884277, .. 486902 skipped .., 1.834144949913025, 1.140721082687378, 1.3816357851028442, 1.8345913887023926, 1.1410837173461914]}
Iteration 41
	total loss= 0.005617
Current scene parameters:
 	{'mat-PlaneBsdf.brdf_0.reflectance.color0.value': [[0.4000000059604645, 0.4000000059604645, 0.4000000059604645]], 'mat-PlaneBsdf.brdf_0.reflectance.color1.value': [[0.20000000298023224, 0.20000000298023224, 0.20000000298023224]], 'mat-ObjectBsdf.eta': [1.57442307472229], 'mat-ObjectBsdf.alpha.value': [0.00861007533967495], 'medium1.albedo.data': TensorXf(shape=(16, 16, 16, 3)), 'medium1.sigma_t.value.value': [0.3229738175868988], 'emitter-envmap.scale': [1.0], 'PLYMesh.vertex_positions': [-23.38309669494629, 0.0, 23.38309669494629, 23.38309669494629, 0.0, 23.38309669494629, 23.38309669494629, 0.0, -23.38309669494629, -23.38309669494629, 0.0, -23.38309669494629], 'PLYMesh_1.vertex_positions': [0.06771976500749588, 2.719545364379883, 2.2474188804626465, 0.07067764550447464, 2.7316184043884277, .. 486902 skipped .., 1.834144949913025, 1.140721082687378, 1.3816357851028442, 1.8345913887023926, 1.1410837173461914]}
Iteration 42
	total loss= 0.005273
Current scene parameters:
 	{'mat-PlaneBsdf.brdf_0.reflectance.color0.value': [[0.4000000059604645, 0.4000000059604645, 0.4000000059604645]], 'mat-PlaneBsdf.brdf_0.reflectance.color1.value': [[0.20000000298023224, 0.20000000298023224, 0.20000000298023224]], 'mat-ObjectBsdf.eta': [1.558988094329834], 'mat-ObjectBsdf.alpha.value': [0.0010000000474974513], 'medium1.albedo.data': TensorXf(shape=(16, 16, 16, 3)), 'medium1.sigma_t.value.value': [0.33687400817871094], 'emitter-envmap.scale': [1.0], 'PLYMesh.vertex_positions': [-23.38309669494629, 0.0, 23.38309669494629, 23.38309669494629, 0.0, 23.38309669494629, 23.38309669494629, 0.0, -23.38309669494629, -23.38309669494629, 0.0, -23.38309669494629], 'PLYMesh_1.vertex_positions': [0.06771976500749588, 2.719545364379883, 2.2474188804626465, 0.07067764550447464, 2.7316184043884277, .. 486902 skipped .., 1.834144949913025, 1.140721082687378, 1.3816357851028442, 1.8345913887023926, 1.1410837173461914]}
Iteration 43
	total loss= 0.006025
Current scene parameters:
 	{'mat-PlaneBsdf.brdf_0.reflectance.color0.value': [[0.4000000059604645, 0.4000000059604645, 0.4000000059604645]], 'mat-PlaneBsdf.brdf_0.reflectance.color1.value': [[0.20000000298023224, 0.20000000298023224, 0.20000000298023224]], 'mat-ObjectBsdf.eta': [1.6006078720092773], 'mat-ObjectBsdf.alpha.value': [0.014340835623443127], 'medium1.albedo.data': TensorXf(shape=(16, 16, 16, 3)), 'medium1.sigma_t.value.value': [0.3503568172454834], 'emitter-envmap.scale': [1.0], 'PLYMesh.vertex_positions': [-23.38309669494629, 0.0, 23.38309669494629, 23.38309669494629, 0.0, 23.38309669494629, 23.38309669494629, 0.0, -23.38309669494629, -23.38309669494629, 0.0, -23.38309669494629], 'PLYMesh_1.vertex_positions': [0.06771976500749588, 2.719545364379883, 2.2474188804626465, 0.07067764550447464, 2.7316184043884277, .. 486902 skipped .., 1.834144949913025, 1.140721082687378, 1.3816357851028442, 1.8345913887023926, 1.1410837173461914]}
Iteration 44
	total loss= 0.007288
Current scene parameters:
 	{'mat-PlaneBsdf.brdf_0.reflectance.color0.value': [[0.4000000059604645, 0.4000000059604645, 0.4000000059604645]], 'mat-PlaneBsdf.brdf_0.reflectance.color1.value': [[0.20000000298023224, 0.20000000298023224, 0.20000000298023224]], 'mat-ObjectBsdf.eta': [1.6089463233947754], 'mat-ObjectBsdf.alpha.value': [0.02030274085700512], 'medium1.albedo.data': TensorXf(shape=(16, 16, 16, 3)), 'medium1.sigma_t.value.value': [0.35615089535713196], 'emitter-envmap.scale': [1.0], 'PLYMesh.vertex_positions': [-23.38309669494629, 0.0, 23.38309669494629, 23.38309669494629, 0.0, 23.38309669494629, 23.38309669494629, 0.0, -23.38309669494629, -23.38309669494629, 0.0, -23.38309669494629], 'PLYMesh_1.vertex_positions': [0.06771976500749588, 2.719545364379883, 2.2474188804626465, 0.07067764550447464, 2.7316184043884277, .. 486902 skipped .., 1.834144949913025, 1.140721082687378, 1.3816357851028442, 1.8345913887023926, 1.1410837173461914]}
Iteration 45
	total loss= 0.005053
Current scene parameters:
 	{'mat-PlaneBsdf.brdf_0.reflectance.color0.value': [[0.4000000059604645, 0.4000000059604645, 0.4000000059604645]], 'mat-PlaneBsdf.brdf_0.reflectance.color1.value': [[0.20000000298023224, 0.20000000298023224, 0.20000000298023224]], 'mat-ObjectBsdf.eta': [1.60965895652771], 'mat-ObjectBsdf.alpha.value': [0.0046257865615189075], 'medium1.albedo.data': TensorXf(shape=(16, 16, 16, 3)), 'medium1.sigma_t.value.value': [0.34498485922813416], 'emitter-envmap.scale': [1.0], 'PLYMesh.vertex_positions': [-23.38309669494629, 0.0, 23.38309669494629, 23.38309669494629, 0.0, 23.38309669494629, 23.38309669494629, 0.0, -23.38309669494629, -23.38309669494629, 0.0, -23.38309669494629], 'PLYMesh_1.vertex_positions': [0.06771976500749588, 2.719545364379883, 2.2474188804626465, 0.07067764550447464, 2.7316184043884277, .. 486902 skipped .., 1.834144949913025, 1.140721082687378, 1.3816357851028442, 1.8345913887023926, 1.1410837173461914]}
Iteration 46
	total loss= 0.006351
Current scene parameters:
 	{'mat-PlaneBsdf.brdf_0.reflectance.color0.value': [[0.4000000059604645, 0.4000000059604645, 0.4000000059604645]], 'mat-PlaneBsdf.brdf_0.reflectance.color1.value': [[0.20000000298023224, 0.20000000298023224, 0.20000000298023224]], 'mat-ObjectBsdf.eta': [1.6440802812576294], 'mat-ObjectBsdf.alpha.value': [0.0194881409406662], 'medium1.albedo.data': TensorXf(shape=(16, 16, 16, 3)), 'medium1.sigma_t.value.value': [0.33529552817344666], 'emitter-envmap.scale': [1.0], 'PLYMesh.vertex_positions': [-23.38309669494629, 0.0, 23.38309669494629, 23.38309669494629, 0.0, 23.38309669494629, 23.38309669494629, 0.0, -23.38309669494629, -23.38309669494629, 0.0, -23.38309669494629], 'PLYMesh_1.vertex_positions': [0.06771976500749588, 2.719545364379883, 2.2474188804626465, 0.07067764550447464, 2.7316184043884277, .. 486902 skipped .., 1.834144949913025, 1.140721082687378, 1.3816357851028442, 1.8345913887023926, 1.1410837173461914]}
Iteration 47
	total loss= 0.011452
Current scene parameters:
 	{'mat-PlaneBsdf.brdf_0.reflectance.color0.value': [[0.4000000059604645, 0.4000000059604645, 0.4000000059604645]], 'mat-PlaneBsdf.brdf_0.reflectance.color1.value': [[0.20000000298023224, 0.20000000298023224, 0.20000000298023224]], 'mat-ObjectBsdf.eta': [1.6724295616149902], 'mat-ObjectBsdf.alpha.value': [0.024303413927555084], 'medium1.albedo.data': TensorXf(shape=(16, 16, 16, 3)), 'medium1.sigma_t.value.value': [0.33838197588920593], 'emitter-envmap.scale': [1.0], 'PLYMesh.vertex_positions': [-23.38309669494629, 0.0, 23.38309669494629, 23.38309669494629, 0.0, 23.38309669494629, 23.38309669494629, 0.0, -23.38309669494629, -23.38309669494629, 0.0, -23.38309669494629], 'PLYMesh_1.vertex_positions': [0.06771976500749588, 2.719545364379883, 2.2474188804626465, 0.07067764550447464, 2.7316184043884277, .. 486902 skipped .., 1.834144949913025, 1.140721082687378, 1.3816357851028442, 1.8345913887023926, 1.1410837173461914]}
Iteration 48
	total loss= 0.008064
Current scene parameters:
 	{'mat-PlaneBsdf.brdf_0.reflectance.color0.value': [[0.4000000059604645, 0.4000000059604645, 0.4000000059604645]], 'mat-PlaneBsdf.brdf_0.reflectance.color1.value': [[0.20000000298023224, 0.20000000298023224, 0.20000000298023224]], 'mat-ObjectBsdf.eta': [1.6863821744918823], 'mat-ObjectBsdf.alpha.value': [0.004410953726619482], 'medium1.albedo.data': TensorXf(shape=(16, 16, 16, 3)), 'medium1.sigma_t.value.value': [0.33946120738983154], 'emitter-envmap.scale': [1.0], 'PLYMesh.vertex_positions': [-23.38309669494629, 0.0, 23.38309669494629, 23.38309669494629, 0.0, 23.38309669494629, 23.38309669494629, 0.0, -23.38309669494629, -23.38309669494629, 0.0, -23.38309669494629], 'PLYMesh_1.vertex_positions': [0.06771976500749588, 2.719545364379883, 2.2474188804626465, 0.07067764550447464, 2.7316184043884277, .. 486902 skipped .., 1.834144949913025, 1.140721082687378, 1.3816357851028442, 1.8345913887023926, 1.1410837173461914]}
Iteration 49
	total loss= 0.008591
Current scene parameters:
 	{'mat-PlaneBsdf.brdf_0.reflectance.color0.value': [[0.4000000059604645, 0.4000000059604645, 0.4000000059604645]], 'mat-PlaneBsdf.brdf_0.reflectance.color1.value': [[0.20000000298023224, 0.20000000298023224, 0.20000000298023224]], 'mat-ObjectBsdf.eta': [1.6576520204544067], 'mat-ObjectBsdf.alpha.value': [0.023951642215251923], 'medium1.albedo.data': TensorXf(shape=(16, 16, 16, 3)), 'medium1.sigma_t.value.value': [0.34720051288604736], 'emitter-envmap.scale': [1.0], 'PLYMesh.vertex_positions': [-23.38309669494629, 0.0, 23.38309669494629, 23.38309669494629, 0.0, 23.38309669494629, 23.38309669494629, 0.0, -23.38309669494629, -23.38309669494629, 0.0, -23.38309669494629], 'PLYMesh_1.vertex_positions': [0.06771976500749588, 2.719545364379883, 2.2474188804626465, 0.07067764550447464, 2.7316184043884277, .. 486902 skipped .., 1.834144949913025, 1.140721082687378, 1.3816357851028442, 1.8345913887023926, 1.1410837173461914]}
Optimization loop end. Elapsed time: 126.705s
Initial scene parameters:
 {'mat-PlaneBsdf.brdf_0.reflectance.color0.value': [[0.4000000059604645, 0.4000000059604645, 0.4000000059604645]], 'mat-PlaneBsdf.brdf_0.reflectance.color1.value': [[0.20000000298023224, 0.20000000298023224, 0.20000000298023224]], 'mat-ObjectBsdf.eta': [1.6175785064697266], 'mat-ObjectBsdf.alpha.value': [0.053022511303424835], 'medium1.albedo.data': TensorXf(shape=(16, 16, 16, 3)), 'medium1.sigma_t.value.value': [0.35139670968055725], 'emitter-envmap.scale': [1.0], 'PLYMesh.vertex_positions': [-23.38309669494629, 0.0, 23.38309669494629, 23.38309669494629, 0.0, 23.38309669494629, 23.38309669494629, 0.0, -23.38309669494629, -23.38309669494629, 0.0, -23.38309669494629], 'PLYMesh_1.vertex_positions': [0.06771976500749588, 2.719545364379883, 2.2474188804626465, 0.07067764550447464, 2.7316184043884277, .. 486902 skipped .., 1.834144949913025, 1.140721082687378, 1.3816357851028442, 1.8345913887023926, 1.1410837173461914]}
End scene parameters:
 {'mat-PlaneBsdf.brdf_0.reflectance.color0.value': [[0.4000000059604645, 0.4000000059604645, 0.4000000059604645]], 'mat-PlaneBsdf.brdf_0.reflectance.color1.value': [[0.20000000298023224, 0.20000000298023224, 0.20000000298023224]], 'mat-ObjectBsdf.eta': [1.6576520204544067], 'mat-ObjectBsdf.alpha.value': [0.023951642215251923], 'medium1.albedo.data': TensorXf(shape=(16, 16, 16, 3)), 'medium1.sigma_t.value.value': [0.34720051288604736], 'emitter-envmap.scale': [1.0], 'PLYMesh.vertex_positions': [-23.38309669494629, 0.0, 23.38309669494629, 23.38309669494629, 0.0, 23.38309669494629, 23.38309669494629, 0.0, -23.38309669494629, -23.38309669494629, 0.0, -23.38309669494629], 'PLYMesh_1.vertex_positions': [0.06771976500749588, 2.719545364379883, 2.2474188804626465, 0.07067764550447464, 2.7316184043884277, .. 486902 skipped .., 1.834144949913025, 1.140721082687378, 1.3816357851028442, 1.8345913887023926, 1.1410837173461914]}
Mitsuba version:
 3.2.1
Hyperparameters:
	minimum error:0.001,
	spp:4,
	optimization func.:Deng et al. Dual Buffer Method,
	iteraration count:50
Optimization parameters:
 	{'mat-PlaneBsdf.brdf_0.reflectance.color0.value': {'Learning Rate': 0.03, 'Min. Clamp Value': 0.001, 'Max. Clamp Value': 0.999, 'Optimize': False}, 'mat-PlaneBsdf.brdf_0.reflectance.color1.value': {'Learning Rate': 0.03, 'Min. Clamp Value': 0.001, 'Max. Clamp Value': 0.999, 'Optimize': False}, 'mat-ObjectBsdf.eta': {'Learning Rate': 0.03, 'Min. Clamp Value': 0.001, 'Max. Clamp Value': 4.1, 'Optimize': True}, 'mat-ObjectBsdf.alpha.value': {'Learning Rate': 0.03, 'Min. Clamp Value': 0.001, 'Max. Clamp Value': 0.7, 'Optimize': True}, 'medium1.albedo.data': {'Learning Rate': 0.03, 'Min. Clamp Value': 0.001, 'Max. Clamp Value': 0.999, 'Optimize': True}, 'medium1.sigma_t.value.value': {'Learning Rate': 0.03, 'Min. Clamp Value': 0.001, 'Max. Clamp Value': 0.999, 'Optimize': True}, 'emitter-envmap.scale': {'Learning Rate': 0.03, 'Min. Clamp Value': 0.001, 'Max. Clamp Value': 100, 'Optimize': False}, 'PLYMesh.vertex_positions': {'Learning Rate': 0.03, 'Min. Clamp Value': [[-100.0, -100.0, -100.0]], 'Max. Clamp Value': [[100.0, 100.0, 100.0]], 'Optimize': False}, 'PLYMesh_1.vertex_positions': {'Learning Rate': 0.03, 'Min. Clamp Value': [[-100.0, -100.0, -100.0]], 'Max. Clamp Value': [[100.0, 100.0, 100.0]], 'Optimize': False}}