Optimization loop begin
Iteration 00
	total loss= 0.095218
Current scene parameters:
 	{'mat-PlaneBsdf.brdf_0.reflectance.color0.value': [[0.4000000059604645, 0.4000000059604645, 0.4000000059604645]], 'mat-PlaneBsdf.brdf_0.reflectance.color1.value': [[0.20000000298023224, 0.20000000298023224, 0.20000000298023224]], 'mat-ObjectBsdf.eta': [1.5435724258422852], 'mat-ObjectBsdf.alpha.value': [0.6060305237770081], 'medium1.albedo.data': TensorXf(shape=(16, 16, 16, 3)), 'medium1.sigma_t.value.value': [0.8833175897598267], 'emitter-envmap.scale': [1.0], 'PLYMesh.vertex_positions': [-23.38309669494629, 0.0, 23.38309669494629, 23.38309669494629, 0.0, 23.38309669494629, 23.38309669494629, 0.0, -23.38309669494629, -23.38309669494629, 0.0, -23.38309669494629], 'PLYMesh_1.vertex_positions': [0.06771976500749588, 2.719545364379883, 2.2474188804626465, 0.07067764550447464, 2.7316184043884277, .. 486902 skipped .., 1.834144949913025, 1.140721082687378, 1.3816357851028442, 1.8345913887023926, 1.1410837173461914]}
Iteration 01
	total loss= 0.085487
Current scene parameters:
 	{'mat-PlaneBsdf.brdf_0.reflectance.color0.value': [[0.4000000059604645, 0.4000000059604645, 0.4000000059604645]], 'mat-PlaneBsdf.brdf_0.reflectance.color1.value': [[0.20000000298023224, 0.20000000298023224, 0.20000000298023224]], 'mat-ObjectBsdf.eta': [1.5435724258422852], 'mat-ObjectBsdf.alpha.value': [0.5260131359100342], 'medium1.albedo.data': TensorXf(shape=(16, 16, 16, 3)), 'medium1.sigma_t.value.value': [0.7969736456871033], 'emitter-envmap.scale': [1.0], 'PLYMesh.vertex_positions': [-23.38309669494629, 0.0, 23.38309669494629, 23.38309669494629, 0.0, 23.38309669494629, 23.38309669494629, 0.0, -23.38309669494629, -23.38309669494629, 0.0, -23.38309669494629], 'PLYMesh_1.vertex_positions': [0.06771976500749588, 2.719545364379883, 2.2474188804626465, 0.07067764550447464, 2.7316184043884277, .. 486902 skipped .., 1.834144949913025, 1.140721082687378, 1.3816357851028442, 1.8345913887023926, 1.1410837173461914]}
Iteration 02
	total loss= 0.074402
Current scene parameters:
 	{'mat-PlaneBsdf.brdf_0.reflectance.color0.value': [[0.4000000059604645, 0.4000000059604645, 0.4000000059604645]], 'mat-PlaneBsdf.brdf_0.reflectance.color1.value': [[0.20000000298023224, 0.20000000298023224, 0.20000000298023224]], 'mat-ObjectBsdf.eta': [1.5435724258422852], 'mat-ObjectBsdf.alpha.value': [0.44367465376853943], 'medium1.albedo.data': TensorXf(shape=(16, 16, 16, 3)), 'medium1.sigma_t.value.value': [0.7093948721885681], 'emitter-envmap.scale': [1.0], 'PLYMesh.vertex_positions': [-23.38309669494629, 0.0, 23.38309669494629, 23.38309669494629, 0.0, 23.38309669494629, 23.38309669494629, 0.0, -23.38309669494629, -23.38309669494629, 0.0, -23.38309669494629], 'PLYMesh_1.vertex_positions': [0.06771976500749588, 2.719545364379883, 2.2474188804626465, 0.07067764550447464, 2.7316184043884277, .. 486902 skipped .., 1.834144949913025, 1.140721082687378, 1.3816357851028442, 1.8345913887023926, 1.1410837173461914]}
Iteration 03
	total loss= 0.063966
Current scene parameters:
 	{'mat-PlaneBsdf.brdf_0.reflectance.color0.value': [[0.4000000059604645, 0.4000000059604645, 0.4000000059604645]], 'mat-PlaneBsdf.brdf_0.reflectance.color1.value': [[0.20000000298023224, 0.20000000298023224, 0.20000000298023224]], 'mat-ObjectBsdf.eta': [1.5435724258422852], 'mat-ObjectBsdf.alpha.value': [0.3588939905166626], 'medium1.albedo.data': TensorXf(shape=(16, 16, 16, 3)), 'medium1.sigma_t.value.value': [0.619748055934906], 'emitter-envmap.scale': [1.0], 'PLYMesh.vertex_positions': [-23.38309669494629, 0.0, 23.38309669494629, 23.38309669494629, 0.0, 23.38309669494629, 23.38309669494629, 0.0, -23.38309669494629, -23.38309669494629, 0.0, -23.38309669494629], 'PLYMesh_1.vertex_positions': [0.06771976500749588, 2.719545364379883, 2.2474188804626465, 0.07067764550447464, 2.7316184043884277, .. 486902 skipped .., 1.834144949913025, 1.140721082687378, 1.3816357851028442, 1.8345913887023926, 1.1410837173461914]}
Iteration 04
	total loss= 0.054612
Current scene parameters:
 	{'mat-PlaneBsdf.brdf_0.reflectance.color0.value': [[0.4000000059604645, 0.4000000059604645, 0.4000000059604645]], 'mat-PlaneBsdf.brdf_0.reflectance.color1.value': [[0.20000000298023224, 0.20000000298023224, 0.20000000298023224]], 'mat-ObjectBsdf.eta': [1.5435724258422852], 'mat-ObjectBsdf.alpha.value': [0.27622756361961365], 'medium1.albedo.data': TensorXf(shape=(16, 16, 16, 3)), 'medium1.sigma_t.value.value': [0.5273013114929199], 'emitter-envmap.scale': [1.0], 'PLYMesh.vertex_positions': [-23.38309669494629, 0.0, 23.38309669494629, 23.38309669494629, 0.0, 23.38309669494629, 23.38309669494629, 0.0, -23.38309669494629, -23.38309669494629, 0.0, -23.38309669494629], 'PLYMesh_1.vertex_positions': [0.06771976500749588, 2.719545364379883, 2.2474188804626465, 0.07067764550447464, 2.7316184043884277, .. 486902 skipped .., 1.834144949913025, 1.140721082687378, 1.3816357851028442, 1.8345913887023926, 1.1410837173461914]}
Iteration 05
	total loss= 0.049283
Current scene parameters:
 	{'mat-PlaneBsdf.brdf_0.reflectance.color0.value': [[0.4000000059604645, 0.4000000059604645, 0.4000000059604645]], 'mat-PlaneBsdf.brdf_0.reflectance.color1.value': [[0.20000000298023224, 0.20000000298023224, 0.20000000298023224]], 'mat-ObjectBsdf.eta': [1.5435724258422852], 'mat-ObjectBsdf.alpha.value': [0.21222376823425293], 'medium1.albedo.data': TensorXf(shape=(16, 16, 16, 3)), 'medium1.sigma_t.value.value': [0.43598517775535583], 'emitter-envmap.scale': [1.0], 'PLYMesh.vertex_positions': [-23.38309669494629, 0.0, 23.38309669494629, 23.38309669494629, 0.0, 23.38309669494629, 23.38309669494629, 0.0, -23.38309669494629, -23.38309669494629, 0.0, -23.38309669494629], 'PLYMesh_1.vertex_positions': [0.06771976500749588, 2.719545364379883, 2.2474188804626465, 0.07067764550447464, 2.7316184043884277, .. 486902 skipped .., 1.834144949913025, 1.140721082687378, 1.3816357851028442, 1.8345913887023926, 1.1410837173461914]}
Iteration 06
	total loss= 0.046169
Current scene parameters:
 	{'mat-PlaneBsdf.brdf_0.reflectance.color0.value': [[0.4000000059604645, 0.4000000059604645, 0.4000000059604645]], 'mat-PlaneBsdf.brdf_0.reflectance.color1.value': [[0.20000000298023224, 0.20000000298023224, 0.20000000298023224]], 'mat-ObjectBsdf.eta': [1.5435724258422852], 'mat-ObjectBsdf.alpha.value': [0.17275136709213257], 'medium1.albedo.data': TensorXf(shape=(16, 16, 16, 3)), 'medium1.sigma_t.value.value': [0.3558298349380493], 'emitter-envmap.scale': [1.0], 'PLYMesh.vertex_positions': [-23.38309669494629, 0.0, 23.38309669494629, 23.38309669494629, 0.0, 23.38309669494629, 23.38309669494629, 0.0, -23.38309669494629, -23.38309669494629, 0.0, -23.38309669494629], 'PLYMesh_1.vertex_positions': [0.06771976500749588, 2.719545364379883, 2.2474188804626465, 0.07067764550447464, 2.7316184043884277, .. 486902 skipped .., 1.834144949913025, 1.140721082687378, 1.3816357851028442, 1.8345913887023926, 1.1410837173461914]}
Iteration 07
	total loss= 0.043513
Current scene parameters:
 	{'mat-PlaneBsdf.brdf_0.reflectance.color0.value': [[0.4000000059604645, 0.4000000059604645, 0.4000000059604645]], 'mat-PlaneBsdf.brdf_0.reflectance.color1.value': [[0.20000000298023224, 0.20000000298023224, 0.20000000298023224]], 'mat-ObjectBsdf.eta': [1.5435724258422852], 'mat-ObjectBsdf.alpha.value': [0.1474604457616806], 'medium1.albedo.data': TensorXf(shape=(16, 16, 16, 3)), 'medium1.sigma_t.value.value': [0.30290690064430237], 'emitter-envmap.scale': [1.0], 'PLYMesh.vertex_positions': [-23.38309669494629, 0.0, 23.38309669494629, 23.38309669494629, 0.0, 23.38309669494629, 23.38309669494629, 0.0, -23.38309669494629, -23.38309669494629, 0.0, -23.38309669494629], 'PLYMesh_1.vertex_positions': [0.06771976500749588, 2.719545364379883, 2.2474188804626465, 0.07067764550447464, 2.7316184043884277, .. 486902 skipped .., 1.834144949913025, 1.140721082687378, 1.3816357851028442, 1.8345913887023926, 1.1410837173461914]}
Iteration 08
	total loss= 0.041067
Current scene parameters:
 	{'mat-PlaneBsdf.brdf_0.reflectance.color0.value': [[0.4000000059604645, 0.4000000059604645, 0.4000000059604645]], 'mat-PlaneBsdf.brdf_0.reflectance.color1.value': [[0.20000000298023224, 0.20000000298023224, 0.20000000298023224]], 'mat-ObjectBsdf.eta': [1.5435724258422852], 'mat-ObjectBsdf.alpha.value': [0.125682070851326], 'medium1.albedo.data': TensorXf(shape=(16, 16, 16, 3)), 'medium1.sigma_t.value.value': [0.29222604632377625], 'emitter-envmap.scale': [1.0], 'PLYMesh.vertex_positions': [-23.38309669494629, 0.0, 23.38309669494629, 23.38309669494629, 0.0, 23.38309669494629, 23.38309669494629, 0.0, -23.38309669494629, -23.38309669494629, 0.0, -23.38309669494629], 'PLYMesh_1.vertex_positions': [0.06771976500749588, 2.719545364379883, 2.2474188804626465, 0.07067764550447464, 2.7316184043884277, .. 486902 skipped .., 1.834144949913025, 1.140721082687378, 1.3816357851028442, 1.8345913887023926, 1.1410837173461914]}
Iteration 09
	total loss= 0.036413
Current scene parameters:
 	{'mat-PlaneBsdf.brdf_0.reflectance.color0.value': [[0.4000000059604645, 0.4000000059604645, 0.4000000059604645]], 'mat-PlaneBsdf.brdf_0.reflectance.color1.value': [[0.20000000298023224, 0.20000000298023224, 0.20000000298023224]], 'mat-ObjectBsdf.eta': [1.5435724258422852], 'mat-ObjectBsdf.alpha.value': [0.09172458201646805], 'medium1.albedo.data': TensorXf(shape=(16, 16, 16, 3)), 'medium1.sigma_t.value.value': [0.3164767324924469], 'emitter-envmap.scale': [1.0], 'PLYMesh.vertex_positions': [-23.38309669494629, 0.0, 23.38309669494629, 23.38309669494629, 0.0, 23.38309669494629, 23.38309669494629, 0.0, -23.38309669494629, -23.38309669494629, 0.0, -23.38309669494629], 'PLYMesh_1.vertex_positions': [0.06771976500749588, 2.719545364379883, 2.2474188804626465, 0.07067764550447464, 2.7316184043884277, .. 486902 skipped .., 1.834144949913025, 1.140721082687378, 1.3816357851028442, 1.8345913887023926, 1.1410837173461914]}
Iteration 10
	total loss= 0.025988
Current scene parameters:
 	{'mat-PlaneBsdf.brdf_0.reflectance.color0.value': [[0.4000000059604645, 0.4000000059604645, 0.4000000059604645]], 'mat-PlaneBsdf.brdf_0.reflectance.color1.value': [[0.20000000298023224, 0.20000000298023224, 0.20000000298023224]], 'mat-ObjectBsdf.eta': [1.5435724258422852], 'mat-ObjectBsdf.alpha.value': [0.027832290157675743], 'medium1.albedo.data': TensorXf(shape=(16, 16, 16, 3)), 'medium1.sigma_t.value.value': [0.35947954654693604], 'emitter-envmap.scale': [1.0], 'PLYMesh.vertex_positions': [-23.38309669494629, 0.0, 23.38309669494629, 23.38309669494629, 0.0, 23.38309669494629, 23.38309669494629, 0.0, -23.38309669494629, -23.38309669494629, 0.0, -23.38309669494629], 'PLYMesh_1.vertex_positions': [0.06771976500749588, 2.719545364379883, 2.2474188804626465, 0.07067764550447464, 2.7316184043884277, .. 486902 skipped .., 1.834144949913025, 1.140721082687378, 1.3816357851028442, 1.8345913887023926, 1.1410837173461914]}
Iteration 11
	total loss= 0.005727
Current scene parameters:
 	{'mat-PlaneBsdf.brdf_0.reflectance.color0.value': [[0.4000000059604645, 0.4000000059604645, 0.4000000059604645]], 'mat-PlaneBsdf.brdf_0.reflectance.color1.value': [[0.20000000298023224, 0.20000000298023224, 0.20000000298023224]], 'mat-ObjectBsdf.eta': [1.5435724258422852], 'mat-ObjectBsdf.alpha.value': [0.024040769785642624], 'medium1.albedo.data': TensorXf(shape=(16, 16, 16, 3)), 'medium1.sigma_t.value.value': [0.400992751121521], 'emitter-envmap.scale': [1.0], 'PLYMesh.vertex_positions': [-23.38309669494629, 0.0, 23.38309669494629, 23.38309669494629, 0.0, 23.38309669494629, 23.38309669494629, 0.0, -23.38309669494629, -23.38309669494629, 0.0, -23.38309669494629], 'PLYMesh_1.vertex_positions': [0.06771976500749588, 2.719545364379883, 2.2474188804626465, 0.07067764550447464, 2.7316184043884277, .. 486902 skipped .., 1.834144949913025, 1.140721082687378, 1.3816357851028442, 1.8345913887023926, 1.1410837173461914]}
Iteration 12
	total loss= 0.013289
Current scene parameters:
 	{'mat-PlaneBsdf.brdf_0.reflectance.color0.value': [[0.4000000059604645, 0.4000000059604645, 0.4000000059604645]], 'mat-PlaneBsdf.brdf_0.reflectance.color1.value': [[0.20000000298023224, 0.20000000298023224, 0.20000000298023224]], 'mat-ObjectBsdf.eta': [1.5435724258422852], 'mat-ObjectBsdf.alpha.value': [0.04289190471172333], 'medium1.albedo.data': TensorXf(shape=(16, 16, 16, 3)), 'medium1.sigma_t.value.value': [0.4307669997215271], 'emitter-envmap.scale': [1.0], 'PLYMesh.vertex_positions': [-23.38309669494629, 0.0, 23.38309669494629, 23.38309669494629, 0.0, 23.38309669494629, 23.38309669494629, 0.0, -23.38309669494629, -23.38309669494629, 0.0, -23.38309669494629], 'PLYMesh_1.vertex_positions': [0.06771976500749588, 2.719545364379883, 2.2474188804626465, 0.07067764550447464, 2.7316184043884277, .. 486902 skipped .., 1.834144949913025, 1.140721082687378, 1.3816357851028442, 1.8345913887023926, 1.1410837173461914]}
Iteration 13
	total loss= 0.012201
Current scene parameters:
 	{'mat-PlaneBsdf.brdf_0.reflectance.color0.value': [[0.4000000059604645, 0.4000000059604645, 0.4000000059604645]], 'mat-PlaneBsdf.brdf_0.reflectance.color1.value': [[0.20000000298023224, 0.20000000298023224, 0.20000000298023224]], 'mat-ObjectBsdf.eta': [1.5435724258422852], 'mat-ObjectBsdf.alpha.value': [0.022366292774677277], 'medium1.albedo.data': TensorXf(shape=(16, 16, 16, 3)), 'medium1.sigma_t.value.value': [0.4465995728969574], 'emitter-envmap.scale': [1.0], 'PLYMesh.vertex_positions': [-23.38309669494629, 0.0, 23.38309669494629, 23.38309669494629, 0.0, 23.38309669494629, 23.38309669494629, 0.0, -23.38309669494629, -23.38309669494629, 0.0, -23.38309669494629], 'PLYMesh_1.vertex_positions': [0.06771976500749588, 2.719545364379883, 2.2474188804626465, 0.07067764550447464, 2.7316184043884277, .. 486902 skipped .., 1.834144949913025, 1.140721082687378, 1.3816357851028442, 1.8345913887023926, 1.1410837173461914]}
Iteration 14
	total loss= 0.003580
Current scene parameters:
 	{'mat-PlaneBsdf.brdf_0.reflectance.color0.value': [[0.4000000059604645, 0.4000000059604645, 0.4000000059604645]], 'mat-PlaneBsdf.brdf_0.reflectance.color1.value': [[0.20000000298023224, 0.20000000298023224, 0.20000000298023224]], 'mat-ObjectBsdf.eta': [1.5435724258422852], 'mat-ObjectBsdf.alpha.value': [0.0014584010932594538], 'medium1.albedo.data': TensorXf(shape=(16, 16, 16, 3)), 'medium1.sigma_t.value.value': [0.4468356668949127], 'emitter-envmap.scale': [1.0], 'PLYMesh.vertex_positions': [-23.38309669494629, 0.0, 23.38309669494629, 23.38309669494629, 0.0, 23.38309669494629, 23.38309669494629, 0.0, -23.38309669494629, -23.38309669494629, 0.0, -23.38309669494629], 'PLYMesh_1.vertex_positions': [0.06771976500749588, 2.719545364379883, 2.2474188804626465, 0.07067764550447464, 2.7316184043884277, .. 486902 skipped .., 1.834144949913025, 1.140721082687378, 1.3816357851028442, 1.8345913887023926, 1.1410837173461914]}
Iteration 15
	total loss= 0.004899
Current scene parameters:
 	{'mat-PlaneBsdf.brdf_0.reflectance.color0.value': [[0.4000000059604645, 0.4000000059604645, 0.4000000059604645]], 'mat-PlaneBsdf.brdf_0.reflectance.color1.value': [[0.20000000298023224, 0.20000000298023224, 0.20000000298023224]], 'mat-ObjectBsdf.eta': [1.5435724258422852], 'mat-ObjectBsdf.alpha.value': [0.0010000000474974513], 'medium1.albedo.data': TensorXf(shape=(16, 16, 16, 3)), 'medium1.sigma_t.value.value': [0.43244898319244385], 'emitter-envmap.scale': [1.0], 'PLYMesh.vertex_positions': [-23.38309669494629, 0.0, 23.38309669494629, 23.38309669494629, 0.0, 23.38309669494629, 23.38309669494629, 0.0, -23.38309669494629, -23.38309669494629, 0.0, -23.38309669494629], 'PLYMesh_1.vertex_positions': [0.06771976500749588, 2.719545364379883, 2.2474188804626465, 0.07067764550447464, 2.7316184043884277, .. 486902 skipped .., 1.834144949913025, 1.140721082687378, 1.3816357851028442, 1.8345913887023926, 1.1410837173461914]}
Iteration 16
	total loss= 0.005147
Current scene parameters:
 	{'mat-PlaneBsdf.brdf_0.reflectance.color0.value': [[0.4000000059604645, 0.4000000059604645, 0.4000000059604645]], 'mat-PlaneBsdf.brdf_0.reflectance.color1.value': [[0.20000000298023224, 0.20000000298023224, 0.20000000298023224]], 'mat-ObjectBsdf.eta': [1.5435724258422852], 'mat-ObjectBsdf.alpha.value': [0.002600262640044093], 'medium1.albedo.data': TensorXf(shape=(16, 16, 16, 3)), 'medium1.sigma_t.value.value': [0.40403684973716736], 'emitter-envmap.scale': [1.0], 'PLYMesh.vertex_positions': [-23.38309669494629, 0.0, 23.38309669494629, 23.38309669494629, 0.0, 23.38309669494629, 23.38309669494629, 0.0, -23.38309669494629, -23.38309669494629, 0.0, -23.38309669494629], 'PLYMesh_1.vertex_positions': [0.06771976500749588, 2.719545364379883, 2.2474188804626465, 0.07067764550447464, 2.7316184043884277, .. 486902 skipped .., 1.834144949913025, 1.140721082687378, 1.3816357851028442, 1.8345913887023926, 1.1410837173461914]}
Iteration 17
	total loss= 0.004774
Current scene parameters:
 	{'mat-PlaneBsdf.brdf_0.reflectance.color0.value': [[0.4000000059604645, 0.4000000059604645, 0.4000000059604645]], 'mat-PlaneBsdf.brdf_0.reflectance.color1.value': [[0.20000000298023224, 0.20000000298023224, 0.20000000298023224]], 'mat-ObjectBsdf.eta': [1.5435724258422852], 'mat-ObjectBsdf.alpha.value': [0.008451673202216625], 'medium1.albedo.data': TensorXf(shape=(16, 16, 16, 3)), 'medium1.sigma_t.value.value': [0.3688278794288635], 'emitter-envmap.scale': [1.0], 'PLYMesh.vertex_positions': [-23.38309669494629, 0.0, 23.38309669494629, 23.38309669494629, 0.0, 23.38309669494629, 23.38309669494629, 0.0, -23.38309669494629, -23.38309669494629, 0.0, -23.38309669494629], 'PLYMesh_1.vertex_positions': [0.06771976500749588, 2.719545364379883, 2.2474188804626465, 0.07067764550447464, 2.7316184043884277, .. 486902 skipped .., 1.834144949913025, 1.140721082687378, 1.3816357851028442, 1.8345913887023926, 1.1410837173461914]}
Iteration 18
	total loss= 0.002974
Current scene parameters:
 	{'mat-PlaneBsdf.brdf_0.reflectance.color0.value': [[0.4000000059604645, 0.4000000059604645, 0.4000000059604645]], 'mat-PlaneBsdf.brdf_0.reflectance.color1.value': [[0.20000000298023224, 0.20000000298023224, 0.20000000298023224]], 'mat-ObjectBsdf.eta': [1.5435724258422852], 'mat-ObjectBsdf.alpha.value': [0.015925070270895958], 'medium1.albedo.data': TensorXf(shape=(16, 16, 16, 3)), 'medium1.sigma_t.value.value': [0.3407951295375824], 'emitter-envmap.scale': [1.0], 'PLYMesh.vertex_positions': [-23.38309669494629, 0.0, 23.38309669494629, 23.38309669494629, 0.0, 23.38309669494629, 23.38309669494629, 0.0, -23.38309669494629, -23.38309669494629, 0.0, -23.38309669494629], 'PLYMesh_1.vertex_positions': [0.06771976500749588, 2.719545364379883, 2.2474188804626465, 0.07067764550447464, 2.7316184043884277, .. 486902 skipped .., 1.834144949913025, 1.140721082687378, 1.3816357851028442, 1.8345913887023926, 1.1410837173461914]}
Iteration 19
	total loss= 0.003653
Current scene parameters:
 	{'mat-PlaneBsdf.brdf_0.reflectance.color0.value': [[0.4000000059604645, 0.4000000059604645, 0.4000000059604645]], 'mat-PlaneBsdf.brdf_0.reflectance.color1.value': [[0.20000000298023224, 0.20000000298023224, 0.20000000298023224]], 'mat-ObjectBsdf.eta': [1.5435724258422852], 'mat-ObjectBsdf.alpha.value': [0.012667506001889706], 'medium1.albedo.data': TensorXf(shape=(16, 16, 16, 3)), 'medium1.sigma_t.value.value': [0.329834908246994], 'emitter-envmap.scale': [1.0], 'PLYMesh.vertex_positions': [-23.38309669494629, 0.0, 23.38309669494629, 23.38309669494629, 0.0, 23.38309669494629, 23.38309669494629, 0.0, -23.38309669494629, -23.38309669494629, 0.0, -23.38309669494629], 'PLYMesh_1.vertex_positions': [0.06771976500749588, 2.719545364379883, 2.2474188804626465, 0.07067764550447464, 2.7316184043884277, .. 486902 skipped .., 1.834144949913025, 1.140721082687378, 1.3816357851028442, 1.8345913887023926, 1.1410837173461914]}
Iteration 20
	total loss= 0.002889
Current scene parameters:
 	{'mat-PlaneBsdf.brdf_0.reflectance.color0.value': [[0.4000000059604645, 0.4000000059604645, 0.4000000059604645]], 'mat-PlaneBsdf.brdf_0.reflectance.color1.value': [[0.20000000298023224, 0.20000000298023224, 0.20000000298023224]], 'mat-ObjectBsdf.eta': [1.5435724258422852], 'mat-ObjectBsdf.alpha.value': [0.008009016513824463], 'medium1.albedo.data': TensorXf(shape=(16, 16, 16, 3)), 'medium1.sigma_t.value.value': [0.33345842361450195], 'emitter-envmap.scale': [1.0], 'PLYMesh.vertex_positions': [-23.38309669494629, 0.0, 23.38309669494629, 23.38309669494629, 0.0, 23.38309669494629, 23.38309669494629, 0.0, -23.38309669494629, -23.38309669494629, 0.0, -23.38309669494629], 'PLYMesh_1.vertex_positions': [0.06771976500749588, 2.719545364379883, 2.2474188804626465, 0.07067764550447464, 2.7316184043884277, .. 486902 skipped .., 1.834144949913025, 1.140721082687378, 1.3816357851028442, 1.8345913887023926, 1.1410837173461914]}
Iteration 21
	total loss= 0.002608
Current scene parameters:
 	{'mat-PlaneBsdf.brdf_0.reflectance.color0.value': [[0.4000000059604645, 0.4000000059604645, 0.4000000059604645]], 'mat-PlaneBsdf.brdf_0.reflectance.color1.value': [[0.20000000298023224, 0.20000000298023224, 0.20000000298023224]], 'mat-ObjectBsdf.eta': [1.5435724258422852], 'mat-ObjectBsdf.alpha.value': [0.0139864357188344], 'medium1.albedo.data': TensorXf(shape=(16, 16, 16, 3)), 'medium1.sigma_t.value.value': [0.34539830684661865], 'emitter-envmap.scale': [1.0], 'PLYMesh.vertex_positions': [-23.38309669494629, 0.0, 23.38309669494629, 23.38309669494629, 0.0, 23.38309669494629, 23.38309669494629, 0.0, -23.38309669494629, -23.38309669494629, 0.0, -23.38309669494629], 'PLYMesh_1.vertex_positions': [0.06771976500749588, 2.719545364379883, 2.2474188804626465, 0.07067764550447464, 2.7316184043884277, .. 486902 skipped .., 1.834144949913025, 1.140721082687378, 1.3816357851028442, 1.8345913887023926, 1.1410837173461914]}
Iteration 22
	total loss= 0.003386
Current scene parameters:
 	{'mat-PlaneBsdf.brdf_0.reflectance.color0.value': [[0.4000000059604645, 0.4000000059604645, 0.4000000059604645]], 'mat-PlaneBsdf.brdf_0.reflectance.color1.value': [[0.20000000298023224, 0.20000000298023224, 0.20000000298023224]], 'mat-ObjectBsdf.eta': [1.5435724258422852], 'mat-ObjectBsdf.alpha.value': [0.015219402499496937], 'medium1.albedo.data': TensorXf(shape=(16, 16, 16, 3)), 'medium1.sigma_t.value.value': [0.35915607213974], 'emitter-envmap.scale': [1.0], 'PLYMesh.vertex_positions': [-23.38309669494629, 0.0, 23.38309669494629, 23.38309669494629, 0.0, 23.38309669494629, 23.38309669494629, 0.0, -23.38309669494629, -23.38309669494629, 0.0, -23.38309669494629], 'PLYMesh_1.vertex_positions': [0.06771976500749588, 2.719545364379883, 2.2474188804626465, 0.07067764550447464, 2.7316184043884277, .. 486902 skipped .., 1.834144949913025, 1.140721082687378, 1.3816357851028442, 1.8345913887023926, 1.1410837173461914]}
Iteration 23
	total loss= 0.002783
Current scene parameters:
 	{'mat-PlaneBsdf.brdf_0.reflectance.color0.value': [[0.4000000059604645, 0.4000000059604645, 0.4000000059604645]], 'mat-PlaneBsdf.brdf_0.reflectance.color1.value': [[0.20000000298023224, 0.20000000298023224, 0.20000000298023224]], 'mat-ObjectBsdf.eta': [1.5435724258422852], 'mat-ObjectBsdf.alpha.value': [0.008480901829898357], 'medium1.albedo.data': TensorXf(shape=(16, 16, 16, 3)), 'medium1.sigma_t.value.value': [0.3708440959453583], 'emitter-envmap.scale': [1.0], 'PLYMesh.vertex_positions': [-23.38309669494629, 0.0, 23.38309669494629, 23.38309669494629, 0.0, 23.38309669494629, 23.38309669494629, 0.0, -23.38309669494629, -23.38309669494629, 0.0, -23.38309669494629], 'PLYMesh_1.vertex_positions': [0.06771976500749588, 2.719545364379883, 2.2474188804626465, 0.07067764550447464, 2.7316184043884277, .. 486902 skipped .., 1.834144949913025, 1.140721082687378, 1.3816357851028442, 1.8345913887023926, 1.1410837173461914]}
Iteration 24
	total loss= 0.004110
Current scene parameters:
 	{'mat-PlaneBsdf.brdf_0.reflectance.color0.value': [[0.4000000059604645, 0.4000000059604645, 0.4000000059604645]], 'mat-PlaneBsdf.brdf_0.reflectance.color1.value': [[0.20000000298023224, 0.20000000298023224, 0.20000000298023224]], 'mat-ObjectBsdf.eta': [1.5435724258422852], 'mat-ObjectBsdf.alpha.value': [0.010000884532928467], 'medium1.albedo.data': TensorXf(shape=(16, 16, 16, 3)), 'medium1.sigma_t.value.value': [0.3714253306388855], 'emitter-envmap.scale': [1.0], 'PLYMesh.vertex_positions': [-23.38309669494629, 0.0, 23.38309669494629, 23.38309669494629, 0.0, 23.38309669494629, 23.38309669494629, 0.0, -23.38309669494629, -23.38309669494629, 0.0, -23.38309669494629], 'PLYMesh_1.vertex_positions': [0.06771976500749588, 2.719545364379883, 2.2474188804626465, 0.07067764550447464, 2.7316184043884277, .. 486902 skipped .., 1.834144949913025, 1.140721082687378, 1.3816357851028442, 1.8345913887023926, 1.1410837173461914]}
Iteration 25
	total loss= 0.004110
Current scene parameters:
 	{'mat-PlaneBsdf.brdf_0.reflectance.color0.value': [[0.4000000059604645, 0.4000000059604645, 0.4000000059604645]], 'mat-PlaneBsdf.brdf_0.reflectance.color1.value': [[0.20000000298023224, 0.20000000298023224, 0.20000000298023224]], 'mat-ObjectBsdf.eta': [1.5435724258422852], 'mat-ObjectBsdf.alpha.value': [0.021792061626911163], 'medium1.albedo.data': TensorXf(shape=(16, 16, 16, 3)), 'medium1.sigma_t.value.value': [0.36523789167404175], 'emitter-envmap.scale': [1.0], 'PLYMesh.vertex_positions': [-23.38309669494629, 0.0, 23.38309669494629, 23.38309669494629, 0.0, 23.38309669494629, 23.38309669494629, 0.0, -23.38309669494629, -23.38309669494629, 0.0, -23.38309669494629], 'PLYMesh_1.vertex_positions': [0.06771976500749588, 2.719545364379883, 2.2474188804626465, 0.07067764550447464, 2.7316184043884277, .. 486902 skipped .., 1.834144949913025, 1.140721082687378, 1.3816357851028442, 1.8345913887023926, 1.1410837173461914]}
Iteration 26
	total loss= 0.004924
Current scene parameters:
 	{'mat-PlaneBsdf.brdf_0.reflectance.color0.value': [[0.4000000059604645, 0.4000000059604645, 0.4000000059604645]], 'mat-PlaneBsdf.brdf_0.reflectance.color1.value': [[0.20000000298023224, 0.20000000298023224, 0.20000000298023224]], 'mat-ObjectBsdf.eta': [1.5435724258422852], 'mat-ObjectBsdf.alpha.value': [0.01564078778028488], 'medium1.albedo.data': TensorXf(shape=(16, 16, 16, 3)), 'medium1.sigma_t.value.value': [0.3597269654273987], 'emitter-envmap.scale': [1.0], 'PLYMesh.vertex_positions': [-23.38309669494629, 0.0, 23.38309669494629, 23.38309669494629, 0.0, 23.38309669494629, 23.38309669494629, 0.0, -23.38309669494629, -23.38309669494629, 0.0, -23.38309669494629], 'PLYMesh_1.vertex_positions': [0.06771976500749588, 2.719545364379883, 2.2474188804626465, 0.07067764550447464, 2.7316184043884277, .. 486902 skipped .., 1.834144949913025, 1.140721082687378, 1.3816357851028442, 1.8345913887023926, 1.1410837173461914]}
Iteration 27
	total loss= 0.002525
Current scene parameters:
 	{'mat-PlaneBsdf.brdf_0.reflectance.color0.value': [[0.4000000059604645, 0.4000000059604645, 0.4000000059604645]], 'mat-PlaneBsdf.brdf_0.reflectance.color1.value': [[0.20000000298023224, 0.20000000298023224, 0.20000000298023224]], 'mat-ObjectBsdf.eta': [1.5435724258422852], 'mat-ObjectBsdf.alpha.value': [0.0063858130015432835], 'medium1.albedo.data': TensorXf(shape=(16, 16, 16, 3)), 'medium1.sigma_t.value.value': [0.35229501128196716], 'emitter-envmap.scale': [1.0], 'PLYMesh.vertex_positions': [-23.38309669494629, 0.0, 23.38309669494629, 23.38309669494629, 0.0, 23.38309669494629, 23.38309669494629, 0.0, -23.38309669494629, -23.38309669494629, 0.0, -23.38309669494629], 'PLYMesh_1.vertex_positions': [0.06771976500749588, 2.719545364379883, 2.2474188804626465, 0.07067764550447464, 2.7316184043884277, .. 486902 skipped .., 1.834144949913025, 1.140721082687378, 1.3816357851028442, 1.8345913887023926, 1.1410837173461914]}
Iteration 28
	total loss= 0.003626
Current scene parameters:
 	{'mat-PlaneBsdf.brdf_0.reflectance.color0.value': [[0.4000000059604645, 0.4000000059604645, 0.4000000059604645]], 'mat-PlaneBsdf.brdf_0.reflectance.color1.value': [[0.20000000298023224, 0.20000000298023224, 0.20000000298023224]], 'mat-ObjectBsdf.eta': [1.5435724258422852], 'mat-ObjectBsdf.alpha.value': [0.011220076121389866], 'medium1.albedo.data': TensorXf(shape=(16, 16, 16, 3)), 'medium1.sigma_t.value.value': [0.34266701340675354], 'emitter-envmap.scale': [1.0], 'PLYMesh.vertex_positions': [-23.38309669494629, 0.0, 23.38309669494629, 23.38309669494629, 0.0, 23.38309669494629, 23.38309669494629, 0.0, -23.38309669494629, -23.38309669494629, 0.0, -23.38309669494629], 'PLYMesh_1.vertex_positions': [0.06771976500749588, 2.719545364379883, 2.2474188804626465, 0.07067764550447464, 2.7316184043884277, .. 486902 skipped .., 1.834144949913025, 1.140721082687378, 1.3816357851028442, 1.8345913887023926, 1.1410837173461914]}
Iteration 29
	total loss= 0.003448
Current scene parameters:
 	{'mat-PlaneBsdf.brdf_0.reflectance.color0.value': [[0.4000000059604645, 0.4000000059604645, 0.4000000059604645]], 'mat-PlaneBsdf.brdf_0.reflectance.color1.value': [[0.20000000298023224, 0.20000000298023224, 0.20000000298023224]], 'mat-ObjectBsdf.eta': [1.5435724258422852], 'mat-ObjectBsdf.alpha.value': [0.01579015702009201], 'medium1.albedo.data': TensorXf(shape=(16, 16, 16, 3)), 'medium1.sigma_t.value.value': [0.3360096216201782], 'emitter-envmap.scale': [1.0], 'PLYMesh.vertex_positions': [-23.38309669494629, 0.0, 23.38309669494629, 23.38309669494629, 0.0, 23.38309669494629, 23.38309669494629, 0.0, -23.38309669494629, -23.38309669494629, 0.0, -23.38309669494629], 'PLYMesh_1.vertex_positions': [0.06771976500749588, 2.719545364379883, 2.2474188804626465, 0.07067764550447464, 2.7316184043884277, .. 486902 skipped .., 1.834144949913025, 1.140721082687378, 1.3816357851028442, 1.8345913887023926, 1.1410837173461914]}
Iteration 30
	total loss= 0.003187
Current scene parameters:
 	{'mat-PlaneBsdf.brdf_0.reflectance.color0.value': [[0.4000000059604645, 0.4000000059604645, 0.4000000059604645]], 'mat-PlaneBsdf.brdf_0.reflectance.color1.value': [[0.20000000298023224, 0.20000000298023224, 0.20000000298023224]], 'mat-ObjectBsdf.eta': [1.5435724258422852], 'mat-ObjectBsdf.alpha.value': [0.007491847965866327], 'medium1.albedo.data': TensorXf(shape=(16, 16, 16, 3)), 'medium1.sigma_t.value.value': [0.33198368549346924], 'emitter-envmap.scale': [1.0], 'PLYMesh.vertex_positions': [-23.38309669494629, 0.0, 23.38309669494629, 23.38309669494629, 0.0, 23.38309669494629, 23.38309669494629, 0.0, -23.38309669494629, -23.38309669494629, 0.0, -23.38309669494629], 'PLYMesh_1.vertex_positions': [0.06771976500749588, 2.719545364379883, 2.2474188804626465, 0.07067764550447464, 2.7316184043884277, .. 486902 skipped .., 1.834144949913025, 1.140721082687378, 1.3816357851028442, 1.8345913887023926, 1.1410837173461914]}
Iteration 31
	total loss= 0.004328
Current scene parameters:
 	{'mat-PlaneBsdf.brdf_0.reflectance.color0.value': [[0.4000000059604645, 0.4000000059604645, 0.4000000059604645]], 'mat-PlaneBsdf.brdf_0.reflectance.color1.value': [[0.20000000298023224, 0.20000000298023224, 0.20000000298023224]], 'mat-ObjectBsdf.eta': [1.5435724258422852], 'mat-ObjectBsdf.alpha.value': [0.015068097040057182], 'medium1.albedo.data': TensorXf(shape=(16, 16, 16, 3)), 'medium1.sigma_t.value.value': [0.3309776186943054], 'emitter-envmap.scale': [1.0], 'PLYMesh.vertex_positions': [-23.38309669494629, 0.0, 23.38309669494629, 23.38309669494629, 0.0, 23.38309669494629, 23.38309669494629, 0.0, -23.38309669494629, -23.38309669494629, 0.0, -23.38309669494629], 'PLYMesh_1.vertex_positions': [0.06771976500749588, 2.719545364379883, 2.2474188804626465, 0.07067764550447464, 2.7316184043884277, .. 486902 skipped .., 1.834144949913025, 1.140721082687378, 1.3816357851028442, 1.8345913887023926, 1.1410837173461914]}
Iteration 32
	total loss= 0.004722
Current scene parameters:
 	{'mat-PlaneBsdf.brdf_0.reflectance.color0.value': [[0.4000000059604645, 0.4000000059604645, 0.4000000059604645]], 'mat-PlaneBsdf.brdf_0.reflectance.color1.value': [[0.20000000298023224, 0.20000000298023224, 0.20000000298023224]], 'mat-ObjectBsdf.eta': [1.5435724258422852], 'mat-ObjectBsdf.alpha.value': [0.02296692132949829], 'medium1.albedo.data': TensorXf(shape=(16, 16, 16, 3)), 'medium1.sigma_t.value.value': [0.34202849864959717], 'emitter-envmap.scale': [1.0], 'PLYMesh.vertex_positions': [-23.38309669494629, 0.0, 23.38309669494629, 23.38309669494629, 0.0, 23.38309669494629, 23.38309669494629, 0.0, -23.38309669494629, -23.38309669494629, 0.0, -23.38309669494629], 'PLYMesh_1.vertex_positions': [0.06771976500749588, 2.719545364379883, 2.2474188804626465, 0.07067764550447464, 2.7316184043884277, .. 486902 skipped .., 1.834144949913025, 1.140721082687378, 1.3816357851028442, 1.8345913887023926, 1.1410837173461914]}
Iteration 33
	total loss= 0.004324
Current scene parameters:
 	{'mat-PlaneBsdf.brdf_0.reflectance.color0.value': [[0.4000000059604645, 0.4000000059604645, 0.4000000059604645]], 'mat-PlaneBsdf.brdf_0.reflectance.color1.value': [[0.20000000298023224, 0.20000000298023224, 0.20000000298023224]], 'mat-ObjectBsdf.eta': [1.5435724258422852], 'mat-ObjectBsdf.alpha.value': [0.013430444523692131], 'medium1.albedo.data': TensorXf(shape=(16, 16, 16, 3)), 'medium1.sigma_t.value.value': [0.3535481095314026], 'emitter-envmap.scale': [1.0], 'PLYMesh.vertex_positions': [-23.38309669494629, 0.0, 23.38309669494629, 23.38309669494629, 0.0, 23.38309669494629, 23.38309669494629, 0.0, -23.38309669494629, -23.38309669494629, 0.0, -23.38309669494629], 'PLYMesh_1.vertex_positions': [0.06771976500749588, 2.719545364379883, 2.2474188804626465, 0.07067764550447464, 2.7316184043884277, .. 486902 skipped .., 1.834144949913025, 1.140721082687378, 1.3816357851028442, 1.8345913887023926, 1.1410837173461914]}
Iteration 34
	total loss= 0.002699
Current scene parameters:
 	{'mat-PlaneBsdf.brdf_0.reflectance.color0.value': [[0.4000000059604645, 0.4000000059604645, 0.4000000059604645]], 'mat-PlaneBsdf.brdf_0.reflectance.color1.value': [[0.20000000298023224, 0.20000000298023224, 0.20000000298023224]], 'mat-ObjectBsdf.eta': [1.5435724258422852], 'mat-ObjectBsdf.alpha.value': [0.006879133637994528], 'medium1.albedo.data': TensorXf(shape=(16, 16, 16, 3)), 'medium1.sigma_t.value.value': [0.3566474914550781], 'emitter-envmap.scale': [1.0], 'PLYMesh.vertex_positions': [-23.38309669494629, 0.0, 23.38309669494629, 23.38309669494629, 0.0, 23.38309669494629, 23.38309669494629, 0.0, -23.38309669494629, -23.38309669494629, 0.0, -23.38309669494629], 'PLYMesh_1.vertex_positions': [0.06771976500749588, 2.719545364379883, 2.2474188804626465, 0.07067764550447464, 2.7316184043884277, .. 486902 skipped .., 1.834144949913025, 1.140721082687378, 1.3816357851028442, 1.8345913887023926, 1.1410837173461914]}
Iteration 35
	total loss= 0.002751
Current scene parameters:
 	{'mat-PlaneBsdf.brdf_0.reflectance.color0.value': [[0.4000000059604645, 0.4000000059604645, 0.4000000059604645]], 'mat-PlaneBsdf.brdf_0.reflectance.color1.value': [[0.20000000298023224, 0.20000000298023224, 0.20000000298023224]], 'mat-ObjectBsdf.eta': [1.5435724258422852], 'mat-ObjectBsdf.alpha.value': [0.00964406505227089], 'medium1.albedo.data': TensorXf(shape=(16, 16, 16, 3)), 'medium1.sigma_t.value.value': [0.3497106432914734], 'emitter-envmap.scale': [1.0], 'PLYMesh.vertex_positions': [-23.38309669494629, 0.0, 23.38309669494629, 23.38309669494629, 0.0, 23.38309669494629, 23.38309669494629, 0.0, -23.38309669494629, -23.38309669494629, 0.0, -23.38309669494629], 'PLYMesh_1.vertex_positions': [0.06771976500749588, 2.719545364379883, 2.2474188804626465, 0.07067764550447464, 2.7316184043884277, .. 486902 skipped .., 1.834144949913025, 1.140721082687378, 1.3816357851028442, 1.8345913887023926, 1.1410837173461914]}
Iteration 36
	total loss= 0.002860
Current scene parameters:
 	{'mat-PlaneBsdf.brdf_0.reflectance.color0.value': [[0.4000000059604645, 0.4000000059604645, 0.4000000059604645]], 'mat-PlaneBsdf.brdf_0.reflectance.color1.value': [[0.20000000298023224, 0.20000000298023224, 0.20000000298023224]], 'mat-ObjectBsdf.eta': [1.5435724258422852], 'mat-ObjectBsdf.alpha.value': [0.008660619147121906], 'medium1.albedo.data': TensorXf(shape=(16, 16, 16, 3)), 'medium1.sigma_t.value.value': [0.34430259466171265], 'emitter-envmap.scale': [1.0], 'PLYMesh.vertex_positions': [-23.38309669494629, 0.0, 23.38309669494629, 23.38309669494629, 0.0, 23.38309669494629, 23.38309669494629, 0.0, -23.38309669494629, -23.38309669494629, 0.0, -23.38309669494629], 'PLYMesh_1.vertex_positions': [0.06771976500749588, 2.719545364379883, 2.2474188804626465, 0.07067764550447464, 2.7316184043884277, .. 486902 skipped .., 1.834144949913025, 1.140721082687378, 1.3816357851028442, 1.8345913887023926, 1.1410837173461914]}
Iteration 37
	total loss= 0.002774
Current scene parameters:
 	{'mat-PlaneBsdf.brdf_0.reflectance.color0.value': [[0.4000000059604645, 0.4000000059604645, 0.4000000059604645]], 'mat-PlaneBsdf.brdf_0.reflectance.color1.value': [[0.20000000298023224, 0.20000000298023224, 0.20000000298023224]], 'mat-ObjectBsdf.eta': [1.5435724258422852], 'mat-ObjectBsdf.alpha.value': [0.010504987090826035], 'medium1.albedo.data': TensorXf(shape=(16, 16, 16, 3)), 'medium1.sigma_t.value.value': [0.3397098183631897], 'emitter-envmap.scale': [1.0], 'PLYMesh.vertex_positions': [-23.38309669494629, 0.0, 23.38309669494629, 23.38309669494629, 0.0, 23.38309669494629, 23.38309669494629, 0.0, -23.38309669494629, -23.38309669494629, 0.0, -23.38309669494629], 'PLYMesh_1.vertex_positions': [0.06771976500749588, 2.719545364379883, 2.2474188804626465, 0.07067764550447464, 2.7316184043884277, .. 486902 skipped .., 1.834144949913025, 1.140721082687378, 1.3816357851028442, 1.8345913887023926, 1.1410837173461914]}
Iteration 38
	total loss= 0.002963
Current scene parameters:
 	{'mat-PlaneBsdf.brdf_0.reflectance.color0.value': [[0.4000000059604645, 0.4000000059604645, 0.4000000059604645]], 'mat-PlaneBsdf.brdf_0.reflectance.color1.value': [[0.20000000298023224, 0.20000000298023224, 0.20000000298023224]], 'mat-ObjectBsdf.eta': [1.5435724258422852], 'mat-ObjectBsdf.alpha.value': [0.012181698344647884], 'medium1.albedo.data': TensorXf(shape=(16, 16, 16, 3)), 'medium1.sigma_t.value.value': [0.3358241319656372], 'emitter-envmap.scale': [1.0], 'PLYMesh.vertex_positions': [-23.38309669494629, 0.0, 23.38309669494629, 23.38309669494629, 0.0, 23.38309669494629, 23.38309669494629, 0.0, -23.38309669494629, -23.38309669494629, 0.0, -23.38309669494629], 'PLYMesh_1.vertex_positions': [0.06771976500749588, 2.719545364379883, 2.2474188804626465, 0.07067764550447464, 2.7316184043884277, .. 486902 skipped .., 1.834144949913025, 1.140721082687378, 1.3816357851028442, 1.8345913887023926, 1.1410837173461914]}
Iteration 39
	total loss= 0.003019
Current scene parameters:
 	{'mat-PlaneBsdf.brdf_0.reflectance.color0.value': [[0.4000000059604645, 0.4000000059604645, 0.4000000059604645]], 'mat-PlaneBsdf.brdf_0.reflectance.color1.value': [[0.20000000298023224, 0.20000000298023224, 0.20000000298023224]], 'mat-ObjectBsdf.eta': [1.5435724258422852], 'mat-ObjectBsdf.alpha.value': [0.008183636702597141], 'medium1.albedo.data': TensorXf(shape=(16, 16, 16, 3)), 'medium1.sigma_t.value.value': [0.3374238908290863], 'emitter-envmap.scale': [1.0], 'PLYMesh.vertex_positions': [-23.38309669494629, 0.0, 23.38309669494629, 23.38309669494629, 0.0, 23.38309669494629, 23.38309669494629, 0.0, -23.38309669494629, -23.38309669494629, 0.0, -23.38309669494629], 'PLYMesh_1.vertex_positions': [0.06771976500749588, 2.719545364379883, 2.2474188804626465, 0.07067764550447464, 2.7316184043884277, .. 486902 skipped .., 1.834144949913025, 1.140721082687378, 1.3816357851028442, 1.8345913887023926, 1.1410837173461914]}
Iteration 40
	total loss= 0.003163
Current scene parameters:
 	{'mat-PlaneBsdf.brdf_0.reflectance.color0.value': [[0.4000000059604645, 0.4000000059604645, 0.4000000059604645]], 'mat-PlaneBsdf.brdf_0.reflectance.color1.value': [[0.20000000298023224, 0.20000000298023224, 0.20000000298023224]], 'mat-ObjectBsdf.eta': [1.5435724258422852], 'mat-ObjectBsdf.alpha.value': [0.00532586919143796], 'medium1.albedo.data': TensorXf(shape=(16, 16, 16, 3)), 'medium1.sigma_t.value.value': [0.34153151512145996], 'emitter-envmap.scale': [1.0], 'PLYMesh.vertex_positions': [-23.38309669494629, 0.0, 23.38309669494629, 23.38309669494629, 0.0, 23.38309669494629, 23.38309669494629, 0.0, -23.38309669494629, -23.38309669494629, 0.0, -23.38309669494629], 'PLYMesh_1.vertex_positions': [0.06771976500749588, 2.719545364379883, 2.2474188804626465, 0.07067764550447464, 2.7316184043884277, .. 486902 skipped .., 1.834144949913025, 1.140721082687378, 1.3816357851028442, 1.8345913887023926, 1.1410837173461914]}
Iteration 41
	total loss= 0.002952
Current scene parameters:
 	{'mat-PlaneBsdf.brdf_0.reflectance.color0.value': [[0.4000000059604645, 0.4000000059604645, 0.4000000059604645]], 'mat-PlaneBsdf.brdf_0.reflectance.color1.value': [[0.20000000298023224, 0.20000000298023224, 0.20000000298023224]], 'mat-ObjectBsdf.eta': [1.5435724258422852], 'mat-ObjectBsdf.alpha.value': [0.00994674488902092], 'medium1.albedo.data': TensorXf(shape=(16, 16, 16, 3)), 'medium1.sigma_t.value.value': [0.3475305438041687], 'emitter-envmap.scale': [1.0], 'PLYMesh.vertex_positions': [-23.38309669494629, 0.0, 23.38309669494629, 23.38309669494629, 0.0, 23.38309669494629, 23.38309669494629, 0.0, -23.38309669494629, -23.38309669494629, 0.0, -23.38309669494629], 'PLYMesh_1.vertex_positions': [0.06771976500749588, 2.719545364379883, 2.2474188804626465, 0.07067764550447464, 2.7316184043884277, .. 486902 skipped .., 1.834144949913025, 1.140721082687378, 1.3816357851028442, 1.8345913887023926, 1.1410837173461914]}
Iteration 42
	total loss= 0.002672
Current scene parameters:
 	{'mat-PlaneBsdf.brdf_0.reflectance.color0.value': [[0.4000000059604645, 0.4000000059604645, 0.4000000059604645]], 'mat-PlaneBsdf.brdf_0.reflectance.color1.value': [[0.20000000298023224, 0.20000000298023224, 0.20000000298023224]], 'mat-ObjectBsdf.eta': [1.5435724258422852], 'mat-ObjectBsdf.alpha.value': [0.011896917596459389], 'medium1.albedo.data': TensorXf(shape=(16, 16, 16, 3)), 'medium1.sigma_t.value.value': [0.3485976457595825], 'emitter-envmap.scale': [1.0], 'PLYMesh.vertex_positions': [-23.38309669494629, 0.0, 23.38309669494629, 23.38309669494629, 0.0, 23.38309669494629, 23.38309669494629, 0.0, -23.38309669494629, -23.38309669494629, 0.0, -23.38309669494629], 'PLYMesh_1.vertex_positions': [0.06771976500749588, 2.719545364379883, 2.2474188804626465, 0.07067764550447464, 2.7316184043884277, .. 486902 skipped .., 1.834144949913025, 1.140721082687378, 1.3816357851028442, 1.8345913887023926, 1.1410837173461914]}
Iteration 43
	total loss= 0.002579
Current scene parameters:
 	{'mat-PlaneBsdf.brdf_0.reflectance.color0.value': [[0.4000000059604645, 0.4000000059604645, 0.4000000059604645]], 'mat-PlaneBsdf.brdf_0.reflectance.color1.value': [[0.20000000298023224, 0.20000000298023224, 0.20000000298023224]], 'mat-ObjectBsdf.eta': [1.5435724258422852], 'mat-ObjectBsdf.alpha.value': [0.009557431563735008], 'medium1.albedo.data': TensorXf(shape=(16, 16, 16, 3)), 'medium1.sigma_t.value.value': [0.3494510054588318], 'emitter-envmap.scale': [1.0], 'PLYMesh.vertex_positions': [-23.38309669494629, 0.0, 23.38309669494629, 23.38309669494629, 0.0, 23.38309669494629, 23.38309669494629, 0.0, -23.38309669494629, -23.38309669494629, 0.0, -23.38309669494629], 'PLYMesh_1.vertex_positions': [0.06771976500749588, 2.719545364379883, 2.2474188804626465, 0.07067764550447464, 2.7316184043884277, .. 486902 skipped .., 1.834144949913025, 1.140721082687378, 1.3816357851028442, 1.8345913887023926, 1.1410837173461914]}
Iteration 44
	total loss= 0.002921
Current scene parameters:
 	{'mat-PlaneBsdf.brdf_0.reflectance.color0.value': [[0.4000000059604645, 0.4000000059604645, 0.4000000059604645]], 'mat-PlaneBsdf.brdf_0.reflectance.color1.value': [[0.20000000298023224, 0.20000000298023224, 0.20000000298023224]], 'mat-ObjectBsdf.eta': [1.5435724258422852], 'mat-ObjectBsdf.alpha.value': [0.007266836706548929], 'medium1.albedo.data': TensorXf(shape=(16, 16, 16, 3)), 'medium1.sigma_t.value.value': [0.3521594703197479], 'emitter-envmap.scale': [1.0], 'PLYMesh.vertex_positions': [-23.38309669494629, 0.0, 23.38309669494629, 23.38309669494629, 0.0, 23.38309669494629, 23.38309669494629, 0.0, -23.38309669494629, -23.38309669494629, 0.0, -23.38309669494629], 'PLYMesh_1.vertex_positions': [0.06771976500749588, 2.719545364379883, 2.2474188804626465, 0.07067764550447464, 2.7316184043884277, .. 486902 skipped .., 1.834144949913025, 1.140721082687378, 1.3816357851028442, 1.8345913887023926, 1.1410837173461914]}
Iteration 45
	total loss= 0.004221
Current scene parameters:
 	{'mat-PlaneBsdf.brdf_0.reflectance.color0.value': [[0.4000000059604645, 0.4000000059604645, 0.4000000059604645]], 'mat-PlaneBsdf.brdf_0.reflectance.color1.value': [[0.20000000298023224, 0.20000000298023224, 0.20000000298023224]], 'mat-ObjectBsdf.eta': [1.5435724258422852], 'mat-ObjectBsdf.alpha.value': [0.022870969027280807], 'medium1.albedo.data': TensorXf(shape=(16, 16, 16, 3)), 'medium1.sigma_t.value.value': [0.34727948904037476], 'emitter-envmap.scale': [1.0], 'PLYMesh.vertex_positions': [-23.38309669494629, 0.0, 23.38309669494629, 23.38309669494629, 0.0, 23.38309669494629, 23.38309669494629, 0.0, -23.38309669494629, -23.38309669494629, 0.0, -23.38309669494629], 'PLYMesh_1.vertex_positions': [0.06771976500749588, 2.719545364379883, 2.2474188804626465, 0.07067764550447464, 2.7316184043884277, .. 486902 skipped .., 1.834144949913025, 1.140721082687378, 1.3816357851028442, 1.8345913887023926, 1.1410837173461914]}
Iteration 46
	total loss= 0.010368
Current scene parameters:
 	{'mat-PlaneBsdf.brdf_0.reflectance.color0.value': [[0.4000000059604645, 0.4000000059604645, 0.4000000059604645]], 'mat-PlaneBsdf.brdf_0.reflectance.color1.value': [[0.20000000298023224, 0.20000000298023224, 0.20000000298023224]], 'mat-ObjectBsdf.eta': [1.5435724258422852], 'mat-ObjectBsdf.alpha.value': [0.03973832726478577], 'medium1.albedo.data': TensorXf(shape=(16, 16, 16, 3)), 'medium1.sigma_t.value.value': [0.3532554507255554], 'emitter-envmap.scale': [1.0], 'PLYMesh.vertex_positions': [-23.38309669494629, 0.0, 23.38309669494629, 23.38309669494629, 0.0, 23.38309669494629, 23.38309669494629, 0.0, -23.38309669494629, -23.38309669494629, 0.0, -23.38309669494629], 'PLYMesh_1.vertex_positions': [0.06771976500749588, 2.719545364379883, 2.2474188804626465, 0.07067764550447464, 2.7316184043884277, .. 486902 skipped .., 1.834144949913025, 1.140721082687378, 1.3816357851028442, 1.8345913887023926, 1.1410837173461914]}
Iteration 47
	total loss= 0.011557
Current scene parameters:
 	{'mat-PlaneBsdf.brdf_0.reflectance.color0.value': [[0.4000000059604645, 0.4000000059604645, 0.4000000059604645]], 'mat-PlaneBsdf.brdf_0.reflectance.color1.value': [[0.20000000298023224, 0.20000000298023224, 0.20000000298023224]], 'mat-ObjectBsdf.eta': [1.5435724258422852], 'mat-ObjectBsdf.alpha.value': [0.027757864445447922], 'medium1.albedo.data': TensorXf(shape=(16, 16, 16, 3)), 'medium1.sigma_t.value.value': [0.3685666024684906], 'emitter-envmap.scale': [1.0], 'PLYMesh.vertex_positions': [-23.38309669494629, 0.0, 23.38309669494629, 23.38309669494629, 0.0, 23.38309669494629, 23.38309669494629, 0.0, -23.38309669494629, -23.38309669494629, 0.0, -23.38309669494629], 'PLYMesh_1.vertex_positions': [0.06771976500749588, 2.719545364379883, 2.2474188804626465, 0.07067764550447464, 2.7316184043884277, .. 486902 skipped .., 1.834144949913025, 1.140721082687378, 1.3816357851028442, 1.8345913887023926, 1.1410837173461914]}
Iteration 48
	total loss= 0.003755
Current scene parameters:
 	{'mat-PlaneBsdf.brdf_0.reflectance.color0.value': [[0.4000000059604645, 0.4000000059604645, 0.4000000059604645]], 'mat-PlaneBsdf.brdf_0.reflectance.color1.value': [[0.20000000298023224, 0.20000000298023224, 0.20000000298023224]], 'mat-ObjectBsdf.eta': [1.5435724258422852], 'mat-ObjectBsdf.alpha.value': [0.0022023203782737255], 'medium1.albedo.data': TensorXf(shape=(16, 16, 16, 3)), 'medium1.sigma_t.value.value': [0.3790282607078552], 'emitter-envmap.scale': [1.0], 'PLYMesh.vertex_positions': [-23.38309669494629, 0.0, 23.38309669494629, 23.38309669494629, 0.0, 23.38309669494629, 23.38309669494629, 0.0, -23.38309669494629, -23.38309669494629, 0.0, -23.38309669494629], 'PLYMesh_1.vertex_positions': [0.06771976500749588, 2.719545364379883, 2.2474188804626465, 0.07067764550447464, 2.7316184043884277, .. 486902 skipped .., 1.834144949913025, 1.140721082687378, 1.3816357851028442, 1.8345913887023926, 1.1410837173461914]}
Iteration 49
	total loss= 0.004799
Current scene parameters:
 	{'mat-PlaneBsdf.brdf_0.reflectance.color0.value': [[0.4000000059604645, 0.4000000059604645, 0.4000000059604645]], 'mat-PlaneBsdf.brdf_0.reflectance.color1.value': [[0.20000000298023224, 0.20000000298023224, 0.20000000298023224]], 'mat-ObjectBsdf.eta': [1.5435724258422852], 'mat-ObjectBsdf.alpha.value': [0.0010000000474974513], 'medium1.albedo.data': TensorXf(shape=(16, 16, 16, 3)), 'medium1.sigma_t.value.value': [0.37569141387939453], 'emitter-envmap.scale': [1.0], 'PLYMesh.vertex_positions': [-23.38309669494629, 0.0, 23.38309669494629, 23.38309669494629, 0.0, 23.38309669494629, 23.38309669494629, 0.0, -23.38309669494629, -23.38309669494629, 0.0, -23.38309669494629], 'PLYMesh_1.vertex_positions': [0.06771976500749588, 2.719545364379883, 2.2474188804626465, 0.07067764550447464, 2.7316184043884277, .. 486902 skipped .., 1.834144949913025, 1.140721082687378, 1.3816357851028442, 1.8345913887023926, 1.1410837173461914]}
Optimization loop end. Elapsed time: 114.462s
Initial scene parameters:
 {'mat-PlaneBsdf.brdf_0.reflectance.color0.value': [[0.4000000059604645, 0.4000000059604645, 0.4000000059604645]], 'mat-PlaneBsdf.brdf_0.reflectance.color1.value': [[0.20000000298023224, 0.20000000298023224, 0.20000000298023224]], 'mat-ObjectBsdf.eta': [1.5435724258422852], 'mat-ObjectBsdf.alpha.value': [0.6060305237770081], 'medium1.albedo.data': TensorXf(shape=(16, 16, 16, 3)), 'medium1.sigma_t.value.value': [0.8833175897598267], 'emitter-envmap.scale': [1.0], 'PLYMesh.vertex_positions': [-23.38309669494629, 0.0, 23.38309669494629, 23.38309669494629, 0.0, 23.38309669494629, 23.38309669494629, 0.0, -23.38309669494629, -23.38309669494629, 0.0, -23.38309669494629], 'PLYMesh_1.vertex_positions': [0.06771976500749588, 2.719545364379883, 2.2474188804626465, 0.07067764550447464, 2.7316184043884277, .. 486902 skipped .., 1.834144949913025, 1.140721082687378, 1.3816357851028442, 1.8345913887023926, 1.1410837173461914]}
End scene parameters:
 {'mat-PlaneBsdf.brdf_0.reflectance.color0.value': [[0.4000000059604645, 0.4000000059604645, 0.4000000059604645]], 'mat-PlaneBsdf.brdf_0.reflectance.color1.value': [[0.20000000298023224, 0.20000000298023224, 0.20000000298023224]], 'mat-ObjectBsdf.eta': [1.5435724258422852], 'mat-ObjectBsdf.alpha.value': [0.0010000000474974513], 'medium1.albedo.data': TensorXf(shape=(16, 16, 16, 3)), 'medium1.sigma_t.value.value': [0.37569141387939453], 'emitter-envmap.scale': [1.0], 'PLYMesh.vertex_positions': [-23.38309669494629, 0.0, 23.38309669494629, 23.38309669494629, 0.0, 23.38309669494629, 23.38309669494629, 0.0, -23.38309669494629, -23.38309669494629, 0.0, -23.38309669494629], 'PLYMesh_1.vertex_positions': [0.06771976500749588, 2.719545364379883, 2.2474188804626465, 0.07067764550447464, 2.7316184043884277, .. 486902 skipped .., 1.834144949913025, 1.140721082687378, 1.3816357851028442, 1.8345913887023926, 1.1410837173461914]}
Mitsuba version:
 3.2.1
Hyperparameters:
	minimum error:0.001,
	spp:4,
	optimization func.:Deng et al. Dual Buffer Method,
	iteraration count:50
Optimization parameters:
 	{'mat-PlaneBsdf.brdf_0.reflectance.color0.value': {'Learning Rate': 0.03, 'Min. Clamp Value': 0.001, 'Max. Clamp Value': 0.999, 'Optimize': False}, 'mat-PlaneBsdf.brdf_0.reflectance.color1.value': {'Learning Rate': 0.03, 'Min. Clamp Value': 0.001, 'Max. Clamp Value': 0.999, 'Optimize': False}, 'mat-ObjectBsdf.eta': {'Learning Rate': 0.03, 'Min. Clamp Value': 0.001, 'Max. Clamp Value': 4.1, 'Optimize': False}, 'mat-ObjectBsdf.alpha.value': {'Learning Rate': 0.03, 'Min. Clamp Value': 0.001, 'Max. Clamp Value': 0.7, 'Optimize': True}, 'medium1.albedo.data': {'Learning Rate': 0.03, 'Min. Clamp Value': 0.001, 'Max. Clamp Value': 0.999, 'Optimize': True}, 'medium1.sigma_t.value.value': {'Learning Rate': 0.03, 'Min. Clamp Value': 0.001, 'Max. Clamp Value': 0.999, 'Optimize': True}, 'emitter-envmap.scale': {'Learning Rate': 0.03, 'Min. Clamp Value': 0.001, 'Max. Clamp Value': 100, 'Optimize': False}, 'PLYMesh.vertex_positions': {'Learning Rate': 0.03, 'Min. Clamp Value': [[-100.0, -100.0, -100.0]], 'Max. Clamp Value': [[100.0, 100.0, 100.0]], 'Optimize': False}, 'PLYMesh_1.vertex_positions': {'Learning Rate': 0.03, 'Min. Clamp Value': [[-100.0, -100.0, -100.0]], 'Max. Clamp Value': [[100.0, 100.0, 100.0]], 'Optimize': False}}