c:\userdata\z0047hfn\onedrive - siemens ag\documents\thesis\bachelorthesis\build\dependencies\glfw\src\glfw_objects.dir\release\osmesa_context.obj
c:\userdata\z0047hfn\onedrive - siemens ag\documents\thesis\bachelorthesis\build\dependencies\glfw\src\glfw_objects.dir\release\egl_context.obj
c:\userdata\z0047hfn\onedrive - siemens ag\documents\thesis\bachelorthesis\build\dependencies\glfw\src\glfw_objects.dir\release\wgl_context.obj
c:\userdata\z0047hfn\onedrive - siemens ag\documents\thesis\bachelorthesis\build\dependencies\glfw\src\glfw_objects.dir\release\win32_window.obj
c:\userdata\z0047hfn\onedrive - siemens ag\documents\thesis\bachelorthesis\build\dependencies\glfw\src\glfw_objects.dir\release\win32_thread.obj
c:\userdata\z0047hfn\onedrive - siemens ag\documents\thesis\bachelorthesis\build\dependencies\glfw\src\glfw_objects.dir\release\win32_time.obj
c:\userdata\z0047hfn\onedrive - siemens ag\documents\thesis\bachelorthesis\build\dependencies\glfw\src\glfw_objects.dir\release\win32_monitor.obj
c:\userdata\z0047hfn\onedrive - siemens ag\documents\thesis\bachelorthesis\build\dependencies\glfw\src\glfw_objects.dir\release\win32_joystick.obj
c:\userdata\z0047hfn\onedrive - siemens ag\documents\thesis\bachelorthesis\build\dependencies\glfw\src\glfw_objects.dir\release\win32_init.obj
c:\userdata\z0047hfn\onedrive - siemens ag\documents\thesis\bachelorthesis\build\dependencies\glfw\src\glfw_objects.dir\release\window.obj
c:\userdata\z0047hfn\onedrive - siemens ag\documents\thesis\bachelorthesis\build\dependencies\glfw\src\glfw_objects.dir\release\vulkan.obj
c:\userdata\z0047hfn\onedrive - siemens ag\documents\thesis\bachelorthesis\build\dependencies\glfw\src\glfw_objects.dir\release\monitor.obj
c:\userdata\z0047hfn\onedrive - siemens ag\documents\thesis\bachelorthesis\build\dependencies\glfw\src\glfw_objects.dir\release\input.obj
c:\userdata\z0047hfn\onedrive - siemens ag\documents\thesis\bachelorthesis\build\dependencies\glfw\src\glfw_objects.dir\release\init.obj
c:\userdata\z0047hfn\onedrive - siemens ag\documents\thesis\bachelorthesis\build\dependencies\glfw\src\glfw_objects.dir\release\context.obj
c:\userdata\z0047hfn\onedrive - siemens ag\documents\thesis\bachelorthesis\build\dependencies\glfw\src\cmakefiles\generate.stamp
c:\userdata\z0047hfn\onedrive - siemens ag\documents\thesis\bachelorthesis\build\dependencies\glfw\src\glfw_objects.dir\release\glfw_objects.lib
c:\userdata\z0047hfn\onedrive - siemens ag\documents\thesis\bachelorthesis\build\dependencies\glfw\src\glfw_objects.dir\release\glfw.res
c:\userdata\z0047hfn\onedrive - siemens ag\documents\thesis\bachelorthesis\build\dependencies\glfw\src\glfw_objects.dir\release\glfw_objects.tlog\cl.command.1.tlog
c:\userdata\z0047hfn\onedrive - siemens ag\documents\thesis\bachelorthesis\build\dependencies\glfw\src\glfw_objects.dir\release\glfw_objects.tlog\cl.read.1.tlog
c:\userdata\z0047hfn\onedrive - siemens ag\documents\thesis\bachelorthesis\build\dependencies\glfw\src\glfw_objects.dir\release\glfw_objects.tlog\cl.write.1.tlog
c:\userdata\z0047hfn\onedrive - siemens ag\documents\thesis\bachelorthesis\build\dependencies\glfw\src\glfw_objects.dir\release\glfw_objects.tlog\custombuild.command.1.tlog
c:\userdata\z0047hfn\onedrive - siemens ag\documents\thesis\bachelorthesis\build\dependencies\glfw\src\glfw_objects.dir\release\glfw_objects.tlog\custombuild.read.1.tlog
c:\userdata\z0047hfn\onedrive - siemens ag\documents\thesis\bachelorthesis\build\dependencies\glfw\src\glfw_objects.dir\release\glfw_objects.tlog\custombuild.write.1.tlog
c:\userdata\z0047hfn\onedrive - siemens ag\documents\thesis\bachelorthesis\build\dependencies\glfw\src\glfw_objects.dir\release\glfw_objects.tlog\lib-link-cvtres.read.1.tlog
c:\userdata\z0047hfn\onedrive - siemens ag\documents\thesis\bachelorthesis\build\dependencies\glfw\src\glfw_objects.dir\release\glfw_objects.tlog\lib-link-cvtres.write.1.tlog
c:\userdata\z0047hfn\onedrive - siemens ag\documents\thesis\bachelorthesis\build\dependencies\glfw\src\glfw_objects.dir\release\glfw_objects.tlog\lib.command.1.tlog
c:\userdata\z0047hfn\onedrive - siemens ag\documents\thesis\bachelorthesis\build\dependencies\glfw\src\glfw_objects.dir\release\glfw_objects.tlog\rc.command.1.tlog
c:\userdata\z0047hfn\onedrive - siemens ag\documents\thesis\bachelorthesis\build\dependencies\glfw\src\glfw_objects.dir\release\glfw_objects.tlog\rc.read.1.tlog
c:\userdata\z0047hfn\onedrive - siemens ag\documents\thesis\bachelorthesis\build\dependencies\glfw\src\glfw_objects.dir\release\glfw_objects.tlog\rc.write.1.tlog
